[2024-10-01T00:00:14.674+0000] {processor.py:161} INFO - Started process (PID=774) to work on /home/airflow/.local/lib/python3.8/site-packages/airflow/example_dags/example_branch_python_dop_operator_3.py
[2024-10-01T00:00:14.680+0000] {processor.py:830} INFO - Processing file /home/airflow/.local/lib/python3.8/site-packages/airflow/example_dags/example_branch_python_dop_operator_3.py for tasks to queue
[2024-10-01T00:00:14.695+0000] {logging_mixin.py:188} INFO - [2024-10-01T00:00:14.692+0000] {dagbag.py:538} INFO - Filling up the DagBag from /home/airflow/.local/lib/python3.8/site-packages/airflow/example_dags/example_branch_python_dop_operator_3.py
[2024-10-01T00:00:14.782+0000] {processor.py:840} INFO - DAG(s) 'example_branch_dop_operator_v3' retrieved from /home/airflow/.local/lib/python3.8/site-packages/airflow/example_dags/example_branch_python_dop_operator_3.py
[2024-10-01T00:00:14.928+0000] {logging_mixin.py:188} INFO - [2024-10-01T00:00:14.927+0000] {dag.py:3036} INFO - Sync 1 DAGs
[2024-10-01T00:00:15.127+0000] {logging_mixin.py:188} INFO - [2024-10-01T00:00:15.122+0000] {dag.py:3823} INFO - Setting next_dagrun for example_branch_dop_operator_v3 to 2024-09-30 23:59:00+00:00, run_after=2024-10-01 00:00:00+00:00
[2024-10-01T00:00:15.583+0000] {processor.py:183} INFO - Processing /home/airflow/.local/lib/python3.8/site-packages/airflow/example_dags/example_branch_python_dop_operator_3.py took 0.940 seconds
[2024-10-01T00:00:46.034+0000] {processor.py:161} INFO - Started process (PID=840) to work on /home/airflow/.local/lib/python3.8/site-packages/airflow/example_dags/example_branch_python_dop_operator_3.py
[2024-10-01T00:00:46.038+0000] {processor.py:830} INFO - Processing file /home/airflow/.local/lib/python3.8/site-packages/airflow/example_dags/example_branch_python_dop_operator_3.py for tasks to queue
[2024-10-01T00:00:46.045+0000] {logging_mixin.py:188} INFO - [2024-10-01T00:00:46.044+0000] {dagbag.py:538} INFO - Filling up the DagBag from /home/airflow/.local/lib/python3.8/site-packages/airflow/example_dags/example_branch_python_dop_operator_3.py
[2024-10-01T00:00:46.091+0000] {processor.py:840} INFO - DAG(s) 'example_branch_dop_operator_v3' retrieved from /home/airflow/.local/lib/python3.8/site-packages/airflow/example_dags/example_branch_python_dop_operator_3.py
[2024-10-01T00:00:46.185+0000] {logging_mixin.py:188} INFO - [2024-10-01T00:00:46.184+0000] {dag.py:3036} INFO - Sync 1 DAGs
[2024-10-01T00:00:46.405+0000] {logging_mixin.py:188} INFO - [2024-10-01T00:00:46.404+0000] {dag.py:3823} INFO - Setting next_dagrun for example_branch_dop_operator_v3 to 2024-09-30 23:59:00+00:00, run_after=2024-10-01 00:00:00+00:00
[2024-10-01T00:00:46.599+0000] {processor.py:183} INFO - Processing /home/airflow/.local/lib/python3.8/site-packages/airflow/example_dags/example_branch_python_dop_operator_3.py took 0.581 seconds
[2024-10-01T00:01:16.863+0000] {processor.py:161} INFO - Started process (PID=906) to work on /home/airflow/.local/lib/python3.8/site-packages/airflow/example_dags/example_branch_python_dop_operator_3.py
[2024-10-01T00:01:16.871+0000] {processor.py:830} INFO - Processing file /home/airflow/.local/lib/python3.8/site-packages/airflow/example_dags/example_branch_python_dop_operator_3.py for tasks to queue
[2024-10-01T00:01:16.881+0000] {logging_mixin.py:188} INFO - [2024-10-01T00:01:16.879+0000] {dagbag.py:538} INFO - Filling up the DagBag from /home/airflow/.local/lib/python3.8/site-packages/airflow/example_dags/example_branch_python_dop_operator_3.py
[2024-10-01T00:01:16.938+0000] {processor.py:840} INFO - DAG(s) 'example_branch_dop_operator_v3' retrieved from /home/airflow/.local/lib/python3.8/site-packages/airflow/example_dags/example_branch_python_dop_operator_3.py
[2024-10-01T00:01:17.063+0000] {logging_mixin.py:188} INFO - [2024-10-01T00:01:17.062+0000] {dag.py:3036} INFO - Sync 1 DAGs
[2024-10-01T00:01:17.331+0000] {logging_mixin.py:188} INFO - [2024-10-01T00:01:17.329+0000] {dag.py:3823} INFO - Setting next_dagrun for example_branch_dop_operator_v3 to 2024-10-01 00:00:00+00:00, run_after=2024-10-01 00:01:00+00:00
[2024-10-01T00:01:17.518+0000] {processor.py:183} INFO - Processing /home/airflow/.local/lib/python3.8/site-packages/airflow/example_dags/example_branch_python_dop_operator_3.py took 0.678 seconds
[2024-10-01T00:01:47.918+0000] {processor.py:161} INFO - Started process (PID=964) to work on /home/airflow/.local/lib/python3.8/site-packages/airflow/example_dags/example_branch_python_dop_operator_3.py
[2024-10-01T00:01:47.931+0000] {processor.py:830} INFO - Processing file /home/airflow/.local/lib/python3.8/site-packages/airflow/example_dags/example_branch_python_dop_operator_3.py for tasks to queue
[2024-10-01T00:01:47.934+0000] {logging_mixin.py:188} INFO - [2024-10-01T00:01:47.933+0000] {dagbag.py:538} INFO - Filling up the DagBag from /home/airflow/.local/lib/python3.8/site-packages/airflow/example_dags/example_branch_python_dop_operator_3.py
[2024-10-01T00:01:47.947+0000] {processor.py:840} INFO - DAG(s) 'example_branch_dop_operator_v3' retrieved from /home/airflow/.local/lib/python3.8/site-packages/airflow/example_dags/example_branch_python_dop_operator_3.py
[2024-10-01T00:01:47.981+0000] {logging_mixin.py:188} INFO - [2024-10-01T00:01:47.980+0000] {dag.py:3036} INFO - Sync 1 DAGs
[2024-10-01T00:01:48.025+0000] {logging_mixin.py:188} INFO - [2024-10-01T00:01:48.024+0000] {dag.py:3823} INFO - Setting next_dagrun for example_branch_dop_operator_v3 to 2024-10-01 00:00:00+00:00, run_after=2024-10-01 00:01:00+00:00
[2024-10-01T00:01:48.055+0000] {processor.py:183} INFO - Processing /home/airflow/.local/lib/python3.8/site-packages/airflow/example_dags/example_branch_python_dop_operator_3.py took 0.142 seconds
[2024-10-01T00:02:18.757+0000] {processor.py:161} INFO - Started process (PID=1030) to work on /home/airflow/.local/lib/python3.8/site-packages/airflow/example_dags/example_branch_python_dop_operator_3.py
[2024-10-01T00:02:18.760+0000] {processor.py:830} INFO - Processing file /home/airflow/.local/lib/python3.8/site-packages/airflow/example_dags/example_branch_python_dop_operator_3.py for tasks to queue
[2024-10-01T00:02:18.762+0000] {logging_mixin.py:188} INFO - [2024-10-01T00:02:18.762+0000] {dagbag.py:538} INFO - Filling up the DagBag from /home/airflow/.local/lib/python3.8/site-packages/airflow/example_dags/example_branch_python_dop_operator_3.py
[2024-10-01T00:02:18.780+0000] {processor.py:840} INFO - DAG(s) 'example_branch_dop_operator_v3' retrieved from /home/airflow/.local/lib/python3.8/site-packages/airflow/example_dags/example_branch_python_dop_operator_3.py
[2024-10-01T00:02:18.813+0000] {logging_mixin.py:188} INFO - [2024-10-01T00:02:18.813+0000] {dag.py:3036} INFO - Sync 1 DAGs
[2024-10-01T00:02:18.854+0000] {logging_mixin.py:188} INFO - [2024-10-01T00:02:18.854+0000] {dag.py:3823} INFO - Setting next_dagrun for example_branch_dop_operator_v3 to 2024-10-01 00:01:00+00:00, run_after=2024-10-01 00:02:00+00:00
[2024-10-01T00:02:18.885+0000] {processor.py:183} INFO - Processing /home/airflow/.local/lib/python3.8/site-packages/airflow/example_dags/example_branch_python_dop_operator_3.py took 0.134 seconds
[2024-10-01T00:02:49.146+0000] {processor.py:161} INFO - Started process (PID=1096) to work on /home/airflow/.local/lib/python3.8/site-packages/airflow/example_dags/example_branch_python_dop_operator_3.py
[2024-10-01T00:02:49.148+0000] {processor.py:830} INFO - Processing file /home/airflow/.local/lib/python3.8/site-packages/airflow/example_dags/example_branch_python_dop_operator_3.py for tasks to queue
[2024-10-01T00:02:49.150+0000] {logging_mixin.py:188} INFO - [2024-10-01T00:02:49.150+0000] {dagbag.py:538} INFO - Filling up the DagBag from /home/airflow/.local/lib/python3.8/site-packages/airflow/example_dags/example_branch_python_dop_operator_3.py
[2024-10-01T00:02:49.163+0000] {processor.py:840} INFO - DAG(s) 'example_branch_dop_operator_v3' retrieved from /home/airflow/.local/lib/python3.8/site-packages/airflow/example_dags/example_branch_python_dop_operator_3.py
[2024-10-01T00:02:49.208+0000] {logging_mixin.py:188} INFO - [2024-10-01T00:02:49.208+0000] {dag.py:3036} INFO - Sync 1 DAGs
[2024-10-01T00:02:49.263+0000] {logging_mixin.py:188} INFO - [2024-10-01T00:02:49.263+0000] {dag.py:3823} INFO - Setting next_dagrun for example_branch_dop_operator_v3 to 2024-10-01 00:01:00+00:00, run_after=2024-10-01 00:02:00+00:00
[2024-10-01T00:02:49.299+0000] {processor.py:183} INFO - Processing /home/airflow/.local/lib/python3.8/site-packages/airflow/example_dags/example_branch_python_dop_operator_3.py took 0.158 seconds
[2024-10-01T00:03:19.552+0000] {processor.py:161} INFO - Started process (PID=1162) to work on /home/airflow/.local/lib/python3.8/site-packages/airflow/example_dags/example_branch_python_dop_operator_3.py
[2024-10-01T00:03:19.556+0000] {processor.py:830} INFO - Processing file /home/airflow/.local/lib/python3.8/site-packages/airflow/example_dags/example_branch_python_dop_operator_3.py for tasks to queue
[2024-10-01T00:03:19.559+0000] {logging_mixin.py:188} INFO - [2024-10-01T00:03:19.558+0000] {dagbag.py:538} INFO - Filling up the DagBag from /home/airflow/.local/lib/python3.8/site-packages/airflow/example_dags/example_branch_python_dop_operator_3.py
[2024-10-01T00:03:19.572+0000] {processor.py:840} INFO - DAG(s) 'example_branch_dop_operator_v3' retrieved from /home/airflow/.local/lib/python3.8/site-packages/airflow/example_dags/example_branch_python_dop_operator_3.py
[2024-10-01T00:03:19.606+0000] {logging_mixin.py:188} INFO - [2024-10-01T00:03:19.605+0000] {dag.py:3036} INFO - Sync 1 DAGs
[2024-10-01T00:03:19.649+0000] {logging_mixin.py:188} INFO - [2024-10-01T00:03:19.649+0000] {dag.py:3823} INFO - Setting next_dagrun for example_branch_dop_operator_v3 to 2024-10-01 00:02:00+00:00, run_after=2024-10-01 00:03:00+00:00
[2024-10-01T00:03:19.678+0000] {processor.py:183} INFO - Processing /home/airflow/.local/lib/python3.8/site-packages/airflow/example_dags/example_branch_python_dop_operator_3.py took 0.131 seconds
[2024-10-01T00:03:50.215+0000] {processor.py:161} INFO - Started process (PID=1228) to work on /home/airflow/.local/lib/python3.8/site-packages/airflow/example_dags/example_branch_python_dop_operator_3.py
[2024-10-01T00:03:50.220+0000] {processor.py:830} INFO - Processing file /home/airflow/.local/lib/python3.8/site-packages/airflow/example_dags/example_branch_python_dop_operator_3.py for tasks to queue
[2024-10-01T00:03:50.223+0000] {logging_mixin.py:188} INFO - [2024-10-01T00:03:50.222+0000] {dagbag.py:538} INFO - Filling up the DagBag from /home/airflow/.local/lib/python3.8/site-packages/airflow/example_dags/example_branch_python_dop_operator_3.py
[2024-10-01T00:03:50.240+0000] {processor.py:840} INFO - DAG(s) 'example_branch_dop_operator_v3' retrieved from /home/airflow/.local/lib/python3.8/site-packages/airflow/example_dags/example_branch_python_dop_operator_3.py
[2024-10-01T00:03:50.285+0000] {logging_mixin.py:188} INFO - [2024-10-01T00:03:50.284+0000] {dag.py:3036} INFO - Sync 1 DAGs
[2024-10-01T00:03:50.339+0000] {logging_mixin.py:188} INFO - [2024-10-01T00:03:50.338+0000] {dag.py:3823} INFO - Setting next_dagrun for example_branch_dop_operator_v3 to 2024-10-01 00:02:00+00:00, run_after=2024-10-01 00:03:00+00:00
[2024-10-01T00:03:50.371+0000] {processor.py:183} INFO - Processing /home/airflow/.local/lib/python3.8/site-packages/airflow/example_dags/example_branch_python_dop_operator_3.py took 0.162 seconds
[2024-10-01T00:04:20.834+0000] {processor.py:161} INFO - Started process (PID=1294) to work on /home/airflow/.local/lib/python3.8/site-packages/airflow/example_dags/example_branch_python_dop_operator_3.py
[2024-10-01T00:04:20.836+0000] {processor.py:830} INFO - Processing file /home/airflow/.local/lib/python3.8/site-packages/airflow/example_dags/example_branch_python_dop_operator_3.py for tasks to queue
[2024-10-01T00:04:20.841+0000] {logging_mixin.py:188} INFO - [2024-10-01T00:04:20.840+0000] {dagbag.py:538} INFO - Filling up the DagBag from /home/airflow/.local/lib/python3.8/site-packages/airflow/example_dags/example_branch_python_dop_operator_3.py
[2024-10-01T00:04:20.862+0000] {processor.py:840} INFO - DAG(s) 'example_branch_dop_operator_v3' retrieved from /home/airflow/.local/lib/python3.8/site-packages/airflow/example_dags/example_branch_python_dop_operator_3.py
[2024-10-01T00:04:20.907+0000] {logging_mixin.py:188} INFO - [2024-10-01T00:04:20.907+0000] {dag.py:3036} INFO - Sync 1 DAGs
[2024-10-01T00:04:20.958+0000] {logging_mixin.py:188} INFO - [2024-10-01T00:04:20.958+0000] {dag.py:3823} INFO - Setting next_dagrun for example_branch_dop_operator_v3 to 2024-10-01 00:03:00+00:00, run_after=2024-10-01 00:04:00+00:00
[2024-10-01T00:04:20.990+0000] {processor.py:183} INFO - Processing /home/airflow/.local/lib/python3.8/site-packages/airflow/example_dags/example_branch_python_dop_operator_3.py took 0.163 seconds
[2024-10-01T00:04:52.903+0000] {processor.py:161} INFO - Started process (PID=1360) to work on /home/airflow/.local/lib/python3.8/site-packages/airflow/example_dags/example_branch_python_dop_operator_3.py
[2024-10-01T00:04:52.918+0000] {processor.py:830} INFO - Processing file /home/airflow/.local/lib/python3.8/site-packages/airflow/example_dags/example_branch_python_dop_operator_3.py for tasks to queue
[2024-10-01T00:04:52.947+0000] {logging_mixin.py:188} INFO - [2024-10-01T00:04:52.938+0000] {dagbag.py:538} INFO - Filling up the DagBag from /home/airflow/.local/lib/python3.8/site-packages/airflow/example_dags/example_branch_python_dop_operator_3.py
[2024-10-01T00:04:53.128+0000] {processor.py:840} INFO - DAG(s) 'example_branch_dop_operator_v3' retrieved from /home/airflow/.local/lib/python3.8/site-packages/airflow/example_dags/example_branch_python_dop_operator_3.py
[2024-10-01T00:04:53.425+0000] {logging_mixin.py:188} INFO - [2024-10-01T00:04:53.422+0000] {dag.py:3036} INFO - Sync 1 DAGs
[2024-10-01T00:04:53.913+0000] {logging_mixin.py:188} INFO - [2024-10-01T00:04:53.911+0000] {dag.py:3823} INFO - Setting next_dagrun for example_branch_dop_operator_v3 to 2024-10-01 00:03:00+00:00, run_after=2024-10-01 00:04:00+00:00
[2024-10-01T00:04:54.092+0000] {processor.py:183} INFO - Processing /home/airflow/.local/lib/python3.8/site-packages/airflow/example_dags/example_branch_python_dop_operator_3.py took 1.248 seconds
[2024-10-01T00:05:24.241+0000] {processor.py:161} INFO - Started process (PID=1426) to work on /home/airflow/.local/lib/python3.8/site-packages/airflow/example_dags/example_branch_python_dop_operator_3.py
[2024-10-01T00:05:24.244+0000] {processor.py:830} INFO - Processing file /home/airflow/.local/lib/python3.8/site-packages/airflow/example_dags/example_branch_python_dop_operator_3.py for tasks to queue
[2024-10-01T00:05:24.247+0000] {logging_mixin.py:188} INFO - [2024-10-01T00:05:24.246+0000] {dagbag.py:538} INFO - Filling up the DagBag from /home/airflow/.local/lib/python3.8/site-packages/airflow/example_dags/example_branch_python_dop_operator_3.py
[2024-10-01T00:05:24.264+0000] {processor.py:840} INFO - DAG(s) 'example_branch_dop_operator_v3' retrieved from /home/airflow/.local/lib/python3.8/site-packages/airflow/example_dags/example_branch_python_dop_operator_3.py
[2024-10-01T00:05:24.306+0000] {logging_mixin.py:188} INFO - [2024-10-01T00:05:24.306+0000] {dag.py:3036} INFO - Sync 1 DAGs
[2024-10-01T00:05:24.366+0000] {logging_mixin.py:188} INFO - [2024-10-01T00:05:24.365+0000] {dag.py:3823} INFO - Setting next_dagrun for example_branch_dop_operator_v3 to 2024-10-01 00:04:00+00:00, run_after=2024-10-01 00:05:00+00:00
[2024-10-01T00:05:24.404+0000] {processor.py:183} INFO - Processing /home/airflow/.local/lib/python3.8/site-packages/airflow/example_dags/example_branch_python_dop_operator_3.py took 0.171 seconds
[2024-10-01T00:05:54.712+0000] {processor.py:161} INFO - Started process (PID=1492) to work on /home/airflow/.local/lib/python3.8/site-packages/airflow/example_dags/example_branch_python_dop_operator_3.py
[2024-10-01T00:05:54.718+0000] {processor.py:830} INFO - Processing file /home/airflow/.local/lib/python3.8/site-packages/airflow/example_dags/example_branch_python_dop_operator_3.py for tasks to queue
[2024-10-01T00:05:54.721+0000] {logging_mixin.py:188} INFO - [2024-10-01T00:05:54.721+0000] {dagbag.py:538} INFO - Filling up the DagBag from /home/airflow/.local/lib/python3.8/site-packages/airflow/example_dags/example_branch_python_dop_operator_3.py
[2024-10-01T00:05:54.740+0000] {processor.py:840} INFO - DAG(s) 'example_branch_dop_operator_v3' retrieved from /home/airflow/.local/lib/python3.8/site-packages/airflow/example_dags/example_branch_python_dop_operator_3.py
[2024-10-01T00:05:54.784+0000] {logging_mixin.py:188} INFO - [2024-10-01T00:05:54.784+0000] {dag.py:3036} INFO - Sync 1 DAGs
[2024-10-01T00:05:54.843+0000] {logging_mixin.py:188} INFO - [2024-10-01T00:05:54.842+0000] {dag.py:3823} INFO - Setting next_dagrun for example_branch_dop_operator_v3 to 2024-10-01 00:04:00+00:00, run_after=2024-10-01 00:05:00+00:00
[2024-10-01T00:05:54.881+0000] {processor.py:183} INFO - Processing /home/airflow/.local/lib/python3.8/site-packages/airflow/example_dags/example_branch_python_dop_operator_3.py took 0.177 seconds
[2024-10-01T00:06:25.534+0000] {processor.py:161} INFO - Started process (PID=1558) to work on /home/airflow/.local/lib/python3.8/site-packages/airflow/example_dags/example_branch_python_dop_operator_3.py
[2024-10-01T00:06:25.538+0000] {processor.py:830} INFO - Processing file /home/airflow/.local/lib/python3.8/site-packages/airflow/example_dags/example_branch_python_dop_operator_3.py for tasks to queue
[2024-10-01T00:06:25.545+0000] {logging_mixin.py:188} INFO - [2024-10-01T00:06:25.544+0000] {dagbag.py:538} INFO - Filling up the DagBag from /home/airflow/.local/lib/python3.8/site-packages/airflow/example_dags/example_branch_python_dop_operator_3.py
[2024-10-01T00:06:25.582+0000] {processor.py:840} INFO - DAG(s) 'example_branch_dop_operator_v3' retrieved from /home/airflow/.local/lib/python3.8/site-packages/airflow/example_dags/example_branch_python_dop_operator_3.py
[2024-10-01T00:06:25.675+0000] {logging_mixin.py:188} INFO - [2024-10-01T00:06:25.674+0000] {dag.py:3036} INFO - Sync 1 DAGs
[2024-10-01T00:06:25.829+0000] {logging_mixin.py:188} INFO - [2024-10-01T00:06:25.828+0000] {dag.py:3823} INFO - Setting next_dagrun for example_branch_dop_operator_v3 to 2024-10-01 00:05:00+00:00, run_after=2024-10-01 00:06:00+00:00
[2024-10-01T00:06:25.921+0000] {processor.py:183} INFO - Processing /home/airflow/.local/lib/python3.8/site-packages/airflow/example_dags/example_branch_python_dop_operator_3.py took 0.400 seconds
[2024-10-01T00:06:56.081+0000] {processor.py:161} INFO - Started process (PID=1625) to work on /home/airflow/.local/lib/python3.8/site-packages/airflow/example_dags/example_branch_python_dop_operator_3.py
[2024-10-01T00:06:56.083+0000] {processor.py:830} INFO - Processing file /home/airflow/.local/lib/python3.8/site-packages/airflow/example_dags/example_branch_python_dop_operator_3.py for tasks to queue
[2024-10-01T00:06:56.086+0000] {logging_mixin.py:188} INFO - [2024-10-01T00:06:56.086+0000] {dagbag.py:538} INFO - Filling up the DagBag from /home/airflow/.local/lib/python3.8/site-packages/airflow/example_dags/example_branch_python_dop_operator_3.py
[2024-10-01T00:06:56.104+0000] {processor.py:840} INFO - DAG(s) 'example_branch_dop_operator_v3' retrieved from /home/airflow/.local/lib/python3.8/site-packages/airflow/example_dags/example_branch_python_dop_operator_3.py
[2024-10-01T00:06:56.144+0000] {logging_mixin.py:188} INFO - [2024-10-01T00:06:56.144+0000] {dag.py:3036} INFO - Sync 1 DAGs
[2024-10-01T00:06:56.201+0000] {logging_mixin.py:188} INFO - [2024-10-01T00:06:56.200+0000] {dag.py:3823} INFO - Setting next_dagrun for example_branch_dop_operator_v3 to 2024-10-01 00:05:00+00:00, run_after=2024-10-01 00:06:00+00:00
[2024-10-01T00:06:56.239+0000] {processor.py:183} INFO - Processing /home/airflow/.local/lib/python3.8/site-packages/airflow/example_dags/example_branch_python_dop_operator_3.py took 0.165 seconds
[2024-10-01T00:07:26.375+0000] {processor.py:161} INFO - Started process (PID=1692) to work on /home/airflow/.local/lib/python3.8/site-packages/airflow/example_dags/example_branch_python_dop_operator_3.py
[2024-10-01T00:07:26.377+0000] {processor.py:830} INFO - Processing file /home/airflow/.local/lib/python3.8/site-packages/airflow/example_dags/example_branch_python_dop_operator_3.py for tasks to queue
[2024-10-01T00:07:26.381+0000] {logging_mixin.py:188} INFO - [2024-10-01T00:07:26.380+0000] {dagbag.py:538} INFO - Filling up the DagBag from /home/airflow/.local/lib/python3.8/site-packages/airflow/example_dags/example_branch_python_dop_operator_3.py
[2024-10-01T00:07:26.398+0000] {processor.py:840} INFO - DAG(s) 'example_branch_dop_operator_v3' retrieved from /home/airflow/.local/lib/python3.8/site-packages/airflow/example_dags/example_branch_python_dop_operator_3.py
[2024-10-01T00:07:26.443+0000] {logging_mixin.py:188} INFO - [2024-10-01T00:07:26.443+0000] {dag.py:3036} INFO - Sync 1 DAGs
[2024-10-01T00:07:26.502+0000] {logging_mixin.py:188} INFO - [2024-10-01T00:07:26.501+0000] {dag.py:3823} INFO - Setting next_dagrun for example_branch_dop_operator_v3 to 2024-10-01 00:06:00+00:00, run_after=2024-10-01 00:07:00+00:00
[2024-10-01T00:07:26.543+0000] {processor.py:183} INFO - Processing /home/airflow/.local/lib/python3.8/site-packages/airflow/example_dags/example_branch_python_dop_operator_3.py took 0.175 seconds
[2024-10-01T00:07:56.632+0000] {processor.py:161} INFO - Started process (PID=1750) to work on /home/airflow/.local/lib/python3.8/site-packages/airflow/example_dags/example_branch_python_dop_operator_3.py
[2024-10-01T00:07:56.634+0000] {processor.py:830} INFO - Processing file /home/airflow/.local/lib/python3.8/site-packages/airflow/example_dags/example_branch_python_dop_operator_3.py for tasks to queue
[2024-10-01T00:07:56.638+0000] {logging_mixin.py:188} INFO - [2024-10-01T00:07:56.637+0000] {dagbag.py:538} INFO - Filling up the DagBag from /home/airflow/.local/lib/python3.8/site-packages/airflow/example_dags/example_branch_python_dop_operator_3.py
[2024-10-01T00:07:56.660+0000] {processor.py:840} INFO - DAG(s) 'example_branch_dop_operator_v3' retrieved from /home/airflow/.local/lib/python3.8/site-packages/airflow/example_dags/example_branch_python_dop_operator_3.py
[2024-10-01T00:07:56.708+0000] {logging_mixin.py:188} INFO - [2024-10-01T00:07:56.707+0000] {dag.py:3036} INFO - Sync 1 DAGs
[2024-10-01T00:07:56.763+0000] {logging_mixin.py:188} INFO - [2024-10-01T00:07:56.763+0000] {dag.py:3823} INFO - Setting next_dagrun for example_branch_dop_operator_v3 to 2024-10-01 00:06:00+00:00, run_after=2024-10-01 00:07:00+00:00
[2024-10-01T00:07:56.803+0000] {processor.py:183} INFO - Processing /home/airflow/.local/lib/python3.8/site-packages/airflow/example_dags/example_branch_python_dop_operator_3.py took 0.179 seconds
[2024-10-01T00:08:27.148+0000] {processor.py:161} INFO - Started process (PID=1815) to work on /home/airflow/.local/lib/python3.8/site-packages/airflow/example_dags/example_branch_python_dop_operator_3.py
[2024-10-01T00:08:27.154+0000] {processor.py:830} INFO - Processing file /home/airflow/.local/lib/python3.8/site-packages/airflow/example_dags/example_branch_python_dop_operator_3.py for tasks to queue
[2024-10-01T00:08:27.157+0000] {logging_mixin.py:188} INFO - [2024-10-01T00:08:27.157+0000] {dagbag.py:538} INFO - Filling up the DagBag from /home/airflow/.local/lib/python3.8/site-packages/airflow/example_dags/example_branch_python_dop_operator_3.py
[2024-10-01T00:08:27.171+0000] {processor.py:840} INFO - DAG(s) 'example_branch_dop_operator_v3' retrieved from /home/airflow/.local/lib/python3.8/site-packages/airflow/example_dags/example_branch_python_dop_operator_3.py
[2024-10-01T00:08:27.202+0000] {logging_mixin.py:188} INFO - [2024-10-01T00:08:27.201+0000] {dag.py:3036} INFO - Sync 1 DAGs
[2024-10-01T00:08:27.245+0000] {logging_mixin.py:188} INFO - [2024-10-01T00:08:27.245+0000] {dag.py:3823} INFO - Setting next_dagrun for example_branch_dop_operator_v3 to 2024-10-01 00:07:00+00:00, run_after=2024-10-01 00:08:00+00:00
[2024-10-01T00:08:27.284+0000] {processor.py:183} INFO - Processing /home/airflow/.local/lib/python3.8/site-packages/airflow/example_dags/example_branch_python_dop_operator_3.py took 0.141 seconds
[2024-10-01T00:08:57.325+0000] {processor.py:161} INFO - Started process (PID=1887) to work on /home/airflow/.local/lib/python3.8/site-packages/airflow/example_dags/example_branch_python_dop_operator_3.py
[2024-10-01T00:08:57.332+0000] {processor.py:830} INFO - Processing file /home/airflow/.local/lib/python3.8/site-packages/airflow/example_dags/example_branch_python_dop_operator_3.py for tasks to queue
[2024-10-01T00:08:57.335+0000] {logging_mixin.py:188} INFO - [2024-10-01T00:08:57.334+0000] {dagbag.py:538} INFO - Filling up the DagBag from /home/airflow/.local/lib/python3.8/site-packages/airflow/example_dags/example_branch_python_dop_operator_3.py
[2024-10-01T00:08:57.352+0000] {processor.py:840} INFO - DAG(s) 'example_branch_dop_operator_v3' retrieved from /home/airflow/.local/lib/python3.8/site-packages/airflow/example_dags/example_branch_python_dop_operator_3.py
[2024-10-01T00:08:57.394+0000] {logging_mixin.py:188} INFO - [2024-10-01T00:08:57.393+0000] {dag.py:3036} INFO - Sync 1 DAGs
[2024-10-01T00:08:57.452+0000] {logging_mixin.py:188} INFO - [2024-10-01T00:08:57.452+0000] {dag.py:3823} INFO - Setting next_dagrun for example_branch_dop_operator_v3 to 2024-10-01 00:07:00+00:00, run_after=2024-10-01 00:08:00+00:00
[2024-10-01T00:08:57.509+0000] {processor.py:183} INFO - Processing /home/airflow/.local/lib/python3.8/site-packages/airflow/example_dags/example_branch_python_dop_operator_3.py took 0.189 seconds
[2024-10-01T00:09:28.029+0000] {processor.py:161} INFO - Started process (PID=1945) to work on /home/airflow/.local/lib/python3.8/site-packages/airflow/example_dags/example_branch_python_dop_operator_3.py
[2024-10-01T00:09:28.035+0000] {processor.py:830} INFO - Processing file /home/airflow/.local/lib/python3.8/site-packages/airflow/example_dags/example_branch_python_dop_operator_3.py for tasks to queue
[2024-10-01T00:09:28.045+0000] {logging_mixin.py:188} INFO - [2024-10-01T00:09:28.043+0000] {dagbag.py:538} INFO - Filling up the DagBag from /home/airflow/.local/lib/python3.8/site-packages/airflow/example_dags/example_branch_python_dop_operator_3.py
[2024-10-01T00:09:28.100+0000] {processor.py:840} INFO - DAG(s) 'example_branch_dop_operator_v3' retrieved from /home/airflow/.local/lib/python3.8/site-packages/airflow/example_dags/example_branch_python_dop_operator_3.py
[2024-10-01T00:09:28.209+0000] {logging_mixin.py:188} INFO - [2024-10-01T00:09:28.208+0000] {dag.py:3036} INFO - Sync 1 DAGs
[2024-10-01T00:09:28.358+0000] {logging_mixin.py:188} INFO - [2024-10-01T00:09:28.357+0000] {dag.py:3823} INFO - Setting next_dagrun for example_branch_dop_operator_v3 to 2024-10-01 00:08:00+00:00, run_after=2024-10-01 00:09:00+00:00
[2024-10-01T00:09:28.452+0000] {processor.py:183} INFO - Processing /home/airflow/.local/lib/python3.8/site-packages/airflow/example_dags/example_branch_python_dop_operator_3.py took 0.444 seconds
[2024-10-01T00:09:59.445+0000] {processor.py:161} INFO - Started process (PID=2009) to work on /home/airflow/.local/lib/python3.8/site-packages/airflow/example_dags/example_branch_python_dop_operator_3.py
[2024-10-01T00:09:59.456+0000] {processor.py:830} INFO - Processing file /home/airflow/.local/lib/python3.8/site-packages/airflow/example_dags/example_branch_python_dop_operator_3.py for tasks to queue
[2024-10-01T00:09:59.484+0000] {logging_mixin.py:188} INFO - [2024-10-01T00:09:59.471+0000] {dagbag.py:538} INFO - Filling up the DagBag from /home/airflow/.local/lib/python3.8/site-packages/airflow/example_dags/example_branch_python_dop_operator_3.py
[2024-10-01T00:09:59.699+0000] {processor.py:840} INFO - DAG(s) 'example_branch_dop_operator_v3' retrieved from /home/airflow/.local/lib/python3.8/site-packages/airflow/example_dags/example_branch_python_dop_operator_3.py
[2024-10-01T00:10:00.021+0000] {logging_mixin.py:188} INFO - [2024-10-01T00:10:00.009+0000] {dag.py:3036} INFO - Sync 1 DAGs
[2024-10-01T00:10:00.657+0000] {logging_mixin.py:188} INFO - [2024-10-01T00:10:00.655+0000] {dag.py:3823} INFO - Setting next_dagrun for example_branch_dop_operator_v3 to 2024-10-01 00:09:00+00:00, run_after=2024-10-01 00:10:00+00:00
[2024-10-01T00:10:00.897+0000] {processor.py:183} INFO - Processing /home/airflow/.local/lib/python3.8/site-packages/airflow/example_dags/example_branch_python_dop_operator_3.py took 1.504 seconds
[2024-10-01T00:10:43.559+0000] {processor.py:161} INFO - Started process (PID=2070) to work on /home/airflow/.local/lib/python3.8/site-packages/airflow/example_dags/example_branch_python_dop_operator_3.py
[2024-10-01T00:10:43.575+0000] {processor.py:830} INFO - Processing file /home/airflow/.local/lib/python3.8/site-packages/airflow/example_dags/example_branch_python_dop_operator_3.py for tasks to queue
[2024-10-01T00:10:43.605+0000] {logging_mixin.py:188} INFO - [2024-10-01T00:10:43.596+0000] {dagbag.py:538} INFO - Filling up the DagBag from /home/airflow/.local/lib/python3.8/site-packages/airflow/example_dags/example_branch_python_dop_operator_3.py
[2024-10-01T00:10:43.768+0000] {processor.py:840} INFO - DAG(s) 'example_branch_dop_operator_v3' retrieved from /home/airflow/.local/lib/python3.8/site-packages/airflow/example_dags/example_branch_python_dop_operator_3.py
[2024-10-01T00:10:44.109+0000] {logging_mixin.py:188} INFO - [2024-10-01T00:10:44.106+0000] {dag.py:3036} INFO - Sync 1 DAGs
[2024-10-01T00:10:44.538+0000] {logging_mixin.py:188} INFO - [2024-10-01T00:10:44.535+0000] {dag.py:3823} INFO - Setting next_dagrun for example_branch_dop_operator_v3 to 2024-10-01 00:09:00+00:00, run_after=2024-10-01 00:10:00+00:00
[2024-10-01T00:10:44.815+0000] {processor.py:183} INFO - Processing /home/airflow/.local/lib/python3.8/site-packages/airflow/example_dags/example_branch_python_dop_operator_3.py took 1.312 seconds
[2024-10-01T00:11:25.031+0000] {processor.py:161} INFO - Started process (PID=2132) to work on /home/airflow/.local/lib/python3.8/site-packages/airflow/example_dags/example_branch_python_dop_operator_3.py
[2024-10-01T00:11:25.044+0000] {processor.py:830} INFO - Processing file /home/airflow/.local/lib/python3.8/site-packages/airflow/example_dags/example_branch_python_dop_operator_3.py for tasks to queue
[2024-10-01T00:11:25.056+0000] {logging_mixin.py:188} INFO - [2024-10-01T00:11:25.053+0000] {dagbag.py:538} INFO - Filling up the DagBag from /home/airflow/.local/lib/python3.8/site-packages/airflow/example_dags/example_branch_python_dop_operator_3.py
[2024-10-01T00:11:25.134+0000] {processor.py:840} INFO - DAG(s) 'example_branch_dop_operator_v3' retrieved from /home/airflow/.local/lib/python3.8/site-packages/airflow/example_dags/example_branch_python_dop_operator_3.py
[2024-10-01T00:11:25.280+0000] {logging_mixin.py:188} INFO - [2024-10-01T00:11:25.278+0000] {dag.py:3036} INFO - Sync 1 DAGs
[2024-10-01T00:11:25.492+0000] {logging_mixin.py:188} INFO - [2024-10-01T00:11:25.490+0000] {dag.py:3823} INFO - Setting next_dagrun for example_branch_dop_operator_v3 to 2024-10-01 00:10:00+00:00, run_after=2024-10-01 00:11:00+00:00
[2024-10-01T00:11:25.630+0000] {processor.py:183} INFO - Processing /home/airflow/.local/lib/python3.8/site-packages/airflow/example_dags/example_branch_python_dop_operator_3.py took 0.629 seconds
[2024-10-01T00:11:57.466+0000] {processor.py:161} INFO - Started process (PID=2191) to work on /home/airflow/.local/lib/python3.8/site-packages/airflow/example_dags/example_branch_python_dop_operator_3.py
[2024-10-01T00:11:57.474+0000] {processor.py:830} INFO - Processing file /home/airflow/.local/lib/python3.8/site-packages/airflow/example_dags/example_branch_python_dop_operator_3.py for tasks to queue
[2024-10-01T00:11:57.490+0000] {logging_mixin.py:188} INFO - [2024-10-01T00:11:57.488+0000] {dagbag.py:538} INFO - Filling up the DagBag from /home/airflow/.local/lib/python3.8/site-packages/airflow/example_dags/example_branch_python_dop_operator_3.py
[2024-10-01T00:11:57.577+0000] {processor.py:840} INFO - DAG(s) 'example_branch_dop_operator_v3' retrieved from /home/airflow/.local/lib/python3.8/site-packages/airflow/example_dags/example_branch_python_dop_operator_3.py
[2024-10-01T00:11:57.746+0000] {logging_mixin.py:188} INFO - [2024-10-01T00:11:57.744+0000] {dag.py:3036} INFO - Sync 1 DAGs
[2024-10-01T00:11:57.998+0000] {logging_mixin.py:188} INFO - [2024-10-01T00:11:57.997+0000] {dag.py:3823} INFO - Setting next_dagrun for example_branch_dop_operator_v3 to 2024-10-01 00:10:00+00:00, run_after=2024-10-01 00:11:00+00:00
[2024-10-01T00:11:58.114+0000] {processor.py:183} INFO - Processing /home/airflow/.local/lib/python3.8/site-packages/airflow/example_dags/example_branch_python_dop_operator_3.py took 0.679 seconds
[2024-10-01T00:12:28.466+0000] {processor.py:161} INFO - Started process (PID=2257) to work on /home/airflow/.local/lib/python3.8/site-packages/airflow/example_dags/example_branch_python_dop_operator_3.py
[2024-10-01T00:12:28.469+0000] {processor.py:830} INFO - Processing file /home/airflow/.local/lib/python3.8/site-packages/airflow/example_dags/example_branch_python_dop_operator_3.py for tasks to queue
[2024-10-01T00:12:28.474+0000] {logging_mixin.py:188} INFO - [2024-10-01T00:12:28.473+0000] {dagbag.py:538} INFO - Filling up the DagBag from /home/airflow/.local/lib/python3.8/site-packages/airflow/example_dags/example_branch_python_dop_operator_3.py
[2024-10-01T00:12:28.501+0000] {processor.py:840} INFO - DAG(s) 'example_branch_dop_operator_v3' retrieved from /home/airflow/.local/lib/python3.8/site-packages/airflow/example_dags/example_branch_python_dop_operator_3.py
[2024-10-01T00:12:28.557+0000] {logging_mixin.py:188} INFO - [2024-10-01T00:12:28.556+0000] {dag.py:3036} INFO - Sync 1 DAGs
[2024-10-01T00:12:28.635+0000] {logging_mixin.py:188} INFO - [2024-10-01T00:12:28.634+0000] {dag.py:3823} INFO - Setting next_dagrun for example_branch_dop_operator_v3 to 2024-10-01 00:11:00+00:00, run_after=2024-10-01 00:12:00+00:00
[2024-10-01T00:12:28.983+0000] {processor.py:183} INFO - Processing /home/airflow/.local/lib/python3.8/site-packages/airflow/example_dags/example_branch_python_dop_operator_3.py took 0.528 seconds
[2024-10-01T00:12:59.432+0000] {processor.py:161} INFO - Started process (PID=2315) to work on /home/airflow/.local/lib/python3.8/site-packages/airflow/example_dags/example_branch_python_dop_operator_3.py
[2024-10-01T00:12:59.434+0000] {processor.py:830} INFO - Processing file /home/airflow/.local/lib/python3.8/site-packages/airflow/example_dags/example_branch_python_dop_operator_3.py for tasks to queue
[2024-10-01T00:12:59.436+0000] {logging_mixin.py:188} INFO - [2024-10-01T00:12:59.436+0000] {dagbag.py:538} INFO - Filling up the DagBag from /home/airflow/.local/lib/python3.8/site-packages/airflow/example_dags/example_branch_python_dop_operator_3.py
[2024-10-01T00:12:59.451+0000] {processor.py:840} INFO - DAG(s) 'example_branch_dop_operator_v3' retrieved from /home/airflow/.local/lib/python3.8/site-packages/airflow/example_dags/example_branch_python_dop_operator_3.py
[2024-10-01T00:12:59.483+0000] {logging_mixin.py:188} INFO - [2024-10-01T00:12:59.483+0000] {dag.py:3036} INFO - Sync 1 DAGs
[2024-10-01T00:12:59.558+0000] {logging_mixin.py:188} INFO - [2024-10-01T00:12:59.557+0000] {dag.py:3823} INFO - Setting next_dagrun for example_branch_dop_operator_v3 to 2024-10-01 00:11:00+00:00, run_after=2024-10-01 00:12:00+00:00
[2024-10-01T00:12:59.614+0000] {processor.py:183} INFO - Processing /home/airflow/.local/lib/python3.8/site-packages/airflow/example_dags/example_branch_python_dop_operator_3.py took 0.188 seconds
[2024-10-01T00:13:30.413+0000] {processor.py:161} INFO - Started process (PID=2381) to work on /home/airflow/.local/lib/python3.8/site-packages/airflow/example_dags/example_branch_python_dop_operator_3.py
[2024-10-01T00:13:30.419+0000] {processor.py:830} INFO - Processing file /home/airflow/.local/lib/python3.8/site-packages/airflow/example_dags/example_branch_python_dop_operator_3.py for tasks to queue
[2024-10-01T00:13:30.430+0000] {logging_mixin.py:188} INFO - [2024-10-01T00:13:30.428+0000] {dagbag.py:538} INFO - Filling up the DagBag from /home/airflow/.local/lib/python3.8/site-packages/airflow/example_dags/example_branch_python_dop_operator_3.py
[2024-10-01T00:13:30.486+0000] {processor.py:840} INFO - DAG(s) 'example_branch_dop_operator_v3' retrieved from /home/airflow/.local/lib/python3.8/site-packages/airflow/example_dags/example_branch_python_dop_operator_3.py
[2024-10-01T00:13:30.599+0000] {logging_mixin.py:188} INFO - [2024-10-01T00:13:30.597+0000] {dag.py:3036} INFO - Sync 1 DAGs
[2024-10-01T00:13:30.874+0000] {logging_mixin.py:188} INFO - [2024-10-01T00:13:30.872+0000] {dag.py:3823} INFO - Setting next_dagrun for example_branch_dop_operator_v3 to 2024-10-01 00:12:00+00:00, run_after=2024-10-01 00:13:00+00:00
[2024-10-01T00:13:31.009+0000] {processor.py:183} INFO - Processing /home/airflow/.local/lib/python3.8/site-packages/airflow/example_dags/example_branch_python_dop_operator_3.py took 0.621 seconds
[2024-10-01T00:14:01.792+0000] {processor.py:161} INFO - Started process (PID=2447) to work on /home/airflow/.local/lib/python3.8/site-packages/airflow/example_dags/example_branch_python_dop_operator_3.py
[2024-10-01T00:14:01.797+0000] {processor.py:830} INFO - Processing file /home/airflow/.local/lib/python3.8/site-packages/airflow/example_dags/example_branch_python_dop_operator_3.py for tasks to queue
[2024-10-01T00:14:01.800+0000] {logging_mixin.py:188} INFO - [2024-10-01T00:14:01.800+0000] {dagbag.py:538} INFO - Filling up the DagBag from /home/airflow/.local/lib/python3.8/site-packages/airflow/example_dags/example_branch_python_dop_operator_3.py
[2024-10-01T00:14:01.819+0000] {processor.py:840} INFO - DAG(s) 'example_branch_dop_operator_v3' retrieved from /home/airflow/.local/lib/python3.8/site-packages/airflow/example_dags/example_branch_python_dop_operator_3.py
[2024-10-01T00:14:01.863+0000] {logging_mixin.py:188} INFO - [2024-10-01T00:14:01.863+0000] {dag.py:3036} INFO - Sync 1 DAGs
[2024-10-01T00:14:01.923+0000] {logging_mixin.py:188} INFO - [2024-10-01T00:14:01.922+0000] {dag.py:3823} INFO - Setting next_dagrun for example_branch_dop_operator_v3 to 2024-10-01 00:13:00+00:00, run_after=2024-10-01 00:14:00+00:00
[2024-10-01T00:14:02.197+0000] {processor.py:183} INFO - Processing /home/airflow/.local/lib/python3.8/site-packages/airflow/example_dags/example_branch_python_dop_operator_3.py took 0.412 seconds
[2024-10-01T00:14:32.661+0000] {processor.py:161} INFO - Started process (PID=2513) to work on /home/airflow/.local/lib/python3.8/site-packages/airflow/example_dags/example_branch_python_dop_operator_3.py
[2024-10-01T00:14:32.663+0000] {processor.py:830} INFO - Processing file /home/airflow/.local/lib/python3.8/site-packages/airflow/example_dags/example_branch_python_dop_operator_3.py for tasks to queue
[2024-10-01T00:14:32.666+0000] {logging_mixin.py:188} INFO - [2024-10-01T00:14:32.665+0000] {dagbag.py:538} INFO - Filling up the DagBag from /home/airflow/.local/lib/python3.8/site-packages/airflow/example_dags/example_branch_python_dop_operator_3.py
[2024-10-01T00:14:32.680+0000] {processor.py:840} INFO - DAG(s) 'example_branch_dop_operator_v3' retrieved from /home/airflow/.local/lib/python3.8/site-packages/airflow/example_dags/example_branch_python_dop_operator_3.py
[2024-10-01T00:14:32.712+0000] {logging_mixin.py:188} INFO - [2024-10-01T00:14:32.711+0000] {dag.py:3036} INFO - Sync 1 DAGs
[2024-10-01T00:14:32.753+0000] {logging_mixin.py:188} INFO - [2024-10-01T00:14:32.752+0000] {dag.py:3823} INFO - Setting next_dagrun for example_branch_dop_operator_v3 to 2024-10-01 00:13:00+00:00, run_after=2024-10-01 00:14:00+00:00
[2024-10-01T00:14:32.781+0000] {processor.py:183} INFO - Processing /home/airflow/.local/lib/python3.8/site-packages/airflow/example_dags/example_branch_python_dop_operator_3.py took 0.125 seconds
[2024-10-01T00:15:03.423+0000] {processor.py:161} INFO - Started process (PID=2580) to work on /home/airflow/.local/lib/python3.8/site-packages/airflow/example_dags/example_branch_python_dop_operator_3.py
[2024-10-01T00:15:03.425+0000] {processor.py:830} INFO - Processing file /home/airflow/.local/lib/python3.8/site-packages/airflow/example_dags/example_branch_python_dop_operator_3.py for tasks to queue
[2024-10-01T00:15:03.428+0000] {logging_mixin.py:188} INFO - [2024-10-01T00:15:03.427+0000] {dagbag.py:538} INFO - Filling up the DagBag from /home/airflow/.local/lib/python3.8/site-packages/airflow/example_dags/example_branch_python_dop_operator_3.py
[2024-10-01T00:15:03.443+0000] {processor.py:840} INFO - DAG(s) 'example_branch_dop_operator_v3' retrieved from /home/airflow/.local/lib/python3.8/site-packages/airflow/example_dags/example_branch_python_dop_operator_3.py
[2024-10-01T00:15:03.483+0000] {logging_mixin.py:188} INFO - [2024-10-01T00:15:03.483+0000] {dag.py:3036} INFO - Sync 1 DAGs
[2024-10-01T00:15:03.527+0000] {logging_mixin.py:188} INFO - [2024-10-01T00:15:03.527+0000] {dag.py:3823} INFO - Setting next_dagrun for example_branch_dop_operator_v3 to 2024-10-01 00:14:00+00:00, run_after=2024-10-01 00:15:00+00:00
[2024-10-01T00:15:03.559+0000] {processor.py:183} INFO - Processing /home/airflow/.local/lib/python3.8/site-packages/airflow/example_dags/example_branch_python_dop_operator_3.py took 0.141 seconds
[2024-10-01T00:15:34.069+0000] {processor.py:161} INFO - Started process (PID=2653) to work on /home/airflow/.local/lib/python3.8/site-packages/airflow/example_dags/example_branch_python_dop_operator_3.py
[2024-10-01T00:15:34.071+0000] {processor.py:830} INFO - Processing file /home/airflow/.local/lib/python3.8/site-packages/airflow/example_dags/example_branch_python_dop_operator_3.py for tasks to queue
[2024-10-01T00:15:34.075+0000] {logging_mixin.py:188} INFO - [2024-10-01T00:15:34.074+0000] {dagbag.py:538} INFO - Filling up the DagBag from /home/airflow/.local/lib/python3.8/site-packages/airflow/example_dags/example_branch_python_dop_operator_3.py
[2024-10-01T00:15:34.097+0000] {processor.py:840} INFO - DAG(s) 'example_branch_dop_operator_v3' retrieved from /home/airflow/.local/lib/python3.8/site-packages/airflow/example_dags/example_branch_python_dop_operator_3.py
[2024-10-01T00:15:34.153+0000] {logging_mixin.py:188} INFO - [2024-10-01T00:15:34.152+0000] {dag.py:3036} INFO - Sync 1 DAGs
[2024-10-01T00:15:34.442+0000] {logging_mixin.py:188} INFO - [2024-10-01T00:15:34.442+0000] {dag.py:3823} INFO - Setting next_dagrun for example_branch_dop_operator_v3 to 2024-10-01 00:14:00+00:00, run_after=2024-10-01 00:15:00+00:00
[2024-10-01T00:15:34.483+0000] {processor.py:183} INFO - Processing /home/airflow/.local/lib/python3.8/site-packages/airflow/example_dags/example_branch_python_dop_operator_3.py took 0.423 seconds
[2024-10-01T00:16:27.890+0000] {processor.py:161} INFO - Started process (PID=2718) to work on /home/airflow/.local/lib/python3.8/site-packages/airflow/example_dags/example_branch_python_dop_operator_3.py
[2024-10-01T00:16:27.903+0000] {processor.py:830} INFO - Processing file /home/airflow/.local/lib/python3.8/site-packages/airflow/example_dags/example_branch_python_dop_operator_3.py for tasks to queue
[2024-10-01T00:16:27.929+0000] {logging_mixin.py:188} INFO - [2024-10-01T00:16:27.925+0000] {dagbag.py:538} INFO - Filling up the DagBag from /home/airflow/.local/lib/python3.8/site-packages/airflow/example_dags/example_branch_python_dop_operator_3.py
[2024-10-01T00:16:28.074+0000] {processor.py:840} INFO - DAG(s) 'example_branch_dop_operator_v3' retrieved from /home/airflow/.local/lib/python3.8/site-packages/airflow/example_dags/example_branch_python_dop_operator_3.py
[2024-10-01T00:16:28.421+0000] {logging_mixin.py:188} INFO - [2024-10-01T00:16:28.418+0000] {dag.py:3036} INFO - Sync 1 DAGs
[2024-10-01T00:16:30.105+0000] {logging_mixin.py:188} INFO - [2024-10-01T00:16:30.104+0000] {dag.py:3823} INFO - Setting next_dagrun for example_branch_dop_operator_v3 to 2024-10-01 00:15:00+00:00, run_after=2024-10-01 00:16:00+00:00
[2024-10-01T00:16:30.182+0000] {processor.py:183} INFO - Processing /home/airflow/.local/lib/python3.8/site-packages/airflow/example_dags/example_branch_python_dop_operator_3.py took 2.347 seconds
[2024-10-01T00:17:00.583+0000] {processor.py:161} INFO - Started process (PID=2785) to work on /home/airflow/.local/lib/python3.8/site-packages/airflow/example_dags/example_branch_python_dop_operator_3.py
[2024-10-01T00:17:00.586+0000] {processor.py:830} INFO - Processing file /home/airflow/.local/lib/python3.8/site-packages/airflow/example_dags/example_branch_python_dop_operator_3.py for tasks to queue
[2024-10-01T00:17:00.592+0000] {logging_mixin.py:188} INFO - [2024-10-01T00:17:00.591+0000] {dagbag.py:538} INFO - Filling up the DagBag from /home/airflow/.local/lib/python3.8/site-packages/airflow/example_dags/example_branch_python_dop_operator_3.py
[2024-10-01T00:17:00.612+0000] {processor.py:840} INFO - DAG(s) 'example_branch_dop_operator_v3' retrieved from /home/airflow/.local/lib/python3.8/site-packages/airflow/example_dags/example_branch_python_dop_operator_3.py
[2024-10-01T00:17:00.668+0000] {logging_mixin.py:188} INFO - [2024-10-01T00:17:00.667+0000] {dag.py:3036} INFO - Sync 1 DAGs
[2024-10-01T00:17:00.753+0000] {logging_mixin.py:188} INFO - [2024-10-01T00:17:00.752+0000] {dag.py:3823} INFO - Setting next_dagrun for example_branch_dop_operator_v3 to 2024-10-01 00:16:00+00:00, run_after=2024-10-01 00:17:00+00:00
[2024-10-01T00:17:00.811+0000] {processor.py:183} INFO - Processing /home/airflow/.local/lib/python3.8/site-packages/airflow/example_dags/example_branch_python_dop_operator_3.py took 0.239 seconds
[2024-10-01T00:17:30.973+0000] {processor.py:161} INFO - Started process (PID=2851) to work on /home/airflow/.local/lib/python3.8/site-packages/airflow/example_dags/example_branch_python_dop_operator_3.py
[2024-10-01T00:17:30.975+0000] {processor.py:830} INFO - Processing file /home/airflow/.local/lib/python3.8/site-packages/airflow/example_dags/example_branch_python_dop_operator_3.py for tasks to queue
[2024-10-01T00:17:30.977+0000] {logging_mixin.py:188} INFO - [2024-10-01T00:17:30.977+0000] {dagbag.py:538} INFO - Filling up the DagBag from /home/airflow/.local/lib/python3.8/site-packages/airflow/example_dags/example_branch_python_dop_operator_3.py
[2024-10-01T00:17:30.990+0000] {processor.py:840} INFO - DAG(s) 'example_branch_dop_operator_v3' retrieved from /home/airflow/.local/lib/python3.8/site-packages/airflow/example_dags/example_branch_python_dop_operator_3.py
[2024-10-01T00:17:31.024+0000] {logging_mixin.py:188} INFO - [2024-10-01T00:17:31.023+0000] {dag.py:3036} INFO - Sync 1 DAGs
[2024-10-01T00:17:31.068+0000] {logging_mixin.py:188} INFO - [2024-10-01T00:17:31.067+0000] {dag.py:3823} INFO - Setting next_dagrun for example_branch_dop_operator_v3 to 2024-10-01 00:16:00+00:00, run_after=2024-10-01 00:17:00+00:00
[2024-10-01T00:17:31.098+0000] {processor.py:183} INFO - Processing /home/airflow/.local/lib/python3.8/site-packages/airflow/example_dags/example_branch_python_dop_operator_3.py took 0.129 seconds
[2024-10-01T00:18:01.217+0000] {processor.py:161} INFO - Started process (PID=2925) to work on /home/airflow/.local/lib/python3.8/site-packages/airflow/example_dags/example_branch_python_dop_operator_3.py
[2024-10-01T00:18:01.226+0000] {processor.py:830} INFO - Processing file /home/airflow/.local/lib/python3.8/site-packages/airflow/example_dags/example_branch_python_dop_operator_3.py for tasks to queue
[2024-10-01T00:18:01.230+0000] {logging_mixin.py:188} INFO - [2024-10-01T00:18:01.229+0000] {dagbag.py:538} INFO - Filling up the DagBag from /home/airflow/.local/lib/python3.8/site-packages/airflow/example_dags/example_branch_python_dop_operator_3.py
[2024-10-01T00:18:01.245+0000] {processor.py:840} INFO - DAG(s) 'example_branch_dop_operator_v3' retrieved from /home/airflow/.local/lib/python3.8/site-packages/airflow/example_dags/example_branch_python_dop_operator_3.py
[2024-10-01T00:18:01.295+0000] {logging_mixin.py:188} INFO - [2024-10-01T00:18:01.295+0000] {dag.py:3036} INFO - Sync 1 DAGs
[2024-10-01T00:18:01.384+0000] {logging_mixin.py:188} INFO - [2024-10-01T00:18:01.383+0000] {dag.py:3823} INFO - Setting next_dagrun for example_branch_dop_operator_v3 to 2024-10-01 00:17:00+00:00, run_after=2024-10-01 00:18:00+00:00
[2024-10-01T00:18:01.436+0000] {processor.py:183} INFO - Processing /home/airflow/.local/lib/python3.8/site-packages/airflow/example_dags/example_branch_python_dop_operator_3.py took 0.225 seconds
[2024-10-01T00:18:31.585+0000] {processor.py:161} INFO - Started process (PID=2991) to work on /home/airflow/.local/lib/python3.8/site-packages/airflow/example_dags/example_branch_python_dop_operator_3.py
[2024-10-01T00:18:31.588+0000] {processor.py:830} INFO - Processing file /home/airflow/.local/lib/python3.8/site-packages/airflow/example_dags/example_branch_python_dop_operator_3.py for tasks to queue
[2024-10-01T00:18:31.590+0000] {logging_mixin.py:188} INFO - [2024-10-01T00:18:31.589+0000] {dagbag.py:538} INFO - Filling up the DagBag from /home/airflow/.local/lib/python3.8/site-packages/airflow/example_dags/example_branch_python_dop_operator_3.py
[2024-10-01T00:18:31.602+0000] {processor.py:840} INFO - DAG(s) 'example_branch_dop_operator_v3' retrieved from /home/airflow/.local/lib/python3.8/site-packages/airflow/example_dags/example_branch_python_dop_operator_3.py
[2024-10-01T00:18:31.633+0000] {logging_mixin.py:188} INFO - [2024-10-01T00:18:31.632+0000] {dag.py:3036} INFO - Sync 1 DAGs
[2024-10-01T00:18:31.676+0000] {logging_mixin.py:188} INFO - [2024-10-01T00:18:31.675+0000] {dag.py:3823} INFO - Setting next_dagrun for example_branch_dop_operator_v3 to 2024-10-01 00:17:00+00:00, run_after=2024-10-01 00:18:00+00:00
[2024-10-01T00:18:31.705+0000] {processor.py:183} INFO - Processing /home/airflow/.local/lib/python3.8/site-packages/airflow/example_dags/example_branch_python_dop_operator_3.py took 0.124 seconds
[2024-10-01T00:19:01.843+0000] {processor.py:161} INFO - Started process (PID=3058) to work on /home/airflow/.local/lib/python3.8/site-packages/airflow/example_dags/example_branch_python_dop_operator_3.py
[2024-10-01T00:19:01.846+0000] {processor.py:830} INFO - Processing file /home/airflow/.local/lib/python3.8/site-packages/airflow/example_dags/example_branch_python_dop_operator_3.py for tasks to queue
[2024-10-01T00:19:01.852+0000] {logging_mixin.py:188} INFO - [2024-10-01T00:19:01.851+0000] {dagbag.py:538} INFO - Filling up the DagBag from /home/airflow/.local/lib/python3.8/site-packages/airflow/example_dags/example_branch_python_dop_operator_3.py
[2024-10-01T00:19:01.875+0000] {processor.py:840} INFO - DAG(s) 'example_branch_dop_operator_v3' retrieved from /home/airflow/.local/lib/python3.8/site-packages/airflow/example_dags/example_branch_python_dop_operator_3.py
[2024-10-01T00:19:01.928+0000] {logging_mixin.py:188} INFO - [2024-10-01T00:19:01.928+0000] {dag.py:3036} INFO - Sync 1 DAGs
[2024-10-01T00:19:01.990+0000] {logging_mixin.py:188} INFO - [2024-10-01T00:19:01.990+0000] {dag.py:3823} INFO - Setting next_dagrun for example_branch_dop_operator_v3 to 2024-10-01 00:18:00+00:00, run_after=2024-10-01 00:19:00+00:00
[2024-10-01T00:19:02.025+0000] {processor.py:183} INFO - Processing /home/airflow/.local/lib/python3.8/site-packages/airflow/example_dags/example_branch_python_dop_operator_3.py took 0.190 seconds
[2024-10-01T00:19:32.208+0000] {processor.py:161} INFO - Started process (PID=3124) to work on /home/airflow/.local/lib/python3.8/site-packages/airflow/example_dags/example_branch_python_dop_operator_3.py
[2024-10-01T00:19:32.210+0000] {processor.py:830} INFO - Processing file /home/airflow/.local/lib/python3.8/site-packages/airflow/example_dags/example_branch_python_dop_operator_3.py for tasks to queue
[2024-10-01T00:19:32.212+0000] {logging_mixin.py:188} INFO - [2024-10-01T00:19:32.212+0000] {dagbag.py:538} INFO - Filling up the DagBag from /home/airflow/.local/lib/python3.8/site-packages/airflow/example_dags/example_branch_python_dop_operator_3.py
[2024-10-01T00:19:32.223+0000] {processor.py:840} INFO - DAG(s) 'example_branch_dop_operator_v3' retrieved from /home/airflow/.local/lib/python3.8/site-packages/airflow/example_dags/example_branch_python_dop_operator_3.py
[2024-10-01T00:19:32.258+0000] {logging_mixin.py:188} INFO - [2024-10-01T00:19:32.258+0000] {dag.py:3036} INFO - Sync 1 DAGs
[2024-10-01T00:19:32.314+0000] {logging_mixin.py:188} INFO - [2024-10-01T00:19:32.314+0000] {dag.py:3823} INFO - Setting next_dagrun for example_branch_dop_operator_v3 to 2024-10-01 00:18:00+00:00, run_after=2024-10-01 00:19:00+00:00
[2024-10-01T00:19:32.349+0000] {processor.py:183} INFO - Processing /home/airflow/.local/lib/python3.8/site-packages/airflow/example_dags/example_branch_python_dop_operator_3.py took 0.144 seconds
[2024-10-01T00:20:02.401+0000] {processor.py:161} INFO - Started process (PID=3191) to work on /home/airflow/.local/lib/python3.8/site-packages/airflow/example_dags/example_branch_python_dop_operator_3.py
[2024-10-01T00:20:02.404+0000] {processor.py:830} INFO - Processing file /home/airflow/.local/lib/python3.8/site-packages/airflow/example_dags/example_branch_python_dop_operator_3.py for tasks to queue
[2024-10-01T00:20:02.406+0000] {logging_mixin.py:188} INFO - [2024-10-01T00:20:02.406+0000] {dagbag.py:538} INFO - Filling up the DagBag from /home/airflow/.local/lib/python3.8/site-packages/airflow/example_dags/example_branch_python_dop_operator_3.py
[2024-10-01T00:20:02.415+0000] {processor.py:840} INFO - DAG(s) 'example_branch_dop_operator_v3' retrieved from /home/airflow/.local/lib/python3.8/site-packages/airflow/example_dags/example_branch_python_dop_operator_3.py
[2024-10-01T00:20:02.438+0000] {logging_mixin.py:188} INFO - [2024-10-01T00:20:02.438+0000] {dag.py:3036} INFO - Sync 1 DAGs
[2024-10-01T00:20:02.482+0000] {logging_mixin.py:188} INFO - [2024-10-01T00:20:02.482+0000] {dag.py:3823} INFO - Setting next_dagrun for example_branch_dop_operator_v3 to 2024-10-01 00:19:00+00:00, run_after=2024-10-01 00:20:00+00:00
[2024-10-01T00:20:02.517+0000] {processor.py:183} INFO - Processing /home/airflow/.local/lib/python3.8/site-packages/airflow/example_dags/example_branch_python_dop_operator_3.py took 0.119 seconds
[2024-10-01T00:20:32.852+0000] {processor.py:161} INFO - Started process (PID=3257) to work on /home/airflow/.local/lib/python3.8/site-packages/airflow/example_dags/example_branch_python_dop_operator_3.py
[2024-10-01T00:20:32.854+0000] {processor.py:830} INFO - Processing file /home/airflow/.local/lib/python3.8/site-packages/airflow/example_dags/example_branch_python_dop_operator_3.py for tasks to queue
[2024-10-01T00:20:32.856+0000] {logging_mixin.py:188} INFO - [2024-10-01T00:20:32.856+0000] {dagbag.py:538} INFO - Filling up the DagBag from /home/airflow/.local/lib/python3.8/site-packages/airflow/example_dags/example_branch_python_dop_operator_3.py
[2024-10-01T00:20:32.869+0000] {processor.py:840} INFO - DAG(s) 'example_branch_dop_operator_v3' retrieved from /home/airflow/.local/lib/python3.8/site-packages/airflow/example_dags/example_branch_python_dop_operator_3.py
[2024-10-01T00:20:32.899+0000] {logging_mixin.py:188} INFO - [2024-10-01T00:20:32.899+0000] {dag.py:3036} INFO - Sync 1 DAGs
[2024-10-01T00:20:32.942+0000] {logging_mixin.py:188} INFO - [2024-10-01T00:20:32.942+0000] {dag.py:3823} INFO - Setting next_dagrun for example_branch_dop_operator_v3 to 2024-10-01 00:19:00+00:00, run_after=2024-10-01 00:20:00+00:00
[2024-10-01T00:20:32.973+0000] {processor.py:183} INFO - Processing /home/airflow/.local/lib/python3.8/site-packages/airflow/example_dags/example_branch_python_dop_operator_3.py took 0.126 seconds
[2024-10-01T00:21:03.297+0000] {processor.py:161} INFO - Started process (PID=3330) to work on /home/airflow/.local/lib/python3.8/site-packages/airflow/example_dags/example_branch_python_dop_operator_3.py
[2024-10-01T00:21:03.302+0000] {processor.py:830} INFO - Processing file /home/airflow/.local/lib/python3.8/site-packages/airflow/example_dags/example_branch_python_dop_operator_3.py for tasks to queue
[2024-10-01T00:21:03.305+0000] {logging_mixin.py:188} INFO - [2024-10-01T00:21:03.304+0000] {dagbag.py:538} INFO - Filling up the DagBag from /home/airflow/.local/lib/python3.8/site-packages/airflow/example_dags/example_branch_python_dop_operator_3.py
[2024-10-01T00:21:03.325+0000] {processor.py:840} INFO - DAG(s) 'example_branch_dop_operator_v3' retrieved from /home/airflow/.local/lib/python3.8/site-packages/airflow/example_dags/example_branch_python_dop_operator_3.py
[2024-10-01T00:21:03.367+0000] {logging_mixin.py:188} INFO - [2024-10-01T00:21:03.366+0000] {dag.py:3036} INFO - Sync 1 DAGs
[2024-10-01T00:21:03.416+0000] {logging_mixin.py:188} INFO - [2024-10-01T00:21:03.416+0000] {dag.py:3823} INFO - Setting next_dagrun for example_branch_dop_operator_v3 to 2024-10-01 00:20:00+00:00, run_after=2024-10-01 00:21:00+00:00
[2024-10-01T00:21:03.441+0000] {processor.py:183} INFO - Processing /home/airflow/.local/lib/python3.8/site-packages/airflow/example_dags/example_branch_python_dop_operator_3.py took 0.148 seconds
[2024-10-01T00:21:34.206+0000] {processor.py:161} INFO - Started process (PID=3395) to work on /home/airflow/.local/lib/python3.8/site-packages/airflow/example_dags/example_branch_python_dop_operator_3.py
[2024-10-01T00:21:34.208+0000] {processor.py:830} INFO - Processing file /home/airflow/.local/lib/python3.8/site-packages/airflow/example_dags/example_branch_python_dop_operator_3.py for tasks to queue
[2024-10-01T00:21:34.211+0000] {logging_mixin.py:188} INFO - [2024-10-01T00:21:34.210+0000] {dagbag.py:538} INFO - Filling up the DagBag from /home/airflow/.local/lib/python3.8/site-packages/airflow/example_dags/example_branch_python_dop_operator_3.py
[2024-10-01T00:21:34.231+0000] {processor.py:840} INFO - DAG(s) 'example_branch_dop_operator_v3' retrieved from /home/airflow/.local/lib/python3.8/site-packages/airflow/example_dags/example_branch_python_dop_operator_3.py
[2024-10-01T00:21:34.273+0000] {logging_mixin.py:188} INFO - [2024-10-01T00:21:34.273+0000] {dag.py:3036} INFO - Sync 1 DAGs
[2024-10-01T00:21:34.328+0000] {logging_mixin.py:188} INFO - [2024-10-01T00:21:34.328+0000] {dag.py:3823} INFO - Setting next_dagrun for example_branch_dop_operator_v3 to 2024-10-01 00:20:00+00:00, run_after=2024-10-01 00:21:00+00:00
[2024-10-01T00:21:34.370+0000] {processor.py:183} INFO - Processing /home/airflow/.local/lib/python3.8/site-packages/airflow/example_dags/example_branch_python_dop_operator_3.py took 0.170 seconds
[2024-10-01T00:22:04.948+0000] {processor.py:161} INFO - Started process (PID=3461) to work on /home/airflow/.local/lib/python3.8/site-packages/airflow/example_dags/example_branch_python_dop_operator_3.py
[2024-10-01T00:22:04.950+0000] {processor.py:830} INFO - Processing file /home/airflow/.local/lib/python3.8/site-packages/airflow/example_dags/example_branch_python_dop_operator_3.py for tasks to queue
[2024-10-01T00:22:04.954+0000] {logging_mixin.py:188} INFO - [2024-10-01T00:22:04.953+0000] {dagbag.py:538} INFO - Filling up the DagBag from /home/airflow/.local/lib/python3.8/site-packages/airflow/example_dags/example_branch_python_dop_operator_3.py
[2024-10-01T00:22:04.974+0000] {processor.py:840} INFO - DAG(s) 'example_branch_dop_operator_v3' retrieved from /home/airflow/.local/lib/python3.8/site-packages/airflow/example_dags/example_branch_python_dop_operator_3.py
[2024-10-01T00:22:05.017+0000] {logging_mixin.py:188} INFO - [2024-10-01T00:22:05.016+0000] {dag.py:3036} INFO - Sync 1 DAGs
[2024-10-01T00:22:05.087+0000] {logging_mixin.py:188} INFO - [2024-10-01T00:22:05.086+0000] {dag.py:3823} INFO - Setting next_dagrun for example_branch_dop_operator_v3 to 2024-10-01 00:21:00+00:00, run_after=2024-10-01 00:22:00+00:00
[2024-10-01T00:22:05.124+0000] {processor.py:183} INFO - Processing /home/airflow/.local/lib/python3.8/site-packages/airflow/example_dags/example_branch_python_dop_operator_3.py took 0.182 seconds
[2024-10-01T00:22:35.527+0000] {processor.py:161} INFO - Started process (PID=3528) to work on /home/airflow/.local/lib/python3.8/site-packages/airflow/example_dags/example_branch_python_dop_operator_3.py
[2024-10-01T00:22:35.529+0000] {processor.py:830} INFO - Processing file /home/airflow/.local/lib/python3.8/site-packages/airflow/example_dags/example_branch_python_dop_operator_3.py for tasks to queue
[2024-10-01T00:22:35.532+0000] {logging_mixin.py:188} INFO - [2024-10-01T00:22:35.531+0000] {dagbag.py:538} INFO - Filling up the DagBag from /home/airflow/.local/lib/python3.8/site-packages/airflow/example_dags/example_branch_python_dop_operator_3.py
[2024-10-01T00:22:35.547+0000] {processor.py:840} INFO - DAG(s) 'example_branch_dop_operator_v3' retrieved from /home/airflow/.local/lib/python3.8/site-packages/airflow/example_dags/example_branch_python_dop_operator_3.py
[2024-10-01T00:22:35.583+0000] {logging_mixin.py:188} INFO - [2024-10-01T00:22:35.582+0000] {dag.py:3036} INFO - Sync 1 DAGs
[2024-10-01T00:22:35.639+0000] {logging_mixin.py:188} INFO - [2024-10-01T00:22:35.638+0000] {dag.py:3823} INFO - Setting next_dagrun for example_branch_dop_operator_v3 to 2024-10-01 00:21:00+00:00, run_after=2024-10-01 00:22:00+00:00
[2024-10-01T00:22:35.681+0000] {processor.py:183} INFO - Processing /home/airflow/.local/lib/python3.8/site-packages/airflow/example_dags/example_branch_python_dop_operator_3.py took 0.159 seconds
[2024-10-01T00:23:05.786+0000] {processor.py:161} INFO - Started process (PID=3595) to work on /home/airflow/.local/lib/python3.8/site-packages/airflow/example_dags/example_branch_python_dop_operator_3.py
[2024-10-01T00:23:05.787+0000] {processor.py:830} INFO - Processing file /home/airflow/.local/lib/python3.8/site-packages/airflow/example_dags/example_branch_python_dop_operator_3.py for tasks to queue
[2024-10-01T00:23:05.789+0000] {logging_mixin.py:188} INFO - [2024-10-01T00:23:05.789+0000] {dagbag.py:538} INFO - Filling up the DagBag from /home/airflow/.local/lib/python3.8/site-packages/airflow/example_dags/example_branch_python_dop_operator_3.py
[2024-10-01T00:23:05.798+0000] {processor.py:840} INFO - DAG(s) 'example_branch_dop_operator_v3' retrieved from /home/airflow/.local/lib/python3.8/site-packages/airflow/example_dags/example_branch_python_dop_operator_3.py
[2024-10-01T00:23:05.823+0000] {logging_mixin.py:188} INFO - [2024-10-01T00:23:05.822+0000] {dag.py:3036} INFO - Sync 1 DAGs
[2024-10-01T00:23:05.881+0000] {logging_mixin.py:188} INFO - [2024-10-01T00:23:05.880+0000] {dag.py:3823} INFO - Setting next_dagrun for example_branch_dop_operator_v3 to 2024-10-01 00:22:00+00:00, run_after=2024-10-01 00:23:00+00:00
[2024-10-01T00:23:05.924+0000] {processor.py:183} INFO - Processing /home/airflow/.local/lib/python3.8/site-packages/airflow/example_dags/example_branch_python_dop_operator_3.py took 0.142 seconds
[2024-10-01T00:23:35.979+0000] {processor.py:161} INFO - Started process (PID=3661) to work on /home/airflow/.local/lib/python3.8/site-packages/airflow/example_dags/example_branch_python_dop_operator_3.py
[2024-10-01T00:23:35.982+0000] {processor.py:830} INFO - Processing file /home/airflow/.local/lib/python3.8/site-packages/airflow/example_dags/example_branch_python_dop_operator_3.py for tasks to queue
[2024-10-01T00:23:35.984+0000] {logging_mixin.py:188} INFO - [2024-10-01T00:23:35.984+0000] {dagbag.py:538} INFO - Filling up the DagBag from /home/airflow/.local/lib/python3.8/site-packages/airflow/example_dags/example_branch_python_dop_operator_3.py
[2024-10-01T00:23:35.994+0000] {processor.py:840} INFO - DAG(s) 'example_branch_dop_operator_v3' retrieved from /home/airflow/.local/lib/python3.8/site-packages/airflow/example_dags/example_branch_python_dop_operator_3.py
[2024-10-01T00:23:36.018+0000] {logging_mixin.py:188} INFO - [2024-10-01T00:23:36.017+0000] {dag.py:3036} INFO - Sync 1 DAGs
[2024-10-01T00:23:36.056+0000] {logging_mixin.py:188} INFO - [2024-10-01T00:23:36.055+0000] {dag.py:3823} INFO - Setting next_dagrun for example_branch_dop_operator_v3 to 2024-10-01 00:22:00+00:00, run_after=2024-10-01 00:23:00+00:00
[2024-10-01T00:23:36.086+0000] {processor.py:183} INFO - Processing /home/airflow/.local/lib/python3.8/site-packages/airflow/example_dags/example_branch_python_dop_operator_3.py took 0.110 seconds
[2024-10-01T00:24:06.695+0000] {processor.py:161} INFO - Started process (PID=3727) to work on /home/airflow/.local/lib/python3.8/site-packages/airflow/example_dags/example_branch_python_dop_operator_3.py
[2024-10-01T00:24:06.712+0000] {processor.py:830} INFO - Processing file /home/airflow/.local/lib/python3.8/site-packages/airflow/example_dags/example_branch_python_dop_operator_3.py for tasks to queue
[2024-10-01T00:24:06.716+0000] {logging_mixin.py:188} INFO - [2024-10-01T00:24:06.715+0000] {dagbag.py:538} INFO - Filling up the DagBag from /home/airflow/.local/lib/python3.8/site-packages/airflow/example_dags/example_branch_python_dop_operator_3.py
[2024-10-01T00:24:06.738+0000] {processor.py:840} INFO - DAG(s) 'example_branch_dop_operator_v3' retrieved from /home/airflow/.local/lib/python3.8/site-packages/airflow/example_dags/example_branch_python_dop_operator_3.py
[2024-10-01T00:24:06.787+0000] {logging_mixin.py:188} INFO - [2024-10-01T00:24:06.786+0000] {dag.py:3036} INFO - Sync 1 DAGs
[2024-10-01T00:24:06.859+0000] {logging_mixin.py:188} INFO - [2024-10-01T00:24:06.858+0000] {dag.py:3823} INFO - Setting next_dagrun for example_branch_dop_operator_v3 to 2024-10-01 00:23:00+00:00, run_after=2024-10-01 00:24:00+00:00
[2024-10-01T00:24:06.905+0000] {processor.py:183} INFO - Processing /home/airflow/.local/lib/python3.8/site-packages/airflow/example_dags/example_branch_python_dop_operator_3.py took 0.218 seconds
[2024-10-01T00:24:37.058+0000] {processor.py:161} INFO - Started process (PID=3793) to work on /home/airflow/.local/lib/python3.8/site-packages/airflow/example_dags/example_branch_python_dop_operator_3.py
[2024-10-01T00:24:37.062+0000] {processor.py:830} INFO - Processing file /home/airflow/.local/lib/python3.8/site-packages/airflow/example_dags/example_branch_python_dop_operator_3.py for tasks to queue
[2024-10-01T00:24:37.065+0000] {logging_mixin.py:188} INFO - [2024-10-01T00:24:37.065+0000] {dagbag.py:538} INFO - Filling up the DagBag from /home/airflow/.local/lib/python3.8/site-packages/airflow/example_dags/example_branch_python_dop_operator_3.py
[2024-10-01T00:24:37.086+0000] {processor.py:840} INFO - DAG(s) 'example_branch_dop_operator_v3' retrieved from /home/airflow/.local/lib/python3.8/site-packages/airflow/example_dags/example_branch_python_dop_operator_3.py
[2024-10-01T00:24:37.132+0000] {logging_mixin.py:188} INFO - [2024-10-01T00:24:37.132+0000] {dag.py:3036} INFO - Sync 1 DAGs
[2024-10-01T00:24:37.195+0000] {logging_mixin.py:188} INFO - [2024-10-01T00:24:37.195+0000] {dag.py:3823} INFO - Setting next_dagrun for example_branch_dop_operator_v3 to 2024-10-01 00:23:00+00:00, run_after=2024-10-01 00:24:00+00:00
[2024-10-01T00:24:37.236+0000] {processor.py:183} INFO - Processing /home/airflow/.local/lib/python3.8/site-packages/airflow/example_dags/example_branch_python_dop_operator_3.py took 0.185 seconds
[2024-10-01T00:25:07.357+0000] {processor.py:161} INFO - Started process (PID=3859) to work on /home/airflow/.local/lib/python3.8/site-packages/airflow/example_dags/example_branch_python_dop_operator_3.py
[2024-10-01T00:25:07.359+0000] {processor.py:830} INFO - Processing file /home/airflow/.local/lib/python3.8/site-packages/airflow/example_dags/example_branch_python_dop_operator_3.py for tasks to queue
[2024-10-01T00:25:07.362+0000] {logging_mixin.py:188} INFO - [2024-10-01T00:25:07.362+0000] {dagbag.py:538} INFO - Filling up the DagBag from /home/airflow/.local/lib/python3.8/site-packages/airflow/example_dags/example_branch_python_dop_operator_3.py
[2024-10-01T00:25:07.380+0000] {processor.py:840} INFO - DAG(s) 'example_branch_dop_operator_v3' retrieved from /home/airflow/.local/lib/python3.8/site-packages/airflow/example_dags/example_branch_python_dop_operator_3.py
[2024-10-01T00:25:07.426+0000] {logging_mixin.py:188} INFO - [2024-10-01T00:25:07.425+0000] {dag.py:3036} INFO - Sync 1 DAGs
[2024-10-01T00:25:07.489+0000] {logging_mixin.py:188} INFO - [2024-10-01T00:25:07.488+0000] {dag.py:3823} INFO - Setting next_dagrun for example_branch_dop_operator_v3 to 2024-10-01 00:24:00+00:00, run_after=2024-10-01 00:25:00+00:00
[2024-10-01T00:25:07.534+0000] {processor.py:183} INFO - Processing /home/airflow/.local/lib/python3.8/site-packages/airflow/example_dags/example_branch_python_dop_operator_3.py took 0.184 seconds
[2024-10-01T00:25:37.795+0000] {processor.py:161} INFO - Started process (PID=3925) to work on /home/airflow/.local/lib/python3.8/site-packages/airflow/example_dags/example_branch_python_dop_operator_3.py
[2024-10-01T00:25:37.798+0000] {processor.py:830} INFO - Processing file /home/airflow/.local/lib/python3.8/site-packages/airflow/example_dags/example_branch_python_dop_operator_3.py for tasks to queue
[2024-10-01T00:25:37.801+0000] {logging_mixin.py:188} INFO - [2024-10-01T00:25:37.801+0000] {dagbag.py:538} INFO - Filling up the DagBag from /home/airflow/.local/lib/python3.8/site-packages/airflow/example_dags/example_branch_python_dop_operator_3.py
[2024-10-01T00:25:37.821+0000] {processor.py:840} INFO - DAG(s) 'example_branch_dop_operator_v3' retrieved from /home/airflow/.local/lib/python3.8/site-packages/airflow/example_dags/example_branch_python_dop_operator_3.py
[2024-10-01T00:25:37.864+0000] {logging_mixin.py:188} INFO - [2024-10-01T00:25:37.864+0000] {dag.py:3036} INFO - Sync 1 DAGs
[2024-10-01T00:25:37.923+0000] {logging_mixin.py:188} INFO - [2024-10-01T00:25:37.923+0000] {dag.py:3823} INFO - Setting next_dagrun for example_branch_dop_operator_v3 to 2024-10-01 00:24:00+00:00, run_after=2024-10-01 00:25:00+00:00
[2024-10-01T00:25:37.965+0000] {processor.py:183} INFO - Processing /home/airflow/.local/lib/python3.8/site-packages/airflow/example_dags/example_branch_python_dop_operator_3.py took 0.178 seconds
[2024-10-01T00:26:08.259+0000] {processor.py:161} INFO - Started process (PID=3991) to work on /home/airflow/.local/lib/python3.8/site-packages/airflow/example_dags/example_branch_python_dop_operator_3.py
[2024-10-01T00:26:08.263+0000] {processor.py:830} INFO - Processing file /home/airflow/.local/lib/python3.8/site-packages/airflow/example_dags/example_branch_python_dop_operator_3.py for tasks to queue
[2024-10-01T00:26:08.267+0000] {logging_mixin.py:188} INFO - [2024-10-01T00:26:08.266+0000] {dagbag.py:538} INFO - Filling up the DagBag from /home/airflow/.local/lib/python3.8/site-packages/airflow/example_dags/example_branch_python_dop_operator_3.py
[2024-10-01T00:26:08.286+0000] {processor.py:840} INFO - DAG(s) 'example_branch_dop_operator_v3' retrieved from /home/airflow/.local/lib/python3.8/site-packages/airflow/example_dags/example_branch_python_dop_operator_3.py
[2024-10-01T00:26:08.331+0000] {logging_mixin.py:188} INFO - [2024-10-01T00:26:08.331+0000] {dag.py:3036} INFO - Sync 1 DAGs
[2024-10-01T00:26:08.392+0000] {logging_mixin.py:188} INFO - [2024-10-01T00:26:08.392+0000] {dag.py:3823} INFO - Setting next_dagrun for example_branch_dop_operator_v3 to 2024-10-01 00:25:00+00:00, run_after=2024-10-01 00:26:00+00:00
[2024-10-01T00:26:08.436+0000] {processor.py:183} INFO - Processing /home/airflow/.local/lib/python3.8/site-packages/airflow/example_dags/example_branch_python_dop_operator_3.py took 0.184 seconds
[2024-10-01T00:26:38.796+0000] {processor.py:161} INFO - Started process (PID=4049) to work on /home/airflow/.local/lib/python3.8/site-packages/airflow/example_dags/example_branch_python_dop_operator_3.py
[2024-10-01T00:26:38.798+0000] {processor.py:830} INFO - Processing file /home/airflow/.local/lib/python3.8/site-packages/airflow/example_dags/example_branch_python_dop_operator_3.py for tasks to queue
[2024-10-01T00:26:38.802+0000] {logging_mixin.py:188} INFO - [2024-10-01T00:26:38.801+0000] {dagbag.py:538} INFO - Filling up the DagBag from /home/airflow/.local/lib/python3.8/site-packages/airflow/example_dags/example_branch_python_dop_operator_3.py
[2024-10-01T00:26:38.821+0000] {processor.py:840} INFO - DAG(s) 'example_branch_dop_operator_v3' retrieved from /home/airflow/.local/lib/python3.8/site-packages/airflow/example_dags/example_branch_python_dop_operator_3.py
[2024-10-01T00:26:38.866+0000] {logging_mixin.py:188} INFO - [2024-10-01T00:26:38.865+0000] {dag.py:3036} INFO - Sync 1 DAGs
[2024-10-01T00:26:38.924+0000] {logging_mixin.py:188} INFO - [2024-10-01T00:26:38.923+0000] {dag.py:3823} INFO - Setting next_dagrun for example_branch_dop_operator_v3 to 2024-10-01 00:25:00+00:00, run_after=2024-10-01 00:26:00+00:00
[2024-10-01T00:26:38.962+0000] {processor.py:183} INFO - Processing /home/airflow/.local/lib/python3.8/site-packages/airflow/example_dags/example_branch_python_dop_operator_3.py took 0.173 seconds
[2024-10-01T00:27:09.731+0000] {processor.py:161} INFO - Started process (PID=4115) to work on /home/airflow/.local/lib/python3.8/site-packages/airflow/example_dags/example_branch_python_dop_operator_3.py
[2024-10-01T00:27:09.733+0000] {processor.py:830} INFO - Processing file /home/airflow/.local/lib/python3.8/site-packages/airflow/example_dags/example_branch_python_dop_operator_3.py for tasks to queue
[2024-10-01T00:27:09.737+0000] {logging_mixin.py:188} INFO - [2024-10-01T00:27:09.736+0000] {dagbag.py:538} INFO - Filling up the DagBag from /home/airflow/.local/lib/python3.8/site-packages/airflow/example_dags/example_branch_python_dop_operator_3.py
[2024-10-01T00:27:09.754+0000] {processor.py:840} INFO - DAG(s) 'example_branch_dop_operator_v3' retrieved from /home/airflow/.local/lib/python3.8/site-packages/airflow/example_dags/example_branch_python_dop_operator_3.py
[2024-10-01T00:27:09.796+0000] {logging_mixin.py:188} INFO - [2024-10-01T00:27:09.796+0000] {dag.py:3036} INFO - Sync 1 DAGs
[2024-10-01T00:27:09.851+0000] {logging_mixin.py:188} INFO - [2024-10-01T00:27:09.850+0000] {dag.py:3823} INFO - Setting next_dagrun for example_branch_dop_operator_v3 to 2024-10-01 00:26:00+00:00, run_after=2024-10-01 00:27:00+00:00
[2024-10-01T00:27:09.888+0000] {processor.py:183} INFO - Processing /home/airflow/.local/lib/python3.8/site-packages/airflow/example_dags/example_branch_python_dop_operator_3.py took 0.164 seconds
[2024-10-01T00:27:40.075+0000] {processor.py:161} INFO - Started process (PID=4181) to work on /home/airflow/.local/lib/python3.8/site-packages/airflow/example_dags/example_branch_python_dop_operator_3.py
[2024-10-01T00:27:40.081+0000] {processor.py:830} INFO - Processing file /home/airflow/.local/lib/python3.8/site-packages/airflow/example_dags/example_branch_python_dop_operator_3.py for tasks to queue
[2024-10-01T00:27:40.086+0000] {logging_mixin.py:188} INFO - [2024-10-01T00:27:40.085+0000] {dagbag.py:538} INFO - Filling up the DagBag from /home/airflow/.local/lib/python3.8/site-packages/airflow/example_dags/example_branch_python_dop_operator_3.py
[2024-10-01T00:27:40.115+0000] {processor.py:840} INFO - DAG(s) 'example_branch_dop_operator_v3' retrieved from /home/airflow/.local/lib/python3.8/site-packages/airflow/example_dags/example_branch_python_dop_operator_3.py
[2024-10-01T00:27:40.203+0000] {logging_mixin.py:188} INFO - [2024-10-01T00:27:40.202+0000] {dag.py:3036} INFO - Sync 1 DAGs
[2024-10-01T00:27:40.327+0000] {logging_mixin.py:188} INFO - [2024-10-01T00:27:40.326+0000] {dag.py:3823} INFO - Setting next_dagrun for example_branch_dop_operator_v3 to 2024-10-01 00:26:00+00:00, run_after=2024-10-01 00:27:00+00:00
[2024-10-01T00:27:40.417+0000] {processor.py:183} INFO - Processing /home/airflow/.local/lib/python3.8/site-packages/airflow/example_dags/example_branch_python_dop_operator_3.py took 0.353 seconds
[2024-10-01T00:28:10.548+0000] {processor.py:161} INFO - Started process (PID=4247) to work on /home/airflow/.local/lib/python3.8/site-packages/airflow/example_dags/example_branch_python_dop_operator_3.py
[2024-10-01T00:28:10.553+0000] {processor.py:830} INFO - Processing file /home/airflow/.local/lib/python3.8/site-packages/airflow/example_dags/example_branch_python_dop_operator_3.py for tasks to queue
[2024-10-01T00:28:10.556+0000] {logging_mixin.py:188} INFO - [2024-10-01T00:28:10.555+0000] {dagbag.py:538} INFO - Filling up the DagBag from /home/airflow/.local/lib/python3.8/site-packages/airflow/example_dags/example_branch_python_dop_operator_3.py
[2024-10-01T00:28:10.569+0000] {processor.py:840} INFO - DAG(s) 'example_branch_dop_operator_v3' retrieved from /home/airflow/.local/lib/python3.8/site-packages/airflow/example_dags/example_branch_python_dop_operator_3.py
[2024-10-01T00:28:10.602+0000] {logging_mixin.py:188} INFO - [2024-10-01T00:28:10.601+0000] {dag.py:3036} INFO - Sync 1 DAGs
[2024-10-01T00:28:10.644+0000] {logging_mixin.py:188} INFO - [2024-10-01T00:28:10.644+0000] {dag.py:3823} INFO - Setting next_dagrun for example_branch_dop_operator_v3 to 2024-10-01 00:27:00+00:00, run_after=2024-10-01 00:28:00+00:00
[2024-10-01T00:28:10.674+0000] {processor.py:183} INFO - Processing /home/airflow/.local/lib/python3.8/site-packages/airflow/example_dags/example_branch_python_dop_operator_3.py took 0.131 seconds
[2024-10-01T00:28:40.747+0000] {processor.py:161} INFO - Started process (PID=4313) to work on /home/airflow/.local/lib/python3.8/site-packages/airflow/example_dags/example_branch_python_dop_operator_3.py
[2024-10-01T00:28:40.749+0000] {processor.py:830} INFO - Processing file /home/airflow/.local/lib/python3.8/site-packages/airflow/example_dags/example_branch_python_dop_operator_3.py for tasks to queue
[2024-10-01T00:28:40.752+0000] {logging_mixin.py:188} INFO - [2024-10-01T00:28:40.751+0000] {dagbag.py:538} INFO - Filling up the DagBag from /home/airflow/.local/lib/python3.8/site-packages/airflow/example_dags/example_branch_python_dop_operator_3.py
[2024-10-01T00:28:40.765+0000] {processor.py:840} INFO - DAG(s) 'example_branch_dop_operator_v3' retrieved from /home/airflow/.local/lib/python3.8/site-packages/airflow/example_dags/example_branch_python_dop_operator_3.py
[2024-10-01T00:28:40.796+0000] {logging_mixin.py:188} INFO - [2024-10-01T00:28:40.796+0000] {dag.py:3036} INFO - Sync 1 DAGs
[2024-10-01T00:28:40.839+0000] {logging_mixin.py:188} INFO - [2024-10-01T00:28:40.838+0000] {dag.py:3823} INFO - Setting next_dagrun for example_branch_dop_operator_v3 to 2024-10-01 00:27:00+00:00, run_after=2024-10-01 00:28:00+00:00
[2024-10-01T00:28:40.870+0000] {processor.py:183} INFO - Processing /home/airflow/.local/lib/python3.8/site-packages/airflow/example_dags/example_branch_python_dop_operator_3.py took 0.127 seconds
[2024-10-01T00:29:11.023+0000] {processor.py:161} INFO - Started process (PID=4379) to work on /home/airflow/.local/lib/python3.8/site-packages/airflow/example_dags/example_branch_python_dop_operator_3.py
[2024-10-01T00:29:11.027+0000] {processor.py:830} INFO - Processing file /home/airflow/.local/lib/python3.8/site-packages/airflow/example_dags/example_branch_python_dop_operator_3.py for tasks to queue
[2024-10-01T00:29:11.031+0000] {logging_mixin.py:188} INFO - [2024-10-01T00:29:11.031+0000] {dagbag.py:538} INFO - Filling up the DagBag from /home/airflow/.local/lib/python3.8/site-packages/airflow/example_dags/example_branch_python_dop_operator_3.py
[2024-10-01T00:29:11.063+0000] {processor.py:840} INFO - DAG(s) 'example_branch_dop_operator_v3' retrieved from /home/airflow/.local/lib/python3.8/site-packages/airflow/example_dags/example_branch_python_dop_operator_3.py
[2024-10-01T00:29:11.121+0000] {logging_mixin.py:188} INFO - [2024-10-01T00:29:11.120+0000] {dag.py:3036} INFO - Sync 1 DAGs
[2024-10-01T00:29:11.207+0000] {logging_mixin.py:188} INFO - [2024-10-01T00:29:11.206+0000] {dag.py:3823} INFO - Setting next_dagrun for example_branch_dop_operator_v3 to 2024-10-01 00:28:00+00:00, run_after=2024-10-01 00:29:00+00:00
[2024-10-01T00:29:11.295+0000] {processor.py:183} INFO - Processing /home/airflow/.local/lib/python3.8/site-packages/airflow/example_dags/example_branch_python_dop_operator_3.py took 0.282 seconds
[2024-10-01T00:29:41.560+0000] {processor.py:161} INFO - Started process (PID=4437) to work on /home/airflow/.local/lib/python3.8/site-packages/airflow/example_dags/example_branch_python_dop_operator_3.py
[2024-10-01T00:29:41.572+0000] {processor.py:830} INFO - Processing file /home/airflow/.local/lib/python3.8/site-packages/airflow/example_dags/example_branch_python_dop_operator_3.py for tasks to queue
[2024-10-01T00:29:41.575+0000] {logging_mixin.py:188} INFO - [2024-10-01T00:29:41.574+0000] {dagbag.py:538} INFO - Filling up the DagBag from /home/airflow/.local/lib/python3.8/site-packages/airflow/example_dags/example_branch_python_dop_operator_3.py
[2024-10-01T00:29:41.588+0000] {processor.py:840} INFO - DAG(s) 'example_branch_dop_operator_v3' retrieved from /home/airflow/.local/lib/python3.8/site-packages/airflow/example_dags/example_branch_python_dop_operator_3.py
[2024-10-01T00:29:41.620+0000] {logging_mixin.py:188} INFO - [2024-10-01T00:29:41.619+0000] {dag.py:3036} INFO - Sync 1 DAGs
[2024-10-01T00:29:41.664+0000] {logging_mixin.py:188} INFO - [2024-10-01T00:29:41.664+0000] {dag.py:3823} INFO - Setting next_dagrun for example_branch_dop_operator_v3 to 2024-10-01 00:28:00+00:00, run_after=2024-10-01 00:29:00+00:00
[2024-10-01T00:29:41.693+0000] {processor.py:183} INFO - Processing /home/airflow/.local/lib/python3.8/site-packages/airflow/example_dags/example_branch_python_dop_operator_3.py took 0.138 seconds
[2024-10-01T00:30:12.068+0000] {processor.py:161} INFO - Started process (PID=4503) to work on /home/airflow/.local/lib/python3.8/site-packages/airflow/example_dags/example_branch_python_dop_operator_3.py
[2024-10-01T00:30:12.070+0000] {processor.py:830} INFO - Processing file /home/airflow/.local/lib/python3.8/site-packages/airflow/example_dags/example_branch_python_dop_operator_3.py for tasks to queue
[2024-10-01T00:30:12.073+0000] {logging_mixin.py:188} INFO - [2024-10-01T00:30:12.072+0000] {dagbag.py:538} INFO - Filling up the DagBag from /home/airflow/.local/lib/python3.8/site-packages/airflow/example_dags/example_branch_python_dop_operator_3.py
[2024-10-01T00:30:12.087+0000] {processor.py:840} INFO - DAG(s) 'example_branch_dop_operator_v3' retrieved from /home/airflow/.local/lib/python3.8/site-packages/airflow/example_dags/example_branch_python_dop_operator_3.py
[2024-10-01T00:30:12.121+0000] {logging_mixin.py:188} INFO - [2024-10-01T00:30:12.121+0000] {dag.py:3036} INFO - Sync 1 DAGs
[2024-10-01T00:30:12.165+0000] {logging_mixin.py:188} INFO - [2024-10-01T00:30:12.165+0000] {dag.py:3823} INFO - Setting next_dagrun for example_branch_dop_operator_v3 to 2024-10-01 00:29:00+00:00, run_after=2024-10-01 00:30:00+00:00
[2024-10-01T00:30:12.195+0000] {processor.py:183} INFO - Processing /home/airflow/.local/lib/python3.8/site-packages/airflow/example_dags/example_branch_python_dop_operator_3.py took 0.133 seconds
[2024-10-01T00:30:42.992+0000] {processor.py:161} INFO - Started process (PID=4569) to work on /home/airflow/.local/lib/python3.8/site-packages/airflow/example_dags/example_branch_python_dop_operator_3.py
[2024-10-01T00:30:42.997+0000] {processor.py:830} INFO - Processing file /home/airflow/.local/lib/python3.8/site-packages/airflow/example_dags/example_branch_python_dop_operator_3.py for tasks to queue
[2024-10-01T00:30:43.003+0000] {logging_mixin.py:188} INFO - [2024-10-01T00:30:43.002+0000] {dagbag.py:538} INFO - Filling up the DagBag from /home/airflow/.local/lib/python3.8/site-packages/airflow/example_dags/example_branch_python_dop_operator_3.py
[2024-10-01T00:30:43.044+0000] {processor.py:840} INFO - DAG(s) 'example_branch_dop_operator_v3' retrieved from /home/airflow/.local/lib/python3.8/site-packages/airflow/example_dags/example_branch_python_dop_operator_3.py
[2024-10-01T00:30:43.128+0000] {logging_mixin.py:188} INFO - [2024-10-01T00:30:43.127+0000] {dag.py:3036} INFO - Sync 1 DAGs
[2024-10-01T00:30:43.252+0000] {logging_mixin.py:188} INFO - [2024-10-01T00:30:43.252+0000] {dag.py:3823} INFO - Setting next_dagrun for example_branch_dop_operator_v3 to 2024-10-01 00:29:00+00:00, run_after=2024-10-01 00:30:00+00:00
[2024-10-01T00:30:43.321+0000] {processor.py:183} INFO - Processing /home/airflow/.local/lib/python3.8/site-packages/airflow/example_dags/example_branch_python_dop_operator_3.py took 0.342 seconds
[2024-10-01T00:31:13.914+0000] {processor.py:161} INFO - Started process (PID=4635) to work on /home/airflow/.local/lib/python3.8/site-packages/airflow/example_dags/example_branch_python_dop_operator_3.py
[2024-10-01T00:31:13.917+0000] {processor.py:830} INFO - Processing file /home/airflow/.local/lib/python3.8/site-packages/airflow/example_dags/example_branch_python_dop_operator_3.py for tasks to queue
[2024-10-01T00:31:13.922+0000] {logging_mixin.py:188} INFO - [2024-10-01T00:31:13.921+0000] {dagbag.py:538} INFO - Filling up the DagBag from /home/airflow/.local/lib/python3.8/site-packages/airflow/example_dags/example_branch_python_dop_operator_3.py
[2024-10-01T00:31:13.948+0000] {processor.py:840} INFO - DAG(s) 'example_branch_dop_operator_v3' retrieved from /home/airflow/.local/lib/python3.8/site-packages/airflow/example_dags/example_branch_python_dop_operator_3.py
[2024-10-01T00:31:14.001+0000] {logging_mixin.py:188} INFO - [2024-10-01T00:31:14.001+0000] {dag.py:3036} INFO - Sync 1 DAGs
[2024-10-01T00:31:14.077+0000] {logging_mixin.py:188} INFO - [2024-10-01T00:31:14.076+0000] {dag.py:3823} INFO - Setting next_dagrun for example_branch_dop_operator_v3 to 2024-10-01 00:30:00+00:00, run_after=2024-10-01 00:31:00+00:00
[2024-10-01T00:31:14.126+0000] {processor.py:183} INFO - Processing /home/airflow/.local/lib/python3.8/site-packages/airflow/example_dags/example_branch_python_dop_operator_3.py took 0.221 seconds
[2024-10-01T00:31:44.885+0000] {processor.py:161} INFO - Started process (PID=4701) to work on /home/airflow/.local/lib/python3.8/site-packages/airflow/example_dags/example_branch_python_dop_operator_3.py
[2024-10-01T00:31:44.890+0000] {processor.py:830} INFO - Processing file /home/airflow/.local/lib/python3.8/site-packages/airflow/example_dags/example_branch_python_dop_operator_3.py for tasks to queue
[2024-10-01T00:31:44.896+0000] {logging_mixin.py:188} INFO - [2024-10-01T00:31:44.895+0000] {dagbag.py:538} INFO - Filling up the DagBag from /home/airflow/.local/lib/python3.8/site-packages/airflow/example_dags/example_branch_python_dop_operator_3.py
[2024-10-01T00:31:44.936+0000] {processor.py:840} INFO - DAG(s) 'example_branch_dop_operator_v3' retrieved from /home/airflow/.local/lib/python3.8/site-packages/airflow/example_dags/example_branch_python_dop_operator_3.py
[2024-10-01T00:31:45.013+0000] {logging_mixin.py:188} INFO - [2024-10-01T00:31:45.012+0000] {dag.py:3036} INFO - Sync 1 DAGs
[2024-10-01T00:31:45.118+0000] {logging_mixin.py:188} INFO - [2024-10-01T00:31:45.117+0000] {dag.py:3823} INFO - Setting next_dagrun for example_branch_dop_operator_v3 to 2024-10-01 00:30:00+00:00, run_after=2024-10-01 00:31:00+00:00
[2024-10-01T00:31:45.187+0000] {processor.py:183} INFO - Processing /home/airflow/.local/lib/python3.8/site-packages/airflow/example_dags/example_branch_python_dop_operator_3.py took 0.315 seconds
[2024-10-01T00:32:15.337+0000] {processor.py:161} INFO - Started process (PID=4759) to work on /home/airflow/.local/lib/python3.8/site-packages/airflow/example_dags/example_branch_python_dop_operator_3.py
[2024-10-01T00:32:15.342+0000] {processor.py:830} INFO - Processing file /home/airflow/.local/lib/python3.8/site-packages/airflow/example_dags/example_branch_python_dop_operator_3.py for tasks to queue
[2024-10-01T00:32:15.345+0000] {logging_mixin.py:188} INFO - [2024-10-01T00:32:15.345+0000] {dagbag.py:538} INFO - Filling up the DagBag from /home/airflow/.local/lib/python3.8/site-packages/airflow/example_dags/example_branch_python_dop_operator_3.py
[2024-10-01T00:32:15.362+0000] {processor.py:840} INFO - DAG(s) 'example_branch_dop_operator_v3' retrieved from /home/airflow/.local/lib/python3.8/site-packages/airflow/example_dags/example_branch_python_dop_operator_3.py
[2024-10-01T00:32:15.398+0000] {logging_mixin.py:188} INFO - [2024-10-01T00:32:15.398+0000] {dag.py:3036} INFO - Sync 1 DAGs
[2024-10-01T00:32:15.448+0000] {logging_mixin.py:188} INFO - [2024-10-01T00:32:15.448+0000] {dag.py:3823} INFO - Setting next_dagrun for example_branch_dop_operator_v3 to 2024-10-01 00:31:00+00:00, run_after=2024-10-01 00:32:00+00:00
[2024-10-01T00:32:15.486+0000] {processor.py:183} INFO - Processing /home/airflow/.local/lib/python3.8/site-packages/airflow/example_dags/example_branch_python_dop_operator_3.py took 0.157 seconds
[2024-10-01T00:32:45.756+0000] {processor.py:161} INFO - Started process (PID=4825) to work on /home/airflow/.local/lib/python3.8/site-packages/airflow/example_dags/example_branch_python_dop_operator_3.py
[2024-10-01T00:32:45.759+0000] {processor.py:830} INFO - Processing file /home/airflow/.local/lib/python3.8/site-packages/airflow/example_dags/example_branch_python_dop_operator_3.py for tasks to queue
[2024-10-01T00:32:45.763+0000] {logging_mixin.py:188} INFO - [2024-10-01T00:32:45.763+0000] {dagbag.py:538} INFO - Filling up the DagBag from /home/airflow/.local/lib/python3.8/site-packages/airflow/example_dags/example_branch_python_dop_operator_3.py
[2024-10-01T00:32:45.786+0000] {processor.py:840} INFO - DAG(s) 'example_branch_dop_operator_v3' retrieved from /home/airflow/.local/lib/python3.8/site-packages/airflow/example_dags/example_branch_python_dop_operator_3.py
[2024-10-01T00:32:45.837+0000] {logging_mixin.py:188} INFO - [2024-10-01T00:32:45.837+0000] {dag.py:3036} INFO - Sync 1 DAGs
[2024-10-01T00:32:45.907+0000] {logging_mixin.py:188} INFO - [2024-10-01T00:32:45.906+0000] {dag.py:3823} INFO - Setting next_dagrun for example_branch_dop_operator_v3 to 2024-10-01 00:31:00+00:00, run_after=2024-10-01 00:32:00+00:00
[2024-10-01T00:32:45.952+0000] {processor.py:183} INFO - Processing /home/airflow/.local/lib/python3.8/site-packages/airflow/example_dags/example_branch_python_dop_operator_3.py took 0.206 seconds
[2024-10-01T00:33:16.140+0000] {processor.py:161} INFO - Started process (PID=4892) to work on /home/airflow/.local/lib/python3.8/site-packages/airflow/example_dags/example_branch_python_dop_operator_3.py
[2024-10-01T00:33:16.145+0000] {processor.py:830} INFO - Processing file /home/airflow/.local/lib/python3.8/site-packages/airflow/example_dags/example_branch_python_dop_operator_3.py for tasks to queue
[2024-10-01T00:33:16.153+0000] {logging_mixin.py:188} INFO - [2024-10-01T00:33:16.152+0000] {dagbag.py:538} INFO - Filling up the DagBag from /home/airflow/.local/lib/python3.8/site-packages/airflow/example_dags/example_branch_python_dop_operator_3.py
[2024-10-01T00:33:16.189+0000] {processor.py:840} INFO - DAG(s) 'example_branch_dop_operator_v3' retrieved from /home/airflow/.local/lib/python3.8/site-packages/airflow/example_dags/example_branch_python_dop_operator_3.py
[2024-10-01T00:33:16.276+0000] {logging_mixin.py:188} INFO - [2024-10-01T00:33:16.275+0000] {dag.py:3036} INFO - Sync 1 DAGs
[2024-10-01T00:33:16.383+0000] {logging_mixin.py:188} INFO - [2024-10-01T00:33:16.382+0000] {dag.py:3823} INFO - Setting next_dagrun for example_branch_dop_operator_v3 to 2024-10-01 00:32:00+00:00, run_after=2024-10-01 00:33:00+00:00
[2024-10-01T00:33:16.456+0000] {processor.py:183} INFO - Processing /home/airflow/.local/lib/python3.8/site-packages/airflow/example_dags/example_branch_python_dop_operator_3.py took 0.329 seconds
[2024-10-01T00:33:46.588+0000] {processor.py:161} INFO - Started process (PID=4949) to work on /home/airflow/.local/lib/python3.8/site-packages/airflow/example_dags/example_branch_python_dop_operator_3.py
[2024-10-01T00:33:46.591+0000] {processor.py:830} INFO - Processing file /home/airflow/.local/lib/python3.8/site-packages/airflow/example_dags/example_branch_python_dop_operator_3.py for tasks to queue
[2024-10-01T00:33:46.595+0000] {logging_mixin.py:188} INFO - [2024-10-01T00:33:46.595+0000] {dagbag.py:538} INFO - Filling up the DagBag from /home/airflow/.local/lib/python3.8/site-packages/airflow/example_dags/example_branch_python_dop_operator_3.py
[2024-10-01T00:33:46.612+0000] {processor.py:840} INFO - DAG(s) 'example_branch_dop_operator_v3' retrieved from /home/airflow/.local/lib/python3.8/site-packages/airflow/example_dags/example_branch_python_dop_operator_3.py
[2024-10-01T00:33:46.652+0000] {logging_mixin.py:188} INFO - [2024-10-01T00:33:46.652+0000] {dag.py:3036} INFO - Sync 1 DAGs
[2024-10-01T00:33:46.707+0000] {logging_mixin.py:188} INFO - [2024-10-01T00:33:46.706+0000] {dag.py:3823} INFO - Setting next_dagrun for example_branch_dop_operator_v3 to 2024-10-01 00:32:00+00:00, run_after=2024-10-01 00:33:00+00:00
[2024-10-01T00:33:46.743+0000] {processor.py:183} INFO - Processing /home/airflow/.local/lib/python3.8/site-packages/airflow/example_dags/example_branch_python_dop_operator_3.py took 0.161 seconds
[2024-10-01T00:34:16.956+0000] {processor.py:161} INFO - Started process (PID=5015) to work on /home/airflow/.local/lib/python3.8/site-packages/airflow/example_dags/example_branch_python_dop_operator_3.py
[2024-10-01T00:34:16.961+0000] {processor.py:830} INFO - Processing file /home/airflow/.local/lib/python3.8/site-packages/airflow/example_dags/example_branch_python_dop_operator_3.py for tasks to queue
[2024-10-01T00:34:16.970+0000] {logging_mixin.py:188} INFO - [2024-10-01T00:34:16.969+0000] {dagbag.py:538} INFO - Filling up the DagBag from /home/airflow/.local/lib/python3.8/site-packages/airflow/example_dags/example_branch_python_dop_operator_3.py
[2024-10-01T00:34:17.015+0000] {processor.py:840} INFO - DAG(s) 'example_branch_dop_operator_v3' retrieved from /home/airflow/.local/lib/python3.8/site-packages/airflow/example_dags/example_branch_python_dop_operator_3.py
[2024-10-01T00:34:17.105+0000] {logging_mixin.py:188} INFO - [2024-10-01T00:34:17.104+0000] {dag.py:3036} INFO - Sync 1 DAGs
[2024-10-01T00:34:17.230+0000] {logging_mixin.py:188} INFO - [2024-10-01T00:34:17.229+0000] {dag.py:3823} INFO - Setting next_dagrun for example_branch_dop_operator_v3 to 2024-10-01 00:33:00+00:00, run_after=2024-10-01 00:34:00+00:00
[2024-10-01T00:34:17.313+0000] {processor.py:183} INFO - Processing /home/airflow/.local/lib/python3.8/site-packages/airflow/example_dags/example_branch_python_dop_operator_3.py took 0.370 seconds
[2024-10-01T00:34:47.618+0000] {processor.py:161} INFO - Started process (PID=5081) to work on /home/airflow/.local/lib/python3.8/site-packages/airflow/example_dags/example_branch_python_dop_operator_3.py
[2024-10-01T00:34:47.621+0000] {processor.py:830} INFO - Processing file /home/airflow/.local/lib/python3.8/site-packages/airflow/example_dags/example_branch_python_dop_operator_3.py for tasks to queue
[2024-10-01T00:34:47.625+0000] {logging_mixin.py:188} INFO - [2024-10-01T00:34:47.624+0000] {dagbag.py:538} INFO - Filling up the DagBag from /home/airflow/.local/lib/python3.8/site-packages/airflow/example_dags/example_branch_python_dop_operator_3.py
[2024-10-01T00:34:47.647+0000] {processor.py:840} INFO - DAG(s) 'example_branch_dop_operator_v3' retrieved from /home/airflow/.local/lib/python3.8/site-packages/airflow/example_dags/example_branch_python_dop_operator_3.py
[2024-10-01T00:34:47.703+0000] {logging_mixin.py:188} INFO - [2024-10-01T00:34:47.703+0000] {dag.py:3036} INFO - Sync 1 DAGs
[2024-10-01T00:34:47.768+0000] {logging_mixin.py:188} INFO - [2024-10-01T00:34:47.768+0000] {dag.py:3823} INFO - Setting next_dagrun for example_branch_dop_operator_v3 to 2024-10-01 00:33:00+00:00, run_after=2024-10-01 00:34:00+00:00
[2024-10-01T00:34:47.810+0000] {processor.py:183} INFO - Processing /home/airflow/.local/lib/python3.8/site-packages/airflow/example_dags/example_branch_python_dop_operator_3.py took 0.200 seconds
