[2024-10-01T00:00:03.478+0000] {processor.py:161} INFO - Started process (PID=758) to work on /home/airflow/.local/lib/python3.8/site-packages/airflow/example_dags/example_bash_operator.py
[2024-10-01T00:00:03.482+0000] {processor.py:830} INFO - Processing file /home/airflow/.local/lib/python3.8/site-packages/airflow/example_dags/example_bash_operator.py for tasks to queue
[2024-10-01T00:00:03.489+0000] {logging_mixin.py:188} INFO - [2024-10-01T00:00:03.488+0000] {dagbag.py:538} INFO - Filling up the DagBag from /home/airflow/.local/lib/python3.8/site-packages/airflow/example_dags/example_bash_operator.py
[2024-10-01T00:00:03.539+0000] {processor.py:840} INFO - DAG(s) 'example_bash_operator' retrieved from /home/airflow/.local/lib/python3.8/site-packages/airflow/example_dags/example_bash_operator.py
[2024-10-01T00:00:03.683+0000] {logging_mixin.py:188} INFO - [2024-10-01T00:00:03.682+0000] {dag.py:3036} INFO - Sync 1 DAGs
[2024-10-01T00:00:03.786+0000] {logging_mixin.py:188} INFO - [2024-10-01T00:00:03.786+0000] {dag.py:3823} INFO - Setting next_dagrun for example_bash_operator to 2024-09-30 00:00:00+00:00, run_after=2024-10-01 00:00:00+00:00
[2024-10-01T00:00:03.988+0000] {processor.py:183} INFO - Processing /home/airflow/.local/lib/python3.8/site-packages/airflow/example_dags/example_bash_operator.py took 0.525 seconds
[2024-10-01T00:00:34.760+0000] {processor.py:161} INFO - Started process (PID=817) to work on /home/airflow/.local/lib/python3.8/site-packages/airflow/example_dags/example_bash_operator.py
[2024-10-01T00:00:34.773+0000] {processor.py:830} INFO - Processing file /home/airflow/.local/lib/python3.8/site-packages/airflow/example_dags/example_bash_operator.py for tasks to queue
[2024-10-01T00:00:34.776+0000] {logging_mixin.py:188} INFO - [2024-10-01T00:00:34.776+0000] {dagbag.py:538} INFO - Filling up the DagBag from /home/airflow/.local/lib/python3.8/site-packages/airflow/example_dags/example_bash_operator.py
[2024-10-01T00:00:34.798+0000] {processor.py:840} INFO - DAG(s) 'example_bash_operator' retrieved from /home/airflow/.local/lib/python3.8/site-packages/airflow/example_dags/example_bash_operator.py
[2024-10-01T00:00:34.851+0000] {logging_mixin.py:188} INFO - [2024-10-01T00:00:34.850+0000] {dag.py:3036} INFO - Sync 1 DAGs
[2024-10-01T00:00:34.893+0000] {logging_mixin.py:188} INFO - [2024-10-01T00:00:34.893+0000] {dag.py:3823} INFO - Setting next_dagrun for example_bash_operator to 2024-09-30 00:00:00+00:00, run_after=2024-10-01 00:00:00+00:00
[2024-10-01T00:00:34.931+0000] {processor.py:183} INFO - Processing /home/airflow/.local/lib/python3.8/site-packages/airflow/example_dags/example_bash_operator.py took 0.177 seconds
[2024-10-01T00:01:05.305+0000] {processor.py:161} INFO - Started process (PID=883) to work on /home/airflow/.local/lib/python3.8/site-packages/airflow/example_dags/example_bash_operator.py
[2024-10-01T00:01:05.307+0000] {processor.py:830} INFO - Processing file /home/airflow/.local/lib/python3.8/site-packages/airflow/example_dags/example_bash_operator.py for tasks to queue
[2024-10-01T00:01:05.311+0000] {logging_mixin.py:188} INFO - [2024-10-01T00:01:05.310+0000] {dagbag.py:538} INFO - Filling up the DagBag from /home/airflow/.local/lib/python3.8/site-packages/airflow/example_dags/example_bash_operator.py
[2024-10-01T00:01:05.338+0000] {processor.py:840} INFO - DAG(s) 'example_bash_operator' retrieved from /home/airflow/.local/lib/python3.8/site-packages/airflow/example_dags/example_bash_operator.py
[2024-10-01T00:01:05.407+0000] {logging_mixin.py:188} INFO - [2024-10-01T00:01:05.406+0000] {dag.py:3036} INFO - Sync 1 DAGs
[2024-10-01T00:01:05.460+0000] {logging_mixin.py:188} INFO - [2024-10-01T00:01:05.459+0000] {dag.py:3823} INFO - Setting next_dagrun for example_bash_operator to 2024-09-30 00:00:00+00:00, run_after=2024-10-01 00:00:00+00:00
[2024-10-01T00:01:05.504+0000] {processor.py:183} INFO - Processing /home/airflow/.local/lib/python3.8/site-packages/airflow/example_dags/example_bash_operator.py took 0.207 seconds
[2024-10-01T00:01:35.839+0000] {processor.py:161} INFO - Started process (PID=949) to work on /home/airflow/.local/lib/python3.8/site-packages/airflow/example_dags/example_bash_operator.py
[2024-10-01T00:01:35.846+0000] {processor.py:830} INFO - Processing file /home/airflow/.local/lib/python3.8/site-packages/airflow/example_dags/example_bash_operator.py for tasks to queue
[2024-10-01T00:01:35.851+0000] {logging_mixin.py:188} INFO - [2024-10-01T00:01:35.850+0000] {dagbag.py:538} INFO - Filling up the DagBag from /home/airflow/.local/lib/python3.8/site-packages/airflow/example_dags/example_bash_operator.py
[2024-10-01T00:01:35.874+0000] {processor.py:840} INFO - DAG(s) 'example_bash_operator' retrieved from /home/airflow/.local/lib/python3.8/site-packages/airflow/example_dags/example_bash_operator.py
[2024-10-01T00:01:35.933+0000] {logging_mixin.py:188} INFO - [2024-10-01T00:01:35.933+0000] {dag.py:3036} INFO - Sync 1 DAGs
[2024-10-01T00:01:35.979+0000] {logging_mixin.py:188} INFO - [2024-10-01T00:01:35.979+0000] {dag.py:3823} INFO - Setting next_dagrun for example_bash_operator to 2024-09-30 00:00:00+00:00, run_after=2024-10-01 00:00:00+00:00
[2024-10-01T00:01:36.017+0000] {processor.py:183} INFO - Processing /home/airflow/.local/lib/python3.8/site-packages/airflow/example_dags/example_bash_operator.py took 0.184 seconds
[2024-10-01T00:02:06.359+0000] {processor.py:161} INFO - Started process (PID=1014) to work on /home/airflow/.local/lib/python3.8/site-packages/airflow/example_dags/example_bash_operator.py
[2024-10-01T00:02:06.363+0000] {processor.py:830} INFO - Processing file /home/airflow/.local/lib/python3.8/site-packages/airflow/example_dags/example_bash_operator.py for tasks to queue
[2024-10-01T00:02:06.367+0000] {logging_mixin.py:188} INFO - [2024-10-01T00:02:06.366+0000] {dagbag.py:538} INFO - Filling up the DagBag from /home/airflow/.local/lib/python3.8/site-packages/airflow/example_dags/example_bash_operator.py
[2024-10-01T00:02:06.388+0000] {processor.py:840} INFO - DAG(s) 'example_bash_operator' retrieved from /home/airflow/.local/lib/python3.8/site-packages/airflow/example_dags/example_bash_operator.py
[2024-10-01T00:02:06.445+0000] {logging_mixin.py:188} INFO - [2024-10-01T00:02:06.444+0000] {dag.py:3036} INFO - Sync 1 DAGs
[2024-10-01T00:02:06.489+0000] {logging_mixin.py:188} INFO - [2024-10-01T00:02:06.489+0000] {dag.py:3823} INFO - Setting next_dagrun for example_bash_operator to 2024-09-30 00:00:00+00:00, run_after=2024-10-01 00:00:00+00:00
[2024-10-01T00:02:06.531+0000] {processor.py:183} INFO - Processing /home/airflow/.local/lib/python3.8/site-packages/airflow/example_dags/example_bash_operator.py took 0.177 seconds
[2024-10-01T00:02:36.690+0000] {processor.py:161} INFO - Started process (PID=1080) to work on /home/airflow/.local/lib/python3.8/site-packages/airflow/example_dags/example_bash_operator.py
[2024-10-01T00:02:36.693+0000] {processor.py:830} INFO - Processing file /home/airflow/.local/lib/python3.8/site-packages/airflow/example_dags/example_bash_operator.py for tasks to queue
[2024-10-01T00:02:36.696+0000] {logging_mixin.py:188} INFO - [2024-10-01T00:02:36.695+0000] {dagbag.py:538} INFO - Filling up the DagBag from /home/airflow/.local/lib/python3.8/site-packages/airflow/example_dags/example_bash_operator.py
[2024-10-01T00:02:36.726+0000] {processor.py:840} INFO - DAG(s) 'example_bash_operator' retrieved from /home/airflow/.local/lib/python3.8/site-packages/airflow/example_dags/example_bash_operator.py
[2024-10-01T00:02:36.784+0000] {logging_mixin.py:188} INFO - [2024-10-01T00:02:36.784+0000] {dag.py:3036} INFO - Sync 1 DAGs
[2024-10-01T00:02:36.831+0000] {logging_mixin.py:188} INFO - [2024-10-01T00:02:36.830+0000] {dag.py:3823} INFO - Setting next_dagrun for example_bash_operator to 2024-09-30 00:00:00+00:00, run_after=2024-10-01 00:00:00+00:00
[2024-10-01T00:02:36.868+0000] {processor.py:183} INFO - Processing /home/airflow/.local/lib/python3.8/site-packages/airflow/example_dags/example_bash_operator.py took 0.185 seconds
[2024-10-01T00:03:07.443+0000] {processor.py:161} INFO - Started process (PID=1147) to work on /home/airflow/.local/lib/python3.8/site-packages/airflow/example_dags/example_bash_operator.py
[2024-10-01T00:03:07.446+0000] {processor.py:830} INFO - Processing file /home/airflow/.local/lib/python3.8/site-packages/airflow/example_dags/example_bash_operator.py for tasks to queue
[2024-10-01T00:03:07.449+0000] {logging_mixin.py:188} INFO - [2024-10-01T00:03:07.449+0000] {dagbag.py:538} INFO - Filling up the DagBag from /home/airflow/.local/lib/python3.8/site-packages/airflow/example_dags/example_bash_operator.py
[2024-10-01T00:03:07.471+0000] {processor.py:840} INFO - DAG(s) 'example_bash_operator' retrieved from /home/airflow/.local/lib/python3.8/site-packages/airflow/example_dags/example_bash_operator.py
[2024-10-01T00:03:07.526+0000] {logging_mixin.py:188} INFO - [2024-10-01T00:03:07.526+0000] {dag.py:3036} INFO - Sync 1 DAGs
[2024-10-01T00:03:07.570+0000] {logging_mixin.py:188} INFO - [2024-10-01T00:03:07.570+0000] {dag.py:3823} INFO - Setting next_dagrun for example_bash_operator to 2024-09-30 00:00:00+00:00, run_after=2024-10-01 00:00:00+00:00
[2024-10-01T00:03:07.608+0000] {processor.py:183} INFO - Processing /home/airflow/.local/lib/python3.8/site-packages/airflow/example_dags/example_bash_operator.py took 0.171 seconds
[2024-10-01T00:03:37.723+0000] {processor.py:161} INFO - Started process (PID=1213) to work on /home/airflow/.local/lib/python3.8/site-packages/airflow/example_dags/example_bash_operator.py
[2024-10-01T00:03:37.725+0000] {processor.py:830} INFO - Processing file /home/airflow/.local/lib/python3.8/site-packages/airflow/example_dags/example_bash_operator.py for tasks to queue
[2024-10-01T00:03:37.729+0000] {logging_mixin.py:188} INFO - [2024-10-01T00:03:37.728+0000] {dagbag.py:538} INFO - Filling up the DagBag from /home/airflow/.local/lib/python3.8/site-packages/airflow/example_dags/example_bash_operator.py
[2024-10-01T00:03:37.756+0000] {processor.py:840} INFO - DAG(s) 'example_bash_operator' retrieved from /home/airflow/.local/lib/python3.8/site-packages/airflow/example_dags/example_bash_operator.py
[2024-10-01T00:03:37.823+0000] {logging_mixin.py:188} INFO - [2024-10-01T00:03:37.823+0000] {dag.py:3036} INFO - Sync 1 DAGs
[2024-10-01T00:03:37.876+0000] {logging_mixin.py:188} INFO - [2024-10-01T00:03:37.875+0000] {dag.py:3823} INFO - Setting next_dagrun for example_bash_operator to 2024-09-30 00:00:00+00:00, run_after=2024-10-01 00:00:00+00:00
[2024-10-01T00:03:37.915+0000] {processor.py:183} INFO - Processing /home/airflow/.local/lib/python3.8/site-packages/airflow/example_dags/example_bash_operator.py took 0.200 seconds
[2024-10-01T00:04:08.031+0000] {processor.py:161} INFO - Started process (PID=1279) to work on /home/airflow/.local/lib/python3.8/site-packages/airflow/example_dags/example_bash_operator.py
[2024-10-01T00:04:08.034+0000] {processor.py:830} INFO - Processing file /home/airflow/.local/lib/python3.8/site-packages/airflow/example_dags/example_bash_operator.py for tasks to queue
[2024-10-01T00:04:08.039+0000] {logging_mixin.py:188} INFO - [2024-10-01T00:04:08.038+0000] {dagbag.py:538} INFO - Filling up the DagBag from /home/airflow/.local/lib/python3.8/site-packages/airflow/example_dags/example_bash_operator.py
[2024-10-01T00:04:08.078+0000] {processor.py:840} INFO - DAG(s) 'example_bash_operator' retrieved from /home/airflow/.local/lib/python3.8/site-packages/airflow/example_dags/example_bash_operator.py
[2024-10-01T00:04:08.173+0000] {logging_mixin.py:188} INFO - [2024-10-01T00:04:08.173+0000] {dag.py:3036} INFO - Sync 1 DAGs
[2024-10-01T00:04:08.251+0000] {logging_mixin.py:188} INFO - [2024-10-01T00:04:08.250+0000] {dag.py:3823} INFO - Setting next_dagrun for example_bash_operator to 2024-09-30 00:00:00+00:00, run_after=2024-10-01 00:00:00+00:00
[2024-10-01T00:04:08.318+0000] {processor.py:183} INFO - Processing /home/airflow/.local/lib/python3.8/site-packages/airflow/example_dags/example_bash_operator.py took 0.298 seconds
[2024-10-01T00:04:39.307+0000] {processor.py:161} INFO - Started process (PID=1344) to work on /home/airflow/.local/lib/python3.8/site-packages/airflow/example_dags/example_bash_operator.py
[2024-10-01T00:04:39.315+0000] {processor.py:830} INFO - Processing file /home/airflow/.local/lib/python3.8/site-packages/airflow/example_dags/example_bash_operator.py for tasks to queue
[2024-10-01T00:04:39.330+0000] {logging_mixin.py:188} INFO - [2024-10-01T00:04:39.328+0000] {dagbag.py:538} INFO - Filling up the DagBag from /home/airflow/.local/lib/python3.8/site-packages/airflow/example_dags/example_bash_operator.py
[2024-10-01T00:04:39.417+0000] {processor.py:840} INFO - DAG(s) 'example_bash_operator' retrieved from /home/airflow/.local/lib/python3.8/site-packages/airflow/example_dags/example_bash_operator.py
[2024-10-01T00:04:39.633+0000] {logging_mixin.py:188} INFO - [2024-10-01T00:04:39.632+0000] {dag.py:3036} INFO - Sync 1 DAGs
[2024-10-01T00:04:39.780+0000] {logging_mixin.py:188} INFO - [2024-10-01T00:04:39.779+0000] {dag.py:3823} INFO - Setting next_dagrun for example_bash_operator to 2024-09-30 00:00:00+00:00, run_after=2024-10-01 00:00:00+00:00
[2024-10-01T00:04:39.909+0000] {processor.py:183} INFO - Processing /home/airflow/.local/lib/python3.8/site-packages/airflow/example_dags/example_bash_operator.py took 0.631 seconds
[2024-10-01T00:05:10.139+0000] {processor.py:161} INFO - Started process (PID=1401) to work on /home/airflow/.local/lib/python3.8/site-packages/airflow/example_dags/example_bash_operator.py
[2024-10-01T00:05:10.147+0000] {processor.py:830} INFO - Processing file /home/airflow/.local/lib/python3.8/site-packages/airflow/example_dags/example_bash_operator.py for tasks to queue
[2024-10-01T00:05:10.163+0000] {logging_mixin.py:188} INFO - [2024-10-01T00:05:10.162+0000] {dagbag.py:538} INFO - Filling up the DagBag from /home/airflow/.local/lib/python3.8/site-packages/airflow/example_dags/example_bash_operator.py
[2024-10-01T00:05:10.268+0000] {processor.py:840} INFO - DAG(s) 'example_bash_operator' retrieved from /home/airflow/.local/lib/python3.8/site-packages/airflow/example_dags/example_bash_operator.py
[2024-10-01T00:05:10.447+0000] {logging_mixin.py:188} INFO - [2024-10-01T00:05:10.446+0000] {dag.py:3036} INFO - Sync 1 DAGs
[2024-10-01T00:05:10.628+0000] {logging_mixin.py:188} INFO - [2024-10-01T00:05:10.626+0000] {dag.py:3823} INFO - Setting next_dagrun for example_bash_operator to 2024-09-30 00:00:00+00:00, run_after=2024-10-01 00:00:00+00:00
[2024-10-01T00:05:10.758+0000] {processor.py:183} INFO - Processing /home/airflow/.local/lib/python3.8/site-packages/airflow/example_dags/example_bash_operator.py took 0.645 seconds
[2024-10-01T00:05:41.047+0000] {processor.py:161} INFO - Started process (PID=1467) to work on /home/airflow/.local/lib/python3.8/site-packages/airflow/example_dags/example_bash_operator.py
[2024-10-01T00:05:41.049+0000] {processor.py:830} INFO - Processing file /home/airflow/.local/lib/python3.8/site-packages/airflow/example_dags/example_bash_operator.py for tasks to queue
[2024-10-01T00:05:41.054+0000] {logging_mixin.py:188} INFO - [2024-10-01T00:05:41.053+0000] {dagbag.py:538} INFO - Filling up the DagBag from /home/airflow/.local/lib/python3.8/site-packages/airflow/example_dags/example_bash_operator.py
[2024-10-01T00:05:41.084+0000] {processor.py:840} INFO - DAG(s) 'example_bash_operator' retrieved from /home/airflow/.local/lib/python3.8/site-packages/airflow/example_dags/example_bash_operator.py
[2024-10-01T00:05:41.147+0000] {logging_mixin.py:188} INFO - [2024-10-01T00:05:41.147+0000] {dag.py:3036} INFO - Sync 1 DAGs
[2024-10-01T00:05:41.203+0000] {logging_mixin.py:188} INFO - [2024-10-01T00:05:41.202+0000] {dag.py:3823} INFO - Setting next_dagrun for example_bash_operator to 2024-09-30 00:00:00+00:00, run_after=2024-10-01 00:00:00+00:00
[2024-10-01T00:05:41.242+0000] {processor.py:183} INFO - Processing /home/airflow/.local/lib/python3.8/site-packages/airflow/example_dags/example_bash_operator.py took 0.202 seconds
[2024-10-01T00:06:11.749+0000] {processor.py:161} INFO - Started process (PID=1533) to work on /home/airflow/.local/lib/python3.8/site-packages/airflow/example_dags/example_bash_operator.py
[2024-10-01T00:06:11.750+0000] {processor.py:830} INFO - Processing file /home/airflow/.local/lib/python3.8/site-packages/airflow/example_dags/example_bash_operator.py for tasks to queue
[2024-10-01T00:06:11.753+0000] {logging_mixin.py:188} INFO - [2024-10-01T00:06:11.753+0000] {dagbag.py:538} INFO - Filling up the DagBag from /home/airflow/.local/lib/python3.8/site-packages/airflow/example_dags/example_bash_operator.py
[2024-10-01T00:06:11.775+0000] {processor.py:840} INFO - DAG(s) 'example_bash_operator' retrieved from /home/airflow/.local/lib/python3.8/site-packages/airflow/example_dags/example_bash_operator.py
[2024-10-01T00:06:11.827+0000] {logging_mixin.py:188} INFO - [2024-10-01T00:06:11.826+0000] {dag.py:3036} INFO - Sync 1 DAGs
[2024-10-01T00:06:11.865+0000] {logging_mixin.py:188} INFO - [2024-10-01T00:06:11.865+0000] {dag.py:3823} INFO - Setting next_dagrun for example_bash_operator to 2024-09-30 00:00:00+00:00, run_after=2024-10-01 00:00:00+00:00
[2024-10-01T00:06:11.896+0000] {processor.py:183} INFO - Processing /home/airflow/.local/lib/python3.8/site-packages/airflow/example_dags/example_bash_operator.py took 0.153 seconds
[2024-10-01T00:06:42.135+0000] {processor.py:161} INFO - Started process (PID=1599) to work on /home/airflow/.local/lib/python3.8/site-packages/airflow/example_dags/example_bash_operator.py
[2024-10-01T00:06:42.138+0000] {processor.py:830} INFO - Processing file /home/airflow/.local/lib/python3.8/site-packages/airflow/example_dags/example_bash_operator.py for tasks to queue
[2024-10-01T00:06:42.142+0000] {logging_mixin.py:188} INFO - [2024-10-01T00:06:42.141+0000] {dagbag.py:538} INFO - Filling up the DagBag from /home/airflow/.local/lib/python3.8/site-packages/airflow/example_dags/example_bash_operator.py
[2024-10-01T00:06:42.173+0000] {processor.py:840} INFO - DAG(s) 'example_bash_operator' retrieved from /home/airflow/.local/lib/python3.8/site-packages/airflow/example_dags/example_bash_operator.py
[2024-10-01T00:06:42.251+0000] {logging_mixin.py:188} INFO - [2024-10-01T00:06:42.250+0000] {dag.py:3036} INFO - Sync 1 DAGs
[2024-10-01T00:06:42.316+0000] {logging_mixin.py:188} INFO - [2024-10-01T00:06:42.315+0000] {dag.py:3823} INFO - Setting next_dagrun for example_bash_operator to 2024-09-30 00:00:00+00:00, run_after=2024-10-01 00:00:00+00:00
[2024-10-01T00:06:42.361+0000] {processor.py:183} INFO - Processing /home/airflow/.local/lib/python3.8/site-packages/airflow/example_dags/example_bash_operator.py took 0.234 seconds
[2024-10-01T00:07:12.855+0000] {processor.py:161} INFO - Started process (PID=1666) to work on /home/airflow/.local/lib/python3.8/site-packages/airflow/example_dags/example_bash_operator.py
[2024-10-01T00:07:12.858+0000] {processor.py:830} INFO - Processing file /home/airflow/.local/lib/python3.8/site-packages/airflow/example_dags/example_bash_operator.py for tasks to queue
[2024-10-01T00:07:12.862+0000] {logging_mixin.py:188} INFO - [2024-10-01T00:07:12.861+0000] {dagbag.py:538} INFO - Filling up the DagBag from /home/airflow/.local/lib/python3.8/site-packages/airflow/example_dags/example_bash_operator.py
[2024-10-01T00:07:12.893+0000] {processor.py:840} INFO - DAG(s) 'example_bash_operator' retrieved from /home/airflow/.local/lib/python3.8/site-packages/airflow/example_dags/example_bash_operator.py
[2024-10-01T00:07:12.976+0000] {logging_mixin.py:188} INFO - [2024-10-01T00:07:12.975+0000] {dag.py:3036} INFO - Sync 1 DAGs
[2024-10-01T00:07:13.039+0000] {logging_mixin.py:188} INFO - [2024-10-01T00:07:13.038+0000] {dag.py:3823} INFO - Setting next_dagrun for example_bash_operator to 2024-09-30 00:00:00+00:00, run_after=2024-10-01 00:00:00+00:00
[2024-10-01T00:07:13.087+0000] {processor.py:183} INFO - Processing /home/airflow/.local/lib/python3.8/site-packages/airflow/example_dags/example_bash_operator.py took 0.241 seconds
[2024-10-01T00:07:43.670+0000] {processor.py:161} INFO - Started process (PID=1732) to work on /home/airflow/.local/lib/python3.8/site-packages/airflow/example_dags/example_bash_operator.py
[2024-10-01T00:07:43.673+0000] {processor.py:830} INFO - Processing file /home/airflow/.local/lib/python3.8/site-packages/airflow/example_dags/example_bash_operator.py for tasks to queue
[2024-10-01T00:07:43.677+0000] {logging_mixin.py:188} INFO - [2024-10-01T00:07:43.677+0000] {dagbag.py:538} INFO - Filling up the DagBag from /home/airflow/.local/lib/python3.8/site-packages/airflow/example_dags/example_bash_operator.py
[2024-10-01T00:07:43.712+0000] {processor.py:840} INFO - DAG(s) 'example_bash_operator' retrieved from /home/airflow/.local/lib/python3.8/site-packages/airflow/example_dags/example_bash_operator.py
[2024-10-01T00:07:43.808+0000] {logging_mixin.py:188} INFO - [2024-10-01T00:07:43.807+0000] {dag.py:3036} INFO - Sync 1 DAGs
[2024-10-01T00:07:43.886+0000] {logging_mixin.py:188} INFO - [2024-10-01T00:07:43.885+0000] {dag.py:3823} INFO - Setting next_dagrun for example_bash_operator to 2024-09-30 00:00:00+00:00, run_after=2024-10-01 00:00:00+00:00
[2024-10-01T00:07:43.943+0000] {processor.py:183} INFO - Processing /home/airflow/.local/lib/python3.8/site-packages/airflow/example_dags/example_bash_operator.py took 0.283 seconds
[2024-10-01T00:08:14.154+0000] {processor.py:161} INFO - Started process (PID=1798) to work on /home/airflow/.local/lib/python3.8/site-packages/airflow/example_dags/example_bash_operator.py
[2024-10-01T00:08:14.156+0000] {processor.py:830} INFO - Processing file /home/airflow/.local/lib/python3.8/site-packages/airflow/example_dags/example_bash_operator.py for tasks to queue
[2024-10-01T00:08:14.161+0000] {logging_mixin.py:188} INFO - [2024-10-01T00:08:14.160+0000] {dagbag.py:538} INFO - Filling up the DagBag from /home/airflow/.local/lib/python3.8/site-packages/airflow/example_dags/example_bash_operator.py
[2024-10-01T00:08:14.187+0000] {processor.py:840} INFO - DAG(s) 'example_bash_operator' retrieved from /home/airflow/.local/lib/python3.8/site-packages/airflow/example_dags/example_bash_operator.py
[2024-10-01T00:08:14.258+0000] {logging_mixin.py:188} INFO - [2024-10-01T00:08:14.258+0000] {dag.py:3036} INFO - Sync 1 DAGs
[2024-10-01T00:08:14.316+0000] {logging_mixin.py:188} INFO - [2024-10-01T00:08:14.315+0000] {dag.py:3823} INFO - Setting next_dagrun for example_bash_operator to 2024-09-30 00:00:00+00:00, run_after=2024-10-01 00:00:00+00:00
[2024-10-01T00:08:14.363+0000] {processor.py:183} INFO - Processing /home/airflow/.local/lib/python3.8/site-packages/airflow/example_dags/example_bash_operator.py took 0.217 seconds
[2024-10-01T00:08:44.448+0000] {processor.py:161} INFO - Started process (PID=1864) to work on /home/airflow/.local/lib/python3.8/site-packages/airflow/example_dags/example_bash_operator.py
[2024-10-01T00:08:44.451+0000] {processor.py:830} INFO - Processing file /home/airflow/.local/lib/python3.8/site-packages/airflow/example_dags/example_bash_operator.py for tasks to queue
[2024-10-01T00:08:44.456+0000] {logging_mixin.py:188} INFO - [2024-10-01T00:08:44.455+0000] {dagbag.py:538} INFO - Filling up the DagBag from /home/airflow/.local/lib/python3.8/site-packages/airflow/example_dags/example_bash_operator.py
[2024-10-01T00:08:44.484+0000] {processor.py:840} INFO - DAG(s) 'example_bash_operator' retrieved from /home/airflow/.local/lib/python3.8/site-packages/airflow/example_dags/example_bash_operator.py
[2024-10-01T00:08:44.558+0000] {logging_mixin.py:188} INFO - [2024-10-01T00:08:44.557+0000] {dag.py:3036} INFO - Sync 1 DAGs
[2024-10-01T00:08:44.614+0000] {logging_mixin.py:188} INFO - [2024-10-01T00:08:44.614+0000] {dag.py:3823} INFO - Setting next_dagrun for example_bash_operator to 2024-09-30 00:00:00+00:00, run_after=2024-10-01 00:00:00+00:00
[2024-10-01T00:08:44.661+0000] {processor.py:183} INFO - Processing /home/airflow/.local/lib/python3.8/site-packages/airflow/example_dags/example_bash_operator.py took 0.224 seconds
[2024-10-01T00:09:15.572+0000] {processor.py:161} INFO - Started process (PID=1922) to work on /home/airflow/.local/lib/python3.8/site-packages/airflow/example_dags/example_bash_operator.py
[2024-10-01T00:09:15.590+0000] {processor.py:830} INFO - Processing file /home/airflow/.local/lib/python3.8/site-packages/airflow/example_dags/example_bash_operator.py for tasks to queue
[2024-10-01T00:09:15.636+0000] {logging_mixin.py:188} INFO - [2024-10-01T00:09:15.633+0000] {dagbag.py:538} INFO - Filling up the DagBag from /home/airflow/.local/lib/python3.8/site-packages/airflow/example_dags/example_bash_operator.py
[2024-10-01T00:09:15.971+0000] {processor.py:840} INFO - DAG(s) 'example_bash_operator' retrieved from /home/airflow/.local/lib/python3.8/site-packages/airflow/example_dags/example_bash_operator.py
[2024-10-01T00:09:16.464+0000] {logging_mixin.py:188} INFO - [2024-10-01T00:09:16.462+0000] {dag.py:3036} INFO - Sync 1 DAGs
[2024-10-01T00:09:16.803+0000] {logging_mixin.py:188} INFO - [2024-10-01T00:09:16.800+0000] {dag.py:3823} INFO - Setting next_dagrun for example_bash_operator to 2024-09-30 00:00:00+00:00, run_after=2024-10-01 00:00:00+00:00
[2024-10-01T00:09:17.145+0000] {processor.py:183} INFO - Processing /home/airflow/.local/lib/python3.8/site-packages/airflow/example_dags/example_bash_operator.py took 1.656 seconds
[2024-10-01T00:09:47.728+0000] {processor.py:161} INFO - Started process (PID=1987) to work on /home/airflow/.local/lib/python3.8/site-packages/airflow/example_dags/example_bash_operator.py
[2024-10-01T00:09:47.733+0000] {processor.py:830} INFO - Processing file /home/airflow/.local/lib/python3.8/site-packages/airflow/example_dags/example_bash_operator.py for tasks to queue
[2024-10-01T00:09:47.741+0000] {logging_mixin.py:188} INFO - [2024-10-01T00:09:47.740+0000] {dagbag.py:538} INFO - Filling up the DagBag from /home/airflow/.local/lib/python3.8/site-packages/airflow/example_dags/example_bash_operator.py
[2024-10-01T00:09:47.785+0000] {processor.py:840} INFO - DAG(s) 'example_bash_operator' retrieved from /home/airflow/.local/lib/python3.8/site-packages/airflow/example_dags/example_bash_operator.py
[2024-10-01T00:09:47.899+0000] {logging_mixin.py:188} INFO - [2024-10-01T00:09:47.898+0000] {dag.py:3036} INFO - Sync 1 DAGs
[2024-10-01T00:09:47.979+0000] {logging_mixin.py:188} INFO - [2024-10-01T00:09:47.978+0000] {dag.py:3823} INFO - Setting next_dagrun for example_bash_operator to 2024-09-30 00:00:00+00:00, run_after=2024-10-01 00:00:00+00:00
[2024-10-01T00:09:48.046+0000] {processor.py:183} INFO - Processing /home/airflow/.local/lib/python3.8/site-packages/airflow/example_dags/example_bash_operator.py took 0.330 seconds
[2024-10-01T00:10:45.584+0000] {processor.py:161} INFO - Started process (PID=2073) to work on /home/airflow/.local/lib/python3.8/site-packages/airflow/example_dags/example_bash_operator.py
[2024-10-01T00:10:45.596+0000] {processor.py:830} INFO - Processing file /home/airflow/.local/lib/python3.8/site-packages/airflow/example_dags/example_bash_operator.py for tasks to queue
[2024-10-01T00:10:45.619+0000] {logging_mixin.py:188} INFO - [2024-10-01T00:10:45.615+0000] {dagbag.py:538} INFO - Filling up the DagBag from /home/airflow/.local/lib/python3.8/site-packages/airflow/example_dags/example_bash_operator.py
[2024-10-01T00:10:45.847+0000] {processor.py:840} INFO - DAG(s) 'example_bash_operator' retrieved from /home/airflow/.local/lib/python3.8/site-packages/airflow/example_dags/example_bash_operator.py
[2024-10-01T00:10:46.287+0000] {logging_mixin.py:188} INFO - [2024-10-01T00:10:46.285+0000] {dag.py:3036} INFO - Sync 1 DAGs
[2024-10-01T00:10:46.626+0000] {logging_mixin.py:188} INFO - [2024-10-01T00:10:46.624+0000] {dag.py:3823} INFO - Setting next_dagrun for example_bash_operator to 2024-09-30 00:00:00+00:00, run_after=2024-10-01 00:00:00+00:00
[2024-10-01T00:10:46.937+0000] {processor.py:183} INFO - Processing /home/airflow/.local/lib/python3.8/site-packages/airflow/example_dags/example_bash_operator.py took 1.396 seconds
[2024-10-01T00:11:27.897+0000] {processor.py:161} INFO - Started process (PID=2139) to work on /home/airflow/.local/lib/python3.8/site-packages/airflow/example_dags/example_bash_operator.py
[2024-10-01T00:11:27.907+0000] {processor.py:830} INFO - Processing file /home/airflow/.local/lib/python3.8/site-packages/airflow/example_dags/example_bash_operator.py for tasks to queue
[2024-10-01T00:11:27.922+0000] {logging_mixin.py:188} INFO - [2024-10-01T00:11:27.919+0000] {dagbag.py:538} INFO - Filling up the DagBag from /home/airflow/.local/lib/python3.8/site-packages/airflow/example_dags/example_bash_operator.py
[2024-10-01T00:11:28.024+0000] {processor.py:840} INFO - DAG(s) 'example_bash_operator' retrieved from /home/airflow/.local/lib/python3.8/site-packages/airflow/example_dags/example_bash_operator.py
[2024-10-01T00:11:28.320+0000] {logging_mixin.py:188} INFO - [2024-10-01T00:11:28.317+0000] {dag.py:3036} INFO - Sync 1 DAGs
[2024-10-01T00:11:28.653+0000] {logging_mixin.py:188} INFO - [2024-10-01T00:11:28.651+0000] {dag.py:3823} INFO - Setting next_dagrun for example_bash_operator to 2024-09-30 00:00:00+00:00, run_after=2024-10-01 00:00:00+00:00
[2024-10-01T00:11:28.906+0000] {processor.py:183} INFO - Processing /home/airflow/.local/lib/python3.8/site-packages/airflow/example_dags/example_bash_operator.py took 1.042 seconds
[2024-10-01T00:12:02.677+0000] {processor.py:161} INFO - Started process (PID=2202) to work on /home/airflow/.local/lib/python3.8/site-packages/airflow/example_dags/example_bash_operator.py
[2024-10-01T00:12:02.684+0000] {processor.py:830} INFO - Processing file /home/airflow/.local/lib/python3.8/site-packages/airflow/example_dags/example_bash_operator.py for tasks to queue
[2024-10-01T00:12:02.698+0000] {logging_mixin.py:188} INFO - [2024-10-01T00:12:02.695+0000] {dagbag.py:538} INFO - Filling up the DagBag from /home/airflow/.local/lib/python3.8/site-packages/airflow/example_dags/example_bash_operator.py
[2024-10-01T00:12:02.800+0000] {processor.py:840} INFO - DAG(s) 'example_bash_operator' retrieved from /home/airflow/.local/lib/python3.8/site-packages/airflow/example_dags/example_bash_operator.py
[2024-10-01T00:12:03.061+0000] {logging_mixin.py:188} INFO - [2024-10-01T00:12:03.060+0000] {dag.py:3036} INFO - Sync 1 DAGs
[2024-10-01T00:12:03.288+0000] {logging_mixin.py:188} INFO - [2024-10-01T00:12:03.287+0000] {dag.py:3823} INFO - Setting next_dagrun for example_bash_operator to 2024-09-30 00:00:00+00:00, run_after=2024-10-01 00:00:00+00:00
[2024-10-01T00:12:03.467+0000] {processor.py:183} INFO - Processing /home/airflow/.local/lib/python3.8/site-packages/airflow/example_dags/example_bash_operator.py took 0.815 seconds
[2024-10-01T00:12:33.767+0000] {processor.py:161} INFO - Started process (PID=2269) to work on /home/airflow/.local/lib/python3.8/site-packages/airflow/example_dags/example_bash_operator.py
[2024-10-01T00:12:33.772+0000] {processor.py:830} INFO - Processing file /home/airflow/.local/lib/python3.8/site-packages/airflow/example_dags/example_bash_operator.py for tasks to queue
[2024-10-01T00:12:33.780+0000] {logging_mixin.py:188} INFO - [2024-10-01T00:12:33.779+0000] {dagbag.py:538} INFO - Filling up the DagBag from /home/airflow/.local/lib/python3.8/site-packages/airflow/example_dags/example_bash_operator.py
[2024-10-01T00:12:33.842+0000] {processor.py:840} INFO - DAG(s) 'example_bash_operator' retrieved from /home/airflow/.local/lib/python3.8/site-packages/airflow/example_dags/example_bash_operator.py
[2024-10-01T00:12:34.009+0000] {logging_mixin.py:188} INFO - [2024-10-01T00:12:34.007+0000] {dag.py:3036} INFO - Sync 1 DAGs
[2024-10-01T00:12:34.140+0000] {logging_mixin.py:188} INFO - [2024-10-01T00:12:34.138+0000] {dag.py:3823} INFO - Setting next_dagrun for example_bash_operator to 2024-09-30 00:00:00+00:00, run_after=2024-10-01 00:00:00+00:00
[2024-10-01T00:12:34.234+0000] {processor.py:183} INFO - Processing /home/airflow/.local/lib/python3.8/site-packages/airflow/example_dags/example_bash_operator.py took 0.484 seconds
[2024-10-01T00:13:04.595+0000] {processor.py:161} INFO - Started process (PID=2335) to work on /home/airflow/.local/lib/python3.8/site-packages/airflow/example_dags/example_bash_operator.py
[2024-10-01T00:13:04.598+0000] {processor.py:830} INFO - Processing file /home/airflow/.local/lib/python3.8/site-packages/airflow/example_dags/example_bash_operator.py for tasks to queue
[2024-10-01T00:13:04.603+0000] {logging_mixin.py:188} INFO - [2024-10-01T00:13:04.602+0000] {dagbag.py:538} INFO - Filling up the DagBag from /home/airflow/.local/lib/python3.8/site-packages/airflow/example_dags/example_bash_operator.py
[2024-10-01T00:13:04.636+0000] {processor.py:840} INFO - DAG(s) 'example_bash_operator' retrieved from /home/airflow/.local/lib/python3.8/site-packages/airflow/example_dags/example_bash_operator.py
[2024-10-01T00:13:04.719+0000] {logging_mixin.py:188} INFO - [2024-10-01T00:13:04.718+0000] {dag.py:3036} INFO - Sync 1 DAGs
[2024-10-01T00:13:04.800+0000] {logging_mixin.py:188} INFO - [2024-10-01T00:13:04.799+0000] {dag.py:3823} INFO - Setting next_dagrun for example_bash_operator to 2024-09-30 00:00:00+00:00, run_after=2024-10-01 00:00:00+00:00
[2024-10-01T00:13:04.851+0000] {processor.py:183} INFO - Processing /home/airflow/.local/lib/python3.8/site-packages/airflow/example_dags/example_bash_operator.py took 0.265 seconds
[2024-10-01T00:13:35.610+0000] {processor.py:161} INFO - Started process (PID=2393) to work on /home/airflow/.local/lib/python3.8/site-packages/airflow/example_dags/example_bash_operator.py
[2024-10-01T00:13:35.613+0000] {processor.py:830} INFO - Processing file /home/airflow/.local/lib/python3.8/site-packages/airflow/example_dags/example_bash_operator.py for tasks to queue
[2024-10-01T00:13:35.617+0000] {logging_mixin.py:188} INFO - [2024-10-01T00:13:35.616+0000] {dagbag.py:538} INFO - Filling up the DagBag from /home/airflow/.local/lib/python3.8/site-packages/airflow/example_dags/example_bash_operator.py
[2024-10-01T00:13:35.646+0000] {processor.py:840} INFO - DAG(s) 'example_bash_operator' retrieved from /home/airflow/.local/lib/python3.8/site-packages/airflow/example_dags/example_bash_operator.py
[2024-10-01T00:13:35.701+0000] {logging_mixin.py:188} INFO - [2024-10-01T00:13:35.700+0000] {dag.py:3036} INFO - Sync 1 DAGs
[2024-10-01T00:13:35.744+0000] {logging_mixin.py:188} INFO - [2024-10-01T00:13:35.743+0000] {dag.py:3823} INFO - Setting next_dagrun for example_bash_operator to 2024-09-30 00:00:00+00:00, run_after=2024-10-01 00:00:00+00:00
[2024-10-01T00:13:35.775+0000] {processor.py:183} INFO - Processing /home/airflow/.local/lib/python3.8/site-packages/airflow/example_dags/example_bash_operator.py took 0.172 seconds
[2024-10-01T00:14:06.008+0000] {processor.py:161} INFO - Started process (PID=2459) to work on /home/airflow/.local/lib/python3.8/site-packages/airflow/example_dags/example_bash_operator.py
[2024-10-01T00:14:06.011+0000] {processor.py:830} INFO - Processing file /home/airflow/.local/lib/python3.8/site-packages/airflow/example_dags/example_bash_operator.py for tasks to queue
[2024-10-01T00:14:06.014+0000] {logging_mixin.py:188} INFO - [2024-10-01T00:14:06.013+0000] {dagbag.py:538} INFO - Filling up the DagBag from /home/airflow/.local/lib/python3.8/site-packages/airflow/example_dags/example_bash_operator.py
[2024-10-01T00:14:06.039+0000] {processor.py:840} INFO - DAG(s) 'example_bash_operator' retrieved from /home/airflow/.local/lib/python3.8/site-packages/airflow/example_dags/example_bash_operator.py
[2024-10-01T00:14:06.100+0000] {logging_mixin.py:188} INFO - [2024-10-01T00:14:06.099+0000] {dag.py:3036} INFO - Sync 1 DAGs
[2024-10-01T00:14:06.358+0000] {logging_mixin.py:188} INFO - [2024-10-01T00:14:06.358+0000] {dag.py:3823} INFO - Setting next_dagrun for example_bash_operator to 2024-09-30 00:00:00+00:00, run_after=2024-10-01 00:00:00+00:00
[2024-10-01T00:14:06.398+0000] {processor.py:183} INFO - Processing /home/airflow/.local/lib/python3.8/site-packages/airflow/example_dags/example_bash_operator.py took 0.396 seconds
[2024-10-01T00:14:36.539+0000] {processor.py:161} INFO - Started process (PID=2533) to work on /home/airflow/.local/lib/python3.8/site-packages/airflow/example_dags/example_bash_operator.py
[2024-10-01T00:14:36.541+0000] {processor.py:830} INFO - Processing file /home/airflow/.local/lib/python3.8/site-packages/airflow/example_dags/example_bash_operator.py for tasks to queue
[2024-10-01T00:14:36.544+0000] {logging_mixin.py:188} INFO - [2024-10-01T00:14:36.544+0000] {dagbag.py:538} INFO - Filling up the DagBag from /home/airflow/.local/lib/python3.8/site-packages/airflow/example_dags/example_bash_operator.py
[2024-10-01T00:14:36.565+0000] {processor.py:840} INFO - DAG(s) 'example_bash_operator' retrieved from /home/airflow/.local/lib/python3.8/site-packages/airflow/example_dags/example_bash_operator.py
[2024-10-01T00:14:36.616+0000] {logging_mixin.py:188} INFO - [2024-10-01T00:14:36.615+0000] {dag.py:3036} INFO - Sync 1 DAGs
[2024-10-01T00:14:36.657+0000] {logging_mixin.py:188} INFO - [2024-10-01T00:14:36.657+0000] {dag.py:3823} INFO - Setting next_dagrun for example_bash_operator to 2024-09-30 00:00:00+00:00, run_after=2024-10-01 00:00:00+00:00
[2024-10-01T00:14:36.685+0000] {processor.py:183} INFO - Processing /home/airflow/.local/lib/python3.8/site-packages/airflow/example_dags/example_bash_operator.py took 0.153 seconds
[2024-10-01T00:15:07.654+0000] {processor.py:161} INFO - Started process (PID=2600) to work on /home/airflow/.local/lib/python3.8/site-packages/airflow/example_dags/example_bash_operator.py
[2024-10-01T00:15:07.658+0000] {processor.py:830} INFO - Processing file /home/airflow/.local/lib/python3.8/site-packages/airflow/example_dags/example_bash_operator.py for tasks to queue
[2024-10-01T00:15:07.664+0000] {logging_mixin.py:188} INFO - [2024-10-01T00:15:07.663+0000] {dagbag.py:538} INFO - Filling up the DagBag from /home/airflow/.local/lib/python3.8/site-packages/airflow/example_dags/example_bash_operator.py
[2024-10-01T00:15:07.703+0000] {processor.py:840} INFO - DAG(s) 'example_bash_operator' retrieved from /home/airflow/.local/lib/python3.8/site-packages/airflow/example_dags/example_bash_operator.py
[2024-10-01T00:15:07.797+0000] {logging_mixin.py:188} INFO - [2024-10-01T00:15:07.796+0000] {dag.py:3036} INFO - Sync 1 DAGs
[2024-10-01T00:15:07.873+0000] {logging_mixin.py:188} INFO - [2024-10-01T00:15:07.872+0000] {dag.py:3823} INFO - Setting next_dagrun for example_bash_operator to 2024-09-30 00:00:00+00:00, run_after=2024-10-01 00:00:00+00:00
[2024-10-01T00:15:07.931+0000] {processor.py:183} INFO - Processing /home/airflow/.local/lib/python3.8/site-packages/airflow/example_dags/example_bash_operator.py took 0.287 seconds
[2024-10-01T00:15:40.385+0000] {processor.py:161} INFO - Started process (PID=2666) to work on /home/airflow/.local/lib/python3.8/site-packages/airflow/example_dags/example_bash_operator.py
[2024-10-01T00:15:40.399+0000] {processor.py:830} INFO - Processing file /home/airflow/.local/lib/python3.8/site-packages/airflow/example_dags/example_bash_operator.py for tasks to queue
[2024-10-01T00:15:40.433+0000] {logging_mixin.py:188} INFO - [2024-10-01T00:15:40.422+0000] {dagbag.py:538} INFO - Filling up the DagBag from /home/airflow/.local/lib/python3.8/site-packages/airflow/example_dags/example_bash_operator.py
[2024-10-01T00:15:40.631+0000] {processor.py:840} INFO - DAG(s) 'example_bash_operator' retrieved from /home/airflow/.local/lib/python3.8/site-packages/airflow/example_dags/example_bash_operator.py
[2024-10-01T00:15:42.357+0000] {logging_mixin.py:188} INFO - [2024-10-01T00:15:42.355+0000] {dag.py:3036} INFO - Sync 1 DAGs
[2024-10-01T00:15:42.676+0000] {logging_mixin.py:188} INFO - [2024-10-01T00:15:42.672+0000] {dag.py:3823} INFO - Setting next_dagrun for example_bash_operator to 2024-09-30 00:00:00+00:00, run_after=2024-10-01 00:00:00+00:00
[2024-10-01T00:15:42.906+0000] {processor.py:183} INFO - Processing /home/airflow/.local/lib/python3.8/site-packages/airflow/example_dags/example_bash_operator.py took 2.605 seconds
[2024-10-01T00:16:39.592+0000] {processor.py:161} INFO - Started process (PID=2763) to work on /home/airflow/.local/lib/python3.8/site-packages/airflow/example_dags/example_bash_operator.py
[2024-10-01T00:16:39.594+0000] {processor.py:830} INFO - Processing file /home/airflow/.local/lib/python3.8/site-packages/airflow/example_dags/example_bash_operator.py for tasks to queue
[2024-10-01T00:16:39.598+0000] {logging_mixin.py:188} INFO - [2024-10-01T00:16:39.597+0000] {dagbag.py:538} INFO - Filling up the DagBag from /home/airflow/.local/lib/python3.8/site-packages/airflow/example_dags/example_bash_operator.py
[2024-10-01T00:16:39.882+0000] {processor.py:840} INFO - DAG(s) 'example_bash_operator' retrieved from /home/airflow/.local/lib/python3.8/site-packages/airflow/example_dags/example_bash_operator.py
[2024-10-01T00:16:39.956+0000] {logging_mixin.py:188} INFO - [2024-10-01T00:16:39.955+0000] {dag.py:3036} INFO - Sync 1 DAGs
[2024-10-01T00:16:40.010+0000] {logging_mixin.py:188} INFO - [2024-10-01T00:16:40.009+0000] {dag.py:3823} INFO - Setting next_dagrun for example_bash_operator to 2024-09-30 00:00:00+00:00, run_after=2024-10-01 00:00:00+00:00
[2024-10-01T00:16:40.056+0000] {processor.py:183} INFO - Processing /home/airflow/.local/lib/python3.8/site-packages/airflow/example_dags/example_bash_operator.py took 0.472 seconds
[2024-10-01T00:17:10.957+0000] {processor.py:161} INFO - Started process (PID=2829) to work on /home/airflow/.local/lib/python3.8/site-packages/airflow/example_dags/example_bash_operator.py
[2024-10-01T00:17:10.965+0000] {processor.py:830} INFO - Processing file /home/airflow/.local/lib/python3.8/site-packages/airflow/example_dags/example_bash_operator.py for tasks to queue
[2024-10-01T00:17:10.971+0000] {logging_mixin.py:188} INFO - [2024-10-01T00:17:10.970+0000] {dagbag.py:538} INFO - Filling up the DagBag from /home/airflow/.local/lib/python3.8/site-packages/airflow/example_dags/example_bash_operator.py
[2024-10-01T00:17:11.014+0000] {processor.py:840} INFO - DAG(s) 'example_bash_operator' retrieved from /home/airflow/.local/lib/python3.8/site-packages/airflow/example_dags/example_bash_operator.py
[2024-10-01T00:17:11.104+0000] {logging_mixin.py:188} INFO - [2024-10-01T00:17:11.103+0000] {dag.py:3036} INFO - Sync 1 DAGs
[2024-10-01T00:17:11.160+0000] {logging_mixin.py:188} INFO - [2024-10-01T00:17:11.160+0000] {dag.py:3823} INFO - Setting next_dagrun for example_bash_operator to 2024-09-30 00:00:00+00:00, run_after=2024-10-01 00:00:00+00:00
[2024-10-01T00:17:11.216+0000] {processor.py:183} INFO - Processing /home/airflow/.local/lib/python3.8/site-packages/airflow/example_dags/example_bash_operator.py took 0.269 seconds
[2024-10-01T00:17:42.410+0000] {processor.py:161} INFO - Started process (PID=2898) to work on /home/airflow/.local/lib/python3.8/site-packages/airflow/example_dags/example_bash_operator.py
[2024-10-01T00:17:42.412+0000] {processor.py:830} INFO - Processing file /home/airflow/.local/lib/python3.8/site-packages/airflow/example_dags/example_bash_operator.py for tasks to queue
[2024-10-01T00:17:42.415+0000] {logging_mixin.py:188} INFO - [2024-10-01T00:17:42.414+0000] {dagbag.py:538} INFO - Filling up the DagBag from /home/airflow/.local/lib/python3.8/site-packages/airflow/example_dags/example_bash_operator.py
[2024-10-01T00:17:42.436+0000] {processor.py:840} INFO - DAG(s) 'example_bash_operator' retrieved from /home/airflow/.local/lib/python3.8/site-packages/airflow/example_dags/example_bash_operator.py
[2024-10-01T00:17:42.504+0000] {logging_mixin.py:188} INFO - [2024-10-01T00:17:42.503+0000] {dag.py:3036} INFO - Sync 1 DAGs
[2024-10-01T00:17:42.556+0000] {logging_mixin.py:188} INFO - [2024-10-01T00:17:42.556+0000] {dag.py:3823} INFO - Setting next_dagrun for example_bash_operator to 2024-09-30 00:00:00+00:00, run_after=2024-10-01 00:00:00+00:00
[2024-10-01T00:17:42.597+0000] {processor.py:183} INFO - Processing /home/airflow/.local/lib/python3.8/site-packages/airflow/example_dags/example_bash_operator.py took 0.192 seconds
[2024-10-01T00:18:12.657+0000] {processor.py:161} INFO - Started process (PID=2964) to work on /home/airflow/.local/lib/python3.8/site-packages/airflow/example_dags/example_bash_operator.py
[2024-10-01T00:18:12.659+0000] {processor.py:830} INFO - Processing file /home/airflow/.local/lib/python3.8/site-packages/airflow/example_dags/example_bash_operator.py for tasks to queue
[2024-10-01T00:18:12.661+0000] {logging_mixin.py:188} INFO - [2024-10-01T00:18:12.661+0000] {dagbag.py:538} INFO - Filling up the DagBag from /home/airflow/.local/lib/python3.8/site-packages/airflow/example_dags/example_bash_operator.py
[2024-10-01T00:18:12.679+0000] {processor.py:840} INFO - DAG(s) 'example_bash_operator' retrieved from /home/airflow/.local/lib/python3.8/site-packages/airflow/example_dags/example_bash_operator.py
[2024-10-01T00:18:12.732+0000] {logging_mixin.py:188} INFO - [2024-10-01T00:18:12.731+0000] {dag.py:3036} INFO - Sync 1 DAGs
[2024-10-01T00:18:12.774+0000] {logging_mixin.py:188} INFO - [2024-10-01T00:18:12.774+0000] {dag.py:3823} INFO - Setting next_dagrun for example_bash_operator to 2024-09-30 00:00:00+00:00, run_after=2024-10-01 00:00:00+00:00
[2024-10-01T00:18:12.806+0000] {processor.py:183} INFO - Processing /home/airflow/.local/lib/python3.8/site-packages/airflow/example_dags/example_bash_operator.py took 0.153 seconds
[2024-10-01T00:18:42.957+0000] {processor.py:161} INFO - Started process (PID=3037) to work on /home/airflow/.local/lib/python3.8/site-packages/airflow/example_dags/example_bash_operator.py
[2024-10-01T00:18:42.959+0000] {processor.py:830} INFO - Processing file /home/airflow/.local/lib/python3.8/site-packages/airflow/example_dags/example_bash_operator.py for tasks to queue
[2024-10-01T00:18:42.962+0000] {logging_mixin.py:188} INFO - [2024-10-01T00:18:42.961+0000] {dagbag.py:538} INFO - Filling up the DagBag from /home/airflow/.local/lib/python3.8/site-packages/airflow/example_dags/example_bash_operator.py
[2024-10-01T00:18:42.982+0000] {processor.py:840} INFO - DAG(s) 'example_bash_operator' retrieved from /home/airflow/.local/lib/python3.8/site-packages/airflow/example_dags/example_bash_operator.py
[2024-10-01T00:18:43.032+0000] {logging_mixin.py:188} INFO - [2024-10-01T00:18:43.031+0000] {dag.py:3036} INFO - Sync 1 DAGs
[2024-10-01T00:18:43.084+0000] {logging_mixin.py:188} INFO - [2024-10-01T00:18:43.084+0000] {dag.py:3823} INFO - Setting next_dagrun for example_bash_operator to 2024-09-30 00:00:00+00:00, run_after=2024-10-01 00:00:00+00:00
[2024-10-01T00:18:43.123+0000] {processor.py:183} INFO - Processing /home/airflow/.local/lib/python3.8/site-packages/airflow/example_dags/example_bash_operator.py took 0.173 seconds
[2024-10-01T00:19:13.447+0000] {processor.py:161} INFO - Started process (PID=3104) to work on /home/airflow/.local/lib/python3.8/site-packages/airflow/example_dags/example_bash_operator.py
[2024-10-01T00:19:13.450+0000] {processor.py:830} INFO - Processing file /home/airflow/.local/lib/python3.8/site-packages/airflow/example_dags/example_bash_operator.py for tasks to queue
[2024-10-01T00:19:13.453+0000] {logging_mixin.py:188} INFO - [2024-10-01T00:19:13.453+0000] {dagbag.py:538} INFO - Filling up the DagBag from /home/airflow/.local/lib/python3.8/site-packages/airflow/example_dags/example_bash_operator.py
[2024-10-01T00:19:13.480+0000] {processor.py:840} INFO - DAG(s) 'example_bash_operator' retrieved from /home/airflow/.local/lib/python3.8/site-packages/airflow/example_dags/example_bash_operator.py
[2024-10-01T00:19:13.538+0000] {logging_mixin.py:188} INFO - [2024-10-01T00:19:13.538+0000] {dag.py:3036} INFO - Sync 1 DAGs
[2024-10-01T00:19:13.577+0000] {logging_mixin.py:188} INFO - [2024-10-01T00:19:13.576+0000] {dag.py:3823} INFO - Setting next_dagrun for example_bash_operator to 2024-09-30 00:00:00+00:00, run_after=2024-10-01 00:00:00+00:00
[2024-10-01T00:19:13.606+0000] {processor.py:183} INFO - Processing /home/airflow/.local/lib/python3.8/site-packages/airflow/example_dags/example_bash_operator.py took 0.166 seconds
[2024-10-01T00:19:44.057+0000] {processor.py:161} INFO - Started process (PID=3171) to work on /home/airflow/.local/lib/python3.8/site-packages/airflow/example_dags/example_bash_operator.py
[2024-10-01T00:19:44.060+0000] {processor.py:830} INFO - Processing file /home/airflow/.local/lib/python3.8/site-packages/airflow/example_dags/example_bash_operator.py for tasks to queue
[2024-10-01T00:19:44.065+0000] {logging_mixin.py:188} INFO - [2024-10-01T00:19:44.064+0000] {dagbag.py:538} INFO - Filling up the DagBag from /home/airflow/.local/lib/python3.8/site-packages/airflow/example_dags/example_bash_operator.py
[2024-10-01T00:19:44.094+0000] {processor.py:840} INFO - DAG(s) 'example_bash_operator' retrieved from /home/airflow/.local/lib/python3.8/site-packages/airflow/example_dags/example_bash_operator.py
[2024-10-01T00:19:44.160+0000] {logging_mixin.py:188} INFO - [2024-10-01T00:19:44.159+0000] {dag.py:3036} INFO - Sync 1 DAGs
[2024-10-01T00:19:44.236+0000] {logging_mixin.py:188} INFO - [2024-10-01T00:19:44.235+0000] {dag.py:3823} INFO - Setting next_dagrun for example_bash_operator to 2024-09-30 00:00:00+00:00, run_after=2024-10-01 00:00:00+00:00
[2024-10-01T00:19:44.288+0000] {processor.py:183} INFO - Processing /home/airflow/.local/lib/python3.8/site-packages/airflow/example_dags/example_bash_operator.py took 0.240 seconds
[2024-10-01T00:20:14.509+0000] {processor.py:161} INFO - Started process (PID=3237) to work on /home/airflow/.local/lib/python3.8/site-packages/airflow/example_dags/example_bash_operator.py
[2024-10-01T00:20:14.510+0000] {processor.py:830} INFO - Processing file /home/airflow/.local/lib/python3.8/site-packages/airflow/example_dags/example_bash_operator.py for tasks to queue
[2024-10-01T00:20:14.513+0000] {logging_mixin.py:188} INFO - [2024-10-01T00:20:14.513+0000] {dagbag.py:538} INFO - Filling up the DagBag from /home/airflow/.local/lib/python3.8/site-packages/airflow/example_dags/example_bash_operator.py
[2024-10-01T00:20:14.531+0000] {processor.py:840} INFO - DAG(s) 'example_bash_operator' retrieved from /home/airflow/.local/lib/python3.8/site-packages/airflow/example_dags/example_bash_operator.py
[2024-10-01T00:20:14.587+0000] {logging_mixin.py:188} INFO - [2024-10-01T00:20:14.587+0000] {dag.py:3036} INFO - Sync 1 DAGs
[2024-10-01T00:20:14.633+0000] {logging_mixin.py:188} INFO - [2024-10-01T00:20:14.633+0000] {dag.py:3823} INFO - Setting next_dagrun for example_bash_operator to 2024-09-30 00:00:00+00:00, run_after=2024-10-01 00:00:00+00:00
[2024-10-01T00:20:14.675+0000] {processor.py:183} INFO - Processing /home/airflow/.local/lib/python3.8/site-packages/airflow/example_dags/example_bash_operator.py took 0.172 seconds
[2024-10-01T00:20:44.884+0000] {processor.py:161} INFO - Started process (PID=3303) to work on /home/airflow/.local/lib/python3.8/site-packages/airflow/example_dags/example_bash_operator.py
[2024-10-01T00:20:44.886+0000] {processor.py:830} INFO - Processing file /home/airflow/.local/lib/python3.8/site-packages/airflow/example_dags/example_bash_operator.py for tasks to queue
[2024-10-01T00:20:44.889+0000] {logging_mixin.py:188} INFO - [2024-10-01T00:20:44.888+0000] {dagbag.py:538} INFO - Filling up the DagBag from /home/airflow/.local/lib/python3.8/site-packages/airflow/example_dags/example_bash_operator.py
[2024-10-01T00:20:44.908+0000] {processor.py:840} INFO - DAG(s) 'example_bash_operator' retrieved from /home/airflow/.local/lib/python3.8/site-packages/airflow/example_dags/example_bash_operator.py
[2024-10-01T00:20:44.962+0000] {logging_mixin.py:188} INFO - [2024-10-01T00:20:44.962+0000] {dag.py:3036} INFO - Sync 1 DAGs
[2024-10-01T00:20:45.001+0000] {logging_mixin.py:188} INFO - [2024-10-01T00:20:45.001+0000] {dag.py:3823} INFO - Setting next_dagrun for example_bash_operator to 2024-09-30 00:00:00+00:00, run_after=2024-10-01 00:00:00+00:00
[2024-10-01T00:20:45.036+0000] {processor.py:183} INFO - Processing /home/airflow/.local/lib/python3.8/site-packages/airflow/example_dags/example_bash_operator.py took 0.157 seconds
[2024-10-01T00:21:15.644+0000] {processor.py:161} INFO - Started process (PID=3369) to work on /home/airflow/.local/lib/python3.8/site-packages/airflow/example_dags/example_bash_operator.py
[2024-10-01T00:21:15.646+0000] {processor.py:830} INFO - Processing file /home/airflow/.local/lib/python3.8/site-packages/airflow/example_dags/example_bash_operator.py for tasks to queue
[2024-10-01T00:21:15.650+0000] {logging_mixin.py:188} INFO - [2024-10-01T00:21:15.649+0000] {dagbag.py:538} INFO - Filling up the DagBag from /home/airflow/.local/lib/python3.8/site-packages/airflow/example_dags/example_bash_operator.py
[2024-10-01T00:21:15.672+0000] {processor.py:840} INFO - DAG(s) 'example_bash_operator' retrieved from /home/airflow/.local/lib/python3.8/site-packages/airflow/example_dags/example_bash_operator.py
[2024-10-01T00:21:15.730+0000] {logging_mixin.py:188} INFO - [2024-10-01T00:21:15.729+0000] {dag.py:3036} INFO - Sync 1 DAGs
[2024-10-01T00:21:15.777+0000] {logging_mixin.py:188} INFO - [2024-10-01T00:21:15.776+0000] {dag.py:3823} INFO - Setting next_dagrun for example_bash_operator to 2024-09-30 00:00:00+00:00, run_after=2024-10-01 00:00:00+00:00
[2024-10-01T00:21:15.811+0000] {processor.py:183} INFO - Processing /home/airflow/.local/lib/python3.8/site-packages/airflow/example_dags/example_bash_operator.py took 0.176 seconds
[2024-10-01T00:21:46.270+0000] {processor.py:161} INFO - Started process (PID=3435) to work on /home/airflow/.local/lib/python3.8/site-packages/airflow/example_dags/example_bash_operator.py
[2024-10-01T00:21:46.272+0000] {processor.py:830} INFO - Processing file /home/airflow/.local/lib/python3.8/site-packages/airflow/example_dags/example_bash_operator.py for tasks to queue
[2024-10-01T00:21:46.275+0000] {logging_mixin.py:188} INFO - [2024-10-01T00:21:46.275+0000] {dagbag.py:538} INFO - Filling up the DagBag from /home/airflow/.local/lib/python3.8/site-packages/airflow/example_dags/example_bash_operator.py
[2024-10-01T00:21:46.294+0000] {processor.py:840} INFO - DAG(s) 'example_bash_operator' retrieved from /home/airflow/.local/lib/python3.8/site-packages/airflow/example_dags/example_bash_operator.py
[2024-10-01T00:21:46.340+0000] {logging_mixin.py:188} INFO - [2024-10-01T00:21:46.339+0000] {dag.py:3036} INFO - Sync 1 DAGs
[2024-10-01T00:21:46.381+0000] {logging_mixin.py:188} INFO - [2024-10-01T00:21:46.380+0000] {dag.py:3823} INFO - Setting next_dagrun for example_bash_operator to 2024-09-30 00:00:00+00:00, run_after=2024-10-01 00:00:00+00:00
[2024-10-01T00:21:46.411+0000] {processor.py:183} INFO - Processing /home/airflow/.local/lib/python3.8/site-packages/airflow/example_dags/example_bash_operator.py took 0.147 seconds
[2024-10-01T00:22:17.017+0000] {processor.py:161} INFO - Started process (PID=3510) to work on /home/airflow/.local/lib/python3.8/site-packages/airflow/example_dags/example_bash_operator.py
[2024-10-01T00:22:17.019+0000] {processor.py:830} INFO - Processing file /home/airflow/.local/lib/python3.8/site-packages/airflow/example_dags/example_bash_operator.py for tasks to queue
[2024-10-01T00:22:17.022+0000] {logging_mixin.py:188} INFO - [2024-10-01T00:22:17.022+0000] {dagbag.py:538} INFO - Filling up the DagBag from /home/airflow/.local/lib/python3.8/site-packages/airflow/example_dags/example_bash_operator.py
[2024-10-01T00:22:17.049+0000] {processor.py:840} INFO - DAG(s) 'example_bash_operator' retrieved from /home/airflow/.local/lib/python3.8/site-packages/airflow/example_dags/example_bash_operator.py
[2024-10-01T00:22:17.108+0000] {logging_mixin.py:188} INFO - [2024-10-01T00:22:17.107+0000] {dag.py:3036} INFO - Sync 1 DAGs
[2024-10-01T00:22:17.156+0000] {logging_mixin.py:188} INFO - [2024-10-01T00:22:17.155+0000] {dag.py:3823} INFO - Setting next_dagrun for example_bash_operator to 2024-09-30 00:00:00+00:00, run_after=2024-10-01 00:00:00+00:00
[2024-10-01T00:22:17.203+0000] {processor.py:183} INFO - Processing /home/airflow/.local/lib/python3.8/site-packages/airflow/example_dags/example_bash_operator.py took 0.193 seconds
[2024-10-01T00:22:47.428+0000] {processor.py:161} INFO - Started process (PID=3576) to work on /home/airflow/.local/lib/python3.8/site-packages/airflow/example_dags/example_bash_operator.py
[2024-10-01T00:22:47.431+0000] {processor.py:830} INFO - Processing file /home/airflow/.local/lib/python3.8/site-packages/airflow/example_dags/example_bash_operator.py for tasks to queue
[2024-10-01T00:22:47.434+0000] {logging_mixin.py:188} INFO - [2024-10-01T00:22:47.434+0000] {dagbag.py:538} INFO - Filling up the DagBag from /home/airflow/.local/lib/python3.8/site-packages/airflow/example_dags/example_bash_operator.py
[2024-10-01T00:22:47.460+0000] {processor.py:840} INFO - DAG(s) 'example_bash_operator' retrieved from /home/airflow/.local/lib/python3.8/site-packages/airflow/example_dags/example_bash_operator.py
[2024-10-01T00:22:47.524+0000] {logging_mixin.py:188} INFO - [2024-10-01T00:22:47.524+0000] {dag.py:3036} INFO - Sync 1 DAGs
[2024-10-01T00:22:47.578+0000] {logging_mixin.py:188} INFO - [2024-10-01T00:22:47.578+0000] {dag.py:3823} INFO - Setting next_dagrun for example_bash_operator to 2024-09-30 00:00:00+00:00, run_after=2024-10-01 00:00:00+00:00
[2024-10-01T00:22:47.640+0000] {processor.py:183} INFO - Processing /home/airflow/.local/lib/python3.8/site-packages/airflow/example_dags/example_bash_operator.py took 0.219 seconds
[2024-10-01T00:23:17.834+0000] {processor.py:161} INFO - Started process (PID=3643) to work on /home/airflow/.local/lib/python3.8/site-packages/airflow/example_dags/example_bash_operator.py
[2024-10-01T00:23:17.837+0000] {processor.py:830} INFO - Processing file /home/airflow/.local/lib/python3.8/site-packages/airflow/example_dags/example_bash_operator.py for tasks to queue
[2024-10-01T00:23:17.841+0000] {logging_mixin.py:188} INFO - [2024-10-01T00:23:17.840+0000] {dagbag.py:538} INFO - Filling up the DagBag from /home/airflow/.local/lib/python3.8/site-packages/airflow/example_dags/example_bash_operator.py
[2024-10-01T00:23:17.868+0000] {processor.py:840} INFO - DAG(s) 'example_bash_operator' retrieved from /home/airflow/.local/lib/python3.8/site-packages/airflow/example_dags/example_bash_operator.py
[2024-10-01T00:23:17.941+0000] {logging_mixin.py:188} INFO - [2024-10-01T00:23:17.940+0000] {dag.py:3036} INFO - Sync 1 DAGs
[2024-10-01T00:23:18.005+0000] {logging_mixin.py:188} INFO - [2024-10-01T00:23:18.004+0000] {dag.py:3823} INFO - Setting next_dagrun for example_bash_operator to 2024-09-30 00:00:00+00:00, run_after=2024-10-01 00:00:00+00:00
[2024-10-01T00:23:18.045+0000] {processor.py:183} INFO - Processing /home/airflow/.local/lib/python3.8/site-packages/airflow/example_dags/example_bash_operator.py took 0.219 seconds
[2024-10-01T00:23:48.893+0000] {processor.py:161} INFO - Started process (PID=3709) to work on /home/airflow/.local/lib/python3.8/site-packages/airflow/example_dags/example_bash_operator.py
[2024-10-01T00:23:48.896+0000] {processor.py:830} INFO - Processing file /home/airflow/.local/lib/python3.8/site-packages/airflow/example_dags/example_bash_operator.py for tasks to queue
[2024-10-01T00:23:48.902+0000] {logging_mixin.py:188} INFO - [2024-10-01T00:23:48.901+0000] {dagbag.py:538} INFO - Filling up the DagBag from /home/airflow/.local/lib/python3.8/site-packages/airflow/example_dags/example_bash_operator.py
[2024-10-01T00:23:48.943+0000] {processor.py:840} INFO - DAG(s) 'example_bash_operator' retrieved from /home/airflow/.local/lib/python3.8/site-packages/airflow/example_dags/example_bash_operator.py
[2024-10-01T00:23:49.039+0000] {logging_mixin.py:188} INFO - [2024-10-01T00:23:49.038+0000] {dag.py:3036} INFO - Sync 1 DAGs
[2024-10-01T00:23:49.131+0000] {logging_mixin.py:188} INFO - [2024-10-01T00:23:49.131+0000] {dag.py:3823} INFO - Setting next_dagrun for example_bash_operator to 2024-09-30 00:00:00+00:00, run_after=2024-10-01 00:00:00+00:00
[2024-10-01T00:23:49.195+0000] {processor.py:183} INFO - Processing /home/airflow/.local/lib/python3.8/site-packages/airflow/example_dags/example_bash_operator.py took 0.314 seconds
[2024-10-01T00:24:19.899+0000] {processor.py:161} INFO - Started process (PID=3776) to work on /home/airflow/.local/lib/python3.8/site-packages/airflow/example_dags/example_bash_operator.py
[2024-10-01T00:24:19.905+0000] {processor.py:830} INFO - Processing file /home/airflow/.local/lib/python3.8/site-packages/airflow/example_dags/example_bash_operator.py for tasks to queue
[2024-10-01T00:24:19.913+0000] {logging_mixin.py:188} INFO - [2024-10-01T00:24:19.912+0000] {dagbag.py:538} INFO - Filling up the DagBag from /home/airflow/.local/lib/python3.8/site-packages/airflow/example_dags/example_bash_operator.py
[2024-10-01T00:24:19.973+0000] {processor.py:840} INFO - DAG(s) 'example_bash_operator' retrieved from /home/airflow/.local/lib/python3.8/site-packages/airflow/example_dags/example_bash_operator.py
[2024-10-01T00:24:20.097+0000] {logging_mixin.py:188} INFO - [2024-10-01T00:24:20.096+0000] {dag.py:3036} INFO - Sync 1 DAGs
[2024-10-01T00:24:20.204+0000] {logging_mixin.py:188} INFO - [2024-10-01T00:24:20.203+0000] {dag.py:3823} INFO - Setting next_dagrun for example_bash_operator to 2024-09-30 00:00:00+00:00, run_after=2024-10-01 00:00:00+00:00
[2024-10-01T00:24:20.280+0000] {processor.py:183} INFO - Processing /home/airflow/.local/lib/python3.8/site-packages/airflow/example_dags/example_bash_operator.py took 0.395 seconds
[2024-10-01T00:24:50.518+0000] {processor.py:161} INFO - Started process (PID=3842) to work on /home/airflow/.local/lib/python3.8/site-packages/airflow/example_dags/example_bash_operator.py
[2024-10-01T00:24:50.522+0000] {processor.py:830} INFO - Processing file /home/airflow/.local/lib/python3.8/site-packages/airflow/example_dags/example_bash_operator.py for tasks to queue
[2024-10-01T00:24:50.528+0000] {logging_mixin.py:188} INFO - [2024-10-01T00:24:50.527+0000] {dagbag.py:538} INFO - Filling up the DagBag from /home/airflow/.local/lib/python3.8/site-packages/airflow/example_dags/example_bash_operator.py
[2024-10-01T00:24:50.572+0000] {processor.py:840} INFO - DAG(s) 'example_bash_operator' retrieved from /home/airflow/.local/lib/python3.8/site-packages/airflow/example_dags/example_bash_operator.py
[2024-10-01T00:24:50.672+0000] {logging_mixin.py:188} INFO - [2024-10-01T00:24:50.671+0000] {dag.py:3036} INFO - Sync 1 DAGs
[2024-10-01T00:24:50.756+0000] {logging_mixin.py:188} INFO - [2024-10-01T00:24:50.755+0000] {dag.py:3823} INFO - Setting next_dagrun for example_bash_operator to 2024-09-30 00:00:00+00:00, run_after=2024-10-01 00:00:00+00:00
[2024-10-01T00:24:50.821+0000] {processor.py:183} INFO - Processing /home/airflow/.local/lib/python3.8/site-packages/airflow/example_dags/example_bash_operator.py took 0.315 seconds
[2024-10-01T00:25:21.008+0000] {processor.py:161} INFO - Started process (PID=3907) to work on /home/airflow/.local/lib/python3.8/site-packages/airflow/example_dags/example_bash_operator.py
[2024-10-01T00:25:21.011+0000] {processor.py:830} INFO - Processing file /home/airflow/.local/lib/python3.8/site-packages/airflow/example_dags/example_bash_operator.py for tasks to queue
[2024-10-01T00:25:21.016+0000] {logging_mixin.py:188} INFO - [2024-10-01T00:25:21.016+0000] {dagbag.py:538} INFO - Filling up the DagBag from /home/airflow/.local/lib/python3.8/site-packages/airflow/example_dags/example_bash_operator.py
[2024-10-01T00:25:21.054+0000] {processor.py:840} INFO - DAG(s) 'example_bash_operator' retrieved from /home/airflow/.local/lib/python3.8/site-packages/airflow/example_dags/example_bash_operator.py
[2024-10-01T00:25:21.144+0000] {logging_mixin.py:188} INFO - [2024-10-01T00:25:21.143+0000] {dag.py:3036} INFO - Sync 1 DAGs
[2024-10-01T00:25:21.216+0000] {logging_mixin.py:188} INFO - [2024-10-01T00:25:21.216+0000] {dag.py:3823} INFO - Setting next_dagrun for example_bash_operator to 2024-09-30 00:00:00+00:00, run_after=2024-10-01 00:00:00+00:00
[2024-10-01T00:25:21.275+0000] {processor.py:183} INFO - Processing /home/airflow/.local/lib/python3.8/site-packages/airflow/example_dags/example_bash_operator.py took 0.278 seconds
[2024-10-01T00:25:52.242+0000] {processor.py:161} INFO - Started process (PID=3974) to work on /home/airflow/.local/lib/python3.8/site-packages/airflow/example_dags/example_bash_operator.py
[2024-10-01T00:25:52.246+0000] {processor.py:830} INFO - Processing file /home/airflow/.local/lib/python3.8/site-packages/airflow/example_dags/example_bash_operator.py for tasks to queue
[2024-10-01T00:25:52.252+0000] {logging_mixin.py:188} INFO - [2024-10-01T00:25:52.251+0000] {dagbag.py:538} INFO - Filling up the DagBag from /home/airflow/.local/lib/python3.8/site-packages/airflow/example_dags/example_bash_operator.py
[2024-10-01T00:25:52.306+0000] {processor.py:840} INFO - DAG(s) 'example_bash_operator' retrieved from /home/airflow/.local/lib/python3.8/site-packages/airflow/example_dags/example_bash_operator.py
[2024-10-01T00:25:52.412+0000] {logging_mixin.py:188} INFO - [2024-10-01T00:25:52.411+0000] {dag.py:3036} INFO - Sync 1 DAGs
[2024-10-01T00:25:52.501+0000] {logging_mixin.py:188} INFO - [2024-10-01T00:25:52.500+0000] {dag.py:3823} INFO - Setting next_dagrun for example_bash_operator to 2024-09-30 00:00:00+00:00, run_after=2024-10-01 00:00:00+00:00
[2024-10-01T00:25:52.592+0000] {processor.py:183} INFO - Processing /home/airflow/.local/lib/python3.8/site-packages/airflow/example_dags/example_bash_operator.py took 0.366 seconds
[2024-10-01T00:26:22.671+0000] {processor.py:161} INFO - Started process (PID=4040) to work on /home/airflow/.local/lib/python3.8/site-packages/airflow/example_dags/example_bash_operator.py
[2024-10-01T00:26:22.679+0000] {processor.py:830} INFO - Processing file /home/airflow/.local/lib/python3.8/site-packages/airflow/example_dags/example_bash_operator.py for tasks to queue
[2024-10-01T00:26:22.685+0000] {logging_mixin.py:188} INFO - [2024-10-01T00:26:22.684+0000] {dagbag.py:538} INFO - Filling up the DagBag from /home/airflow/.local/lib/python3.8/site-packages/airflow/example_dags/example_bash_operator.py
[2024-10-01T00:26:22.729+0000] {processor.py:840} INFO - DAG(s) 'example_bash_operator' retrieved from /home/airflow/.local/lib/python3.8/site-packages/airflow/example_dags/example_bash_operator.py
[2024-10-01T00:26:22.830+0000] {logging_mixin.py:188} INFO - [2024-10-01T00:26:22.829+0000] {dag.py:3036} INFO - Sync 1 DAGs
[2024-10-01T00:26:22.909+0000] {logging_mixin.py:188} INFO - [2024-10-01T00:26:22.909+0000] {dag.py:3823} INFO - Setting next_dagrun for example_bash_operator to 2024-09-30 00:00:00+00:00, run_after=2024-10-01 00:00:00+00:00
[2024-10-01T00:26:22.974+0000] {processor.py:183} INFO - Processing /home/airflow/.local/lib/python3.8/site-packages/airflow/example_dags/example_bash_operator.py took 0.317 seconds
[2024-10-01T00:26:53.158+0000] {processor.py:161} INFO - Started process (PID=4099) to work on /home/airflow/.local/lib/python3.8/site-packages/airflow/example_dags/example_bash_operator.py
[2024-10-01T00:26:53.162+0000] {processor.py:830} INFO - Processing file /home/airflow/.local/lib/python3.8/site-packages/airflow/example_dags/example_bash_operator.py for tasks to queue
[2024-10-01T00:26:53.169+0000] {logging_mixin.py:188} INFO - [2024-10-01T00:26:53.168+0000] {dagbag.py:538} INFO - Filling up the DagBag from /home/airflow/.local/lib/python3.8/site-packages/airflow/example_dags/example_bash_operator.py
[2024-10-01T00:26:53.217+0000] {processor.py:840} INFO - DAG(s) 'example_bash_operator' retrieved from /home/airflow/.local/lib/python3.8/site-packages/airflow/example_dags/example_bash_operator.py
[2024-10-01T00:26:53.336+0000] {logging_mixin.py:188} INFO - [2024-10-01T00:26:53.335+0000] {dag.py:3036} INFO - Sync 1 DAGs
[2024-10-01T00:26:53.438+0000] {logging_mixin.py:188} INFO - [2024-10-01T00:26:53.437+0000] {dag.py:3823} INFO - Setting next_dagrun for example_bash_operator to 2024-09-30 00:00:00+00:00, run_after=2024-10-01 00:00:00+00:00
[2024-10-01T00:26:53.502+0000] {processor.py:183} INFO - Processing /home/airflow/.local/lib/python3.8/site-packages/airflow/example_dags/example_bash_operator.py took 0.356 seconds
[2024-10-01T00:27:23.679+0000] {processor.py:161} INFO - Started process (PID=4165) to work on /home/airflow/.local/lib/python3.8/site-packages/airflow/example_dags/example_bash_operator.py
[2024-10-01T00:27:23.683+0000] {processor.py:830} INFO - Processing file /home/airflow/.local/lib/python3.8/site-packages/airflow/example_dags/example_bash_operator.py for tasks to queue
[2024-10-01T00:27:23.688+0000] {logging_mixin.py:188} INFO - [2024-10-01T00:27:23.687+0000] {dagbag.py:538} INFO - Filling up the DagBag from /home/airflow/.local/lib/python3.8/site-packages/airflow/example_dags/example_bash_operator.py
[2024-10-01T00:27:23.735+0000] {processor.py:840} INFO - DAG(s) 'example_bash_operator' retrieved from /home/airflow/.local/lib/python3.8/site-packages/airflow/example_dags/example_bash_operator.py
[2024-10-01T00:27:23.855+0000] {logging_mixin.py:188} INFO - [2024-10-01T00:27:23.853+0000] {dag.py:3036} INFO - Sync 1 DAGs
[2024-10-01T00:27:23.943+0000] {logging_mixin.py:188} INFO - [2024-10-01T00:27:23.942+0000] {dag.py:3823} INFO - Setting next_dagrun for example_bash_operator to 2024-09-30 00:00:00+00:00, run_after=2024-10-01 00:00:00+00:00
[2024-10-01T00:27:24.015+0000] {processor.py:183} INFO - Processing /home/airflow/.local/lib/python3.8/site-packages/airflow/example_dags/example_bash_operator.py took 0.347 seconds
[2024-10-01T00:27:54.433+0000] {processor.py:161} INFO - Started process (PID=4231) to work on /home/airflow/.local/lib/python3.8/site-packages/airflow/example_dags/example_bash_operator.py
[2024-10-01T00:27:54.436+0000] {processor.py:830} INFO - Processing file /home/airflow/.local/lib/python3.8/site-packages/airflow/example_dags/example_bash_operator.py for tasks to queue
[2024-10-01T00:27:54.442+0000] {logging_mixin.py:188} INFO - [2024-10-01T00:27:54.441+0000] {dagbag.py:538} INFO - Filling up the DagBag from /home/airflow/.local/lib/python3.8/site-packages/airflow/example_dags/example_bash_operator.py
[2024-10-01T00:27:54.481+0000] {processor.py:840} INFO - DAG(s) 'example_bash_operator' retrieved from /home/airflow/.local/lib/python3.8/site-packages/airflow/example_dags/example_bash_operator.py
[2024-10-01T00:27:54.569+0000] {logging_mixin.py:188} INFO - [2024-10-01T00:27:54.568+0000] {dag.py:3036} INFO - Sync 1 DAGs
[2024-10-01T00:27:54.639+0000] {logging_mixin.py:188} INFO - [2024-10-01T00:27:54.639+0000] {dag.py:3823} INFO - Setting next_dagrun for example_bash_operator to 2024-09-30 00:00:00+00:00, run_after=2024-10-01 00:00:00+00:00
[2024-10-01T00:27:54.695+0000] {processor.py:183} INFO - Processing /home/airflow/.local/lib/python3.8/site-packages/airflow/example_dags/example_bash_operator.py took 0.272 seconds
[2024-10-01T00:28:25.639+0000] {processor.py:161} INFO - Started process (PID=4297) to work on /home/airflow/.local/lib/python3.8/site-packages/airflow/example_dags/example_bash_operator.py
[2024-10-01T00:28:25.644+0000] {processor.py:830} INFO - Processing file /home/airflow/.local/lib/python3.8/site-packages/airflow/example_dags/example_bash_operator.py for tasks to queue
[2024-10-01T00:28:25.650+0000] {logging_mixin.py:188} INFO - [2024-10-01T00:28:25.649+0000] {dagbag.py:538} INFO - Filling up the DagBag from /home/airflow/.local/lib/python3.8/site-packages/airflow/example_dags/example_bash_operator.py
[2024-10-01T00:28:25.690+0000] {processor.py:840} INFO - DAG(s) 'example_bash_operator' retrieved from /home/airflow/.local/lib/python3.8/site-packages/airflow/example_dags/example_bash_operator.py
[2024-10-01T00:28:25.781+0000] {logging_mixin.py:188} INFO - [2024-10-01T00:28:25.781+0000] {dag.py:3036} INFO - Sync 1 DAGs
[2024-10-01T00:28:25.853+0000] {logging_mixin.py:188} INFO - [2024-10-01T00:28:25.852+0000] {dag.py:3823} INFO - Setting next_dagrun for example_bash_operator to 2024-09-30 00:00:00+00:00, run_after=2024-10-01 00:00:00+00:00
[2024-10-01T00:28:25.913+0000] {processor.py:183} INFO - Processing /home/airflow/.local/lib/python3.8/site-packages/airflow/example_dags/example_bash_operator.py took 0.285 seconds
[2024-10-01T00:28:56.997+0000] {processor.py:161} INFO - Started process (PID=4363) to work on /home/airflow/.local/lib/python3.8/site-packages/airflow/example_dags/example_bash_operator.py
[2024-10-01T00:28:57.001+0000] {processor.py:830} INFO - Processing file /home/airflow/.local/lib/python3.8/site-packages/airflow/example_dags/example_bash_operator.py for tasks to queue
[2024-10-01T00:28:57.007+0000] {logging_mixin.py:188} INFO - [2024-10-01T00:28:57.006+0000] {dagbag.py:538} INFO - Filling up the DagBag from /home/airflow/.local/lib/python3.8/site-packages/airflow/example_dags/example_bash_operator.py
[2024-10-01T00:28:57.051+0000] {processor.py:840} INFO - DAG(s) 'example_bash_operator' retrieved from /home/airflow/.local/lib/python3.8/site-packages/airflow/example_dags/example_bash_operator.py
[2024-10-01T00:28:57.154+0000] {logging_mixin.py:188} INFO - [2024-10-01T00:28:57.153+0000] {dag.py:3036} INFO - Sync 1 DAGs
[2024-10-01T00:28:57.238+0000] {logging_mixin.py:188} INFO - [2024-10-01T00:28:57.237+0000] {dag.py:3823} INFO - Setting next_dagrun for example_bash_operator to 2024-09-30 00:00:00+00:00, run_after=2024-10-01 00:00:00+00:00
[2024-10-01T00:28:57.309+0000] {processor.py:183} INFO - Processing /home/airflow/.local/lib/python3.8/site-packages/airflow/example_dags/example_bash_operator.py took 0.324 seconds
[2024-10-01T00:29:27.787+0000] {processor.py:161} INFO - Started process (PID=4428) to work on /home/airflow/.local/lib/python3.8/site-packages/airflow/example_dags/example_bash_operator.py
[2024-10-01T00:29:27.795+0000] {processor.py:830} INFO - Processing file /home/airflow/.local/lib/python3.8/site-packages/airflow/example_dags/example_bash_operator.py for tasks to queue
[2024-10-01T00:29:27.805+0000] {logging_mixin.py:188} INFO - [2024-10-01T00:29:27.803+0000] {dagbag.py:538} INFO - Filling up the DagBag from /home/airflow/.local/lib/python3.8/site-packages/airflow/example_dags/example_bash_operator.py
[2024-10-01T00:29:27.899+0000] {processor.py:840} INFO - DAG(s) 'example_bash_operator' retrieved from /home/airflow/.local/lib/python3.8/site-packages/airflow/example_dags/example_bash_operator.py
[2024-10-01T00:29:28.201+0000] {logging_mixin.py:188} INFO - [2024-10-01T00:29:28.199+0000] {dag.py:3036} INFO - Sync 1 DAGs
[2024-10-01T00:29:28.358+0000] {logging_mixin.py:188} INFO - [2024-10-01T00:29:28.357+0000] {dag.py:3823} INFO - Setting next_dagrun for example_bash_operator to 2024-09-30 00:00:00+00:00, run_after=2024-10-01 00:00:00+00:00
[2024-10-01T00:29:28.474+0000] {processor.py:183} INFO - Processing /home/airflow/.local/lib/python3.8/site-packages/airflow/example_dags/example_bash_operator.py took 0.709 seconds
[2024-10-01T00:29:59.119+0000] {processor.py:161} INFO - Started process (PID=4494) to work on /home/airflow/.local/lib/python3.8/site-packages/airflow/example_dags/example_bash_operator.py
[2024-10-01T00:29:59.125+0000] {processor.py:830} INFO - Processing file /home/airflow/.local/lib/python3.8/site-packages/airflow/example_dags/example_bash_operator.py for tasks to queue
[2024-10-01T00:29:59.129+0000] {logging_mixin.py:188} INFO - [2024-10-01T00:29:59.128+0000] {dagbag.py:538} INFO - Filling up the DagBag from /home/airflow/.local/lib/python3.8/site-packages/airflow/example_dags/example_bash_operator.py
[2024-10-01T00:29:59.165+0000] {processor.py:840} INFO - DAG(s) 'example_bash_operator' retrieved from /home/airflow/.local/lib/python3.8/site-packages/airflow/example_dags/example_bash_operator.py
[2024-10-01T00:29:59.257+0000] {logging_mixin.py:188} INFO - [2024-10-01T00:29:59.256+0000] {dag.py:3036} INFO - Sync 1 DAGs
[2024-10-01T00:29:59.331+0000] {logging_mixin.py:188} INFO - [2024-10-01T00:29:59.330+0000] {dag.py:3823} INFO - Setting next_dagrun for example_bash_operator to 2024-09-30 00:00:00+00:00, run_after=2024-10-01 00:00:00+00:00
[2024-10-01T00:29:59.382+0000] {processor.py:183} INFO - Processing /home/airflow/.local/lib/python3.8/site-packages/airflow/example_dags/example_bash_operator.py took 0.272 seconds
[2024-10-01T00:30:29.617+0000] {processor.py:161} INFO - Started process (PID=4560) to work on /home/airflow/.local/lib/python3.8/site-packages/airflow/example_dags/example_bash_operator.py
[2024-10-01T00:30:29.625+0000] {processor.py:830} INFO - Processing file /home/airflow/.local/lib/python3.8/site-packages/airflow/example_dags/example_bash_operator.py for tasks to queue
[2024-10-01T00:30:29.634+0000] {logging_mixin.py:188} INFO - [2024-10-01T00:30:29.633+0000] {dagbag.py:538} INFO - Filling up the DagBag from /home/airflow/.local/lib/python3.8/site-packages/airflow/example_dags/example_bash_operator.py
[2024-10-01T00:30:29.681+0000] {processor.py:840} INFO - DAG(s) 'example_bash_operator' retrieved from /home/airflow/.local/lib/python3.8/site-packages/airflow/example_dags/example_bash_operator.py
[2024-10-01T00:30:29.827+0000] {logging_mixin.py:188} INFO - [2024-10-01T00:30:29.826+0000] {dag.py:3036} INFO - Sync 1 DAGs
[2024-10-01T00:30:29.935+0000] {logging_mixin.py:188} INFO - [2024-10-01T00:30:29.934+0000] {dag.py:3823} INFO - Setting next_dagrun for example_bash_operator to 2024-09-30 00:00:00+00:00, run_after=2024-10-01 00:00:00+00:00
[2024-10-01T00:30:30.018+0000] {processor.py:183} INFO - Processing /home/airflow/.local/lib/python3.8/site-packages/airflow/example_dags/example_bash_operator.py took 0.418 seconds
[2024-10-01T00:31:00.425+0000] {processor.py:161} INFO - Started process (PID=4618) to work on /home/airflow/.local/lib/python3.8/site-packages/airflow/example_dags/example_bash_operator.py
[2024-10-01T00:31:00.437+0000] {processor.py:830} INFO - Processing file /home/airflow/.local/lib/python3.8/site-packages/airflow/example_dags/example_bash_operator.py for tasks to queue
[2024-10-01T00:31:00.451+0000] {logging_mixin.py:188} INFO - [2024-10-01T00:31:00.448+0000] {dagbag.py:538} INFO - Filling up the DagBag from /home/airflow/.local/lib/python3.8/site-packages/airflow/example_dags/example_bash_operator.py
[2024-10-01T00:31:00.561+0000] {processor.py:840} INFO - DAG(s) 'example_bash_operator' retrieved from /home/airflow/.local/lib/python3.8/site-packages/airflow/example_dags/example_bash_operator.py
[2024-10-01T00:31:00.813+0000] {logging_mixin.py:188} INFO - [2024-10-01T00:31:00.812+0000] {dag.py:3036} INFO - Sync 1 DAGs
[2024-10-01T00:31:00.926+0000] {logging_mixin.py:188} INFO - [2024-10-01T00:31:00.925+0000] {dag.py:3823} INFO - Setting next_dagrun for example_bash_operator to 2024-09-30 00:00:00+00:00, run_after=2024-10-01 00:00:00+00:00
[2024-10-01T00:31:01.020+0000] {processor.py:183} INFO - Processing /home/airflow/.local/lib/python3.8/site-packages/airflow/example_dags/example_bash_operator.py took 0.647 seconds
[2024-10-01T00:31:31.505+0000] {processor.py:161} INFO - Started process (PID=4685) to work on /home/airflow/.local/lib/python3.8/site-packages/airflow/example_dags/example_bash_operator.py
[2024-10-01T00:31:31.509+0000] {processor.py:830} INFO - Processing file /home/airflow/.local/lib/python3.8/site-packages/airflow/example_dags/example_bash_operator.py for tasks to queue
[2024-10-01T00:31:31.517+0000] {logging_mixin.py:188} INFO - [2024-10-01T00:31:31.516+0000] {dagbag.py:538} INFO - Filling up the DagBag from /home/airflow/.local/lib/python3.8/site-packages/airflow/example_dags/example_bash_operator.py
[2024-10-01T00:31:31.578+0000] {processor.py:840} INFO - DAG(s) 'example_bash_operator' retrieved from /home/airflow/.local/lib/python3.8/site-packages/airflow/example_dags/example_bash_operator.py
[2024-10-01T00:31:31.715+0000] {logging_mixin.py:188} INFO - [2024-10-01T00:31:31.714+0000] {dag.py:3036} INFO - Sync 1 DAGs
[2024-10-01T00:31:31.833+0000] {logging_mixin.py:188} INFO - [2024-10-01T00:31:31.832+0000] {dag.py:3823} INFO - Setting next_dagrun for example_bash_operator to 2024-09-30 00:00:00+00:00, run_after=2024-10-01 00:00:00+00:00
[2024-10-01T00:31:31.913+0000] {processor.py:183} INFO - Processing /home/airflow/.local/lib/python3.8/site-packages/airflow/example_dags/example_bash_operator.py took 0.420 seconds
[2024-10-01T00:32:03.340+0000] {processor.py:161} INFO - Started process (PID=4751) to work on /home/airflow/.local/lib/python3.8/site-packages/airflow/example_dags/example_bash_operator.py
[2024-10-01T00:32:03.344+0000] {processor.py:830} INFO - Processing file /home/airflow/.local/lib/python3.8/site-packages/airflow/example_dags/example_bash_operator.py for tasks to queue
[2024-10-01T00:32:03.351+0000] {logging_mixin.py:188} INFO - [2024-10-01T00:32:03.350+0000] {dagbag.py:538} INFO - Filling up the DagBag from /home/airflow/.local/lib/python3.8/site-packages/airflow/example_dags/example_bash_operator.py
[2024-10-01T00:32:03.409+0000] {processor.py:840} INFO - DAG(s) 'example_bash_operator' retrieved from /home/airflow/.local/lib/python3.8/site-packages/airflow/example_dags/example_bash_operator.py
[2024-10-01T00:32:03.512+0000] {logging_mixin.py:188} INFO - [2024-10-01T00:32:03.512+0000] {dag.py:3036} INFO - Sync 1 DAGs
[2024-10-01T00:32:03.596+0000] {logging_mixin.py:188} INFO - [2024-10-01T00:32:03.595+0000] {dag.py:3823} INFO - Setting next_dagrun for example_bash_operator to 2024-09-30 00:00:00+00:00, run_after=2024-10-01 00:00:00+00:00
[2024-10-01T00:32:03.658+0000] {processor.py:183} INFO - Processing /home/airflow/.local/lib/python3.8/site-packages/airflow/example_dags/example_bash_operator.py took 0.330 seconds
[2024-10-01T00:32:34.020+0000] {processor.py:161} INFO - Started process (PID=4816) to work on /home/airflow/.local/lib/python3.8/site-packages/airflow/example_dags/example_bash_operator.py
[2024-10-01T00:32:34.023+0000] {processor.py:830} INFO - Processing file /home/airflow/.local/lib/python3.8/site-packages/airflow/example_dags/example_bash_operator.py for tasks to queue
[2024-10-01T00:32:34.029+0000] {logging_mixin.py:188} INFO - [2024-10-01T00:32:34.028+0000] {dagbag.py:538} INFO - Filling up the DagBag from /home/airflow/.local/lib/python3.8/site-packages/airflow/example_dags/example_bash_operator.py
[2024-10-01T00:32:34.075+0000] {processor.py:840} INFO - DAG(s) 'example_bash_operator' retrieved from /home/airflow/.local/lib/python3.8/site-packages/airflow/example_dags/example_bash_operator.py
[2024-10-01T00:32:34.199+0000] {logging_mixin.py:188} INFO - [2024-10-01T00:32:34.198+0000] {dag.py:3036} INFO - Sync 1 DAGs
[2024-10-01T00:32:34.289+0000] {logging_mixin.py:188} INFO - [2024-10-01T00:32:34.289+0000] {dag.py:3823} INFO - Setting next_dagrun for example_bash_operator to 2024-09-30 00:00:00+00:00, run_after=2024-10-01 00:00:00+00:00
[2024-10-01T00:32:34.370+0000] {processor.py:183} INFO - Processing /home/airflow/.local/lib/python3.8/site-packages/airflow/example_dags/example_bash_operator.py took 0.363 seconds
[2024-10-01T00:33:05.170+0000] {processor.py:161} INFO - Started process (PID=4873) to work on /home/airflow/.local/lib/python3.8/site-packages/airflow/example_dags/example_bash_operator.py
[2024-10-01T00:33:05.174+0000] {processor.py:830} INFO - Processing file /home/airflow/.local/lib/python3.8/site-packages/airflow/example_dags/example_bash_operator.py for tasks to queue
[2024-10-01T00:33:05.183+0000] {logging_mixin.py:188} INFO - [2024-10-01T00:33:05.182+0000] {dagbag.py:538} INFO - Filling up the DagBag from /home/airflow/.local/lib/python3.8/site-packages/airflow/example_dags/example_bash_operator.py
[2024-10-01T00:33:05.231+0000] {processor.py:840} INFO - DAG(s) 'example_bash_operator' retrieved from /home/airflow/.local/lib/python3.8/site-packages/airflow/example_dags/example_bash_operator.py
[2024-10-01T00:33:05.359+0000] {logging_mixin.py:188} INFO - [2024-10-01T00:33:05.358+0000] {dag.py:3036} INFO - Sync 1 DAGs
[2024-10-01T00:33:05.446+0000] {logging_mixin.py:188} INFO - [2024-10-01T00:33:05.446+0000] {dag.py:3823} INFO - Setting next_dagrun for example_bash_operator to 2024-09-30 00:00:00+00:00, run_after=2024-10-01 00:00:00+00:00
[2024-10-01T00:33:05.517+0000] {processor.py:183} INFO - Processing /home/airflow/.local/lib/python3.8/site-packages/airflow/example_dags/example_bash_operator.py took 0.360 seconds
[2024-10-01T00:33:38.692+0000] {processor.py:161} INFO - Started process (PID=4939) to work on /home/airflow/.local/lib/python3.8/site-packages/airflow/example_dags/example_bash_operator.py
[2024-10-01T00:33:38.696+0000] {processor.py:830} INFO - Processing file /home/airflow/.local/lib/python3.8/site-packages/airflow/example_dags/example_bash_operator.py for tasks to queue
[2024-10-01T00:33:38.705+0000] {logging_mixin.py:188} INFO - [2024-10-01T00:33:38.703+0000] {dagbag.py:538} INFO - Filling up the DagBag from /home/airflow/.local/lib/python3.8/site-packages/airflow/example_dags/example_bash_operator.py
[2024-10-01T00:33:38.795+0000] {processor.py:840} INFO - DAG(s) 'example_bash_operator' retrieved from /home/airflow/.local/lib/python3.8/site-packages/airflow/example_dags/example_bash_operator.py
[2024-10-01T00:33:38.951+0000] {logging_mixin.py:188} INFO - [2024-10-01T00:33:38.950+0000] {dag.py:3036} INFO - Sync 1 DAGs
[2024-10-01T00:33:39.077+0000] {logging_mixin.py:188} INFO - [2024-10-01T00:33:39.076+0000] {dag.py:3823} INFO - Setting next_dagrun for example_bash_operator to 2024-09-30 00:00:00+00:00, run_after=2024-10-01 00:00:00+00:00
[2024-10-01T00:33:39.188+0000] {processor.py:183} INFO - Processing /home/airflow/.local/lib/python3.8/site-packages/airflow/example_dags/example_bash_operator.py took 0.515 seconds
[2024-10-01T00:34:09.477+0000] {processor.py:161} INFO - Started process (PID=5005) to work on /home/airflow/.local/lib/python3.8/site-packages/airflow/example_dags/example_bash_operator.py
[2024-10-01T00:34:09.480+0000] {processor.py:830} INFO - Processing file /home/airflow/.local/lib/python3.8/site-packages/airflow/example_dags/example_bash_operator.py for tasks to queue
[2024-10-01T00:34:09.488+0000] {logging_mixin.py:188} INFO - [2024-10-01T00:34:09.486+0000] {dagbag.py:538} INFO - Filling up the DagBag from /home/airflow/.local/lib/python3.8/site-packages/airflow/example_dags/example_bash_operator.py
[2024-10-01T00:34:09.535+0000] {processor.py:840} INFO - DAG(s) 'example_bash_operator' retrieved from /home/airflow/.local/lib/python3.8/site-packages/airflow/example_dags/example_bash_operator.py
[2024-10-01T00:34:09.644+0000] {logging_mixin.py:188} INFO - [2024-10-01T00:34:09.643+0000] {dag.py:3036} INFO - Sync 1 DAGs
[2024-10-01T00:34:09.748+0000] {logging_mixin.py:188} INFO - [2024-10-01T00:34:09.747+0000] {dag.py:3823} INFO - Setting next_dagrun for example_bash_operator to 2024-09-30 00:00:00+00:00, run_after=2024-10-01 00:00:00+00:00
[2024-10-01T00:34:09.848+0000] {processor.py:183} INFO - Processing /home/airflow/.local/lib/python3.8/site-packages/airflow/example_dags/example_bash_operator.py took 0.384 seconds
[2024-10-01T00:34:40.295+0000] {processor.py:161} INFO - Started process (PID=5070) to work on /home/airflow/.local/lib/python3.8/site-packages/airflow/example_dags/example_bash_operator.py
[2024-10-01T00:34:40.298+0000] {processor.py:830} INFO - Processing file /home/airflow/.local/lib/python3.8/site-packages/airflow/example_dags/example_bash_operator.py for tasks to queue
[2024-10-01T00:34:40.302+0000] {logging_mixin.py:188} INFO - [2024-10-01T00:34:40.301+0000] {dagbag.py:538} INFO - Filling up the DagBag from /home/airflow/.local/lib/python3.8/site-packages/airflow/example_dags/example_bash_operator.py
[2024-10-01T00:34:40.331+0000] {processor.py:840} INFO - DAG(s) 'example_bash_operator' retrieved from /home/airflow/.local/lib/python3.8/site-packages/airflow/example_dags/example_bash_operator.py
[2024-10-01T00:34:40.403+0000] {logging_mixin.py:188} INFO - [2024-10-01T00:34:40.403+0000] {dag.py:3036} INFO - Sync 1 DAGs
[2024-10-01T00:34:40.459+0000] {logging_mixin.py:188} INFO - [2024-10-01T00:34:40.458+0000] {dag.py:3823} INFO - Setting next_dagrun for example_bash_operator to 2024-09-30 00:00:00+00:00, run_after=2024-10-01 00:00:00+00:00
[2024-10-01T00:34:40.503+0000] {processor.py:183} INFO - Processing /home/airflow/.local/lib/python3.8/site-packages/airflow/example_dags/example_bash_operator.py took 0.216 seconds
