[2024-10-01T00:00:26.611+0000] {processor.py:161} INFO - Started process (PID=803) to work on /home/airflow/.local/lib/python3.8/site-packages/airflow/example_dags/example_xcomargs.py
[2024-10-01T00:00:26.614+0000] {processor.py:830} INFO - Processing file /home/airflow/.local/lib/python3.8/site-packages/airflow/example_dags/example_xcomargs.py for tasks to queue
[2024-10-01T00:00:26.619+0000] {logging_mixin.py:188} INFO - [2024-10-01T00:00:26.618+0000] {dagbag.py:538} INFO - Filling up the DagBag from /home/airflow/.local/lib/python3.8/site-packages/airflow/example_dags/example_xcomargs.py
[2024-10-01T00:00:26.644+0000] {processor.py:840} INFO - DAG(s) 'example_xcom_args', 'example_xcom_args_with_operators' retrieved from /home/airflow/.local/lib/python3.8/site-packages/airflow/example_dags/example_xcomargs.py
[2024-10-01T00:00:26.714+0000] {logging_mixin.py:188} INFO - [2024-10-01T00:00:26.714+0000] {dag.py:3036} INFO - Sync 2 DAGs
[2024-10-01T00:00:26.754+0000] {logging_mixin.py:188} INFO - [2024-10-01T00:00:26.754+0000] {dag.py:3823} INFO - Setting next_dagrun for example_xcom_args to None, run_after=None
[2024-10-01T00:00:26.765+0000] {logging_mixin.py:188} INFO - [2024-10-01T00:00:26.764+0000] {dag.py:3823} INFO - Setting next_dagrun for example_xcom_args_with_operators to None, run_after=None
[2024-10-01T00:00:26.814+0000] {processor.py:183} INFO - Processing /home/airflow/.local/lib/python3.8/site-packages/airflow/example_dags/example_xcomargs.py took 0.213 seconds
[2024-10-01T00:00:57.410+0000] {processor.py:161} INFO - Started process (PID=867) to work on /home/airflow/.local/lib/python3.8/site-packages/airflow/example_dags/example_xcomargs.py
[2024-10-01T00:00:57.412+0000] {processor.py:830} INFO - Processing file /home/airflow/.local/lib/python3.8/site-packages/airflow/example_dags/example_xcomargs.py for tasks to queue
[2024-10-01T00:00:57.415+0000] {logging_mixin.py:188} INFO - [2024-10-01T00:00:57.414+0000] {dagbag.py:538} INFO - Filling up the DagBag from /home/airflow/.local/lib/python3.8/site-packages/airflow/example_dags/example_xcomargs.py
[2024-10-01T00:00:57.429+0000] {processor.py:840} INFO - DAG(s) 'example_xcom_args_with_operators', 'example_xcom_args' retrieved from /home/airflow/.local/lib/python3.8/site-packages/airflow/example_dags/example_xcomargs.py
[2024-10-01T00:00:57.472+0000] {logging_mixin.py:188} INFO - [2024-10-01T00:00:57.472+0000] {dag.py:3036} INFO - Sync 2 DAGs
[2024-10-01T00:00:57.498+0000] {logging_mixin.py:188} INFO - [2024-10-01T00:00:57.497+0000] {dag.py:3823} INFO - Setting next_dagrun for example_xcom_args to None, run_after=None
[2024-10-01T00:00:57.504+0000] {logging_mixin.py:188} INFO - [2024-10-01T00:00:57.504+0000] {dag.py:3823} INFO - Setting next_dagrun for example_xcom_args_with_operators to None, run_after=None
[2024-10-01T00:00:57.538+0000] {processor.py:183} INFO - Processing /home/airflow/.local/lib/python3.8/site-packages/airflow/example_dags/example_xcomargs.py took 0.135 seconds
[2024-10-01T00:01:28.040+0000] {processor.py:161} INFO - Started process (PID=925) to work on /home/airflow/.local/lib/python3.8/site-packages/airflow/example_dags/example_xcomargs.py
[2024-10-01T00:01:28.042+0000] {processor.py:830} INFO - Processing file /home/airflow/.local/lib/python3.8/site-packages/airflow/example_dags/example_xcomargs.py for tasks to queue
[2024-10-01T00:01:28.045+0000] {logging_mixin.py:188} INFO - [2024-10-01T00:01:28.045+0000] {dagbag.py:538} INFO - Filling up the DagBag from /home/airflow/.local/lib/python3.8/site-packages/airflow/example_dags/example_xcomargs.py
[2024-10-01T00:01:28.059+0000] {processor.py:840} INFO - DAG(s) 'example_xcom_args', 'example_xcom_args_with_operators' retrieved from /home/airflow/.local/lib/python3.8/site-packages/airflow/example_dags/example_xcomargs.py
[2024-10-01T00:01:28.101+0000] {logging_mixin.py:188} INFO - [2024-10-01T00:01:28.100+0000] {dag.py:3036} INFO - Sync 2 DAGs
[2024-10-01T00:01:28.126+0000] {logging_mixin.py:188} INFO - [2024-10-01T00:01:28.125+0000] {dag.py:3823} INFO - Setting next_dagrun for example_xcom_args to None, run_after=None
[2024-10-01T00:01:28.132+0000] {logging_mixin.py:188} INFO - [2024-10-01T00:01:28.132+0000] {dag.py:3823} INFO - Setting next_dagrun for example_xcom_args_with_operators to None, run_after=None
[2024-10-01T00:01:28.162+0000] {processor.py:183} INFO - Processing /home/airflow/.local/lib/python3.8/site-packages/airflow/example_dags/example_xcomargs.py took 0.128 seconds
[2024-10-01T00:01:58.969+0000] {processor.py:161} INFO - Started process (PID=991) to work on /home/airflow/.local/lib/python3.8/site-packages/airflow/example_dags/example_xcomargs.py
[2024-10-01T00:01:58.972+0000] {processor.py:830} INFO - Processing file /home/airflow/.local/lib/python3.8/site-packages/airflow/example_dags/example_xcomargs.py for tasks to queue
[2024-10-01T00:01:58.976+0000] {logging_mixin.py:188} INFO - [2024-10-01T00:01:58.976+0000] {dagbag.py:538} INFO - Filling up the DagBag from /home/airflow/.local/lib/python3.8/site-packages/airflow/example_dags/example_xcomargs.py
[2024-10-01T00:01:58.998+0000] {processor.py:840} INFO - DAG(s) 'example_xcom_args_with_operators', 'example_xcom_args' retrieved from /home/airflow/.local/lib/python3.8/site-packages/airflow/example_dags/example_xcomargs.py
[2024-10-01T00:01:59.063+0000] {logging_mixin.py:188} INFO - [2024-10-01T00:01:59.062+0000] {dag.py:3036} INFO - Sync 2 DAGs
[2024-10-01T00:01:59.103+0000] {logging_mixin.py:188} INFO - [2024-10-01T00:01:59.103+0000] {dag.py:3823} INFO - Setting next_dagrun for example_xcom_args to None, run_after=None
[2024-10-01T00:01:59.114+0000] {logging_mixin.py:188} INFO - [2024-10-01T00:01:59.113+0000] {dag.py:3823} INFO - Setting next_dagrun for example_xcom_args_with_operators to None, run_after=None
[2024-10-01T00:01:59.165+0000] {processor.py:183} INFO - Processing /home/airflow/.local/lib/python3.8/site-packages/airflow/example_dags/example_xcomargs.py took 0.205 seconds
[2024-10-01T00:02:29.441+0000] {processor.py:161} INFO - Started process (PID=1057) to work on /home/airflow/.local/lib/python3.8/site-packages/airflow/example_dags/example_xcomargs.py
[2024-10-01T00:02:29.445+0000] {processor.py:830} INFO - Processing file /home/airflow/.local/lib/python3.8/site-packages/airflow/example_dags/example_xcomargs.py for tasks to queue
[2024-10-01T00:02:29.449+0000] {logging_mixin.py:188} INFO - [2024-10-01T00:02:29.449+0000] {dagbag.py:538} INFO - Filling up the DagBag from /home/airflow/.local/lib/python3.8/site-packages/airflow/example_dags/example_xcomargs.py
[2024-10-01T00:02:29.471+0000] {processor.py:840} INFO - DAG(s) 'example_xcom_args_with_operators', 'example_xcom_args' retrieved from /home/airflow/.local/lib/python3.8/site-packages/airflow/example_dags/example_xcomargs.py
[2024-10-01T00:02:29.538+0000] {logging_mixin.py:188} INFO - [2024-10-01T00:02:29.537+0000] {dag.py:3036} INFO - Sync 2 DAGs
[2024-10-01T00:02:29.578+0000] {logging_mixin.py:188} INFO - [2024-10-01T00:02:29.578+0000] {dag.py:3823} INFO - Setting next_dagrun for example_xcom_args to None, run_after=None
[2024-10-01T00:02:29.590+0000] {logging_mixin.py:188} INFO - [2024-10-01T00:02:29.589+0000] {dag.py:3823} INFO - Setting next_dagrun for example_xcom_args_with_operators to None, run_after=None
[2024-10-01T00:02:29.645+0000] {processor.py:183} INFO - Processing /home/airflow/.local/lib/python3.8/site-packages/airflow/example_dags/example_xcomargs.py took 0.212 seconds
[2024-10-01T00:02:59.922+0000] {processor.py:161} INFO - Started process (PID=1123) to work on /home/airflow/.local/lib/python3.8/site-packages/airflow/example_dags/example_xcomargs.py
[2024-10-01T00:02:59.931+0000] {processor.py:830} INFO - Processing file /home/airflow/.local/lib/python3.8/site-packages/airflow/example_dags/example_xcomargs.py for tasks to queue
[2024-10-01T00:02:59.937+0000] {logging_mixin.py:188} INFO - [2024-10-01T00:02:59.936+0000] {dagbag.py:538} INFO - Filling up the DagBag from /home/airflow/.local/lib/python3.8/site-packages/airflow/example_dags/example_xcomargs.py
[2024-10-01T00:02:59.968+0000] {processor.py:840} INFO - DAG(s) 'example_xcom_args', 'example_xcom_args_with_operators' retrieved from /home/airflow/.local/lib/python3.8/site-packages/airflow/example_dags/example_xcomargs.py
[2024-10-01T00:03:00.061+0000] {logging_mixin.py:188} INFO - [2024-10-01T00:03:00.060+0000] {dag.py:3036} INFO - Sync 2 DAGs
[2024-10-01T00:03:00.117+0000] {logging_mixin.py:188} INFO - [2024-10-01T00:03:00.116+0000] {dag.py:3823} INFO - Setting next_dagrun for example_xcom_args to None, run_after=None
[2024-10-01T00:03:00.133+0000] {logging_mixin.py:188} INFO - [2024-10-01T00:03:00.132+0000] {dag.py:3823} INFO - Setting next_dagrun for example_xcom_args_with_operators to None, run_after=None
[2024-10-01T00:03:00.193+0000] {processor.py:183} INFO - Processing /home/airflow/.local/lib/python3.8/site-packages/airflow/example_dags/example_xcomargs.py took 0.288 seconds
[2024-10-01T00:03:30.332+0000] {processor.py:161} INFO - Started process (PID=1189) to work on /home/airflow/.local/lib/python3.8/site-packages/airflow/example_dags/example_xcomargs.py
[2024-10-01T00:03:30.338+0000] {processor.py:830} INFO - Processing file /home/airflow/.local/lib/python3.8/site-packages/airflow/example_dags/example_xcomargs.py for tasks to queue
[2024-10-01T00:03:30.342+0000] {logging_mixin.py:188} INFO - [2024-10-01T00:03:30.341+0000] {dagbag.py:538} INFO - Filling up the DagBag from /home/airflow/.local/lib/python3.8/site-packages/airflow/example_dags/example_xcomargs.py
[2024-10-01T00:03:30.359+0000] {processor.py:840} INFO - DAG(s) 'example_xcom_args', 'example_xcom_args_with_operators' retrieved from /home/airflow/.local/lib/python3.8/site-packages/airflow/example_dags/example_xcomargs.py
[2024-10-01T00:03:30.417+0000] {logging_mixin.py:188} INFO - [2024-10-01T00:03:30.416+0000] {dag.py:3036} INFO - Sync 2 DAGs
[2024-10-01T00:03:30.446+0000] {logging_mixin.py:188} INFO - [2024-10-01T00:03:30.446+0000] {dag.py:3823} INFO - Setting next_dagrun for example_xcom_args to None, run_after=None
[2024-10-01T00:03:30.454+0000] {logging_mixin.py:188} INFO - [2024-10-01T00:03:30.453+0000] {dag.py:3823} INFO - Setting next_dagrun for example_xcom_args_with_operators to None, run_after=None
[2024-10-01T00:03:30.493+0000] {processor.py:183} INFO - Processing /home/airflow/.local/lib/python3.8/site-packages/airflow/example_dags/example_xcomargs.py took 0.171 seconds
[2024-10-01T00:04:01.277+0000] {processor.py:161} INFO - Started process (PID=1255) to work on /home/airflow/.local/lib/python3.8/site-packages/airflow/example_dags/example_xcomargs.py
[2024-10-01T00:04:01.281+0000] {processor.py:830} INFO - Processing file /home/airflow/.local/lib/python3.8/site-packages/airflow/example_dags/example_xcomargs.py for tasks to queue
[2024-10-01T00:04:01.287+0000] {logging_mixin.py:188} INFO - [2024-10-01T00:04:01.286+0000] {dagbag.py:538} INFO - Filling up the DagBag from /home/airflow/.local/lib/python3.8/site-packages/airflow/example_dags/example_xcomargs.py
[2024-10-01T00:04:01.313+0000] {processor.py:840} INFO - DAG(s) 'example_xcom_args', 'example_xcom_args_with_operators' retrieved from /home/airflow/.local/lib/python3.8/site-packages/airflow/example_dags/example_xcomargs.py
[2024-10-01T00:04:01.395+0000] {logging_mixin.py:188} INFO - [2024-10-01T00:04:01.394+0000] {dag.py:3036} INFO - Sync 2 DAGs
[2024-10-01T00:04:01.446+0000] {logging_mixin.py:188} INFO - [2024-10-01T00:04:01.445+0000] {dag.py:3823} INFO - Setting next_dagrun for example_xcom_args to None, run_after=None
[2024-10-01T00:04:01.458+0000] {logging_mixin.py:188} INFO - [2024-10-01T00:04:01.457+0000] {dag.py:3823} INFO - Setting next_dagrun for example_xcom_args_with_operators to None, run_after=None
[2024-10-01T00:04:01.519+0000] {processor.py:183} INFO - Processing /home/airflow/.local/lib/python3.8/site-packages/airflow/example_dags/example_xcomargs.py took 0.254 seconds
[2024-10-01T00:04:31.651+0000] {processor.py:161} INFO - Started process (PID=1321) to work on /home/airflow/.local/lib/python3.8/site-packages/airflow/example_dags/example_xcomargs.py
[2024-10-01T00:04:31.655+0000] {processor.py:830} INFO - Processing file /home/airflow/.local/lib/python3.8/site-packages/airflow/example_dags/example_xcomargs.py for tasks to queue
[2024-10-01T00:04:31.661+0000] {logging_mixin.py:188} INFO - [2024-10-01T00:04:31.660+0000] {dagbag.py:538} INFO - Filling up the DagBag from /home/airflow/.local/lib/python3.8/site-packages/airflow/example_dags/example_xcomargs.py
[2024-10-01T00:04:31.687+0000] {processor.py:840} INFO - DAG(s) 'example_xcom_args', 'example_xcom_args_with_operators' retrieved from /home/airflow/.local/lib/python3.8/site-packages/airflow/example_dags/example_xcomargs.py
[2024-10-01T00:04:31.768+0000] {logging_mixin.py:188} INFO - [2024-10-01T00:04:31.767+0000] {dag.py:3036} INFO - Sync 2 DAGs
[2024-10-01T00:04:31.820+0000] {logging_mixin.py:188} INFO - [2024-10-01T00:04:31.819+0000] {dag.py:3823} INFO - Setting next_dagrun for example_xcom_args to None, run_after=None
[2024-10-01T00:04:31.835+0000] {logging_mixin.py:188} INFO - [2024-10-01T00:04:31.834+0000] {dag.py:3823} INFO - Setting next_dagrun for example_xcom_args_with_operators to None, run_after=None
[2024-10-01T00:04:31.916+0000] {processor.py:183} INFO - Processing /home/airflow/.local/lib/python3.8/site-packages/airflow/example_dags/example_xcomargs.py took 0.276 seconds
[2024-10-01T00:05:04.012+0000] {processor.py:161} INFO - Started process (PID=1387) to work on /home/airflow/.local/lib/python3.8/site-packages/airflow/example_dags/example_xcomargs.py
[2024-10-01T00:05:04.019+0000] {processor.py:830} INFO - Processing file /home/airflow/.local/lib/python3.8/site-packages/airflow/example_dags/example_xcomargs.py for tasks to queue
[2024-10-01T00:05:04.030+0000] {logging_mixin.py:188} INFO - [2024-10-01T00:05:04.028+0000] {dagbag.py:538} INFO - Filling up the DagBag from /home/airflow/.local/lib/python3.8/site-packages/airflow/example_dags/example_xcomargs.py
[2024-10-01T00:05:04.121+0000] {processor.py:840} INFO - DAG(s) 'example_xcom_args', 'example_xcom_args_with_operators' retrieved from /home/airflow/.local/lib/python3.8/site-packages/airflow/example_dags/example_xcomargs.py
[2024-10-01T00:05:04.364+0000] {logging_mixin.py:188} INFO - [2024-10-01T00:05:04.363+0000] {dag.py:3036} INFO - Sync 2 DAGs
[2024-10-01T00:05:04.478+0000] {logging_mixin.py:188} INFO - [2024-10-01T00:05:04.476+0000] {dag.py:3823} INFO - Setting next_dagrun for example_xcom_args to None, run_after=None
[2024-10-01T00:05:04.500+0000] {logging_mixin.py:188} INFO - [2024-10-01T00:05:04.499+0000] {dag.py:3823} INFO - Setting next_dagrun for example_xcom_args_with_operators to None, run_after=None
[2024-10-01T00:05:04.606+0000] {processor.py:183} INFO - Processing /home/airflow/.local/lib/python3.8/site-packages/airflow/example_dags/example_xcomargs.py took 0.617 seconds
[2024-10-01T00:05:34.686+0000] {processor.py:161} INFO - Started process (PID=1453) to work on /home/airflow/.local/lib/python3.8/site-packages/airflow/example_dags/example_xcomargs.py
[2024-10-01T00:05:34.689+0000] {processor.py:830} INFO - Processing file /home/airflow/.local/lib/python3.8/site-packages/airflow/example_dags/example_xcomargs.py for tasks to queue
[2024-10-01T00:05:34.693+0000] {logging_mixin.py:188} INFO - [2024-10-01T00:05:34.693+0000] {dagbag.py:538} INFO - Filling up the DagBag from /home/airflow/.local/lib/python3.8/site-packages/airflow/example_dags/example_xcomargs.py
[2024-10-01T00:05:34.713+0000] {processor.py:840} INFO - DAG(s) 'example_xcom_args_with_operators', 'example_xcom_args' retrieved from /home/airflow/.local/lib/python3.8/site-packages/airflow/example_dags/example_xcomargs.py
[2024-10-01T00:05:34.769+0000] {logging_mixin.py:188} INFO - [2024-10-01T00:05:34.768+0000] {dag.py:3036} INFO - Sync 2 DAGs
[2024-10-01T00:05:34.800+0000] {logging_mixin.py:188} INFO - [2024-10-01T00:05:34.799+0000] {dag.py:3823} INFO - Setting next_dagrun for example_xcom_args to None, run_after=None
[2024-10-01T00:05:34.808+0000] {logging_mixin.py:188} INFO - [2024-10-01T00:05:34.807+0000] {dag.py:3823} INFO - Setting next_dagrun for example_xcom_args_with_operators to None, run_after=None
[2024-10-01T00:05:34.847+0000] {processor.py:183} INFO - Processing /home/airflow/.local/lib/python3.8/site-packages/airflow/example_dags/example_xcomargs.py took 0.169 seconds
[2024-10-01T00:06:05.200+0000] {processor.py:161} INFO - Started process (PID=1519) to work on /home/airflow/.local/lib/python3.8/site-packages/airflow/example_dags/example_xcomargs.py
[2024-10-01T00:06:05.205+0000] {processor.py:830} INFO - Processing file /home/airflow/.local/lib/python3.8/site-packages/airflow/example_dags/example_xcomargs.py for tasks to queue
[2024-10-01T00:06:05.210+0000] {logging_mixin.py:188} INFO - [2024-10-01T00:06:05.209+0000] {dagbag.py:538} INFO - Filling up the DagBag from /home/airflow/.local/lib/python3.8/site-packages/airflow/example_dags/example_xcomargs.py
[2024-10-01T00:06:05.242+0000] {processor.py:840} INFO - DAG(s) 'example_xcom_args_with_operators', 'example_xcom_args' retrieved from /home/airflow/.local/lib/python3.8/site-packages/airflow/example_dags/example_xcomargs.py
[2024-10-01T00:06:05.309+0000] {logging_mixin.py:188} INFO - [2024-10-01T00:06:05.308+0000] {dag.py:3036} INFO - Sync 2 DAGs
[2024-10-01T00:06:05.343+0000] {logging_mixin.py:188} INFO - [2024-10-01T00:06:05.342+0000] {dag.py:3823} INFO - Setting next_dagrun for example_xcom_args to None, run_after=None
[2024-10-01T00:06:05.352+0000] {logging_mixin.py:188} INFO - [2024-10-01T00:06:05.352+0000] {dag.py:3823} INFO - Setting next_dagrun for example_xcom_args_with_operators to None, run_after=None
[2024-10-01T00:06:05.397+0000] {processor.py:183} INFO - Processing /home/airflow/.local/lib/python3.8/site-packages/airflow/example_dags/example_xcomargs.py took 0.207 seconds
[2024-10-01T00:06:36.166+0000] {processor.py:161} INFO - Started process (PID=1577) to work on /home/airflow/.local/lib/python3.8/site-packages/airflow/example_dags/example_xcomargs.py
[2024-10-01T00:06:36.168+0000] {processor.py:830} INFO - Processing file /home/airflow/.local/lib/python3.8/site-packages/airflow/example_dags/example_xcomargs.py for tasks to queue
[2024-10-01T00:06:36.171+0000] {logging_mixin.py:188} INFO - [2024-10-01T00:06:36.170+0000] {dagbag.py:538} INFO - Filling up the DagBag from /home/airflow/.local/lib/python3.8/site-packages/airflow/example_dags/example_xcomargs.py
[2024-10-01T00:06:36.187+0000] {processor.py:840} INFO - DAG(s) 'example_xcom_args_with_operators', 'example_xcom_args' retrieved from /home/airflow/.local/lib/python3.8/site-packages/airflow/example_dags/example_xcomargs.py
[2024-10-01T00:06:36.232+0000] {logging_mixin.py:188} INFO - [2024-10-01T00:06:36.232+0000] {dag.py:3036} INFO - Sync 2 DAGs
[2024-10-01T00:06:36.257+0000] {logging_mixin.py:188} INFO - [2024-10-01T00:06:36.257+0000] {dag.py:3823} INFO - Setting next_dagrun for example_xcom_args to None, run_after=None
[2024-10-01T00:06:36.263+0000] {logging_mixin.py:188} INFO - [2024-10-01T00:06:36.263+0000] {dag.py:3823} INFO - Setting next_dagrun for example_xcom_args_with_operators to None, run_after=None
[2024-10-01T00:06:36.296+0000] {processor.py:183} INFO - Processing /home/airflow/.local/lib/python3.8/site-packages/airflow/example_dags/example_xcomargs.py took 0.137 seconds
[2024-10-01T00:07:06.778+0000] {processor.py:161} INFO - Started process (PID=1643) to work on /home/airflow/.local/lib/python3.8/site-packages/airflow/example_dags/example_xcomargs.py
[2024-10-01T00:07:06.780+0000] {processor.py:830} INFO - Processing file /home/airflow/.local/lib/python3.8/site-packages/airflow/example_dags/example_xcomargs.py for tasks to queue
[2024-10-01T00:07:06.784+0000] {logging_mixin.py:188} INFO - [2024-10-01T00:07:06.783+0000] {dagbag.py:538} INFO - Filling up the DagBag from /home/airflow/.local/lib/python3.8/site-packages/airflow/example_dags/example_xcomargs.py
[2024-10-01T00:07:06.801+0000] {processor.py:840} INFO - DAG(s) 'example_xcom_args', 'example_xcom_args_with_operators' retrieved from /home/airflow/.local/lib/python3.8/site-packages/airflow/example_dags/example_xcomargs.py
[2024-10-01T00:07:06.850+0000] {logging_mixin.py:188} INFO - [2024-10-01T00:07:06.850+0000] {dag.py:3036} INFO - Sync 2 DAGs
[2024-10-01T00:07:06.879+0000] {logging_mixin.py:188} INFO - [2024-10-01T00:07:06.878+0000] {dag.py:3823} INFO - Setting next_dagrun for example_xcom_args to None, run_after=None
[2024-10-01T00:07:06.886+0000] {logging_mixin.py:188} INFO - [2024-10-01T00:07:06.885+0000] {dag.py:3823} INFO - Setting next_dagrun for example_xcom_args_with_operators to None, run_after=None
[2024-10-01T00:07:06.919+0000] {processor.py:183} INFO - Processing /home/airflow/.local/lib/python3.8/site-packages/airflow/example_dags/example_xcomargs.py took 0.148 seconds
[2024-10-01T00:07:37.355+0000] {processor.py:161} INFO - Started process (PID=1710) to work on /home/airflow/.local/lib/python3.8/site-packages/airflow/example_dags/example_xcomargs.py
[2024-10-01T00:07:37.359+0000] {processor.py:830} INFO - Processing file /home/airflow/.local/lib/python3.8/site-packages/airflow/example_dags/example_xcomargs.py for tasks to queue
[2024-10-01T00:07:37.367+0000] {logging_mixin.py:188} INFO - [2024-10-01T00:07:37.365+0000] {dagbag.py:538} INFO - Filling up the DagBag from /home/airflow/.local/lib/python3.8/site-packages/airflow/example_dags/example_xcomargs.py
[2024-10-01T00:07:37.399+0000] {processor.py:840} INFO - DAG(s) 'example_xcom_args_with_operators', 'example_xcom_args' retrieved from /home/airflow/.local/lib/python3.8/site-packages/airflow/example_dags/example_xcomargs.py
[2024-10-01T00:07:37.490+0000] {logging_mixin.py:188} INFO - [2024-10-01T00:07:37.489+0000] {dag.py:3036} INFO - Sync 2 DAGs
[2024-10-01T00:07:37.544+0000] {logging_mixin.py:188} INFO - [2024-10-01T00:07:37.544+0000] {dag.py:3823} INFO - Setting next_dagrun for example_xcom_args to None, run_after=None
[2024-10-01T00:07:37.560+0000] {logging_mixin.py:188} INFO - [2024-10-01T00:07:37.559+0000] {dag.py:3823} INFO - Setting next_dagrun for example_xcom_args_with_operators to None, run_after=None
[2024-10-01T00:07:37.623+0000] {processor.py:183} INFO - Processing /home/airflow/.local/lib/python3.8/site-packages/airflow/example_dags/example_xcomargs.py took 0.282 seconds
[2024-10-01T00:08:07.814+0000] {processor.py:161} INFO - Started process (PID=1776) to work on /home/airflow/.local/lib/python3.8/site-packages/airflow/example_dags/example_xcomargs.py
[2024-10-01T00:08:07.817+0000] {processor.py:830} INFO - Processing file /home/airflow/.local/lib/python3.8/site-packages/airflow/example_dags/example_xcomargs.py for tasks to queue
[2024-10-01T00:08:07.821+0000] {logging_mixin.py:188} INFO - [2024-10-01T00:08:07.820+0000] {dagbag.py:538} INFO - Filling up the DagBag from /home/airflow/.local/lib/python3.8/site-packages/airflow/example_dags/example_xcomargs.py
[2024-10-01T00:08:07.841+0000] {processor.py:840} INFO - DAG(s) 'example_xcom_args_with_operators', 'example_xcom_args' retrieved from /home/airflow/.local/lib/python3.8/site-packages/airflow/example_dags/example_xcomargs.py
[2024-10-01T00:08:07.901+0000] {logging_mixin.py:188} INFO - [2024-10-01T00:08:07.900+0000] {dag.py:3036} INFO - Sync 2 DAGs
[2024-10-01T00:08:07.942+0000] {logging_mixin.py:188} INFO - [2024-10-01T00:08:07.941+0000] {dag.py:3823} INFO - Setting next_dagrun for example_xcom_args to None, run_after=None
[2024-10-01T00:08:07.951+0000] {logging_mixin.py:188} INFO - [2024-10-01T00:08:07.951+0000] {dag.py:3823} INFO - Setting next_dagrun for example_xcom_args_with_operators to None, run_after=None
[2024-10-01T00:08:07.995+0000] {processor.py:183} INFO - Processing /home/airflow/.local/lib/python3.8/site-packages/airflow/example_dags/example_xcomargs.py took 0.190 seconds
[2024-10-01T00:08:38.129+0000] {processor.py:161} INFO - Started process (PID=1842) to work on /home/airflow/.local/lib/python3.8/site-packages/airflow/example_dags/example_xcomargs.py
[2024-10-01T00:08:38.131+0000] {processor.py:830} INFO - Processing file /home/airflow/.local/lib/python3.8/site-packages/airflow/example_dags/example_xcomargs.py for tasks to queue
[2024-10-01T00:08:38.134+0000] {logging_mixin.py:188} INFO - [2024-10-01T00:08:38.134+0000] {dagbag.py:538} INFO - Filling up the DagBag from /home/airflow/.local/lib/python3.8/site-packages/airflow/example_dags/example_xcomargs.py
[2024-10-01T00:08:38.152+0000] {processor.py:840} INFO - DAG(s) 'example_xcom_args', 'example_xcom_args_with_operators' retrieved from /home/airflow/.local/lib/python3.8/site-packages/airflow/example_dags/example_xcomargs.py
[2024-10-01T00:08:38.200+0000] {logging_mixin.py:188} INFO - [2024-10-01T00:08:38.200+0000] {dag.py:3036} INFO - Sync 2 DAGs
[2024-10-01T00:08:38.227+0000] {logging_mixin.py:188} INFO - [2024-10-01T00:08:38.227+0000] {dag.py:3823} INFO - Setting next_dagrun for example_xcom_args to None, run_after=None
[2024-10-01T00:08:38.235+0000] {logging_mixin.py:188} INFO - [2024-10-01T00:08:38.234+0000] {dag.py:3823} INFO - Setting next_dagrun for example_xcom_args_with_operators to None, run_after=None
[2024-10-01T00:08:38.269+0000] {processor.py:183} INFO - Processing /home/airflow/.local/lib/python3.8/site-packages/airflow/example_dags/example_xcomargs.py took 0.147 seconds
[2024-10-01T00:09:09.416+0000] {processor.py:161} INFO - Started process (PID=1908) to work on /home/airflow/.local/lib/python3.8/site-packages/airflow/example_dags/example_xcomargs.py
[2024-10-01T00:09:09.425+0000] {processor.py:830} INFO - Processing file /home/airflow/.local/lib/python3.8/site-packages/airflow/example_dags/example_xcomargs.py for tasks to queue
[2024-10-01T00:09:09.443+0000] {logging_mixin.py:188} INFO - [2024-10-01T00:09:09.440+0000] {dagbag.py:538} INFO - Filling up the DagBag from /home/airflow/.local/lib/python3.8/site-packages/airflow/example_dags/example_xcomargs.py
[2024-10-01T00:09:09.530+0000] {processor.py:840} INFO - DAG(s) 'example_xcom_args_with_operators', 'example_xcom_args' retrieved from /home/airflow/.local/lib/python3.8/site-packages/airflow/example_dags/example_xcomargs.py
[2024-10-01T00:09:09.718+0000] {logging_mixin.py:188} INFO - [2024-10-01T00:09:09.716+0000] {dag.py:3036} INFO - Sync 2 DAGs
[2024-10-01T00:09:09.823+0000] {logging_mixin.py:188} INFO - [2024-10-01T00:09:09.821+0000] {dag.py:3823} INFO - Setting next_dagrun for example_xcom_args to None, run_after=None
[2024-10-01T00:09:09.854+0000] {logging_mixin.py:188} INFO - [2024-10-01T00:09:09.852+0000] {dag.py:3823} INFO - Setting next_dagrun for example_xcom_args_with_operators to None, run_after=None
[2024-10-01T00:09:10.003+0000] {processor.py:183} INFO - Processing /home/airflow/.local/lib/python3.8/site-packages/airflow/example_dags/example_xcomargs.py took 0.626 seconds
[2024-10-01T00:09:40.702+0000] {processor.py:161} INFO - Started process (PID=1973) to work on /home/airflow/.local/lib/python3.8/site-packages/airflow/example_dags/example_xcomargs.py
[2024-10-01T00:09:40.713+0000] {processor.py:830} INFO - Processing file /home/airflow/.local/lib/python3.8/site-packages/airflow/example_dags/example_xcomargs.py for tasks to queue
[2024-10-01T00:09:40.731+0000] {logging_mixin.py:188} INFO - [2024-10-01T00:09:40.729+0000] {dagbag.py:538} INFO - Filling up the DagBag from /home/airflow/.local/lib/python3.8/site-packages/airflow/example_dags/example_xcomargs.py
[2024-10-01T00:09:40.811+0000] {processor.py:840} INFO - DAG(s) 'example_xcom_args', 'example_xcom_args_with_operators' retrieved from /home/airflow/.local/lib/python3.8/site-packages/airflow/example_dags/example_xcomargs.py
[2024-10-01T00:09:41.029+0000] {logging_mixin.py:188} INFO - [2024-10-01T00:09:41.028+0000] {dag.py:3036} INFO - Sync 2 DAGs
[2024-10-01T00:09:41.164+0000] {logging_mixin.py:188} INFO - [2024-10-01T00:09:41.162+0000] {dag.py:3823} INFO - Setting next_dagrun for example_xcom_args to None, run_after=None
[2024-10-01T00:09:41.193+0000] {logging_mixin.py:188} INFO - [2024-10-01T00:09:41.191+0000] {dag.py:3823} INFO - Setting next_dagrun for example_xcom_args_with_operators to None, run_after=None
[2024-10-01T00:09:41.324+0000] {processor.py:183} INFO - Processing /home/airflow/.local/lib/python3.8/site-packages/airflow/example_dags/example_xcomargs.py took 0.717 seconds
[2024-10-01T00:10:18.447+0000] {processor.py:161} INFO - Started process (PID=2031) to work on /home/airflow/.local/lib/python3.8/site-packages/airflow/example_dags/example_xcomargs.py
[2024-10-01T00:10:18.461+0000] {processor.py:830} INFO - Processing file /home/airflow/.local/lib/python3.8/site-packages/airflow/example_dags/example_xcomargs.py for tasks to queue
[2024-10-01T00:10:18.487+0000] {logging_mixin.py:188} INFO - [2024-10-01T00:10:18.483+0000] {dagbag.py:538} INFO - Filling up the DagBag from /home/airflow/.local/lib/python3.8/site-packages/airflow/example_dags/example_xcomargs.py
[2024-10-01T00:10:18.632+0000] {processor.py:840} INFO - DAG(s) 'example_xcom_args_with_operators', 'example_xcom_args' retrieved from /home/airflow/.local/lib/python3.8/site-packages/airflow/example_dags/example_xcomargs.py
[2024-10-01T00:10:19.036+0000] {logging_mixin.py:188} INFO - [2024-10-01T00:10:19.031+0000] {dag.py:3036} INFO - Sync 2 DAGs
[2024-10-01T00:10:19.335+0000] {logging_mixin.py:188} INFO - [2024-10-01T00:10:19.327+0000] {dag.py:3823} INFO - Setting next_dagrun for example_xcom_args to None, run_after=None
[2024-10-01T00:10:19.444+0000] {logging_mixin.py:188} INFO - [2024-10-01T00:10:19.438+0000] {dag.py:3823} INFO - Setting next_dagrun for example_xcom_args_with_operators to None, run_after=None
[2024-10-01T00:10:19.696+0000] {processor.py:183} INFO - Processing /home/airflow/.local/lib/python3.8/site-packages/airflow/example_dags/example_xcomargs.py took 1.310 seconds
[2024-10-01T00:11:10.811+0000] {processor.py:161} INFO - Started process (PID=2104) to work on /home/airflow/.local/lib/python3.8/site-packages/airflow/example_dags/example_xcomargs.py
[2024-10-01T00:11:10.845+0000] {processor.py:830} INFO - Processing file /home/airflow/.local/lib/python3.8/site-packages/airflow/example_dags/example_xcomargs.py for tasks to queue
[2024-10-01T00:11:10.906+0000] {logging_mixin.py:188} INFO - [2024-10-01T00:11:10.902+0000] {dagbag.py:538} INFO - Filling up the DagBag from /home/airflow/.local/lib/python3.8/site-packages/airflow/example_dags/example_xcomargs.py
[2024-10-01T00:11:11.170+0000] {processor.py:840} INFO - DAG(s) 'example_xcom_args_with_operators', 'example_xcom_args' retrieved from /home/airflow/.local/lib/python3.8/site-packages/airflow/example_dags/example_xcomargs.py
[2024-10-01T00:11:11.612+0000] {logging_mixin.py:188} INFO - [2024-10-01T00:11:11.610+0000] {dag.py:3036} INFO - Sync 2 DAGs
[2024-10-01T00:11:11.871+0000] {logging_mixin.py:188} INFO - [2024-10-01T00:11:11.869+0000] {dag.py:3823} INFO - Setting next_dagrun for example_xcom_args to None, run_after=None
[2024-10-01T00:11:11.966+0000] {logging_mixin.py:188} INFO - [2024-10-01T00:11:11.963+0000] {dag.py:3823} INFO - Setting next_dagrun for example_xcom_args_with_operators to None, run_after=None
[2024-10-01T00:11:12.377+0000] {processor.py:183} INFO - Processing /home/airflow/.local/lib/python3.8/site-packages/airflow/example_dags/example_xcomargs.py took 1.694 seconds
[2024-10-01T00:11:42.612+0000] {processor.py:161} INFO - Started process (PID=2163) to work on /home/airflow/.local/lib/python3.8/site-packages/airflow/example_dags/example_xcomargs.py
[2024-10-01T00:11:42.619+0000] {processor.py:830} INFO - Processing file /home/airflow/.local/lib/python3.8/site-packages/airflow/example_dags/example_xcomargs.py for tasks to queue
[2024-10-01T00:11:42.634+0000] {logging_mixin.py:188} INFO - [2024-10-01T00:11:42.631+0000] {dagbag.py:538} INFO - Filling up the DagBag from /home/airflow/.local/lib/python3.8/site-packages/airflow/example_dags/example_xcomargs.py
[2024-10-01T00:11:42.724+0000] {processor.py:840} INFO - DAG(s) 'example_xcom_args', 'example_xcom_args_with_operators' retrieved from /home/airflow/.local/lib/python3.8/site-packages/airflow/example_dags/example_xcomargs.py
[2024-10-01T00:11:42.876+0000] {logging_mixin.py:188} INFO - [2024-10-01T00:11:42.875+0000] {dag.py:3036} INFO - Sync 2 DAGs
[2024-10-01T00:11:42.998+0000] {logging_mixin.py:188} INFO - [2024-10-01T00:11:42.996+0000] {dag.py:3823} INFO - Setting next_dagrun for example_xcom_args to None, run_after=None
[2024-10-01T00:11:43.031+0000] {logging_mixin.py:188} INFO - [2024-10-01T00:11:43.029+0000] {dag.py:3823} INFO - Setting next_dagrun for example_xcom_args_with_operators to None, run_after=None
[2024-10-01T00:11:43.164+0000] {processor.py:183} INFO - Processing /home/airflow/.local/lib/python3.8/site-packages/airflow/example_dags/example_xcomargs.py took 0.575 seconds
[2024-10-01T00:12:13.458+0000] {processor.py:161} INFO - Started process (PID=2227) to work on /home/airflow/.local/lib/python3.8/site-packages/airflow/example_dags/example_xcomargs.py
[2024-10-01T00:12:13.501+0000] {processor.py:830} INFO - Processing file /home/airflow/.local/lib/python3.8/site-packages/airflow/example_dags/example_xcomargs.py for tasks to queue
[2024-10-01T00:12:13.525+0000] {logging_mixin.py:188} INFO - [2024-10-01T00:12:13.522+0000] {dagbag.py:538} INFO - Filling up the DagBag from /home/airflow/.local/lib/python3.8/site-packages/airflow/example_dags/example_xcomargs.py
[2024-10-01T00:12:13.633+0000] {processor.py:840} INFO - DAG(s) 'example_xcom_args_with_operators', 'example_xcom_args' retrieved from /home/airflow/.local/lib/python3.8/site-packages/airflow/example_dags/example_xcomargs.py
[2024-10-01T00:12:13.915+0000] {logging_mixin.py:188} INFO - [2024-10-01T00:12:13.913+0000] {dag.py:3036} INFO - Sync 2 DAGs
[2024-10-01T00:12:14.043+0000] {logging_mixin.py:188} INFO - [2024-10-01T00:12:14.041+0000] {dag.py:3823} INFO - Setting next_dagrun for example_xcom_args to None, run_after=None
[2024-10-01T00:12:14.074+0000] {logging_mixin.py:188} INFO - [2024-10-01T00:12:14.072+0000] {dag.py:3823} INFO - Setting next_dagrun for example_xcom_args_with_operators to None, run_after=None
[2024-10-01T00:12:14.218+0000] {processor.py:183} INFO - Processing /home/airflow/.local/lib/python3.8/site-packages/airflow/example_dags/example_xcomargs.py took 0.826 seconds
[2024-10-01T00:12:44.338+0000] {processor.py:161} INFO - Started process (PID=2291) to work on /home/airflow/.local/lib/python3.8/site-packages/airflow/example_dags/example_xcomargs.py
[2024-10-01T00:12:44.341+0000] {processor.py:830} INFO - Processing file /home/airflow/.local/lib/python3.8/site-packages/airflow/example_dags/example_xcomargs.py for tasks to queue
[2024-10-01T00:12:44.344+0000] {logging_mixin.py:188} INFO - [2024-10-01T00:12:44.344+0000] {dagbag.py:538} INFO - Filling up the DagBag from /home/airflow/.local/lib/python3.8/site-packages/airflow/example_dags/example_xcomargs.py
[2024-10-01T00:12:44.361+0000] {processor.py:840} INFO - DAG(s) 'example_xcom_args', 'example_xcom_args_with_operators' retrieved from /home/airflow/.local/lib/python3.8/site-packages/airflow/example_dags/example_xcomargs.py
[2024-10-01T00:12:44.409+0000] {logging_mixin.py:188} INFO - [2024-10-01T00:12:44.408+0000] {dag.py:3036} INFO - Sync 2 DAGs
[2024-10-01T00:12:44.438+0000] {logging_mixin.py:188} INFO - [2024-10-01T00:12:44.437+0000] {dag.py:3823} INFO - Setting next_dagrun for example_xcom_args to None, run_after=None
[2024-10-01T00:12:44.444+0000] {logging_mixin.py:188} INFO - [2024-10-01T00:12:44.444+0000] {dag.py:3823} INFO - Setting next_dagrun for example_xcom_args_with_operators to None, run_after=None
[2024-10-01T00:12:44.478+0000] {processor.py:183} INFO - Processing /home/airflow/.local/lib/python3.8/site-packages/airflow/example_dags/example_xcomargs.py took 0.147 seconds
[2024-10-01T00:13:14.774+0000] {processor.py:161} INFO - Started process (PID=2350) to work on /home/airflow/.local/lib/python3.8/site-packages/airflow/example_dags/example_xcomargs.py
[2024-10-01T00:13:14.777+0000] {processor.py:830} INFO - Processing file /home/airflow/.local/lib/python3.8/site-packages/airflow/example_dags/example_xcomargs.py for tasks to queue
[2024-10-01T00:13:14.781+0000] {logging_mixin.py:188} INFO - [2024-10-01T00:13:14.780+0000] {dagbag.py:538} INFO - Filling up the DagBag from /home/airflow/.local/lib/python3.8/site-packages/airflow/example_dags/example_xcomargs.py
[2024-10-01T00:13:14.800+0000] {processor.py:840} INFO - DAG(s) 'example_xcom_args', 'example_xcom_args_with_operators' retrieved from /home/airflow/.local/lib/python3.8/site-packages/airflow/example_dags/example_xcomargs.py
[2024-10-01T00:13:14.852+0000] {logging_mixin.py:188} INFO - [2024-10-01T00:13:14.852+0000] {dag.py:3036} INFO - Sync 2 DAGs
[2024-10-01T00:13:14.880+0000] {logging_mixin.py:188} INFO - [2024-10-01T00:13:14.880+0000] {dag.py:3823} INFO - Setting next_dagrun for example_xcom_args to None, run_after=None
[2024-10-01T00:13:14.887+0000] {logging_mixin.py:188} INFO - [2024-10-01T00:13:14.887+0000] {dag.py:3823} INFO - Setting next_dagrun for example_xcom_args_with_operators to None, run_after=None
[2024-10-01T00:13:14.923+0000] {processor.py:183} INFO - Processing /home/airflow/.local/lib/python3.8/site-packages/airflow/example_dags/example_xcomargs.py took 0.157 seconds
[2024-10-01T00:13:45.091+0000] {processor.py:161} INFO - Started process (PID=2416) to work on /home/airflow/.local/lib/python3.8/site-packages/airflow/example_dags/example_xcomargs.py
[2024-10-01T00:13:45.095+0000] {processor.py:830} INFO - Processing file /home/airflow/.local/lib/python3.8/site-packages/airflow/example_dags/example_xcomargs.py for tasks to queue
[2024-10-01T00:13:45.098+0000] {logging_mixin.py:188} INFO - [2024-10-01T00:13:45.098+0000] {dagbag.py:538} INFO - Filling up the DagBag from /home/airflow/.local/lib/python3.8/site-packages/airflow/example_dags/example_xcomargs.py
[2024-10-01T00:13:45.115+0000] {processor.py:840} INFO - DAG(s) 'example_xcom_args', 'example_xcom_args_with_operators' retrieved from /home/airflow/.local/lib/python3.8/site-packages/airflow/example_dags/example_xcomargs.py
[2024-10-01T00:13:45.163+0000] {logging_mixin.py:188} INFO - [2024-10-01T00:13:45.162+0000] {dag.py:3036} INFO - Sync 2 DAGs
[2024-10-01T00:13:45.190+0000] {logging_mixin.py:188} INFO - [2024-10-01T00:13:45.189+0000] {dag.py:3823} INFO - Setting next_dagrun for example_xcom_args to None, run_after=None
[2024-10-01T00:13:45.197+0000] {logging_mixin.py:188} INFO - [2024-10-01T00:13:45.196+0000] {dag.py:3823} INFO - Setting next_dagrun for example_xcom_args_with_operators to None, run_after=None
[2024-10-01T00:13:45.230+0000] {processor.py:183} INFO - Processing /home/airflow/.local/lib/python3.8/site-packages/airflow/example_dags/example_xcomargs.py took 0.145 seconds
[2024-10-01T00:14:15.794+0000] {processor.py:161} INFO - Started process (PID=2482) to work on /home/airflow/.local/lib/python3.8/site-packages/airflow/example_dags/example_xcomargs.py
[2024-10-01T00:14:15.796+0000] {processor.py:830} INFO - Processing file /home/airflow/.local/lib/python3.8/site-packages/airflow/example_dags/example_xcomargs.py for tasks to queue
[2024-10-01T00:14:15.799+0000] {logging_mixin.py:188} INFO - [2024-10-01T00:14:15.799+0000] {dagbag.py:538} INFO - Filling up the DagBag from /home/airflow/.local/lib/python3.8/site-packages/airflow/example_dags/example_xcomargs.py
[2024-10-01T00:14:15.818+0000] {processor.py:840} INFO - DAG(s) 'example_xcom_args', 'example_xcom_args_with_operators' retrieved from /home/airflow/.local/lib/python3.8/site-packages/airflow/example_dags/example_xcomargs.py
[2024-10-01T00:14:15.870+0000] {logging_mixin.py:188} INFO - [2024-10-01T00:14:15.870+0000] {dag.py:3036} INFO - Sync 2 DAGs
[2024-10-01T00:14:15.899+0000] {logging_mixin.py:188} INFO - [2024-10-01T00:14:15.899+0000] {dag.py:3823} INFO - Setting next_dagrun for example_xcom_args to None, run_after=None
[2024-10-01T00:14:15.907+0000] {logging_mixin.py:188} INFO - [2024-10-01T00:14:15.906+0000] {dag.py:3823} INFO - Setting next_dagrun for example_xcom_args_with_operators to None, run_after=None
[2024-10-01T00:14:15.942+0000] {processor.py:183} INFO - Processing /home/airflow/.local/lib/python3.8/site-packages/airflow/example_dags/example_xcomargs.py took 0.157 seconds
[2024-10-01T00:14:45.976+0000] {processor.py:161} INFO - Started process (PID=2549) to work on /home/airflow/.local/lib/python3.8/site-packages/airflow/example_dags/example_xcomargs.py
[2024-10-01T00:14:45.978+0000] {processor.py:830} INFO - Processing file /home/airflow/.local/lib/python3.8/site-packages/airflow/example_dags/example_xcomargs.py for tasks to queue
[2024-10-01T00:14:45.981+0000] {logging_mixin.py:188} INFO - [2024-10-01T00:14:45.981+0000] {dagbag.py:538} INFO - Filling up the DagBag from /home/airflow/.local/lib/python3.8/site-packages/airflow/example_dags/example_xcomargs.py
[2024-10-01T00:14:45.996+0000] {processor.py:840} INFO - DAG(s) 'example_xcom_args_with_operators', 'example_xcom_args' retrieved from /home/airflow/.local/lib/python3.8/site-packages/airflow/example_dags/example_xcomargs.py
[2024-10-01T00:14:46.036+0000] {logging_mixin.py:188} INFO - [2024-10-01T00:14:46.036+0000] {dag.py:3036} INFO - Sync 2 DAGs
[2024-10-01T00:14:46.059+0000] {logging_mixin.py:188} INFO - [2024-10-01T00:14:46.058+0000] {dag.py:3823} INFO - Setting next_dagrun for example_xcom_args to None, run_after=None
[2024-10-01T00:14:46.064+0000] {logging_mixin.py:188} INFO - [2024-10-01T00:14:46.064+0000] {dag.py:3823} INFO - Setting next_dagrun for example_xcom_args_with_operators to None, run_after=None
[2024-10-01T00:14:46.103+0000] {processor.py:183} INFO - Processing /home/airflow/.local/lib/python3.8/site-packages/airflow/example_dags/example_xcomargs.py took 0.133 seconds
[2024-10-01T00:15:16.210+0000] {processor.py:161} INFO - Started process (PID=2615) to work on /home/airflow/.local/lib/python3.8/site-packages/airflow/example_dags/example_xcomargs.py
[2024-10-01T00:15:16.212+0000] {processor.py:830} INFO - Processing file /home/airflow/.local/lib/python3.8/site-packages/airflow/example_dags/example_xcomargs.py for tasks to queue
[2024-10-01T00:15:16.215+0000] {logging_mixin.py:188} INFO - [2024-10-01T00:15:16.215+0000] {dagbag.py:538} INFO - Filling up the DagBag from /home/airflow/.local/lib/python3.8/site-packages/airflow/example_dags/example_xcomargs.py
[2024-10-01T00:15:16.230+0000] {processor.py:840} INFO - DAG(s) 'example_xcom_args', 'example_xcom_args_with_operators' retrieved from /home/airflow/.local/lib/python3.8/site-packages/airflow/example_dags/example_xcomargs.py
[2024-10-01T00:15:16.273+0000] {logging_mixin.py:188} INFO - [2024-10-01T00:15:16.273+0000] {dag.py:3036} INFO - Sync 2 DAGs
[2024-10-01T00:15:16.297+0000] {logging_mixin.py:188} INFO - [2024-10-01T00:15:16.297+0000] {dag.py:3823} INFO - Setting next_dagrun for example_xcom_args to None, run_after=None
[2024-10-01T00:15:16.303+0000] {logging_mixin.py:188} INFO - [2024-10-01T00:15:16.303+0000] {dag.py:3823} INFO - Setting next_dagrun for example_xcom_args_with_operators to None, run_after=None
[2024-10-01T00:15:16.334+0000] {processor.py:183} INFO - Processing /home/airflow/.local/lib/python3.8/site-packages/airflow/example_dags/example_xcomargs.py took 0.131 seconds
[2024-10-01T00:15:52.117+0000] {processor.py:161} INFO - Started process (PID=2681) to work on /home/airflow/.local/lib/python3.8/site-packages/airflow/example_dags/example_xcomargs.py
[2024-10-01T00:15:52.124+0000] {processor.py:830} INFO - Processing file /home/airflow/.local/lib/python3.8/site-packages/airflow/example_dags/example_xcomargs.py for tasks to queue
[2024-10-01T00:15:52.138+0000] {logging_mixin.py:188} INFO - [2024-10-01T00:15:52.135+0000] {dagbag.py:538} INFO - Filling up the DagBag from /home/airflow/.local/lib/python3.8/site-packages/airflow/example_dags/example_xcomargs.py
[2024-10-01T00:15:52.206+0000] {processor.py:840} INFO - DAG(s) 'example_xcom_args_with_operators', 'example_xcom_args' retrieved from /home/airflow/.local/lib/python3.8/site-packages/airflow/example_dags/example_xcomargs.py
[2024-10-01T00:15:52.375+0000] {logging_mixin.py:188} INFO - [2024-10-01T00:15:52.374+0000] {dag.py:3036} INFO - Sync 2 DAGs
[2024-10-01T00:15:52.481+0000] {logging_mixin.py:188} INFO - [2024-10-01T00:15:52.479+0000] {dag.py:3823} INFO - Setting next_dagrun for example_xcom_args to None, run_after=None
[2024-10-01T00:15:52.524+0000] {logging_mixin.py:188} INFO - [2024-10-01T00:15:52.523+0000] {dag.py:3823} INFO - Setting next_dagrun for example_xcom_args_with_operators to None, run_after=None
[2024-10-01T00:15:52.670+0000] {processor.py:183} INFO - Processing /home/airflow/.local/lib/python3.8/site-packages/airflow/example_dags/example_xcomargs.py took 0.577 seconds
[2024-10-01T00:16:37.329+0000] {processor.py:161} INFO - Started process (PID=2753) to work on /home/airflow/.local/lib/python3.8/site-packages/airflow/example_dags/example_xcomargs.py
[2024-10-01T00:16:37.331+0000] {processor.py:830} INFO - Processing file /home/airflow/.local/lib/python3.8/site-packages/airflow/example_dags/example_xcomargs.py for tasks to queue
[2024-10-01T00:16:37.335+0000] {logging_mixin.py:188} INFO - [2024-10-01T00:16:37.334+0000] {dagbag.py:538} INFO - Filling up the DagBag from /home/airflow/.local/lib/python3.8/site-packages/airflow/example_dags/example_xcomargs.py
[2024-10-01T00:16:37.356+0000] {processor.py:840} INFO - DAG(s) 'example_xcom_args_with_operators', 'example_xcom_args' retrieved from /home/airflow/.local/lib/python3.8/site-packages/airflow/example_dags/example_xcomargs.py
[2024-10-01T00:16:37.672+0000] {logging_mixin.py:188} INFO - [2024-10-01T00:16:37.671+0000] {dag.py:3036} INFO - Sync 2 DAGs
[2024-10-01T00:16:37.700+0000] {logging_mixin.py:188} INFO - [2024-10-01T00:16:37.699+0000] {dag.py:3823} INFO - Setting next_dagrun for example_xcom_args to None, run_after=None
[2024-10-01T00:16:37.711+0000] {logging_mixin.py:188} INFO - [2024-10-01T00:16:37.710+0000] {dag.py:3823} INFO - Setting next_dagrun for example_xcom_args_with_operators to None, run_after=None
[2024-10-01T00:16:37.754+0000] {processor.py:183} INFO - Processing /home/airflow/.local/lib/python3.8/site-packages/airflow/example_dags/example_xcomargs.py took 0.434 seconds
[2024-10-01T00:17:08.686+0000] {processor.py:161} INFO - Started process (PID=2819) to work on /home/airflow/.local/lib/python3.8/site-packages/airflow/example_dags/example_xcomargs.py
[2024-10-01T00:17:08.695+0000] {processor.py:830} INFO - Processing file /home/airflow/.local/lib/python3.8/site-packages/airflow/example_dags/example_xcomargs.py for tasks to queue
[2024-10-01T00:17:08.698+0000] {logging_mixin.py:188} INFO - [2024-10-01T00:17:08.697+0000] {dagbag.py:538} INFO - Filling up the DagBag from /home/airflow/.local/lib/python3.8/site-packages/airflow/example_dags/example_xcomargs.py
[2024-10-01T00:17:08.710+0000] {processor.py:840} INFO - DAG(s) 'example_xcom_args_with_operators', 'example_xcom_args' retrieved from /home/airflow/.local/lib/python3.8/site-packages/airflow/example_dags/example_xcomargs.py
[2024-10-01T00:17:08.748+0000] {logging_mixin.py:188} INFO - [2024-10-01T00:17:08.748+0000] {dag.py:3036} INFO - Sync 2 DAGs
[2024-10-01T00:17:08.778+0000] {logging_mixin.py:188} INFO - [2024-10-01T00:17:08.777+0000] {dag.py:3823} INFO - Setting next_dagrun for example_xcom_args to None, run_after=None
[2024-10-01T00:17:08.786+0000] {logging_mixin.py:188} INFO - [2024-10-01T00:17:08.785+0000] {dag.py:3823} INFO - Setting next_dagrun for example_xcom_args_with_operators to None, run_after=None
[2024-10-01T00:17:08.820+0000] {processor.py:183} INFO - Processing /home/airflow/.local/lib/python3.8/site-packages/airflow/example_dags/example_xcomargs.py took 0.138 seconds
[2024-10-01T00:17:39.151+0000] {processor.py:161} INFO - Started process (PID=2885) to work on /home/airflow/.local/lib/python3.8/site-packages/airflow/example_dags/example_xcomargs.py
[2024-10-01T00:17:39.154+0000] {processor.py:830} INFO - Processing file /home/airflow/.local/lib/python3.8/site-packages/airflow/example_dags/example_xcomargs.py for tasks to queue
[2024-10-01T00:17:39.157+0000] {logging_mixin.py:188} INFO - [2024-10-01T00:17:39.156+0000] {dagbag.py:538} INFO - Filling up the DagBag from /home/airflow/.local/lib/python3.8/site-packages/airflow/example_dags/example_xcomargs.py
[2024-10-01T00:17:39.173+0000] {processor.py:840} INFO - DAG(s) 'example_xcom_args', 'example_xcom_args_with_operators' retrieved from /home/airflow/.local/lib/python3.8/site-packages/airflow/example_dags/example_xcomargs.py
[2024-10-01T00:17:39.222+0000] {logging_mixin.py:188} INFO - [2024-10-01T00:17:39.222+0000] {dag.py:3036} INFO - Sync 2 DAGs
[2024-10-01T00:17:39.257+0000] {logging_mixin.py:188} INFO - [2024-10-01T00:17:39.257+0000] {dag.py:3823} INFO - Setting next_dagrun for example_xcom_args to None, run_after=None
[2024-10-01T00:17:39.264+0000] {logging_mixin.py:188} INFO - [2024-10-01T00:17:39.264+0000] {dag.py:3823} INFO - Setting next_dagrun for example_xcom_args_with_operators to None, run_after=None
[2024-10-01T00:17:39.300+0000] {processor.py:183} INFO - Processing /home/airflow/.local/lib/python3.8/site-packages/airflow/example_dags/example_xcomargs.py took 0.155 seconds
[2024-10-01T00:18:09.360+0000] {processor.py:161} INFO - Started process (PID=2951) to work on /home/airflow/.local/lib/python3.8/site-packages/airflow/example_dags/example_xcomargs.py
[2024-10-01T00:18:09.362+0000] {processor.py:830} INFO - Processing file /home/airflow/.local/lib/python3.8/site-packages/airflow/example_dags/example_xcomargs.py for tasks to queue
[2024-10-01T00:18:09.364+0000] {logging_mixin.py:188} INFO - [2024-10-01T00:18:09.363+0000] {dagbag.py:538} INFO - Filling up the DagBag from /home/airflow/.local/lib/python3.8/site-packages/airflow/example_dags/example_xcomargs.py
[2024-10-01T00:18:09.372+0000] {processor.py:840} INFO - DAG(s) 'example_xcom_args_with_operators', 'example_xcom_args' retrieved from /home/airflow/.local/lib/python3.8/site-packages/airflow/example_dags/example_xcomargs.py
[2024-10-01T00:18:09.397+0000] {logging_mixin.py:188} INFO - [2024-10-01T00:18:09.397+0000] {dag.py:3036} INFO - Sync 2 DAGs
[2024-10-01T00:18:09.411+0000] {logging_mixin.py:188} INFO - [2024-10-01T00:18:09.410+0000] {dag.py:3823} INFO - Setting next_dagrun for example_xcom_args to None, run_after=None
[2024-10-01T00:18:09.414+0000] {logging_mixin.py:188} INFO - [2024-10-01T00:18:09.414+0000] {dag.py:3823} INFO - Setting next_dagrun for example_xcom_args_with_operators to None, run_after=None
[2024-10-01T00:18:09.434+0000] {processor.py:183} INFO - Processing /home/airflow/.local/lib/python3.8/site-packages/airflow/example_dags/example_xcomargs.py took 0.077 seconds
[2024-10-01T00:18:39.656+0000] {processor.py:161} INFO - Started process (PID=3017) to work on /home/airflow/.local/lib/python3.8/site-packages/airflow/example_dags/example_xcomargs.py
[2024-10-01T00:18:39.657+0000] {processor.py:830} INFO - Processing file /home/airflow/.local/lib/python3.8/site-packages/airflow/example_dags/example_xcomargs.py for tasks to queue
[2024-10-01T00:18:39.659+0000] {logging_mixin.py:188} INFO - [2024-10-01T00:18:39.659+0000] {dagbag.py:538} INFO - Filling up the DagBag from /home/airflow/.local/lib/python3.8/site-packages/airflow/example_dags/example_xcomargs.py
[2024-10-01T00:18:39.667+0000] {processor.py:840} INFO - DAG(s) 'example_xcom_args', 'example_xcom_args_with_operators' retrieved from /home/airflow/.local/lib/python3.8/site-packages/airflow/example_dags/example_xcomargs.py
[2024-10-01T00:18:39.698+0000] {logging_mixin.py:188} INFO - [2024-10-01T00:18:39.697+0000] {dag.py:3036} INFO - Sync 2 DAGs
[2024-10-01T00:18:39.717+0000] {logging_mixin.py:188} INFO - [2024-10-01T00:18:39.717+0000] {dag.py:3823} INFO - Setting next_dagrun for example_xcom_args to None, run_after=None
[2024-10-01T00:18:39.722+0000] {logging_mixin.py:188} INFO - [2024-10-01T00:18:39.722+0000] {dag.py:3823} INFO - Setting next_dagrun for example_xcom_args_with_operators to None, run_after=None
[2024-10-01T00:18:39.748+0000] {processor.py:183} INFO - Processing /home/airflow/.local/lib/python3.8/site-packages/airflow/example_dags/example_xcomargs.py took 0.095 seconds
[2024-10-01T00:19:10.013+0000] {processor.py:161} INFO - Started process (PID=3092) to work on /home/airflow/.local/lib/python3.8/site-packages/airflow/example_dags/example_xcomargs.py
[2024-10-01T00:19:10.015+0000] {processor.py:830} INFO - Processing file /home/airflow/.local/lib/python3.8/site-packages/airflow/example_dags/example_xcomargs.py for tasks to queue
[2024-10-01T00:19:10.018+0000] {logging_mixin.py:188} INFO - [2024-10-01T00:19:10.018+0000] {dagbag.py:538} INFO - Filling up the DagBag from /home/airflow/.local/lib/python3.8/site-packages/airflow/example_dags/example_xcomargs.py
[2024-10-01T00:19:10.033+0000] {processor.py:840} INFO - DAG(s) 'example_xcom_args', 'example_xcom_args_with_operators' retrieved from /home/airflow/.local/lib/python3.8/site-packages/airflow/example_dags/example_xcomargs.py
[2024-10-01T00:19:10.080+0000] {logging_mixin.py:188} INFO - [2024-10-01T00:19:10.079+0000] {dag.py:3036} INFO - Sync 2 DAGs
[2024-10-01T00:19:10.111+0000] {logging_mixin.py:188} INFO - [2024-10-01T00:19:10.111+0000] {dag.py:3823} INFO - Setting next_dagrun for example_xcom_args to None, run_after=None
[2024-10-01T00:19:10.119+0000] {logging_mixin.py:188} INFO - [2024-10-01T00:19:10.119+0000] {dag.py:3823} INFO - Setting next_dagrun for example_xcom_args_with_operators to None, run_after=None
[2024-10-01T00:19:10.162+0000] {processor.py:183} INFO - Processing /home/airflow/.local/lib/python3.8/site-packages/airflow/example_dags/example_xcomargs.py took 0.158 seconds
[2024-10-01T00:19:40.527+0000] {processor.py:161} INFO - Started process (PID=3159) to work on /home/airflow/.local/lib/python3.8/site-packages/airflow/example_dags/example_xcomargs.py
[2024-10-01T00:19:40.529+0000] {processor.py:830} INFO - Processing file /home/airflow/.local/lib/python3.8/site-packages/airflow/example_dags/example_xcomargs.py for tasks to queue
[2024-10-01T00:19:40.532+0000] {logging_mixin.py:188} INFO - [2024-10-01T00:19:40.531+0000] {dagbag.py:538} INFO - Filling up the DagBag from /home/airflow/.local/lib/python3.8/site-packages/airflow/example_dags/example_xcomargs.py
[2024-10-01T00:19:40.545+0000] {processor.py:840} INFO - DAG(s) 'example_xcom_args_with_operators', 'example_xcom_args' retrieved from /home/airflow/.local/lib/python3.8/site-packages/airflow/example_dags/example_xcomargs.py
[2024-10-01T00:19:40.590+0000] {logging_mixin.py:188} INFO - [2024-10-01T00:19:40.589+0000] {dag.py:3036} INFO - Sync 2 DAGs
[2024-10-01T00:19:40.619+0000] {logging_mixin.py:188} INFO - [2024-10-01T00:19:40.619+0000] {dag.py:3823} INFO - Setting next_dagrun for example_xcom_args to None, run_after=None
[2024-10-01T00:19:40.628+0000] {logging_mixin.py:188} INFO - [2024-10-01T00:19:40.628+0000] {dag.py:3823} INFO - Setting next_dagrun for example_xcom_args_with_operators to None, run_after=None
[2024-10-01T00:19:40.665+0000] {processor.py:183} INFO - Processing /home/airflow/.local/lib/python3.8/site-packages/airflow/example_dags/example_xcomargs.py took 0.144 seconds
[2024-10-01T00:20:11.074+0000] {processor.py:161} INFO - Started process (PID=3225) to work on /home/airflow/.local/lib/python3.8/site-packages/airflow/example_dags/example_xcomargs.py
[2024-10-01T00:20:11.078+0000] {processor.py:830} INFO - Processing file /home/airflow/.local/lib/python3.8/site-packages/airflow/example_dags/example_xcomargs.py for tasks to queue
[2024-10-01T00:20:11.085+0000] {logging_mixin.py:188} INFO - [2024-10-01T00:20:11.084+0000] {dagbag.py:538} INFO - Filling up the DagBag from /home/airflow/.local/lib/python3.8/site-packages/airflow/example_dags/example_xcomargs.py
[2024-10-01T00:20:11.115+0000] {processor.py:840} INFO - DAG(s) 'example_xcom_args_with_operators', 'example_xcom_args' retrieved from /home/airflow/.local/lib/python3.8/site-packages/airflow/example_dags/example_xcomargs.py
[2024-10-01T00:20:11.264+0000] {logging_mixin.py:188} INFO - [2024-10-01T00:20:11.263+0000] {dag.py:3036} INFO - Sync 2 DAGs
[2024-10-01T00:20:11.337+0000] {logging_mixin.py:188} INFO - [2024-10-01T00:20:11.337+0000] {dag.py:3823} INFO - Setting next_dagrun for example_xcom_args to None, run_after=None
[2024-10-01T00:20:11.348+0000] {logging_mixin.py:188} INFO - [2024-10-01T00:20:11.347+0000] {dag.py:3823} INFO - Setting next_dagrun for example_xcom_args_with_operators to None, run_after=None
[2024-10-01T00:20:11.402+0000] {processor.py:183} INFO - Processing /home/airflow/.local/lib/python3.8/site-packages/airflow/example_dags/example_xcomargs.py took 0.340 seconds
[2024-10-01T00:20:41.799+0000] {processor.py:161} INFO - Started process (PID=3291) to work on /home/airflow/.local/lib/python3.8/site-packages/airflow/example_dags/example_xcomargs.py
[2024-10-01T00:20:41.800+0000] {processor.py:830} INFO - Processing file /home/airflow/.local/lib/python3.8/site-packages/airflow/example_dags/example_xcomargs.py for tasks to queue
[2024-10-01T00:20:41.802+0000] {logging_mixin.py:188} INFO - [2024-10-01T00:20:41.802+0000] {dagbag.py:538} INFO - Filling up the DagBag from /home/airflow/.local/lib/python3.8/site-packages/airflow/example_dags/example_xcomargs.py
[2024-10-01T00:20:41.810+0000] {processor.py:840} INFO - DAG(s) 'example_xcom_args', 'example_xcom_args_with_operators' retrieved from /home/airflow/.local/lib/python3.8/site-packages/airflow/example_dags/example_xcomargs.py
[2024-10-01T00:20:41.847+0000] {logging_mixin.py:188} INFO - [2024-10-01T00:20:41.847+0000] {dag.py:3036} INFO - Sync 2 DAGs
[2024-10-01T00:20:41.885+0000] {logging_mixin.py:188} INFO - [2024-10-01T00:20:41.884+0000] {dag.py:3823} INFO - Setting next_dagrun for example_xcom_args to None, run_after=None
[2024-10-01T00:20:41.895+0000] {logging_mixin.py:188} INFO - [2024-10-01T00:20:41.895+0000] {dag.py:3823} INFO - Setting next_dagrun for example_xcom_args_with_operators to None, run_after=None
[2024-10-01T00:20:41.932+0000] {processor.py:183} INFO - Processing /home/airflow/.local/lib/python3.8/site-packages/airflow/example_dags/example_xcomargs.py took 0.137 seconds
[2024-10-01T00:21:12.675+0000] {processor.py:161} INFO - Started process (PID=3357) to work on /home/airflow/.local/lib/python3.8/site-packages/airflow/example_dags/example_xcomargs.py
[2024-10-01T00:21:12.676+0000] {processor.py:830} INFO - Processing file /home/airflow/.local/lib/python3.8/site-packages/airflow/example_dags/example_xcomargs.py for tasks to queue
[2024-10-01T00:21:12.678+0000] {logging_mixin.py:188} INFO - [2024-10-01T00:21:12.677+0000] {dagbag.py:538} INFO - Filling up the DagBag from /home/airflow/.local/lib/python3.8/site-packages/airflow/example_dags/example_xcomargs.py
[2024-10-01T00:21:12.686+0000] {processor.py:840} INFO - DAG(s) 'example_xcom_args', 'example_xcom_args_with_operators' retrieved from /home/airflow/.local/lib/python3.8/site-packages/airflow/example_dags/example_xcomargs.py
[2024-10-01T00:21:12.714+0000] {logging_mixin.py:188} INFO - [2024-10-01T00:21:12.713+0000] {dag.py:3036} INFO - Sync 2 DAGs
[2024-10-01T00:21:12.733+0000] {logging_mixin.py:188} INFO - [2024-10-01T00:21:12.733+0000] {dag.py:3823} INFO - Setting next_dagrun for example_xcom_args to None, run_after=None
[2024-10-01T00:21:12.739+0000] {logging_mixin.py:188} INFO - [2024-10-01T00:21:12.739+0000] {dag.py:3823} INFO - Setting next_dagrun for example_xcom_args_with_operators to None, run_after=None
[2024-10-01T00:21:12.770+0000] {processor.py:183} INFO - Processing /home/airflow/.local/lib/python3.8/site-packages/airflow/example_dags/example_xcomargs.py took 0.099 seconds
[2024-10-01T00:21:43.327+0000] {processor.py:161} INFO - Started process (PID=3423) to work on /home/airflow/.local/lib/python3.8/site-packages/airflow/example_dags/example_xcomargs.py
[2024-10-01T00:21:43.329+0000] {processor.py:830} INFO - Processing file /home/airflow/.local/lib/python3.8/site-packages/airflow/example_dags/example_xcomargs.py for tasks to queue
[2024-10-01T00:21:43.331+0000] {logging_mixin.py:188} INFO - [2024-10-01T00:21:43.331+0000] {dagbag.py:538} INFO - Filling up the DagBag from /home/airflow/.local/lib/python3.8/site-packages/airflow/example_dags/example_xcomargs.py
[2024-10-01T00:21:43.339+0000] {processor.py:840} INFO - DAG(s) 'example_xcom_args_with_operators', 'example_xcom_args' retrieved from /home/airflow/.local/lib/python3.8/site-packages/airflow/example_dags/example_xcomargs.py
[2024-10-01T00:21:43.367+0000] {logging_mixin.py:188} INFO - [2024-10-01T00:21:43.367+0000] {dag.py:3036} INFO - Sync 2 DAGs
[2024-10-01T00:21:43.388+0000] {logging_mixin.py:188} INFO - [2024-10-01T00:21:43.387+0000] {dag.py:3823} INFO - Setting next_dagrun for example_xcom_args to None, run_after=None
[2024-10-01T00:21:43.394+0000] {logging_mixin.py:188} INFO - [2024-10-01T00:21:43.393+0000] {dag.py:3823} INFO - Setting next_dagrun for example_xcom_args_with_operators to None, run_after=None
[2024-10-01T00:21:43.425+0000] {processor.py:183} INFO - Processing /home/airflow/.local/lib/python3.8/site-packages/airflow/example_dags/example_xcomargs.py took 0.101 seconds
[2024-10-01T00:22:13.949+0000] {processor.py:161} INFO - Started process (PID=3489) to work on /home/airflow/.local/lib/python3.8/site-packages/airflow/example_dags/example_xcomargs.py
[2024-10-01T00:22:13.950+0000] {processor.py:830} INFO - Processing file /home/airflow/.local/lib/python3.8/site-packages/airflow/example_dags/example_xcomargs.py for tasks to queue
[2024-10-01T00:22:13.952+0000] {logging_mixin.py:188} INFO - [2024-10-01T00:22:13.952+0000] {dagbag.py:538} INFO - Filling up the DagBag from /home/airflow/.local/lib/python3.8/site-packages/airflow/example_dags/example_xcomargs.py
[2024-10-01T00:22:13.960+0000] {processor.py:840} INFO - DAG(s) 'example_xcom_args_with_operators', 'example_xcom_args' retrieved from /home/airflow/.local/lib/python3.8/site-packages/airflow/example_dags/example_xcomargs.py
[2024-10-01T00:22:13.987+0000] {logging_mixin.py:188} INFO - [2024-10-01T00:22:13.987+0000] {dag.py:3036} INFO - Sync 2 DAGs
[2024-10-01T00:22:14.005+0000] {logging_mixin.py:188} INFO - [2024-10-01T00:22:14.004+0000] {dag.py:3823} INFO - Setting next_dagrun for example_xcom_args to None, run_after=None
[2024-10-01T00:22:14.010+0000] {logging_mixin.py:188} INFO - [2024-10-01T00:22:14.010+0000] {dag.py:3823} INFO - Setting next_dagrun for example_xcom_args_with_operators to None, run_after=None
[2024-10-01T00:22:14.040+0000] {processor.py:183} INFO - Processing /home/airflow/.local/lib/python3.8/site-packages/airflow/example_dags/example_xcomargs.py took 0.094 seconds
[2024-10-01T00:22:44.646+0000] {processor.py:161} INFO - Started process (PID=3556) to work on /home/airflow/.local/lib/python3.8/site-packages/airflow/example_dags/example_xcomargs.py
[2024-10-01T00:22:44.654+0000] {processor.py:830} INFO - Processing file /home/airflow/.local/lib/python3.8/site-packages/airflow/example_dags/example_xcomargs.py for tasks to queue
[2024-10-01T00:22:44.658+0000] {logging_mixin.py:188} INFO - [2024-10-01T00:22:44.657+0000] {dagbag.py:538} INFO - Filling up the DagBag from /home/airflow/.local/lib/python3.8/site-packages/airflow/example_dags/example_xcomargs.py
[2024-10-01T00:22:44.678+0000] {processor.py:840} INFO - DAG(s) 'example_xcom_args_with_operators', 'example_xcom_args' retrieved from /home/airflow/.local/lib/python3.8/site-packages/airflow/example_dags/example_xcomargs.py
[2024-10-01T00:22:44.726+0000] {logging_mixin.py:188} INFO - [2024-10-01T00:22:44.725+0000] {dag.py:3036} INFO - Sync 2 DAGs
[2024-10-01T00:22:44.758+0000] {logging_mixin.py:188} INFO - [2024-10-01T00:22:44.757+0000] {dag.py:3823} INFO - Setting next_dagrun for example_xcom_args to None, run_after=None
[2024-10-01T00:22:44.765+0000] {logging_mixin.py:188} INFO - [2024-10-01T00:22:44.765+0000] {dag.py:3823} INFO - Setting next_dagrun for example_xcom_args_with_operators to None, run_after=None
[2024-10-01T00:22:44.807+0000] {processor.py:183} INFO - Processing /home/airflow/.local/lib/python3.8/site-packages/airflow/example_dags/example_xcomargs.py took 0.167 seconds
[2024-10-01T00:23:15.289+0000] {processor.py:161} INFO - Started process (PID=3630) to work on /home/airflow/.local/lib/python3.8/site-packages/airflow/example_dags/example_xcomargs.py
[2024-10-01T00:23:15.291+0000] {processor.py:830} INFO - Processing file /home/airflow/.local/lib/python3.8/site-packages/airflow/example_dags/example_xcomargs.py for tasks to queue
[2024-10-01T00:23:15.294+0000] {logging_mixin.py:188} INFO - [2024-10-01T00:23:15.294+0000] {dagbag.py:538} INFO - Filling up the DagBag from /home/airflow/.local/lib/python3.8/site-packages/airflow/example_dags/example_xcomargs.py
[2024-10-01T00:23:15.312+0000] {processor.py:840} INFO - DAG(s) 'example_xcom_args', 'example_xcom_args_with_operators' retrieved from /home/airflow/.local/lib/python3.8/site-packages/airflow/example_dags/example_xcomargs.py
[2024-10-01T00:23:15.370+0000] {logging_mixin.py:188} INFO - [2024-10-01T00:23:15.369+0000] {dag.py:3036} INFO - Sync 2 DAGs
[2024-10-01T00:23:15.400+0000] {logging_mixin.py:188} INFO - [2024-10-01T00:23:15.399+0000] {dag.py:3823} INFO - Setting next_dagrun for example_xcom_args to None, run_after=None
[2024-10-01T00:23:15.408+0000] {logging_mixin.py:188} INFO - [2024-10-01T00:23:15.407+0000] {dag.py:3823} INFO - Setting next_dagrun for example_xcom_args_with_operators to None, run_after=None
[2024-10-01T00:23:15.449+0000] {processor.py:183} INFO - Processing /home/airflow/.local/lib/python3.8/site-packages/airflow/example_dags/example_xcomargs.py took 0.165 seconds
[2024-10-01T00:23:45.807+0000] {processor.py:161} INFO - Started process (PID=3697) to work on /home/airflow/.local/lib/python3.8/site-packages/airflow/example_dags/example_xcomargs.py
[2024-10-01T00:23:45.814+0000] {processor.py:830} INFO - Processing file /home/airflow/.local/lib/python3.8/site-packages/airflow/example_dags/example_xcomargs.py for tasks to queue
[2024-10-01T00:23:45.818+0000] {logging_mixin.py:188} INFO - [2024-10-01T00:23:45.818+0000] {dagbag.py:538} INFO - Filling up the DagBag from /home/airflow/.local/lib/python3.8/site-packages/airflow/example_dags/example_xcomargs.py
[2024-10-01T00:23:45.842+0000] {processor.py:840} INFO - DAG(s) 'example_xcom_args', 'example_xcom_args_with_operators' retrieved from /home/airflow/.local/lib/python3.8/site-packages/airflow/example_dags/example_xcomargs.py
[2024-10-01T00:23:45.910+0000] {logging_mixin.py:188} INFO - [2024-10-01T00:23:45.910+0000] {dag.py:3036} INFO - Sync 2 DAGs
[2024-10-01T00:23:45.954+0000] {logging_mixin.py:188} INFO - [2024-10-01T00:23:45.953+0000] {dag.py:3823} INFO - Setting next_dagrun for example_xcom_args to None, run_after=None
[2024-10-01T00:23:45.966+0000] {logging_mixin.py:188} INFO - [2024-10-01T00:23:45.966+0000] {dag.py:3823} INFO - Setting next_dagrun for example_xcom_args_with_operators to None, run_after=None
[2024-10-01T00:23:46.017+0000] {processor.py:183} INFO - Processing /home/airflow/.local/lib/python3.8/site-packages/airflow/example_dags/example_xcomargs.py took 0.219 seconds
[2024-10-01T00:24:16.740+0000] {processor.py:161} INFO - Started process (PID=3762) to work on /home/airflow/.local/lib/python3.8/site-packages/airflow/example_dags/example_xcomargs.py
[2024-10-01T00:24:16.757+0000] {processor.py:830} INFO - Processing file /home/airflow/.local/lib/python3.8/site-packages/airflow/example_dags/example_xcomargs.py for tasks to queue
[2024-10-01T00:24:16.761+0000] {logging_mixin.py:188} INFO - [2024-10-01T00:24:16.760+0000] {dagbag.py:538} INFO - Filling up the DagBag from /home/airflow/.local/lib/python3.8/site-packages/airflow/example_dags/example_xcomargs.py
[2024-10-01T00:24:16.778+0000] {processor.py:840} INFO - DAG(s) 'example_xcom_args_with_operators', 'example_xcom_args' retrieved from /home/airflow/.local/lib/python3.8/site-packages/airflow/example_dags/example_xcomargs.py
[2024-10-01T00:24:16.841+0000] {logging_mixin.py:188} INFO - [2024-10-01T00:24:16.840+0000] {dag.py:3036} INFO - Sync 2 DAGs
[2024-10-01T00:24:16.874+0000] {logging_mixin.py:188} INFO - [2024-10-01T00:24:16.874+0000] {dag.py:3823} INFO - Setting next_dagrun for example_xcom_args to None, run_after=None
[2024-10-01T00:24:16.882+0000] {logging_mixin.py:188} INFO - [2024-10-01T00:24:16.882+0000] {dag.py:3823} INFO - Setting next_dagrun for example_xcom_args_with_operators to None, run_after=None
[2024-10-01T00:24:16.930+0000] {processor.py:183} INFO - Processing /home/airflow/.local/lib/python3.8/site-packages/airflow/example_dags/example_xcomargs.py took 0.197 seconds
[2024-10-01T00:24:47.295+0000] {processor.py:161} INFO - Started process (PID=3821) to work on /home/airflow/.local/lib/python3.8/site-packages/airflow/example_dags/example_xcomargs.py
[2024-10-01T00:24:47.298+0000] {processor.py:830} INFO - Processing file /home/airflow/.local/lib/python3.8/site-packages/airflow/example_dags/example_xcomargs.py for tasks to queue
[2024-10-01T00:24:47.303+0000] {logging_mixin.py:188} INFO - [2024-10-01T00:24:47.302+0000] {dagbag.py:538} INFO - Filling up the DagBag from /home/airflow/.local/lib/python3.8/site-packages/airflow/example_dags/example_xcomargs.py
[2024-10-01T00:24:47.326+0000] {processor.py:840} INFO - DAG(s) 'example_xcom_args', 'example_xcom_args_with_operators' retrieved from /home/airflow/.local/lib/python3.8/site-packages/airflow/example_dags/example_xcomargs.py
[2024-10-01T00:24:47.397+0000] {logging_mixin.py:188} INFO - [2024-10-01T00:24:47.396+0000] {dag.py:3036} INFO - Sync 2 DAGs
[2024-10-01T00:24:47.441+0000] {logging_mixin.py:188} INFO - [2024-10-01T00:24:47.440+0000] {dag.py:3823} INFO - Setting next_dagrun for example_xcom_args to None, run_after=None
[2024-10-01T00:24:47.456+0000] {logging_mixin.py:188} INFO - [2024-10-01T00:24:47.455+0000] {dag.py:3823} INFO - Setting next_dagrun for example_xcom_args_with_operators to None, run_after=None
[2024-10-01T00:24:47.506+0000] {processor.py:183} INFO - Processing /home/airflow/.local/lib/python3.8/site-packages/airflow/example_dags/example_xcomargs.py took 0.222 seconds
[2024-10-01T00:25:18.017+0000] {processor.py:161} INFO - Started process (PID=3887) to work on /home/airflow/.local/lib/python3.8/site-packages/airflow/example_dags/example_xcomargs.py
[2024-10-01T00:25:18.021+0000] {processor.py:830} INFO - Processing file /home/airflow/.local/lib/python3.8/site-packages/airflow/example_dags/example_xcomargs.py for tasks to queue
[2024-10-01T00:25:18.026+0000] {logging_mixin.py:188} INFO - [2024-10-01T00:25:18.025+0000] {dagbag.py:538} INFO - Filling up the DagBag from /home/airflow/.local/lib/python3.8/site-packages/airflow/example_dags/example_xcomargs.py
[2024-10-01T00:25:18.055+0000] {processor.py:840} INFO - DAG(s) 'example_xcom_args', 'example_xcom_args_with_operators' retrieved from /home/airflow/.local/lib/python3.8/site-packages/airflow/example_dags/example_xcomargs.py
[2024-10-01T00:25:18.123+0000] {logging_mixin.py:188} INFO - [2024-10-01T00:25:18.122+0000] {dag.py:3036} INFO - Sync 2 DAGs
[2024-10-01T00:25:18.169+0000] {logging_mixin.py:188} INFO - [2024-10-01T00:25:18.168+0000] {dag.py:3823} INFO - Setting next_dagrun for example_xcom_args to None, run_after=None
[2024-10-01T00:25:18.180+0000] {logging_mixin.py:188} INFO - [2024-10-01T00:25:18.179+0000] {dag.py:3823} INFO - Setting next_dagrun for example_xcom_args_with_operators to None, run_after=None
[2024-10-01T00:25:18.231+0000] {processor.py:183} INFO - Processing /home/airflow/.local/lib/python3.8/site-packages/airflow/example_dags/example_xcomargs.py took 0.223 seconds
[2024-10-01T00:25:48.431+0000] {processor.py:161} INFO - Started process (PID=3953) to work on /home/airflow/.local/lib/python3.8/site-packages/airflow/example_dags/example_xcomargs.py
[2024-10-01T00:25:48.434+0000] {processor.py:830} INFO - Processing file /home/airflow/.local/lib/python3.8/site-packages/airflow/example_dags/example_xcomargs.py for tasks to queue
[2024-10-01T00:25:48.438+0000] {logging_mixin.py:188} INFO - [2024-10-01T00:25:48.437+0000] {dagbag.py:538} INFO - Filling up the DagBag from /home/airflow/.local/lib/python3.8/site-packages/airflow/example_dags/example_xcomargs.py
[2024-10-01T00:25:48.458+0000] {processor.py:840} INFO - DAG(s) 'example_xcom_args', 'example_xcom_args_with_operators' retrieved from /home/airflow/.local/lib/python3.8/site-packages/airflow/example_dags/example_xcomargs.py
[2024-10-01T00:25:48.515+0000] {logging_mixin.py:188} INFO - [2024-10-01T00:25:48.515+0000] {dag.py:3036} INFO - Sync 2 DAGs
[2024-10-01T00:25:48.555+0000] {logging_mixin.py:188} INFO - [2024-10-01T00:25:48.554+0000] {dag.py:3823} INFO - Setting next_dagrun for example_xcom_args to None, run_after=None
[2024-10-01T00:25:48.563+0000] {logging_mixin.py:188} INFO - [2024-10-01T00:25:48.563+0000] {dag.py:3823} INFO - Setting next_dagrun for example_xcom_args_with_operators to None, run_after=None
[2024-10-01T00:25:48.611+0000] {processor.py:183} INFO - Processing /home/airflow/.local/lib/python3.8/site-packages/airflow/example_dags/example_xcomargs.py took 0.188 seconds
[2024-10-01T00:26:18.686+0000] {processor.py:161} INFO - Started process (PID=4019) to work on /home/airflow/.local/lib/python3.8/site-packages/airflow/example_dags/example_xcomargs.py
[2024-10-01T00:26:18.690+0000] {processor.py:830} INFO - Processing file /home/airflow/.local/lib/python3.8/site-packages/airflow/example_dags/example_xcomargs.py for tasks to queue
[2024-10-01T00:26:18.693+0000] {logging_mixin.py:188} INFO - [2024-10-01T00:26:18.692+0000] {dagbag.py:538} INFO - Filling up the DagBag from /home/airflow/.local/lib/python3.8/site-packages/airflow/example_dags/example_xcomargs.py
[2024-10-01T00:26:18.707+0000] {processor.py:840} INFO - DAG(s) 'example_xcom_args', 'example_xcom_args_with_operators' retrieved from /home/airflow/.local/lib/python3.8/site-packages/airflow/example_dags/example_xcomargs.py
[2024-10-01T00:26:18.748+0000] {logging_mixin.py:188} INFO - [2024-10-01T00:26:18.748+0000] {dag.py:3036} INFO - Sync 2 DAGs
[2024-10-01T00:26:18.772+0000] {logging_mixin.py:188} INFO - [2024-10-01T00:26:18.771+0000] {dag.py:3823} INFO - Setting next_dagrun for example_xcom_args to None, run_after=None
[2024-10-01T00:26:18.778+0000] {logging_mixin.py:188} INFO - [2024-10-01T00:26:18.777+0000] {dag.py:3823} INFO - Setting next_dagrun for example_xcom_args_with_operators to None, run_after=None
[2024-10-01T00:26:18.808+0000] {processor.py:183} INFO - Processing /home/airflow/.local/lib/python3.8/site-packages/airflow/example_dags/example_xcomargs.py took 0.128 seconds
[2024-10-01T00:26:48.925+0000] {processor.py:161} INFO - Started process (PID=4085) to work on /home/airflow/.local/lib/python3.8/site-packages/airflow/example_dags/example_xcomargs.py
[2024-10-01T00:26:48.929+0000] {processor.py:830} INFO - Processing file /home/airflow/.local/lib/python3.8/site-packages/airflow/example_dags/example_xcomargs.py for tasks to queue
[2024-10-01T00:26:48.934+0000] {logging_mixin.py:188} INFO - [2024-10-01T00:26:48.932+0000] {dagbag.py:538} INFO - Filling up the DagBag from /home/airflow/.local/lib/python3.8/site-packages/airflow/example_dags/example_xcomargs.py
[2024-10-01T00:26:48.957+0000] {processor.py:840} INFO - DAG(s) 'example_xcom_args', 'example_xcom_args_with_operators' retrieved from /home/airflow/.local/lib/python3.8/site-packages/airflow/example_dags/example_xcomargs.py
[2024-10-01T00:26:49.025+0000] {logging_mixin.py:188} INFO - [2024-10-01T00:26:49.024+0000] {dag.py:3036} INFO - Sync 2 DAGs
[2024-10-01T00:26:49.059+0000] {logging_mixin.py:188} INFO - [2024-10-01T00:26:49.059+0000] {dag.py:3823} INFO - Setting next_dagrun for example_xcom_args to None, run_after=None
[2024-10-01T00:26:49.069+0000] {logging_mixin.py:188} INFO - [2024-10-01T00:26:49.068+0000] {dag.py:3823} INFO - Setting next_dagrun for example_xcom_args_with_operators to None, run_after=None
[2024-10-01T00:26:49.116+0000] {processor.py:183} INFO - Processing /home/airflow/.local/lib/python3.8/site-packages/airflow/example_dags/example_xcomargs.py took 0.201 seconds
[2024-10-01T00:27:20.490+0000] {processor.py:161} INFO - Started process (PID=4151) to work on /home/airflow/.local/lib/python3.8/site-packages/airflow/example_dags/example_xcomargs.py
[2024-10-01T00:27:20.493+0000] {processor.py:830} INFO - Processing file /home/airflow/.local/lib/python3.8/site-packages/airflow/example_dags/example_xcomargs.py for tasks to queue
[2024-10-01T00:27:20.498+0000] {logging_mixin.py:188} INFO - [2024-10-01T00:27:20.497+0000] {dagbag.py:538} INFO - Filling up the DagBag from /home/airflow/.local/lib/python3.8/site-packages/airflow/example_dags/example_xcomargs.py
[2024-10-01T00:27:20.517+0000] {processor.py:840} INFO - DAG(s) 'example_xcom_args', 'example_xcom_args_with_operators' retrieved from /home/airflow/.local/lib/python3.8/site-packages/airflow/example_dags/example_xcomargs.py
[2024-10-01T00:27:20.573+0000] {logging_mixin.py:188} INFO - [2024-10-01T00:27:20.573+0000] {dag.py:3036} INFO - Sync 2 DAGs
[2024-10-01T00:27:20.606+0000] {logging_mixin.py:188} INFO - [2024-10-01T00:27:20.605+0000] {dag.py:3823} INFO - Setting next_dagrun for example_xcom_args to None, run_after=None
[2024-10-01T00:27:20.614+0000] {logging_mixin.py:188} INFO - [2024-10-01T00:27:20.613+0000] {dag.py:3823} INFO - Setting next_dagrun for example_xcom_args_with_operators to None, run_after=None
[2024-10-01T00:27:20.652+0000] {processor.py:183} INFO - Processing /home/airflow/.local/lib/python3.8/site-packages/airflow/example_dags/example_xcomargs.py took 0.170 seconds
[2024-10-01T00:27:51.182+0000] {processor.py:161} INFO - Started process (PID=4215) to work on /home/airflow/.local/lib/python3.8/site-packages/airflow/example_dags/example_xcomargs.py
[2024-10-01T00:27:51.185+0000] {processor.py:830} INFO - Processing file /home/airflow/.local/lib/python3.8/site-packages/airflow/example_dags/example_xcomargs.py for tasks to queue
[2024-10-01T00:27:51.191+0000] {logging_mixin.py:188} INFO - [2024-10-01T00:27:51.190+0000] {dagbag.py:538} INFO - Filling up the DagBag from /home/airflow/.local/lib/python3.8/site-packages/airflow/example_dags/example_xcomargs.py
[2024-10-01T00:27:51.225+0000] {processor.py:840} INFO - DAG(s) 'example_xcom_args_with_operators', 'example_xcom_args' retrieved from /home/airflow/.local/lib/python3.8/site-packages/airflow/example_dags/example_xcomargs.py
[2024-10-01T00:27:51.305+0000] {logging_mixin.py:188} INFO - [2024-10-01T00:27:51.305+0000] {dag.py:3036} INFO - Sync 2 DAGs
[2024-10-01T00:27:51.350+0000] {logging_mixin.py:188} INFO - [2024-10-01T00:27:51.349+0000] {dag.py:3823} INFO - Setting next_dagrun for example_xcom_args to None, run_after=None
[2024-10-01T00:27:51.362+0000] {logging_mixin.py:188} INFO - [2024-10-01T00:27:51.361+0000] {dag.py:3823} INFO - Setting next_dagrun for example_xcom_args_with_operators to None, run_after=None
[2024-10-01T00:27:51.420+0000] {processor.py:183} INFO - Processing /home/airflow/.local/lib/python3.8/site-packages/airflow/example_dags/example_xcomargs.py took 0.250 seconds
[2024-10-01T00:28:21.869+0000] {processor.py:161} INFO - Started process (PID=4281) to work on /home/airflow/.local/lib/python3.8/site-packages/airflow/example_dags/example_xcomargs.py
[2024-10-01T00:28:21.871+0000] {processor.py:830} INFO - Processing file /home/airflow/.local/lib/python3.8/site-packages/airflow/example_dags/example_xcomargs.py for tasks to queue
[2024-10-01T00:28:21.876+0000] {logging_mixin.py:188} INFO - [2024-10-01T00:28:21.875+0000] {dagbag.py:538} INFO - Filling up the DagBag from /home/airflow/.local/lib/python3.8/site-packages/airflow/example_dags/example_xcomargs.py
[2024-10-01T00:28:21.897+0000] {processor.py:840} INFO - DAG(s) 'example_xcom_args_with_operators', 'example_xcom_args' retrieved from /home/airflow/.local/lib/python3.8/site-packages/airflow/example_dags/example_xcomargs.py
[2024-10-01T00:28:21.960+0000] {logging_mixin.py:188} INFO - [2024-10-01T00:28:21.960+0000] {dag.py:3036} INFO - Sync 2 DAGs
[2024-10-01T00:28:21.995+0000] {logging_mixin.py:188} INFO - [2024-10-01T00:28:21.995+0000] {dag.py:3823} INFO - Setting next_dagrun for example_xcom_args to None, run_after=None
[2024-10-01T00:28:22.005+0000] {logging_mixin.py:188} INFO - [2024-10-01T00:28:22.005+0000] {dag.py:3823} INFO - Setting next_dagrun for example_xcom_args_with_operators to None, run_after=None
[2024-10-01T00:28:22.052+0000] {processor.py:183} INFO - Processing /home/airflow/.local/lib/python3.8/site-packages/airflow/example_dags/example_xcomargs.py took 0.193 seconds
[2024-10-01T00:28:52.607+0000] {processor.py:161} INFO - Started process (PID=4347) to work on /home/airflow/.local/lib/python3.8/site-packages/airflow/example_dags/example_xcomargs.py
[2024-10-01T00:28:52.611+0000] {processor.py:830} INFO - Processing file /home/airflow/.local/lib/python3.8/site-packages/airflow/example_dags/example_xcomargs.py for tasks to queue
[2024-10-01T00:28:52.616+0000] {logging_mixin.py:188} INFO - [2024-10-01T00:28:52.615+0000] {dagbag.py:538} INFO - Filling up the DagBag from /home/airflow/.local/lib/python3.8/site-packages/airflow/example_dags/example_xcomargs.py
[2024-10-01T00:28:52.642+0000] {processor.py:840} INFO - DAG(s) 'example_xcom_args_with_operators', 'example_xcom_args' retrieved from /home/airflow/.local/lib/python3.8/site-packages/airflow/example_dags/example_xcomargs.py
[2024-10-01T00:28:52.715+0000] {logging_mixin.py:188} INFO - [2024-10-01T00:28:52.715+0000] {dag.py:3036} INFO - Sync 2 DAGs
[2024-10-01T00:28:52.757+0000] {logging_mixin.py:188} INFO - [2024-10-01T00:28:52.757+0000] {dag.py:3823} INFO - Setting next_dagrun for example_xcom_args to None, run_after=None
[2024-10-01T00:28:52.770+0000] {logging_mixin.py:188} INFO - [2024-10-01T00:28:52.769+0000] {dag.py:3823} INFO - Setting next_dagrun for example_xcom_args_with_operators to None, run_after=None
[2024-10-01T00:28:52.821+0000] {processor.py:183} INFO - Processing /home/airflow/.local/lib/python3.8/site-packages/airflow/example_dags/example_xcomargs.py took 0.225 seconds
[2024-10-01T00:29:23.248+0000] {processor.py:161} INFO - Started process (PID=4405) to work on /home/airflow/.local/lib/python3.8/site-packages/airflow/example_dags/example_xcomargs.py
[2024-10-01T00:29:23.251+0000] {processor.py:830} INFO - Processing file /home/airflow/.local/lib/python3.8/site-packages/airflow/example_dags/example_xcomargs.py for tasks to queue
[2024-10-01T00:29:23.256+0000] {logging_mixin.py:188} INFO - [2024-10-01T00:29:23.255+0000] {dagbag.py:538} INFO - Filling up the DagBag from /home/airflow/.local/lib/python3.8/site-packages/airflow/example_dags/example_xcomargs.py
[2024-10-01T00:29:23.280+0000] {processor.py:840} INFO - DAG(s) 'example_xcom_args', 'example_xcom_args_with_operators' retrieved from /home/airflow/.local/lib/python3.8/site-packages/airflow/example_dags/example_xcomargs.py
[2024-10-01T00:29:23.350+0000] {logging_mixin.py:188} INFO - [2024-10-01T00:29:23.349+0000] {dag.py:3036} INFO - Sync 2 DAGs
[2024-10-01T00:29:23.393+0000] {logging_mixin.py:188} INFO - [2024-10-01T00:29:23.393+0000] {dag.py:3823} INFO - Setting next_dagrun for example_xcom_args to None, run_after=None
[2024-10-01T00:29:23.405+0000] {logging_mixin.py:188} INFO - [2024-10-01T00:29:23.404+0000] {dag.py:3823} INFO - Setting next_dagrun for example_xcom_args_with_operators to None, run_after=None
[2024-10-01T00:29:23.456+0000] {processor.py:183} INFO - Processing /home/airflow/.local/lib/python3.8/site-packages/airflow/example_dags/example_xcomargs.py took 0.219 seconds
[2024-10-01T00:29:54.145+0000] {processor.py:161} INFO - Started process (PID=4471) to work on /home/airflow/.local/lib/python3.8/site-packages/airflow/example_dags/example_xcomargs.py
[2024-10-01T00:29:54.148+0000] {processor.py:830} INFO - Processing file /home/airflow/.local/lib/python3.8/site-packages/airflow/example_dags/example_xcomargs.py for tasks to queue
[2024-10-01T00:29:54.154+0000] {logging_mixin.py:188} INFO - [2024-10-01T00:29:54.153+0000] {dagbag.py:538} INFO - Filling up the DagBag from /home/airflow/.local/lib/python3.8/site-packages/airflow/example_dags/example_xcomargs.py
[2024-10-01T00:29:54.179+0000] {processor.py:840} INFO - DAG(s) 'example_xcom_args', 'example_xcom_args_with_operators' retrieved from /home/airflow/.local/lib/python3.8/site-packages/airflow/example_dags/example_xcomargs.py
[2024-10-01T00:29:54.247+0000] {logging_mixin.py:188} INFO - [2024-10-01T00:29:54.247+0000] {dag.py:3036} INFO - Sync 2 DAGs
[2024-10-01T00:29:54.284+0000] {logging_mixin.py:188} INFO - [2024-10-01T00:29:54.283+0000] {dag.py:3823} INFO - Setting next_dagrun for example_xcom_args to None, run_after=None
[2024-10-01T00:29:54.293+0000] {logging_mixin.py:188} INFO - [2024-10-01T00:29:54.293+0000] {dag.py:3823} INFO - Setting next_dagrun for example_xcom_args_with_operators to None, run_after=None
[2024-10-01T00:29:54.340+0000] {processor.py:183} INFO - Processing /home/airflow/.local/lib/python3.8/site-packages/airflow/example_dags/example_xcomargs.py took 0.204 seconds
[2024-10-01T00:30:24.752+0000] {processor.py:161} INFO - Started process (PID=4537) to work on /home/airflow/.local/lib/python3.8/site-packages/airflow/example_dags/example_xcomargs.py
[2024-10-01T00:30:24.754+0000] {processor.py:830} INFO - Processing file /home/airflow/.local/lib/python3.8/site-packages/airflow/example_dags/example_xcomargs.py for tasks to queue
[2024-10-01T00:30:24.757+0000] {logging_mixin.py:188} INFO - [2024-10-01T00:30:24.757+0000] {dagbag.py:538} INFO - Filling up the DagBag from /home/airflow/.local/lib/python3.8/site-packages/airflow/example_dags/example_xcomargs.py
[2024-10-01T00:30:24.773+0000] {processor.py:840} INFO - DAG(s) 'example_xcom_args_with_operators', 'example_xcom_args' retrieved from /home/airflow/.local/lib/python3.8/site-packages/airflow/example_dags/example_xcomargs.py
[2024-10-01T00:30:24.819+0000] {logging_mixin.py:188} INFO - [2024-10-01T00:30:24.818+0000] {dag.py:3036} INFO - Sync 2 DAGs
[2024-10-01T00:30:24.844+0000] {logging_mixin.py:188} INFO - [2024-10-01T00:30:24.843+0000] {dag.py:3823} INFO - Setting next_dagrun for example_xcom_args to None, run_after=None
[2024-10-01T00:30:24.851+0000] {logging_mixin.py:188} INFO - [2024-10-01T00:30:24.850+0000] {dag.py:3823} INFO - Setting next_dagrun for example_xcom_args_with_operators to None, run_after=None
[2024-10-01T00:30:24.883+0000] {processor.py:183} INFO - Processing /home/airflow/.local/lib/python3.8/site-packages/airflow/example_dags/example_xcomargs.py took 0.138 seconds
[2024-10-01T00:30:55.781+0000] {processor.py:161} INFO - Started process (PID=4603) to work on /home/airflow/.local/lib/python3.8/site-packages/airflow/example_dags/example_xcomargs.py
[2024-10-01T00:30:55.783+0000] {processor.py:830} INFO - Processing file /home/airflow/.local/lib/python3.8/site-packages/airflow/example_dags/example_xcomargs.py for tasks to queue
[2024-10-01T00:30:55.786+0000] {logging_mixin.py:188} INFO - [2024-10-01T00:30:55.786+0000] {dagbag.py:538} INFO - Filling up the DagBag from /home/airflow/.local/lib/python3.8/site-packages/airflow/example_dags/example_xcomargs.py
[2024-10-01T00:30:55.804+0000] {processor.py:840} INFO - DAG(s) 'example_xcom_args', 'example_xcom_args_with_operators' retrieved from /home/airflow/.local/lib/python3.8/site-packages/airflow/example_dags/example_xcomargs.py
[2024-10-01T00:30:55.863+0000] {logging_mixin.py:188} INFO - [2024-10-01T00:30:55.862+0000] {dag.py:3036} INFO - Sync 2 DAGs
[2024-10-01T00:30:55.896+0000] {logging_mixin.py:188} INFO - [2024-10-01T00:30:55.896+0000] {dag.py:3823} INFO - Setting next_dagrun for example_xcom_args to None, run_after=None
[2024-10-01T00:30:55.905+0000] {logging_mixin.py:188} INFO - [2024-10-01T00:30:55.904+0000] {dag.py:3823} INFO - Setting next_dagrun for example_xcom_args_with_operators to None, run_after=None
[2024-10-01T00:30:55.947+0000] {processor.py:183} INFO - Processing /home/airflow/.local/lib/python3.8/site-packages/airflow/example_dags/example_xcomargs.py took 0.174 seconds
[2024-10-01T00:31:26.985+0000] {processor.py:161} INFO - Started process (PID=4669) to work on /home/airflow/.local/lib/python3.8/site-packages/airflow/example_dags/example_xcomargs.py
[2024-10-01T00:31:26.989+0000] {processor.py:830} INFO - Processing file /home/airflow/.local/lib/python3.8/site-packages/airflow/example_dags/example_xcomargs.py for tasks to queue
[2024-10-01T00:31:26.996+0000] {logging_mixin.py:188} INFO - [2024-10-01T00:31:26.995+0000] {dagbag.py:538} INFO - Filling up the DagBag from /home/airflow/.local/lib/python3.8/site-packages/airflow/example_dags/example_xcomargs.py
[2024-10-01T00:31:27.029+0000] {processor.py:840} INFO - DAG(s) 'example_xcom_args', 'example_xcom_args_with_operators' retrieved from /home/airflow/.local/lib/python3.8/site-packages/airflow/example_dags/example_xcomargs.py
[2024-10-01T00:31:27.120+0000] {logging_mixin.py:188} INFO - [2024-10-01T00:31:27.119+0000] {dag.py:3036} INFO - Sync 2 DAGs
[2024-10-01T00:31:27.172+0000] {logging_mixin.py:188} INFO - [2024-10-01T00:31:27.172+0000] {dag.py:3823} INFO - Setting next_dagrun for example_xcom_args to None, run_after=None
[2024-10-01T00:31:27.187+0000] {logging_mixin.py:188} INFO - [2024-10-01T00:31:27.186+0000] {dag.py:3823} INFO - Setting next_dagrun for example_xcom_args_with_operators to None, run_after=None
[2024-10-01T00:31:27.253+0000] {processor.py:183} INFO - Processing /home/airflow/.local/lib/python3.8/site-packages/airflow/example_dags/example_xcomargs.py took 0.287 seconds
[2024-10-01T00:31:59.263+0000] {processor.py:161} INFO - Started process (PID=4735) to work on /home/airflow/.local/lib/python3.8/site-packages/airflow/example_dags/example_xcomargs.py
[2024-10-01T00:31:59.272+0000] {processor.py:830} INFO - Processing file /home/airflow/.local/lib/python3.8/site-packages/airflow/example_dags/example_xcomargs.py for tasks to queue
[2024-10-01T00:31:59.282+0000] {logging_mixin.py:188} INFO - [2024-10-01T00:31:59.280+0000] {dagbag.py:538} INFO - Filling up the DagBag from /home/airflow/.local/lib/python3.8/site-packages/airflow/example_dags/example_xcomargs.py
[2024-10-01T00:31:59.341+0000] {processor.py:840} INFO - DAG(s) 'example_xcom_args', 'example_xcom_args_with_operators' retrieved from /home/airflow/.local/lib/python3.8/site-packages/airflow/example_dags/example_xcomargs.py
[2024-10-01T00:31:59.568+0000] {logging_mixin.py:188} INFO - [2024-10-01T00:31:59.566+0000] {dag.py:3036} INFO - Sync 2 DAGs
[2024-10-01T00:31:59.848+0000] {logging_mixin.py:188} INFO - [2024-10-01T00:31:59.847+0000] {dag.py:3823} INFO - Setting next_dagrun for example_xcom_args to None, run_after=None
[2024-10-01T00:31:59.880+0000] {logging_mixin.py:188} INFO - [2024-10-01T00:31:59.878+0000] {dag.py:3823} INFO - Setting next_dagrun for example_xcom_args_with_operators to None, run_after=None
[2024-10-01T00:31:59.974+0000] {processor.py:183} INFO - Processing /home/airflow/.local/lib/python3.8/site-packages/airflow/example_dags/example_xcomargs.py took 0.733 seconds
[2024-10-01T00:32:30.061+0000] {processor.py:161} INFO - Started process (PID=4793) to work on /home/airflow/.local/lib/python3.8/site-packages/airflow/example_dags/example_xcomargs.py
[2024-10-01T00:32:30.063+0000] {processor.py:830} INFO - Processing file /home/airflow/.local/lib/python3.8/site-packages/airflow/example_dags/example_xcomargs.py for tasks to queue
[2024-10-01T00:32:30.066+0000] {logging_mixin.py:188} INFO - [2024-10-01T00:32:30.066+0000] {dagbag.py:538} INFO - Filling up the DagBag from /home/airflow/.local/lib/python3.8/site-packages/airflow/example_dags/example_xcomargs.py
[2024-10-01T00:32:30.083+0000] {processor.py:840} INFO - DAG(s) 'example_xcom_args_with_operators', 'example_xcom_args' retrieved from /home/airflow/.local/lib/python3.8/site-packages/airflow/example_dags/example_xcomargs.py
[2024-10-01T00:32:30.135+0000] {logging_mixin.py:188} INFO - [2024-10-01T00:32:30.135+0000] {dag.py:3036} INFO - Sync 2 DAGs
[2024-10-01T00:32:30.164+0000] {logging_mixin.py:188} INFO - [2024-10-01T00:32:30.164+0000] {dag.py:3823} INFO - Setting next_dagrun for example_xcom_args to None, run_after=None
[2024-10-01T00:32:30.172+0000] {logging_mixin.py:188} INFO - [2024-10-01T00:32:30.172+0000] {dag.py:3823} INFO - Setting next_dagrun for example_xcom_args_with_operators to None, run_after=None
[2024-10-01T00:32:30.209+0000] {processor.py:183} INFO - Processing /home/airflow/.local/lib/python3.8/site-packages/airflow/example_dags/example_xcomargs.py took 0.156 seconds
[2024-10-01T00:33:00.947+0000] {processor.py:161} INFO - Started process (PID=4859) to work on /home/airflow/.local/lib/python3.8/site-packages/airflow/example_dags/example_xcomargs.py
[2024-10-01T00:33:00.956+0000] {processor.py:830} INFO - Processing file /home/airflow/.local/lib/python3.8/site-packages/airflow/example_dags/example_xcomargs.py for tasks to queue
[2024-10-01T00:33:00.969+0000] {logging_mixin.py:188} INFO - [2024-10-01T00:33:00.968+0000] {dagbag.py:538} INFO - Filling up the DagBag from /home/airflow/.local/lib/python3.8/site-packages/airflow/example_dags/example_xcomargs.py
[2024-10-01T00:33:01.035+0000] {processor.py:840} INFO - DAG(s) 'example_xcom_args_with_operators', 'example_xcom_args' retrieved from /home/airflow/.local/lib/python3.8/site-packages/airflow/example_dags/example_xcomargs.py
[2024-10-01T00:33:01.205+0000] {logging_mixin.py:188} INFO - [2024-10-01T00:33:01.204+0000] {dag.py:3036} INFO - Sync 2 DAGs
[2024-10-01T00:33:01.291+0000] {logging_mixin.py:188} INFO - [2024-10-01T00:33:01.290+0000] {dag.py:3823} INFO - Setting next_dagrun for example_xcom_args to None, run_after=None
[2024-10-01T00:33:01.313+0000] {logging_mixin.py:188} INFO - [2024-10-01T00:33:01.312+0000] {dag.py:3823} INFO - Setting next_dagrun for example_xcom_args_with_operators to None, run_after=None
[2024-10-01T00:33:01.415+0000] {processor.py:183} INFO - Processing /home/airflow/.local/lib/python3.8/site-packages/airflow/example_dags/example_xcomargs.py took 0.491 seconds
[2024-10-01T00:33:32.132+0000] {processor.py:161} INFO - Started process (PID=4925) to work on /home/airflow/.local/lib/python3.8/site-packages/airflow/example_dags/example_xcomargs.py
[2024-10-01T00:33:32.137+0000] {processor.py:830} INFO - Processing file /home/airflow/.local/lib/python3.8/site-packages/airflow/example_dags/example_xcomargs.py for tasks to queue
[2024-10-01T00:33:32.148+0000] {logging_mixin.py:188} INFO - [2024-10-01T00:33:32.146+0000] {dagbag.py:538} INFO - Filling up the DagBag from /home/airflow/.local/lib/python3.8/site-packages/airflow/example_dags/example_xcomargs.py
[2024-10-01T00:33:32.232+0000] {processor.py:840} INFO - DAG(s) 'example_xcom_args_with_operators', 'example_xcom_args' retrieved from /home/airflow/.local/lib/python3.8/site-packages/airflow/example_dags/example_xcomargs.py
[2024-10-01T00:33:32.510+0000] {logging_mixin.py:188} INFO - [2024-10-01T00:33:32.508+0000] {dag.py:3036} INFO - Sync 2 DAGs
[2024-10-01T00:33:32.706+0000] {logging_mixin.py:188} INFO - [2024-10-01T00:33:32.704+0000] {dag.py:3823} INFO - Setting next_dagrun for example_xcom_args to None, run_after=None
[2024-10-01T00:33:32.741+0000] {logging_mixin.py:188} INFO - [2024-10-01T00:33:32.739+0000] {dag.py:3823} INFO - Setting next_dagrun for example_xcom_args_with_operators to None, run_after=None
[2024-10-01T00:33:32.937+0000] {processor.py:183} INFO - Processing /home/airflow/.local/lib/python3.8/site-packages/airflow/example_dags/example_xcomargs.py took 0.836 seconds
[2024-10-01T00:34:03.395+0000] {processor.py:161} INFO - Started process (PID=4983) to work on /home/airflow/.local/lib/python3.8/site-packages/airflow/example_dags/example_xcomargs.py
[2024-10-01T00:34:03.403+0000] {processor.py:830} INFO - Processing file /home/airflow/.local/lib/python3.8/site-packages/airflow/example_dags/example_xcomargs.py for tasks to queue
[2024-10-01T00:34:03.416+0000] {logging_mixin.py:188} INFO - [2024-10-01T00:34:03.414+0000] {dagbag.py:538} INFO - Filling up the DagBag from /home/airflow/.local/lib/python3.8/site-packages/airflow/example_dags/example_xcomargs.py
[2024-10-01T00:34:03.480+0000] {processor.py:840} INFO - DAG(s) 'example_xcom_args', 'example_xcom_args_with_operators' retrieved from /home/airflow/.local/lib/python3.8/site-packages/airflow/example_dags/example_xcomargs.py
[2024-10-01T00:34:03.658+0000] {logging_mixin.py:188} INFO - [2024-10-01T00:34:03.656+0000] {dag.py:3036} INFO - Sync 2 DAGs
[2024-10-01T00:34:03.756+0000] {logging_mixin.py:188} INFO - [2024-10-01T00:34:03.755+0000] {dag.py:3823} INFO - Setting next_dagrun for example_xcom_args to None, run_after=None
[2024-10-01T00:34:03.778+0000] {logging_mixin.py:188} INFO - [2024-10-01T00:34:03.777+0000] {dag.py:3823} INFO - Setting next_dagrun for example_xcom_args_with_operators to None, run_after=None
[2024-10-01T00:34:03.861+0000] {processor.py:183} INFO - Processing /home/airflow/.local/lib/python3.8/site-packages/airflow/example_dags/example_xcomargs.py took 0.494 seconds
[2024-10-01T00:34:34.030+0000] {processor.py:161} INFO - Started process (PID=5049) to work on /home/airflow/.local/lib/python3.8/site-packages/airflow/example_dags/example_xcomargs.py
[2024-10-01T00:34:34.032+0000] {processor.py:830} INFO - Processing file /home/airflow/.local/lib/python3.8/site-packages/airflow/example_dags/example_xcomargs.py for tasks to queue
[2024-10-01T00:34:34.036+0000] {logging_mixin.py:188} INFO - [2024-10-01T00:34:34.036+0000] {dagbag.py:538} INFO - Filling up the DagBag from /home/airflow/.local/lib/python3.8/site-packages/airflow/example_dags/example_xcomargs.py
[2024-10-01T00:34:34.057+0000] {processor.py:840} INFO - DAG(s) 'example_xcom_args', 'example_xcom_args_with_operators' retrieved from /home/airflow/.local/lib/python3.8/site-packages/airflow/example_dags/example_xcomargs.py
[2024-10-01T00:34:34.119+0000] {logging_mixin.py:188} INFO - [2024-10-01T00:34:34.118+0000] {dag.py:3036} INFO - Sync 2 DAGs
[2024-10-01T00:34:34.156+0000] {logging_mixin.py:188} INFO - [2024-10-01T00:34:34.156+0000] {dag.py:3823} INFO - Setting next_dagrun for example_xcom_args to None, run_after=None
[2024-10-01T00:34:34.165+0000] {logging_mixin.py:188} INFO - [2024-10-01T00:34:34.165+0000] {dag.py:3823} INFO - Setting next_dagrun for example_xcom_args_with_operators to None, run_after=None
[2024-10-01T00:34:34.206+0000] {processor.py:183} INFO - Processing /home/airflow/.local/lib/python3.8/site-packages/airflow/example_dags/example_xcomargs.py took 0.185 seconds
