[2024-10-01T00:00:04.906+0000] {processor.py:161} INFO - Started process (PID=760) to work on /home/airflow/.local/lib/python3.8/site-packages/airflow/example_dags/example_latest_only.py
[2024-10-01T00:00:04.913+0000] {processor.py:830} INFO - Processing file /home/airflow/.local/lib/python3.8/site-packages/airflow/example_dags/example_latest_only.py for tasks to queue
[2024-10-01T00:00:04.922+0000] {logging_mixin.py:188} INFO - [2024-10-01T00:00:04.920+0000] {dagbag.py:538} INFO - Filling up the DagBag from /home/airflow/.local/lib/python3.8/site-packages/airflow/example_dags/example_latest_only.py
[2024-10-01T00:00:04.948+0000] {processor.py:840} INFO - DAG(s) 'latest_only' retrieved from /home/airflow/.local/lib/python3.8/site-packages/airflow/example_dags/example_latest_only.py
[2024-10-01T00:00:05.063+0000] {logging_mixin.py:188} INFO - [2024-10-01T00:00:05.061+0000] {dag.py:3036} INFO - Sync 1 DAGs
[2024-10-01T00:00:05.190+0000] {logging_mixin.py:188} INFO - [2024-10-01T00:00:05.189+0000] {dag.py:3823} INFO - Setting next_dagrun for latest_only to 2024-09-30 20:00:00+00:00, run_after=2024-10-01 00:00:00+00:00
[2024-10-01T00:00:05.282+0000] {processor.py:183} INFO - Processing /home/airflow/.local/lib/python3.8/site-packages/airflow/example_dags/example_latest_only.py took 0.407 seconds
[2024-10-01T00:00:35.434+0000] {processor.py:161} INFO - Started process (PID=819) to work on /home/airflow/.local/lib/python3.8/site-packages/airflow/example_dags/example_latest_only.py
[2024-10-01T00:00:35.436+0000] {processor.py:830} INFO - Processing file /home/airflow/.local/lib/python3.8/site-packages/airflow/example_dags/example_latest_only.py for tasks to queue
[2024-10-01T00:00:35.440+0000] {logging_mixin.py:188} INFO - [2024-10-01T00:00:35.439+0000] {dagbag.py:538} INFO - Filling up the DagBag from /home/airflow/.local/lib/python3.8/site-packages/airflow/example_dags/example_latest_only.py
[2024-10-01T00:00:35.449+0000] {processor.py:840} INFO - DAG(s) 'latest_only' retrieved from /home/airflow/.local/lib/python3.8/site-packages/airflow/example_dags/example_latest_only.py
[2024-10-01T00:00:35.488+0000] {logging_mixin.py:188} INFO - [2024-10-01T00:00:35.487+0000] {dag.py:3036} INFO - Sync 1 DAGs
[2024-10-01T00:00:35.531+0000] {logging_mixin.py:188} INFO - [2024-10-01T00:00:35.531+0000] {dag.py:3823} INFO - Setting next_dagrun for latest_only to 2024-09-30 20:00:00+00:00, run_after=2024-10-01 00:00:00+00:00
[2024-10-01T00:00:35.584+0000] {processor.py:183} INFO - Processing /home/airflow/.local/lib/python3.8/site-packages/airflow/example_dags/example_latest_only.py took 0.157 seconds
[2024-10-01T00:01:06.112+0000] {processor.py:161} INFO - Started process (PID=885) to work on /home/airflow/.local/lib/python3.8/site-packages/airflow/example_dags/example_latest_only.py
[2024-10-01T00:01:06.115+0000] {processor.py:830} INFO - Processing file /home/airflow/.local/lib/python3.8/site-packages/airflow/example_dags/example_latest_only.py for tasks to queue
[2024-10-01T00:01:06.120+0000] {logging_mixin.py:188} INFO - [2024-10-01T00:01:06.119+0000] {dagbag.py:538} INFO - Filling up the DagBag from /home/airflow/.local/lib/python3.8/site-packages/airflow/example_dags/example_latest_only.py
[2024-10-01T00:01:06.132+0000] {processor.py:840} INFO - DAG(s) 'latest_only' retrieved from /home/airflow/.local/lib/python3.8/site-packages/airflow/example_dags/example_latest_only.py
[2024-10-01T00:01:06.184+0000] {logging_mixin.py:188} INFO - [2024-10-01T00:01:06.184+0000] {dag.py:3036} INFO - Sync 1 DAGs
[2024-10-01T00:01:06.242+0000] {logging_mixin.py:188} INFO - [2024-10-01T00:01:06.241+0000] {dag.py:3823} INFO - Setting next_dagrun for latest_only to 2024-09-30 20:00:00+00:00, run_after=2024-10-01 00:00:00+00:00
[2024-10-01T00:01:06.294+0000] {processor.py:183} INFO - Processing /home/airflow/.local/lib/python3.8/site-packages/airflow/example_dags/example_latest_only.py took 0.191 seconds
[2024-10-01T00:01:36.901+0000] {processor.py:161} INFO - Started process (PID=950) to work on /home/airflow/.local/lib/python3.8/site-packages/airflow/example_dags/example_latest_only.py
[2024-10-01T00:01:36.904+0000] {processor.py:830} INFO - Processing file /home/airflow/.local/lib/python3.8/site-packages/airflow/example_dags/example_latest_only.py for tasks to queue
[2024-10-01T00:01:36.908+0000] {logging_mixin.py:188} INFO - [2024-10-01T00:01:36.908+0000] {dagbag.py:538} INFO - Filling up the DagBag from /home/airflow/.local/lib/python3.8/site-packages/airflow/example_dags/example_latest_only.py
[2024-10-01T00:01:36.918+0000] {processor.py:840} INFO - DAG(s) 'latest_only' retrieved from /home/airflow/.local/lib/python3.8/site-packages/airflow/example_dags/example_latest_only.py
[2024-10-01T00:01:36.967+0000] {logging_mixin.py:188} INFO - [2024-10-01T00:01:36.966+0000] {dag.py:3036} INFO - Sync 1 DAGs
[2024-10-01T00:01:37.032+0000] {logging_mixin.py:188} INFO - [2024-10-01T00:01:37.031+0000] {dag.py:3823} INFO - Setting next_dagrun for latest_only to 2024-09-30 20:00:00+00:00, run_after=2024-10-01 00:00:00+00:00
[2024-10-01T00:01:37.083+0000] {processor.py:183} INFO - Processing /home/airflow/.local/lib/python3.8/site-packages/airflow/example_dags/example_latest_only.py took 0.190 seconds
[2024-10-01T00:02:07.403+0000] {processor.py:161} INFO - Started process (PID=1016) to work on /home/airflow/.local/lib/python3.8/site-packages/airflow/example_dags/example_latest_only.py
[2024-10-01T00:02:07.408+0000] {processor.py:830} INFO - Processing file /home/airflow/.local/lib/python3.8/site-packages/airflow/example_dags/example_latest_only.py for tasks to queue
[2024-10-01T00:02:07.413+0000] {logging_mixin.py:188} INFO - [2024-10-01T00:02:07.412+0000] {dagbag.py:538} INFO - Filling up the DagBag from /home/airflow/.local/lib/python3.8/site-packages/airflow/example_dags/example_latest_only.py
[2024-10-01T00:02:07.421+0000] {processor.py:840} INFO - DAG(s) 'latest_only' retrieved from /home/airflow/.local/lib/python3.8/site-packages/airflow/example_dags/example_latest_only.py
[2024-10-01T00:02:07.461+0000] {logging_mixin.py:188} INFO - [2024-10-01T00:02:07.460+0000] {dag.py:3036} INFO - Sync 1 DAGs
[2024-10-01T00:02:07.510+0000] {logging_mixin.py:188} INFO - [2024-10-01T00:02:07.509+0000] {dag.py:3823} INFO - Setting next_dagrun for latest_only to 2024-09-30 20:00:00+00:00, run_after=2024-10-01 00:00:00+00:00
[2024-10-01T00:02:07.552+0000] {processor.py:183} INFO - Processing /home/airflow/.local/lib/python3.8/site-packages/airflow/example_dags/example_latest_only.py took 0.156 seconds
[2024-10-01T00:02:37.741+0000] {processor.py:161} INFO - Started process (PID=1082) to work on /home/airflow/.local/lib/python3.8/site-packages/airflow/example_dags/example_latest_only.py
[2024-10-01T00:02:37.744+0000] {processor.py:830} INFO - Processing file /home/airflow/.local/lib/python3.8/site-packages/airflow/example_dags/example_latest_only.py for tasks to queue
[2024-10-01T00:02:37.747+0000] {logging_mixin.py:188} INFO - [2024-10-01T00:02:37.746+0000] {dagbag.py:538} INFO - Filling up the DagBag from /home/airflow/.local/lib/python3.8/site-packages/airflow/example_dags/example_latest_only.py
[2024-10-01T00:02:37.757+0000] {processor.py:840} INFO - DAG(s) 'latest_only' retrieved from /home/airflow/.local/lib/python3.8/site-packages/airflow/example_dags/example_latest_only.py
[2024-10-01T00:02:37.796+0000] {logging_mixin.py:188} INFO - [2024-10-01T00:02:37.796+0000] {dag.py:3036} INFO - Sync 1 DAGs
[2024-10-01T00:02:37.842+0000] {logging_mixin.py:188} INFO - [2024-10-01T00:02:37.842+0000] {dag.py:3823} INFO - Setting next_dagrun for latest_only to 2024-09-30 20:00:00+00:00, run_after=2024-10-01 00:00:00+00:00
[2024-10-01T00:02:37.881+0000] {processor.py:183} INFO - Processing /home/airflow/.local/lib/python3.8/site-packages/airflow/example_dags/example_latest_only.py took 0.146 seconds
[2024-10-01T00:03:08.551+0000] {processor.py:161} INFO - Started process (PID=1148) to work on /home/airflow/.local/lib/python3.8/site-packages/airflow/example_dags/example_latest_only.py
[2024-10-01T00:03:08.554+0000] {processor.py:830} INFO - Processing file /home/airflow/.local/lib/python3.8/site-packages/airflow/example_dags/example_latest_only.py for tasks to queue
[2024-10-01T00:03:08.558+0000] {logging_mixin.py:188} INFO - [2024-10-01T00:03:08.557+0000] {dagbag.py:538} INFO - Filling up the DagBag from /home/airflow/.local/lib/python3.8/site-packages/airflow/example_dags/example_latest_only.py
[2024-10-01T00:03:08.567+0000] {processor.py:840} INFO - DAG(s) 'latest_only' retrieved from /home/airflow/.local/lib/python3.8/site-packages/airflow/example_dags/example_latest_only.py
[2024-10-01T00:03:08.607+0000] {logging_mixin.py:188} INFO - [2024-10-01T00:03:08.606+0000] {dag.py:3036} INFO - Sync 1 DAGs
[2024-10-01T00:03:08.652+0000] {logging_mixin.py:188} INFO - [2024-10-01T00:03:08.651+0000] {dag.py:3823} INFO - Setting next_dagrun for latest_only to 2024-09-30 20:00:00+00:00, run_after=2024-10-01 00:00:00+00:00
[2024-10-01T00:03:08.691+0000] {processor.py:183} INFO - Processing /home/airflow/.local/lib/python3.8/site-packages/airflow/example_dags/example_latest_only.py took 0.146 seconds
[2024-10-01T00:03:38.925+0000] {processor.py:161} INFO - Started process (PID=1214) to work on /home/airflow/.local/lib/python3.8/site-packages/airflow/example_dags/example_latest_only.py
[2024-10-01T00:03:38.928+0000] {processor.py:830} INFO - Processing file /home/airflow/.local/lib/python3.8/site-packages/airflow/example_dags/example_latest_only.py for tasks to queue
[2024-10-01T00:03:38.932+0000] {logging_mixin.py:188} INFO - [2024-10-01T00:03:38.931+0000] {dagbag.py:538} INFO - Filling up the DagBag from /home/airflow/.local/lib/python3.8/site-packages/airflow/example_dags/example_latest_only.py
[2024-10-01T00:03:38.943+0000] {processor.py:840} INFO - DAG(s) 'latest_only' retrieved from /home/airflow/.local/lib/python3.8/site-packages/airflow/example_dags/example_latest_only.py
[2024-10-01T00:03:38.988+0000] {logging_mixin.py:188} INFO - [2024-10-01T00:03:38.987+0000] {dag.py:3036} INFO - Sync 1 DAGs
[2024-10-01T00:03:39.042+0000] {logging_mixin.py:188} INFO - [2024-10-01T00:03:39.041+0000] {dag.py:3823} INFO - Setting next_dagrun for latest_only to 2024-09-30 20:00:00+00:00, run_after=2024-10-01 00:00:00+00:00
[2024-10-01T00:03:39.085+0000] {processor.py:183} INFO - Processing /home/airflow/.local/lib/python3.8/site-packages/airflow/example_dags/example_latest_only.py took 0.168 seconds
[2024-10-01T00:04:09.373+0000] {processor.py:161} INFO - Started process (PID=1280) to work on /home/airflow/.local/lib/python3.8/site-packages/airflow/example_dags/example_latest_only.py
[2024-10-01T00:04:09.376+0000] {processor.py:830} INFO - Processing file /home/airflow/.local/lib/python3.8/site-packages/airflow/example_dags/example_latest_only.py for tasks to queue
[2024-10-01T00:04:09.379+0000] {logging_mixin.py:188} INFO - [2024-10-01T00:04:09.379+0000] {dagbag.py:538} INFO - Filling up the DagBag from /home/airflow/.local/lib/python3.8/site-packages/airflow/example_dags/example_latest_only.py
[2024-10-01T00:04:09.390+0000] {processor.py:840} INFO - DAG(s) 'latest_only' retrieved from /home/airflow/.local/lib/python3.8/site-packages/airflow/example_dags/example_latest_only.py
[2024-10-01T00:04:09.436+0000] {logging_mixin.py:188} INFO - [2024-10-01T00:04:09.435+0000] {dag.py:3036} INFO - Sync 1 DAGs
[2024-10-01T00:04:09.493+0000] {logging_mixin.py:188} INFO - [2024-10-01T00:04:09.492+0000] {dag.py:3823} INFO - Setting next_dagrun for latest_only to 2024-09-30 20:00:00+00:00, run_after=2024-10-01 00:00:00+00:00
[2024-10-01T00:04:09.539+0000] {processor.py:183} INFO - Processing /home/airflow/.local/lib/python3.8/site-packages/airflow/example_dags/example_latest_only.py took 0.174 seconds
[2024-10-01T00:04:40.071+0000] {processor.py:161} INFO - Started process (PID=1345) to work on /home/airflow/.local/lib/python3.8/site-packages/airflow/example_dags/example_latest_only.py
[2024-10-01T00:04:40.083+0000] {processor.py:830} INFO - Processing file /home/airflow/.local/lib/python3.8/site-packages/airflow/example_dags/example_latest_only.py for tasks to queue
[2024-10-01T00:04:40.100+0000] {logging_mixin.py:188} INFO - [2024-10-01T00:04:40.097+0000] {dagbag.py:538} INFO - Filling up the DagBag from /home/airflow/.local/lib/python3.8/site-packages/airflow/example_dags/example_latest_only.py
[2024-10-01T00:04:40.148+0000] {processor.py:840} INFO - DAG(s) 'latest_only' retrieved from /home/airflow/.local/lib/python3.8/site-packages/airflow/example_dags/example_latest_only.py
[2024-10-01T00:04:40.375+0000] {logging_mixin.py:188} INFO - [2024-10-01T00:04:40.373+0000] {dag.py:3036} INFO - Sync 1 DAGs
[2024-10-01T00:04:40.533+0000] {logging_mixin.py:188} INFO - [2024-10-01T00:04:40.532+0000] {dag.py:3823} INFO - Setting next_dagrun for latest_only to 2024-09-30 20:00:00+00:00, run_after=2024-10-01 00:00:00+00:00
[2024-10-01T00:04:40.641+0000] {processor.py:183} INFO - Processing /home/airflow/.local/lib/python3.8/site-packages/airflow/example_dags/example_latest_only.py took 0.601 seconds
[2024-10-01T00:05:10.865+0000] {processor.py:161} INFO - Started process (PID=1402) to work on /home/airflow/.local/lib/python3.8/site-packages/airflow/example_dags/example_latest_only.py
[2024-10-01T00:05:10.872+0000] {processor.py:830} INFO - Processing file /home/airflow/.local/lib/python3.8/site-packages/airflow/example_dags/example_latest_only.py for tasks to queue
[2024-10-01T00:05:10.882+0000] {logging_mixin.py:188} INFO - [2024-10-01T00:05:10.881+0000] {dagbag.py:538} INFO - Filling up the DagBag from /home/airflow/.local/lib/python3.8/site-packages/airflow/example_dags/example_latest_only.py
[2024-10-01T00:05:10.907+0000] {processor.py:840} INFO - DAG(s) 'latest_only' retrieved from /home/airflow/.local/lib/python3.8/site-packages/airflow/example_dags/example_latest_only.py
[2024-10-01T00:05:11.025+0000] {logging_mixin.py:188} INFO - [2024-10-01T00:05:11.024+0000] {dag.py:3036} INFO - Sync 1 DAGs
[2024-10-01T00:05:11.153+0000] {logging_mixin.py:188} INFO - [2024-10-01T00:05:11.152+0000] {dag.py:3823} INFO - Setting next_dagrun for latest_only to 2024-09-30 20:00:00+00:00, run_after=2024-10-01 00:00:00+00:00
[2024-10-01T00:05:11.256+0000] {processor.py:183} INFO - Processing /home/airflow/.local/lib/python3.8/site-packages/airflow/example_dags/example_latest_only.py took 0.412 seconds
[2024-10-01T00:05:42.247+0000] {processor.py:161} INFO - Started process (PID=1468) to work on /home/airflow/.local/lib/python3.8/site-packages/airflow/example_dags/example_latest_only.py
[2024-10-01T00:05:42.249+0000] {processor.py:830} INFO - Processing file /home/airflow/.local/lib/python3.8/site-packages/airflow/example_dags/example_latest_only.py for tasks to queue
[2024-10-01T00:05:42.253+0000] {logging_mixin.py:188} INFO - [2024-10-01T00:05:42.252+0000] {dagbag.py:538} INFO - Filling up the DagBag from /home/airflow/.local/lib/python3.8/site-packages/airflow/example_dags/example_latest_only.py
[2024-10-01T00:05:42.261+0000] {processor.py:840} INFO - DAG(s) 'latest_only' retrieved from /home/airflow/.local/lib/python3.8/site-packages/airflow/example_dags/example_latest_only.py
[2024-10-01T00:05:42.299+0000] {logging_mixin.py:188} INFO - [2024-10-01T00:05:42.298+0000] {dag.py:3036} INFO - Sync 1 DAGs
[2024-10-01T00:05:42.344+0000] {logging_mixin.py:188} INFO - [2024-10-01T00:05:42.343+0000] {dag.py:3823} INFO - Setting next_dagrun for latest_only to 2024-09-30 20:00:00+00:00, run_after=2024-10-01 00:00:00+00:00
[2024-10-01T00:05:42.380+0000] {processor.py:183} INFO - Processing /home/airflow/.local/lib/python3.8/site-packages/airflow/example_dags/example_latest_only.py took 0.139 seconds
[2024-10-01T00:06:12.904+0000] {processor.py:161} INFO - Started process (PID=1534) to work on /home/airflow/.local/lib/python3.8/site-packages/airflow/example_dags/example_latest_only.py
[2024-10-01T00:06:12.907+0000] {processor.py:830} INFO - Processing file /home/airflow/.local/lib/python3.8/site-packages/airflow/example_dags/example_latest_only.py for tasks to queue
[2024-10-01T00:06:12.910+0000] {logging_mixin.py:188} INFO - [2024-10-01T00:06:12.909+0000] {dagbag.py:538} INFO - Filling up the DagBag from /home/airflow/.local/lib/python3.8/site-packages/airflow/example_dags/example_latest_only.py
[2024-10-01T00:06:12.919+0000] {processor.py:840} INFO - DAG(s) 'latest_only' retrieved from /home/airflow/.local/lib/python3.8/site-packages/airflow/example_dags/example_latest_only.py
[2024-10-01T00:06:12.983+0000] {logging_mixin.py:188} INFO - [2024-10-01T00:06:12.983+0000] {dag.py:3036} INFO - Sync 1 DAGs
[2024-10-01T00:06:13.029+0000] {logging_mixin.py:188} INFO - [2024-10-01T00:06:13.029+0000] {dag.py:3823} INFO - Setting next_dagrun for latest_only to 2024-09-30 20:00:00+00:00, run_after=2024-10-01 00:00:00+00:00
[2024-10-01T00:06:13.067+0000] {processor.py:183} INFO - Processing /home/airflow/.local/lib/python3.8/site-packages/airflow/example_dags/example_latest_only.py took 0.169 seconds
[2024-10-01T00:06:43.363+0000] {processor.py:161} INFO - Started process (PID=1600) to work on /home/airflow/.local/lib/python3.8/site-packages/airflow/example_dags/example_latest_only.py
[2024-10-01T00:06:43.366+0000] {processor.py:830} INFO - Processing file /home/airflow/.local/lib/python3.8/site-packages/airflow/example_dags/example_latest_only.py for tasks to queue
[2024-10-01T00:06:43.370+0000] {logging_mixin.py:188} INFO - [2024-10-01T00:06:43.369+0000] {dagbag.py:538} INFO - Filling up the DagBag from /home/airflow/.local/lib/python3.8/site-packages/airflow/example_dags/example_latest_only.py
[2024-10-01T00:06:43.380+0000] {processor.py:840} INFO - DAG(s) 'latest_only' retrieved from /home/airflow/.local/lib/python3.8/site-packages/airflow/example_dags/example_latest_only.py
[2024-10-01T00:06:43.426+0000] {logging_mixin.py:188} INFO - [2024-10-01T00:06:43.425+0000] {dag.py:3036} INFO - Sync 1 DAGs
[2024-10-01T00:06:43.478+0000] {logging_mixin.py:188} INFO - [2024-10-01T00:06:43.477+0000] {dag.py:3823} INFO - Setting next_dagrun for latest_only to 2024-09-30 20:00:00+00:00, run_after=2024-10-01 00:00:00+00:00
[2024-10-01T00:06:43.522+0000] {processor.py:183} INFO - Processing /home/airflow/.local/lib/python3.8/site-packages/airflow/example_dags/example_latest_only.py took 0.166 seconds
[2024-10-01T00:07:14.080+0000] {processor.py:161} INFO - Started process (PID=1667) to work on /home/airflow/.local/lib/python3.8/site-packages/airflow/example_dags/example_latest_only.py
[2024-10-01T00:07:14.089+0000] {processor.py:830} INFO - Processing file /home/airflow/.local/lib/python3.8/site-packages/airflow/example_dags/example_latest_only.py for tasks to queue
[2024-10-01T00:07:14.095+0000] {logging_mixin.py:188} INFO - [2024-10-01T00:07:14.094+0000] {dagbag.py:538} INFO - Filling up the DagBag from /home/airflow/.local/lib/python3.8/site-packages/airflow/example_dags/example_latest_only.py
[2024-10-01T00:07:14.106+0000] {processor.py:840} INFO - DAG(s) 'latest_only' retrieved from /home/airflow/.local/lib/python3.8/site-packages/airflow/example_dags/example_latest_only.py
[2024-10-01T00:07:14.156+0000] {logging_mixin.py:188} INFO - [2024-10-01T00:07:14.155+0000] {dag.py:3036} INFO - Sync 1 DAGs
[2024-10-01T00:07:14.212+0000] {logging_mixin.py:188} INFO - [2024-10-01T00:07:14.212+0000] {dag.py:3823} INFO - Setting next_dagrun for latest_only to 2024-09-30 20:00:00+00:00, run_after=2024-10-01 00:00:00+00:00
[2024-10-01T00:07:14.260+0000] {processor.py:183} INFO - Processing /home/airflow/.local/lib/python3.8/site-packages/airflow/example_dags/example_latest_only.py took 0.188 seconds
[2024-10-01T00:07:44.938+0000] {processor.py:161} INFO - Started process (PID=1733) to work on /home/airflow/.local/lib/python3.8/site-packages/airflow/example_dags/example_latest_only.py
[2024-10-01T00:07:44.943+0000] {processor.py:830} INFO - Processing file /home/airflow/.local/lib/python3.8/site-packages/airflow/example_dags/example_latest_only.py for tasks to queue
[2024-10-01T00:07:44.947+0000] {logging_mixin.py:188} INFO - [2024-10-01T00:07:44.946+0000] {dagbag.py:538} INFO - Filling up the DagBag from /home/airflow/.local/lib/python3.8/site-packages/airflow/example_dags/example_latest_only.py
[2024-10-01T00:07:44.957+0000] {processor.py:840} INFO - DAG(s) 'latest_only' retrieved from /home/airflow/.local/lib/python3.8/site-packages/airflow/example_dags/example_latest_only.py
[2024-10-01T00:07:45.003+0000] {logging_mixin.py:188} INFO - [2024-10-01T00:07:45.002+0000] {dag.py:3036} INFO - Sync 1 DAGs
[2024-10-01T00:07:45.053+0000] {logging_mixin.py:188} INFO - [2024-10-01T00:07:45.052+0000] {dag.py:3823} INFO - Setting next_dagrun for latest_only to 2024-09-30 20:00:00+00:00, run_after=2024-10-01 00:00:00+00:00
[2024-10-01T00:07:45.098+0000] {processor.py:183} INFO - Processing /home/airflow/.local/lib/python3.8/site-packages/airflow/example_dags/example_latest_only.py took 0.169 seconds
[2024-10-01T00:08:15.377+0000] {processor.py:161} INFO - Started process (PID=1799) to work on /home/airflow/.local/lib/python3.8/site-packages/airflow/example_dags/example_latest_only.py
[2024-10-01T00:08:15.383+0000] {processor.py:830} INFO - Processing file /home/airflow/.local/lib/python3.8/site-packages/airflow/example_dags/example_latest_only.py for tasks to queue
[2024-10-01T00:08:15.386+0000] {logging_mixin.py:188} INFO - [2024-10-01T00:08:15.386+0000] {dagbag.py:538} INFO - Filling up the DagBag from /home/airflow/.local/lib/python3.8/site-packages/airflow/example_dags/example_latest_only.py
[2024-10-01T00:08:15.396+0000] {processor.py:840} INFO - DAG(s) 'latest_only' retrieved from /home/airflow/.local/lib/python3.8/site-packages/airflow/example_dags/example_latest_only.py
[2024-10-01T00:08:15.439+0000] {logging_mixin.py:188} INFO - [2024-10-01T00:08:15.439+0000] {dag.py:3036} INFO - Sync 1 DAGs
[2024-10-01T00:08:15.496+0000] {logging_mixin.py:188} INFO - [2024-10-01T00:08:15.495+0000] {dag.py:3823} INFO - Setting next_dagrun for latest_only to 2024-09-30 20:00:00+00:00, run_after=2024-10-01 00:00:00+00:00
[2024-10-01T00:08:15.545+0000] {processor.py:183} INFO - Processing /home/airflow/.local/lib/python3.8/site-packages/airflow/example_dags/example_latest_only.py took 0.177 seconds
[2024-10-01T00:08:45.683+0000] {processor.py:161} INFO - Started process (PID=1865) to work on /home/airflow/.local/lib/python3.8/site-packages/airflow/example_dags/example_latest_only.py
[2024-10-01T00:08:45.688+0000] {processor.py:830} INFO - Processing file /home/airflow/.local/lib/python3.8/site-packages/airflow/example_dags/example_latest_only.py for tasks to queue
[2024-10-01T00:08:45.695+0000] {logging_mixin.py:188} INFO - [2024-10-01T00:08:45.694+0000] {dagbag.py:538} INFO - Filling up the DagBag from /home/airflow/.local/lib/python3.8/site-packages/airflow/example_dags/example_latest_only.py
[2024-10-01T00:08:45.708+0000] {processor.py:840} INFO - DAG(s) 'latest_only' retrieved from /home/airflow/.local/lib/python3.8/site-packages/airflow/example_dags/example_latest_only.py
[2024-10-01T00:08:45.755+0000] {logging_mixin.py:188} INFO - [2024-10-01T00:08:45.754+0000] {dag.py:3036} INFO - Sync 1 DAGs
[2024-10-01T00:08:45.809+0000] {logging_mixin.py:188} INFO - [2024-10-01T00:08:45.809+0000] {dag.py:3823} INFO - Setting next_dagrun for latest_only to 2024-09-30 20:00:00+00:00, run_after=2024-10-01 00:00:00+00:00
[2024-10-01T00:08:45.856+0000] {processor.py:183} INFO - Processing /home/airflow/.local/lib/python3.8/site-packages/airflow/example_dags/example_latest_only.py took 0.182 seconds
[2024-10-01T00:09:16.711+0000] {processor.py:161} INFO - Started process (PID=1923) to work on /home/airflow/.local/lib/python3.8/site-packages/airflow/example_dags/example_latest_only.py
[2024-10-01T00:09:16.721+0000] {processor.py:830} INFO - Processing file /home/airflow/.local/lib/python3.8/site-packages/airflow/example_dags/example_latest_only.py for tasks to queue
[2024-10-01T00:09:16.752+0000] {logging_mixin.py:188} INFO - [2024-10-01T00:09:16.748+0000] {dagbag.py:538} INFO - Filling up the DagBag from /home/airflow/.local/lib/python3.8/site-packages/airflow/example_dags/example_latest_only.py
[2024-10-01T00:09:16.839+0000] {processor.py:840} INFO - DAG(s) 'latest_only' retrieved from /home/airflow/.local/lib/python3.8/site-packages/airflow/example_dags/example_latest_only.py
[2024-10-01T00:09:17.347+0000] {logging_mixin.py:188} INFO - [2024-10-01T00:09:17.345+0000] {dag.py:3036} INFO - Sync 1 DAGs
[2024-10-01T00:09:17.854+0000] {logging_mixin.py:188} INFO - [2024-10-01T00:09:17.852+0000] {dag.py:3823} INFO - Setting next_dagrun for latest_only to 2024-09-30 20:00:00+00:00, run_after=2024-10-01 00:00:00+00:00
[2024-10-01T00:09:18.096+0000] {processor.py:183} INFO - Processing /home/airflow/.local/lib/python3.8/site-packages/airflow/example_dags/example_latest_only.py took 1.421 seconds
[2024-10-01T00:09:48.825+0000] {processor.py:161} INFO - Started process (PID=1988) to work on /home/airflow/.local/lib/python3.8/site-packages/airflow/example_dags/example_latest_only.py
[2024-10-01T00:09:48.837+0000] {processor.py:830} INFO - Processing file /home/airflow/.local/lib/python3.8/site-packages/airflow/example_dags/example_latest_only.py for tasks to queue
[2024-10-01T00:09:48.857+0000] {logging_mixin.py:188} INFO - [2024-10-01T00:09:48.855+0000] {dagbag.py:538} INFO - Filling up the DagBag from /home/airflow/.local/lib/python3.8/site-packages/airflow/example_dags/example_latest_only.py
[2024-10-01T00:09:48.906+0000] {processor.py:840} INFO - DAG(s) 'latest_only' retrieved from /home/airflow/.local/lib/python3.8/site-packages/airflow/example_dags/example_latest_only.py
[2024-10-01T00:09:49.099+0000] {logging_mixin.py:188} INFO - [2024-10-01T00:09:49.097+0000] {dag.py:3036} INFO - Sync 1 DAGs
[2024-10-01T00:09:49.369+0000] {logging_mixin.py:188} INFO - [2024-10-01T00:09:49.367+0000] {dag.py:3823} INFO - Setting next_dagrun for latest_only to 2024-09-30 20:00:00+00:00, run_after=2024-10-01 00:00:00+00:00
[2024-10-01T00:09:49.552+0000] {processor.py:183} INFO - Processing /home/airflow/.local/lib/python3.8/site-packages/airflow/example_dags/example_latest_only.py took 0.759 seconds
[2024-10-01T00:10:33.906+0000] {processor.py:161} INFO - Started process (PID=2053) to work on /home/airflow/.local/lib/python3.8/site-packages/airflow/example_dags/example_latest_only.py
[2024-10-01T00:10:33.930+0000] {processor.py:830} INFO - Processing file /home/airflow/.local/lib/python3.8/site-packages/airflow/example_dags/example_latest_only.py for tasks to queue
[2024-10-01T00:10:33.992+0000] {logging_mixin.py:188} INFO - [2024-10-01T00:10:33.979+0000] {dagbag.py:538} INFO - Filling up the DagBag from /home/airflow/.local/lib/python3.8/site-packages/airflow/example_dags/example_latest_only.py
[2024-10-01T00:10:34.270+0000] {processor.py:840} INFO - DAG(s) 'latest_only' retrieved from /home/airflow/.local/lib/python3.8/site-packages/airflow/example_dags/example_latest_only.py
[2024-10-01T00:10:34.753+0000] {logging_mixin.py:188} INFO - [2024-10-01T00:10:34.741+0000] {dag.py:3036} INFO - Sync 1 DAGs
[2024-10-01T00:10:35.518+0000] {logging_mixin.py:188} INFO - [2024-10-01T00:10:35.515+0000] {dag.py:3823} INFO - Setting next_dagrun for latest_only to 2024-09-30 20:00:00+00:00, run_after=2024-10-01 00:00:00+00:00
[2024-10-01T00:10:35.843+0000] {processor.py:183} INFO - Processing /home/airflow/.local/lib/python3.8/site-packages/airflow/example_dags/example_latest_only.py took 2.023 seconds
[2024-10-01T00:11:17.867+0000] {processor.py:161} INFO - Started process (PID=2115) to work on /home/airflow/.local/lib/python3.8/site-packages/airflow/example_dags/example_latest_only.py
[2024-10-01T00:11:17.875+0000] {processor.py:830} INFO - Processing file /home/airflow/.local/lib/python3.8/site-packages/airflow/example_dags/example_latest_only.py for tasks to queue
[2024-10-01T00:11:17.892+0000] {logging_mixin.py:188} INFO - [2024-10-01T00:11:17.889+0000] {dagbag.py:538} INFO - Filling up the DagBag from /home/airflow/.local/lib/python3.8/site-packages/airflow/example_dags/example_latest_only.py
[2024-10-01T00:11:17.946+0000] {processor.py:840} INFO - DAG(s) 'latest_only' retrieved from /home/airflow/.local/lib/python3.8/site-packages/airflow/example_dags/example_latest_only.py
[2024-10-01T00:11:18.258+0000] {logging_mixin.py:188} INFO - [2024-10-01T00:11:18.256+0000] {dag.py:3036} INFO - Sync 1 DAGs
[2024-10-01T00:11:18.536+0000] {logging_mixin.py:188} INFO - [2024-10-01T00:11:18.534+0000] {dag.py:3823} INFO - Setting next_dagrun for latest_only to 2024-09-30 20:00:00+00:00, run_after=2024-10-01 00:00:00+00:00
[2024-10-01T00:11:18.724+0000] {processor.py:183} INFO - Processing /home/airflow/.local/lib/python3.8/site-packages/airflow/example_dags/example_latest_only.py took 0.891 seconds
[2024-10-01T00:11:50.953+0000] {processor.py:161} INFO - Started process (PID=2181) to work on /home/airflow/.local/lib/python3.8/site-packages/airflow/example_dags/example_latest_only.py
[2024-10-01T00:11:50.964+0000] {processor.py:830} INFO - Processing file /home/airflow/.local/lib/python3.8/site-packages/airflow/example_dags/example_latest_only.py for tasks to queue
[2024-10-01T00:11:50.986+0000] {logging_mixin.py:188} INFO - [2024-10-01T00:11:50.983+0000] {dagbag.py:538} INFO - Filling up the DagBag from /home/airflow/.local/lib/python3.8/site-packages/airflow/example_dags/example_latest_only.py
[2024-10-01T00:11:51.040+0000] {processor.py:840} INFO - DAG(s) 'latest_only' retrieved from /home/airflow/.local/lib/python3.8/site-packages/airflow/example_dags/example_latest_only.py
[2024-10-01T00:11:51.290+0000] {logging_mixin.py:188} INFO - [2024-10-01T00:11:51.288+0000] {dag.py:3036} INFO - Sync 1 DAGs
[2024-10-01T00:11:51.568+0000] {logging_mixin.py:188} INFO - [2024-10-01T00:11:51.565+0000] {dag.py:3823} INFO - Setting next_dagrun for latest_only to 2024-09-30 20:00:00+00:00, run_after=2024-10-01 00:00:00+00:00
[2024-10-01T00:11:51.765+0000] {processor.py:183} INFO - Processing /home/airflow/.local/lib/python3.8/site-packages/airflow/example_dags/example_latest_only.py took 0.872 seconds
[2024-10-01T00:12:22.478+0000] {processor.py:161} INFO - Started process (PID=2239) to work on /home/airflow/.local/lib/python3.8/site-packages/airflow/example_dags/example_latest_only.py
[2024-10-01T00:12:22.484+0000] {processor.py:830} INFO - Processing file /home/airflow/.local/lib/python3.8/site-packages/airflow/example_dags/example_latest_only.py for tasks to queue
[2024-10-01T00:12:22.498+0000] {logging_mixin.py:188} INFO - [2024-10-01T00:12:22.496+0000] {dagbag.py:538} INFO - Filling up the DagBag from /home/airflow/.local/lib/python3.8/site-packages/airflow/example_dags/example_latest_only.py
[2024-10-01T00:12:22.526+0000] {processor.py:840} INFO - DAG(s) 'latest_only' retrieved from /home/airflow/.local/lib/python3.8/site-packages/airflow/example_dags/example_latest_only.py
[2024-10-01T00:12:22.663+0000] {logging_mixin.py:188} INFO - [2024-10-01T00:12:22.662+0000] {dag.py:3036} INFO - Sync 1 DAGs
[2024-10-01T00:12:22.780+0000] {logging_mixin.py:188} INFO - [2024-10-01T00:12:22.779+0000] {dag.py:3823} INFO - Setting next_dagrun for latest_only to 2024-09-30 20:00:00+00:00, run_after=2024-10-01 00:00:00+00:00
[2024-10-01T00:12:22.885+0000] {processor.py:183} INFO - Processing /home/airflow/.local/lib/python3.8/site-packages/airflow/example_dags/example_latest_only.py took 0.431 seconds
[2024-10-01T00:12:53.392+0000] {processor.py:161} INFO - Started process (PID=2305) to work on /home/airflow/.local/lib/python3.8/site-packages/airflow/example_dags/example_latest_only.py
[2024-10-01T00:12:53.396+0000] {processor.py:830} INFO - Processing file /home/airflow/.local/lib/python3.8/site-packages/airflow/example_dags/example_latest_only.py for tasks to queue
[2024-10-01T00:12:53.401+0000] {logging_mixin.py:188} INFO - [2024-10-01T00:12:53.400+0000] {dagbag.py:538} INFO - Filling up the DagBag from /home/airflow/.local/lib/python3.8/site-packages/airflow/example_dags/example_latest_only.py
[2024-10-01T00:12:53.419+0000] {processor.py:840} INFO - DAG(s) 'latest_only' retrieved from /home/airflow/.local/lib/python3.8/site-packages/airflow/example_dags/example_latest_only.py
[2024-10-01T00:12:53.491+0000] {logging_mixin.py:188} INFO - [2024-10-01T00:12:53.490+0000] {dag.py:3036} INFO - Sync 1 DAGs
[2024-10-01T00:12:53.564+0000] {logging_mixin.py:188} INFO - [2024-10-01T00:12:53.563+0000] {dag.py:3823} INFO - Setting next_dagrun for latest_only to 2024-09-30 20:00:00+00:00, run_after=2024-10-01 00:00:00+00:00
[2024-10-01T00:12:53.624+0000] {processor.py:183} INFO - Processing /home/airflow/.local/lib/python3.8/site-packages/airflow/example_dags/example_latest_only.py took 0.243 seconds
[2024-10-01T00:13:23.690+0000] {processor.py:161} INFO - Started process (PID=2371) to work on /home/airflow/.local/lib/python3.8/site-packages/airflow/example_dags/example_latest_only.py
[2024-10-01T00:13:23.694+0000] {processor.py:830} INFO - Processing file /home/airflow/.local/lib/python3.8/site-packages/airflow/example_dags/example_latest_only.py for tasks to queue
[2024-10-01T00:13:23.700+0000] {logging_mixin.py:188} INFO - [2024-10-01T00:13:23.699+0000] {dagbag.py:538} INFO - Filling up the DagBag from /home/airflow/.local/lib/python3.8/site-packages/airflow/example_dags/example_latest_only.py
[2024-10-01T00:13:23.718+0000] {processor.py:840} INFO - DAG(s) 'latest_only' retrieved from /home/airflow/.local/lib/python3.8/site-packages/airflow/example_dags/example_latest_only.py
[2024-10-01T00:13:23.792+0000] {logging_mixin.py:188} INFO - [2024-10-01T00:13:23.791+0000] {dag.py:3036} INFO - Sync 1 DAGs
[2024-10-01T00:13:23.885+0000] {logging_mixin.py:188} INFO - [2024-10-01T00:13:23.884+0000] {dag.py:3823} INFO - Setting next_dagrun for latest_only to 2024-09-30 20:00:00+00:00, run_after=2024-10-01 00:00:00+00:00
[2024-10-01T00:13:24.295+0000] {processor.py:183} INFO - Processing /home/airflow/.local/lib/python3.8/site-packages/airflow/example_dags/example_latest_only.py took 0.619 seconds
[2024-10-01T00:13:55.017+0000] {processor.py:161} INFO - Started process (PID=2437) to work on /home/airflow/.local/lib/python3.8/site-packages/airflow/example_dags/example_latest_only.py
[2024-10-01T00:13:55.022+0000] {processor.py:830} INFO - Processing file /home/airflow/.local/lib/python3.8/site-packages/airflow/example_dags/example_latest_only.py for tasks to queue
[2024-10-01T00:13:55.025+0000] {logging_mixin.py:188} INFO - [2024-10-01T00:13:55.025+0000] {dagbag.py:538} INFO - Filling up the DagBag from /home/airflow/.local/lib/python3.8/site-packages/airflow/example_dags/example_latest_only.py
[2024-10-01T00:13:55.033+0000] {processor.py:840} INFO - DAG(s) 'latest_only' retrieved from /home/airflow/.local/lib/python3.8/site-packages/airflow/example_dags/example_latest_only.py
[2024-10-01T00:13:55.066+0000] {logging_mixin.py:188} INFO - [2024-10-01T00:13:55.066+0000] {dag.py:3036} INFO - Sync 1 DAGs
[2024-10-01T00:13:55.106+0000] {logging_mixin.py:188} INFO - [2024-10-01T00:13:55.106+0000] {dag.py:3823} INFO - Setting next_dagrun for latest_only to 2024-09-30 20:00:00+00:00, run_after=2024-10-01 00:00:00+00:00
[2024-10-01T00:13:55.143+0000] {processor.py:183} INFO - Processing /home/airflow/.local/lib/python3.8/site-packages/airflow/example_dags/example_latest_only.py took 0.131 seconds
[2024-10-01T00:14:25.847+0000] {processor.py:161} INFO - Started process (PID=2503) to work on /home/airflow/.local/lib/python3.8/site-packages/airflow/example_dags/example_latest_only.py
[2024-10-01T00:14:25.851+0000] {processor.py:830} INFO - Processing file /home/airflow/.local/lib/python3.8/site-packages/airflow/example_dags/example_latest_only.py for tasks to queue
[2024-10-01T00:14:25.854+0000] {logging_mixin.py:188} INFO - [2024-10-01T00:14:25.854+0000] {dagbag.py:538} INFO - Filling up the DagBag from /home/airflow/.local/lib/python3.8/site-packages/airflow/example_dags/example_latest_only.py
[2024-10-01T00:14:25.864+0000] {processor.py:840} INFO - DAG(s) 'latest_only' retrieved from /home/airflow/.local/lib/python3.8/site-packages/airflow/example_dags/example_latest_only.py
[2024-10-01T00:14:25.904+0000] {logging_mixin.py:188} INFO - [2024-10-01T00:14:25.904+0000] {dag.py:3036} INFO - Sync 1 DAGs
[2024-10-01T00:14:25.953+0000] {logging_mixin.py:188} INFO - [2024-10-01T00:14:25.952+0000] {dag.py:3823} INFO - Setting next_dagrun for latest_only to 2024-09-30 20:00:00+00:00, run_after=2024-10-01 00:00:00+00:00
[2024-10-01T00:14:25.995+0000] {processor.py:183} INFO - Processing /home/airflow/.local/lib/python3.8/site-packages/airflow/example_dags/example_latest_only.py took 0.155 seconds
[2024-10-01T00:14:56.427+0000] {processor.py:161} INFO - Started process (PID=2570) to work on /home/airflow/.local/lib/python3.8/site-packages/airflow/example_dags/example_latest_only.py
[2024-10-01T00:14:56.437+0000] {processor.py:830} INFO - Processing file /home/airflow/.local/lib/python3.8/site-packages/airflow/example_dags/example_latest_only.py for tasks to queue
[2024-10-01T00:14:56.441+0000] {logging_mixin.py:188} INFO - [2024-10-01T00:14:56.440+0000] {dagbag.py:538} INFO - Filling up the DagBag from /home/airflow/.local/lib/python3.8/site-packages/airflow/example_dags/example_latest_only.py
[2024-10-01T00:14:56.451+0000] {processor.py:840} INFO - DAG(s) 'latest_only' retrieved from /home/airflow/.local/lib/python3.8/site-packages/airflow/example_dags/example_latest_only.py
[2024-10-01T00:14:56.495+0000] {logging_mixin.py:188} INFO - [2024-10-01T00:14:56.495+0000] {dag.py:3036} INFO - Sync 1 DAGs
[2024-10-01T00:14:56.816+0000] {logging_mixin.py:188} INFO - [2024-10-01T00:14:56.815+0000] {dag.py:3823} INFO - Setting next_dagrun for latest_only to 2024-09-30 20:00:00+00:00, run_after=2024-10-01 00:00:00+00:00
[2024-10-01T00:14:56.869+0000] {processor.py:183} INFO - Processing /home/airflow/.local/lib/python3.8/site-packages/airflow/example_dags/example_latest_only.py took 0.449 seconds
[2024-10-01T00:15:27.072+0000] {processor.py:161} INFO - Started process (PID=2635) to work on /home/airflow/.local/lib/python3.8/site-packages/airflow/example_dags/example_latest_only.py
[2024-10-01T00:15:27.076+0000] {processor.py:830} INFO - Processing file /home/airflow/.local/lib/python3.8/site-packages/airflow/example_dags/example_latest_only.py for tasks to queue
[2024-10-01T00:15:27.083+0000] {logging_mixin.py:188} INFO - [2024-10-01T00:15:27.082+0000] {dagbag.py:538} INFO - Filling up the DagBag from /home/airflow/.local/lib/python3.8/site-packages/airflow/example_dags/example_latest_only.py
[2024-10-01T00:15:27.105+0000] {processor.py:840} INFO - DAG(s) 'latest_only' retrieved from /home/airflow/.local/lib/python3.8/site-packages/airflow/example_dags/example_latest_only.py
[2024-10-01T00:15:27.166+0000] {logging_mixin.py:188} INFO - [2024-10-01T00:15:27.165+0000] {dag.py:3036} INFO - Sync 1 DAGs
[2024-10-01T00:15:27.235+0000] {logging_mixin.py:188} INFO - [2024-10-01T00:15:27.234+0000] {dag.py:3823} INFO - Setting next_dagrun for latest_only to 2024-09-30 20:00:00+00:00, run_after=2024-10-01 00:00:00+00:00
[2024-10-01T00:15:27.562+0000] {processor.py:183} INFO - Processing /home/airflow/.local/lib/python3.8/site-packages/airflow/example_dags/example_latest_only.py took 0.510 seconds
[2024-10-01T00:15:59.252+0000] {processor.py:161} INFO - Started process (PID=2698) to work on /home/airflow/.local/lib/python3.8/site-packages/airflow/example_dags/example_latest_only.py
[2024-10-01T00:15:59.292+0000] {processor.py:830} INFO - Processing file /home/airflow/.local/lib/python3.8/site-packages/airflow/example_dags/example_latest_only.py for tasks to queue
[2024-10-01T00:15:59.361+0000] {logging_mixin.py:188} INFO - [2024-10-01T00:15:59.347+0000] {dagbag.py:538} INFO - Filling up the DagBag from /home/airflow/.local/lib/python3.8/site-packages/airflow/example_dags/example_latest_only.py
[2024-10-01T00:15:59.456+0000] {processor.py:840} INFO - DAG(s) 'latest_only' retrieved from /home/airflow/.local/lib/python3.8/site-packages/airflow/example_dags/example_latest_only.py
[2024-10-01T00:16:00.076+0000] {logging_mixin.py:188} INFO - [2024-10-01T00:16:00.074+0000] {dag.py:3036} INFO - Sync 1 DAGs
[2024-10-01T00:16:00.542+0000] {logging_mixin.py:188} INFO - [2024-10-01T00:16:00.539+0000] {dag.py:3823} INFO - Setting next_dagrun for latest_only to 2024-09-30 20:00:00+00:00, run_after=2024-10-01 00:00:00+00:00
[2024-10-01T00:16:00.772+0000] {processor.py:183} INFO - Processing /home/airflow/.local/lib/python3.8/site-packages/airflow/example_dags/example_latest_only.py took 1.600 seconds
[2024-10-01T00:16:33.151+0000] {processor.py:161} INFO - Started process (PID=2731) to work on /home/airflow/.local/lib/python3.8/site-packages/airflow/example_dags/example_latest_only.py
[2024-10-01T00:16:33.153+0000] {processor.py:830} INFO - Processing file /home/airflow/.local/lib/python3.8/site-packages/airflow/example_dags/example_latest_only.py for tasks to queue
[2024-10-01T00:16:33.158+0000] {logging_mixin.py:188} INFO - [2024-10-01T00:16:33.157+0000] {dagbag.py:538} INFO - Filling up the DagBag from /home/airflow/.local/lib/python3.8/site-packages/airflow/example_dags/example_latest_only.py
[2024-10-01T00:16:33.172+0000] {processor.py:840} INFO - DAG(s) 'latest_only' retrieved from /home/airflow/.local/lib/python3.8/site-packages/airflow/example_dags/example_latest_only.py
[2024-10-01T00:16:33.234+0000] {logging_mixin.py:188} INFO - [2024-10-01T00:16:33.233+0000] {dag.py:3036} INFO - Sync 1 DAGs
[2024-10-01T00:16:33.585+0000] {logging_mixin.py:188} INFO - [2024-10-01T00:16:33.584+0000] {dag.py:3823} INFO - Setting next_dagrun for latest_only to 2024-09-30 20:00:00+00:00, run_after=2024-10-01 00:00:00+00:00
[2024-10-01T00:16:33.636+0000] {processor.py:183} INFO - Processing /home/airflow/.local/lib/python3.8/site-packages/airflow/example_dags/example_latest_only.py took 0.494 seconds
[2024-10-01T00:17:04.431+0000] {processor.py:161} INFO - Started process (PID=2797) to work on /home/airflow/.local/lib/python3.8/site-packages/airflow/example_dags/example_latest_only.py
[2024-10-01T00:17:04.432+0000] {processor.py:830} INFO - Processing file /home/airflow/.local/lib/python3.8/site-packages/airflow/example_dags/example_latest_only.py for tasks to queue
[2024-10-01T00:17:04.434+0000] {logging_mixin.py:188} INFO - [2024-10-01T00:17:04.434+0000] {dagbag.py:538} INFO - Filling up the DagBag from /home/airflow/.local/lib/python3.8/site-packages/airflow/example_dags/example_latest_only.py
[2024-10-01T00:17:04.439+0000] {processor.py:840} INFO - DAG(s) 'latest_only' retrieved from /home/airflow/.local/lib/python3.8/site-packages/airflow/example_dags/example_latest_only.py
[2024-10-01T00:17:04.462+0000] {logging_mixin.py:188} INFO - [2024-10-01T00:17:04.462+0000] {dag.py:3036} INFO - Sync 1 DAGs
[2024-10-01T00:17:04.497+0000] {logging_mixin.py:188} INFO - [2024-10-01T00:17:04.497+0000] {dag.py:3823} INFO - Setting next_dagrun for latest_only to 2024-09-30 20:00:00+00:00, run_after=2024-10-01 00:00:00+00:00
[2024-10-01T00:17:04.526+0000] {processor.py:183} INFO - Processing /home/airflow/.local/lib/python3.8/site-packages/airflow/example_dags/example_latest_only.py took 0.099 seconds
[2024-10-01T00:17:34.733+0000] {processor.py:161} INFO - Started process (PID=2871) to work on /home/airflow/.local/lib/python3.8/site-packages/airflow/example_dags/example_latest_only.py
[2024-10-01T00:17:34.735+0000] {processor.py:830} INFO - Processing file /home/airflow/.local/lib/python3.8/site-packages/airflow/example_dags/example_latest_only.py for tasks to queue
[2024-10-01T00:17:34.737+0000] {logging_mixin.py:188} INFO - [2024-10-01T00:17:34.737+0000] {dagbag.py:538} INFO - Filling up the DagBag from /home/airflow/.local/lib/python3.8/site-packages/airflow/example_dags/example_latest_only.py
[2024-10-01T00:17:34.744+0000] {processor.py:840} INFO - DAG(s) 'latest_only' retrieved from /home/airflow/.local/lib/python3.8/site-packages/airflow/example_dags/example_latest_only.py
[2024-10-01T00:17:34.777+0000] {logging_mixin.py:188} INFO - [2024-10-01T00:17:34.777+0000] {dag.py:3036} INFO - Sync 1 DAGs
[2024-10-01T00:17:34.819+0000] {logging_mixin.py:188} INFO - [2024-10-01T00:17:34.819+0000] {dag.py:3823} INFO - Setting next_dagrun for latest_only to 2024-09-30 20:00:00+00:00, run_after=2024-10-01 00:00:00+00:00
[2024-10-01T00:17:34.852+0000] {processor.py:183} INFO - Processing /home/airflow/.local/lib/python3.8/site-packages/airflow/example_dags/example_latest_only.py took 0.123 seconds
[2024-10-01T00:18:05.279+0000] {processor.py:161} INFO - Started process (PID=2937) to work on /home/airflow/.local/lib/python3.8/site-packages/airflow/example_dags/example_latest_only.py
[2024-10-01T00:18:05.280+0000] {processor.py:830} INFO - Processing file /home/airflow/.local/lib/python3.8/site-packages/airflow/example_dags/example_latest_only.py for tasks to queue
[2024-10-01T00:18:05.282+0000] {logging_mixin.py:188} INFO - [2024-10-01T00:18:05.282+0000] {dagbag.py:538} INFO - Filling up the DagBag from /home/airflow/.local/lib/python3.8/site-packages/airflow/example_dags/example_latest_only.py
[2024-10-01T00:18:05.289+0000] {processor.py:840} INFO - DAG(s) 'latest_only' retrieved from /home/airflow/.local/lib/python3.8/site-packages/airflow/example_dags/example_latest_only.py
[2024-10-01T00:18:05.315+0000] {logging_mixin.py:188} INFO - [2024-10-01T00:18:05.315+0000] {dag.py:3036} INFO - Sync 1 DAGs
[2024-10-01T00:18:05.347+0000] {logging_mixin.py:188} INFO - [2024-10-01T00:18:05.347+0000] {dag.py:3823} INFO - Setting next_dagrun for latest_only to 2024-09-30 20:00:00+00:00, run_after=2024-10-01 00:00:00+00:00
[2024-10-01T00:18:05.377+0000] {processor.py:183} INFO - Processing /home/airflow/.local/lib/python3.8/site-packages/airflow/example_dags/example_latest_only.py took 0.104 seconds
[2024-10-01T00:18:35.435+0000] {processor.py:161} INFO - Started process (PID=3003) to work on /home/airflow/.local/lib/python3.8/site-packages/airflow/example_dags/example_latest_only.py
[2024-10-01T00:18:35.437+0000] {processor.py:830} INFO - Processing file /home/airflow/.local/lib/python3.8/site-packages/airflow/example_dags/example_latest_only.py for tasks to queue
[2024-10-01T00:18:35.440+0000] {logging_mixin.py:188} INFO - [2024-10-01T00:18:35.440+0000] {dagbag.py:538} INFO - Filling up the DagBag from /home/airflow/.local/lib/python3.8/site-packages/airflow/example_dags/example_latest_only.py
[2024-10-01T00:18:35.449+0000] {processor.py:840} INFO - DAG(s) 'latest_only' retrieved from /home/airflow/.local/lib/python3.8/site-packages/airflow/example_dags/example_latest_only.py
[2024-10-01T00:18:35.483+0000] {logging_mixin.py:188} INFO - [2024-10-01T00:18:35.483+0000] {dag.py:3036} INFO - Sync 1 DAGs
[2024-10-01T00:18:35.523+0000] {logging_mixin.py:188} INFO - [2024-10-01T00:18:35.522+0000] {dag.py:3823} INFO - Setting next_dagrun for latest_only to 2024-09-30 20:00:00+00:00, run_after=2024-10-01 00:00:00+00:00
[2024-10-01T00:18:35.558+0000] {processor.py:183} INFO - Processing /home/airflow/.local/lib/python3.8/site-packages/airflow/example_dags/example_latest_only.py took 0.129 seconds
[2024-10-01T00:19:05.745+0000] {processor.py:161} INFO - Started process (PID=3070) to work on /home/airflow/.local/lib/python3.8/site-packages/airflow/example_dags/example_latest_only.py
[2024-10-01T00:19:05.747+0000] {processor.py:830} INFO - Processing file /home/airflow/.local/lib/python3.8/site-packages/airflow/example_dags/example_latest_only.py for tasks to queue
[2024-10-01T00:19:05.749+0000] {logging_mixin.py:188} INFO - [2024-10-01T00:19:05.749+0000] {dagbag.py:538} INFO - Filling up the DagBag from /home/airflow/.local/lib/python3.8/site-packages/airflow/example_dags/example_latest_only.py
[2024-10-01T00:19:05.757+0000] {processor.py:840} INFO - DAG(s) 'latest_only' retrieved from /home/airflow/.local/lib/python3.8/site-packages/airflow/example_dags/example_latest_only.py
[2024-10-01T00:19:05.789+0000] {logging_mixin.py:188} INFO - [2024-10-01T00:19:05.788+0000] {dag.py:3036} INFO - Sync 1 DAGs
[2024-10-01T00:19:05.826+0000] {logging_mixin.py:188} INFO - [2024-10-01T00:19:05.825+0000] {dag.py:3823} INFO - Setting next_dagrun for latest_only to 2024-09-30 20:00:00+00:00, run_after=2024-10-01 00:00:00+00:00
[2024-10-01T00:19:05.859+0000] {processor.py:183} INFO - Processing /home/airflow/.local/lib/python3.8/site-packages/airflow/example_dags/example_latest_only.py took 0.120 seconds
[2024-10-01T00:19:36.066+0000] {processor.py:161} INFO - Started process (PID=3144) to work on /home/airflow/.local/lib/python3.8/site-packages/airflow/example_dags/example_latest_only.py
[2024-10-01T00:19:36.068+0000] {processor.py:830} INFO - Processing file /home/airflow/.local/lib/python3.8/site-packages/airflow/example_dags/example_latest_only.py for tasks to queue
[2024-10-01T00:19:36.071+0000] {logging_mixin.py:188} INFO - [2024-10-01T00:19:36.070+0000] {dagbag.py:538} INFO - Filling up the DagBag from /home/airflow/.local/lib/python3.8/site-packages/airflow/example_dags/example_latest_only.py
[2024-10-01T00:19:36.080+0000] {processor.py:840} INFO - DAG(s) 'latest_only' retrieved from /home/airflow/.local/lib/python3.8/site-packages/airflow/example_dags/example_latest_only.py
[2024-10-01T00:19:36.115+0000] {logging_mixin.py:188} INFO - [2024-10-01T00:19:36.115+0000] {dag.py:3036} INFO - Sync 1 DAGs
[2024-10-01T00:19:36.157+0000] {logging_mixin.py:188} INFO - [2024-10-01T00:19:36.156+0000] {dag.py:3823} INFO - Setting next_dagrun for latest_only to 2024-09-30 20:00:00+00:00, run_after=2024-10-01 00:00:00+00:00
[2024-10-01T00:19:36.187+0000] {processor.py:183} INFO - Processing /home/airflow/.local/lib/python3.8/site-packages/airflow/example_dags/example_latest_only.py took 0.128 seconds
[2024-10-01T00:20:06.946+0000] {processor.py:161} INFO - Started process (PID=3208) to work on /home/airflow/.local/lib/python3.8/site-packages/airflow/example_dags/example_latest_only.py
[2024-10-01T00:20:06.949+0000] {processor.py:830} INFO - Processing file /home/airflow/.local/lib/python3.8/site-packages/airflow/example_dags/example_latest_only.py for tasks to queue
[2024-10-01T00:20:06.955+0000] {logging_mixin.py:188} INFO - [2024-10-01T00:20:06.954+0000] {dagbag.py:538} INFO - Filling up the DagBag from /home/airflow/.local/lib/python3.8/site-packages/airflow/example_dags/example_latest_only.py
[2024-10-01T00:20:06.969+0000] {processor.py:840} INFO - DAG(s) 'latest_only' retrieved from /home/airflow/.local/lib/python3.8/site-packages/airflow/example_dags/example_latest_only.py
[2024-10-01T00:20:07.018+0000] {logging_mixin.py:188} INFO - [2024-10-01T00:20:07.018+0000] {dag.py:3036} INFO - Sync 1 DAGs
[2024-10-01T00:20:07.075+0000] {logging_mixin.py:188} INFO - [2024-10-01T00:20:07.074+0000] {dag.py:3823} INFO - Setting next_dagrun for latest_only to 2024-09-30 20:00:00+00:00, run_after=2024-10-01 00:00:00+00:00
[2024-10-01T00:20:07.124+0000] {processor.py:183} INFO - Processing /home/airflow/.local/lib/python3.8/site-packages/airflow/example_dags/example_latest_only.py took 0.188 seconds
[2024-10-01T00:20:37.796+0000] {processor.py:161} INFO - Started process (PID=3274) to work on /home/airflow/.local/lib/python3.8/site-packages/airflow/example_dags/example_latest_only.py
[2024-10-01T00:20:37.812+0000] {processor.py:830} INFO - Processing file /home/airflow/.local/lib/python3.8/site-packages/airflow/example_dags/example_latest_only.py for tasks to queue
[2024-10-01T00:20:37.817+0000] {logging_mixin.py:188} INFO - [2024-10-01T00:20:37.816+0000] {dagbag.py:538} INFO - Filling up the DagBag from /home/airflow/.local/lib/python3.8/site-packages/airflow/example_dags/example_latest_only.py
[2024-10-01T00:20:37.834+0000] {processor.py:840} INFO - DAG(s) 'latest_only' retrieved from /home/airflow/.local/lib/python3.8/site-packages/airflow/example_dags/example_latest_only.py
[2024-10-01T00:20:37.888+0000] {logging_mixin.py:188} INFO - [2024-10-01T00:20:37.888+0000] {dag.py:3036} INFO - Sync 1 DAGs
[2024-10-01T00:20:37.954+0000] {logging_mixin.py:188} INFO - [2024-10-01T00:20:37.954+0000] {dag.py:3823} INFO - Setting next_dagrun for latest_only to 2024-09-30 20:00:00+00:00, run_after=2024-10-01 00:00:00+00:00
[2024-10-01T00:20:38.009+0000] {processor.py:183} INFO - Processing /home/airflow/.local/lib/python3.8/site-packages/airflow/example_dags/example_latest_only.py took 0.221 seconds
[2024-10-01T00:21:08.194+0000] {processor.py:161} INFO - Started process (PID=3340) to work on /home/airflow/.local/lib/python3.8/site-packages/airflow/example_dags/example_latest_only.py
[2024-10-01T00:21:08.195+0000] {processor.py:830} INFO - Processing file /home/airflow/.local/lib/python3.8/site-packages/airflow/example_dags/example_latest_only.py for tasks to queue
[2024-10-01T00:21:08.197+0000] {logging_mixin.py:188} INFO - [2024-10-01T00:21:08.197+0000] {dagbag.py:538} INFO - Filling up the DagBag from /home/airflow/.local/lib/python3.8/site-packages/airflow/example_dags/example_latest_only.py
[2024-10-01T00:21:08.204+0000] {processor.py:840} INFO - DAG(s) 'latest_only' retrieved from /home/airflow/.local/lib/python3.8/site-packages/airflow/example_dags/example_latest_only.py
[2024-10-01T00:21:08.234+0000] {logging_mixin.py:188} INFO - [2024-10-01T00:21:08.233+0000] {dag.py:3036} INFO - Sync 1 DAGs
[2024-10-01T00:21:08.274+0000] {logging_mixin.py:188} INFO - [2024-10-01T00:21:08.274+0000] {dag.py:3823} INFO - Setting next_dagrun for latest_only to 2024-09-30 20:00:00+00:00, run_after=2024-10-01 00:00:00+00:00
[2024-10-01T00:21:08.308+0000] {processor.py:183} INFO - Processing /home/airflow/.local/lib/python3.8/site-packages/airflow/example_dags/example_latest_only.py took 0.118 seconds
[2024-10-01T00:21:38.955+0000] {processor.py:161} INFO - Started process (PID=3406) to work on /home/airflow/.local/lib/python3.8/site-packages/airflow/example_dags/example_latest_only.py
[2024-10-01T00:21:38.957+0000] {processor.py:830} INFO - Processing file /home/airflow/.local/lib/python3.8/site-packages/airflow/example_dags/example_latest_only.py for tasks to queue
[2024-10-01T00:21:38.958+0000] {logging_mixin.py:188} INFO - [2024-10-01T00:21:38.958+0000] {dagbag.py:538} INFO - Filling up the DagBag from /home/airflow/.local/lib/python3.8/site-packages/airflow/example_dags/example_latest_only.py
[2024-10-01T00:21:38.964+0000] {processor.py:840} INFO - DAG(s) 'latest_only' retrieved from /home/airflow/.local/lib/python3.8/site-packages/airflow/example_dags/example_latest_only.py
[2024-10-01T00:21:38.984+0000] {logging_mixin.py:188} INFO - [2024-10-01T00:21:38.983+0000] {dag.py:3036} INFO - Sync 1 DAGs
[2024-10-01T00:21:39.011+0000] {logging_mixin.py:188} INFO - [2024-10-01T00:21:39.010+0000] {dag.py:3823} INFO - Setting next_dagrun for latest_only to 2024-09-30 20:00:00+00:00, run_after=2024-10-01 00:00:00+00:00
[2024-10-01T00:21:39.038+0000] {processor.py:183} INFO - Processing /home/airflow/.local/lib/python3.8/site-packages/airflow/example_dags/example_latest_only.py took 0.086 seconds
[2024-10-01T00:22:09.606+0000] {processor.py:161} INFO - Started process (PID=3472) to work on /home/airflow/.local/lib/python3.8/site-packages/airflow/example_dags/example_latest_only.py
[2024-10-01T00:22:09.607+0000] {processor.py:830} INFO - Processing file /home/airflow/.local/lib/python3.8/site-packages/airflow/example_dags/example_latest_only.py for tasks to queue
[2024-10-01T00:22:09.609+0000] {logging_mixin.py:188} INFO - [2024-10-01T00:22:09.609+0000] {dagbag.py:538} INFO - Filling up the DagBag from /home/airflow/.local/lib/python3.8/site-packages/airflow/example_dags/example_latest_only.py
[2024-10-01T00:22:09.617+0000] {processor.py:840} INFO - DAG(s) 'latest_only' retrieved from /home/airflow/.local/lib/python3.8/site-packages/airflow/example_dags/example_latest_only.py
[2024-10-01T00:22:09.651+0000] {logging_mixin.py:188} INFO - [2024-10-01T00:22:09.651+0000] {dag.py:3036} INFO - Sync 1 DAGs
[2024-10-01T00:22:09.693+0000] {logging_mixin.py:188} INFO - [2024-10-01T00:22:09.692+0000] {dag.py:3823} INFO - Setting next_dagrun for latest_only to 2024-09-30 20:00:00+00:00, run_after=2024-10-01 00:00:00+00:00
[2024-10-01T00:22:09.728+0000] {processor.py:183} INFO - Processing /home/airflow/.local/lib/python3.8/site-packages/airflow/example_dags/example_latest_only.py took 0.126 seconds
[2024-10-01T00:22:40.205+0000] {processor.py:161} INFO - Started process (PID=3539) to work on /home/airflow/.local/lib/python3.8/site-packages/airflow/example_dags/example_latest_only.py
[2024-10-01T00:22:40.206+0000] {processor.py:830} INFO - Processing file /home/airflow/.local/lib/python3.8/site-packages/airflow/example_dags/example_latest_only.py for tasks to queue
[2024-10-01T00:22:40.209+0000] {logging_mixin.py:188} INFO - [2024-10-01T00:22:40.209+0000] {dagbag.py:538} INFO - Filling up the DagBag from /home/airflow/.local/lib/python3.8/site-packages/airflow/example_dags/example_latest_only.py
[2024-10-01T00:22:40.218+0000] {processor.py:840} INFO - DAG(s) 'latest_only' retrieved from /home/airflow/.local/lib/python3.8/site-packages/airflow/example_dags/example_latest_only.py
[2024-10-01T00:22:40.257+0000] {logging_mixin.py:188} INFO - [2024-10-01T00:22:40.257+0000] {dag.py:3036} INFO - Sync 1 DAGs
[2024-10-01T00:22:40.304+0000] {logging_mixin.py:188} INFO - [2024-10-01T00:22:40.304+0000] {dag.py:3823} INFO - Setting next_dagrun for latest_only to 2024-09-30 20:00:00+00:00, run_after=2024-10-01 00:00:00+00:00
[2024-10-01T00:22:40.343+0000] {processor.py:183} INFO - Processing /home/airflow/.local/lib/python3.8/site-packages/airflow/example_dags/example_latest_only.py took 0.143 seconds
[2024-10-01T00:23:10.621+0000] {processor.py:161} INFO - Started process (PID=3606) to work on /home/airflow/.local/lib/python3.8/site-packages/airflow/example_dags/example_latest_only.py
[2024-10-01T00:23:10.623+0000] {processor.py:830} INFO - Processing file /home/airflow/.local/lib/python3.8/site-packages/airflow/example_dags/example_latest_only.py for tasks to queue
[2024-10-01T00:23:10.626+0000] {logging_mixin.py:188} INFO - [2024-10-01T00:23:10.625+0000] {dagbag.py:538} INFO - Filling up the DagBag from /home/airflow/.local/lib/python3.8/site-packages/airflow/example_dags/example_latest_only.py
[2024-10-01T00:23:10.636+0000] {processor.py:840} INFO - DAG(s) 'latest_only' retrieved from /home/airflow/.local/lib/python3.8/site-packages/airflow/example_dags/example_latest_only.py
[2024-10-01T00:23:10.692+0000] {logging_mixin.py:188} INFO - [2024-10-01T00:23:10.691+0000] {dag.py:3036} INFO - Sync 1 DAGs
[2024-10-01T00:23:10.746+0000] {logging_mixin.py:188} INFO - [2024-10-01T00:23:10.745+0000] {dag.py:3823} INFO - Setting next_dagrun for latest_only to 2024-09-30 20:00:00+00:00, run_after=2024-10-01 00:00:00+00:00
[2024-10-01T00:23:10.781+0000] {processor.py:183} INFO - Processing /home/airflow/.local/lib/python3.8/site-packages/airflow/example_dags/example_latest_only.py took 0.165 seconds
[2024-10-01T00:23:40.843+0000] {processor.py:161} INFO - Started process (PID=3672) to work on /home/airflow/.local/lib/python3.8/site-packages/airflow/example_dags/example_latest_only.py
[2024-10-01T00:23:40.844+0000] {processor.py:830} INFO - Processing file /home/airflow/.local/lib/python3.8/site-packages/airflow/example_dags/example_latest_only.py for tasks to queue
[2024-10-01T00:23:40.846+0000] {logging_mixin.py:188} INFO - [2024-10-01T00:23:40.846+0000] {dagbag.py:538} INFO - Filling up the DagBag from /home/airflow/.local/lib/python3.8/site-packages/airflow/example_dags/example_latest_only.py
[2024-10-01T00:23:40.852+0000] {processor.py:840} INFO - DAG(s) 'latest_only' retrieved from /home/airflow/.local/lib/python3.8/site-packages/airflow/example_dags/example_latest_only.py
[2024-10-01T00:23:40.884+0000] {logging_mixin.py:188} INFO - [2024-10-01T00:23:40.883+0000] {dag.py:3036} INFO - Sync 1 DAGs
[2024-10-01T00:23:40.932+0000] {logging_mixin.py:188} INFO - [2024-10-01T00:23:40.931+0000] {dag.py:3823} INFO - Setting next_dagrun for latest_only to 2024-09-30 20:00:00+00:00, run_after=2024-10-01 00:00:00+00:00
[2024-10-01T00:23:40.963+0000] {processor.py:183} INFO - Processing /home/airflow/.local/lib/python3.8/site-packages/airflow/example_dags/example_latest_only.py took 0.124 seconds
[2024-10-01T00:24:11.424+0000] {processor.py:161} INFO - Started process (PID=3738) to work on /home/airflow/.local/lib/python3.8/site-packages/airflow/example_dags/example_latest_only.py
[2024-10-01T00:24:11.426+0000] {processor.py:830} INFO - Processing file /home/airflow/.local/lib/python3.8/site-packages/airflow/example_dags/example_latest_only.py for tasks to queue
[2024-10-01T00:24:11.430+0000] {logging_mixin.py:188} INFO - [2024-10-01T00:24:11.429+0000] {dagbag.py:538} INFO - Filling up the DagBag from /home/airflow/.local/lib/python3.8/site-packages/airflow/example_dags/example_latest_only.py
[2024-10-01T00:24:11.441+0000] {processor.py:840} INFO - DAG(s) 'latest_only' retrieved from /home/airflow/.local/lib/python3.8/site-packages/airflow/example_dags/example_latest_only.py
[2024-10-01T00:24:11.484+0000] {logging_mixin.py:188} INFO - [2024-10-01T00:24:11.483+0000] {dag.py:3036} INFO - Sync 1 DAGs
[2024-10-01T00:24:11.534+0000] {logging_mixin.py:188} INFO - [2024-10-01T00:24:11.533+0000] {dag.py:3823} INFO - Setting next_dagrun for latest_only to 2024-09-30 20:00:00+00:00, run_after=2024-10-01 00:00:00+00:00
[2024-10-01T00:24:11.575+0000] {processor.py:183} INFO - Processing /home/airflow/.local/lib/python3.8/site-packages/airflow/example_dags/example_latest_only.py took 0.159 seconds
[2024-10-01T00:24:41.996+0000] {processor.py:161} INFO - Started process (PID=3804) to work on /home/airflow/.local/lib/python3.8/site-packages/airflow/example_dags/example_latest_only.py
[2024-10-01T00:24:42.001+0000] {processor.py:830} INFO - Processing file /home/airflow/.local/lib/python3.8/site-packages/airflow/example_dags/example_latest_only.py for tasks to queue
[2024-10-01T00:24:42.006+0000] {logging_mixin.py:188} INFO - [2024-10-01T00:24:42.005+0000] {dagbag.py:538} INFO - Filling up the DagBag from /home/airflow/.local/lib/python3.8/site-packages/airflow/example_dags/example_latest_only.py
[2024-10-01T00:24:42.022+0000] {processor.py:840} INFO - DAG(s) 'latest_only' retrieved from /home/airflow/.local/lib/python3.8/site-packages/airflow/example_dags/example_latest_only.py
[2024-10-01T00:24:42.088+0000] {logging_mixin.py:188} INFO - [2024-10-01T00:24:42.087+0000] {dag.py:3036} INFO - Sync 1 DAGs
[2024-10-01T00:24:42.162+0000] {logging_mixin.py:188} INFO - [2024-10-01T00:24:42.161+0000] {dag.py:3823} INFO - Setting next_dagrun for latest_only to 2024-09-30 20:00:00+00:00, run_after=2024-10-01 00:00:00+00:00
[2024-10-01T00:24:42.221+0000] {processor.py:183} INFO - Processing /home/airflow/.local/lib/python3.8/site-packages/airflow/example_dags/example_latest_only.py took 0.240 seconds
[2024-10-01T00:25:12.387+0000] {processor.py:161} INFO - Started process (PID=3868) to work on /home/airflow/.local/lib/python3.8/site-packages/airflow/example_dags/example_latest_only.py
[2024-10-01T00:25:12.390+0000] {processor.py:830} INFO - Processing file /home/airflow/.local/lib/python3.8/site-packages/airflow/example_dags/example_latest_only.py for tasks to queue
[2024-10-01T00:25:12.394+0000] {logging_mixin.py:188} INFO - [2024-10-01T00:25:12.393+0000] {dagbag.py:538} INFO - Filling up the DagBag from /home/airflow/.local/lib/python3.8/site-packages/airflow/example_dags/example_latest_only.py
[2024-10-01T00:25:12.406+0000] {processor.py:840} INFO - DAG(s) 'latest_only' retrieved from /home/airflow/.local/lib/python3.8/site-packages/airflow/example_dags/example_latest_only.py
[2024-10-01T00:25:12.453+0000] {logging_mixin.py:188} INFO - [2024-10-01T00:25:12.452+0000] {dag.py:3036} INFO - Sync 1 DAGs
[2024-10-01T00:25:12.510+0000] {logging_mixin.py:188} INFO - [2024-10-01T00:25:12.509+0000] {dag.py:3823} INFO - Setting next_dagrun for latest_only to 2024-09-30 20:00:00+00:00, run_after=2024-10-01 00:00:00+00:00
[2024-10-01T00:25:12.549+0000] {processor.py:183} INFO - Processing /home/airflow/.local/lib/python3.8/site-packages/airflow/example_dags/example_latest_only.py took 0.169 seconds
[2024-10-01T00:25:42.698+0000] {processor.py:161} INFO - Started process (PID=3934) to work on /home/airflow/.local/lib/python3.8/site-packages/airflow/example_dags/example_latest_only.py
[2024-10-01T00:25:42.701+0000] {processor.py:830} INFO - Processing file /home/airflow/.local/lib/python3.8/site-packages/airflow/example_dags/example_latest_only.py for tasks to queue
[2024-10-01T00:25:42.706+0000] {logging_mixin.py:188} INFO - [2024-10-01T00:25:42.705+0000] {dagbag.py:538} INFO - Filling up the DagBag from /home/airflow/.local/lib/python3.8/site-packages/airflow/example_dags/example_latest_only.py
[2024-10-01T00:25:42.718+0000] {processor.py:840} INFO - DAG(s) 'latest_only' retrieved from /home/airflow/.local/lib/python3.8/site-packages/airflow/example_dags/example_latest_only.py
[2024-10-01T00:25:42.772+0000] {logging_mixin.py:188} INFO - [2024-10-01T00:25:42.771+0000] {dag.py:3036} INFO - Sync 1 DAGs
[2024-10-01T00:25:42.837+0000] {logging_mixin.py:188} INFO - [2024-10-01T00:25:42.836+0000] {dag.py:3823} INFO - Setting next_dagrun for latest_only to 2024-09-30 20:00:00+00:00, run_after=2024-10-01 00:00:00+00:00
[2024-10-01T00:25:42.889+0000] {processor.py:183} INFO - Processing /home/airflow/.local/lib/python3.8/site-packages/airflow/example_dags/example_latest_only.py took 0.202 seconds
[2024-10-01T00:26:13.097+0000] {processor.py:161} INFO - Started process (PID=4000) to work on /home/airflow/.local/lib/python3.8/site-packages/airflow/example_dags/example_latest_only.py
[2024-10-01T00:26:13.099+0000] {processor.py:830} INFO - Processing file /home/airflow/.local/lib/python3.8/site-packages/airflow/example_dags/example_latest_only.py for tasks to queue
[2024-10-01T00:26:13.101+0000] {logging_mixin.py:188} INFO - [2024-10-01T00:26:13.101+0000] {dagbag.py:538} INFO - Filling up the DagBag from /home/airflow/.local/lib/python3.8/site-packages/airflow/example_dags/example_latest_only.py
[2024-10-01T00:26:13.109+0000] {processor.py:840} INFO - DAG(s) 'latest_only' retrieved from /home/airflow/.local/lib/python3.8/site-packages/airflow/example_dags/example_latest_only.py
[2024-10-01T00:26:13.139+0000] {logging_mixin.py:188} INFO - [2024-10-01T00:26:13.139+0000] {dag.py:3036} INFO - Sync 1 DAGs
[2024-10-01T00:26:13.176+0000] {logging_mixin.py:188} INFO - [2024-10-01T00:26:13.175+0000] {dag.py:3823} INFO - Setting next_dagrun for latest_only to 2024-09-30 20:00:00+00:00, run_after=2024-10-01 00:00:00+00:00
[2024-10-01T00:26:13.204+0000] {processor.py:183} INFO - Processing /home/airflow/.local/lib/python3.8/site-packages/airflow/example_dags/example_latest_only.py took 0.114 seconds
[2024-10-01T00:26:43.834+0000] {processor.py:161} INFO - Started process (PID=4066) to work on /home/airflow/.local/lib/python3.8/site-packages/airflow/example_dags/example_latest_only.py
[2024-10-01T00:26:43.836+0000] {processor.py:830} INFO - Processing file /home/airflow/.local/lib/python3.8/site-packages/airflow/example_dags/example_latest_only.py for tasks to queue
[2024-10-01T00:26:43.840+0000] {logging_mixin.py:188} INFO - [2024-10-01T00:26:43.839+0000] {dagbag.py:538} INFO - Filling up the DagBag from /home/airflow/.local/lib/python3.8/site-packages/airflow/example_dags/example_latest_only.py
[2024-10-01T00:26:43.849+0000] {processor.py:840} INFO - DAG(s) 'latest_only' retrieved from /home/airflow/.local/lib/python3.8/site-packages/airflow/example_dags/example_latest_only.py
[2024-10-01T00:26:43.887+0000] {logging_mixin.py:188} INFO - [2024-10-01T00:26:43.887+0000] {dag.py:3036} INFO - Sync 1 DAGs
[2024-10-01T00:26:43.936+0000] {logging_mixin.py:188} INFO - [2024-10-01T00:26:43.936+0000] {dag.py:3823} INFO - Setting next_dagrun for latest_only to 2024-09-30 20:00:00+00:00, run_after=2024-10-01 00:00:00+00:00
[2024-10-01T00:26:43.978+0000] {processor.py:183} INFO - Processing /home/airflow/.local/lib/python3.8/site-packages/airflow/example_dags/example_latest_only.py took 0.151 seconds
[2024-10-01T00:27:14.474+0000] {processor.py:161} INFO - Started process (PID=4132) to work on /home/airflow/.local/lib/python3.8/site-packages/airflow/example_dags/example_latest_only.py
[2024-10-01T00:27:14.476+0000] {processor.py:830} INFO - Processing file /home/airflow/.local/lib/python3.8/site-packages/airflow/example_dags/example_latest_only.py for tasks to queue
[2024-10-01T00:27:14.479+0000] {logging_mixin.py:188} INFO - [2024-10-01T00:27:14.479+0000] {dagbag.py:538} INFO - Filling up the DagBag from /home/airflow/.local/lib/python3.8/site-packages/airflow/example_dags/example_latest_only.py
[2024-10-01T00:27:14.490+0000] {processor.py:840} INFO - DAG(s) 'latest_only' retrieved from /home/airflow/.local/lib/python3.8/site-packages/airflow/example_dags/example_latest_only.py
[2024-10-01T00:27:14.533+0000] {logging_mixin.py:188} INFO - [2024-10-01T00:27:14.532+0000] {dag.py:3036} INFO - Sync 1 DAGs
[2024-10-01T00:27:14.584+0000] {logging_mixin.py:188} INFO - [2024-10-01T00:27:14.584+0000] {dag.py:3823} INFO - Setting next_dagrun for latest_only to 2024-09-30 20:00:00+00:00, run_after=2024-10-01 00:00:00+00:00
[2024-10-01T00:27:14.627+0000] {processor.py:183} INFO - Processing /home/airflow/.local/lib/python3.8/site-packages/airflow/example_dags/example_latest_only.py took 0.161 seconds
[2024-10-01T00:27:44.881+0000] {processor.py:161} INFO - Started process (PID=4198) to work on /home/airflow/.local/lib/python3.8/site-packages/airflow/example_dags/example_latest_only.py
[2024-10-01T00:27:44.894+0000] {processor.py:830} INFO - Processing file /home/airflow/.local/lib/python3.8/site-packages/airflow/example_dags/example_latest_only.py for tasks to queue
[2024-10-01T00:27:44.908+0000] {logging_mixin.py:188} INFO - [2024-10-01T00:27:44.905+0000] {dagbag.py:538} INFO - Filling up the DagBag from /home/airflow/.local/lib/python3.8/site-packages/airflow/example_dags/example_latest_only.py
[2024-10-01T00:27:44.950+0000] {processor.py:840} INFO - DAG(s) 'latest_only' retrieved from /home/airflow/.local/lib/python3.8/site-packages/airflow/example_dags/example_latest_only.py
[2024-10-01T00:27:45.138+0000] {logging_mixin.py:188} INFO - [2024-10-01T00:27:45.136+0000] {dag.py:3036} INFO - Sync 1 DAGs
[2024-10-01T00:27:45.349+0000] {logging_mixin.py:188} INFO - [2024-10-01T00:27:45.348+0000] {dag.py:3823} INFO - Setting next_dagrun for latest_only to 2024-09-30 20:00:00+00:00, run_after=2024-10-01 00:00:00+00:00
[2024-10-01T00:27:45.493+0000] {processor.py:183} INFO - Processing /home/airflow/.local/lib/python3.8/site-packages/airflow/example_dags/example_latest_only.py took 0.660 seconds
[2024-10-01T00:28:16.072+0000] {processor.py:161} INFO - Started process (PID=4256) to work on /home/airflow/.local/lib/python3.8/site-packages/airflow/example_dags/example_latest_only.py
[2024-10-01T00:28:16.077+0000] {processor.py:830} INFO - Processing file /home/airflow/.local/lib/python3.8/site-packages/airflow/example_dags/example_latest_only.py for tasks to queue
[2024-10-01T00:28:16.084+0000] {logging_mixin.py:188} INFO - [2024-10-01T00:28:16.083+0000] {dagbag.py:538} INFO - Filling up the DagBag from /home/airflow/.local/lib/python3.8/site-packages/airflow/example_dags/example_latest_only.py
[2024-10-01T00:28:16.107+0000] {processor.py:840} INFO - DAG(s) 'latest_only' retrieved from /home/airflow/.local/lib/python3.8/site-packages/airflow/example_dags/example_latest_only.py
[2024-10-01T00:28:16.219+0000] {logging_mixin.py:188} INFO - [2024-10-01T00:28:16.218+0000] {dag.py:3036} INFO - Sync 1 DAGs
[2024-10-01T00:28:16.341+0000] {logging_mixin.py:188} INFO - [2024-10-01T00:28:16.340+0000] {dag.py:3823} INFO - Setting next_dagrun for latest_only to 2024-09-30 20:00:00+00:00, run_after=2024-10-01 00:00:00+00:00
[2024-10-01T00:28:16.424+0000] {processor.py:183} INFO - Processing /home/airflow/.local/lib/python3.8/site-packages/airflow/example_dags/example_latest_only.py took 0.368 seconds
[2024-10-01T00:28:47.393+0000] {processor.py:161} INFO - Started process (PID=4322) to work on /home/airflow/.local/lib/python3.8/site-packages/airflow/example_dags/example_latest_only.py
[2024-10-01T00:28:47.398+0000] {processor.py:830} INFO - Processing file /home/airflow/.local/lib/python3.8/site-packages/airflow/example_dags/example_latest_only.py for tasks to queue
[2024-10-01T00:28:47.404+0000] {logging_mixin.py:188} INFO - [2024-10-01T00:28:47.403+0000] {dagbag.py:538} INFO - Filling up the DagBag from /home/airflow/.local/lib/python3.8/site-packages/airflow/example_dags/example_latest_only.py
[2024-10-01T00:28:47.423+0000] {processor.py:840} INFO - DAG(s) 'latest_only' retrieved from /home/airflow/.local/lib/python3.8/site-packages/airflow/example_dags/example_latest_only.py
[2024-10-01T00:28:47.498+0000] {logging_mixin.py:188} INFO - [2024-10-01T00:28:47.497+0000] {dag.py:3036} INFO - Sync 1 DAGs
[2024-10-01T00:28:47.587+0000] {logging_mixin.py:188} INFO - [2024-10-01T00:28:47.586+0000] {dag.py:3823} INFO - Setting next_dagrun for latest_only to 2024-09-30 20:00:00+00:00, run_after=2024-10-01 00:00:00+00:00
[2024-10-01T00:28:47.659+0000] {processor.py:183} INFO - Processing /home/airflow/.local/lib/python3.8/site-packages/airflow/example_dags/example_latest_only.py took 0.279 seconds
[2024-10-01T00:29:18.117+0000] {processor.py:161} INFO - Started process (PID=4388) to work on /home/airflow/.local/lib/python3.8/site-packages/airflow/example_dags/example_latest_only.py
[2024-10-01T00:29:18.120+0000] {processor.py:830} INFO - Processing file /home/airflow/.local/lib/python3.8/site-packages/airflow/example_dags/example_latest_only.py for tasks to queue
[2024-10-01T00:29:18.125+0000] {logging_mixin.py:188} INFO - [2024-10-01T00:29:18.124+0000] {dagbag.py:538} INFO - Filling up the DagBag from /home/airflow/.local/lib/python3.8/site-packages/airflow/example_dags/example_latest_only.py
[2024-10-01T00:29:18.137+0000] {processor.py:840} INFO - DAG(s) 'latest_only' retrieved from /home/airflow/.local/lib/python3.8/site-packages/airflow/example_dags/example_latest_only.py
[2024-10-01T00:29:18.191+0000] {logging_mixin.py:188} INFO - [2024-10-01T00:29:18.190+0000] {dag.py:3036} INFO - Sync 1 DAGs
[2024-10-01T00:29:18.247+0000] {logging_mixin.py:188} INFO - [2024-10-01T00:29:18.247+0000] {dag.py:3823} INFO - Setting next_dagrun for latest_only to 2024-09-30 20:00:00+00:00, run_after=2024-10-01 00:00:00+00:00
[2024-10-01T00:29:18.298+0000] {processor.py:183} INFO - Processing /home/airflow/.local/lib/python3.8/site-packages/airflow/example_dags/example_latest_only.py took 0.189 seconds
[2024-10-01T00:29:48.500+0000] {processor.py:161} INFO - Started process (PID=4454) to work on /home/airflow/.local/lib/python3.8/site-packages/airflow/example_dags/example_latest_only.py
[2024-10-01T00:29:48.503+0000] {processor.py:830} INFO - Processing file /home/airflow/.local/lib/python3.8/site-packages/airflow/example_dags/example_latest_only.py for tasks to queue
[2024-10-01T00:29:48.508+0000] {logging_mixin.py:188} INFO - [2024-10-01T00:29:48.507+0000] {dagbag.py:538} INFO - Filling up the DagBag from /home/airflow/.local/lib/python3.8/site-packages/airflow/example_dags/example_latest_only.py
[2024-10-01T00:29:48.522+0000] {processor.py:840} INFO - DAG(s) 'latest_only' retrieved from /home/airflow/.local/lib/python3.8/site-packages/airflow/example_dags/example_latest_only.py
[2024-10-01T00:29:48.575+0000] {logging_mixin.py:188} INFO - [2024-10-01T00:29:48.574+0000] {dag.py:3036} INFO - Sync 1 DAGs
[2024-10-01T00:29:48.633+0000] {logging_mixin.py:188} INFO - [2024-10-01T00:29:48.632+0000] {dag.py:3823} INFO - Setting next_dagrun for latest_only to 2024-09-30 20:00:00+00:00, run_after=2024-10-01 00:00:00+00:00
[2024-10-01T00:29:48.682+0000] {processor.py:183} INFO - Processing /home/airflow/.local/lib/python3.8/site-packages/airflow/example_dags/example_latest_only.py took 0.191 seconds
[2024-10-01T00:30:18.774+0000] {processor.py:161} INFO - Started process (PID=4520) to work on /home/airflow/.local/lib/python3.8/site-packages/airflow/example_dags/example_latest_only.py
[2024-10-01T00:30:18.777+0000] {processor.py:830} INFO - Processing file /home/airflow/.local/lib/python3.8/site-packages/airflow/example_dags/example_latest_only.py for tasks to queue
[2024-10-01T00:30:18.781+0000] {logging_mixin.py:188} INFO - [2024-10-01T00:30:18.780+0000] {dagbag.py:538} INFO - Filling up the DagBag from /home/airflow/.local/lib/python3.8/site-packages/airflow/example_dags/example_latest_only.py
[2024-10-01T00:30:18.792+0000] {processor.py:840} INFO - DAG(s) 'latest_only' retrieved from /home/airflow/.local/lib/python3.8/site-packages/airflow/example_dags/example_latest_only.py
[2024-10-01T00:30:18.837+0000] {logging_mixin.py:188} INFO - [2024-10-01T00:30:18.836+0000] {dag.py:3036} INFO - Sync 1 DAGs
[2024-10-01T00:30:18.887+0000] {logging_mixin.py:188} INFO - [2024-10-01T00:30:18.887+0000] {dag.py:3823} INFO - Setting next_dagrun for latest_only to 2024-09-30 20:00:00+00:00, run_after=2024-10-01 00:00:00+00:00
[2024-10-01T00:30:18.926+0000] {processor.py:183} INFO - Processing /home/airflow/.local/lib/python3.8/site-packages/airflow/example_dags/example_latest_only.py took 0.160 seconds
[2024-10-01T00:30:49.252+0000] {processor.py:161} INFO - Started process (PID=4585) to work on /home/airflow/.local/lib/python3.8/site-packages/airflow/example_dags/example_latest_only.py
[2024-10-01T00:30:49.256+0000] {processor.py:830} INFO - Processing file /home/airflow/.local/lib/python3.8/site-packages/airflow/example_dags/example_latest_only.py for tasks to queue
[2024-10-01T00:30:49.264+0000] {logging_mixin.py:188} INFO - [2024-10-01T00:30:49.262+0000] {dagbag.py:538} INFO - Filling up the DagBag from /home/airflow/.local/lib/python3.8/site-packages/airflow/example_dags/example_latest_only.py
[2024-10-01T00:30:49.280+0000] {processor.py:840} INFO - DAG(s) 'latest_only' retrieved from /home/airflow/.local/lib/python3.8/site-packages/airflow/example_dags/example_latest_only.py
[2024-10-01T00:30:49.343+0000] {logging_mixin.py:188} INFO - [2024-10-01T00:30:49.343+0000] {dag.py:3036} INFO - Sync 1 DAGs
[2024-10-01T00:30:49.413+0000] {logging_mixin.py:188} INFO - [2024-10-01T00:30:49.412+0000] {dag.py:3823} INFO - Setting next_dagrun for latest_only to 2024-09-30 20:00:00+00:00, run_after=2024-10-01 00:00:00+00:00
[2024-10-01T00:30:49.466+0000] {processor.py:183} INFO - Processing /home/airflow/.local/lib/python3.8/site-packages/airflow/example_dags/example_latest_only.py took 0.226 seconds
[2024-10-01T00:31:19.768+0000] {processor.py:161} INFO - Started process (PID=4650) to work on /home/airflow/.local/lib/python3.8/site-packages/airflow/example_dags/example_latest_only.py
[2024-10-01T00:31:19.772+0000] {processor.py:830} INFO - Processing file /home/airflow/.local/lib/python3.8/site-packages/airflow/example_dags/example_latest_only.py for tasks to queue
[2024-10-01T00:31:19.779+0000] {logging_mixin.py:188} INFO - [2024-10-01T00:31:19.777+0000] {dagbag.py:538} INFO - Filling up the DagBag from /home/airflow/.local/lib/python3.8/site-packages/airflow/example_dags/example_latest_only.py
[2024-10-01T00:31:19.796+0000] {processor.py:840} INFO - DAG(s) 'latest_only' retrieved from /home/airflow/.local/lib/python3.8/site-packages/airflow/example_dags/example_latest_only.py
[2024-10-01T00:31:19.876+0000] {logging_mixin.py:188} INFO - [2024-10-01T00:31:19.875+0000] {dag.py:3036} INFO - Sync 1 DAGs
[2024-10-01T00:31:19.962+0000] {logging_mixin.py:188} INFO - [2024-10-01T00:31:19.962+0000] {dag.py:3823} INFO - Setting next_dagrun for latest_only to 2024-09-30 20:00:00+00:00, run_after=2024-10-01 00:00:00+00:00
[2024-10-01T00:31:20.026+0000] {processor.py:183} INFO - Processing /home/airflow/.local/lib/python3.8/site-packages/airflow/example_dags/example_latest_only.py took 0.274 seconds
[2024-10-01T00:31:50.407+0000] {processor.py:161} INFO - Started process (PID=4709) to work on /home/airflow/.local/lib/python3.8/site-packages/airflow/example_dags/example_latest_only.py
[2024-10-01T00:31:50.411+0000] {processor.py:830} INFO - Processing file /home/airflow/.local/lib/python3.8/site-packages/airflow/example_dags/example_latest_only.py for tasks to queue
[2024-10-01T00:31:50.417+0000] {logging_mixin.py:188} INFO - [2024-10-01T00:31:50.416+0000] {dagbag.py:538} INFO - Filling up the DagBag from /home/airflow/.local/lib/python3.8/site-packages/airflow/example_dags/example_latest_only.py
[2024-10-01T00:31:50.434+0000] {processor.py:840} INFO - DAG(s) 'latest_only' retrieved from /home/airflow/.local/lib/python3.8/site-packages/airflow/example_dags/example_latest_only.py
[2024-10-01T00:31:50.509+0000] {logging_mixin.py:188} INFO - [2024-10-01T00:31:50.508+0000] {dag.py:3036} INFO - Sync 1 DAGs
[2024-10-01T00:31:50.603+0000] {logging_mixin.py:188} INFO - [2024-10-01T00:31:50.602+0000] {dag.py:3823} INFO - Setting next_dagrun for latest_only to 2024-09-30 20:00:00+00:00, run_after=2024-10-01 00:00:00+00:00
[2024-10-01T00:31:50.672+0000] {processor.py:183} INFO - Processing /home/airflow/.local/lib/python3.8/site-packages/airflow/example_dags/example_latest_only.py took 0.279 seconds
[2024-10-01T00:32:21.166+0000] {processor.py:161} INFO - Started process (PID=4775) to work on /home/airflow/.local/lib/python3.8/site-packages/airflow/example_dags/example_latest_only.py
[2024-10-01T00:32:21.184+0000] {processor.py:830} INFO - Processing file /home/airflow/.local/lib/python3.8/site-packages/airflow/example_dags/example_latest_only.py for tasks to queue
[2024-10-01T00:32:21.192+0000] {logging_mixin.py:188} INFO - [2024-10-01T00:32:21.191+0000] {dagbag.py:538} INFO - Filling up the DagBag from /home/airflow/.local/lib/python3.8/site-packages/airflow/example_dags/example_latest_only.py
[2024-10-01T00:32:21.216+0000] {processor.py:840} INFO - DAG(s) 'latest_only' retrieved from /home/airflow/.local/lib/python3.8/site-packages/airflow/example_dags/example_latest_only.py
[2024-10-01T00:32:21.309+0000] {logging_mixin.py:188} INFO - [2024-10-01T00:32:21.309+0000] {dag.py:3036} INFO - Sync 1 DAGs
[2024-10-01T00:32:21.413+0000] {logging_mixin.py:188} INFO - [2024-10-01T00:32:21.412+0000] {dag.py:3823} INFO - Setting next_dagrun for latest_only to 2024-09-30 20:00:00+00:00, run_after=2024-10-01 00:00:00+00:00
[2024-10-01T00:32:21.484+0000] {processor.py:183} INFO - Processing /home/airflow/.local/lib/python3.8/site-packages/airflow/example_dags/example_latest_only.py took 0.338 seconds
[2024-10-01T00:32:51.571+0000] {processor.py:161} INFO - Started process (PID=4833) to work on /home/airflow/.local/lib/python3.8/site-packages/airflow/example_dags/example_latest_only.py
[2024-10-01T00:32:51.574+0000] {processor.py:830} INFO - Processing file /home/airflow/.local/lib/python3.8/site-packages/airflow/example_dags/example_latest_only.py for tasks to queue
[2024-10-01T00:32:51.581+0000] {logging_mixin.py:188} INFO - [2024-10-01T00:32:51.580+0000] {dagbag.py:538} INFO - Filling up the DagBag from /home/airflow/.local/lib/python3.8/site-packages/airflow/example_dags/example_latest_only.py
[2024-10-01T00:32:51.601+0000] {processor.py:840} INFO - DAG(s) 'latest_only' retrieved from /home/airflow/.local/lib/python3.8/site-packages/airflow/example_dags/example_latest_only.py
[2024-10-01T00:32:51.667+0000] {logging_mixin.py:188} INFO - [2024-10-01T00:32:51.667+0000] {dag.py:3036} INFO - Sync 1 DAGs
[2024-10-01T00:32:51.757+0000] {logging_mixin.py:188} INFO - [2024-10-01T00:32:51.756+0000] {dag.py:3823} INFO - Setting next_dagrun for latest_only to 2024-09-30 20:00:00+00:00, run_after=2024-10-01 00:00:00+00:00
[2024-10-01T00:32:51.824+0000] {processor.py:183} INFO - Processing /home/airflow/.local/lib/python3.8/site-packages/airflow/example_dags/example_latest_only.py took 0.265 seconds
[2024-10-01T00:33:21.940+0000] {processor.py:161} INFO - Started process (PID=4898) to work on /home/airflow/.local/lib/python3.8/site-packages/airflow/example_dags/example_latest_only.py
[2024-10-01T00:33:21.942+0000] {processor.py:830} INFO - Processing file /home/airflow/.local/lib/python3.8/site-packages/airflow/example_dags/example_latest_only.py for tasks to queue
[2024-10-01T00:33:21.946+0000] {logging_mixin.py:188} INFO - [2024-10-01T00:33:21.946+0000] {dagbag.py:538} INFO - Filling up the DagBag from /home/airflow/.local/lib/python3.8/site-packages/airflow/example_dags/example_latest_only.py
[2024-10-01T00:33:21.957+0000] {processor.py:840} INFO - DAG(s) 'latest_only' retrieved from /home/airflow/.local/lib/python3.8/site-packages/airflow/example_dags/example_latest_only.py
[2024-10-01T00:33:22.000+0000] {logging_mixin.py:188} INFO - [2024-10-01T00:33:21.999+0000] {dag.py:3036} INFO - Sync 1 DAGs
[2024-10-01T00:33:22.049+0000] {logging_mixin.py:188} INFO - [2024-10-01T00:33:22.048+0000] {dag.py:3823} INFO - Setting next_dagrun for latest_only to 2024-09-30 20:00:00+00:00, run_after=2024-10-01 00:00:00+00:00
[2024-10-01T00:33:22.087+0000] {processor.py:183} INFO - Processing /home/airflow/.local/lib/python3.8/site-packages/airflow/example_dags/example_latest_only.py took 0.155 seconds
[2024-10-01T00:33:52.667+0000] {processor.py:161} INFO - Started process (PID=4962) to work on /home/airflow/.local/lib/python3.8/site-packages/airflow/example_dags/example_latest_only.py
[2024-10-01T00:33:52.673+0000] {processor.py:830} INFO - Processing file /home/airflow/.local/lib/python3.8/site-packages/airflow/example_dags/example_latest_only.py for tasks to queue
[2024-10-01T00:33:52.684+0000] {logging_mixin.py:188} INFO - [2024-10-01T00:33:52.682+0000] {dagbag.py:538} INFO - Filling up the DagBag from /home/airflow/.local/lib/python3.8/site-packages/airflow/example_dags/example_latest_only.py
[2024-10-01T00:33:52.721+0000] {processor.py:840} INFO - DAG(s) 'latest_only' retrieved from /home/airflow/.local/lib/python3.8/site-packages/airflow/example_dags/example_latest_only.py
[2024-10-01T00:33:52.855+0000] {logging_mixin.py:188} INFO - [2024-10-01T00:33:52.854+0000] {dag.py:3036} INFO - Sync 1 DAGs
[2024-10-01T00:33:53.092+0000] {logging_mixin.py:188} INFO - [2024-10-01T00:33:53.090+0000] {dag.py:3823} INFO - Setting next_dagrun for latest_only to 2024-09-30 20:00:00+00:00, run_after=2024-10-01 00:00:00+00:00
[2024-10-01T00:33:53.250+0000] {processor.py:183} INFO - Processing /home/airflow/.local/lib/python3.8/site-packages/airflow/example_dags/example_latest_only.py took 0.630 seconds
[2024-10-01T00:34:23.559+0000] {processor.py:161} INFO - Started process (PID=5027) to work on /home/airflow/.local/lib/python3.8/site-packages/airflow/example_dags/example_latest_only.py
[2024-10-01T00:34:23.561+0000] {processor.py:830} INFO - Processing file /home/airflow/.local/lib/python3.8/site-packages/airflow/example_dags/example_latest_only.py for tasks to queue
[2024-10-01T00:34:23.567+0000] {logging_mixin.py:188} INFO - [2024-10-01T00:34:23.566+0000] {dagbag.py:538} INFO - Filling up the DagBag from /home/airflow/.local/lib/python3.8/site-packages/airflow/example_dags/example_latest_only.py
[2024-10-01T00:34:23.579+0000] {processor.py:840} INFO - DAG(s) 'latest_only' retrieved from /home/airflow/.local/lib/python3.8/site-packages/airflow/example_dags/example_latest_only.py
[2024-10-01T00:34:23.621+0000] {logging_mixin.py:188} INFO - [2024-10-01T00:34:23.620+0000] {dag.py:3036} INFO - Sync 1 DAGs
[2024-10-01T00:34:23.684+0000] {logging_mixin.py:188} INFO - [2024-10-01T00:34:23.684+0000] {dag.py:3823} INFO - Setting next_dagrun for latest_only to 2024-09-30 20:00:00+00:00, run_after=2024-10-01 00:00:00+00:00
[2024-10-01T00:34:23.737+0000] {processor.py:183} INFO - Processing /home/airflow/.local/lib/python3.8/site-packages/airflow/example_dags/example_latest_only.py took 0.185 seconds
