[2024-10-01T00:00:05.946+0000] {processor.py:161} INFO - Started process (PID=762) to work on /home/airflow/.local/lib/python3.8/site-packages/airflow/example_dags/example_complex.py
[2024-10-01T00:00:05.952+0000] {processor.py:830} INFO - Processing file /home/airflow/.local/lib/python3.8/site-packages/airflow/example_dags/example_complex.py for tasks to queue
[2024-10-01T00:00:05.961+0000] {logging_mixin.py:188} INFO - [2024-10-01T00:00:05.959+0000] {dagbag.py:538} INFO - Filling up the DagBag from /home/airflow/.local/lib/python3.8/site-packages/airflow/example_dags/example_complex.py
[2024-10-01T00:00:06.031+0000] {processor.py:840} INFO - DAG(s) 'example_complex' retrieved from /home/airflow/.local/lib/python3.8/site-packages/airflow/example_dags/example_complex.py
[2024-10-01T00:00:06.227+0000] {logging_mixin.py:188} INFO - [2024-10-01T00:00:06.226+0000] {dag.py:3036} INFO - Sync 1 DAGs
[2024-10-01T00:00:06.312+0000] {logging_mixin.py:188} INFO - [2024-10-01T00:00:06.311+0000] {dag.py:3823} INFO - Setting next_dagrun for example_complex to None, run_after=None
[2024-10-01T00:00:06.395+0000] {processor.py:183} INFO - Processing /home/airflow/.local/lib/python3.8/site-packages/airflow/example_dags/example_complex.py took 0.475 seconds
[2024-10-01T00:00:36.449+0000] {processor.py:161} INFO - Started process (PID=820) to work on /home/airflow/.local/lib/python3.8/site-packages/airflow/example_dags/example_complex.py
[2024-10-01T00:00:36.451+0000] {processor.py:830} INFO - Processing file /home/airflow/.local/lib/python3.8/site-packages/airflow/example_dags/example_complex.py for tasks to queue
[2024-10-01T00:00:36.454+0000] {logging_mixin.py:188} INFO - [2024-10-01T00:00:36.453+0000] {dagbag.py:538} INFO - Filling up the DagBag from /home/airflow/.local/lib/python3.8/site-packages/airflow/example_dags/example_complex.py
[2024-10-01T00:00:36.474+0000] {processor.py:840} INFO - DAG(s) 'example_complex' retrieved from /home/airflow/.local/lib/python3.8/site-packages/airflow/example_dags/example_complex.py
[2024-10-01T00:00:36.543+0000] {logging_mixin.py:188} INFO - [2024-10-01T00:00:36.542+0000] {dag.py:3036} INFO - Sync 1 DAGs
[2024-10-01T00:00:36.570+0000] {logging_mixin.py:188} INFO - [2024-10-01T00:00:36.569+0000] {dag.py:3823} INFO - Setting next_dagrun for example_complex to None, run_after=None
[2024-10-01T00:00:36.607+0000] {processor.py:183} INFO - Processing /home/airflow/.local/lib/python3.8/site-packages/airflow/example_dags/example_complex.py took 0.164 seconds
[2024-10-01T00:01:07.133+0000] {processor.py:161} INFO - Started process (PID=886) to work on /home/airflow/.local/lib/python3.8/site-packages/airflow/example_dags/example_complex.py
[2024-10-01T00:01:07.136+0000] {processor.py:830} INFO - Processing file /home/airflow/.local/lib/python3.8/site-packages/airflow/example_dags/example_complex.py for tasks to queue
[2024-10-01T00:01:07.141+0000] {logging_mixin.py:188} INFO - [2024-10-01T00:01:07.140+0000] {dagbag.py:538} INFO - Filling up the DagBag from /home/airflow/.local/lib/python3.8/site-packages/airflow/example_dags/example_complex.py
[2024-10-01T00:01:07.170+0000] {processor.py:840} INFO - DAG(s) 'example_complex' retrieved from /home/airflow/.local/lib/python3.8/site-packages/airflow/example_dags/example_complex.py
[2024-10-01T00:01:07.260+0000] {logging_mixin.py:188} INFO - [2024-10-01T00:01:07.259+0000] {dag.py:3036} INFO - Sync 1 DAGs
[2024-10-01T00:01:07.299+0000] {logging_mixin.py:188} INFO - [2024-10-01T00:01:07.298+0000] {dag.py:3823} INFO - Setting next_dagrun for example_complex to None, run_after=None
[2024-10-01T00:01:07.358+0000] {processor.py:183} INFO - Processing /home/airflow/.local/lib/python3.8/site-packages/airflow/example_dags/example_complex.py took 0.235 seconds
[2024-10-01T00:01:37.957+0000] {processor.py:161} INFO - Started process (PID=952) to work on /home/airflow/.local/lib/python3.8/site-packages/airflow/example_dags/example_complex.py
[2024-10-01T00:01:37.962+0000] {processor.py:830} INFO - Processing file /home/airflow/.local/lib/python3.8/site-packages/airflow/example_dags/example_complex.py for tasks to queue
[2024-10-01T00:01:37.968+0000] {logging_mixin.py:188} INFO - [2024-10-01T00:01:37.967+0000] {dagbag.py:538} INFO - Filling up the DagBag from /home/airflow/.local/lib/python3.8/site-packages/airflow/example_dags/example_complex.py
[2024-10-01T00:01:38.013+0000] {processor.py:840} INFO - DAG(s) 'example_complex' retrieved from /home/airflow/.local/lib/python3.8/site-packages/airflow/example_dags/example_complex.py
[2024-10-01T00:01:38.154+0000] {logging_mixin.py:188} INFO - [2024-10-01T00:01:38.153+0000] {dag.py:3036} INFO - Sync 1 DAGs
[2024-10-01T00:01:38.208+0000] {logging_mixin.py:188} INFO - [2024-10-01T00:01:38.207+0000] {dag.py:3823} INFO - Setting next_dagrun for example_complex to None, run_after=None
[2024-10-01T00:01:38.297+0000] {processor.py:183} INFO - Processing /home/airflow/.local/lib/python3.8/site-packages/airflow/example_dags/example_complex.py took 0.356 seconds
[2024-10-01T00:02:08.591+0000] {processor.py:161} INFO - Started process (PID=1017) to work on /home/airflow/.local/lib/python3.8/site-packages/airflow/example_dags/example_complex.py
[2024-10-01T00:02:08.594+0000] {processor.py:830} INFO - Processing file /home/airflow/.local/lib/python3.8/site-packages/airflow/example_dags/example_complex.py for tasks to queue
[2024-10-01T00:02:08.598+0000] {logging_mixin.py:188} INFO - [2024-10-01T00:02:08.597+0000] {dagbag.py:538} INFO - Filling up the DagBag from /home/airflow/.local/lib/python3.8/site-packages/airflow/example_dags/example_complex.py
[2024-10-01T00:02:08.627+0000] {processor.py:840} INFO - DAG(s) 'example_complex' retrieved from /home/airflow/.local/lib/python3.8/site-packages/airflow/example_dags/example_complex.py
[2024-10-01T00:02:08.703+0000] {logging_mixin.py:188} INFO - [2024-10-01T00:02:08.702+0000] {dag.py:3036} INFO - Sync 1 DAGs
[2024-10-01T00:02:08.735+0000] {logging_mixin.py:188} INFO - [2024-10-01T00:02:08.735+0000] {dag.py:3823} INFO - Setting next_dagrun for example_complex to None, run_after=None
[2024-10-01T00:02:08.784+0000] {processor.py:183} INFO - Processing /home/airflow/.local/lib/python3.8/site-packages/airflow/example_dags/example_complex.py took 0.204 seconds
[2024-10-01T00:02:38.920+0000] {processor.py:161} INFO - Started process (PID=1083) to work on /home/airflow/.local/lib/python3.8/site-packages/airflow/example_dags/example_complex.py
[2024-10-01T00:02:38.925+0000] {processor.py:830} INFO - Processing file /home/airflow/.local/lib/python3.8/site-packages/airflow/example_dags/example_complex.py for tasks to queue
[2024-10-01T00:02:38.929+0000] {logging_mixin.py:188} INFO - [2024-10-01T00:02:38.928+0000] {dagbag.py:538} INFO - Filling up the DagBag from /home/airflow/.local/lib/python3.8/site-packages/airflow/example_dags/example_complex.py
[2024-10-01T00:02:38.955+0000] {processor.py:840} INFO - DAG(s) 'example_complex' retrieved from /home/airflow/.local/lib/python3.8/site-packages/airflow/example_dags/example_complex.py
[2024-10-01T00:02:39.051+0000] {logging_mixin.py:188} INFO - [2024-10-01T00:02:39.050+0000] {dag.py:3036} INFO - Sync 1 DAGs
[2024-10-01T00:02:39.100+0000] {logging_mixin.py:188} INFO - [2024-10-01T00:02:39.099+0000] {dag.py:3823} INFO - Setting next_dagrun for example_complex to None, run_after=None
[2024-10-01T00:02:39.150+0000] {processor.py:183} INFO - Processing /home/airflow/.local/lib/python3.8/site-packages/airflow/example_dags/example_complex.py took 0.237 seconds
[2024-10-01T00:03:09.663+0000] {processor.py:161} INFO - Started process (PID=1149) to work on /home/airflow/.local/lib/python3.8/site-packages/airflow/example_dags/example_complex.py
[2024-10-01T00:03:09.666+0000] {processor.py:830} INFO - Processing file /home/airflow/.local/lib/python3.8/site-packages/airflow/example_dags/example_complex.py for tasks to queue
[2024-10-01T00:03:09.670+0000] {logging_mixin.py:188} INFO - [2024-10-01T00:03:09.669+0000] {dagbag.py:538} INFO - Filling up the DagBag from /home/airflow/.local/lib/python3.8/site-packages/airflow/example_dags/example_complex.py
[2024-10-01T00:03:09.709+0000] {processor.py:840} INFO - DAG(s) 'example_complex' retrieved from /home/airflow/.local/lib/python3.8/site-packages/airflow/example_dags/example_complex.py
[2024-10-01T00:03:09.784+0000] {logging_mixin.py:188} INFO - [2024-10-01T00:03:09.783+0000] {dag.py:3036} INFO - Sync 1 DAGs
[2024-10-01T00:03:09.814+0000] {logging_mixin.py:188} INFO - [2024-10-01T00:03:09.814+0000] {dag.py:3823} INFO - Setting next_dagrun for example_complex to None, run_after=None
[2024-10-01T00:03:09.860+0000] {processor.py:183} INFO - Processing /home/airflow/.local/lib/python3.8/site-packages/airflow/example_dags/example_complex.py took 0.205 seconds
[2024-10-01T00:03:39.977+0000] {processor.py:161} INFO - Started process (PID=1215) to work on /home/airflow/.local/lib/python3.8/site-packages/airflow/example_dags/example_complex.py
[2024-10-01T00:03:39.983+0000] {processor.py:830} INFO - Processing file /home/airflow/.local/lib/python3.8/site-packages/airflow/example_dags/example_complex.py for tasks to queue
[2024-10-01T00:03:39.986+0000] {logging_mixin.py:188} INFO - [2024-10-01T00:03:39.986+0000] {dagbag.py:538} INFO - Filling up the DagBag from /home/airflow/.local/lib/python3.8/site-packages/airflow/example_dags/example_complex.py
[2024-10-01T00:03:40.010+0000] {processor.py:840} INFO - DAG(s) 'example_complex' retrieved from /home/airflow/.local/lib/python3.8/site-packages/airflow/example_dags/example_complex.py
[2024-10-01T00:03:40.082+0000] {logging_mixin.py:188} INFO - [2024-10-01T00:03:40.082+0000] {dag.py:3036} INFO - Sync 1 DAGs
[2024-10-01T00:03:40.114+0000] {logging_mixin.py:188} INFO - [2024-10-01T00:03:40.114+0000] {dag.py:3823} INFO - Setting next_dagrun for example_complex to None, run_after=None
[2024-10-01T00:03:40.164+0000] {processor.py:183} INFO - Processing /home/airflow/.local/lib/python3.8/site-packages/airflow/example_dags/example_complex.py took 0.194 seconds
[2024-10-01T00:04:10.392+0000] {processor.py:161} INFO - Started process (PID=1281) to work on /home/airflow/.local/lib/python3.8/site-packages/airflow/example_dags/example_complex.py
[2024-10-01T00:04:10.395+0000] {processor.py:830} INFO - Processing file /home/airflow/.local/lib/python3.8/site-packages/airflow/example_dags/example_complex.py for tasks to queue
[2024-10-01T00:04:10.399+0000] {logging_mixin.py:188} INFO - [2024-10-01T00:04:10.398+0000] {dagbag.py:538} INFO - Filling up the DagBag from /home/airflow/.local/lib/python3.8/site-packages/airflow/example_dags/example_complex.py
[2024-10-01T00:04:10.430+0000] {processor.py:840} INFO - DAG(s) 'example_complex' retrieved from /home/airflow/.local/lib/python3.8/site-packages/airflow/example_dags/example_complex.py
[2024-10-01T00:04:10.508+0000] {logging_mixin.py:188} INFO - [2024-10-01T00:04:10.507+0000] {dag.py:3036} INFO - Sync 1 DAGs
[2024-10-01T00:04:10.539+0000] {logging_mixin.py:188} INFO - [2024-10-01T00:04:10.538+0000] {dag.py:3823} INFO - Setting next_dagrun for example_complex to None, run_after=None
[2024-10-01T00:04:10.586+0000] {processor.py:183} INFO - Processing /home/airflow/.local/lib/python3.8/site-packages/airflow/example_dags/example_complex.py took 0.203 seconds
[2024-10-01T00:04:40.753+0000] {processor.py:161} INFO - Started process (PID=1347) to work on /home/airflow/.local/lib/python3.8/site-packages/airflow/example_dags/example_complex.py
[2024-10-01T00:04:40.762+0000] {processor.py:830} INFO - Processing file /home/airflow/.local/lib/python3.8/site-packages/airflow/example_dags/example_complex.py for tasks to queue
[2024-10-01T00:04:40.774+0000] {logging_mixin.py:188} INFO - [2024-10-01T00:04:40.772+0000] {dagbag.py:538} INFO - Filling up the DagBag from /home/airflow/.local/lib/python3.8/site-packages/airflow/example_dags/example_complex.py
[2024-10-01T00:04:40.887+0000] {processor.py:840} INFO - DAG(s) 'example_complex' retrieved from /home/airflow/.local/lib/python3.8/site-packages/airflow/example_dags/example_complex.py
[2024-10-01T00:04:41.171+0000] {logging_mixin.py:188} INFO - [2024-10-01T00:04:41.169+0000] {dag.py:3036} INFO - Sync 1 DAGs
[2024-10-01T00:04:41.290+0000] {logging_mixin.py:188} INFO - [2024-10-01T00:04:41.288+0000] {dag.py:3823} INFO - Setting next_dagrun for example_complex to None, run_after=None
[2024-10-01T00:04:41.493+0000] {processor.py:183} INFO - Processing /home/airflow/.local/lib/python3.8/site-packages/airflow/example_dags/example_complex.py took 0.770 seconds
[2024-10-01T00:05:11.927+0000] {processor.py:161} INFO - Started process (PID=1405) to work on /home/airflow/.local/lib/python3.8/site-packages/airflow/example_dags/example_complex.py
[2024-10-01T00:05:11.933+0000] {processor.py:830} INFO - Processing file /home/airflow/.local/lib/python3.8/site-packages/airflow/example_dags/example_complex.py for tasks to queue
[2024-10-01T00:05:11.943+0000] {logging_mixin.py:188} INFO - [2024-10-01T00:05:11.942+0000] {dagbag.py:538} INFO - Filling up the DagBag from /home/airflow/.local/lib/python3.8/site-packages/airflow/example_dags/example_complex.py
[2024-10-01T00:05:12.020+0000] {processor.py:840} INFO - DAG(s) 'example_complex' retrieved from /home/airflow/.local/lib/python3.8/site-packages/airflow/example_dags/example_complex.py
[2024-10-01T00:05:12.164+0000] {logging_mixin.py:188} INFO - [2024-10-01T00:05:12.163+0000] {dag.py:3036} INFO - Sync 1 DAGs
[2024-10-01T00:05:12.216+0000] {logging_mixin.py:188} INFO - [2024-10-01T00:05:12.215+0000] {dag.py:3823} INFO - Setting next_dagrun for example_complex to None, run_after=None
[2024-10-01T00:05:12.298+0000] {processor.py:183} INFO - Processing /home/airflow/.local/lib/python3.8/site-packages/airflow/example_dags/example_complex.py took 0.387 seconds
[2024-10-01T00:05:42.418+0000] {processor.py:161} INFO - Started process (PID=1469) to work on /home/airflow/.local/lib/python3.8/site-packages/airflow/example_dags/example_complex.py
[2024-10-01T00:05:42.420+0000] {processor.py:830} INFO - Processing file /home/airflow/.local/lib/python3.8/site-packages/airflow/example_dags/example_complex.py for tasks to queue
[2024-10-01T00:05:42.423+0000] {logging_mixin.py:188} INFO - [2024-10-01T00:05:42.423+0000] {dagbag.py:538} INFO - Filling up the DagBag from /home/airflow/.local/lib/python3.8/site-packages/airflow/example_dags/example_complex.py
[2024-10-01T00:05:42.446+0000] {processor.py:840} INFO - DAG(s) 'example_complex' retrieved from /home/airflow/.local/lib/python3.8/site-packages/airflow/example_dags/example_complex.py
[2024-10-01T00:05:42.514+0000] {logging_mixin.py:188} INFO - [2024-10-01T00:05:42.514+0000] {dag.py:3036} INFO - Sync 1 DAGs
[2024-10-01T00:05:42.541+0000] {logging_mixin.py:188} INFO - [2024-10-01T00:05:42.540+0000] {dag.py:3823} INFO - Setting next_dagrun for example_complex to None, run_after=None
[2024-10-01T00:05:42.580+0000] {processor.py:183} INFO - Processing /home/airflow/.local/lib/python3.8/site-packages/airflow/example_dags/example_complex.py took 0.169 seconds
[2024-10-01T00:06:12.917+0000] {processor.py:161} INFO - Started process (PID=1535) to work on /home/airflow/.local/lib/python3.8/site-packages/airflow/example_dags/example_complex.py
[2024-10-01T00:06:12.919+0000] {processor.py:830} INFO - Processing file /home/airflow/.local/lib/python3.8/site-packages/airflow/example_dags/example_complex.py for tasks to queue
[2024-10-01T00:06:12.922+0000] {logging_mixin.py:188} INFO - [2024-10-01T00:06:12.921+0000] {dagbag.py:538} INFO - Filling up the DagBag from /home/airflow/.local/lib/python3.8/site-packages/airflow/example_dags/example_complex.py
[2024-10-01T00:06:12.973+0000] {processor.py:840} INFO - DAG(s) 'example_complex' retrieved from /home/airflow/.local/lib/python3.8/site-packages/airflow/example_dags/example_complex.py
[2024-10-01T00:06:13.036+0000] {logging_mixin.py:188} INFO - [2024-10-01T00:06:13.036+0000] {dag.py:3036} INFO - Sync 1 DAGs
[2024-10-01T00:06:13.063+0000] {logging_mixin.py:188} INFO - [2024-10-01T00:06:13.062+0000] {dag.py:3823} INFO - Setting next_dagrun for example_complex to None, run_after=None
[2024-10-01T00:06:13.103+0000] {processor.py:183} INFO - Processing /home/airflow/.local/lib/python3.8/site-packages/airflow/example_dags/example_complex.py took 0.192 seconds
[2024-10-01T00:06:43.380+0000] {processor.py:161} INFO - Started process (PID=1601) to work on /home/airflow/.local/lib/python3.8/site-packages/airflow/example_dags/example_complex.py
[2024-10-01T00:06:43.383+0000] {processor.py:830} INFO - Processing file /home/airflow/.local/lib/python3.8/site-packages/airflow/example_dags/example_complex.py for tasks to queue
[2024-10-01T00:06:43.386+0000] {logging_mixin.py:188} INFO - [2024-10-01T00:06:43.386+0000] {dagbag.py:538} INFO - Filling up the DagBag from /home/airflow/.local/lib/python3.8/site-packages/airflow/example_dags/example_complex.py
[2024-10-01T00:06:43.412+0000] {processor.py:840} INFO - DAG(s) 'example_complex' retrieved from /home/airflow/.local/lib/python3.8/site-packages/airflow/example_dags/example_complex.py
[2024-10-01T00:06:43.484+0000] {logging_mixin.py:188} INFO - [2024-10-01T00:06:43.483+0000] {dag.py:3036} INFO - Sync 1 DAGs
[2024-10-01T00:06:43.513+0000] {logging_mixin.py:188} INFO - [2024-10-01T00:06:43.513+0000] {dag.py:3823} INFO - Setting next_dagrun for example_complex to None, run_after=None
[2024-10-01T00:06:43.557+0000] {processor.py:183} INFO - Processing /home/airflow/.local/lib/python3.8/site-packages/airflow/example_dags/example_complex.py took 0.184 seconds
[2024-10-01T00:07:14.099+0000] {processor.py:161} INFO - Started process (PID=1668) to work on /home/airflow/.local/lib/python3.8/site-packages/airflow/example_dags/example_complex.py
[2024-10-01T00:07:14.102+0000] {processor.py:830} INFO - Processing file /home/airflow/.local/lib/python3.8/site-packages/airflow/example_dags/example_complex.py for tasks to queue
[2024-10-01T00:07:14.106+0000] {logging_mixin.py:188} INFO - [2024-10-01T00:07:14.105+0000] {dagbag.py:538} INFO - Filling up the DagBag from /home/airflow/.local/lib/python3.8/site-packages/airflow/example_dags/example_complex.py
[2024-10-01T00:07:14.135+0000] {processor.py:840} INFO - DAG(s) 'example_complex' retrieved from /home/airflow/.local/lib/python3.8/site-packages/airflow/example_dags/example_complex.py
[2024-10-01T00:07:14.210+0000] {logging_mixin.py:188} INFO - [2024-10-01T00:07:14.210+0000] {dag.py:3036} INFO - Sync 1 DAGs
[2024-10-01T00:07:14.242+0000] {logging_mixin.py:188} INFO - [2024-10-01T00:07:14.241+0000] {dag.py:3823} INFO - Setting next_dagrun for example_complex to None, run_after=None
[2024-10-01T00:07:14.288+0000] {processor.py:183} INFO - Processing /home/airflow/.local/lib/python3.8/site-packages/airflow/example_dags/example_complex.py took 0.197 seconds
[2024-10-01T00:07:44.954+0000] {processor.py:161} INFO - Started process (PID=1734) to work on /home/airflow/.local/lib/python3.8/site-packages/airflow/example_dags/example_complex.py
[2024-10-01T00:07:44.956+0000] {processor.py:830} INFO - Processing file /home/airflow/.local/lib/python3.8/site-packages/airflow/example_dags/example_complex.py for tasks to queue
[2024-10-01T00:07:44.960+0000] {logging_mixin.py:188} INFO - [2024-10-01T00:07:44.959+0000] {dagbag.py:538} INFO - Filling up the DagBag from /home/airflow/.local/lib/python3.8/site-packages/airflow/example_dags/example_complex.py
[2024-10-01T00:07:44.985+0000] {processor.py:840} INFO - DAG(s) 'example_complex' retrieved from /home/airflow/.local/lib/python3.8/site-packages/airflow/example_dags/example_complex.py
[2024-10-01T00:07:45.053+0000] {logging_mixin.py:188} INFO - [2024-10-01T00:07:45.053+0000] {dag.py:3036} INFO - Sync 1 DAGs
[2024-10-01T00:07:45.085+0000] {logging_mixin.py:188} INFO - [2024-10-01T00:07:45.085+0000] {dag.py:3823} INFO - Setting next_dagrun for example_complex to None, run_after=None
[2024-10-01T00:07:45.128+0000] {processor.py:183} INFO - Processing /home/airflow/.local/lib/python3.8/site-packages/airflow/example_dags/example_complex.py took 0.182 seconds
[2024-10-01T00:08:15.394+0000] {processor.py:161} INFO - Started process (PID=1800) to work on /home/airflow/.local/lib/python3.8/site-packages/airflow/example_dags/example_complex.py
[2024-10-01T00:08:15.397+0000] {processor.py:830} INFO - Processing file /home/airflow/.local/lib/python3.8/site-packages/airflow/example_dags/example_complex.py for tasks to queue
[2024-10-01T00:08:15.400+0000] {logging_mixin.py:188} INFO - [2024-10-01T00:08:15.400+0000] {dagbag.py:538} INFO - Filling up the DagBag from /home/airflow/.local/lib/python3.8/site-packages/airflow/example_dags/example_complex.py
[2024-10-01T00:08:15.426+0000] {processor.py:840} INFO - DAG(s) 'example_complex' retrieved from /home/airflow/.local/lib/python3.8/site-packages/airflow/example_dags/example_complex.py
[2024-10-01T00:08:15.502+0000] {logging_mixin.py:188} INFO - [2024-10-01T00:08:15.502+0000] {dag.py:3036} INFO - Sync 1 DAGs
[2024-10-01T00:08:15.536+0000] {logging_mixin.py:188} INFO - [2024-10-01T00:08:15.535+0000] {dag.py:3823} INFO - Setting next_dagrun for example_complex to None, run_after=None
[2024-10-01T00:08:15.594+0000] {processor.py:183} INFO - Processing /home/airflow/.local/lib/python3.8/site-packages/airflow/example_dags/example_complex.py took 0.206 seconds
[2024-10-01T00:08:45.702+0000] {processor.py:161} INFO - Started process (PID=1866) to work on /home/airflow/.local/lib/python3.8/site-packages/airflow/example_dags/example_complex.py
[2024-10-01T00:08:45.705+0000] {processor.py:830} INFO - Processing file /home/airflow/.local/lib/python3.8/site-packages/airflow/example_dags/example_complex.py for tasks to queue
[2024-10-01T00:08:45.709+0000] {logging_mixin.py:188} INFO - [2024-10-01T00:08:45.708+0000] {dagbag.py:538} INFO - Filling up the DagBag from /home/airflow/.local/lib/python3.8/site-packages/airflow/example_dags/example_complex.py
[2024-10-01T00:08:45.736+0000] {processor.py:840} INFO - DAG(s) 'example_complex' retrieved from /home/airflow/.local/lib/python3.8/site-packages/airflow/example_dags/example_complex.py
[2024-10-01T00:08:45.809+0000] {logging_mixin.py:188} INFO - [2024-10-01T00:08:45.808+0000] {dag.py:3036} INFO - Sync 1 DAGs
[2024-10-01T00:08:45.842+0000] {logging_mixin.py:188} INFO - [2024-10-01T00:08:45.841+0000] {dag.py:3823} INFO - Setting next_dagrun for example_complex to None, run_after=None
[2024-10-01T00:08:45.888+0000] {processor.py:183} INFO - Processing /home/airflow/.local/lib/python3.8/site-packages/airflow/example_dags/example_complex.py took 0.195 seconds
[2024-10-01T00:09:17.550+0000] {processor.py:161} INFO - Started process (PID=1929) to work on /home/airflow/.local/lib/python3.8/site-packages/airflow/example_dags/example_complex.py
[2024-10-01T00:09:17.577+0000] {processor.py:830} INFO - Processing file /home/airflow/.local/lib/python3.8/site-packages/airflow/example_dags/example_complex.py for tasks to queue
[2024-10-01T00:09:17.601+0000] {logging_mixin.py:188} INFO - [2024-10-01T00:09:17.597+0000] {dagbag.py:538} INFO - Filling up the DagBag from /home/airflow/.local/lib/python3.8/site-packages/airflow/example_dags/example_complex.py
[2024-10-01T00:09:17.837+0000] {processor.py:840} INFO - DAG(s) 'example_complex' retrieved from /home/airflow/.local/lib/python3.8/site-packages/airflow/example_dags/example_complex.py
[2024-10-01T00:09:18.292+0000] {logging_mixin.py:188} INFO - [2024-10-01T00:09:18.288+0000] {dag.py:3036} INFO - Sync 1 DAGs
[2024-10-01T00:09:18.451+0000] {logging_mixin.py:188} INFO - [2024-10-01T00:09:18.449+0000] {dag.py:3823} INFO - Setting next_dagrun for example_complex to None, run_after=None
[2024-10-01T00:09:18.725+0000] {processor.py:183} INFO - Processing /home/airflow/.local/lib/python3.8/site-packages/airflow/example_dags/example_complex.py took 1.241 seconds
[2024-10-01T00:09:49.257+0000] {processor.py:161} INFO - Started process (PID=1989) to work on /home/airflow/.local/lib/python3.8/site-packages/airflow/example_dags/example_complex.py
[2024-10-01T00:09:49.266+0000] {processor.py:830} INFO - Processing file /home/airflow/.local/lib/python3.8/site-packages/airflow/example_dags/example_complex.py for tasks to queue
[2024-10-01T00:09:49.286+0000] {logging_mixin.py:188} INFO - [2024-10-01T00:09:49.283+0000] {dagbag.py:538} INFO - Filling up the DagBag from /home/airflow/.local/lib/python3.8/site-packages/airflow/example_dags/example_complex.py
[2024-10-01T00:09:49.411+0000] {processor.py:840} INFO - DAG(s) 'example_complex' retrieved from /home/airflow/.local/lib/python3.8/site-packages/airflow/example_dags/example_complex.py
[2024-10-01T00:09:49.796+0000] {logging_mixin.py:188} INFO - [2024-10-01T00:09:49.794+0000] {dag.py:3036} INFO - Sync 1 DAGs
[2024-10-01T00:09:50.018+0000] {logging_mixin.py:188} INFO - [2024-10-01T00:09:50.013+0000] {dag.py:3823} INFO - Setting next_dagrun for example_complex to None, run_after=None
[2024-10-01T00:09:50.264+0000] {processor.py:183} INFO - Processing /home/airflow/.local/lib/python3.8/site-packages/airflow/example_dags/example_complex.py took 1.044 seconds
[2024-10-01T00:10:35.923+0000] {processor.py:161} INFO - Started process (PID=2054) to work on /home/airflow/.local/lib/python3.8/site-packages/airflow/example_dags/example_complex.py
[2024-10-01T00:10:35.941+0000] {processor.py:830} INFO - Processing file /home/airflow/.local/lib/python3.8/site-packages/airflow/example_dags/example_complex.py for tasks to queue
[2024-10-01T00:10:35.971+0000] {logging_mixin.py:188} INFO - [2024-10-01T00:10:35.966+0000] {dagbag.py:538} INFO - Filling up the DagBag from /home/airflow/.local/lib/python3.8/site-packages/airflow/example_dags/example_complex.py
[2024-10-01T00:10:36.237+0000] {processor.py:840} INFO - DAG(s) 'example_complex' retrieved from /home/airflow/.local/lib/python3.8/site-packages/airflow/example_dags/example_complex.py
[2024-10-01T00:10:36.779+0000] {logging_mixin.py:188} INFO - [2024-10-01T00:10:36.776+0000] {dag.py:3036} INFO - Sync 1 DAGs
[2024-10-01T00:10:37.027+0000] {logging_mixin.py:188} INFO - [2024-10-01T00:10:37.023+0000] {dag.py:3823} INFO - Setting next_dagrun for example_complex to None, run_after=None
[2024-10-01T00:10:37.351+0000] {processor.py:183} INFO - Processing /home/airflow/.local/lib/python3.8/site-packages/airflow/example_dags/example_complex.py took 1.500 seconds
[2024-10-01T00:11:19.007+0000] {processor.py:161} INFO - Started process (PID=2116) to work on /home/airflow/.local/lib/python3.8/site-packages/airflow/example_dags/example_complex.py
[2024-10-01T00:11:19.043+0000] {processor.py:830} INFO - Processing file /home/airflow/.local/lib/python3.8/site-packages/airflow/example_dags/example_complex.py for tasks to queue
[2024-10-01T00:11:19.086+0000] {logging_mixin.py:188} INFO - [2024-10-01T00:11:19.083+0000] {dagbag.py:538} INFO - Filling up the DagBag from /home/airflow/.local/lib/python3.8/site-packages/airflow/example_dags/example_complex.py
[2024-10-01T00:11:19.432+0000] {processor.py:840} INFO - DAG(s) 'example_complex' retrieved from /home/airflow/.local/lib/python3.8/site-packages/airflow/example_dags/example_complex.py
[2024-10-01T00:11:20.173+0000] {logging_mixin.py:188} INFO - [2024-10-01T00:11:20.170+0000] {dag.py:3036} INFO - Sync 1 DAGs
[2024-10-01T00:11:20.367+0000] {logging_mixin.py:188} INFO - [2024-10-01T00:11:20.365+0000] {dag.py:3823} INFO - Setting next_dagrun for example_complex to None, run_after=None
[2024-10-01T00:11:20.775+0000] {processor.py:183} INFO - Processing /home/airflow/.local/lib/python3.8/site-packages/airflow/example_dags/example_complex.py took 1.861 seconds
[2024-10-01T00:11:51.136+0000] {processor.py:161} INFO - Started process (PID=2182) to work on /home/airflow/.local/lib/python3.8/site-packages/airflow/example_dags/example_complex.py
[2024-10-01T00:11:51.149+0000] {processor.py:830} INFO - Processing file /home/airflow/.local/lib/python3.8/site-packages/airflow/example_dags/example_complex.py for tasks to queue
[2024-10-01T00:11:51.173+0000] {logging_mixin.py:188} INFO - [2024-10-01T00:11:51.169+0000] {dagbag.py:538} INFO - Filling up the DagBag from /home/airflow/.local/lib/python3.8/site-packages/airflow/example_dags/example_complex.py
[2024-10-01T00:11:51.347+0000] {processor.py:840} INFO - DAG(s) 'example_complex' retrieved from /home/airflow/.local/lib/python3.8/site-packages/airflow/example_dags/example_complex.py
[2024-10-01T00:11:51.703+0000] {logging_mixin.py:188} INFO - [2024-10-01T00:11:51.701+0000] {dag.py:3036} INFO - Sync 1 DAGs
[2024-10-01T00:11:51.901+0000] {logging_mixin.py:188} INFO - [2024-10-01T00:11:51.898+0000] {dag.py:3823} INFO - Setting next_dagrun for example_complex to None, run_after=None
[2024-10-01T00:11:52.097+0000] {processor.py:183} INFO - Processing /home/airflow/.local/lib/python3.8/site-packages/airflow/example_dags/example_complex.py took 1.026 seconds
[2024-10-01T00:12:22.519+0000] {processor.py:161} INFO - Started process (PID=2240) to work on /home/airflow/.local/lib/python3.8/site-packages/airflow/example_dags/example_complex.py
[2024-10-01T00:12:22.527+0000] {processor.py:830} INFO - Processing file /home/airflow/.local/lib/python3.8/site-packages/airflow/example_dags/example_complex.py for tasks to queue
[2024-10-01T00:12:22.547+0000] {logging_mixin.py:188} INFO - [2024-10-01T00:12:22.545+0000] {dagbag.py:538} INFO - Filling up the DagBag from /home/airflow/.local/lib/python3.8/site-packages/airflow/example_dags/example_complex.py
[2024-10-01T00:12:22.617+0000] {processor.py:840} INFO - DAG(s) 'example_complex' retrieved from /home/airflow/.local/lib/python3.8/site-packages/airflow/example_dags/example_complex.py
[2024-10-01T00:12:22.797+0000] {logging_mixin.py:188} INFO - [2024-10-01T00:12:22.797+0000] {dag.py:3036} INFO - Sync 1 DAGs
[2024-10-01T00:12:22.882+0000] {logging_mixin.py:188} INFO - [2024-10-01T00:12:22.880+0000] {dag.py:3823} INFO - Setting next_dagrun for example_complex to None, run_after=None
[2024-10-01T00:12:23.045+0000] {processor.py:183} INFO - Processing /home/airflow/.local/lib/python3.8/site-packages/airflow/example_dags/example_complex.py took 0.546 seconds
[2024-10-01T00:12:53.421+0000] {processor.py:161} INFO - Started process (PID=2306) to work on /home/airflow/.local/lib/python3.8/site-packages/airflow/example_dags/example_complex.py
[2024-10-01T00:12:53.425+0000] {processor.py:830} INFO - Processing file /home/airflow/.local/lib/python3.8/site-packages/airflow/example_dags/example_complex.py for tasks to queue
[2024-10-01T00:12:53.430+0000] {logging_mixin.py:188} INFO - [2024-10-01T00:12:53.429+0000] {dagbag.py:538} INFO - Filling up the DagBag from /home/airflow/.local/lib/python3.8/site-packages/airflow/example_dags/example_complex.py
[2024-10-01T00:12:53.473+0000] {processor.py:840} INFO - DAG(s) 'example_complex' retrieved from /home/airflow/.local/lib/python3.8/site-packages/airflow/example_dags/example_complex.py
[2024-10-01T00:12:53.576+0000] {logging_mixin.py:188} INFO - [2024-10-01T00:12:53.575+0000] {dag.py:3036} INFO - Sync 1 DAGs
[2024-10-01T00:12:53.620+0000] {logging_mixin.py:188} INFO - [2024-10-01T00:12:53.619+0000] {dag.py:3823} INFO - Setting next_dagrun for example_complex to None, run_after=None
[2024-10-01T00:12:53.682+0000] {processor.py:183} INFO - Processing /home/airflow/.local/lib/python3.8/site-packages/airflow/example_dags/example_complex.py took 0.275 seconds
[2024-10-01T00:13:24.342+0000] {processor.py:161} INFO - Started process (PID=2372) to work on /home/airflow/.local/lib/python3.8/site-packages/airflow/example_dags/example_complex.py
[2024-10-01T00:13:24.346+0000] {processor.py:830} INFO - Processing file /home/airflow/.local/lib/python3.8/site-packages/airflow/example_dags/example_complex.py for tasks to queue
[2024-10-01T00:13:24.353+0000] {logging_mixin.py:188} INFO - [2024-10-01T00:13:24.352+0000] {dagbag.py:538} INFO - Filling up the DagBag from /home/airflow/.local/lib/python3.8/site-packages/airflow/example_dags/example_complex.py
[2024-10-01T00:13:24.406+0000] {processor.py:840} INFO - DAG(s) 'example_complex' retrieved from /home/airflow/.local/lib/python3.8/site-packages/airflow/example_dags/example_complex.py
[2024-10-01T00:13:24.525+0000] {logging_mixin.py:188} INFO - [2024-10-01T00:13:24.525+0000] {dag.py:3036} INFO - Sync 1 DAGs
[2024-10-01T00:13:24.966+0000] {logging_mixin.py:188} INFO - [2024-10-01T00:13:24.966+0000] {dag.py:3823} INFO - Setting next_dagrun for example_complex to None, run_after=None
[2024-10-01T00:13:25.045+0000] {processor.py:183} INFO - Processing /home/airflow/.local/lib/python3.8/site-packages/airflow/example_dags/example_complex.py took 0.714 seconds
[2024-10-01T00:13:55.183+0000] {processor.py:161} INFO - Started process (PID=2438) to work on /home/airflow/.local/lib/python3.8/site-packages/airflow/example_dags/example_complex.py
[2024-10-01T00:13:55.187+0000] {processor.py:830} INFO - Processing file /home/airflow/.local/lib/python3.8/site-packages/airflow/example_dags/example_complex.py for tasks to queue
[2024-10-01T00:13:55.192+0000] {logging_mixin.py:188} INFO - [2024-10-01T00:13:55.191+0000] {dagbag.py:538} INFO - Filling up the DagBag from /home/airflow/.local/lib/python3.8/site-packages/airflow/example_dags/example_complex.py
[2024-10-01T00:13:55.221+0000] {processor.py:840} INFO - DAG(s) 'example_complex' retrieved from /home/airflow/.local/lib/python3.8/site-packages/airflow/example_dags/example_complex.py
[2024-10-01T00:13:55.285+0000] {logging_mixin.py:188} INFO - [2024-10-01T00:13:55.285+0000] {dag.py:3036} INFO - Sync 1 DAGs
[2024-10-01T00:13:55.311+0000] {logging_mixin.py:188} INFO - [2024-10-01T00:13:55.311+0000] {dag.py:3823} INFO - Setting next_dagrun for example_complex to None, run_after=None
[2024-10-01T00:13:55.351+0000] {processor.py:183} INFO - Processing /home/airflow/.local/lib/python3.8/site-packages/airflow/example_dags/example_complex.py took 0.175 seconds
[2024-10-01T00:14:25.861+0000] {processor.py:161} INFO - Started process (PID=2504) to work on /home/airflow/.local/lib/python3.8/site-packages/airflow/example_dags/example_complex.py
[2024-10-01T00:14:25.863+0000] {processor.py:830} INFO - Processing file /home/airflow/.local/lib/python3.8/site-packages/airflow/example_dags/example_complex.py for tasks to queue
[2024-10-01T00:14:25.866+0000] {logging_mixin.py:188} INFO - [2024-10-01T00:14:25.865+0000] {dagbag.py:538} INFO - Filling up the DagBag from /home/airflow/.local/lib/python3.8/site-packages/airflow/example_dags/example_complex.py
[2024-10-01T00:14:25.889+0000] {processor.py:840} INFO - DAG(s) 'example_complex' retrieved from /home/airflow/.local/lib/python3.8/site-packages/airflow/example_dags/example_complex.py
[2024-10-01T00:14:25.952+0000] {logging_mixin.py:188} INFO - [2024-10-01T00:14:25.951+0000] {dag.py:3036} INFO - Sync 1 DAGs
[2024-10-01T00:14:25.981+0000] {logging_mixin.py:188} INFO - [2024-10-01T00:14:25.980+0000] {dag.py:3823} INFO - Setting next_dagrun for example_complex to None, run_after=None
[2024-10-01T00:14:26.023+0000] {processor.py:183} INFO - Processing /home/airflow/.local/lib/python3.8/site-packages/airflow/example_dags/example_complex.py took 0.169 seconds
[2024-10-01T00:14:56.442+0000] {processor.py:161} INFO - Started process (PID=2571) to work on /home/airflow/.local/lib/python3.8/site-packages/airflow/example_dags/example_complex.py
[2024-10-01T00:14:56.445+0000] {processor.py:830} INFO - Processing file /home/airflow/.local/lib/python3.8/site-packages/airflow/example_dags/example_complex.py for tasks to queue
[2024-10-01T00:14:56.448+0000] {logging_mixin.py:188} INFO - [2024-10-01T00:14:56.447+0000] {dagbag.py:538} INFO - Filling up the DagBag from /home/airflow/.local/lib/python3.8/site-packages/airflow/example_dags/example_complex.py
[2024-10-01T00:14:56.474+0000] {processor.py:840} INFO - DAG(s) 'example_complex' retrieved from /home/airflow/.local/lib/python3.8/site-packages/airflow/example_dags/example_complex.py
[2024-10-01T00:14:56.813+0000] {logging_mixin.py:188} INFO - [2024-10-01T00:14:56.812+0000] {dag.py:3036} INFO - Sync 1 DAGs
[2024-10-01T00:14:56.853+0000] {logging_mixin.py:188} INFO - [2024-10-01T00:14:56.853+0000] {dag.py:3823} INFO - Setting next_dagrun for example_complex to None, run_after=None
[2024-10-01T00:14:56.911+0000] {processor.py:183} INFO - Processing /home/airflow/.local/lib/python3.8/site-packages/airflow/example_dags/example_complex.py took 0.476 seconds
[2024-10-01T00:15:27.620+0000] {processor.py:161} INFO - Started process (PID=2637) to work on /home/airflow/.local/lib/python3.8/site-packages/airflow/example_dags/example_complex.py
[2024-10-01T00:15:27.623+0000] {processor.py:830} INFO - Processing file /home/airflow/.local/lib/python3.8/site-packages/airflow/example_dags/example_complex.py for tasks to queue
[2024-10-01T00:15:27.628+0000] {logging_mixin.py:188} INFO - [2024-10-01T00:15:27.627+0000] {dagbag.py:538} INFO - Filling up the DagBag from /home/airflow/.local/lib/python3.8/site-packages/airflow/example_dags/example_complex.py
[2024-10-01T00:15:27.661+0000] {processor.py:840} INFO - DAG(s) 'example_complex' retrieved from /home/airflow/.local/lib/python3.8/site-packages/airflow/example_dags/example_complex.py
[2024-10-01T00:15:27.743+0000] {logging_mixin.py:188} INFO - [2024-10-01T00:15:27.742+0000] {dag.py:3036} INFO - Sync 1 DAGs
[2024-10-01T00:15:27.780+0000] {logging_mixin.py:188} INFO - [2024-10-01T00:15:27.780+0000] {dag.py:3823} INFO - Setting next_dagrun for example_complex to None, run_after=None
[2024-10-01T00:15:28.129+0000] {processor.py:183} INFO - Processing /home/airflow/.local/lib/python3.8/site-packages/airflow/example_dags/example_complex.py took 0.519 seconds
[2024-10-01T00:16:01.118+0000] {processor.py:161} INFO - Started process (PID=2701) to work on /home/airflow/.local/lib/python3.8/site-packages/airflow/example_dags/example_complex.py
[2024-10-01T00:16:01.133+0000] {processor.py:830} INFO - Processing file /home/airflow/.local/lib/python3.8/site-packages/airflow/example_dags/example_complex.py for tasks to queue
[2024-10-01T00:16:01.154+0000] {logging_mixin.py:188} INFO - [2024-10-01T00:16:01.150+0000] {dagbag.py:538} INFO - Filling up the DagBag from /home/airflow/.local/lib/python3.8/site-packages/airflow/example_dags/example_complex.py
[2024-10-01T00:16:01.319+0000] {processor.py:840} INFO - DAG(s) 'example_complex' retrieved from /home/airflow/.local/lib/python3.8/site-packages/airflow/example_dags/example_complex.py
[2024-10-01T00:16:01.716+0000] {logging_mixin.py:188} INFO - [2024-10-01T00:16:01.714+0000] {dag.py:3036} INFO - Sync 1 DAGs
[2024-10-01T00:16:01.853+0000] {logging_mixin.py:188} INFO - [2024-10-01T00:16:01.851+0000] {dag.py:3823} INFO - Setting next_dagrun for example_complex to None, run_after=None
[2024-10-01T00:16:02.042+0000] {processor.py:183} INFO - Processing /home/airflow/.local/lib/python3.8/site-packages/airflow/example_dags/example_complex.py took 0.965 seconds
[2024-10-01T00:16:33.677+0000] {processor.py:161} INFO - Started process (PID=2732) to work on /home/airflow/.local/lib/python3.8/site-packages/airflow/example_dags/example_complex.py
[2024-10-01T00:16:33.681+0000] {processor.py:830} INFO - Processing file /home/airflow/.local/lib/python3.8/site-packages/airflow/example_dags/example_complex.py for tasks to queue
[2024-10-01T00:16:33.687+0000] {logging_mixin.py:188} INFO - [2024-10-01T00:16:33.686+0000] {dagbag.py:538} INFO - Filling up the DagBag from /home/airflow/.local/lib/python3.8/site-packages/airflow/example_dags/example_complex.py
[2024-10-01T00:16:33.722+0000] {processor.py:840} INFO - DAG(s) 'example_complex' retrieved from /home/airflow/.local/lib/python3.8/site-packages/airflow/example_dags/example_complex.py
[2024-10-01T00:16:34.093+0000] {logging_mixin.py:188} INFO - [2024-10-01T00:16:34.093+0000] {dag.py:3036} INFO - Sync 1 DAGs
[2024-10-01T00:16:34.119+0000] {logging_mixin.py:188} INFO - [2024-10-01T00:16:34.118+0000] {dag.py:3823} INFO - Setting next_dagrun for example_complex to None, run_after=None
[2024-10-01T00:16:34.169+0000] {processor.py:183} INFO - Processing /home/airflow/.local/lib/python3.8/site-packages/airflow/example_dags/example_complex.py took 0.503 seconds
[2024-10-01T00:17:04.554+0000] {processor.py:161} INFO - Started process (PID=2798) to work on /home/airflow/.local/lib/python3.8/site-packages/airflow/example_dags/example_complex.py
[2024-10-01T00:17:04.556+0000] {processor.py:830} INFO - Processing file /home/airflow/.local/lib/python3.8/site-packages/airflow/example_dags/example_complex.py for tasks to queue
[2024-10-01T00:17:04.558+0000] {logging_mixin.py:188} INFO - [2024-10-01T00:17:04.558+0000] {dagbag.py:538} INFO - Filling up the DagBag from /home/airflow/.local/lib/python3.8/site-packages/airflow/example_dags/example_complex.py
[2024-10-01T00:17:04.574+0000] {processor.py:840} INFO - DAG(s) 'example_complex' retrieved from /home/airflow/.local/lib/python3.8/site-packages/airflow/example_dags/example_complex.py
[2024-10-01T00:17:04.614+0000] {logging_mixin.py:188} INFO - [2024-10-01T00:17:04.613+0000] {dag.py:3036} INFO - Sync 1 DAGs
[2024-10-01T00:17:04.629+0000] {logging_mixin.py:188} INFO - [2024-10-01T00:17:04.629+0000] {dag.py:3823} INFO - Setting next_dagrun for example_complex to None, run_after=None
[2024-10-01T00:17:04.652+0000] {processor.py:183} INFO - Processing /home/airflow/.local/lib/python3.8/site-packages/airflow/example_dags/example_complex.py took 0.103 seconds
[2024-10-01T00:17:34.886+0000] {processor.py:161} INFO - Started process (PID=2872) to work on /home/airflow/.local/lib/python3.8/site-packages/airflow/example_dags/example_complex.py
[2024-10-01T00:17:34.888+0000] {processor.py:830} INFO - Processing file /home/airflow/.local/lib/python3.8/site-packages/airflow/example_dags/example_complex.py for tasks to queue
[2024-10-01T00:17:34.891+0000] {logging_mixin.py:188} INFO - [2024-10-01T00:17:34.890+0000] {dagbag.py:538} INFO - Filling up the DagBag from /home/airflow/.local/lib/python3.8/site-packages/airflow/example_dags/example_complex.py
[2024-10-01T00:17:34.912+0000] {processor.py:840} INFO - DAG(s) 'example_complex' retrieved from /home/airflow/.local/lib/python3.8/site-packages/airflow/example_dags/example_complex.py
[2024-10-01T00:17:34.968+0000] {logging_mixin.py:188} INFO - [2024-10-01T00:17:34.967+0000] {dag.py:3036} INFO - Sync 1 DAGs
[2024-10-01T00:17:34.988+0000] {logging_mixin.py:188} INFO - [2024-10-01T00:17:34.988+0000] {dag.py:3823} INFO - Setting next_dagrun for example_complex to None, run_after=None
[2024-10-01T00:17:35.021+0000] {processor.py:183} INFO - Processing /home/airflow/.local/lib/python3.8/site-packages/airflow/example_dags/example_complex.py took 0.142 seconds
[2024-10-01T00:18:05.406+0000] {processor.py:161} INFO - Started process (PID=2938) to work on /home/airflow/.local/lib/python3.8/site-packages/airflow/example_dags/example_complex.py
[2024-10-01T00:18:05.408+0000] {processor.py:830} INFO - Processing file /home/airflow/.local/lib/python3.8/site-packages/airflow/example_dags/example_complex.py for tasks to queue
[2024-10-01T00:18:05.411+0000] {logging_mixin.py:188} INFO - [2024-10-01T00:18:05.411+0000] {dagbag.py:538} INFO - Filling up the DagBag from /home/airflow/.local/lib/python3.8/site-packages/airflow/example_dags/example_complex.py
[2024-10-01T00:18:05.433+0000] {processor.py:840} INFO - DAG(s) 'example_complex' retrieved from /home/airflow/.local/lib/python3.8/site-packages/airflow/example_dags/example_complex.py
[2024-10-01T00:18:05.488+0000] {logging_mixin.py:188} INFO - [2024-10-01T00:18:05.487+0000] {dag.py:3036} INFO - Sync 1 DAGs
[2024-10-01T00:18:05.508+0000] {logging_mixin.py:188} INFO - [2024-10-01T00:18:05.507+0000] {dag.py:3823} INFO - Setting next_dagrun for example_complex to None, run_after=None
[2024-10-01T00:18:05.536+0000] {processor.py:183} INFO - Processing /home/airflow/.local/lib/python3.8/site-packages/airflow/example_dags/example_complex.py took 0.136 seconds
[2024-10-01T00:18:35.593+0000] {processor.py:161} INFO - Started process (PID=3004) to work on /home/airflow/.local/lib/python3.8/site-packages/airflow/example_dags/example_complex.py
[2024-10-01T00:18:35.596+0000] {processor.py:830} INFO - Processing file /home/airflow/.local/lib/python3.8/site-packages/airflow/example_dags/example_complex.py for tasks to queue
[2024-10-01T00:18:35.599+0000] {logging_mixin.py:188} INFO - [2024-10-01T00:18:35.599+0000] {dagbag.py:538} INFO - Filling up the DagBag from /home/airflow/.local/lib/python3.8/site-packages/airflow/example_dags/example_complex.py
[2024-10-01T00:18:35.617+0000] {processor.py:840} INFO - DAG(s) 'example_complex' retrieved from /home/airflow/.local/lib/python3.8/site-packages/airflow/example_dags/example_complex.py
[2024-10-01T00:18:35.674+0000] {logging_mixin.py:188} INFO - [2024-10-01T00:18:35.674+0000] {dag.py:3036} INFO - Sync 1 DAGs
[2024-10-01T00:18:35.700+0000] {logging_mixin.py:188} INFO - [2024-10-01T00:18:35.699+0000] {dag.py:3823} INFO - Setting next_dagrun for example_complex to None, run_after=None
[2024-10-01T00:18:35.730+0000] {processor.py:183} INFO - Processing /home/airflow/.local/lib/python3.8/site-packages/airflow/example_dags/example_complex.py took 0.143 seconds
[2024-10-01T00:19:05.898+0000] {processor.py:161} INFO - Started process (PID=3071) to work on /home/airflow/.local/lib/python3.8/site-packages/airflow/example_dags/example_complex.py
[2024-10-01T00:19:05.900+0000] {processor.py:830} INFO - Processing file /home/airflow/.local/lib/python3.8/site-packages/airflow/example_dags/example_complex.py for tasks to queue
[2024-10-01T00:19:05.903+0000] {logging_mixin.py:188} INFO - [2024-10-01T00:19:05.903+0000] {dagbag.py:538} INFO - Filling up the DagBag from /home/airflow/.local/lib/python3.8/site-packages/airflow/example_dags/example_complex.py
[2024-10-01T00:19:05.924+0000] {processor.py:840} INFO - DAG(s) 'example_complex' retrieved from /home/airflow/.local/lib/python3.8/site-packages/airflow/example_dags/example_complex.py
[2024-10-01T00:19:05.972+0000] {logging_mixin.py:188} INFO - [2024-10-01T00:19:05.971+0000] {dag.py:3036} INFO - Sync 1 DAGs
[2024-10-01T00:19:05.992+0000] {logging_mixin.py:188} INFO - [2024-10-01T00:19:05.991+0000] {dag.py:3823} INFO - Setting next_dagrun for example_complex to None, run_after=None
[2024-10-01T00:19:06.021+0000] {processor.py:183} INFO - Processing /home/airflow/.local/lib/python3.8/site-packages/airflow/example_dags/example_complex.py took 0.130 seconds
[2024-10-01T00:19:36.221+0000] {processor.py:161} INFO - Started process (PID=3145) to work on /home/airflow/.local/lib/python3.8/site-packages/airflow/example_dags/example_complex.py
[2024-10-01T00:19:36.223+0000] {processor.py:830} INFO - Processing file /home/airflow/.local/lib/python3.8/site-packages/airflow/example_dags/example_complex.py for tasks to queue
[2024-10-01T00:19:36.226+0000] {logging_mixin.py:188} INFO - [2024-10-01T00:19:36.225+0000] {dagbag.py:538} INFO - Filling up the DagBag from /home/airflow/.local/lib/python3.8/site-packages/airflow/example_dags/example_complex.py
[2024-10-01T00:19:36.247+0000] {processor.py:840} INFO - DAG(s) 'example_complex' retrieved from /home/airflow/.local/lib/python3.8/site-packages/airflow/example_dags/example_complex.py
[2024-10-01T00:19:36.304+0000] {logging_mixin.py:188} INFO - [2024-10-01T00:19:36.304+0000] {dag.py:3036} INFO - Sync 1 DAGs
[2024-10-01T00:19:36.327+0000] {logging_mixin.py:188} INFO - [2024-10-01T00:19:36.327+0000] {dag.py:3823} INFO - Setting next_dagrun for example_complex to None, run_after=None
[2024-10-01T00:19:36.358+0000] {processor.py:183} INFO - Processing /home/airflow/.local/lib/python3.8/site-packages/airflow/example_dags/example_complex.py took 0.144 seconds
[2024-10-01T00:20:07.159+0000] {processor.py:161} INFO - Started process (PID=3209) to work on /home/airflow/.local/lib/python3.8/site-packages/airflow/example_dags/example_complex.py
[2024-10-01T00:20:07.162+0000] {processor.py:830} INFO - Processing file /home/airflow/.local/lib/python3.8/site-packages/airflow/example_dags/example_complex.py for tasks to queue
[2024-10-01T00:20:07.165+0000] {logging_mixin.py:188} INFO - [2024-10-01T00:20:07.164+0000] {dagbag.py:538} INFO - Filling up the DagBag from /home/airflow/.local/lib/python3.8/site-packages/airflow/example_dags/example_complex.py
[2024-10-01T00:20:07.186+0000] {processor.py:840} INFO - DAG(s) 'example_complex' retrieved from /home/airflow/.local/lib/python3.8/site-packages/airflow/example_dags/example_complex.py
[2024-10-01T00:20:07.252+0000] {logging_mixin.py:188} INFO - [2024-10-01T00:20:07.251+0000] {dag.py:3036} INFO - Sync 1 DAGs
[2024-10-01T00:20:07.289+0000] {logging_mixin.py:188} INFO - [2024-10-01T00:20:07.288+0000] {dag.py:3823} INFO - Setting next_dagrun for example_complex to None, run_after=None
[2024-10-01T00:20:07.336+0000] {processor.py:183} INFO - Processing /home/airflow/.local/lib/python3.8/site-packages/airflow/example_dags/example_complex.py took 0.184 seconds
[2024-10-01T00:20:38.069+0000] {processor.py:161} INFO - Started process (PID=3275) to work on /home/airflow/.local/lib/python3.8/site-packages/airflow/example_dags/example_complex.py
[2024-10-01T00:20:38.080+0000] {processor.py:830} INFO - Processing file /home/airflow/.local/lib/python3.8/site-packages/airflow/example_dags/example_complex.py for tasks to queue
[2024-10-01T00:20:38.086+0000] {logging_mixin.py:188} INFO - [2024-10-01T00:20:38.085+0000] {dagbag.py:538} INFO - Filling up the DagBag from /home/airflow/.local/lib/python3.8/site-packages/airflow/example_dags/example_complex.py
[2024-10-01T00:20:38.124+0000] {processor.py:840} INFO - DAG(s) 'example_complex' retrieved from /home/airflow/.local/lib/python3.8/site-packages/airflow/example_dags/example_complex.py
[2024-10-01T00:20:38.192+0000] {logging_mixin.py:188} INFO - [2024-10-01T00:20:38.192+0000] {dag.py:3036} INFO - Sync 1 DAGs
[2024-10-01T00:20:38.221+0000] {logging_mixin.py:188} INFO - [2024-10-01T00:20:38.220+0000] {dag.py:3823} INFO - Setting next_dagrun for example_complex to None, run_after=None
[2024-10-01T00:20:38.263+0000] {processor.py:183} INFO - Processing /home/airflow/.local/lib/python3.8/site-packages/airflow/example_dags/example_complex.py took 0.204 seconds
[2024-10-01T00:21:08.345+0000] {processor.py:161} INFO - Started process (PID=3341) to work on /home/airflow/.local/lib/python3.8/site-packages/airflow/example_dags/example_complex.py
[2024-10-01T00:21:08.346+0000] {processor.py:830} INFO - Processing file /home/airflow/.local/lib/python3.8/site-packages/airflow/example_dags/example_complex.py for tasks to queue
[2024-10-01T00:21:08.349+0000] {logging_mixin.py:188} INFO - [2024-10-01T00:21:08.349+0000] {dagbag.py:538} INFO - Filling up the DagBag from /home/airflow/.local/lib/python3.8/site-packages/airflow/example_dags/example_complex.py
[2024-10-01T00:21:08.367+0000] {processor.py:840} INFO - DAG(s) 'example_complex' retrieved from /home/airflow/.local/lib/python3.8/site-packages/airflow/example_dags/example_complex.py
[2024-10-01T00:21:08.423+0000] {logging_mixin.py:188} INFO - [2024-10-01T00:21:08.423+0000] {dag.py:3036} INFO - Sync 1 DAGs
[2024-10-01T00:21:08.446+0000] {logging_mixin.py:188} INFO - [2024-10-01T00:21:08.445+0000] {dag.py:3823} INFO - Setting next_dagrun for example_complex to None, run_after=None
[2024-10-01T00:21:08.477+0000] {processor.py:183} INFO - Processing /home/airflow/.local/lib/python3.8/site-packages/airflow/example_dags/example_complex.py took 0.139 seconds
[2024-10-01T00:21:39.065+0000] {processor.py:161} INFO - Started process (PID=3407) to work on /home/airflow/.local/lib/python3.8/site-packages/airflow/example_dags/example_complex.py
[2024-10-01T00:21:39.067+0000] {processor.py:830} INFO - Processing file /home/airflow/.local/lib/python3.8/site-packages/airflow/example_dags/example_complex.py for tasks to queue
[2024-10-01T00:21:39.070+0000] {logging_mixin.py:188} INFO - [2024-10-01T00:21:39.069+0000] {dagbag.py:538} INFO - Filling up the DagBag from /home/airflow/.local/lib/python3.8/site-packages/airflow/example_dags/example_complex.py
[2024-10-01T00:21:39.086+0000] {processor.py:840} INFO - DAG(s) 'example_complex' retrieved from /home/airflow/.local/lib/python3.8/site-packages/airflow/example_dags/example_complex.py
[2024-10-01T00:21:39.129+0000] {logging_mixin.py:188} INFO - [2024-10-01T00:21:39.129+0000] {dag.py:3036} INFO - Sync 1 DAGs
[2024-10-01T00:21:39.147+0000] {logging_mixin.py:188} INFO - [2024-10-01T00:21:39.147+0000] {dag.py:3823} INFO - Setting next_dagrun for example_complex to None, run_after=None
[2024-10-01T00:21:39.173+0000] {processor.py:183} INFO - Processing /home/airflow/.local/lib/python3.8/site-packages/airflow/example_dags/example_complex.py took 0.112 seconds
[2024-10-01T00:22:09.758+0000] {processor.py:161} INFO - Started process (PID=3473) to work on /home/airflow/.local/lib/python3.8/site-packages/airflow/example_dags/example_complex.py
[2024-10-01T00:22:09.760+0000] {processor.py:830} INFO - Processing file /home/airflow/.local/lib/python3.8/site-packages/airflow/example_dags/example_complex.py for tasks to queue
[2024-10-01T00:22:09.762+0000] {logging_mixin.py:188} INFO - [2024-10-01T00:22:09.762+0000] {dagbag.py:538} INFO - Filling up the DagBag from /home/airflow/.local/lib/python3.8/site-packages/airflow/example_dags/example_complex.py
[2024-10-01T00:22:09.781+0000] {processor.py:840} INFO - DAG(s) 'example_complex' retrieved from /home/airflow/.local/lib/python3.8/site-packages/airflow/example_dags/example_complex.py
[2024-10-01T00:22:09.836+0000] {logging_mixin.py:188} INFO - [2024-10-01T00:22:09.836+0000] {dag.py:3036} INFO - Sync 1 DAGs
[2024-10-01T00:22:09.859+0000] {logging_mixin.py:188} INFO - [2024-10-01T00:22:09.859+0000] {dag.py:3823} INFO - Setting next_dagrun for example_complex to None, run_after=None
[2024-10-01T00:22:09.891+0000] {processor.py:183} INFO - Processing /home/airflow/.local/lib/python3.8/site-packages/airflow/example_dags/example_complex.py took 0.139 seconds
[2024-10-01T00:22:40.377+0000] {processor.py:161} INFO - Started process (PID=3540) to work on /home/airflow/.local/lib/python3.8/site-packages/airflow/example_dags/example_complex.py
[2024-10-01T00:22:40.379+0000] {processor.py:830} INFO - Processing file /home/airflow/.local/lib/python3.8/site-packages/airflow/example_dags/example_complex.py for tasks to queue
[2024-10-01T00:22:40.382+0000] {logging_mixin.py:188} INFO - [2024-10-01T00:22:40.382+0000] {dagbag.py:538} INFO - Filling up the DagBag from /home/airflow/.local/lib/python3.8/site-packages/airflow/example_dags/example_complex.py
[2024-10-01T00:22:40.400+0000] {processor.py:840} INFO - DAG(s) 'example_complex' retrieved from /home/airflow/.local/lib/python3.8/site-packages/airflow/example_dags/example_complex.py
[2024-10-01T00:22:40.450+0000] {logging_mixin.py:188} INFO - [2024-10-01T00:22:40.449+0000] {dag.py:3036} INFO - Sync 1 DAGs
[2024-10-01T00:22:40.474+0000] {logging_mixin.py:188} INFO - [2024-10-01T00:22:40.473+0000] {dag.py:3823} INFO - Setting next_dagrun for example_complex to None, run_after=None
[2024-10-01T00:22:40.512+0000] {processor.py:183} INFO - Processing /home/airflow/.local/lib/python3.8/site-packages/airflow/example_dags/example_complex.py took 0.141 seconds
[2024-10-01T00:23:10.815+0000] {processor.py:161} INFO - Started process (PID=3607) to work on /home/airflow/.local/lib/python3.8/site-packages/airflow/example_dags/example_complex.py
[2024-10-01T00:23:10.817+0000] {processor.py:830} INFO - Processing file /home/airflow/.local/lib/python3.8/site-packages/airflow/example_dags/example_complex.py for tasks to queue
[2024-10-01T00:23:10.820+0000] {logging_mixin.py:188} INFO - [2024-10-01T00:23:10.819+0000] {dagbag.py:538} INFO - Filling up the DagBag from /home/airflow/.local/lib/python3.8/site-packages/airflow/example_dags/example_complex.py
[2024-10-01T00:23:10.840+0000] {processor.py:840} INFO - DAG(s) 'example_complex' retrieved from /home/airflow/.local/lib/python3.8/site-packages/airflow/example_dags/example_complex.py
[2024-10-01T00:23:10.896+0000] {logging_mixin.py:188} INFO - [2024-10-01T00:23:10.895+0000] {dag.py:3036} INFO - Sync 1 DAGs
[2024-10-01T00:23:10.920+0000] {logging_mixin.py:188} INFO - [2024-10-01T00:23:10.919+0000] {dag.py:3823} INFO - Setting next_dagrun for example_complex to None, run_after=None
[2024-10-01T00:23:10.962+0000] {processor.py:183} INFO - Processing /home/airflow/.local/lib/python3.8/site-packages/airflow/example_dags/example_complex.py took 0.154 seconds
[2024-10-01T00:23:40.996+0000] {processor.py:161} INFO - Started process (PID=3673) to work on /home/airflow/.local/lib/python3.8/site-packages/airflow/example_dags/example_complex.py
[2024-10-01T00:23:40.999+0000] {processor.py:830} INFO - Processing file /home/airflow/.local/lib/python3.8/site-packages/airflow/example_dags/example_complex.py for tasks to queue
[2024-10-01T00:23:41.002+0000] {logging_mixin.py:188} INFO - [2024-10-01T00:23:41.001+0000] {dagbag.py:538} INFO - Filling up the DagBag from /home/airflow/.local/lib/python3.8/site-packages/airflow/example_dags/example_complex.py
[2024-10-01T00:23:41.021+0000] {processor.py:840} INFO - DAG(s) 'example_complex' retrieved from /home/airflow/.local/lib/python3.8/site-packages/airflow/example_dags/example_complex.py
[2024-10-01T00:23:41.068+0000] {logging_mixin.py:188} INFO - [2024-10-01T00:23:41.068+0000] {dag.py:3036} INFO - Sync 1 DAGs
[2024-10-01T00:23:41.086+0000] {logging_mixin.py:188} INFO - [2024-10-01T00:23:41.086+0000] {dag.py:3823} INFO - Setting next_dagrun for example_complex to None, run_after=None
[2024-10-01T00:23:41.111+0000] {processor.py:183} INFO - Processing /home/airflow/.local/lib/python3.8/site-packages/airflow/example_dags/example_complex.py took 0.121 seconds
[2024-10-01T00:24:11.619+0000] {processor.py:161} INFO - Started process (PID=3739) to work on /home/airflow/.local/lib/python3.8/site-packages/airflow/example_dags/example_complex.py
[2024-10-01T00:24:11.622+0000] {processor.py:830} INFO - Processing file /home/airflow/.local/lib/python3.8/site-packages/airflow/example_dags/example_complex.py for tasks to queue
[2024-10-01T00:24:11.626+0000] {logging_mixin.py:188} INFO - [2024-10-01T00:24:11.625+0000] {dagbag.py:538} INFO - Filling up the DagBag from /home/airflow/.local/lib/python3.8/site-packages/airflow/example_dags/example_complex.py
[2024-10-01T00:24:11.655+0000] {processor.py:840} INFO - DAG(s) 'example_complex' retrieved from /home/airflow/.local/lib/python3.8/site-packages/airflow/example_dags/example_complex.py
[2024-10-01T00:24:11.735+0000] {logging_mixin.py:188} INFO - [2024-10-01T00:24:11.734+0000] {dag.py:3036} INFO - Sync 1 DAGs
[2024-10-01T00:24:11.777+0000] {logging_mixin.py:188} INFO - [2024-10-01T00:24:11.776+0000] {dag.py:3823} INFO - Setting next_dagrun for example_complex to None, run_after=None
[2024-10-01T00:24:11.831+0000] {processor.py:183} INFO - Processing /home/airflow/.local/lib/python3.8/site-packages/airflow/example_dags/example_complex.py took 0.221 seconds
[2024-10-01T00:24:42.101+0000] {processor.py:161} INFO - Started process (PID=3805) to work on /home/airflow/.local/lib/python3.8/site-packages/airflow/example_dags/example_complex.py
[2024-10-01T00:24:42.106+0000] {processor.py:830} INFO - Processing file /home/airflow/.local/lib/python3.8/site-packages/airflow/example_dags/example_complex.py for tasks to queue
[2024-10-01T00:24:42.112+0000] {logging_mixin.py:188} INFO - [2024-10-01T00:24:42.111+0000] {dagbag.py:538} INFO - Filling up the DagBag from /home/airflow/.local/lib/python3.8/site-packages/airflow/example_dags/example_complex.py
[2024-10-01T00:24:42.150+0000] {processor.py:840} INFO - DAG(s) 'example_complex' retrieved from /home/airflow/.local/lib/python3.8/site-packages/airflow/example_dags/example_complex.py
[2024-10-01T00:24:42.262+0000] {logging_mixin.py:188} INFO - [2024-10-01T00:24:42.261+0000] {dag.py:3036} INFO - Sync 1 DAGs
[2024-10-01T00:24:42.305+0000] {logging_mixin.py:188} INFO - [2024-10-01T00:24:42.304+0000] {dag.py:3823} INFO - Setting next_dagrun for example_complex to None, run_after=None
[2024-10-01T00:24:42.361+0000] {processor.py:183} INFO - Processing /home/airflow/.local/lib/python3.8/site-packages/airflow/example_dags/example_complex.py took 0.271 seconds
[2024-10-01T00:25:13.420+0000] {processor.py:161} INFO - Started process (PID=3871) to work on /home/airflow/.local/lib/python3.8/site-packages/airflow/example_dags/example_complex.py
[2024-10-01T00:25:13.424+0000] {processor.py:830} INFO - Processing file /home/airflow/.local/lib/python3.8/site-packages/airflow/example_dags/example_complex.py for tasks to queue
[2024-10-01T00:25:13.429+0000] {logging_mixin.py:188} INFO - [2024-10-01T00:25:13.428+0000] {dagbag.py:538} INFO - Filling up the DagBag from /home/airflow/.local/lib/python3.8/site-packages/airflow/example_dags/example_complex.py
[2024-10-01T00:25:13.464+0000] {processor.py:840} INFO - DAG(s) 'example_complex' retrieved from /home/airflow/.local/lib/python3.8/site-packages/airflow/example_dags/example_complex.py
[2024-10-01T00:25:13.562+0000] {logging_mixin.py:188} INFO - [2024-10-01T00:25:13.562+0000] {dag.py:3036} INFO - Sync 1 DAGs
[2024-10-01T00:25:13.601+0000] {logging_mixin.py:188} INFO - [2024-10-01T00:25:13.600+0000] {dag.py:3823} INFO - Setting next_dagrun for example_complex to None, run_after=None
[2024-10-01T00:25:13.662+0000] {processor.py:183} INFO - Processing /home/airflow/.local/lib/python3.8/site-packages/airflow/example_dags/example_complex.py took 0.252 seconds
[2024-10-01T00:25:43.769+0000] {processor.py:161} INFO - Started process (PID=3935) to work on /home/airflow/.local/lib/python3.8/site-packages/airflow/example_dags/example_complex.py
[2024-10-01T00:25:43.773+0000] {processor.py:830} INFO - Processing file /home/airflow/.local/lib/python3.8/site-packages/airflow/example_dags/example_complex.py for tasks to queue
[2024-10-01T00:25:43.779+0000] {logging_mixin.py:188} INFO - [2024-10-01T00:25:43.778+0000] {dagbag.py:538} INFO - Filling up the DagBag from /home/airflow/.local/lib/python3.8/site-packages/airflow/example_dags/example_complex.py
[2024-10-01T00:25:43.814+0000] {processor.py:840} INFO - DAG(s) 'example_complex' retrieved from /home/airflow/.local/lib/python3.8/site-packages/airflow/example_dags/example_complex.py
[2024-10-01T00:25:43.906+0000] {logging_mixin.py:188} INFO - [2024-10-01T00:25:43.906+0000] {dag.py:3036} INFO - Sync 1 DAGs
[2024-10-01T00:25:43.944+0000] {logging_mixin.py:188} INFO - [2024-10-01T00:25:43.944+0000] {dag.py:3823} INFO - Setting next_dagrun for example_complex to None, run_after=None
[2024-10-01T00:25:44.006+0000] {processor.py:183} INFO - Processing /home/airflow/.local/lib/python3.8/site-packages/airflow/example_dags/example_complex.py took 0.246 seconds
[2024-10-01T00:26:14.135+0000] {processor.py:161} INFO - Started process (PID=4001) to work on /home/airflow/.local/lib/python3.8/site-packages/airflow/example_dags/example_complex.py
[2024-10-01T00:26:14.137+0000] {processor.py:830} INFO - Processing file /home/airflow/.local/lib/python3.8/site-packages/airflow/example_dags/example_complex.py for tasks to queue
[2024-10-01T00:26:14.139+0000] {logging_mixin.py:188} INFO - [2024-10-01T00:26:14.138+0000] {dagbag.py:538} INFO - Filling up the DagBag from /home/airflow/.local/lib/python3.8/site-packages/airflow/example_dags/example_complex.py
[2024-10-01T00:26:14.154+0000] {processor.py:840} INFO - DAG(s) 'example_complex' retrieved from /home/airflow/.local/lib/python3.8/site-packages/airflow/example_dags/example_complex.py
[2024-10-01T00:26:14.197+0000] {logging_mixin.py:188} INFO - [2024-10-01T00:26:14.197+0000] {dag.py:3036} INFO - Sync 1 DAGs
[2024-10-01T00:26:14.215+0000] {logging_mixin.py:188} INFO - [2024-10-01T00:26:14.215+0000] {dag.py:3823} INFO - Setting next_dagrun for example_complex to None, run_after=None
[2024-10-01T00:26:14.243+0000] {processor.py:183} INFO - Processing /home/airflow/.local/lib/python3.8/site-packages/airflow/example_dags/example_complex.py took 0.112 seconds
[2024-10-01T00:26:44.884+0000] {processor.py:161} INFO - Started process (PID=4067) to work on /home/airflow/.local/lib/python3.8/site-packages/airflow/example_dags/example_complex.py
[2024-10-01T00:26:44.889+0000] {processor.py:830} INFO - Processing file /home/airflow/.local/lib/python3.8/site-packages/airflow/example_dags/example_complex.py for tasks to queue
[2024-10-01T00:26:44.894+0000] {logging_mixin.py:188} INFO - [2024-10-01T00:26:44.893+0000] {dagbag.py:538} INFO - Filling up the DagBag from /home/airflow/.local/lib/python3.8/site-packages/airflow/example_dags/example_complex.py
[2024-10-01T00:26:44.921+0000] {processor.py:840} INFO - DAG(s) 'example_complex' retrieved from /home/airflow/.local/lib/python3.8/site-packages/airflow/example_dags/example_complex.py
[2024-10-01T00:26:44.991+0000] {logging_mixin.py:188} INFO - [2024-10-01T00:26:44.991+0000] {dag.py:3036} INFO - Sync 1 DAGs
[2024-10-01T00:26:45.020+0000] {logging_mixin.py:188} INFO - [2024-10-01T00:26:45.019+0000] {dag.py:3823} INFO - Setting next_dagrun for example_complex to None, run_after=None
[2024-10-01T00:26:45.063+0000] {processor.py:183} INFO - Processing /home/airflow/.local/lib/python3.8/site-packages/airflow/example_dags/example_complex.py took 0.187 seconds
[2024-10-01T00:27:15.524+0000] {processor.py:161} INFO - Started process (PID=4133) to work on /home/airflow/.local/lib/python3.8/site-packages/airflow/example_dags/example_complex.py
[2024-10-01T00:27:15.527+0000] {processor.py:830} INFO - Processing file /home/airflow/.local/lib/python3.8/site-packages/airflow/example_dags/example_complex.py for tasks to queue
[2024-10-01T00:27:15.531+0000] {logging_mixin.py:188} INFO - [2024-10-01T00:27:15.530+0000] {dagbag.py:538} INFO - Filling up the DagBag from /home/airflow/.local/lib/python3.8/site-packages/airflow/example_dags/example_complex.py
[2024-10-01T00:27:15.557+0000] {processor.py:840} INFO - DAG(s) 'example_complex' retrieved from /home/airflow/.local/lib/python3.8/site-packages/airflow/example_dags/example_complex.py
[2024-10-01T00:27:15.623+0000] {logging_mixin.py:188} INFO - [2024-10-01T00:27:15.622+0000] {dag.py:3036} INFO - Sync 1 DAGs
[2024-10-01T00:27:15.648+0000] {logging_mixin.py:188} INFO - [2024-10-01T00:27:15.647+0000] {dag.py:3823} INFO - Setting next_dagrun for example_complex to None, run_after=None
[2024-10-01T00:27:15.683+0000] {processor.py:183} INFO - Processing /home/airflow/.local/lib/python3.8/site-packages/airflow/example_dags/example_complex.py took 0.165 seconds
[2024-10-01T00:27:45.895+0000] {processor.py:161} INFO - Started process (PID=4199) to work on /home/airflow/.local/lib/python3.8/site-packages/airflow/example_dags/example_complex.py
[2024-10-01T00:27:45.901+0000] {processor.py:830} INFO - Processing file /home/airflow/.local/lib/python3.8/site-packages/airflow/example_dags/example_complex.py for tasks to queue
[2024-10-01T00:27:45.912+0000] {logging_mixin.py:188} INFO - [2024-10-01T00:27:45.910+0000] {dagbag.py:538} INFO - Filling up the DagBag from /home/airflow/.local/lib/python3.8/site-packages/airflow/example_dags/example_complex.py
[2024-10-01T00:27:46.015+0000] {processor.py:840} INFO - DAG(s) 'example_complex' retrieved from /home/airflow/.local/lib/python3.8/site-packages/airflow/example_dags/example_complex.py
[2024-10-01T00:27:46.235+0000] {logging_mixin.py:188} INFO - [2024-10-01T00:27:46.234+0000] {dag.py:3036} INFO - Sync 1 DAGs
[2024-10-01T00:27:46.305+0000] {logging_mixin.py:188} INFO - [2024-10-01T00:27:46.304+0000] {dag.py:3823} INFO - Setting next_dagrun for example_complex to None, run_after=None
[2024-10-01T00:27:46.386+0000] {processor.py:183} INFO - Processing /home/airflow/.local/lib/python3.8/site-packages/airflow/example_dags/example_complex.py took 0.517 seconds
[2024-10-01T00:28:16.509+0000] {processor.py:161} INFO - Started process (PID=4257) to work on /home/airflow/.local/lib/python3.8/site-packages/airflow/example_dags/example_complex.py
[2024-10-01T00:28:16.514+0000] {processor.py:830} INFO - Processing file /home/airflow/.local/lib/python3.8/site-packages/airflow/example_dags/example_complex.py for tasks to queue
[2024-10-01T00:28:16.522+0000] {logging_mixin.py:188} INFO - [2024-10-01T00:28:16.520+0000] {dagbag.py:538} INFO - Filling up the DagBag from /home/airflow/.local/lib/python3.8/site-packages/airflow/example_dags/example_complex.py
[2024-10-01T00:28:16.575+0000] {processor.py:840} INFO - DAG(s) 'example_complex' retrieved from /home/airflow/.local/lib/python3.8/site-packages/airflow/example_dags/example_complex.py
[2024-10-01T00:28:16.720+0000] {logging_mixin.py:188} INFO - [2024-10-01T00:28:16.719+0000] {dag.py:3036} INFO - Sync 1 DAGs
[2024-10-01T00:28:16.783+0000] {logging_mixin.py:188} INFO - [2024-10-01T00:28:16.782+0000] {dag.py:3823} INFO - Setting next_dagrun for example_complex to None, run_after=None
[2024-10-01T00:28:16.859+0000] {processor.py:183} INFO - Processing /home/airflow/.local/lib/python3.8/site-packages/airflow/example_dags/example_complex.py took 0.368 seconds
[2024-10-01T00:28:47.735+0000] {processor.py:161} INFO - Started process (PID=4323) to work on /home/airflow/.local/lib/python3.8/site-packages/airflow/example_dags/example_complex.py
[2024-10-01T00:28:47.739+0000] {processor.py:830} INFO - Processing file /home/airflow/.local/lib/python3.8/site-packages/airflow/example_dags/example_complex.py for tasks to queue
[2024-10-01T00:28:47.746+0000] {logging_mixin.py:188} INFO - [2024-10-01T00:28:47.745+0000] {dagbag.py:538} INFO - Filling up the DagBag from /home/airflow/.local/lib/python3.8/site-packages/airflow/example_dags/example_complex.py
[2024-10-01T00:28:47.790+0000] {processor.py:840} INFO - DAG(s) 'example_complex' retrieved from /home/airflow/.local/lib/python3.8/site-packages/airflow/example_dags/example_complex.py
[2024-10-01T00:28:47.907+0000] {logging_mixin.py:188} INFO - [2024-10-01T00:28:47.906+0000] {dag.py:3036} INFO - Sync 1 DAGs
[2024-10-01T00:28:47.956+0000] {logging_mixin.py:188} INFO - [2024-10-01T00:28:47.955+0000] {dag.py:3823} INFO - Setting next_dagrun for example_complex to None, run_after=None
[2024-10-01T00:28:48.019+0000] {processor.py:183} INFO - Processing /home/airflow/.local/lib/python3.8/site-packages/airflow/example_dags/example_complex.py took 0.297 seconds
[2024-10-01T00:29:18.137+0000] {processor.py:161} INFO - Started process (PID=4389) to work on /home/airflow/.local/lib/python3.8/site-packages/airflow/example_dags/example_complex.py
[2024-10-01T00:29:18.139+0000] {processor.py:830} INFO - Processing file /home/airflow/.local/lib/python3.8/site-packages/airflow/example_dags/example_complex.py for tasks to queue
[2024-10-01T00:29:18.144+0000] {logging_mixin.py:188} INFO - [2024-10-01T00:29:18.143+0000] {dagbag.py:538} INFO - Filling up the DagBag from /home/airflow/.local/lib/python3.8/site-packages/airflow/example_dags/example_complex.py
[2024-10-01T00:29:18.176+0000] {processor.py:840} INFO - DAG(s) 'example_complex' retrieved from /home/airflow/.local/lib/python3.8/site-packages/airflow/example_dags/example_complex.py
[2024-10-01T00:29:18.255+0000] {logging_mixin.py:188} INFO - [2024-10-01T00:29:18.254+0000] {dag.py:3036} INFO - Sync 1 DAGs
[2024-10-01T00:29:18.287+0000] {logging_mixin.py:188} INFO - [2024-10-01T00:29:18.287+0000] {dag.py:3823} INFO - Setting next_dagrun for example_complex to None, run_after=None
[2024-10-01T00:29:18.335+0000] {processor.py:183} INFO - Processing /home/airflow/.local/lib/python3.8/site-packages/airflow/example_dags/example_complex.py took 0.207 seconds
[2024-10-01T00:29:48.520+0000] {processor.py:161} INFO - Started process (PID=4455) to work on /home/airflow/.local/lib/python3.8/site-packages/airflow/example_dags/example_complex.py
[2024-10-01T00:29:48.523+0000] {processor.py:830} INFO - Processing file /home/airflow/.local/lib/python3.8/site-packages/airflow/example_dags/example_complex.py for tasks to queue
[2024-10-01T00:29:48.529+0000] {logging_mixin.py:188} INFO - [2024-10-01T00:29:48.528+0000] {dagbag.py:538} INFO - Filling up the DagBag from /home/airflow/.local/lib/python3.8/site-packages/airflow/example_dags/example_complex.py
[2024-10-01T00:29:48.564+0000] {processor.py:840} INFO - DAG(s) 'example_complex' retrieved from /home/airflow/.local/lib/python3.8/site-packages/airflow/example_dags/example_complex.py
[2024-10-01T00:29:48.643+0000] {logging_mixin.py:188} INFO - [2024-10-01T00:29:48.642+0000] {dag.py:3036} INFO - Sync 1 DAGs
[2024-10-01T00:29:48.675+0000] {logging_mixin.py:188} INFO - [2024-10-01T00:29:48.675+0000] {dag.py:3823} INFO - Setting next_dagrun for example_complex to None, run_after=None
[2024-10-01T00:29:48.729+0000] {processor.py:183} INFO - Processing /home/airflow/.local/lib/python3.8/site-packages/airflow/example_dags/example_complex.py took 0.218 seconds
[2024-10-01T00:30:18.956+0000] {processor.py:161} INFO - Started process (PID=4521) to work on /home/airflow/.local/lib/python3.8/site-packages/airflow/example_dags/example_complex.py
[2024-10-01T00:30:18.958+0000] {processor.py:830} INFO - Processing file /home/airflow/.local/lib/python3.8/site-packages/airflow/example_dags/example_complex.py for tasks to queue
[2024-10-01T00:30:18.962+0000] {logging_mixin.py:188} INFO - [2024-10-01T00:30:18.962+0000] {dagbag.py:538} INFO - Filling up the DagBag from /home/airflow/.local/lib/python3.8/site-packages/airflow/example_dags/example_complex.py
[2024-10-01T00:30:18.988+0000] {processor.py:840} INFO - DAG(s) 'example_complex' retrieved from /home/airflow/.local/lib/python3.8/site-packages/airflow/example_dags/example_complex.py
[2024-10-01T00:30:19.055+0000] {logging_mixin.py:188} INFO - [2024-10-01T00:30:19.054+0000] {dag.py:3036} INFO - Sync 1 DAGs
[2024-10-01T00:30:19.080+0000] {logging_mixin.py:188} INFO - [2024-10-01T00:30:19.080+0000] {dag.py:3823} INFO - Setting next_dagrun for example_complex to None, run_after=None
[2024-10-01T00:30:19.119+0000] {processor.py:183} INFO - Processing /home/airflow/.local/lib/python3.8/site-packages/airflow/example_dags/example_complex.py took 0.170 seconds
[2024-10-01T00:30:49.521+0000] {processor.py:161} INFO - Started process (PID=4586) to work on /home/airflow/.local/lib/python3.8/site-packages/airflow/example_dags/example_complex.py
[2024-10-01T00:30:49.524+0000] {processor.py:830} INFO - Processing file /home/airflow/.local/lib/python3.8/site-packages/airflow/example_dags/example_complex.py for tasks to queue
[2024-10-01T00:30:49.529+0000] {logging_mixin.py:188} INFO - [2024-10-01T00:30:49.528+0000] {dagbag.py:538} INFO - Filling up the DagBag from /home/airflow/.local/lib/python3.8/site-packages/airflow/example_dags/example_complex.py
[2024-10-01T00:30:49.571+0000] {processor.py:840} INFO - DAG(s) 'example_complex' retrieved from /home/airflow/.local/lib/python3.8/site-packages/airflow/example_dags/example_complex.py
[2024-10-01T00:30:49.673+0000] {logging_mixin.py:188} INFO - [2024-10-01T00:30:49.673+0000] {dag.py:3036} INFO - Sync 1 DAGs
[2024-10-01T00:30:49.711+0000] {logging_mixin.py:188} INFO - [2024-10-01T00:30:49.710+0000] {dag.py:3823} INFO - Setting next_dagrun for example_complex to None, run_after=None
[2024-10-01T00:30:49.764+0000] {processor.py:183} INFO - Processing /home/airflow/.local/lib/python3.8/site-packages/airflow/example_dags/example_complex.py took 0.254 seconds
[2024-10-01T00:31:20.098+0000] {processor.py:161} INFO - Started process (PID=4652) to work on /home/airflow/.local/lib/python3.8/site-packages/airflow/example_dags/example_complex.py
[2024-10-01T00:31:20.102+0000] {processor.py:830} INFO - Processing file /home/airflow/.local/lib/python3.8/site-packages/airflow/example_dags/example_complex.py for tasks to queue
[2024-10-01T00:31:20.109+0000] {logging_mixin.py:188} INFO - [2024-10-01T00:31:20.107+0000] {dagbag.py:538} INFO - Filling up the DagBag from /home/airflow/.local/lib/python3.8/site-packages/airflow/example_dags/example_complex.py
[2024-10-01T00:31:20.159+0000] {processor.py:840} INFO - DAG(s) 'example_complex' retrieved from /home/airflow/.local/lib/python3.8/site-packages/airflow/example_dags/example_complex.py
[2024-10-01T00:31:20.286+0000] {logging_mixin.py:188} INFO - [2024-10-01T00:31:20.285+0000] {dag.py:3036} INFO - Sync 1 DAGs
[2024-10-01T00:31:20.337+0000] {logging_mixin.py:188} INFO - [2024-10-01T00:31:20.337+0000] {dag.py:3823} INFO - Setting next_dagrun for example_complex to None, run_after=None
[2024-10-01T00:31:20.401+0000] {processor.py:183} INFO - Processing /home/airflow/.local/lib/python3.8/site-packages/airflow/example_dags/example_complex.py took 0.318 seconds
[2024-10-01T00:31:50.740+0000] {processor.py:161} INFO - Started process (PID=4710) to work on /home/airflow/.local/lib/python3.8/site-packages/airflow/example_dags/example_complex.py
[2024-10-01T00:31:50.744+0000] {processor.py:830} INFO - Processing file /home/airflow/.local/lib/python3.8/site-packages/airflow/example_dags/example_complex.py for tasks to queue
[2024-10-01T00:31:50.751+0000] {logging_mixin.py:188} INFO - [2024-10-01T00:31:50.749+0000] {dagbag.py:538} INFO - Filling up the DagBag from /home/airflow/.local/lib/python3.8/site-packages/airflow/example_dags/example_complex.py
[2024-10-01T00:31:50.796+0000] {processor.py:840} INFO - DAG(s) 'example_complex' retrieved from /home/airflow/.local/lib/python3.8/site-packages/airflow/example_dags/example_complex.py
[2024-10-01T00:31:50.909+0000] {logging_mixin.py:188} INFO - [2024-10-01T00:31:50.908+0000] {dag.py:3036} INFO - Sync 1 DAGs
[2024-10-01T00:31:50.955+0000] {logging_mixin.py:188} INFO - [2024-10-01T00:31:50.954+0000] {dag.py:3823} INFO - Setting next_dagrun for example_complex to None, run_after=None
[2024-10-01T00:31:51.019+0000] {processor.py:183} INFO - Processing /home/airflow/.local/lib/python3.8/site-packages/airflow/example_dags/example_complex.py took 0.291 seconds
[2024-10-01T00:32:21.547+0000] {processor.py:161} INFO - Started process (PID=4776) to work on /home/airflow/.local/lib/python3.8/site-packages/airflow/example_dags/example_complex.py
[2024-10-01T00:32:21.551+0000] {processor.py:830} INFO - Processing file /home/airflow/.local/lib/python3.8/site-packages/airflow/example_dags/example_complex.py for tasks to queue
[2024-10-01T00:32:21.559+0000] {logging_mixin.py:188} INFO - [2024-10-01T00:32:21.558+0000] {dagbag.py:538} INFO - Filling up the DagBag from /home/airflow/.local/lib/python3.8/site-packages/airflow/example_dags/example_complex.py
[2024-10-01T00:32:21.624+0000] {processor.py:840} INFO - DAG(s) 'example_complex' retrieved from /home/airflow/.local/lib/python3.8/site-packages/airflow/example_dags/example_complex.py
[2024-10-01T00:32:21.755+0000] {logging_mixin.py:188} INFO - [2024-10-01T00:32:21.754+0000] {dag.py:3036} INFO - Sync 1 DAGs
[2024-10-01T00:32:21.821+0000] {logging_mixin.py:188} INFO - [2024-10-01T00:32:21.819+0000] {dag.py:3823} INFO - Setting next_dagrun for example_complex to None, run_after=None
[2024-10-01T00:32:21.910+0000] {processor.py:183} INFO - Processing /home/airflow/.local/lib/python3.8/site-packages/airflow/example_dags/example_complex.py took 0.375 seconds
[2024-10-01T00:32:52.652+0000] {processor.py:161} INFO - Started process (PID=4841) to work on /home/airflow/.local/lib/python3.8/site-packages/airflow/example_dags/example_complex.py
[2024-10-01T00:32:52.655+0000] {processor.py:830} INFO - Processing file /home/airflow/.local/lib/python3.8/site-packages/airflow/example_dags/example_complex.py for tasks to queue
[2024-10-01T00:32:52.660+0000] {logging_mixin.py:188} INFO - [2024-10-01T00:32:52.659+0000] {dagbag.py:538} INFO - Filling up the DagBag from /home/airflow/.local/lib/python3.8/site-packages/airflow/example_dags/example_complex.py
[2024-10-01T00:32:52.698+0000] {processor.py:840} INFO - DAG(s) 'example_complex' retrieved from /home/airflow/.local/lib/python3.8/site-packages/airflow/example_dags/example_complex.py
[2024-10-01T00:32:52.774+0000] {logging_mixin.py:188} INFO - [2024-10-01T00:32:52.773+0000] {dag.py:3036} INFO - Sync 1 DAGs
[2024-10-01T00:32:52.809+0000] {logging_mixin.py:188} INFO - [2024-10-01T00:32:52.809+0000] {dag.py:3823} INFO - Setting next_dagrun for example_complex to None, run_after=None
[2024-10-01T00:32:52.864+0000] {processor.py:183} INFO - Processing /home/airflow/.local/lib/python3.8/site-packages/airflow/example_dags/example_complex.py took 0.219 seconds
[2024-10-01T00:33:23.129+0000] {processor.py:161} INFO - Started process (PID=4900) to work on /home/airflow/.local/lib/python3.8/site-packages/airflow/example_dags/example_complex.py
[2024-10-01T00:33:23.133+0000] {processor.py:830} INFO - Processing file /home/airflow/.local/lib/python3.8/site-packages/airflow/example_dags/example_complex.py for tasks to queue
[2024-10-01T00:33:23.135+0000] {logging_mixin.py:188} INFO - [2024-10-01T00:33:23.135+0000] {dagbag.py:538} INFO - Filling up the DagBag from /home/airflow/.local/lib/python3.8/site-packages/airflow/example_dags/example_complex.py
[2024-10-01T00:33:23.151+0000] {processor.py:840} INFO - DAG(s) 'example_complex' retrieved from /home/airflow/.local/lib/python3.8/site-packages/airflow/example_dags/example_complex.py
[2024-10-01T00:33:23.195+0000] {logging_mixin.py:188} INFO - [2024-10-01T00:33:23.194+0000] {dag.py:3036} INFO - Sync 1 DAGs
[2024-10-01T00:33:23.212+0000] {logging_mixin.py:188} INFO - [2024-10-01T00:33:23.212+0000] {dag.py:3823} INFO - Setting next_dagrun for example_complex to None, run_after=None
[2024-10-01T00:33:23.241+0000] {processor.py:183} INFO - Processing /home/airflow/.local/lib/python3.8/site-packages/airflow/example_dags/example_complex.py took 0.116 seconds
[2024-10-01T00:33:54.947+0000] {processor.py:161} INFO - Started process (PID=4966) to work on /home/airflow/.local/lib/python3.8/site-packages/airflow/example_dags/example_complex.py
[2024-10-01T00:33:54.957+0000] {processor.py:830} INFO - Processing file /home/airflow/.local/lib/python3.8/site-packages/airflow/example_dags/example_complex.py for tasks to queue
[2024-10-01T00:33:54.975+0000] {logging_mixin.py:188} INFO - [2024-10-01T00:33:54.971+0000] {dagbag.py:538} INFO - Filling up the DagBag from /home/airflow/.local/lib/python3.8/site-packages/airflow/example_dags/example_complex.py
[2024-10-01T00:33:55.127+0000] {processor.py:840} INFO - DAG(s) 'example_complex' retrieved from /home/airflow/.local/lib/python3.8/site-packages/airflow/example_dags/example_complex.py
[2024-10-01T00:33:55.477+0000] {logging_mixin.py:188} INFO - [2024-10-01T00:33:55.476+0000] {dag.py:3036} INFO - Sync 1 DAGs
[2024-10-01T00:33:55.615+0000] {logging_mixin.py:188} INFO - [2024-10-01T00:33:55.613+0000] {dag.py:3823} INFO - Setting next_dagrun for example_complex to None, run_after=None
[2024-10-01T00:33:55.770+0000] {processor.py:183} INFO - Processing /home/airflow/.local/lib/python3.8/site-packages/airflow/example_dags/example_complex.py took 0.851 seconds
[2024-10-01T00:34:26.188+0000] {processor.py:161} INFO - Started process (PID=5032) to work on /home/airflow/.local/lib/python3.8/site-packages/airflow/example_dags/example_complex.py
[2024-10-01T00:34:26.193+0000] {processor.py:830} INFO - Processing file /home/airflow/.local/lib/python3.8/site-packages/airflow/example_dags/example_complex.py for tasks to queue
[2024-10-01T00:34:26.200+0000] {logging_mixin.py:188} INFO - [2024-10-01T00:34:26.199+0000] {dagbag.py:538} INFO - Filling up the DagBag from /home/airflow/.local/lib/python3.8/site-packages/airflow/example_dags/example_complex.py
[2024-10-01T00:34:26.242+0000] {processor.py:840} INFO - DAG(s) 'example_complex' retrieved from /home/airflow/.local/lib/python3.8/site-packages/airflow/example_dags/example_complex.py
[2024-10-01T00:34:26.351+0000] {logging_mixin.py:188} INFO - [2024-10-01T00:34:26.350+0000] {dag.py:3036} INFO - Sync 1 DAGs
[2024-10-01T00:34:26.393+0000] {logging_mixin.py:188} INFO - [2024-10-01T00:34:26.392+0000] {dag.py:3823} INFO - Setting next_dagrun for example_complex to None, run_after=None
[2024-10-01T00:34:26.476+0000] {processor.py:183} INFO - Processing /home/airflow/.local/lib/python3.8/site-packages/airflow/example_dags/example_complex.py took 0.301 seconds
