[2024-10-01T00:00:22.121+0000] {processor.py:161} INFO - Started process (PID=788) to work on /home/airflow/.local/lib/python3.8/site-packages/airflow/example_dags/example_short_circuit_decorator.py
[2024-10-01T00:00:22.122+0000] {processor.py:830} INFO - Processing file /home/airflow/.local/lib/python3.8/site-packages/airflow/example_dags/example_short_circuit_decorator.py for tasks to queue
[2024-10-01T00:00:22.125+0000] {logging_mixin.py:188} INFO - [2024-10-01T00:00:22.124+0000] {dagbag.py:538} INFO - Filling up the DagBag from /home/airflow/.local/lib/python3.8/site-packages/airflow/example_dags/example_short_circuit_decorator.py
[2024-10-01T00:00:22.140+0000] {processor.py:840} INFO - DAG(s) 'example_short_circuit_decorator' retrieved from /home/airflow/.local/lib/python3.8/site-packages/airflow/example_dags/example_short_circuit_decorator.py
[2024-10-01T00:00:22.179+0000] {logging_mixin.py:188} INFO - [2024-10-01T00:00:22.179+0000] {dag.py:3036} INFO - Sync 1 DAGs
[2024-10-01T00:00:22.218+0000] {logging_mixin.py:188} INFO - [2024-10-01T00:00:22.218+0000] {dag.py:3823} INFO - Setting next_dagrun for example_short_circuit_decorator to 2024-09-30 00:00:00+00:00, run_after=2024-10-01 00:00:00+00:00
[2024-10-01T00:00:22.251+0000] {processor.py:183} INFO - Processing /home/airflow/.local/lib/python3.8/site-packages/airflow/example_dags/example_short_circuit_decorator.py took 0.136 seconds
[2024-10-01T00:00:52.771+0000] {processor.py:161} INFO - Started process (PID=854) to work on /home/airflow/.local/lib/python3.8/site-packages/airflow/example_dags/example_short_circuit_decorator.py
[2024-10-01T00:00:52.775+0000] {processor.py:830} INFO - Processing file /home/airflow/.local/lib/python3.8/site-packages/airflow/example_dags/example_short_circuit_decorator.py for tasks to queue
[2024-10-01T00:00:52.781+0000] {logging_mixin.py:188} INFO - [2024-10-01T00:00:52.780+0000] {dagbag.py:538} INFO - Filling up the DagBag from /home/airflow/.local/lib/python3.8/site-packages/airflow/example_dags/example_short_circuit_decorator.py
[2024-10-01T00:00:52.816+0000] {processor.py:840} INFO - DAG(s) 'example_short_circuit_decorator' retrieved from /home/airflow/.local/lib/python3.8/site-packages/airflow/example_dags/example_short_circuit_decorator.py
[2024-10-01T00:00:52.901+0000] {logging_mixin.py:188} INFO - [2024-10-01T00:00:52.901+0000] {dag.py:3036} INFO - Sync 1 DAGs
[2024-10-01T00:00:53.006+0000] {logging_mixin.py:188} INFO - [2024-10-01T00:00:53.005+0000] {dag.py:3823} INFO - Setting next_dagrun for example_short_circuit_decorator to 2024-09-30 00:00:00+00:00, run_after=2024-10-01 00:00:00+00:00
[2024-10-01T00:00:53.086+0000] {processor.py:183} INFO - Processing /home/airflow/.local/lib/python3.8/site-packages/airflow/example_dags/example_short_circuit_decorator.py took 0.327 seconds
[2024-10-01T00:01:23.439+0000] {processor.py:161} INFO - Started process (PID=920) to work on /home/airflow/.local/lib/python3.8/site-packages/airflow/example_dags/example_short_circuit_decorator.py
[2024-10-01T00:01:23.442+0000] {processor.py:830} INFO - Processing file /home/airflow/.local/lib/python3.8/site-packages/airflow/example_dags/example_short_circuit_decorator.py for tasks to queue
[2024-10-01T00:01:23.447+0000] {logging_mixin.py:188} INFO - [2024-10-01T00:01:23.447+0000] {dagbag.py:538} INFO - Filling up the DagBag from /home/airflow/.local/lib/python3.8/site-packages/airflow/example_dags/example_short_circuit_decorator.py
[2024-10-01T00:01:23.477+0000] {processor.py:840} INFO - DAG(s) 'example_short_circuit_decorator' retrieved from /home/airflow/.local/lib/python3.8/site-packages/airflow/example_dags/example_short_circuit_decorator.py
[2024-10-01T00:01:23.561+0000] {logging_mixin.py:188} INFO - [2024-10-01T00:01:23.560+0000] {dag.py:3036} INFO - Sync 1 DAGs
[2024-10-01T00:01:23.645+0000] {logging_mixin.py:188} INFO - [2024-10-01T00:01:23.644+0000] {dag.py:3823} INFO - Setting next_dagrun for example_short_circuit_decorator to 2024-09-30 00:00:00+00:00, run_after=2024-10-01 00:00:00+00:00
[2024-10-01T00:01:23.722+0000] {processor.py:183} INFO - Processing /home/airflow/.local/lib/python3.8/site-packages/airflow/example_dags/example_short_circuit_decorator.py took 0.293 seconds
[2024-10-01T00:01:54.313+0000] {processor.py:161} INFO - Started process (PID=986) to work on /home/airflow/.local/lib/python3.8/site-packages/airflow/example_dags/example_short_circuit_decorator.py
[2024-10-01T00:01:54.318+0000] {processor.py:830} INFO - Processing file /home/airflow/.local/lib/python3.8/site-packages/airflow/example_dags/example_short_circuit_decorator.py for tasks to queue
[2024-10-01T00:01:54.325+0000] {logging_mixin.py:188} INFO - [2024-10-01T00:01:54.324+0000] {dagbag.py:538} INFO - Filling up the DagBag from /home/airflow/.local/lib/python3.8/site-packages/airflow/example_dags/example_short_circuit_decorator.py
[2024-10-01T00:01:54.360+0000] {processor.py:840} INFO - DAG(s) 'example_short_circuit_decorator' retrieved from /home/airflow/.local/lib/python3.8/site-packages/airflow/example_dags/example_short_circuit_decorator.py
[2024-10-01T00:01:54.443+0000] {logging_mixin.py:188} INFO - [2024-10-01T00:01:54.442+0000] {dag.py:3036} INFO - Sync 1 DAGs
[2024-10-01T00:01:54.526+0000] {logging_mixin.py:188} INFO - [2024-10-01T00:01:54.525+0000] {dag.py:3823} INFO - Setting next_dagrun for example_short_circuit_decorator to 2024-09-30 00:00:00+00:00, run_after=2024-10-01 00:00:00+00:00
[2024-10-01T00:01:54.607+0000] {processor.py:183} INFO - Processing /home/airflow/.local/lib/python3.8/site-packages/airflow/example_dags/example_short_circuit_decorator.py took 0.306 seconds
[2024-10-01T00:02:24.846+0000] {processor.py:161} INFO - Started process (PID=1052) to work on /home/airflow/.local/lib/python3.8/site-packages/airflow/example_dags/example_short_circuit_decorator.py
[2024-10-01T00:02:24.857+0000] {processor.py:830} INFO - Processing file /home/airflow/.local/lib/python3.8/site-packages/airflow/example_dags/example_short_circuit_decorator.py for tasks to queue
[2024-10-01T00:02:24.862+0000] {logging_mixin.py:188} INFO - [2024-10-01T00:02:24.861+0000] {dagbag.py:538} INFO - Filling up the DagBag from /home/airflow/.local/lib/python3.8/site-packages/airflow/example_dags/example_short_circuit_decorator.py
[2024-10-01T00:02:24.888+0000] {processor.py:840} INFO - DAG(s) 'example_short_circuit_decorator' retrieved from /home/airflow/.local/lib/python3.8/site-packages/airflow/example_dags/example_short_circuit_decorator.py
[2024-10-01T00:02:24.957+0000] {logging_mixin.py:188} INFO - [2024-10-01T00:02:24.956+0000] {dag.py:3036} INFO - Sync 1 DAGs
[2024-10-01T00:02:25.023+0000] {logging_mixin.py:188} INFO - [2024-10-01T00:02:25.023+0000] {dag.py:3823} INFO - Setting next_dagrun for example_short_circuit_decorator to 2024-09-30 00:00:00+00:00, run_after=2024-10-01 00:00:00+00:00
[2024-10-01T00:02:25.078+0000] {processor.py:183} INFO - Processing /home/airflow/.local/lib/python3.8/site-packages/airflow/example_dags/example_short_circuit_decorator.py took 0.241 seconds
[2024-10-01T00:02:55.277+0000] {processor.py:161} INFO - Started process (PID=1118) to work on /home/airflow/.local/lib/python3.8/site-packages/airflow/example_dags/example_short_circuit_decorator.py
[2024-10-01T00:02:55.281+0000] {processor.py:830} INFO - Processing file /home/airflow/.local/lib/python3.8/site-packages/airflow/example_dags/example_short_circuit_decorator.py for tasks to queue
[2024-10-01T00:02:55.287+0000] {logging_mixin.py:188} INFO - [2024-10-01T00:02:55.286+0000] {dagbag.py:538} INFO - Filling up the DagBag from /home/airflow/.local/lib/python3.8/site-packages/airflow/example_dags/example_short_circuit_decorator.py
[2024-10-01T00:02:55.324+0000] {processor.py:840} INFO - DAG(s) 'example_short_circuit_decorator' retrieved from /home/airflow/.local/lib/python3.8/site-packages/airflow/example_dags/example_short_circuit_decorator.py
[2024-10-01T00:02:55.406+0000] {logging_mixin.py:188} INFO - [2024-10-01T00:02:55.405+0000] {dag.py:3036} INFO - Sync 1 DAGs
[2024-10-01T00:02:55.492+0000] {logging_mixin.py:188} INFO - [2024-10-01T00:02:55.492+0000] {dag.py:3823} INFO - Setting next_dagrun for example_short_circuit_decorator to 2024-09-30 00:00:00+00:00, run_after=2024-10-01 00:00:00+00:00
[2024-10-01T00:02:55.551+0000] {processor.py:183} INFO - Processing /home/airflow/.local/lib/python3.8/site-packages/airflow/example_dags/example_short_circuit_decorator.py took 0.284 seconds
[2024-10-01T00:03:25.659+0000] {processor.py:161} INFO - Started process (PID=1184) to work on /home/airflow/.local/lib/python3.8/site-packages/airflow/example_dags/example_short_circuit_decorator.py
[2024-10-01T00:03:25.662+0000] {processor.py:830} INFO - Processing file /home/airflow/.local/lib/python3.8/site-packages/airflow/example_dags/example_short_circuit_decorator.py for tasks to queue
[2024-10-01T00:03:25.667+0000] {logging_mixin.py:188} INFO - [2024-10-01T00:03:25.666+0000] {dagbag.py:538} INFO - Filling up the DagBag from /home/airflow/.local/lib/python3.8/site-packages/airflow/example_dags/example_short_circuit_decorator.py
[2024-10-01T00:03:25.694+0000] {processor.py:840} INFO - DAG(s) 'example_short_circuit_decorator' retrieved from /home/airflow/.local/lib/python3.8/site-packages/airflow/example_dags/example_short_circuit_decorator.py
[2024-10-01T00:03:25.758+0000] {logging_mixin.py:188} INFO - [2024-10-01T00:03:25.758+0000] {dag.py:3036} INFO - Sync 1 DAGs
[2024-10-01T00:03:25.826+0000] {logging_mixin.py:188} INFO - [2024-10-01T00:03:25.825+0000] {dag.py:3823} INFO - Setting next_dagrun for example_short_circuit_decorator to 2024-09-30 00:00:00+00:00, run_after=2024-10-01 00:00:00+00:00
[2024-10-01T00:03:25.883+0000] {processor.py:183} INFO - Processing /home/airflow/.local/lib/python3.8/site-packages/airflow/example_dags/example_short_circuit_decorator.py took 0.233 seconds
[2024-10-01T00:03:56.617+0000] {processor.py:161} INFO - Started process (PID=1250) to work on /home/airflow/.local/lib/python3.8/site-packages/airflow/example_dags/example_short_circuit_decorator.py
[2024-10-01T00:03:56.620+0000] {processor.py:830} INFO - Processing file /home/airflow/.local/lib/python3.8/site-packages/airflow/example_dags/example_short_circuit_decorator.py for tasks to queue
[2024-10-01T00:03:56.624+0000] {logging_mixin.py:188} INFO - [2024-10-01T00:03:56.623+0000] {dagbag.py:538} INFO - Filling up the DagBag from /home/airflow/.local/lib/python3.8/site-packages/airflow/example_dags/example_short_circuit_decorator.py
[2024-10-01T00:03:56.650+0000] {processor.py:840} INFO - DAG(s) 'example_short_circuit_decorator' retrieved from /home/airflow/.local/lib/python3.8/site-packages/airflow/example_dags/example_short_circuit_decorator.py
[2024-10-01T00:03:56.712+0000] {logging_mixin.py:188} INFO - [2024-10-01T00:03:56.711+0000] {dag.py:3036} INFO - Sync 1 DAGs
[2024-10-01T00:03:56.778+0000] {logging_mixin.py:188} INFO - [2024-10-01T00:03:56.777+0000] {dag.py:3823} INFO - Setting next_dagrun for example_short_circuit_decorator to 2024-09-30 00:00:00+00:00, run_after=2024-10-01 00:00:00+00:00
[2024-10-01T00:03:56.830+0000] {processor.py:183} INFO - Processing /home/airflow/.local/lib/python3.8/site-packages/airflow/example_dags/example_short_circuit_decorator.py took 0.223 seconds
[2024-10-01T00:04:27.046+0000] {processor.py:161} INFO - Started process (PID=1316) to work on /home/airflow/.local/lib/python3.8/site-packages/airflow/example_dags/example_short_circuit_decorator.py
[2024-10-01T00:04:27.049+0000] {processor.py:830} INFO - Processing file /home/airflow/.local/lib/python3.8/site-packages/airflow/example_dags/example_short_circuit_decorator.py for tasks to queue
[2024-10-01T00:04:27.054+0000] {logging_mixin.py:188} INFO - [2024-10-01T00:04:27.053+0000] {dagbag.py:538} INFO - Filling up the DagBag from /home/airflow/.local/lib/python3.8/site-packages/airflow/example_dags/example_short_circuit_decorator.py
[2024-10-01T00:04:27.079+0000] {processor.py:840} INFO - DAG(s) 'example_short_circuit_decorator' retrieved from /home/airflow/.local/lib/python3.8/site-packages/airflow/example_dags/example_short_circuit_decorator.py
[2024-10-01T00:04:27.141+0000] {logging_mixin.py:188} INFO - [2024-10-01T00:04:27.140+0000] {dag.py:3036} INFO - Sync 1 DAGs
[2024-10-01T00:04:27.203+0000] {logging_mixin.py:188} INFO - [2024-10-01T00:04:27.203+0000] {dag.py:3823} INFO - Setting next_dagrun for example_short_circuit_decorator to 2024-09-30 00:00:00+00:00, run_after=2024-10-01 00:00:00+00:00
[2024-10-01T00:04:27.252+0000] {processor.py:183} INFO - Processing /home/airflow/.local/lib/python3.8/site-packages/airflow/example_dags/example_short_circuit_decorator.py took 0.215 seconds
[2024-10-01T00:05:01.035+0000] {processor.py:161} INFO - Started process (PID=1381) to work on /home/airflow/.local/lib/python3.8/site-packages/airflow/example_dags/example_short_circuit_decorator.py
[2024-10-01T00:05:01.043+0000] {processor.py:830} INFO - Processing file /home/airflow/.local/lib/python3.8/site-packages/airflow/example_dags/example_short_circuit_decorator.py for tasks to queue
[2024-10-01T00:05:01.062+0000] {logging_mixin.py:188} INFO - [2024-10-01T00:05:01.057+0000] {dagbag.py:538} INFO - Filling up the DagBag from /home/airflow/.local/lib/python3.8/site-packages/airflow/example_dags/example_short_circuit_decorator.py
[2024-10-01T00:05:01.172+0000] {processor.py:840} INFO - DAG(s) 'example_short_circuit_decorator' retrieved from /home/airflow/.local/lib/python3.8/site-packages/airflow/example_dags/example_short_circuit_decorator.py
[2024-10-01T00:05:01.468+0000] {logging_mixin.py:188} INFO - [2024-10-01T00:05:01.465+0000] {dag.py:3036} INFO - Sync 1 DAGs
[2024-10-01T00:05:02.083+0000] {logging_mixin.py:188} INFO - [2024-10-01T00:05:02.072+0000] {dag.py:3823} INFO - Setting next_dagrun for example_short_circuit_decorator to 2024-09-30 00:00:00+00:00, run_after=2024-10-01 00:00:00+00:00
[2024-10-01T00:05:02.409+0000] {processor.py:183} INFO - Processing /home/airflow/.local/lib/python3.8/site-packages/airflow/example_dags/example_short_circuit_decorator.py took 1.421 seconds
[2024-10-01T00:05:33.205+0000] {processor.py:161} INFO - Started process (PID=1440) to work on /home/airflow/.local/lib/python3.8/site-packages/airflow/example_dags/example_short_circuit_decorator.py
[2024-10-01T00:05:33.207+0000] {processor.py:830} INFO - Processing file /home/airflow/.local/lib/python3.8/site-packages/airflow/example_dags/example_short_circuit_decorator.py for tasks to queue
[2024-10-01T00:05:33.209+0000] {logging_mixin.py:188} INFO - [2024-10-01T00:05:33.209+0000] {dagbag.py:538} INFO - Filling up the DagBag from /home/airflow/.local/lib/python3.8/site-packages/airflow/example_dags/example_short_circuit_decorator.py
[2024-10-01T00:05:33.223+0000] {processor.py:840} INFO - DAG(s) 'example_short_circuit_decorator' retrieved from /home/airflow/.local/lib/python3.8/site-packages/airflow/example_dags/example_short_circuit_decorator.py
[2024-10-01T00:05:33.265+0000] {logging_mixin.py:188} INFO - [2024-10-01T00:05:33.264+0000] {dag.py:3036} INFO - Sync 1 DAGs
[2024-10-01T00:05:33.306+0000] {logging_mixin.py:188} INFO - [2024-10-01T00:05:33.306+0000] {dag.py:3823} INFO - Setting next_dagrun for example_short_circuit_decorator to 2024-09-30 00:00:00+00:00, run_after=2024-10-01 00:00:00+00:00
[2024-10-01T00:05:33.338+0000] {processor.py:183} INFO - Processing /home/airflow/.local/lib/python3.8/site-packages/airflow/example_dags/example_short_circuit_decorator.py took 0.138 seconds
[2024-10-01T00:06:03.864+0000] {processor.py:161} INFO - Started process (PID=1506) to work on /home/airflow/.local/lib/python3.8/site-packages/airflow/example_dags/example_short_circuit_decorator.py
[2024-10-01T00:06:03.869+0000] {processor.py:830} INFO - Processing file /home/airflow/.local/lib/python3.8/site-packages/airflow/example_dags/example_short_circuit_decorator.py for tasks to queue
[2024-10-01T00:06:03.871+0000] {logging_mixin.py:188} INFO - [2024-10-01T00:06:03.871+0000] {dagbag.py:538} INFO - Filling up the DagBag from /home/airflow/.local/lib/python3.8/site-packages/airflow/example_dags/example_short_circuit_decorator.py
[2024-10-01T00:06:03.887+0000] {processor.py:840} INFO - DAG(s) 'example_short_circuit_decorator' retrieved from /home/airflow/.local/lib/python3.8/site-packages/airflow/example_dags/example_short_circuit_decorator.py
[2024-10-01T00:06:03.925+0000] {logging_mixin.py:188} INFO - [2024-10-01T00:06:03.924+0000] {dag.py:3036} INFO - Sync 1 DAGs
[2024-10-01T00:06:03.961+0000] {logging_mixin.py:188} INFO - [2024-10-01T00:06:03.961+0000] {dag.py:3823} INFO - Setting next_dagrun for example_short_circuit_decorator to 2024-09-30 00:00:00+00:00, run_after=2024-10-01 00:00:00+00:00
[2024-10-01T00:06:03.990+0000] {processor.py:183} INFO - Processing /home/airflow/.local/lib/python3.8/site-packages/airflow/example_dags/example_short_circuit_decorator.py took 0.132 seconds
[2024-10-01T00:06:34.596+0000] {processor.py:161} INFO - Started process (PID=1572) to work on /home/airflow/.local/lib/python3.8/site-packages/airflow/example_dags/example_short_circuit_decorator.py
[2024-10-01T00:06:34.600+0000] {processor.py:830} INFO - Processing file /home/airflow/.local/lib/python3.8/site-packages/airflow/example_dags/example_short_circuit_decorator.py for tasks to queue
[2024-10-01T00:06:34.604+0000] {logging_mixin.py:188} INFO - [2024-10-01T00:06:34.603+0000] {dagbag.py:538} INFO - Filling up the DagBag from /home/airflow/.local/lib/python3.8/site-packages/airflow/example_dags/example_short_circuit_decorator.py
[2024-10-01T00:06:34.624+0000] {processor.py:840} INFO - DAG(s) 'example_short_circuit_decorator' retrieved from /home/airflow/.local/lib/python3.8/site-packages/airflow/example_dags/example_short_circuit_decorator.py
[2024-10-01T00:06:34.679+0000] {logging_mixin.py:188} INFO - [2024-10-01T00:06:34.678+0000] {dag.py:3036} INFO - Sync 1 DAGs
[2024-10-01T00:06:34.730+0000] {logging_mixin.py:188} INFO - [2024-10-01T00:06:34.729+0000] {dag.py:3823} INFO - Setting next_dagrun for example_short_circuit_decorator to 2024-09-30 00:00:00+00:00, run_after=2024-10-01 00:00:00+00:00
[2024-10-01T00:06:34.772+0000] {processor.py:183} INFO - Processing /home/airflow/.local/lib/python3.8/site-packages/airflow/example_dags/example_short_circuit_decorator.py took 0.183 seconds
[2024-10-01T00:07:05.448+0000] {processor.py:161} INFO - Started process (PID=1638) to work on /home/airflow/.local/lib/python3.8/site-packages/airflow/example_dags/example_short_circuit_decorator.py
[2024-10-01T00:07:05.451+0000] {processor.py:830} INFO - Processing file /home/airflow/.local/lib/python3.8/site-packages/airflow/example_dags/example_short_circuit_decorator.py for tasks to queue
[2024-10-01T00:07:05.454+0000] {logging_mixin.py:188} INFO - [2024-10-01T00:07:05.454+0000] {dagbag.py:538} INFO - Filling up the DagBag from /home/airflow/.local/lib/python3.8/site-packages/airflow/example_dags/example_short_circuit_decorator.py
[2024-10-01T00:07:05.475+0000] {processor.py:840} INFO - DAG(s) 'example_short_circuit_decorator' retrieved from /home/airflow/.local/lib/python3.8/site-packages/airflow/example_dags/example_short_circuit_decorator.py
[2024-10-01T00:07:05.528+0000] {logging_mixin.py:188} INFO - [2024-10-01T00:07:05.528+0000] {dag.py:3036} INFO - Sync 1 DAGs
[2024-10-01T00:07:05.576+0000] {logging_mixin.py:188} INFO - [2024-10-01T00:07:05.575+0000] {dag.py:3823} INFO - Setting next_dagrun for example_short_circuit_decorator to 2024-09-30 00:00:00+00:00, run_after=2024-10-01 00:00:00+00:00
[2024-10-01T00:07:05.617+0000] {processor.py:183} INFO - Processing /home/airflow/.local/lib/python3.8/site-packages/airflow/example_dags/example_short_circuit_decorator.py took 0.176 seconds
[2024-10-01T00:07:35.892+0000] {processor.py:161} INFO - Started process (PID=1705) to work on /home/airflow/.local/lib/python3.8/site-packages/airflow/example_dags/example_short_circuit_decorator.py
[2024-10-01T00:07:35.897+0000] {processor.py:830} INFO - Processing file /home/airflow/.local/lib/python3.8/site-packages/airflow/example_dags/example_short_circuit_decorator.py for tasks to queue
[2024-10-01T00:07:35.902+0000] {logging_mixin.py:188} INFO - [2024-10-01T00:07:35.901+0000] {dagbag.py:538} INFO - Filling up the DagBag from /home/airflow/.local/lib/python3.8/site-packages/airflow/example_dags/example_short_circuit_decorator.py
[2024-10-01T00:07:35.941+0000] {processor.py:840} INFO - DAG(s) 'example_short_circuit_decorator' retrieved from /home/airflow/.local/lib/python3.8/site-packages/airflow/example_dags/example_short_circuit_decorator.py
[2024-10-01T00:07:36.022+0000] {logging_mixin.py:188} INFO - [2024-10-01T00:07:36.021+0000] {dag.py:3036} INFO - Sync 1 DAGs
[2024-10-01T00:07:36.107+0000] {logging_mixin.py:188} INFO - [2024-10-01T00:07:36.106+0000] {dag.py:3823} INFO - Setting next_dagrun for example_short_circuit_decorator to 2024-09-30 00:00:00+00:00, run_after=2024-10-01 00:00:00+00:00
[2024-10-01T00:07:36.179+0000] {processor.py:183} INFO - Processing /home/airflow/.local/lib/python3.8/site-packages/airflow/example_dags/example_short_circuit_decorator.py took 0.301 seconds
[2024-10-01T00:08:06.236+0000] {processor.py:161} INFO - Started process (PID=1771) to work on /home/airflow/.local/lib/python3.8/site-packages/airflow/example_dags/example_short_circuit_decorator.py
[2024-10-01T00:08:06.242+0000] {processor.py:830} INFO - Processing file /home/airflow/.local/lib/python3.8/site-packages/airflow/example_dags/example_short_circuit_decorator.py for tasks to queue
[2024-10-01T00:08:06.245+0000] {logging_mixin.py:188} INFO - [2024-10-01T00:08:06.245+0000] {dagbag.py:538} INFO - Filling up the DagBag from /home/airflow/.local/lib/python3.8/site-packages/airflow/example_dags/example_short_circuit_decorator.py
[2024-10-01T00:08:06.268+0000] {processor.py:840} INFO - DAG(s) 'example_short_circuit_decorator' retrieved from /home/airflow/.local/lib/python3.8/site-packages/airflow/example_dags/example_short_circuit_decorator.py
[2024-10-01T00:08:06.324+0000] {logging_mixin.py:188} INFO - [2024-10-01T00:08:06.324+0000] {dag.py:3036} INFO - Sync 1 DAGs
[2024-10-01T00:08:06.380+0000] {logging_mixin.py:188} INFO - [2024-10-01T00:08:06.380+0000] {dag.py:3823} INFO - Setting next_dagrun for example_short_circuit_decorator to 2024-09-30 00:00:00+00:00, run_after=2024-10-01 00:00:00+00:00
[2024-10-01T00:08:06.428+0000] {processor.py:183} INFO - Processing /home/airflow/.local/lib/python3.8/site-packages/airflow/example_dags/example_short_circuit_decorator.py took 0.199 seconds
[2024-10-01T00:08:36.476+0000] {processor.py:161} INFO - Started process (PID=1837) to work on /home/airflow/.local/lib/python3.8/site-packages/airflow/example_dags/example_short_circuit_decorator.py
[2024-10-01T00:08:36.479+0000] {processor.py:830} INFO - Processing file /home/airflow/.local/lib/python3.8/site-packages/airflow/example_dags/example_short_circuit_decorator.py for tasks to queue
[2024-10-01T00:08:36.483+0000] {logging_mixin.py:188} INFO - [2024-10-01T00:08:36.482+0000] {dagbag.py:538} INFO - Filling up the DagBag from /home/airflow/.local/lib/python3.8/site-packages/airflow/example_dags/example_short_circuit_decorator.py
[2024-10-01T00:08:36.505+0000] {processor.py:840} INFO - DAG(s) 'example_short_circuit_decorator' retrieved from /home/airflow/.local/lib/python3.8/site-packages/airflow/example_dags/example_short_circuit_decorator.py
[2024-10-01T00:08:36.560+0000] {logging_mixin.py:188} INFO - [2024-10-01T00:08:36.560+0000] {dag.py:3036} INFO - Sync 1 DAGs
[2024-10-01T00:08:36.612+0000] {logging_mixin.py:188} INFO - [2024-10-01T00:08:36.611+0000] {dag.py:3823} INFO - Setting next_dagrun for example_short_circuit_decorator to 2024-09-30 00:00:00+00:00, run_after=2024-10-01 00:00:00+00:00
[2024-10-01T00:08:36.655+0000] {processor.py:183} INFO - Processing /home/airflow/.local/lib/python3.8/site-packages/airflow/example_dags/example_short_circuit_decorator.py took 0.187 seconds
[2024-10-01T00:09:07.315+0000] {processor.py:161} INFO - Started process (PID=1903) to work on /home/airflow/.local/lib/python3.8/site-packages/airflow/example_dags/example_short_circuit_decorator.py
[2024-10-01T00:09:07.320+0000] {processor.py:830} INFO - Processing file /home/airflow/.local/lib/python3.8/site-packages/airflow/example_dags/example_short_circuit_decorator.py for tasks to queue
[2024-10-01T00:09:07.327+0000] {logging_mixin.py:188} INFO - [2024-10-01T00:09:07.326+0000] {dagbag.py:538} INFO - Filling up the DagBag from /home/airflow/.local/lib/python3.8/site-packages/airflow/example_dags/example_short_circuit_decorator.py
[2024-10-01T00:09:07.367+0000] {processor.py:840} INFO - DAG(s) 'example_short_circuit_decorator' retrieved from /home/airflow/.local/lib/python3.8/site-packages/airflow/example_dags/example_short_circuit_decorator.py
[2024-10-01T00:09:07.485+0000] {logging_mixin.py:188} INFO - [2024-10-01T00:09:07.484+0000] {dag.py:3036} INFO - Sync 1 DAGs
[2024-10-01T00:09:07.611+0000] {logging_mixin.py:188} INFO - [2024-10-01T00:09:07.611+0000] {dag.py:3823} INFO - Setting next_dagrun for example_short_circuit_decorator to 2024-09-30 00:00:00+00:00, run_after=2024-10-01 00:00:00+00:00
[2024-10-01T00:09:07.712+0000] {processor.py:183} INFO - Processing /home/airflow/.local/lib/python3.8/site-packages/airflow/example_dags/example_short_circuit_decorator.py took 0.415 seconds
[2024-10-01T00:09:38.121+0000] {processor.py:161} INFO - Started process (PID=1967) to work on /home/airflow/.local/lib/python3.8/site-packages/airflow/example_dags/example_short_circuit_decorator.py
[2024-10-01T00:09:38.123+0000] {processor.py:830} INFO - Processing file /home/airflow/.local/lib/python3.8/site-packages/airflow/example_dags/example_short_circuit_decorator.py for tasks to queue
[2024-10-01T00:09:38.126+0000] {logging_mixin.py:188} INFO - [2024-10-01T00:09:38.125+0000] {dagbag.py:538} INFO - Filling up the DagBag from /home/airflow/.local/lib/python3.8/site-packages/airflow/example_dags/example_short_circuit_decorator.py
[2024-10-01T00:09:38.144+0000] {processor.py:840} INFO - DAG(s) 'example_short_circuit_decorator' retrieved from /home/airflow/.local/lib/python3.8/site-packages/airflow/example_dags/example_short_circuit_decorator.py
[2024-10-01T00:09:38.189+0000] {logging_mixin.py:188} INFO - [2024-10-01T00:09:38.189+0000] {dag.py:3036} INFO - Sync 1 DAGs
[2024-10-01T00:09:38.233+0000] {logging_mixin.py:188} INFO - [2024-10-01T00:09:38.232+0000] {dag.py:3823} INFO - Setting next_dagrun for example_short_circuit_decorator to 2024-09-30 00:00:00+00:00, run_after=2024-10-01 00:00:00+00:00
[2024-10-01T00:09:38.268+0000] {processor.py:183} INFO - Processing /home/airflow/.local/lib/python3.8/site-packages/airflow/example_dags/example_short_circuit_decorator.py took 0.154 seconds
[2024-10-01T00:10:14.371+0000] {processor.py:161} INFO - Started process (PID=2026) to work on /home/airflow/.local/lib/python3.8/site-packages/airflow/example_dags/example_short_circuit_decorator.py
[2024-10-01T00:10:14.386+0000] {processor.py:830} INFO - Processing file /home/airflow/.local/lib/python3.8/site-packages/airflow/example_dags/example_short_circuit_decorator.py for tasks to queue
[2024-10-01T00:10:14.423+0000] {logging_mixin.py:188} INFO - [2024-10-01T00:10:14.418+0000] {dagbag.py:538} INFO - Filling up the DagBag from /home/airflow/.local/lib/python3.8/site-packages/airflow/example_dags/example_short_circuit_decorator.py
[2024-10-01T00:10:14.618+0000] {processor.py:840} INFO - DAG(s) 'example_short_circuit_decorator' retrieved from /home/airflow/.local/lib/python3.8/site-packages/airflow/example_dags/example_short_circuit_decorator.py
[2024-10-01T00:10:14.983+0000] {logging_mixin.py:188} INFO - [2024-10-01T00:10:14.978+0000] {dag.py:3036} INFO - Sync 1 DAGs
[2024-10-01T00:10:15.400+0000] {logging_mixin.py:188} INFO - [2024-10-01T00:10:15.389+0000] {dag.py:3823} INFO - Setting next_dagrun for example_short_circuit_decorator to 2024-09-30 00:00:00+00:00, run_after=2024-10-01 00:00:00+00:00
[2024-10-01T00:10:15.640+0000] {processor.py:183} INFO - Processing /home/airflow/.local/lib/python3.8/site-packages/airflow/example_dags/example_short_circuit_decorator.py took 1.337 seconds
[2024-10-01T00:10:56.492+0000] {processor.py:161} INFO - Started process (PID=2089) to work on /home/airflow/.local/lib/python3.8/site-packages/airflow/example_dags/example_short_circuit_decorator.py
[2024-10-01T00:10:56.503+0000] {processor.py:830} INFO - Processing file /home/airflow/.local/lib/python3.8/site-packages/airflow/example_dags/example_short_circuit_decorator.py for tasks to queue
[2024-10-01T00:10:56.524+0000] {logging_mixin.py:188} INFO - [2024-10-01T00:10:56.521+0000] {dagbag.py:538} INFO - Filling up the DagBag from /home/airflow/.local/lib/python3.8/site-packages/airflow/example_dags/example_short_circuit_decorator.py
[2024-10-01T00:10:56.637+0000] {processor.py:840} INFO - DAG(s) 'example_short_circuit_decorator' retrieved from /home/airflow/.local/lib/python3.8/site-packages/airflow/example_dags/example_short_circuit_decorator.py
[2024-10-01T00:10:56.907+0000] {logging_mixin.py:188} INFO - [2024-10-01T00:10:56.904+0000] {dag.py:3036} INFO - Sync 1 DAGs
[2024-10-01T00:10:57.349+0000] {logging_mixin.py:188} INFO - [2024-10-01T00:10:57.345+0000] {dag.py:3823} INFO - Setting next_dagrun for example_short_circuit_decorator to 2024-09-30 00:00:00+00:00, run_after=2024-10-01 00:00:00+00:00
[2024-10-01T00:10:57.684+0000] {processor.py:183} INFO - Processing /home/airflow/.local/lib/python3.8/site-packages/airflow/example_dags/example_short_circuit_decorator.py took 1.235 seconds
[2024-10-01T00:11:35.289+0000] {processor.py:161} INFO - Started process (PID=2152) to work on /home/airflow/.local/lib/python3.8/site-packages/airflow/example_dags/example_short_circuit_decorator.py
[2024-10-01T00:11:35.304+0000] {processor.py:830} INFO - Processing file /home/airflow/.local/lib/python3.8/site-packages/airflow/example_dags/example_short_circuit_decorator.py for tasks to queue
[2024-10-01T00:11:35.327+0000] {logging_mixin.py:188} INFO - [2024-10-01T00:11:35.324+0000] {dagbag.py:538} INFO - Filling up the DagBag from /home/airflow/.local/lib/python3.8/site-packages/airflow/example_dags/example_short_circuit_decorator.py
[2024-10-01T00:11:35.493+0000] {processor.py:840} INFO - DAG(s) 'example_short_circuit_decorator' retrieved from /home/airflow/.local/lib/python3.8/site-packages/airflow/example_dags/example_short_circuit_decorator.py
[2024-10-01T00:11:35.722+0000] {logging_mixin.py:188} INFO - [2024-10-01T00:11:35.721+0000] {dag.py:3036} INFO - Sync 1 DAGs
[2024-10-01T00:11:35.922+0000] {logging_mixin.py:188} INFO - [2024-10-01T00:11:35.920+0000] {dag.py:3823} INFO - Setting next_dagrun for example_short_circuit_decorator to 2024-09-30 00:00:00+00:00, run_after=2024-10-01 00:00:00+00:00
[2024-10-01T00:11:36.072+0000] {processor.py:183} INFO - Processing /home/airflow/.local/lib/python3.8/site-packages/airflow/example_dags/example_short_circuit_decorator.py took 0.846 seconds
[2024-10-01T00:12:07.219+0000] {processor.py:161} INFO - Started process (PID=2217) to work on /home/airflow/.local/lib/python3.8/site-packages/airflow/example_dags/example_short_circuit_decorator.py
[2024-10-01T00:12:07.252+0000] {processor.py:830} INFO - Processing file /home/airflow/.local/lib/python3.8/site-packages/airflow/example_dags/example_short_circuit_decorator.py for tasks to queue
[2024-10-01T00:12:07.287+0000] {logging_mixin.py:188} INFO - [2024-10-01T00:12:07.283+0000] {dagbag.py:538} INFO - Filling up the DagBag from /home/airflow/.local/lib/python3.8/site-packages/airflow/example_dags/example_short_circuit_decorator.py
[2024-10-01T00:12:07.462+0000] {processor.py:840} INFO - DAG(s) 'example_short_circuit_decorator' retrieved from /home/airflow/.local/lib/python3.8/site-packages/airflow/example_dags/example_short_circuit_decorator.py
[2024-10-01T00:12:07.861+0000] {logging_mixin.py:188} INFO - [2024-10-01T00:12:07.859+0000] {dag.py:3036} INFO - Sync 1 DAGs
[2024-10-01T00:12:08.208+0000] {logging_mixin.py:188} INFO - [2024-10-01T00:12:08.205+0000] {dag.py:3823} INFO - Setting next_dagrun for example_short_circuit_decorator to 2024-09-30 00:00:00+00:00, run_after=2024-10-01 00:00:00+00:00
[2024-10-01T00:12:08.439+0000] {processor.py:183} INFO - Processing /home/airflow/.local/lib/python3.8/site-packages/airflow/example_dags/example_short_circuit_decorator.py took 1.251 seconds
[2024-10-01T00:12:39.449+0000] {processor.py:161} INFO - Started process (PID=2276) to work on /home/airflow/.local/lib/python3.8/site-packages/airflow/example_dags/example_short_circuit_decorator.py
[2024-10-01T00:12:39.451+0000] {processor.py:830} INFO - Processing file /home/airflow/.local/lib/python3.8/site-packages/airflow/example_dags/example_short_circuit_decorator.py for tasks to queue
[2024-10-01T00:12:39.454+0000] {logging_mixin.py:188} INFO - [2024-10-01T00:12:39.454+0000] {dagbag.py:538} INFO - Filling up the DagBag from /home/airflow/.local/lib/python3.8/site-packages/airflow/example_dags/example_short_circuit_decorator.py
[2024-10-01T00:12:39.475+0000] {processor.py:840} INFO - DAG(s) 'example_short_circuit_decorator' retrieved from /home/airflow/.local/lib/python3.8/site-packages/airflow/example_dags/example_short_circuit_decorator.py
[2024-10-01T00:12:39.533+0000] {logging_mixin.py:188} INFO - [2024-10-01T00:12:39.532+0000] {dag.py:3036} INFO - Sync 1 DAGs
[2024-10-01T00:12:39.587+0000] {logging_mixin.py:188} INFO - [2024-10-01T00:12:39.587+0000] {dag.py:3823} INFO - Setting next_dagrun for example_short_circuit_decorator to 2024-09-30 00:00:00+00:00, run_after=2024-10-01 00:00:00+00:00
[2024-10-01T00:12:39.630+0000] {processor.py:183} INFO - Processing /home/airflow/.local/lib/python3.8/site-packages/airflow/example_dags/example_short_circuit_decorator.py took 0.187 seconds
[2024-10-01T00:13:10.189+0000] {processor.py:161} INFO - Started process (PID=2342) to work on /home/airflow/.local/lib/python3.8/site-packages/airflow/example_dags/example_short_circuit_decorator.py
[2024-10-01T00:13:10.193+0000] {processor.py:830} INFO - Processing file /home/airflow/.local/lib/python3.8/site-packages/airflow/example_dags/example_short_circuit_decorator.py for tasks to queue
[2024-10-01T00:13:10.199+0000] {logging_mixin.py:188} INFO - [2024-10-01T00:13:10.198+0000] {dagbag.py:538} INFO - Filling up the DagBag from /home/airflow/.local/lib/python3.8/site-packages/airflow/example_dags/example_short_circuit_decorator.py
[2024-10-01T00:13:10.234+0000] {processor.py:840} INFO - DAG(s) 'example_short_circuit_decorator' retrieved from /home/airflow/.local/lib/python3.8/site-packages/airflow/example_dags/example_short_circuit_decorator.py
[2024-10-01T00:13:10.318+0000] {logging_mixin.py:188} INFO - [2024-10-01T00:13:10.317+0000] {dag.py:3036} INFO - Sync 1 DAGs
[2024-10-01T00:13:10.391+0000] {logging_mixin.py:188} INFO - [2024-10-01T00:13:10.391+0000] {dag.py:3823} INFO - Setting next_dagrun for example_short_circuit_decorator to 2024-09-30 00:00:00+00:00, run_after=2024-10-01 00:00:00+00:00
[2024-10-01T00:13:10.451+0000] {processor.py:183} INFO - Processing /home/airflow/.local/lib/python3.8/site-packages/airflow/example_dags/example_short_circuit_decorator.py took 0.275 seconds
[2024-10-01T00:13:41.175+0000] {processor.py:161} INFO - Started process (PID=2408) to work on /home/airflow/.local/lib/python3.8/site-packages/airflow/example_dags/example_short_circuit_decorator.py
[2024-10-01T00:13:41.180+0000] {processor.py:830} INFO - Processing file /home/airflow/.local/lib/python3.8/site-packages/airflow/example_dags/example_short_circuit_decorator.py for tasks to queue
[2024-10-01T00:13:41.183+0000] {logging_mixin.py:188} INFO - [2024-10-01T00:13:41.183+0000] {dagbag.py:538} INFO - Filling up the DagBag from /home/airflow/.local/lib/python3.8/site-packages/airflow/example_dags/example_short_circuit_decorator.py
[2024-10-01T00:13:41.203+0000] {processor.py:840} INFO - DAG(s) 'example_short_circuit_decorator' retrieved from /home/airflow/.local/lib/python3.8/site-packages/airflow/example_dags/example_short_circuit_decorator.py
[2024-10-01T00:13:41.252+0000] {logging_mixin.py:188} INFO - [2024-10-01T00:13:41.251+0000] {dag.py:3036} INFO - Sync 1 DAGs
[2024-10-01T00:13:41.297+0000] {logging_mixin.py:188} INFO - [2024-10-01T00:13:41.297+0000] {dag.py:3823} INFO - Setting next_dagrun for example_short_circuit_decorator to 2024-09-30 00:00:00+00:00, run_after=2024-10-01 00:00:00+00:00
[2024-10-01T00:13:41.336+0000] {processor.py:183} INFO - Processing /home/airflow/.local/lib/python3.8/site-packages/airflow/example_dags/example_short_circuit_decorator.py took 0.168 seconds
[2024-10-01T00:14:11.790+0000] {processor.py:161} INFO - Started process (PID=2474) to work on /home/airflow/.local/lib/python3.8/site-packages/airflow/example_dags/example_short_circuit_decorator.py
[2024-10-01T00:14:11.793+0000] {processor.py:830} INFO - Processing file /home/airflow/.local/lib/python3.8/site-packages/airflow/example_dags/example_short_circuit_decorator.py for tasks to queue
[2024-10-01T00:14:11.797+0000] {logging_mixin.py:188} INFO - [2024-10-01T00:14:11.796+0000] {dagbag.py:538} INFO - Filling up the DagBag from /home/airflow/.local/lib/python3.8/site-packages/airflow/example_dags/example_short_circuit_decorator.py
[2024-10-01T00:14:11.822+0000] {processor.py:840} INFO - DAG(s) 'example_short_circuit_decorator' retrieved from /home/airflow/.local/lib/python3.8/site-packages/airflow/example_dags/example_short_circuit_decorator.py
[2024-10-01T00:14:11.880+0000] {logging_mixin.py:188} INFO - [2024-10-01T00:14:11.880+0000] {dag.py:3036} INFO - Sync 1 DAGs
[2024-10-01T00:14:11.939+0000] {logging_mixin.py:188} INFO - [2024-10-01T00:14:11.939+0000] {dag.py:3823} INFO - Setting next_dagrun for example_short_circuit_decorator to 2024-09-30 00:00:00+00:00, run_after=2024-10-01 00:00:00+00:00
[2024-10-01T00:14:11.986+0000] {processor.py:183} INFO - Processing /home/airflow/.local/lib/python3.8/site-packages/airflow/example_dags/example_short_circuit_decorator.py took 0.206 seconds
[2024-10-01T00:14:42.115+0000] {processor.py:161} INFO - Started process (PID=2541) to work on /home/airflow/.local/lib/python3.8/site-packages/airflow/example_dags/example_short_circuit_decorator.py
[2024-10-01T00:14:42.117+0000] {processor.py:830} INFO - Processing file /home/airflow/.local/lib/python3.8/site-packages/airflow/example_dags/example_short_circuit_decorator.py for tasks to queue
[2024-10-01T00:14:42.120+0000] {logging_mixin.py:188} INFO - [2024-10-01T00:14:42.120+0000] {dagbag.py:538} INFO - Filling up the DagBag from /home/airflow/.local/lib/python3.8/site-packages/airflow/example_dags/example_short_circuit_decorator.py
[2024-10-01T00:14:42.137+0000] {processor.py:840} INFO - DAG(s) 'example_short_circuit_decorator' retrieved from /home/airflow/.local/lib/python3.8/site-packages/airflow/example_dags/example_short_circuit_decorator.py
[2024-10-01T00:14:42.181+0000] {logging_mixin.py:188} INFO - [2024-10-01T00:14:42.180+0000] {dag.py:3036} INFO - Sync 1 DAGs
[2024-10-01T00:14:42.224+0000] {logging_mixin.py:188} INFO - [2024-10-01T00:14:42.223+0000] {dag.py:3823} INFO - Setting next_dagrun for example_short_circuit_decorator to 2024-09-30 00:00:00+00:00, run_after=2024-10-01 00:00:00+00:00
[2024-10-01T00:14:42.260+0000] {processor.py:183} INFO - Processing /home/airflow/.local/lib/python3.8/site-packages/airflow/example_dags/example_short_circuit_decorator.py took 0.151 seconds
[2024-10-01T00:15:12.428+0000] {processor.py:161} INFO - Started process (PID=2607) to work on /home/airflow/.local/lib/python3.8/site-packages/airflow/example_dags/example_short_circuit_decorator.py
[2024-10-01T00:15:12.430+0000] {processor.py:830} INFO - Processing file /home/airflow/.local/lib/python3.8/site-packages/airflow/example_dags/example_short_circuit_decorator.py for tasks to queue
[2024-10-01T00:15:12.433+0000] {logging_mixin.py:188} INFO - [2024-10-01T00:15:12.433+0000] {dagbag.py:538} INFO - Filling up the DagBag from /home/airflow/.local/lib/python3.8/site-packages/airflow/example_dags/example_short_circuit_decorator.py
[2024-10-01T00:15:12.457+0000] {processor.py:840} INFO - DAG(s) 'example_short_circuit_decorator' retrieved from /home/airflow/.local/lib/python3.8/site-packages/airflow/example_dags/example_short_circuit_decorator.py
[2024-10-01T00:15:12.506+0000] {logging_mixin.py:188} INFO - [2024-10-01T00:15:12.506+0000] {dag.py:3036} INFO - Sync 1 DAGs
[2024-10-01T00:15:12.556+0000] {logging_mixin.py:188} INFO - [2024-10-01T00:15:12.556+0000] {dag.py:3823} INFO - Setting next_dagrun for example_short_circuit_decorator to 2024-09-30 00:00:00+00:00, run_after=2024-10-01 00:00:00+00:00
[2024-10-01T00:15:12.596+0000] {processor.py:183} INFO - Processing /home/airflow/.local/lib/python3.8/site-packages/airflow/example_dags/example_short_circuit_decorator.py took 0.175 seconds
[2024-10-01T00:15:49.253+0000] {processor.py:161} INFO - Started process (PID=2673) to work on /home/airflow/.local/lib/python3.8/site-packages/airflow/example_dags/example_short_circuit_decorator.py
[2024-10-01T00:15:49.260+0000] {processor.py:830} INFO - Processing file /home/airflow/.local/lib/python3.8/site-packages/airflow/example_dags/example_short_circuit_decorator.py for tasks to queue
[2024-10-01T00:15:49.272+0000] {logging_mixin.py:188} INFO - [2024-10-01T00:15:49.270+0000] {dagbag.py:538} INFO - Filling up the DagBag from /home/airflow/.local/lib/python3.8/site-packages/airflow/example_dags/example_short_circuit_decorator.py
[2024-10-01T00:15:49.369+0000] {processor.py:840} INFO - DAG(s) 'example_short_circuit_decorator' retrieved from /home/airflow/.local/lib/python3.8/site-packages/airflow/example_dags/example_short_circuit_decorator.py
[2024-10-01T00:15:49.567+0000] {logging_mixin.py:188} INFO - [2024-10-01T00:15:49.566+0000] {dag.py:3036} INFO - Sync 1 DAGs
[2024-10-01T00:15:49.797+0000] {logging_mixin.py:188} INFO - [2024-10-01T00:15:49.795+0000] {dag.py:3823} INFO - Setting next_dagrun for example_short_circuit_decorator to 2024-09-30 00:00:00+00:00, run_after=2024-10-01 00:00:00+00:00
[2024-10-01T00:15:49.940+0000] {processor.py:183} INFO - Processing /home/airflow/.local/lib/python3.8/site-packages/airflow/example_dags/example_short_circuit_decorator.py took 0.717 seconds
[2024-10-01T00:16:35.948+0000] {processor.py:161} INFO - Started process (PID=2747) to work on /home/airflow/.local/lib/python3.8/site-packages/airflow/example_dags/example_short_circuit_decorator.py
[2024-10-01T00:16:35.950+0000] {processor.py:830} INFO - Processing file /home/airflow/.local/lib/python3.8/site-packages/airflow/example_dags/example_short_circuit_decorator.py for tasks to queue
[2024-10-01T00:16:35.954+0000] {logging_mixin.py:188} INFO - [2024-10-01T00:16:35.953+0000] {dagbag.py:538} INFO - Filling up the DagBag from /home/airflow/.local/lib/python3.8/site-packages/airflow/example_dags/example_short_circuit_decorator.py
[2024-10-01T00:16:35.977+0000] {processor.py:840} INFO - DAG(s) 'example_short_circuit_decorator' retrieved from /home/airflow/.local/lib/python3.8/site-packages/airflow/example_dags/example_short_circuit_decorator.py
[2024-10-01T00:16:36.294+0000] {logging_mixin.py:188} INFO - [2024-10-01T00:16:36.293+0000] {dag.py:3036} INFO - Sync 1 DAGs
[2024-10-01T00:16:36.381+0000] {logging_mixin.py:188} INFO - [2024-10-01T00:16:36.381+0000] {dag.py:3823} INFO - Setting next_dagrun for example_short_circuit_decorator to 2024-09-30 00:00:00+00:00, run_after=2024-10-01 00:00:00+00:00
[2024-10-01T00:16:36.464+0000] {processor.py:183} INFO - Processing /home/airflow/.local/lib/python3.8/site-packages/airflow/example_dags/example_short_circuit_decorator.py took 0.524 seconds
[2024-10-01T00:17:07.133+0000] {processor.py:161} INFO - Started process (PID=2814) to work on /home/airflow/.local/lib/python3.8/site-packages/airflow/example_dags/example_short_circuit_decorator.py
[2024-10-01T00:17:07.135+0000] {processor.py:830} INFO - Processing file /home/airflow/.local/lib/python3.8/site-packages/airflow/example_dags/example_short_circuit_decorator.py for tasks to queue
[2024-10-01T00:17:07.137+0000] {logging_mixin.py:188} INFO - [2024-10-01T00:17:07.137+0000] {dagbag.py:538} INFO - Filling up the DagBag from /home/airflow/.local/lib/python3.8/site-packages/airflow/example_dags/example_short_circuit_decorator.py
[2024-10-01T00:17:07.152+0000] {processor.py:840} INFO - DAG(s) 'example_short_circuit_decorator' retrieved from /home/airflow/.local/lib/python3.8/site-packages/airflow/example_dags/example_short_circuit_decorator.py
[2024-10-01T00:17:07.196+0000] {logging_mixin.py:188} INFO - [2024-10-01T00:17:07.196+0000] {dag.py:3036} INFO - Sync 1 DAGs
[2024-10-01T00:17:07.246+0000] {logging_mixin.py:188} INFO - [2024-10-01T00:17:07.245+0000] {dag.py:3823} INFO - Setting next_dagrun for example_short_circuit_decorator to 2024-09-30 00:00:00+00:00, run_after=2024-10-01 00:00:00+00:00
[2024-10-01T00:17:07.283+0000] {processor.py:183} INFO - Processing /home/airflow/.local/lib/python3.8/site-packages/airflow/example_dags/example_short_circuit_decorator.py took 0.155 seconds
[2024-10-01T00:17:37.628+0000] {processor.py:161} INFO - Started process (PID=2880) to work on /home/airflow/.local/lib/python3.8/site-packages/airflow/example_dags/example_short_circuit_decorator.py
[2024-10-01T00:17:37.630+0000] {processor.py:830} INFO - Processing file /home/airflow/.local/lib/python3.8/site-packages/airflow/example_dags/example_short_circuit_decorator.py for tasks to queue
[2024-10-01T00:17:37.633+0000] {logging_mixin.py:188} INFO - [2024-10-01T00:17:37.633+0000] {dagbag.py:538} INFO - Filling up the DagBag from /home/airflow/.local/lib/python3.8/site-packages/airflow/example_dags/example_short_circuit_decorator.py
[2024-10-01T00:17:37.652+0000] {processor.py:840} INFO - DAG(s) 'example_short_circuit_decorator' retrieved from /home/airflow/.local/lib/python3.8/site-packages/airflow/example_dags/example_short_circuit_decorator.py
[2024-10-01T00:17:37.711+0000] {logging_mixin.py:188} INFO - [2024-10-01T00:17:37.710+0000] {dag.py:3036} INFO - Sync 1 DAGs
[2024-10-01T00:17:37.761+0000] {logging_mixin.py:188} INFO - [2024-10-01T00:17:37.761+0000] {dag.py:3823} INFO - Setting next_dagrun for example_short_circuit_decorator to 2024-09-30 00:00:00+00:00, run_after=2024-10-01 00:00:00+00:00
[2024-10-01T00:17:37.794+0000] {processor.py:183} INFO - Processing /home/airflow/.local/lib/python3.8/site-packages/airflow/example_dags/example_short_circuit_decorator.py took 0.172 seconds
[2024-10-01T00:18:07.977+0000] {processor.py:161} INFO - Started process (PID=2946) to work on /home/airflow/.local/lib/python3.8/site-packages/airflow/example_dags/example_short_circuit_decorator.py
[2024-10-01T00:18:07.990+0000] {processor.py:830} INFO - Processing file /home/airflow/.local/lib/python3.8/site-packages/airflow/example_dags/example_short_circuit_decorator.py for tasks to queue
[2024-10-01T00:18:07.992+0000] {logging_mixin.py:188} INFO - [2024-10-01T00:18:07.992+0000] {dagbag.py:538} INFO - Filling up the DagBag from /home/airflow/.local/lib/python3.8/site-packages/airflow/example_dags/example_short_circuit_decorator.py
[2024-10-01T00:18:08.002+0000] {processor.py:840} INFO - DAG(s) 'example_short_circuit_decorator' retrieved from /home/airflow/.local/lib/python3.8/site-packages/airflow/example_dags/example_short_circuit_decorator.py
[2024-10-01T00:18:08.029+0000] {logging_mixin.py:188} INFO - [2024-10-01T00:18:08.029+0000] {dag.py:3036} INFO - Sync 1 DAGs
[2024-10-01T00:18:08.066+0000] {logging_mixin.py:188} INFO - [2024-10-01T00:18:08.065+0000] {dag.py:3823} INFO - Setting next_dagrun for example_short_circuit_decorator to 2024-09-30 00:00:00+00:00, run_after=2024-10-01 00:00:00+00:00
[2024-10-01T00:18:08.098+0000] {processor.py:183} INFO - Processing /home/airflow/.local/lib/python3.8/site-packages/airflow/example_dags/example_short_circuit_decorator.py took 0.124 seconds
[2024-10-01T00:18:38.253+0000] {processor.py:161} INFO - Started process (PID=3012) to work on /home/airflow/.local/lib/python3.8/site-packages/airflow/example_dags/example_short_circuit_decorator.py
[2024-10-01T00:18:38.255+0000] {processor.py:830} INFO - Processing file /home/airflow/.local/lib/python3.8/site-packages/airflow/example_dags/example_short_circuit_decorator.py for tasks to queue
[2024-10-01T00:18:38.257+0000] {logging_mixin.py:188} INFO - [2024-10-01T00:18:38.257+0000] {dagbag.py:538} INFO - Filling up the DagBag from /home/airflow/.local/lib/python3.8/site-packages/airflow/example_dags/example_short_circuit_decorator.py
[2024-10-01T00:18:38.269+0000] {processor.py:840} INFO - DAG(s) 'example_short_circuit_decorator' retrieved from /home/airflow/.local/lib/python3.8/site-packages/airflow/example_dags/example_short_circuit_decorator.py
[2024-10-01T00:18:38.308+0000] {logging_mixin.py:188} INFO - [2024-10-01T00:18:38.307+0000] {dag.py:3036} INFO - Sync 1 DAGs
[2024-10-01T00:18:38.348+0000] {logging_mixin.py:188} INFO - [2024-10-01T00:18:38.348+0000] {dag.py:3823} INFO - Setting next_dagrun for example_short_circuit_decorator to 2024-09-30 00:00:00+00:00, run_after=2024-10-01 00:00:00+00:00
[2024-10-01T00:18:38.384+0000] {processor.py:183} INFO - Processing /home/airflow/.local/lib/python3.8/site-packages/airflow/example_dags/example_short_circuit_decorator.py took 0.136 seconds
[2024-10-01T00:19:08.525+0000] {processor.py:161} INFO - Started process (PID=3087) to work on /home/airflow/.local/lib/python3.8/site-packages/airflow/example_dags/example_short_circuit_decorator.py
[2024-10-01T00:19:08.527+0000] {processor.py:830} INFO - Processing file /home/airflow/.local/lib/python3.8/site-packages/airflow/example_dags/example_short_circuit_decorator.py for tasks to queue
[2024-10-01T00:19:08.531+0000] {logging_mixin.py:188} INFO - [2024-10-01T00:19:08.530+0000] {dagbag.py:538} INFO - Filling up the DagBag from /home/airflow/.local/lib/python3.8/site-packages/airflow/example_dags/example_short_circuit_decorator.py
[2024-10-01T00:19:08.549+0000] {processor.py:840} INFO - DAG(s) 'example_short_circuit_decorator' retrieved from /home/airflow/.local/lib/python3.8/site-packages/airflow/example_dags/example_short_circuit_decorator.py
[2024-10-01T00:19:08.591+0000] {logging_mixin.py:188} INFO - [2024-10-01T00:19:08.591+0000] {dag.py:3036} INFO - Sync 1 DAGs
[2024-10-01T00:19:08.623+0000] {logging_mixin.py:188} INFO - [2024-10-01T00:19:08.622+0000] {dag.py:3823} INFO - Setting next_dagrun for example_short_circuit_decorator to 2024-09-30 00:00:00+00:00, run_after=2024-10-01 00:00:00+00:00
[2024-10-01T00:19:08.654+0000] {processor.py:183} INFO - Processing /home/airflow/.local/lib/python3.8/site-packages/airflow/example_dags/example_short_circuit_decorator.py took 0.135 seconds
[2024-10-01T00:19:38.934+0000] {processor.py:161} INFO - Started process (PID=3154) to work on /home/airflow/.local/lib/python3.8/site-packages/airflow/example_dags/example_short_circuit_decorator.py
[2024-10-01T00:19:38.936+0000] {processor.py:830} INFO - Processing file /home/airflow/.local/lib/python3.8/site-packages/airflow/example_dags/example_short_circuit_decorator.py for tasks to queue
[2024-10-01T00:19:38.940+0000] {logging_mixin.py:188} INFO - [2024-10-01T00:19:38.939+0000] {dagbag.py:538} INFO - Filling up the DagBag from /home/airflow/.local/lib/python3.8/site-packages/airflow/example_dags/example_short_circuit_decorator.py
[2024-10-01T00:19:38.962+0000] {processor.py:840} INFO - DAG(s) 'example_short_circuit_decorator' retrieved from /home/airflow/.local/lib/python3.8/site-packages/airflow/example_dags/example_short_circuit_decorator.py
[2024-10-01T00:19:39.020+0000] {logging_mixin.py:188} INFO - [2024-10-01T00:19:39.019+0000] {dag.py:3036} INFO - Sync 1 DAGs
[2024-10-01T00:19:39.067+0000] {logging_mixin.py:188} INFO - [2024-10-01T00:19:39.067+0000] {dag.py:3823} INFO - Setting next_dagrun for example_short_circuit_decorator to 2024-09-30 00:00:00+00:00, run_after=2024-10-01 00:00:00+00:00
[2024-10-01T00:19:39.115+0000] {processor.py:183} INFO - Processing /home/airflow/.local/lib/python3.8/site-packages/airflow/example_dags/example_short_circuit_decorator.py took 0.190 seconds
[2024-10-01T00:20:09.472+0000] {processor.py:161} INFO - Started process (PID=3220) to work on /home/airflow/.local/lib/python3.8/site-packages/airflow/example_dags/example_short_circuit_decorator.py
[2024-10-01T00:20:09.473+0000] {processor.py:830} INFO - Processing file /home/airflow/.local/lib/python3.8/site-packages/airflow/example_dags/example_short_circuit_decorator.py for tasks to queue
[2024-10-01T00:20:09.476+0000] {logging_mixin.py:188} INFO - [2024-10-01T00:20:09.476+0000] {dagbag.py:538} INFO - Filling up the DagBag from /home/airflow/.local/lib/python3.8/site-packages/airflow/example_dags/example_short_circuit_decorator.py
[2024-10-01T00:20:09.490+0000] {processor.py:840} INFO - DAG(s) 'example_short_circuit_decorator' retrieved from /home/airflow/.local/lib/python3.8/site-packages/airflow/example_dags/example_short_circuit_decorator.py
[2024-10-01T00:20:09.535+0000] {logging_mixin.py:188} INFO - [2024-10-01T00:20:09.535+0000] {dag.py:3036} INFO - Sync 1 DAGs
[2024-10-01T00:20:09.588+0000] {logging_mixin.py:188} INFO - [2024-10-01T00:20:09.587+0000] {dag.py:3823} INFO - Setting next_dagrun for example_short_circuit_decorator to 2024-09-30 00:00:00+00:00, run_after=2024-10-01 00:00:00+00:00
[2024-10-01T00:20:09.629+0000] {processor.py:183} INFO - Processing /home/airflow/.local/lib/python3.8/site-packages/airflow/example_dags/example_short_circuit_decorator.py took 0.163 seconds
[2024-10-01T00:20:40.365+0000] {processor.py:161} INFO - Started process (PID=3286) to work on /home/airflow/.local/lib/python3.8/site-packages/airflow/example_dags/example_short_circuit_decorator.py
[2024-10-01T00:20:40.367+0000] {processor.py:830} INFO - Processing file /home/airflow/.local/lib/python3.8/site-packages/airflow/example_dags/example_short_circuit_decorator.py for tasks to queue
[2024-10-01T00:20:40.369+0000] {logging_mixin.py:188} INFO - [2024-10-01T00:20:40.369+0000] {dagbag.py:538} INFO - Filling up the DagBag from /home/airflow/.local/lib/python3.8/site-packages/airflow/example_dags/example_short_circuit_decorator.py
[2024-10-01T00:20:40.384+0000] {processor.py:840} INFO - DAG(s) 'example_short_circuit_decorator' retrieved from /home/airflow/.local/lib/python3.8/site-packages/airflow/example_dags/example_short_circuit_decorator.py
[2024-10-01T00:20:40.425+0000] {logging_mixin.py:188} INFO - [2024-10-01T00:20:40.425+0000] {dag.py:3036} INFO - Sync 1 DAGs
[2024-10-01T00:20:40.468+0000] {logging_mixin.py:188} INFO - [2024-10-01T00:20:40.468+0000] {dag.py:3823} INFO - Setting next_dagrun for example_short_circuit_decorator to 2024-09-30 00:00:00+00:00, run_after=2024-10-01 00:00:00+00:00
[2024-10-01T00:20:40.502+0000] {processor.py:183} INFO - Processing /home/airflow/.local/lib/python3.8/site-packages/airflow/example_dags/example_short_circuit_decorator.py took 0.142 seconds
[2024-10-01T00:21:11.143+0000] {processor.py:161} INFO - Started process (PID=3352) to work on /home/airflow/.local/lib/python3.8/site-packages/airflow/example_dags/example_short_circuit_decorator.py
[2024-10-01T00:21:11.146+0000] {processor.py:830} INFO - Processing file /home/airflow/.local/lib/python3.8/site-packages/airflow/example_dags/example_short_circuit_decorator.py for tasks to queue
[2024-10-01T00:21:11.151+0000] {logging_mixin.py:188} INFO - [2024-10-01T00:21:11.150+0000] {dagbag.py:538} INFO - Filling up the DagBag from /home/airflow/.local/lib/python3.8/site-packages/airflow/example_dags/example_short_circuit_decorator.py
[2024-10-01T00:21:11.175+0000] {processor.py:840} INFO - DAG(s) 'example_short_circuit_decorator' retrieved from /home/airflow/.local/lib/python3.8/site-packages/airflow/example_dags/example_short_circuit_decorator.py
[2024-10-01T00:21:11.223+0000] {logging_mixin.py:188} INFO - [2024-10-01T00:21:11.222+0000] {dag.py:3036} INFO - Sync 1 DAGs
[2024-10-01T00:21:11.260+0000] {logging_mixin.py:188} INFO - [2024-10-01T00:21:11.260+0000] {dag.py:3823} INFO - Setting next_dagrun for example_short_circuit_decorator to 2024-09-30 00:00:00+00:00, run_after=2024-10-01 00:00:00+00:00
[2024-10-01T00:21:11.290+0000] {processor.py:183} INFO - Processing /home/airflow/.local/lib/python3.8/site-packages/airflow/example_dags/example_short_circuit_decorator.py took 0.157 seconds
[2024-10-01T00:21:41.899+0000] {processor.py:161} INFO - Started process (PID=3418) to work on /home/airflow/.local/lib/python3.8/site-packages/airflow/example_dags/example_short_circuit_decorator.py
[2024-10-01T00:21:41.901+0000] {processor.py:830} INFO - Processing file /home/airflow/.local/lib/python3.8/site-packages/airflow/example_dags/example_short_circuit_decorator.py for tasks to queue
[2024-10-01T00:21:41.903+0000] {logging_mixin.py:188} INFO - [2024-10-01T00:21:41.902+0000] {dagbag.py:538} INFO - Filling up the DagBag from /home/airflow/.local/lib/python3.8/site-packages/airflow/example_dags/example_short_circuit_decorator.py
[2024-10-01T00:21:41.916+0000] {processor.py:840} INFO - DAG(s) 'example_short_circuit_decorator' retrieved from /home/airflow/.local/lib/python3.8/site-packages/airflow/example_dags/example_short_circuit_decorator.py
[2024-10-01T00:21:41.951+0000] {logging_mixin.py:188} INFO - [2024-10-01T00:21:41.951+0000] {dag.py:3036} INFO - Sync 1 DAGs
[2024-10-01T00:21:41.990+0000] {logging_mixin.py:188} INFO - [2024-10-01T00:21:41.990+0000] {dag.py:3823} INFO - Setting next_dagrun for example_short_circuit_decorator to 2024-09-30 00:00:00+00:00, run_after=2024-10-01 00:00:00+00:00
[2024-10-01T00:21:42.020+0000] {processor.py:183} INFO - Processing /home/airflow/.local/lib/python3.8/site-packages/airflow/example_dags/example_short_circuit_decorator.py took 0.126 seconds
[2024-10-01T00:22:12.541+0000] {processor.py:161} INFO - Started process (PID=3484) to work on /home/airflow/.local/lib/python3.8/site-packages/airflow/example_dags/example_short_circuit_decorator.py
[2024-10-01T00:22:12.542+0000] {processor.py:830} INFO - Processing file /home/airflow/.local/lib/python3.8/site-packages/airflow/example_dags/example_short_circuit_decorator.py for tasks to queue
[2024-10-01T00:22:12.545+0000] {logging_mixin.py:188} INFO - [2024-10-01T00:22:12.545+0000] {dagbag.py:538} INFO - Filling up the DagBag from /home/airflow/.local/lib/python3.8/site-packages/airflow/example_dags/example_short_circuit_decorator.py
[2024-10-01T00:22:12.556+0000] {processor.py:840} INFO - DAG(s) 'example_short_circuit_decorator' retrieved from /home/airflow/.local/lib/python3.8/site-packages/airflow/example_dags/example_short_circuit_decorator.py
[2024-10-01T00:22:12.591+0000] {logging_mixin.py:188} INFO - [2024-10-01T00:22:12.591+0000] {dag.py:3036} INFO - Sync 1 DAGs
[2024-10-01T00:22:12.633+0000] {logging_mixin.py:188} INFO - [2024-10-01T00:22:12.632+0000] {dag.py:3823} INFO - Setting next_dagrun for example_short_circuit_decorator to 2024-09-30 00:00:00+00:00, run_after=2024-10-01 00:00:00+00:00
[2024-10-01T00:22:12.665+0000] {processor.py:183} INFO - Processing /home/airflow/.local/lib/python3.8/site-packages/airflow/example_dags/example_short_circuit_decorator.py took 0.127 seconds
[2024-10-01T00:22:43.069+0000] {processor.py:161} INFO - Started process (PID=3551) to work on /home/airflow/.local/lib/python3.8/site-packages/airflow/example_dags/example_short_circuit_decorator.py
[2024-10-01T00:22:43.071+0000] {processor.py:830} INFO - Processing file /home/airflow/.local/lib/python3.8/site-packages/airflow/example_dags/example_short_circuit_decorator.py for tasks to queue
[2024-10-01T00:22:43.073+0000] {logging_mixin.py:188} INFO - [2024-10-01T00:22:43.073+0000] {dagbag.py:538} INFO - Filling up the DagBag from /home/airflow/.local/lib/python3.8/site-packages/airflow/example_dags/example_short_circuit_decorator.py
[2024-10-01T00:22:43.088+0000] {processor.py:840} INFO - DAG(s) 'example_short_circuit_decorator' retrieved from /home/airflow/.local/lib/python3.8/site-packages/airflow/example_dags/example_short_circuit_decorator.py
[2024-10-01T00:22:43.138+0000] {logging_mixin.py:188} INFO - [2024-10-01T00:22:43.137+0000] {dag.py:3036} INFO - Sync 1 DAGs
[2024-10-01T00:22:43.215+0000] {logging_mixin.py:188} INFO - [2024-10-01T00:22:43.215+0000] {dag.py:3823} INFO - Setting next_dagrun for example_short_circuit_decorator to 2024-09-30 00:00:00+00:00, run_after=2024-10-01 00:00:00+00:00
[2024-10-01T00:22:43.265+0000] {processor.py:183} INFO - Processing /home/airflow/.local/lib/python3.8/site-packages/airflow/example_dags/example_short_circuit_decorator.py took 0.202 seconds
[2024-10-01T00:23:13.691+0000] {processor.py:161} INFO - Started process (PID=3618) to work on /home/airflow/.local/lib/python3.8/site-packages/airflow/example_dags/example_short_circuit_decorator.py
[2024-10-01T00:23:13.693+0000] {processor.py:830} INFO - Processing file /home/airflow/.local/lib/python3.8/site-packages/airflow/example_dags/example_short_circuit_decorator.py for tasks to queue
[2024-10-01T00:23:13.698+0000] {logging_mixin.py:188} INFO - [2024-10-01T00:23:13.697+0000] {dagbag.py:538} INFO - Filling up the DagBag from /home/airflow/.local/lib/python3.8/site-packages/airflow/example_dags/example_short_circuit_decorator.py
[2024-10-01T00:23:13.726+0000] {processor.py:840} INFO - DAG(s) 'example_short_circuit_decorator' retrieved from /home/airflow/.local/lib/python3.8/site-packages/airflow/example_dags/example_short_circuit_decorator.py
[2024-10-01T00:23:13.797+0000] {logging_mixin.py:188} INFO - [2024-10-01T00:23:13.797+0000] {dag.py:3036} INFO - Sync 1 DAGs
[2024-10-01T00:23:13.860+0000] {logging_mixin.py:188} INFO - [2024-10-01T00:23:13.860+0000] {dag.py:3823} INFO - Setting next_dagrun for example_short_circuit_decorator to 2024-09-30 00:00:00+00:00, run_after=2024-10-01 00:00:00+00:00
[2024-10-01T00:23:13.898+0000] {processor.py:183} INFO - Processing /home/airflow/.local/lib/python3.8/site-packages/airflow/example_dags/example_short_circuit_decorator.py took 0.214 seconds
[2024-10-01T00:23:44.084+0000] {processor.py:161} INFO - Started process (PID=3692) to work on /home/airflow/.local/lib/python3.8/site-packages/airflow/example_dags/example_short_circuit_decorator.py
[2024-10-01T00:23:44.087+0000] {processor.py:830} INFO - Processing file /home/airflow/.local/lib/python3.8/site-packages/airflow/example_dags/example_short_circuit_decorator.py for tasks to queue
[2024-10-01T00:23:44.091+0000] {logging_mixin.py:188} INFO - [2024-10-01T00:23:44.090+0000] {dagbag.py:538} INFO - Filling up the DagBag from /home/airflow/.local/lib/python3.8/site-packages/airflow/example_dags/example_short_circuit_decorator.py
[2024-10-01T00:23:44.113+0000] {processor.py:840} INFO - DAG(s) 'example_short_circuit_decorator' retrieved from /home/airflow/.local/lib/python3.8/site-packages/airflow/example_dags/example_short_circuit_decorator.py
[2024-10-01T00:23:44.176+0000] {logging_mixin.py:188} INFO - [2024-10-01T00:23:44.175+0000] {dag.py:3036} INFO - Sync 1 DAGs
[2024-10-01T00:23:44.238+0000] {logging_mixin.py:188} INFO - [2024-10-01T00:23:44.237+0000] {dag.py:3823} INFO - Setting next_dagrun for example_short_circuit_decorator to 2024-09-30 00:00:00+00:00, run_after=2024-10-01 00:00:00+00:00
[2024-10-01T00:23:44.283+0000] {processor.py:183} INFO - Processing /home/airflow/.local/lib/python3.8/site-packages/airflow/example_dags/example_short_circuit_decorator.py took 0.206 seconds
[2024-10-01T00:24:14.950+0000] {processor.py:161} INFO - Started process (PID=3750) to work on /home/airflow/.local/lib/python3.8/site-packages/airflow/example_dags/example_short_circuit_decorator.py
[2024-10-01T00:24:14.953+0000] {processor.py:830} INFO - Processing file /home/airflow/.local/lib/python3.8/site-packages/airflow/example_dags/example_short_circuit_decorator.py for tasks to queue
[2024-10-01T00:24:14.958+0000] {logging_mixin.py:188} INFO - [2024-10-01T00:24:14.957+0000] {dagbag.py:538} INFO - Filling up the DagBag from /home/airflow/.local/lib/python3.8/site-packages/airflow/example_dags/example_short_circuit_decorator.py
[2024-10-01T00:24:14.983+0000] {processor.py:840} INFO - DAG(s) 'example_short_circuit_decorator' retrieved from /home/airflow/.local/lib/python3.8/site-packages/airflow/example_dags/example_short_circuit_decorator.py
[2024-10-01T00:24:15.062+0000] {logging_mixin.py:188} INFO - [2024-10-01T00:24:15.061+0000] {dag.py:3036} INFO - Sync 1 DAGs
[2024-10-01T00:24:15.129+0000] {logging_mixin.py:188} INFO - [2024-10-01T00:24:15.128+0000] {dag.py:3823} INFO - Setting next_dagrun for example_short_circuit_decorator to 2024-09-30 00:00:00+00:00, run_after=2024-10-01 00:00:00+00:00
[2024-10-01T00:24:15.182+0000] {processor.py:183} INFO - Processing /home/airflow/.local/lib/python3.8/site-packages/airflow/example_dags/example_short_circuit_decorator.py took 0.242 seconds
[2024-10-01T00:24:45.571+0000] {processor.py:161} INFO - Started process (PID=3816) to work on /home/airflow/.local/lib/python3.8/site-packages/airflow/example_dags/example_short_circuit_decorator.py
[2024-10-01T00:24:45.574+0000] {processor.py:830} INFO - Processing file /home/airflow/.local/lib/python3.8/site-packages/airflow/example_dags/example_short_circuit_decorator.py for tasks to queue
[2024-10-01T00:24:45.578+0000] {logging_mixin.py:188} INFO - [2024-10-01T00:24:45.577+0000] {dagbag.py:538} INFO - Filling up the DagBag from /home/airflow/.local/lib/python3.8/site-packages/airflow/example_dags/example_short_circuit_decorator.py
[2024-10-01T00:24:45.604+0000] {processor.py:840} INFO - DAG(s) 'example_short_circuit_decorator' retrieved from /home/airflow/.local/lib/python3.8/site-packages/airflow/example_dags/example_short_circuit_decorator.py
[2024-10-01T00:24:45.664+0000] {logging_mixin.py:188} INFO - [2024-10-01T00:24:45.664+0000] {dag.py:3036} INFO - Sync 1 DAGs
[2024-10-01T00:24:45.721+0000] {logging_mixin.py:188} INFO - [2024-10-01T00:24:45.721+0000] {dag.py:3823} INFO - Setting next_dagrun for example_short_circuit_decorator to 2024-09-30 00:00:00+00:00, run_after=2024-10-01 00:00:00+00:00
[2024-10-01T00:24:45.773+0000] {processor.py:183} INFO - Processing /home/airflow/.local/lib/python3.8/site-packages/airflow/example_dags/example_short_circuit_decorator.py took 0.212 seconds
[2024-10-01T00:25:16.232+0000] {processor.py:161} INFO - Started process (PID=3882) to work on /home/airflow/.local/lib/python3.8/site-packages/airflow/example_dags/example_short_circuit_decorator.py
[2024-10-01T00:25:16.236+0000] {processor.py:830} INFO - Processing file /home/airflow/.local/lib/python3.8/site-packages/airflow/example_dags/example_short_circuit_decorator.py for tasks to queue
[2024-10-01T00:25:16.241+0000] {logging_mixin.py:188} INFO - [2024-10-01T00:25:16.240+0000] {dagbag.py:538} INFO - Filling up the DagBag from /home/airflow/.local/lib/python3.8/site-packages/airflow/example_dags/example_short_circuit_decorator.py
[2024-10-01T00:25:16.269+0000] {processor.py:840} INFO - DAG(s) 'example_short_circuit_decorator' retrieved from /home/airflow/.local/lib/python3.8/site-packages/airflow/example_dags/example_short_circuit_decorator.py
[2024-10-01T00:25:16.335+0000] {logging_mixin.py:188} INFO - [2024-10-01T00:25:16.335+0000] {dag.py:3036} INFO - Sync 1 DAGs
[2024-10-01T00:25:16.403+0000] {logging_mixin.py:188} INFO - [2024-10-01T00:25:16.403+0000] {dag.py:3823} INFO - Setting next_dagrun for example_short_circuit_decorator to 2024-09-30 00:00:00+00:00, run_after=2024-10-01 00:00:00+00:00
[2024-10-01T00:25:16.462+0000] {processor.py:183} INFO - Processing /home/airflow/.local/lib/python3.8/site-packages/airflow/example_dags/example_short_circuit_decorator.py took 0.241 seconds
[2024-10-01T00:25:46.689+0000] {processor.py:161} INFO - Started process (PID=3948) to work on /home/airflow/.local/lib/python3.8/site-packages/airflow/example_dags/example_short_circuit_decorator.py
[2024-10-01T00:25:46.691+0000] {processor.py:830} INFO - Processing file /home/airflow/.local/lib/python3.8/site-packages/airflow/example_dags/example_short_circuit_decorator.py for tasks to queue
[2024-10-01T00:25:46.695+0000] {logging_mixin.py:188} INFO - [2024-10-01T00:25:46.694+0000] {dagbag.py:538} INFO - Filling up the DagBag from /home/airflow/.local/lib/python3.8/site-packages/airflow/example_dags/example_short_circuit_decorator.py
[2024-10-01T00:25:46.714+0000] {processor.py:840} INFO - DAG(s) 'example_short_circuit_decorator' retrieved from /home/airflow/.local/lib/python3.8/site-packages/airflow/example_dags/example_short_circuit_decorator.py
[2024-10-01T00:25:46.765+0000] {logging_mixin.py:188} INFO - [2024-10-01T00:25:46.765+0000] {dag.py:3036} INFO - Sync 1 DAGs
[2024-10-01T00:25:46.818+0000] {logging_mixin.py:188} INFO - [2024-10-01T00:25:46.817+0000] {dag.py:3823} INFO - Setting next_dagrun for example_short_circuit_decorator to 2024-09-30 00:00:00+00:00, run_after=2024-10-01 00:00:00+00:00
[2024-10-01T00:25:46.871+0000] {processor.py:183} INFO - Processing /home/airflow/.local/lib/python3.8/site-packages/airflow/example_dags/example_short_circuit_decorator.py took 0.190 seconds
[2024-10-01T00:26:17.180+0000] {processor.py:161} INFO - Started process (PID=4014) to work on /home/airflow/.local/lib/python3.8/site-packages/airflow/example_dags/example_short_circuit_decorator.py
[2024-10-01T00:26:17.182+0000] {processor.py:830} INFO - Processing file /home/airflow/.local/lib/python3.8/site-packages/airflow/example_dags/example_short_circuit_decorator.py for tasks to queue
[2024-10-01T00:26:17.184+0000] {logging_mixin.py:188} INFO - [2024-10-01T00:26:17.184+0000] {dagbag.py:538} INFO - Filling up the DagBag from /home/airflow/.local/lib/python3.8/site-packages/airflow/example_dags/example_short_circuit_decorator.py
[2024-10-01T00:26:17.198+0000] {processor.py:840} INFO - DAG(s) 'example_short_circuit_decorator' retrieved from /home/airflow/.local/lib/python3.8/site-packages/airflow/example_dags/example_short_circuit_decorator.py
[2024-10-01T00:26:17.234+0000] {logging_mixin.py:188} INFO - [2024-10-01T00:26:17.234+0000] {dag.py:3036} INFO - Sync 1 DAGs
[2024-10-01T00:26:17.270+0000] {logging_mixin.py:188} INFO - [2024-10-01T00:26:17.269+0000] {dag.py:3823} INFO - Setting next_dagrun for example_short_circuit_decorator to 2024-09-30 00:00:00+00:00, run_after=2024-10-01 00:00:00+00:00
[2024-10-01T00:26:17.300+0000] {processor.py:183} INFO - Processing /home/airflow/.local/lib/python3.8/site-packages/airflow/example_dags/example_short_circuit_decorator.py took 0.125 seconds
[2024-10-01T00:26:47.750+0000] {processor.py:161} INFO - Started process (PID=4080) to work on /home/airflow/.local/lib/python3.8/site-packages/airflow/example_dags/example_short_circuit_decorator.py
[2024-10-01T00:26:47.754+0000] {processor.py:830} INFO - Processing file /home/airflow/.local/lib/python3.8/site-packages/airflow/example_dags/example_short_circuit_decorator.py for tasks to queue
[2024-10-01T00:26:47.760+0000] {logging_mixin.py:188} INFO - [2024-10-01T00:26:47.759+0000] {dagbag.py:538} INFO - Filling up the DagBag from /home/airflow/.local/lib/python3.8/site-packages/airflow/example_dags/example_short_circuit_decorator.py
[2024-10-01T00:26:47.798+0000] {processor.py:840} INFO - DAG(s) 'example_short_circuit_decorator' retrieved from /home/airflow/.local/lib/python3.8/site-packages/airflow/example_dags/example_short_circuit_decorator.py
[2024-10-01T00:26:47.882+0000] {logging_mixin.py:188} INFO - [2024-10-01T00:26:47.882+0000] {dag.py:3036} INFO - Sync 1 DAGs
[2024-10-01T00:26:47.965+0000] {logging_mixin.py:188} INFO - [2024-10-01T00:26:47.964+0000] {dag.py:3823} INFO - Setting next_dagrun for example_short_circuit_decorator to 2024-09-30 00:00:00+00:00, run_after=2024-10-01 00:00:00+00:00
[2024-10-01T00:26:48.025+0000] {processor.py:183} INFO - Processing /home/airflow/.local/lib/python3.8/site-packages/airflow/example_dags/example_short_circuit_decorator.py took 0.289 seconds
[2024-10-01T00:27:19.018+0000] {processor.py:161} INFO - Started process (PID=4144) to work on /home/airflow/.local/lib/python3.8/site-packages/airflow/example_dags/example_short_circuit_decorator.py
[2024-10-01T00:27:19.025+0000] {processor.py:830} INFO - Processing file /home/airflow/.local/lib/python3.8/site-packages/airflow/example_dags/example_short_circuit_decorator.py for tasks to queue
[2024-10-01T00:27:19.029+0000] {logging_mixin.py:188} INFO - [2024-10-01T00:27:19.029+0000] {dagbag.py:538} INFO - Filling up the DagBag from /home/airflow/.local/lib/python3.8/site-packages/airflow/example_dags/example_short_circuit_decorator.py
[2024-10-01T00:27:19.056+0000] {processor.py:840} INFO - DAG(s) 'example_short_circuit_decorator' retrieved from /home/airflow/.local/lib/python3.8/site-packages/airflow/example_dags/example_short_circuit_decorator.py
[2024-10-01T00:27:19.123+0000] {logging_mixin.py:188} INFO - [2024-10-01T00:27:19.122+0000] {dag.py:3036} INFO - Sync 1 DAGs
[2024-10-01T00:27:19.186+0000] {logging_mixin.py:188} INFO - [2024-10-01T00:27:19.185+0000] {dag.py:3823} INFO - Setting next_dagrun for example_short_circuit_decorator to 2024-09-30 00:00:00+00:00, run_after=2024-10-01 00:00:00+00:00
[2024-10-01T00:27:19.238+0000] {processor.py:183} INFO - Processing /home/airflow/.local/lib/python3.8/site-packages/airflow/example_dags/example_short_circuit_decorator.py took 0.230 seconds
[2024-10-01T00:27:49.839+0000] {processor.py:161} INFO - Started process (PID=4210) to work on /home/airflow/.local/lib/python3.8/site-packages/airflow/example_dags/example_short_circuit_decorator.py
[2024-10-01T00:27:49.865+0000] {processor.py:830} INFO - Processing file /home/airflow/.local/lib/python3.8/site-packages/airflow/example_dags/example_short_circuit_decorator.py for tasks to queue
[2024-10-01T00:27:49.876+0000] {logging_mixin.py:188} INFO - [2024-10-01T00:27:49.874+0000] {dagbag.py:538} INFO - Filling up the DagBag from /home/airflow/.local/lib/python3.8/site-packages/airflow/example_dags/example_short_circuit_decorator.py
[2024-10-01T00:27:49.936+0000] {processor.py:840} INFO - DAG(s) 'example_short_circuit_decorator' retrieved from /home/airflow/.local/lib/python3.8/site-packages/airflow/example_dags/example_short_circuit_decorator.py
[2024-10-01T00:27:50.059+0000] {logging_mixin.py:188} INFO - [2024-10-01T00:27:50.058+0000] {dag.py:3036} INFO - Sync 1 DAGs
[2024-10-01T00:27:50.176+0000] {logging_mixin.py:188} INFO - [2024-10-01T00:27:50.175+0000] {dag.py:3823} INFO - Setting next_dagrun for example_short_circuit_decorator to 2024-09-30 00:00:00+00:00, run_after=2024-10-01 00:00:00+00:00
[2024-10-01T00:27:50.271+0000] {processor.py:183} INFO - Processing /home/airflow/.local/lib/python3.8/site-packages/airflow/example_dags/example_short_circuit_decorator.py took 0.454 seconds
[2024-10-01T00:28:20.368+0000] {processor.py:161} INFO - Started process (PID=4276) to work on /home/airflow/.local/lib/python3.8/site-packages/airflow/example_dags/example_short_circuit_decorator.py
[2024-10-01T00:28:20.371+0000] {processor.py:830} INFO - Processing file /home/airflow/.local/lib/python3.8/site-packages/airflow/example_dags/example_short_circuit_decorator.py for tasks to queue
[2024-10-01T00:28:20.375+0000] {logging_mixin.py:188} INFO - [2024-10-01T00:28:20.374+0000] {dagbag.py:538} INFO - Filling up the DagBag from /home/airflow/.local/lib/python3.8/site-packages/airflow/example_dags/example_short_circuit_decorator.py
[2024-10-01T00:28:20.399+0000] {processor.py:840} INFO - DAG(s) 'example_short_circuit_decorator' retrieved from /home/airflow/.local/lib/python3.8/site-packages/airflow/example_dags/example_short_circuit_decorator.py
[2024-10-01T00:28:20.459+0000] {logging_mixin.py:188} INFO - [2024-10-01T00:28:20.459+0000] {dag.py:3036} INFO - Sync 1 DAGs
[2024-10-01T00:28:20.514+0000] {logging_mixin.py:188} INFO - [2024-10-01T00:28:20.513+0000] {dag.py:3823} INFO - Setting next_dagrun for example_short_circuit_decorator to 2024-09-30 00:00:00+00:00, run_after=2024-10-01 00:00:00+00:00
[2024-10-01T00:28:20.556+0000] {processor.py:183} INFO - Processing /home/airflow/.local/lib/python3.8/site-packages/airflow/example_dags/example_short_circuit_decorator.py took 0.196 seconds
[2024-10-01T00:28:50.637+0000] {processor.py:161} INFO - Started process (PID=4338) to work on /home/airflow/.local/lib/python3.8/site-packages/airflow/example_dags/example_short_circuit_decorator.py
[2024-10-01T00:28:50.649+0000] {processor.py:830} INFO - Processing file /home/airflow/.local/lib/python3.8/site-packages/airflow/example_dags/example_short_circuit_decorator.py for tasks to queue
[2024-10-01T00:28:50.654+0000] {logging_mixin.py:188} INFO - [2024-10-01T00:28:50.653+0000] {dagbag.py:538} INFO - Filling up the DagBag from /home/airflow/.local/lib/python3.8/site-packages/airflow/example_dags/example_short_circuit_decorator.py
[2024-10-01T00:28:50.682+0000] {processor.py:840} INFO - DAG(s) 'example_short_circuit_decorator' retrieved from /home/airflow/.local/lib/python3.8/site-packages/airflow/example_dags/example_short_circuit_decorator.py
[2024-10-01T00:28:50.773+0000] {logging_mixin.py:188} INFO - [2024-10-01T00:28:50.772+0000] {dag.py:3036} INFO - Sync 1 DAGs
[2024-10-01T00:28:50.841+0000] {logging_mixin.py:188} INFO - [2024-10-01T00:28:50.840+0000] {dag.py:3823} INFO - Setting next_dagrun for example_short_circuit_decorator to 2024-09-30 00:00:00+00:00, run_after=2024-10-01 00:00:00+00:00
[2024-10-01T00:28:50.893+0000] {processor.py:183} INFO - Processing /home/airflow/.local/lib/python3.8/site-packages/airflow/example_dags/example_short_circuit_decorator.py took 0.267 seconds
[2024-10-01T00:29:21.341+0000] {processor.py:161} INFO - Started process (PID=4397) to work on /home/airflow/.local/lib/python3.8/site-packages/airflow/example_dags/example_short_circuit_decorator.py
[2024-10-01T00:29:21.344+0000] {processor.py:830} INFO - Processing file /home/airflow/.local/lib/python3.8/site-packages/airflow/example_dags/example_short_circuit_decorator.py for tasks to queue
[2024-10-01T00:29:21.348+0000] {logging_mixin.py:188} INFO - [2024-10-01T00:29:21.347+0000] {dagbag.py:538} INFO - Filling up the DagBag from /home/airflow/.local/lib/python3.8/site-packages/airflow/example_dags/example_short_circuit_decorator.py
[2024-10-01T00:29:21.371+0000] {processor.py:840} INFO - DAG(s) 'example_short_circuit_decorator' retrieved from /home/airflow/.local/lib/python3.8/site-packages/airflow/example_dags/example_short_circuit_decorator.py
[2024-10-01T00:29:21.424+0000] {logging_mixin.py:188} INFO - [2024-10-01T00:29:21.423+0000] {dag.py:3036} INFO - Sync 1 DAGs
[2024-10-01T00:29:21.482+0000] {logging_mixin.py:188} INFO - [2024-10-01T00:29:21.481+0000] {dag.py:3823} INFO - Setting next_dagrun for example_short_circuit_decorator to 2024-09-30 00:00:00+00:00, run_after=2024-10-01 00:00:00+00:00
[2024-10-01T00:29:21.532+0000] {processor.py:183} INFO - Processing /home/airflow/.local/lib/python3.8/site-packages/airflow/example_dags/example_short_circuit_decorator.py took 0.199 seconds
[2024-10-01T00:29:52.055+0000] {processor.py:161} INFO - Started process (PID=4463) to work on /home/airflow/.local/lib/python3.8/site-packages/airflow/example_dags/example_short_circuit_decorator.py
[2024-10-01T00:29:52.058+0000] {processor.py:830} INFO - Processing file /home/airflow/.local/lib/python3.8/site-packages/airflow/example_dags/example_short_circuit_decorator.py for tasks to queue
[2024-10-01T00:29:52.063+0000] {logging_mixin.py:188} INFO - [2024-10-01T00:29:52.062+0000] {dagbag.py:538} INFO - Filling up the DagBag from /home/airflow/.local/lib/python3.8/site-packages/airflow/example_dags/example_short_circuit_decorator.py
[2024-10-01T00:29:52.096+0000] {processor.py:840} INFO - DAG(s) 'example_short_circuit_decorator' retrieved from /home/airflow/.local/lib/python3.8/site-packages/airflow/example_dags/example_short_circuit_decorator.py
[2024-10-01T00:29:52.169+0000] {logging_mixin.py:188} INFO - [2024-10-01T00:29:52.169+0000] {dag.py:3036} INFO - Sync 1 DAGs
[2024-10-01T00:29:52.236+0000] {logging_mixin.py:188} INFO - [2024-10-01T00:29:52.235+0000] {dag.py:3823} INFO - Setting next_dagrun for example_short_circuit_decorator to 2024-09-30 00:00:00+00:00, run_after=2024-10-01 00:00:00+00:00
[2024-10-01T00:29:52.308+0000] {processor.py:183} INFO - Processing /home/airflow/.local/lib/python3.8/site-packages/airflow/example_dags/example_short_circuit_decorator.py took 0.263 seconds
[2024-10-01T00:30:22.950+0000] {processor.py:161} INFO - Started process (PID=4529) to work on /home/airflow/.local/lib/python3.8/site-packages/airflow/example_dags/example_short_circuit_decorator.py
[2024-10-01T00:30:22.952+0000] {processor.py:830} INFO - Processing file /home/airflow/.local/lib/python3.8/site-packages/airflow/example_dags/example_short_circuit_decorator.py for tasks to queue
[2024-10-01T00:30:22.956+0000] {logging_mixin.py:188} INFO - [2024-10-01T00:30:22.956+0000] {dagbag.py:538} INFO - Filling up the DagBag from /home/airflow/.local/lib/python3.8/site-packages/airflow/example_dags/example_short_circuit_decorator.py
[2024-10-01T00:30:22.978+0000] {processor.py:840} INFO - DAG(s) 'example_short_circuit_decorator' retrieved from /home/airflow/.local/lib/python3.8/site-packages/airflow/example_dags/example_short_circuit_decorator.py
[2024-10-01T00:30:23.033+0000] {logging_mixin.py:188} INFO - [2024-10-01T00:30:23.033+0000] {dag.py:3036} INFO - Sync 1 DAGs
[2024-10-01T00:30:23.087+0000] {logging_mixin.py:188} INFO - [2024-10-01T00:30:23.087+0000] {dag.py:3823} INFO - Setting next_dagrun for example_short_circuit_decorator to 2024-09-30 00:00:00+00:00, run_after=2024-10-01 00:00:00+00:00
[2024-10-01T00:30:23.132+0000] {processor.py:183} INFO - Processing /home/airflow/.local/lib/python3.8/site-packages/airflow/example_dags/example_short_circuit_decorator.py took 0.191 seconds
[2024-10-01T00:30:53.499+0000] {processor.py:161} INFO - Started process (PID=4595) to work on /home/airflow/.local/lib/python3.8/site-packages/airflow/example_dags/example_short_circuit_decorator.py
[2024-10-01T00:30:53.509+0000] {processor.py:830} INFO - Processing file /home/airflow/.local/lib/python3.8/site-packages/airflow/example_dags/example_short_circuit_decorator.py for tasks to queue
[2024-10-01T00:30:53.516+0000] {logging_mixin.py:188} INFO - [2024-10-01T00:30:53.515+0000] {dagbag.py:538} INFO - Filling up the DagBag from /home/airflow/.local/lib/python3.8/site-packages/airflow/example_dags/example_short_circuit_decorator.py
[2024-10-01T00:30:53.556+0000] {processor.py:840} INFO - DAG(s) 'example_short_circuit_decorator' retrieved from /home/airflow/.local/lib/python3.8/site-packages/airflow/example_dags/example_short_circuit_decorator.py
[2024-10-01T00:30:53.669+0000] {logging_mixin.py:188} INFO - [2024-10-01T00:30:53.668+0000] {dag.py:3036} INFO - Sync 1 DAGs
[2024-10-01T00:30:53.804+0000] {logging_mixin.py:188} INFO - [2024-10-01T00:30:53.802+0000] {dag.py:3823} INFO - Setting next_dagrun for example_short_circuit_decorator to 2024-09-30 00:00:00+00:00, run_after=2024-10-01 00:00:00+00:00
[2024-10-01T00:30:53.913+0000] {processor.py:183} INFO - Processing /home/airflow/.local/lib/python3.8/site-packages/airflow/example_dags/example_short_circuit_decorator.py took 0.428 seconds
[2024-10-01T00:31:24.953+0000] {processor.py:161} INFO - Started process (PID=4661) to work on /home/airflow/.local/lib/python3.8/site-packages/airflow/example_dags/example_short_circuit_decorator.py
[2024-10-01T00:31:24.961+0000] {processor.py:830} INFO - Processing file /home/airflow/.local/lib/python3.8/site-packages/airflow/example_dags/example_short_circuit_decorator.py for tasks to queue
[2024-10-01T00:31:24.972+0000] {logging_mixin.py:188} INFO - [2024-10-01T00:31:24.969+0000] {dagbag.py:538} INFO - Filling up the DagBag from /home/airflow/.local/lib/python3.8/site-packages/airflow/example_dags/example_short_circuit_decorator.py
[2024-10-01T00:31:25.063+0000] {processor.py:840} INFO - DAG(s) 'example_short_circuit_decorator' retrieved from /home/airflow/.local/lib/python3.8/site-packages/airflow/example_dags/example_short_circuit_decorator.py
[2024-10-01T00:31:25.283+0000] {logging_mixin.py:188} INFO - [2024-10-01T00:31:25.282+0000] {dag.py:3036} INFO - Sync 1 DAGs
[2024-10-01T00:31:25.484+0000] {logging_mixin.py:188} INFO - [2024-10-01T00:31:25.482+0000] {dag.py:3823} INFO - Setting next_dagrun for example_short_circuit_decorator to 2024-09-30 00:00:00+00:00, run_after=2024-10-01 00:00:00+00:00
[2024-10-01T00:31:25.598+0000] {processor.py:183} INFO - Processing /home/airflow/.local/lib/python3.8/site-packages/airflow/example_dags/example_short_circuit_decorator.py took 0.672 seconds
[2024-10-01T00:31:56.277+0000] {processor.py:161} INFO - Started process (PID=4726) to work on /home/airflow/.local/lib/python3.8/site-packages/airflow/example_dags/example_short_circuit_decorator.py
[2024-10-01T00:31:56.283+0000] {processor.py:830} INFO - Processing file /home/airflow/.local/lib/python3.8/site-packages/airflow/example_dags/example_short_circuit_decorator.py for tasks to queue
[2024-10-01T00:31:56.288+0000] {logging_mixin.py:188} INFO - [2024-10-01T00:31:56.287+0000] {dagbag.py:538} INFO - Filling up the DagBag from /home/airflow/.local/lib/python3.8/site-packages/airflow/example_dags/example_short_circuit_decorator.py
[2024-10-01T00:31:56.317+0000] {processor.py:840} INFO - DAG(s) 'example_short_circuit_decorator' retrieved from /home/airflow/.local/lib/python3.8/site-packages/airflow/example_dags/example_short_circuit_decorator.py
[2024-10-01T00:31:56.396+0000] {logging_mixin.py:188} INFO - [2024-10-01T00:31:56.395+0000] {dag.py:3036} INFO - Sync 1 DAGs
[2024-10-01T00:31:56.474+0000] {logging_mixin.py:188} INFO - [2024-10-01T00:31:56.474+0000] {dag.py:3823} INFO - Setting next_dagrun for example_short_circuit_decorator to 2024-09-30 00:00:00+00:00, run_after=2024-10-01 00:00:00+00:00
[2024-10-01T00:31:56.530+0000] {processor.py:183} INFO - Processing /home/airflow/.local/lib/python3.8/site-packages/airflow/example_dags/example_short_circuit_decorator.py took 0.263 seconds
[2024-10-01T00:32:27.366+0000] {processor.py:161} INFO - Started process (PID=4785) to work on /home/airflow/.local/lib/python3.8/site-packages/airflow/example_dags/example_short_circuit_decorator.py
[2024-10-01T00:32:27.369+0000] {processor.py:830} INFO - Processing file /home/airflow/.local/lib/python3.8/site-packages/airflow/example_dags/example_short_circuit_decorator.py for tasks to queue
[2024-10-01T00:32:27.374+0000] {logging_mixin.py:188} INFO - [2024-10-01T00:32:27.374+0000] {dagbag.py:538} INFO - Filling up the DagBag from /home/airflow/.local/lib/python3.8/site-packages/airflow/example_dags/example_short_circuit_decorator.py
[2024-10-01T00:32:27.402+0000] {processor.py:840} INFO - DAG(s) 'example_short_circuit_decorator' retrieved from /home/airflow/.local/lib/python3.8/site-packages/airflow/example_dags/example_short_circuit_decorator.py
[2024-10-01T00:32:27.479+0000] {logging_mixin.py:188} INFO - [2024-10-01T00:32:27.478+0000] {dag.py:3036} INFO - Sync 1 DAGs
[2024-10-01T00:32:27.549+0000] {logging_mixin.py:188} INFO - [2024-10-01T00:32:27.548+0000] {dag.py:3823} INFO - Setting next_dagrun for example_short_circuit_decorator to 2024-09-30 00:00:00+00:00, run_after=2024-10-01 00:00:00+00:00
[2024-10-01T00:32:27.611+0000] {processor.py:183} INFO - Processing /home/airflow/.local/lib/python3.8/site-packages/airflow/example_dags/example_short_circuit_decorator.py took 0.256 seconds
[2024-10-01T00:32:57.717+0000] {processor.py:161} INFO - Started process (PID=4851) to work on /home/airflow/.local/lib/python3.8/site-packages/airflow/example_dags/example_short_circuit_decorator.py
[2024-10-01T00:32:57.726+0000] {processor.py:830} INFO - Processing file /home/airflow/.local/lib/python3.8/site-packages/airflow/example_dags/example_short_circuit_decorator.py for tasks to queue
[2024-10-01T00:32:57.731+0000] {logging_mixin.py:188} INFO - [2024-10-01T00:32:57.730+0000] {dagbag.py:538} INFO - Filling up the DagBag from /home/airflow/.local/lib/python3.8/site-packages/airflow/example_dags/example_short_circuit_decorator.py
[2024-10-01T00:32:57.755+0000] {processor.py:840} INFO - DAG(s) 'example_short_circuit_decorator' retrieved from /home/airflow/.local/lib/python3.8/site-packages/airflow/example_dags/example_short_circuit_decorator.py
[2024-10-01T00:32:57.823+0000] {logging_mixin.py:188} INFO - [2024-10-01T00:32:57.822+0000] {dag.py:3036} INFO - Sync 1 DAGs
[2024-10-01T00:32:57.889+0000] {logging_mixin.py:188} INFO - [2024-10-01T00:32:57.888+0000] {dag.py:3823} INFO - Setting next_dagrun for example_short_circuit_decorator to 2024-09-30 00:00:00+00:00, run_after=2024-10-01 00:00:00+00:00
[2024-10-01T00:32:57.937+0000] {processor.py:183} INFO - Processing /home/airflow/.local/lib/python3.8/site-packages/airflow/example_dags/example_short_circuit_decorator.py took 0.230 seconds
[2024-10-01T00:33:28.341+0000] {processor.py:161} INFO - Started process (PID=4917) to work on /home/airflow/.local/lib/python3.8/site-packages/airflow/example_dags/example_short_circuit_decorator.py
[2024-10-01T00:33:28.347+0000] {processor.py:830} INFO - Processing file /home/airflow/.local/lib/python3.8/site-packages/airflow/example_dags/example_short_circuit_decorator.py for tasks to queue
[2024-10-01T00:33:28.353+0000] {logging_mixin.py:188} INFO - [2024-10-01T00:33:28.352+0000] {dagbag.py:538} INFO - Filling up the DagBag from /home/airflow/.local/lib/python3.8/site-packages/airflow/example_dags/example_short_circuit_decorator.py
[2024-10-01T00:33:28.388+0000] {processor.py:840} INFO - DAG(s) 'example_short_circuit_decorator' retrieved from /home/airflow/.local/lib/python3.8/site-packages/airflow/example_dags/example_short_circuit_decorator.py
[2024-10-01T00:33:28.481+0000] {logging_mixin.py:188} INFO - [2024-10-01T00:33:28.481+0000] {dag.py:3036} INFO - Sync 1 DAGs
[2024-10-01T00:33:28.572+0000] {logging_mixin.py:188} INFO - [2024-10-01T00:33:28.571+0000] {dag.py:3823} INFO - Setting next_dagrun for example_short_circuit_decorator to 2024-09-30 00:00:00+00:00, run_after=2024-10-01 00:00:00+00:00
[2024-10-01T00:33:28.645+0000] {processor.py:183} INFO - Processing /home/airflow/.local/lib/python3.8/site-packages/airflow/example_dags/example_short_circuit_decorator.py took 0.318 seconds
[2024-10-01T00:33:59.173+0000] {processor.py:161} INFO - Started process (PID=4975) to work on /home/airflow/.local/lib/python3.8/site-packages/airflow/example_dags/example_short_circuit_decorator.py
[2024-10-01T00:33:59.188+0000] {processor.py:830} INFO - Processing file /home/airflow/.local/lib/python3.8/site-packages/airflow/example_dags/example_short_circuit_decorator.py for tasks to queue
[2024-10-01T00:33:59.208+0000] {logging_mixin.py:188} INFO - [2024-10-01T00:33:59.205+0000] {dagbag.py:538} INFO - Filling up the DagBag from /home/airflow/.local/lib/python3.8/site-packages/airflow/example_dags/example_short_circuit_decorator.py
[2024-10-01T00:33:59.320+0000] {processor.py:840} INFO - DAG(s) 'example_short_circuit_decorator' retrieved from /home/airflow/.local/lib/python3.8/site-packages/airflow/example_dags/example_short_circuit_decorator.py
[2024-10-01T00:33:59.521+0000] {logging_mixin.py:188} INFO - [2024-10-01T00:33:59.519+0000] {dag.py:3036} INFO - Sync 1 DAGs
[2024-10-01T00:33:59.760+0000] {logging_mixin.py:188} INFO - [2024-10-01T00:33:59.758+0000] {dag.py:3823} INFO - Setting next_dagrun for example_short_circuit_decorator to 2024-09-30 00:00:00+00:00, run_after=2024-10-01 00:00:00+00:00
[2024-10-01T00:33:59.900+0000] {processor.py:183} INFO - Processing /home/airflow/.local/lib/python3.8/site-packages/airflow/example_dags/example_short_circuit_decorator.py took 0.793 seconds
[2024-10-01T00:34:30.135+0000] {processor.py:161} INFO - Started process (PID=5041) to work on /home/airflow/.local/lib/python3.8/site-packages/airflow/example_dags/example_short_circuit_decorator.py
[2024-10-01T00:34:30.153+0000] {processor.py:830} INFO - Processing file /home/airflow/.local/lib/python3.8/site-packages/airflow/example_dags/example_short_circuit_decorator.py for tasks to queue
[2024-10-01T00:34:30.157+0000] {logging_mixin.py:188} INFO - [2024-10-01T00:34:30.157+0000] {dagbag.py:538} INFO - Filling up the DagBag from /home/airflow/.local/lib/python3.8/site-packages/airflow/example_dags/example_short_circuit_decorator.py
[2024-10-01T00:34:30.183+0000] {processor.py:840} INFO - DAG(s) 'example_short_circuit_decorator' retrieved from /home/airflow/.local/lib/python3.8/site-packages/airflow/example_dags/example_short_circuit_decorator.py
[2024-10-01T00:34:30.246+0000] {logging_mixin.py:188} INFO - [2024-10-01T00:34:30.246+0000] {dag.py:3036} INFO - Sync 1 DAGs
[2024-10-01T00:34:30.309+0000] {logging_mixin.py:188} INFO - [2024-10-01T00:34:30.309+0000] {dag.py:3823} INFO - Setting next_dagrun for example_short_circuit_decorator to 2024-09-30 00:00:00+00:00, run_after=2024-10-01 00:00:00+00:00
[2024-10-01T00:34:30.366+0000] {processor.py:183} INFO - Processing /home/airflow/.local/lib/python3.8/site-packages/airflow/example_dags/example_short_circuit_decorator.py took 0.240 seconds
