[2024-10-01T00:00:18.628+0000] {processor.py:161} INFO - Started process (PID=783) to work on /home/airflow/.local/lib/python3.8/site-packages/airflow/example_dags/example_python_decorator.py
[2024-10-01T00:00:18.630+0000] {processor.py:830} INFO - Processing file /home/airflow/.local/lib/python3.8/site-packages/airflow/example_dags/example_python_decorator.py for tasks to queue
[2024-10-01T00:00:18.635+0000] {logging_mixin.py:188} INFO - [2024-10-01T00:00:18.634+0000] {dagbag.py:538} INFO - Filling up the DagBag from /home/airflow/.local/lib/python3.8/site-packages/airflow/example_dags/example_python_decorator.py
[2024-10-01T00:00:18.672+0000] {processor.py:840} INFO - DAG(s) 'example_python_decorator' retrieved from /home/airflow/.local/lib/python3.8/site-packages/airflow/example_dags/example_python_decorator.py
[2024-10-01T00:00:18.732+0000] {logging_mixin.py:188} INFO - [2024-10-01T00:00:18.732+0000] {dag.py:3036} INFO - Sync 1 DAGs
[2024-10-01T00:00:18.768+0000] {logging_mixin.py:188} INFO - [2024-10-01T00:00:18.767+0000] {dag.py:3823} INFO - Setting next_dagrun for example_python_decorator to None, run_after=None
[2024-10-01T00:00:18.819+0000] {processor.py:183} INFO - Processing /home/airflow/.local/lib/python3.8/site-packages/airflow/example_dags/example_python_decorator.py took 0.201 seconds
[2024-10-01T00:00:48.975+0000] {processor.py:161} INFO - Started process (PID=849) to work on /home/airflow/.local/lib/python3.8/site-packages/airflow/example_dags/example_python_decorator.py
[2024-10-01T00:00:48.981+0000] {processor.py:830} INFO - Processing file /home/airflow/.local/lib/python3.8/site-packages/airflow/example_dags/example_python_decorator.py for tasks to queue
[2024-10-01T00:00:48.986+0000] {logging_mixin.py:188} INFO - [2024-10-01T00:00:48.986+0000] {dagbag.py:538} INFO - Filling up the DagBag from /home/airflow/.local/lib/python3.8/site-packages/airflow/example_dags/example_python_decorator.py
[2024-10-01T00:00:49.030+0000] {processor.py:840} INFO - DAG(s) 'example_python_decorator' retrieved from /home/airflow/.local/lib/python3.8/site-packages/airflow/example_dags/example_python_decorator.py
[2024-10-01T00:00:49.100+0000] {logging_mixin.py:188} INFO - [2024-10-01T00:00:49.099+0000] {dag.py:3036} INFO - Sync 1 DAGs
[2024-10-01T00:00:49.143+0000] {logging_mixin.py:188} INFO - [2024-10-01T00:00:49.142+0000] {dag.py:3823} INFO - Setting next_dagrun for example_python_decorator to None, run_after=None
[2024-10-01T00:00:49.207+0000] {processor.py:183} INFO - Processing /home/airflow/.local/lib/python3.8/site-packages/airflow/example_dags/example_python_decorator.py took 0.242 seconds
[2024-10-01T00:01:20.213+0000] {processor.py:161} INFO - Started process (PID=915) to work on /home/airflow/.local/lib/python3.8/site-packages/airflow/example_dags/example_python_decorator.py
[2024-10-01T00:01:20.235+0000] {processor.py:830} INFO - Processing file /home/airflow/.local/lib/python3.8/site-packages/airflow/example_dags/example_python_decorator.py for tasks to queue
[2024-10-01T00:01:20.244+0000] {logging_mixin.py:188} INFO - [2024-10-01T00:01:20.243+0000] {dagbag.py:538} INFO - Filling up the DagBag from /home/airflow/.local/lib/python3.8/site-packages/airflow/example_dags/example_python_decorator.py
[2024-10-01T00:01:20.328+0000] {processor.py:840} INFO - DAG(s) 'example_python_decorator' retrieved from /home/airflow/.local/lib/python3.8/site-packages/airflow/example_dags/example_python_decorator.py
[2024-10-01T00:01:20.429+0000] {logging_mixin.py:188} INFO - [2024-10-01T00:01:20.428+0000] {dag.py:3036} INFO - Sync 1 DAGs
[2024-10-01T00:01:20.489+0000] {logging_mixin.py:188} INFO - [2024-10-01T00:01:20.488+0000] {dag.py:3823} INFO - Setting next_dagrun for example_python_decorator to None, run_after=None
[2024-10-01T00:01:20.589+0000] {processor.py:183} INFO - Processing /home/airflow/.local/lib/python3.8/site-packages/airflow/example_dags/example_python_decorator.py took 0.402 seconds
[2024-10-01T00:01:50.818+0000] {processor.py:161} INFO - Started process (PID=981) to work on /home/airflow/.local/lib/python3.8/site-packages/airflow/example_dags/example_python_decorator.py
[2024-10-01T00:01:50.821+0000] {processor.py:830} INFO - Processing file /home/airflow/.local/lib/python3.8/site-packages/airflow/example_dags/example_python_decorator.py for tasks to queue
[2024-10-01T00:01:50.825+0000] {logging_mixin.py:188} INFO - [2024-10-01T00:01:50.825+0000] {dagbag.py:538} INFO - Filling up the DagBag from /home/airflow/.local/lib/python3.8/site-packages/airflow/example_dags/example_python_decorator.py
[2024-10-01T00:01:50.858+0000] {processor.py:840} INFO - DAG(s) 'example_python_decorator' retrieved from /home/airflow/.local/lib/python3.8/site-packages/airflow/example_dags/example_python_decorator.py
[2024-10-01T00:01:50.909+0000] {logging_mixin.py:188} INFO - [2024-10-01T00:01:50.908+0000] {dag.py:3036} INFO - Sync 1 DAGs
[2024-10-01T00:01:50.939+0000] {logging_mixin.py:188} INFO - [2024-10-01T00:01:50.939+0000] {dag.py:3823} INFO - Setting next_dagrun for example_python_decorator to None, run_after=None
[2024-10-01T00:01:50.984+0000] {processor.py:183} INFO - Processing /home/airflow/.local/lib/python3.8/site-packages/airflow/example_dags/example_python_decorator.py took 0.174 seconds
[2024-10-01T00:02:21.447+0000] {processor.py:161} INFO - Started process (PID=1046) to work on /home/airflow/.local/lib/python3.8/site-packages/airflow/example_dags/example_python_decorator.py
[2024-10-01T00:02:21.449+0000] {processor.py:830} INFO - Processing file /home/airflow/.local/lib/python3.8/site-packages/airflow/example_dags/example_python_decorator.py for tasks to queue
[2024-10-01T00:02:21.452+0000] {logging_mixin.py:188} INFO - [2024-10-01T00:02:21.452+0000] {dagbag.py:538} INFO - Filling up the DagBag from /home/airflow/.local/lib/python3.8/site-packages/airflow/example_dags/example_python_decorator.py
[2024-10-01T00:02:21.479+0000] {processor.py:840} INFO - DAG(s) 'example_python_decorator' retrieved from /home/airflow/.local/lib/python3.8/site-packages/airflow/example_dags/example_python_decorator.py
[2024-10-01T00:02:21.516+0000] {logging_mixin.py:188} INFO - [2024-10-01T00:02:21.515+0000] {dag.py:3036} INFO - Sync 1 DAGs
[2024-10-01T00:02:21.540+0000] {logging_mixin.py:188} INFO - [2024-10-01T00:02:21.539+0000] {dag.py:3823} INFO - Setting next_dagrun for example_python_decorator to None, run_after=None
[2024-10-01T00:02:21.571+0000] {processor.py:183} INFO - Processing /home/airflow/.local/lib/python3.8/site-packages/airflow/example_dags/example_python_decorator.py took 0.130 seconds
[2024-10-01T00:02:51.862+0000] {processor.py:161} INFO - Started process (PID=1113) to work on /home/airflow/.local/lib/python3.8/site-packages/airflow/example_dags/example_python_decorator.py
[2024-10-01T00:02:51.865+0000] {processor.py:830} INFO - Processing file /home/airflow/.local/lib/python3.8/site-packages/airflow/example_dags/example_python_decorator.py for tasks to queue
[2024-10-01T00:02:51.869+0000] {logging_mixin.py:188} INFO - [2024-10-01T00:02:51.868+0000] {dagbag.py:538} INFO - Filling up the DagBag from /home/airflow/.local/lib/python3.8/site-packages/airflow/example_dags/example_python_decorator.py
[2024-10-01T00:02:51.900+0000] {processor.py:840} INFO - DAG(s) 'example_python_decorator' retrieved from /home/airflow/.local/lib/python3.8/site-packages/airflow/example_dags/example_python_decorator.py
[2024-10-01T00:02:51.950+0000] {logging_mixin.py:188} INFO - [2024-10-01T00:02:51.950+0000] {dag.py:3036} INFO - Sync 1 DAGs
[2024-10-01T00:02:51.980+0000] {logging_mixin.py:188} INFO - [2024-10-01T00:02:51.979+0000] {dag.py:3823} INFO - Setting next_dagrun for example_python_decorator to None, run_after=None
[2024-10-01T00:02:52.035+0000] {processor.py:183} INFO - Processing /home/airflow/.local/lib/python3.8/site-packages/airflow/example_dags/example_python_decorator.py took 0.181 seconds
[2024-10-01T00:03:22.247+0000] {processor.py:161} INFO - Started process (PID=1179) to work on /home/airflow/.local/lib/python3.8/site-packages/airflow/example_dags/example_python_decorator.py
[2024-10-01T00:03:22.250+0000] {processor.py:830} INFO - Processing file /home/airflow/.local/lib/python3.8/site-packages/airflow/example_dags/example_python_decorator.py for tasks to queue
[2024-10-01T00:03:22.254+0000] {logging_mixin.py:188} INFO - [2024-10-01T00:03:22.253+0000] {dagbag.py:538} INFO - Filling up the DagBag from /home/airflow/.local/lib/python3.8/site-packages/airflow/example_dags/example_python_decorator.py
[2024-10-01T00:03:22.286+0000] {processor.py:840} INFO - DAG(s) 'example_python_decorator' retrieved from /home/airflow/.local/lib/python3.8/site-packages/airflow/example_dags/example_python_decorator.py
[2024-10-01T00:03:22.338+0000] {logging_mixin.py:188} INFO - [2024-10-01T00:03:22.337+0000] {dag.py:3036} INFO - Sync 1 DAGs
[2024-10-01T00:03:22.367+0000] {logging_mixin.py:188} INFO - [2024-10-01T00:03:22.367+0000] {dag.py:3823} INFO - Setting next_dagrun for example_python_decorator to None, run_after=None
[2024-10-01T00:03:22.413+0000] {processor.py:183} INFO - Processing /home/airflow/.local/lib/python3.8/site-packages/airflow/example_dags/example_python_decorator.py took 0.174 seconds
[2024-10-01T00:03:52.998+0000] {processor.py:161} INFO - Started process (PID=1245) to work on /home/airflow/.local/lib/python3.8/site-packages/airflow/example_dags/example_python_decorator.py
[2024-10-01T00:03:53.001+0000] {processor.py:830} INFO - Processing file /home/airflow/.local/lib/python3.8/site-packages/airflow/example_dags/example_python_decorator.py for tasks to queue
[2024-10-01T00:03:53.006+0000] {logging_mixin.py:188} INFO - [2024-10-01T00:03:53.005+0000] {dagbag.py:538} INFO - Filling up the DagBag from /home/airflow/.local/lib/python3.8/site-packages/airflow/example_dags/example_python_decorator.py
[2024-10-01T00:03:53.050+0000] {processor.py:840} INFO - DAG(s) 'example_python_decorator' retrieved from /home/airflow/.local/lib/python3.8/site-packages/airflow/example_dags/example_python_decorator.py
[2024-10-01T00:03:53.117+0000] {logging_mixin.py:188} INFO - [2024-10-01T00:03:53.116+0000] {dag.py:3036} INFO - Sync 1 DAGs
[2024-10-01T00:03:53.163+0000] {logging_mixin.py:188} INFO - [2024-10-01T00:03:53.162+0000] {dag.py:3823} INFO - Setting next_dagrun for example_python_decorator to None, run_after=None
[2024-10-01T00:03:53.220+0000] {processor.py:183} INFO - Processing /home/airflow/.local/lib/python3.8/site-packages/airflow/example_dags/example_python_decorator.py took 0.230 seconds
[2024-10-01T00:04:23.616+0000] {processor.py:161} INFO - Started process (PID=1311) to work on /home/airflow/.local/lib/python3.8/site-packages/airflow/example_dags/example_python_decorator.py
[2024-10-01T00:04:23.619+0000] {processor.py:830} INFO - Processing file /home/airflow/.local/lib/python3.8/site-packages/airflow/example_dags/example_python_decorator.py for tasks to queue
[2024-10-01T00:04:23.623+0000] {logging_mixin.py:188} INFO - [2024-10-01T00:04:23.623+0000] {dagbag.py:538} INFO - Filling up the DagBag from /home/airflow/.local/lib/python3.8/site-packages/airflow/example_dags/example_python_decorator.py
[2024-10-01T00:04:23.657+0000] {processor.py:840} INFO - DAG(s) 'example_python_decorator' retrieved from /home/airflow/.local/lib/python3.8/site-packages/airflow/example_dags/example_python_decorator.py
[2024-10-01T00:04:23.709+0000] {logging_mixin.py:188} INFO - [2024-10-01T00:04:23.709+0000] {dag.py:3036} INFO - Sync 1 DAGs
[2024-10-01T00:04:23.751+0000] {logging_mixin.py:188} INFO - [2024-10-01T00:04:23.750+0000] {dag.py:3823} INFO - Setting next_dagrun for example_python_decorator to None, run_after=None
[2024-10-01T00:04:23.799+0000] {processor.py:183} INFO - Processing /home/airflow/.local/lib/python3.8/site-packages/airflow/example_dags/example_python_decorator.py took 0.192 seconds
[2024-10-01T00:04:57.357+0000] {processor.py:161} INFO - Started process (PID=1369) to work on /home/airflow/.local/lib/python3.8/site-packages/airflow/example_dags/example_python_decorator.py
[2024-10-01T00:04:57.372+0000] {processor.py:830} INFO - Processing file /home/airflow/.local/lib/python3.8/site-packages/airflow/example_dags/example_python_decorator.py for tasks to queue
[2024-10-01T00:04:57.407+0000] {logging_mixin.py:188} INFO - [2024-10-01T00:04:57.399+0000] {dagbag.py:538} INFO - Filling up the DagBag from /home/airflow/.local/lib/python3.8/site-packages/airflow/example_dags/example_python_decorator.py
[2024-10-01T00:04:57.701+0000] {processor.py:840} INFO - DAG(s) 'example_python_decorator' retrieved from /home/airflow/.local/lib/python3.8/site-packages/airflow/example_dags/example_python_decorator.py
[2024-10-01T00:04:58.030+0000] {logging_mixin.py:188} INFO - [2024-10-01T00:04:58.028+0000] {dag.py:3036} INFO - Sync 1 DAGs
[2024-10-01T00:04:58.255+0000] {logging_mixin.py:188} INFO - [2024-10-01T00:04:58.253+0000] {dag.py:3823} INFO - Setting next_dagrun for example_python_decorator to None, run_after=None
[2024-10-01T00:04:58.489+0000] {processor.py:183} INFO - Processing /home/airflow/.local/lib/python3.8/site-packages/airflow/example_dags/example_python_decorator.py took 1.180 seconds
[2024-10-01T00:05:28.702+0000] {processor.py:161} INFO - Started process (PID=1435) to work on /home/airflow/.local/lib/python3.8/site-packages/airflow/example_dags/example_python_decorator.py
[2024-10-01T00:05:28.705+0000] {processor.py:830} INFO - Processing file /home/airflow/.local/lib/python3.8/site-packages/airflow/example_dags/example_python_decorator.py for tasks to queue
[2024-10-01T00:05:28.708+0000] {logging_mixin.py:188} INFO - [2024-10-01T00:05:28.708+0000] {dagbag.py:538} INFO - Filling up the DagBag from /home/airflow/.local/lib/python3.8/site-packages/airflow/example_dags/example_python_decorator.py
[2024-10-01T00:05:28.746+0000] {processor.py:840} INFO - DAG(s) 'example_python_decorator' retrieved from /home/airflow/.local/lib/python3.8/site-packages/airflow/example_dags/example_python_decorator.py
[2024-10-01T00:05:28.814+0000] {logging_mixin.py:188} INFO - [2024-10-01T00:05:28.813+0000] {dag.py:3036} INFO - Sync 1 DAGs
[2024-10-01T00:05:28.853+0000] {logging_mixin.py:188} INFO - [2024-10-01T00:05:28.852+0000] {dag.py:3823} INFO - Setting next_dagrun for example_python_decorator to None, run_after=None
[2024-10-01T00:05:28.905+0000] {processor.py:183} INFO - Processing /home/airflow/.local/lib/python3.8/site-packages/airflow/example_dags/example_python_decorator.py took 0.210 seconds
[2024-10-01T00:05:59.159+0000] {processor.py:161} INFO - Started process (PID=1501) to work on /home/airflow/.local/lib/python3.8/site-packages/airflow/example_dags/example_python_decorator.py
[2024-10-01T00:05:59.161+0000] {processor.py:830} INFO - Processing file /home/airflow/.local/lib/python3.8/site-packages/airflow/example_dags/example_python_decorator.py for tasks to queue
[2024-10-01T00:05:59.165+0000] {logging_mixin.py:188} INFO - [2024-10-01T00:05:59.164+0000] {dagbag.py:538} INFO - Filling up the DagBag from /home/airflow/.local/lib/python3.8/site-packages/airflow/example_dags/example_python_decorator.py
[2024-10-01T00:05:59.203+0000] {processor.py:840} INFO - DAG(s) 'example_python_decorator' retrieved from /home/airflow/.local/lib/python3.8/site-packages/airflow/example_dags/example_python_decorator.py
[2024-10-01T00:05:59.258+0000] {logging_mixin.py:188} INFO - [2024-10-01T00:05:59.258+0000] {dag.py:3036} INFO - Sync 1 DAGs
[2024-10-01T00:05:59.291+0000] {logging_mixin.py:188} INFO - [2024-10-01T00:05:59.290+0000] {dag.py:3823} INFO - Setting next_dagrun for example_python_decorator to None, run_after=None
[2024-10-01T00:05:59.340+0000] {processor.py:183} INFO - Processing /home/airflow/.local/lib/python3.8/site-packages/airflow/example_dags/example_python_decorator.py took 0.189 seconds
[2024-10-01T00:06:29.834+0000] {processor.py:161} INFO - Started process (PID=1567) to work on /home/airflow/.local/lib/python3.8/site-packages/airflow/example_dags/example_python_decorator.py
[2024-10-01T00:06:29.838+0000] {processor.py:830} INFO - Processing file /home/airflow/.local/lib/python3.8/site-packages/airflow/example_dags/example_python_decorator.py for tasks to queue
[2024-10-01T00:06:29.845+0000] {logging_mixin.py:188} INFO - [2024-10-01T00:06:29.844+0000] {dagbag.py:538} INFO - Filling up the DagBag from /home/airflow/.local/lib/python3.8/site-packages/airflow/example_dags/example_python_decorator.py
[2024-10-01T00:06:29.896+0000] {processor.py:840} INFO - DAG(s) 'example_python_decorator' retrieved from /home/airflow/.local/lib/python3.8/site-packages/airflow/example_dags/example_python_decorator.py
[2024-10-01T00:06:30.000+0000] {logging_mixin.py:188} INFO - [2024-10-01T00:06:29.999+0000] {dag.py:3036} INFO - Sync 1 DAGs
[2024-10-01T00:06:30.060+0000] {logging_mixin.py:188} INFO - [2024-10-01T00:06:30.059+0000] {dag.py:3823} INFO - Setting next_dagrun for example_python_decorator to None, run_after=None
[2024-10-01T00:06:30.135+0000] {processor.py:183} INFO - Processing /home/airflow/.local/lib/python3.8/site-packages/airflow/example_dags/example_python_decorator.py took 0.314 seconds
[2024-10-01T00:07:00.860+0000] {processor.py:161} INFO - Started process (PID=1633) to work on /home/airflow/.local/lib/python3.8/site-packages/airflow/example_dags/example_python_decorator.py
[2024-10-01T00:07:00.863+0000] {processor.py:830} INFO - Processing file /home/airflow/.local/lib/python3.8/site-packages/airflow/example_dags/example_python_decorator.py for tasks to queue
[2024-10-01T00:07:00.868+0000] {logging_mixin.py:188} INFO - [2024-10-01T00:07:00.867+0000] {dagbag.py:538} INFO - Filling up the DagBag from /home/airflow/.local/lib/python3.8/site-packages/airflow/example_dags/example_python_decorator.py
[2024-10-01T00:07:00.903+0000] {processor.py:840} INFO - DAG(s) 'example_python_decorator' retrieved from /home/airflow/.local/lib/python3.8/site-packages/airflow/example_dags/example_python_decorator.py
[2024-10-01T00:07:00.961+0000] {logging_mixin.py:188} INFO - [2024-10-01T00:07:00.961+0000] {dag.py:3036} INFO - Sync 1 DAGs
[2024-10-01T00:07:01.000+0000] {logging_mixin.py:188} INFO - [2024-10-01T00:07:01.000+0000] {dag.py:3823} INFO - Setting next_dagrun for example_python_decorator to None, run_after=None
[2024-10-01T00:07:01.051+0000] {processor.py:183} INFO - Processing /home/airflow/.local/lib/python3.8/site-packages/airflow/example_dags/example_python_decorator.py took 0.200 seconds
[2024-10-01T00:07:31.151+0000] {processor.py:161} INFO - Started process (PID=1700) to work on /home/airflow/.local/lib/python3.8/site-packages/airflow/example_dags/example_python_decorator.py
[2024-10-01T00:07:31.154+0000] {processor.py:830} INFO - Processing file /home/airflow/.local/lib/python3.8/site-packages/airflow/example_dags/example_python_decorator.py for tasks to queue
[2024-10-01T00:07:31.159+0000] {logging_mixin.py:188} INFO - [2024-10-01T00:07:31.158+0000] {dagbag.py:538} INFO - Filling up the DagBag from /home/airflow/.local/lib/python3.8/site-packages/airflow/example_dags/example_python_decorator.py
[2024-10-01T00:07:31.197+0000] {processor.py:840} INFO - DAG(s) 'example_python_decorator' retrieved from /home/airflow/.local/lib/python3.8/site-packages/airflow/example_dags/example_python_decorator.py
[2024-10-01T00:07:31.251+0000] {logging_mixin.py:188} INFO - [2024-10-01T00:07:31.251+0000] {dag.py:3036} INFO - Sync 1 DAGs
[2024-10-01T00:07:31.286+0000] {logging_mixin.py:188} INFO - [2024-10-01T00:07:31.285+0000] {dag.py:3823} INFO - Setting next_dagrun for example_python_decorator to None, run_after=None
[2024-10-01T00:07:31.335+0000] {processor.py:183} INFO - Processing /home/airflow/.local/lib/python3.8/site-packages/airflow/example_dags/example_python_decorator.py took 0.193 seconds
[2024-10-01T00:08:01.435+0000] {processor.py:161} INFO - Started process (PID=1766) to work on /home/airflow/.local/lib/python3.8/site-packages/airflow/example_dags/example_python_decorator.py
[2024-10-01T00:08:01.439+0000] {processor.py:830} INFO - Processing file /home/airflow/.local/lib/python3.8/site-packages/airflow/example_dags/example_python_decorator.py for tasks to queue
[2024-10-01T00:08:01.446+0000] {logging_mixin.py:188} INFO - [2024-10-01T00:08:01.444+0000] {dagbag.py:538} INFO - Filling up the DagBag from /home/airflow/.local/lib/python3.8/site-packages/airflow/example_dags/example_python_decorator.py
[2024-10-01T00:08:01.502+0000] {processor.py:840} INFO - DAG(s) 'example_python_decorator' retrieved from /home/airflow/.local/lib/python3.8/site-packages/airflow/example_dags/example_python_decorator.py
[2024-10-01T00:08:01.571+0000] {logging_mixin.py:188} INFO - [2024-10-01T00:08:01.571+0000] {dag.py:3036} INFO - Sync 1 DAGs
[2024-10-01T00:08:01.610+0000] {logging_mixin.py:188} INFO - [2024-10-01T00:08:01.609+0000] {dag.py:3823} INFO - Setting next_dagrun for example_python_decorator to None, run_after=None
[2024-10-01T00:08:01.667+0000] {processor.py:183} INFO - Processing /home/airflow/.local/lib/python3.8/site-packages/airflow/example_dags/example_python_decorator.py took 0.242 seconds
[2024-10-01T00:08:31.798+0000] {processor.py:161} INFO - Started process (PID=1832) to work on /home/airflow/.local/lib/python3.8/site-packages/airflow/example_dags/example_python_decorator.py
[2024-10-01T00:08:31.801+0000] {processor.py:830} INFO - Processing file /home/airflow/.local/lib/python3.8/site-packages/airflow/example_dags/example_python_decorator.py for tasks to queue
[2024-10-01T00:08:31.805+0000] {logging_mixin.py:188} INFO - [2024-10-01T00:08:31.805+0000] {dagbag.py:538} INFO - Filling up the DagBag from /home/airflow/.local/lib/python3.8/site-packages/airflow/example_dags/example_python_decorator.py
[2024-10-01T00:08:31.840+0000] {processor.py:840} INFO - DAG(s) 'example_python_decorator' retrieved from /home/airflow/.local/lib/python3.8/site-packages/airflow/example_dags/example_python_decorator.py
[2024-10-01T00:08:31.897+0000] {logging_mixin.py:188} INFO - [2024-10-01T00:08:31.896+0000] {dag.py:3036} INFO - Sync 1 DAGs
[2024-10-01T00:08:31.944+0000] {logging_mixin.py:188} INFO - [2024-10-01T00:08:31.943+0000] {dag.py:3823} INFO - Setting next_dagrun for example_python_decorator to None, run_after=None
[2024-10-01T00:08:32.001+0000] {processor.py:183} INFO - Processing /home/airflow/.local/lib/python3.8/site-packages/airflow/example_dags/example_python_decorator.py took 0.212 seconds
[2024-10-01T00:09:03.078+0000] {processor.py:161} INFO - Started process (PID=1898) to work on /home/airflow/.local/lib/python3.8/site-packages/airflow/example_dags/example_python_decorator.py
[2024-10-01T00:09:03.091+0000] {processor.py:830} INFO - Processing file /home/airflow/.local/lib/python3.8/site-packages/airflow/example_dags/example_python_decorator.py for tasks to queue
[2024-10-01T00:09:03.112+0000] {logging_mixin.py:188} INFO - [2024-10-01T00:09:03.109+0000] {dagbag.py:538} INFO - Filling up the DagBag from /home/airflow/.local/lib/python3.8/site-packages/airflow/example_dags/example_python_decorator.py
[2024-10-01T00:09:03.255+0000] {processor.py:840} INFO - DAG(s) 'example_python_decorator' retrieved from /home/airflow/.local/lib/python3.8/site-packages/airflow/example_dags/example_python_decorator.py
[2024-10-01T00:09:03.415+0000] {logging_mixin.py:188} INFO - [2024-10-01T00:09:03.414+0000] {dag.py:3036} INFO - Sync 1 DAGs
[2024-10-01T00:09:03.529+0000] {logging_mixin.py:188} INFO - [2024-10-01T00:09:03.528+0000] {dag.py:3823} INFO - Setting next_dagrun for example_python_decorator to None, run_after=None
[2024-10-01T00:09:03.668+0000] {processor.py:183} INFO - Processing /home/airflow/.local/lib/python3.8/site-packages/airflow/example_dags/example_python_decorator.py took 0.643 seconds
[2024-10-01T00:09:33.878+0000] {processor.py:161} INFO - Started process (PID=1955) to work on /home/airflow/.local/lib/python3.8/site-packages/airflow/example_dags/example_python_decorator.py
[2024-10-01T00:09:33.880+0000] {processor.py:830} INFO - Processing file /home/airflow/.local/lib/python3.8/site-packages/airflow/example_dags/example_python_decorator.py for tasks to queue
[2024-10-01T00:09:33.884+0000] {logging_mixin.py:188} INFO - [2024-10-01T00:09:33.883+0000] {dagbag.py:538} INFO - Filling up the DagBag from /home/airflow/.local/lib/python3.8/site-packages/airflow/example_dags/example_python_decorator.py
[2024-10-01T00:09:33.911+0000] {processor.py:840} INFO - DAG(s) 'example_python_decorator' retrieved from /home/airflow/.local/lib/python3.8/site-packages/airflow/example_dags/example_python_decorator.py
[2024-10-01T00:09:33.958+0000] {logging_mixin.py:188} INFO - [2024-10-01T00:09:33.958+0000] {dag.py:3036} INFO - Sync 1 DAGs
[2024-10-01T00:09:33.986+0000] {logging_mixin.py:188} INFO - [2024-10-01T00:09:33.986+0000] {dag.py:3823} INFO - Setting next_dagrun for example_python_decorator to None, run_after=None
[2024-10-01T00:09:34.027+0000] {processor.py:183} INFO - Processing /home/airflow/.local/lib/python3.8/site-packages/airflow/example_dags/example_python_decorator.py took 0.156 seconds
[2024-10-01T00:10:10.217+0000] {processor.py:161} INFO - Started process (PID=2021) to work on /home/airflow/.local/lib/python3.8/site-packages/airflow/example_dags/example_python_decorator.py
[2024-10-01T00:10:10.230+0000] {processor.py:830} INFO - Processing file /home/airflow/.local/lib/python3.8/site-packages/airflow/example_dags/example_python_decorator.py for tasks to queue
[2024-10-01T00:10:10.245+0000] {logging_mixin.py:188} INFO - [2024-10-01T00:10:10.242+0000] {dagbag.py:538} INFO - Filling up the DagBag from /home/airflow/.local/lib/python3.8/site-packages/airflow/example_dags/example_python_decorator.py
[2024-10-01T00:10:10.386+0000] {processor.py:840} INFO - DAG(s) 'example_python_decorator' retrieved from /home/airflow/.local/lib/python3.8/site-packages/airflow/example_dags/example_python_decorator.py
[2024-10-01T00:10:10.575+0000] {logging_mixin.py:188} INFO - [2024-10-01T00:10:10.574+0000] {dag.py:3036} INFO - Sync 1 DAGs
[2024-10-01T00:10:10.715+0000] {logging_mixin.py:188} INFO - [2024-10-01T00:10:10.714+0000] {dag.py:3823} INFO - Setting next_dagrun for example_python_decorator to None, run_after=None
[2024-10-01T00:10:10.963+0000] {processor.py:183} INFO - Processing /home/airflow/.local/lib/python3.8/site-packages/airflow/example_dags/example_python_decorator.py took 0.781 seconds
[2024-10-01T00:10:52.544+0000] {processor.py:161} INFO - Started process (PID=2084) to work on /home/airflow/.local/lib/python3.8/site-packages/airflow/example_dags/example_python_decorator.py
[2024-10-01T00:10:52.555+0000] {processor.py:830} INFO - Processing file /home/airflow/.local/lib/python3.8/site-packages/airflow/example_dags/example_python_decorator.py for tasks to queue
[2024-10-01T00:10:52.579+0000] {logging_mixin.py:188} INFO - [2024-10-01T00:10:52.575+0000] {dagbag.py:538} INFO - Filling up the DagBag from /home/airflow/.local/lib/python3.8/site-packages/airflow/example_dags/example_python_decorator.py
[2024-10-01T00:10:52.849+0000] {processor.py:840} INFO - DAG(s) 'example_python_decorator' retrieved from /home/airflow/.local/lib/python3.8/site-packages/airflow/example_dags/example_python_decorator.py
[2024-10-01T00:10:53.377+0000] {logging_mixin.py:188} INFO - [2024-10-01T00:10:53.373+0000] {dag.py:3036} INFO - Sync 1 DAGs
[2024-10-01T00:10:53.627+0000] {logging_mixin.py:188} INFO - [2024-10-01T00:10:53.622+0000] {dag.py:3823} INFO - Setting next_dagrun for example_python_decorator to None, run_after=None
[2024-10-01T00:10:54.021+0000] {processor.py:183} INFO - Processing /home/airflow/.local/lib/python3.8/site-packages/airflow/example_dags/example_python_decorator.py took 1.514 seconds
[2024-10-01T00:11:31.074+0000] {processor.py:161} INFO - Started process (PID=2147) to work on /home/airflow/.local/lib/python3.8/site-packages/airflow/example_dags/example_python_decorator.py
[2024-10-01T00:11:31.083+0000] {processor.py:830} INFO - Processing file /home/airflow/.local/lib/python3.8/site-packages/airflow/example_dags/example_python_decorator.py for tasks to queue
[2024-10-01T00:11:31.098+0000] {logging_mixin.py:188} INFO - [2024-10-01T00:11:31.096+0000] {dagbag.py:538} INFO - Filling up the DagBag from /home/airflow/.local/lib/python3.8/site-packages/airflow/example_dags/example_python_decorator.py
[2024-10-01T00:11:31.260+0000] {processor.py:840} INFO - DAG(s) 'example_python_decorator' retrieved from /home/airflow/.local/lib/python3.8/site-packages/airflow/example_dags/example_python_decorator.py
[2024-10-01T00:11:31.519+0000] {logging_mixin.py:188} INFO - [2024-10-01T00:11:31.517+0000] {dag.py:3036} INFO - Sync 1 DAGs
[2024-10-01T00:11:31.719+0000] {logging_mixin.py:188} INFO - [2024-10-01T00:11:31.717+0000] {dag.py:3823} INFO - Setting next_dagrun for example_python_decorator to None, run_after=None
[2024-10-01T00:11:31.973+0000] {processor.py:183} INFO - Processing /home/airflow/.local/lib/python3.8/site-packages/airflow/example_dags/example_python_decorator.py took 0.930 seconds
[2024-10-01T00:12:04.148+0000] {processor.py:161} INFO - Started process (PID=2205) to work on /home/airflow/.local/lib/python3.8/site-packages/airflow/example_dags/example_python_decorator.py
[2024-10-01T00:12:04.178+0000] {processor.py:830} INFO - Processing file /home/airflow/.local/lib/python3.8/site-packages/airflow/example_dags/example_python_decorator.py for tasks to queue
[2024-10-01T00:12:04.232+0000] {logging_mixin.py:188} INFO - [2024-10-01T00:12:04.228+0000] {dagbag.py:538} INFO - Filling up the DagBag from /home/airflow/.local/lib/python3.8/site-packages/airflow/example_dags/example_python_decorator.py
[2024-10-01T00:12:04.546+0000] {processor.py:840} INFO - DAG(s) 'example_python_decorator' retrieved from /home/airflow/.local/lib/python3.8/site-packages/airflow/example_dags/example_python_decorator.py
[2024-10-01T00:12:04.965+0000] {logging_mixin.py:188} INFO - [2024-10-01T00:12:04.963+0000] {dag.py:3036} INFO - Sync 1 DAGs
[2024-10-01T00:12:05.147+0000] {logging_mixin.py:188} INFO - [2024-10-01T00:12:05.145+0000] {dag.py:3823} INFO - Setting next_dagrun for example_python_decorator to None, run_after=None
[2024-10-01T00:12:05.382+0000] {processor.py:183} INFO - Processing /home/airflow/.local/lib/python3.8/site-packages/airflow/example_dags/example_python_decorator.py took 1.304 seconds
[2024-10-01T00:12:35.615+0000] {processor.py:161} INFO - Started process (PID=2271) to work on /home/airflow/.local/lib/python3.8/site-packages/airflow/example_dags/example_python_decorator.py
[2024-10-01T00:12:35.623+0000] {processor.py:830} INFO - Processing file /home/airflow/.local/lib/python3.8/site-packages/airflow/example_dags/example_python_decorator.py for tasks to queue
[2024-10-01T00:12:35.634+0000] {logging_mixin.py:188} INFO - [2024-10-01T00:12:35.633+0000] {dagbag.py:538} INFO - Filling up the DagBag from /home/airflow/.local/lib/python3.8/site-packages/airflow/example_dags/example_python_decorator.py
[2024-10-01T00:12:35.731+0000] {processor.py:840} INFO - DAG(s) 'example_python_decorator' retrieved from /home/airflow/.local/lib/python3.8/site-packages/airflow/example_dags/example_python_decorator.py
[2024-10-01T00:12:35.844+0000] {logging_mixin.py:188} INFO - [2024-10-01T00:12:35.843+0000] {dag.py:3036} INFO - Sync 1 DAGs
[2024-10-01T00:12:35.919+0000] {logging_mixin.py:188} INFO - [2024-10-01T00:12:35.918+0000] {dag.py:3823} INFO - Setting next_dagrun for example_python_decorator to None, run_after=None
[2024-10-01T00:12:36.019+0000] {processor.py:183} INFO - Processing /home/airflow/.local/lib/python3.8/site-packages/airflow/example_dags/example_python_decorator.py took 0.423 seconds
[2024-10-01T00:13:06.102+0000] {processor.py:161} INFO - Started process (PID=2337) to work on /home/airflow/.local/lib/python3.8/site-packages/airflow/example_dags/example_python_decorator.py
[2024-10-01T00:13:06.105+0000] {processor.py:830} INFO - Processing file /home/airflow/.local/lib/python3.8/site-packages/airflow/example_dags/example_python_decorator.py for tasks to queue
[2024-10-01T00:13:06.111+0000] {logging_mixin.py:188} INFO - [2024-10-01T00:13:06.110+0000] {dagbag.py:538} INFO - Filling up the DagBag from /home/airflow/.local/lib/python3.8/site-packages/airflow/example_dags/example_python_decorator.py
[2024-10-01T00:13:06.153+0000] {processor.py:840} INFO - DAG(s) 'example_python_decorator' retrieved from /home/airflow/.local/lib/python3.8/site-packages/airflow/example_dags/example_python_decorator.py
[2024-10-01T00:13:06.221+0000] {logging_mixin.py:188} INFO - [2024-10-01T00:13:06.220+0000] {dag.py:3036} INFO - Sync 1 DAGs
[2024-10-01T00:13:06.268+0000] {logging_mixin.py:188} INFO - [2024-10-01T00:13:06.267+0000] {dag.py:3823} INFO - Setting next_dagrun for example_python_decorator to None, run_after=None
[2024-10-01T00:13:06.331+0000] {processor.py:183} INFO - Processing /home/airflow/.local/lib/python3.8/site-packages/airflow/example_dags/example_python_decorator.py took 0.241 seconds
[2024-10-01T00:13:36.783+0000] {processor.py:161} INFO - Started process (PID=2395) to work on /home/airflow/.local/lib/python3.8/site-packages/airflow/example_dags/example_python_decorator.py
[2024-10-01T00:13:36.785+0000] {processor.py:830} INFO - Processing file /home/airflow/.local/lib/python3.8/site-packages/airflow/example_dags/example_python_decorator.py for tasks to queue
[2024-10-01T00:13:36.788+0000] {logging_mixin.py:188} INFO - [2024-10-01T00:13:36.787+0000] {dagbag.py:538} INFO - Filling up the DagBag from /home/airflow/.local/lib/python3.8/site-packages/airflow/example_dags/example_python_decorator.py
[2024-10-01T00:13:36.815+0000] {processor.py:840} INFO - DAG(s) 'example_python_decorator' retrieved from /home/airflow/.local/lib/python3.8/site-packages/airflow/example_dags/example_python_decorator.py
[2024-10-01T00:13:36.850+0000] {logging_mixin.py:188} INFO - [2024-10-01T00:13:36.850+0000] {dag.py:3036} INFO - Sync 1 DAGs
[2024-10-01T00:13:36.871+0000] {logging_mixin.py:188} INFO - [2024-10-01T00:13:36.870+0000] {dag.py:3823} INFO - Setting next_dagrun for example_python_decorator to None, run_after=None
[2024-10-01T00:13:36.899+0000] {processor.py:183} INFO - Processing /home/airflow/.local/lib/python3.8/site-packages/airflow/example_dags/example_python_decorator.py took 0.123 seconds
[2024-10-01T00:14:07.423+0000] {processor.py:161} INFO - Started process (PID=2469) to work on /home/airflow/.local/lib/python3.8/site-packages/airflow/example_dags/example_python_decorator.py
[2024-10-01T00:14:07.425+0000] {processor.py:830} INFO - Processing file /home/airflow/.local/lib/python3.8/site-packages/airflow/example_dags/example_python_decorator.py for tasks to queue
[2024-10-01T00:14:07.428+0000] {logging_mixin.py:188} INFO - [2024-10-01T00:14:07.428+0000] {dagbag.py:538} INFO - Filling up the DagBag from /home/airflow/.local/lib/python3.8/site-packages/airflow/example_dags/example_python_decorator.py
[2024-10-01T00:14:07.462+0000] {processor.py:840} INFO - DAG(s) 'example_python_decorator' retrieved from /home/airflow/.local/lib/python3.8/site-packages/airflow/example_dags/example_python_decorator.py
[2024-10-01T00:14:07.531+0000] {logging_mixin.py:188} INFO - [2024-10-01T00:14:07.531+0000] {dag.py:3036} INFO - Sync 1 DAGs
[2024-10-01T00:14:07.852+0000] {logging_mixin.py:188} INFO - [2024-10-01T00:14:07.852+0000] {dag.py:3823} INFO - Setting next_dagrun for example_python_decorator to None, run_after=None
[2024-10-01T00:14:07.900+0000] {processor.py:183} INFO - Processing /home/airflow/.local/lib/python3.8/site-packages/airflow/example_dags/example_python_decorator.py took 0.484 seconds
[2024-10-01T00:14:38.596+0000] {processor.py:161} INFO - Started process (PID=2536) to work on /home/airflow/.local/lib/python3.8/site-packages/airflow/example_dags/example_python_decorator.py
[2024-10-01T00:14:38.598+0000] {processor.py:830} INFO - Processing file /home/airflow/.local/lib/python3.8/site-packages/airflow/example_dags/example_python_decorator.py for tasks to queue
[2024-10-01T00:14:38.601+0000] {logging_mixin.py:188} INFO - [2024-10-01T00:14:38.600+0000] {dagbag.py:538} INFO - Filling up the DagBag from /home/airflow/.local/lib/python3.8/site-packages/airflow/example_dags/example_python_decorator.py
[2024-10-01T00:14:38.627+0000] {processor.py:840} INFO - DAG(s) 'example_python_decorator' retrieved from /home/airflow/.local/lib/python3.8/site-packages/airflow/example_dags/example_python_decorator.py
[2024-10-01T00:14:38.675+0000] {logging_mixin.py:188} INFO - [2024-10-01T00:14:38.675+0000] {dag.py:3036} INFO - Sync 1 DAGs
[2024-10-01T00:14:38.704+0000] {logging_mixin.py:188} INFO - [2024-10-01T00:14:38.703+0000] {dag.py:3823} INFO - Setting next_dagrun for example_python_decorator to None, run_after=None
[2024-10-01T00:14:38.745+0000] {processor.py:183} INFO - Processing /home/airflow/.local/lib/python3.8/site-packages/airflow/example_dags/example_python_decorator.py took 0.156 seconds
[2024-10-01T00:15:09.002+0000] {processor.py:161} INFO - Started process (PID=2602) to work on /home/airflow/.local/lib/python3.8/site-packages/airflow/example_dags/example_python_decorator.py
[2024-10-01T00:15:09.005+0000] {processor.py:830} INFO - Processing file /home/airflow/.local/lib/python3.8/site-packages/airflow/example_dags/example_python_decorator.py for tasks to queue
[2024-10-01T00:15:09.009+0000] {logging_mixin.py:188} INFO - [2024-10-01T00:15:09.008+0000] {dagbag.py:538} INFO - Filling up the DagBag from /home/airflow/.local/lib/python3.8/site-packages/airflow/example_dags/example_python_decorator.py
[2024-10-01T00:15:09.043+0000] {processor.py:840} INFO - DAG(s) 'example_python_decorator' retrieved from /home/airflow/.local/lib/python3.8/site-packages/airflow/example_dags/example_python_decorator.py
[2024-10-01T00:15:09.098+0000] {logging_mixin.py:188} INFO - [2024-10-01T00:15:09.098+0000] {dag.py:3036} INFO - Sync 1 DAGs
[2024-10-01T00:15:09.137+0000] {logging_mixin.py:188} INFO - [2024-10-01T00:15:09.136+0000] {dag.py:3823} INFO - Setting next_dagrun for example_python_decorator to None, run_after=None
[2024-10-01T00:15:09.186+0000] {processor.py:183} INFO - Processing /home/airflow/.local/lib/python3.8/site-packages/airflow/example_dags/example_python_decorator.py took 0.192 seconds
[2024-10-01T00:15:43.173+0000] {processor.py:161} INFO - Started process (PID=2668) to work on /home/airflow/.local/lib/python3.8/site-packages/airflow/example_dags/example_python_decorator.py
[2024-10-01T00:15:43.186+0000] {processor.py:830} INFO - Processing file /home/airflow/.local/lib/python3.8/site-packages/airflow/example_dags/example_python_decorator.py for tasks to queue
[2024-10-01T00:15:43.213+0000] {logging_mixin.py:188} INFO - [2024-10-01T00:15:43.208+0000] {dagbag.py:538} INFO - Filling up the DagBag from /home/airflow/.local/lib/python3.8/site-packages/airflow/example_dags/example_python_decorator.py
[2024-10-01T00:15:43.409+0000] {processor.py:840} INFO - DAG(s) 'example_python_decorator' retrieved from /home/airflow/.local/lib/python3.8/site-packages/airflow/example_dags/example_python_decorator.py
[2024-10-01T00:15:45.009+0000] {logging_mixin.py:188} INFO - [2024-10-01T00:15:45.007+0000] {dag.py:3036} INFO - Sync 1 DAGs
[2024-10-01T00:15:45.158+0000] {logging_mixin.py:188} INFO - [2024-10-01T00:15:45.146+0000] {dag.py:3823} INFO - Setting next_dagrun for example_python_decorator to None, run_after=None
[2024-10-01T00:15:45.335+0000] {processor.py:183} INFO - Processing /home/airflow/.local/lib/python3.8/site-packages/airflow/example_dags/example_python_decorator.py took 2.212 seconds
[2024-10-01T00:16:34.656+0000] {processor.py:161} INFO - Started process (PID=2735) to work on /home/airflow/.local/lib/python3.8/site-packages/airflow/example_dags/example_python_decorator.py
[2024-10-01T00:16:34.659+0000] {processor.py:830} INFO - Processing file /home/airflow/.local/lib/python3.8/site-packages/airflow/example_dags/example_python_decorator.py for tasks to queue
[2024-10-01T00:16:34.662+0000] {logging_mixin.py:188} INFO - [2024-10-01T00:16:34.661+0000] {dagbag.py:538} INFO - Filling up the DagBag from /home/airflow/.local/lib/python3.8/site-packages/airflow/example_dags/example_python_decorator.py
[2024-10-01T00:16:34.690+0000] {processor.py:840} INFO - DAG(s) 'example_python_decorator' retrieved from /home/airflow/.local/lib/python3.8/site-packages/airflow/example_dags/example_python_decorator.py
[2024-10-01T00:16:35.068+0000] {logging_mixin.py:188} INFO - [2024-10-01T00:16:35.067+0000] {dag.py:3036} INFO - Sync 1 DAGs
[2024-10-01T00:16:35.097+0000] {logging_mixin.py:188} INFO - [2024-10-01T00:16:35.097+0000] {dag.py:3823} INFO - Setting next_dagrun for example_python_decorator to None, run_after=None
[2024-10-01T00:16:35.150+0000] {processor.py:183} INFO - Processing /home/airflow/.local/lib/python3.8/site-packages/airflow/example_dags/example_python_decorator.py took 0.506 seconds
[2024-10-01T00:17:05.799+0000] {processor.py:161} INFO - Started process (PID=2809) to work on /home/airflow/.local/lib/python3.8/site-packages/airflow/example_dags/example_python_decorator.py
[2024-10-01T00:17:05.801+0000] {processor.py:830} INFO - Processing file /home/airflow/.local/lib/python3.8/site-packages/airflow/example_dags/example_python_decorator.py for tasks to queue
[2024-10-01T00:17:05.804+0000] {logging_mixin.py:188} INFO - [2024-10-01T00:17:05.803+0000] {dagbag.py:538} INFO - Filling up the DagBag from /home/airflow/.local/lib/python3.8/site-packages/airflow/example_dags/example_python_decorator.py
[2024-10-01T00:17:05.827+0000] {processor.py:840} INFO - DAG(s) 'example_python_decorator' retrieved from /home/airflow/.local/lib/python3.8/site-packages/airflow/example_dags/example_python_decorator.py
[2024-10-01T00:17:05.866+0000] {logging_mixin.py:188} INFO - [2024-10-01T00:17:05.866+0000] {dag.py:3036} INFO - Sync 1 DAGs
[2024-10-01T00:17:05.891+0000] {logging_mixin.py:188} INFO - [2024-10-01T00:17:05.891+0000] {dag.py:3823} INFO - Setting next_dagrun for example_python_decorator to None, run_after=None
[2024-10-01T00:17:05.928+0000] {processor.py:183} INFO - Processing /home/airflow/.local/lib/python3.8/site-packages/airflow/example_dags/example_python_decorator.py took 0.134 seconds
[2024-10-01T00:17:36.209+0000] {processor.py:161} INFO - Started process (PID=2875) to work on /home/airflow/.local/lib/python3.8/site-packages/airflow/example_dags/example_python_decorator.py
[2024-10-01T00:17:36.211+0000] {processor.py:830} INFO - Processing file /home/airflow/.local/lib/python3.8/site-packages/airflow/example_dags/example_python_decorator.py for tasks to queue
[2024-10-01T00:17:36.212+0000] {logging_mixin.py:188} INFO - [2024-10-01T00:17:36.212+0000] {dagbag.py:538} INFO - Filling up the DagBag from /home/airflow/.local/lib/python3.8/site-packages/airflow/example_dags/example_python_decorator.py
[2024-10-01T00:17:36.233+0000] {processor.py:840} INFO - DAG(s) 'example_python_decorator' retrieved from /home/airflow/.local/lib/python3.8/site-packages/airflow/example_dags/example_python_decorator.py
[2024-10-01T00:17:36.269+0000] {logging_mixin.py:188} INFO - [2024-10-01T00:17:36.269+0000] {dag.py:3036} INFO - Sync 1 DAGs
[2024-10-01T00:17:36.302+0000] {logging_mixin.py:188} INFO - [2024-10-01T00:17:36.301+0000] {dag.py:3823} INFO - Setting next_dagrun for example_python_decorator to None, run_after=None
[2024-10-01T00:17:36.361+0000] {processor.py:183} INFO - Processing /home/airflow/.local/lib/python3.8/site-packages/airflow/example_dags/example_python_decorator.py took 0.155 seconds
[2024-10-01T00:18:06.597+0000] {processor.py:161} INFO - Started process (PID=2941) to work on /home/airflow/.local/lib/python3.8/site-packages/airflow/example_dags/example_python_decorator.py
[2024-10-01T00:18:06.600+0000] {processor.py:830} INFO - Processing file /home/airflow/.local/lib/python3.8/site-packages/airflow/example_dags/example_python_decorator.py for tasks to queue
[2024-10-01T00:18:06.605+0000] {logging_mixin.py:188} INFO - [2024-10-01T00:18:06.604+0000] {dagbag.py:538} INFO - Filling up the DagBag from /home/airflow/.local/lib/python3.8/site-packages/airflow/example_dags/example_python_decorator.py
[2024-10-01T00:18:06.634+0000] {processor.py:840} INFO - DAG(s) 'example_python_decorator' retrieved from /home/airflow/.local/lib/python3.8/site-packages/airflow/example_dags/example_python_decorator.py
[2024-10-01T00:18:06.679+0000] {logging_mixin.py:188} INFO - [2024-10-01T00:18:06.679+0000] {dag.py:3036} INFO - Sync 1 DAGs
[2024-10-01T00:18:06.707+0000] {logging_mixin.py:188} INFO - [2024-10-01T00:18:06.706+0000] {dag.py:3823} INFO - Setting next_dagrun for example_python_decorator to None, run_after=None
[2024-10-01T00:18:06.775+0000] {processor.py:183} INFO - Processing /home/airflow/.local/lib/python3.8/site-packages/airflow/example_dags/example_python_decorator.py took 0.186 seconds
[2024-10-01T00:18:36.897+0000] {processor.py:161} INFO - Started process (PID=3007) to work on /home/airflow/.local/lib/python3.8/site-packages/airflow/example_dags/example_python_decorator.py
[2024-10-01T00:18:36.899+0000] {processor.py:830} INFO - Processing file /home/airflow/.local/lib/python3.8/site-packages/airflow/example_dags/example_python_decorator.py for tasks to queue
[2024-10-01T00:18:36.902+0000] {logging_mixin.py:188} INFO - [2024-10-01T00:18:36.902+0000] {dagbag.py:538} INFO - Filling up the DagBag from /home/airflow/.local/lib/python3.8/site-packages/airflow/example_dags/example_python_decorator.py
[2024-10-01T00:18:36.935+0000] {processor.py:840} INFO - DAG(s) 'example_python_decorator' retrieved from /home/airflow/.local/lib/python3.8/site-packages/airflow/example_dags/example_python_decorator.py
[2024-10-01T00:18:36.987+0000] {logging_mixin.py:188} INFO - [2024-10-01T00:18:36.987+0000] {dag.py:3036} INFO - Sync 1 DAGs
[2024-10-01T00:18:37.013+0000] {logging_mixin.py:188} INFO - [2024-10-01T00:18:37.012+0000] {dag.py:3823} INFO - Setting next_dagrun for example_python_decorator to None, run_after=None
[2024-10-01T00:18:37.046+0000] {processor.py:183} INFO - Processing /home/airflow/.local/lib/python3.8/site-packages/airflow/example_dags/example_python_decorator.py took 0.154 seconds
[2024-10-01T00:19:07.180+0000] {processor.py:161} INFO - Started process (PID=3074) to work on /home/airflow/.local/lib/python3.8/site-packages/airflow/example_dags/example_python_decorator.py
[2024-10-01T00:19:07.191+0000] {processor.py:830} INFO - Processing file /home/airflow/.local/lib/python3.8/site-packages/airflow/example_dags/example_python_decorator.py for tasks to queue
[2024-10-01T00:19:07.195+0000] {logging_mixin.py:188} INFO - [2024-10-01T00:19:07.194+0000] {dagbag.py:538} INFO - Filling up the DagBag from /home/airflow/.local/lib/python3.8/site-packages/airflow/example_dags/example_python_decorator.py
[2024-10-01T00:19:07.222+0000] {processor.py:840} INFO - DAG(s) 'example_python_decorator' retrieved from /home/airflow/.local/lib/python3.8/site-packages/airflow/example_dags/example_python_decorator.py
[2024-10-01T00:19:07.268+0000] {logging_mixin.py:188} INFO - [2024-10-01T00:19:07.267+0000] {dag.py:3036} INFO - Sync 1 DAGs
[2024-10-01T00:19:07.294+0000] {logging_mixin.py:188} INFO - [2024-10-01T00:19:07.293+0000] {dag.py:3823} INFO - Setting next_dagrun for example_python_decorator to None, run_after=None
[2024-10-01T00:19:07.336+0000] {processor.py:183} INFO - Processing /home/airflow/.local/lib/python3.8/site-packages/airflow/example_dags/example_python_decorator.py took 0.160 seconds
[2024-10-01T00:19:37.543+0000] {processor.py:161} INFO - Started process (PID=3149) to work on /home/airflow/.local/lib/python3.8/site-packages/airflow/example_dags/example_python_decorator.py
[2024-10-01T00:19:37.546+0000] {processor.py:830} INFO - Processing file /home/airflow/.local/lib/python3.8/site-packages/airflow/example_dags/example_python_decorator.py for tasks to queue
[2024-10-01T00:19:37.549+0000] {logging_mixin.py:188} INFO - [2024-10-01T00:19:37.549+0000] {dagbag.py:538} INFO - Filling up the DagBag from /home/airflow/.local/lib/python3.8/site-packages/airflow/example_dags/example_python_decorator.py
[2024-10-01T00:19:37.582+0000] {processor.py:840} INFO - DAG(s) 'example_python_decorator' retrieved from /home/airflow/.local/lib/python3.8/site-packages/airflow/example_dags/example_python_decorator.py
[2024-10-01T00:19:37.631+0000] {logging_mixin.py:188} INFO - [2024-10-01T00:19:37.631+0000] {dag.py:3036} INFO - Sync 1 DAGs
[2024-10-01T00:19:37.656+0000] {logging_mixin.py:188} INFO - [2024-10-01T00:19:37.656+0000] {dag.py:3823} INFO - Setting next_dagrun for example_python_decorator to None, run_after=None
[2024-10-01T00:19:37.695+0000] {processor.py:183} INFO - Processing /home/airflow/.local/lib/python3.8/site-packages/airflow/example_dags/example_python_decorator.py took 0.158 seconds
[2024-10-01T00:20:07.905+0000] {processor.py:161} INFO - Started process (PID=3215) to work on /home/airflow/.local/lib/python3.8/site-packages/airflow/example_dags/example_python_decorator.py
[2024-10-01T00:20:07.908+0000] {processor.py:830} INFO - Processing file /home/airflow/.local/lib/python3.8/site-packages/airflow/example_dags/example_python_decorator.py for tasks to queue
[2024-10-01T00:20:07.914+0000] {logging_mixin.py:188} INFO - [2024-10-01T00:20:07.913+0000] {dagbag.py:538} INFO - Filling up the DagBag from /home/airflow/.local/lib/python3.8/site-packages/airflow/example_dags/example_python_decorator.py
[2024-10-01T00:20:07.957+0000] {processor.py:840} INFO - DAG(s) 'example_python_decorator' retrieved from /home/airflow/.local/lib/python3.8/site-packages/airflow/example_dags/example_python_decorator.py
[2024-10-01T00:20:08.038+0000] {logging_mixin.py:188} INFO - [2024-10-01T00:20:08.037+0000] {dag.py:3036} INFO - Sync 1 DAGs
[2024-10-01T00:20:08.073+0000] {logging_mixin.py:188} INFO - [2024-10-01T00:20:08.072+0000] {dag.py:3823} INFO - Setting next_dagrun for example_python_decorator to None, run_after=None
[2024-10-01T00:20:08.119+0000] {processor.py:183} INFO - Processing /home/airflow/.local/lib/python3.8/site-packages/airflow/example_dags/example_python_decorator.py took 0.220 seconds
[2024-10-01T00:20:38.526+0000] {processor.py:161} INFO - Started process (PID=3278) to work on /home/airflow/.local/lib/python3.8/site-packages/airflow/example_dags/example_python_decorator.py
[2024-10-01T00:20:38.529+0000] {processor.py:830} INFO - Processing file /home/airflow/.local/lib/python3.8/site-packages/airflow/example_dags/example_python_decorator.py for tasks to queue
[2024-10-01T00:20:38.534+0000] {logging_mixin.py:188} INFO - [2024-10-01T00:20:38.533+0000] {dagbag.py:538} INFO - Filling up the DagBag from /home/airflow/.local/lib/python3.8/site-packages/airflow/example_dags/example_python_decorator.py
[2024-10-01T00:20:38.581+0000] {processor.py:840} INFO - DAG(s) 'example_python_decorator' retrieved from /home/airflow/.local/lib/python3.8/site-packages/airflow/example_dags/example_python_decorator.py
[2024-10-01T00:20:38.630+0000] {logging_mixin.py:188} INFO - [2024-10-01T00:20:38.629+0000] {dag.py:3036} INFO - Sync 1 DAGs
[2024-10-01T00:20:38.661+0000] {logging_mixin.py:188} INFO - [2024-10-01T00:20:38.660+0000] {dag.py:3823} INFO - Setting next_dagrun for example_python_decorator to None, run_after=None
[2024-10-01T00:20:38.707+0000] {processor.py:183} INFO - Processing /home/airflow/.local/lib/python3.8/site-packages/airflow/example_dags/example_python_decorator.py took 0.189 seconds
[2024-10-01T00:21:09.536+0000] {processor.py:161} INFO - Started process (PID=3344) to work on /home/airflow/.local/lib/python3.8/site-packages/airflow/example_dags/example_python_decorator.py
[2024-10-01T00:21:09.539+0000] {processor.py:830} INFO - Processing file /home/airflow/.local/lib/python3.8/site-packages/airflow/example_dags/example_python_decorator.py for tasks to queue
[2024-10-01T00:21:09.543+0000] {logging_mixin.py:188} INFO - [2024-10-01T00:21:09.542+0000] {dagbag.py:538} INFO - Filling up the DagBag from /home/airflow/.local/lib/python3.8/site-packages/airflow/example_dags/example_python_decorator.py
[2024-10-01T00:21:09.575+0000] {processor.py:840} INFO - DAG(s) 'example_python_decorator' retrieved from /home/airflow/.local/lib/python3.8/site-packages/airflow/example_dags/example_python_decorator.py
[2024-10-01T00:21:09.623+0000] {logging_mixin.py:188} INFO - [2024-10-01T00:21:09.622+0000] {dag.py:3036} INFO - Sync 1 DAGs
[2024-10-01T00:21:09.656+0000] {logging_mixin.py:188} INFO - [2024-10-01T00:21:09.655+0000] {dag.py:3823} INFO - Setting next_dagrun for example_python_decorator to None, run_after=None
[2024-10-01T00:21:09.703+0000] {processor.py:183} INFO - Processing /home/airflow/.local/lib/python3.8/site-packages/airflow/example_dags/example_python_decorator.py took 0.174 seconds
[2024-10-01T00:21:40.304+0000] {processor.py:161} INFO - Started process (PID=3410) to work on /home/airflow/.local/lib/python3.8/site-packages/airflow/example_dags/example_python_decorator.py
[2024-10-01T00:21:40.306+0000] {processor.py:830} INFO - Processing file /home/airflow/.local/lib/python3.8/site-packages/airflow/example_dags/example_python_decorator.py for tasks to queue
[2024-10-01T00:21:40.310+0000] {logging_mixin.py:188} INFO - [2024-10-01T00:21:40.309+0000] {dagbag.py:538} INFO - Filling up the DagBag from /home/airflow/.local/lib/python3.8/site-packages/airflow/example_dags/example_python_decorator.py
[2024-10-01T00:21:40.338+0000] {processor.py:840} INFO - DAG(s) 'example_python_decorator' retrieved from /home/airflow/.local/lib/python3.8/site-packages/airflow/example_dags/example_python_decorator.py
[2024-10-01T00:21:40.378+0000] {logging_mixin.py:188} INFO - [2024-10-01T00:21:40.377+0000] {dag.py:3036} INFO - Sync 1 DAGs
[2024-10-01T00:21:40.402+0000] {logging_mixin.py:188} INFO - [2024-10-01T00:21:40.402+0000] {dag.py:3823} INFO - Setting next_dagrun for example_python_decorator to None, run_after=None
[2024-10-01T00:21:40.436+0000] {processor.py:183} INFO - Processing /home/airflow/.local/lib/python3.8/site-packages/airflow/example_dags/example_python_decorator.py took 0.141 seconds
[2024-10-01T00:22:10.898+0000] {processor.py:161} INFO - Started process (PID=3476) to work on /home/airflow/.local/lib/python3.8/site-packages/airflow/example_dags/example_python_decorator.py
[2024-10-01T00:22:10.900+0000] {processor.py:830} INFO - Processing file /home/airflow/.local/lib/python3.8/site-packages/airflow/example_dags/example_python_decorator.py for tasks to queue
[2024-10-01T00:22:10.903+0000] {logging_mixin.py:188} INFO - [2024-10-01T00:22:10.902+0000] {dagbag.py:538} INFO - Filling up the DagBag from /home/airflow/.local/lib/python3.8/site-packages/airflow/example_dags/example_python_decorator.py
[2024-10-01T00:22:10.928+0000] {processor.py:840} INFO - DAG(s) 'example_python_decorator' retrieved from /home/airflow/.local/lib/python3.8/site-packages/airflow/example_dags/example_python_decorator.py
[2024-10-01T00:22:10.969+0000] {logging_mixin.py:188} INFO - [2024-10-01T00:22:10.969+0000] {dag.py:3036} INFO - Sync 1 DAGs
[2024-10-01T00:22:10.994+0000] {logging_mixin.py:188} INFO - [2024-10-01T00:22:10.993+0000] {dag.py:3823} INFO - Setting next_dagrun for example_python_decorator to None, run_after=None
[2024-10-01T00:22:11.027+0000] {processor.py:183} INFO - Processing /home/airflow/.local/lib/python3.8/site-packages/airflow/example_dags/example_python_decorator.py took 0.134 seconds
[2024-10-01T00:22:41.555+0000] {processor.py:161} INFO - Started process (PID=3543) to work on /home/airflow/.local/lib/python3.8/site-packages/airflow/example_dags/example_python_decorator.py
[2024-10-01T00:22:41.565+0000] {processor.py:830} INFO - Processing file /home/airflow/.local/lib/python3.8/site-packages/airflow/example_dags/example_python_decorator.py for tasks to queue
[2024-10-01T00:22:41.568+0000] {logging_mixin.py:188} INFO - [2024-10-01T00:22:41.568+0000] {dagbag.py:538} INFO - Filling up the DagBag from /home/airflow/.local/lib/python3.8/site-packages/airflow/example_dags/example_python_decorator.py
[2024-10-01T00:22:41.594+0000] {processor.py:840} INFO - DAG(s) 'example_python_decorator' retrieved from /home/airflow/.local/lib/python3.8/site-packages/airflow/example_dags/example_python_decorator.py
[2024-10-01T00:22:41.632+0000] {logging_mixin.py:188} INFO - [2024-10-01T00:22:41.632+0000] {dag.py:3036} INFO - Sync 1 DAGs
[2024-10-01T00:22:41.653+0000] {logging_mixin.py:188} INFO - [2024-10-01T00:22:41.653+0000] {dag.py:3823} INFO - Setting next_dagrun for example_python_decorator to None, run_after=None
[2024-10-01T00:22:41.681+0000] {processor.py:183} INFO - Processing /home/airflow/.local/lib/python3.8/site-packages/airflow/example_dags/example_python_decorator.py took 0.132 seconds
[2024-10-01T00:23:11.996+0000] {processor.py:161} INFO - Started process (PID=3610) to work on /home/airflow/.local/lib/python3.8/site-packages/airflow/example_dags/example_python_decorator.py
[2024-10-01T00:23:11.998+0000] {processor.py:830} INFO - Processing file /home/airflow/.local/lib/python3.8/site-packages/airflow/example_dags/example_python_decorator.py for tasks to queue
[2024-10-01T00:23:12.002+0000] {logging_mixin.py:188} INFO - [2024-10-01T00:23:12.001+0000] {dagbag.py:538} INFO - Filling up the DagBag from /home/airflow/.local/lib/python3.8/site-packages/airflow/example_dags/example_python_decorator.py
[2024-10-01T00:23:12.028+0000] {processor.py:840} INFO - DAG(s) 'example_python_decorator' retrieved from /home/airflow/.local/lib/python3.8/site-packages/airflow/example_dags/example_python_decorator.py
[2024-10-01T00:23:12.069+0000] {logging_mixin.py:188} INFO - [2024-10-01T00:23:12.069+0000] {dag.py:3036} INFO - Sync 1 DAGs
[2024-10-01T00:23:12.095+0000] {logging_mixin.py:188} INFO - [2024-10-01T00:23:12.095+0000] {dag.py:3823} INFO - Setting next_dagrun for example_python_decorator to None, run_after=None
[2024-10-01T00:23:12.140+0000] {processor.py:183} INFO - Processing /home/airflow/.local/lib/python3.8/site-packages/airflow/example_dags/example_python_decorator.py took 0.150 seconds
[2024-10-01T00:23:42.187+0000] {processor.py:161} INFO - Started process (PID=3676) to work on /home/airflow/.local/lib/python3.8/site-packages/airflow/example_dags/example_python_decorator.py
[2024-10-01T00:23:42.189+0000] {processor.py:830} INFO - Processing file /home/airflow/.local/lib/python3.8/site-packages/airflow/example_dags/example_python_decorator.py for tasks to queue
[2024-10-01T00:23:42.193+0000] {logging_mixin.py:188} INFO - [2024-10-01T00:23:42.192+0000] {dagbag.py:538} INFO - Filling up the DagBag from /home/airflow/.local/lib/python3.8/site-packages/airflow/example_dags/example_python_decorator.py
[2024-10-01T00:23:42.220+0000] {processor.py:840} INFO - DAG(s) 'example_python_decorator' retrieved from /home/airflow/.local/lib/python3.8/site-packages/airflow/example_dags/example_python_decorator.py
[2024-10-01T00:23:42.261+0000] {logging_mixin.py:188} INFO - [2024-10-01T00:23:42.261+0000] {dag.py:3036} INFO - Sync 1 DAGs
[2024-10-01T00:23:42.285+0000] {logging_mixin.py:188} INFO - [2024-10-01T00:23:42.285+0000] {dag.py:3823} INFO - Setting next_dagrun for example_python_decorator to None, run_after=None
[2024-10-01T00:23:42.326+0000] {processor.py:183} INFO - Processing /home/airflow/.local/lib/python3.8/site-packages/airflow/example_dags/example_python_decorator.py took 0.146 seconds
[2024-10-01T00:24:12.878+0000] {processor.py:161} INFO - Started process (PID=3742) to work on /home/airflow/.local/lib/python3.8/site-packages/airflow/example_dags/example_python_decorator.py
[2024-10-01T00:24:12.882+0000] {processor.py:830} INFO - Processing file /home/airflow/.local/lib/python3.8/site-packages/airflow/example_dags/example_python_decorator.py for tasks to queue
[2024-10-01T00:24:12.887+0000] {logging_mixin.py:188} INFO - [2024-10-01T00:24:12.886+0000] {dagbag.py:538} INFO - Filling up the DagBag from /home/airflow/.local/lib/python3.8/site-packages/airflow/example_dags/example_python_decorator.py
[2024-10-01T00:24:12.930+0000] {processor.py:840} INFO - DAG(s) 'example_python_decorator' retrieved from /home/airflow/.local/lib/python3.8/site-packages/airflow/example_dags/example_python_decorator.py
[2024-10-01T00:24:12.994+0000] {logging_mixin.py:188} INFO - [2024-10-01T00:24:12.993+0000] {dag.py:3036} INFO - Sync 1 DAGs
[2024-10-01T00:24:13.033+0000] {logging_mixin.py:188} INFO - [2024-10-01T00:24:13.033+0000] {dag.py:3823} INFO - Setting next_dagrun for example_python_decorator to None, run_after=None
[2024-10-01T00:24:13.095+0000] {processor.py:183} INFO - Processing /home/airflow/.local/lib/python3.8/site-packages/airflow/example_dags/example_python_decorator.py took 0.227 seconds
[2024-10-01T00:24:43.515+0000] {processor.py:161} INFO - Started process (PID=3808) to work on /home/airflow/.local/lib/python3.8/site-packages/airflow/example_dags/example_python_decorator.py
[2024-10-01T00:24:43.518+0000] {processor.py:830} INFO - Processing file /home/airflow/.local/lib/python3.8/site-packages/airflow/example_dags/example_python_decorator.py for tasks to queue
[2024-10-01T00:24:43.522+0000] {logging_mixin.py:188} INFO - [2024-10-01T00:24:43.522+0000] {dagbag.py:538} INFO - Filling up the DagBag from /home/airflow/.local/lib/python3.8/site-packages/airflow/example_dags/example_python_decorator.py
[2024-10-01T00:24:43.559+0000] {processor.py:840} INFO - DAG(s) 'example_python_decorator' retrieved from /home/airflow/.local/lib/python3.8/site-packages/airflow/example_dags/example_python_decorator.py
[2024-10-01T00:24:43.621+0000] {logging_mixin.py:188} INFO - [2024-10-01T00:24:43.620+0000] {dag.py:3036} INFO - Sync 1 DAGs
[2024-10-01T00:24:43.656+0000] {logging_mixin.py:188} INFO - [2024-10-01T00:24:43.656+0000] {dag.py:3823} INFO - Setting next_dagrun for example_python_decorator to None, run_after=None
[2024-10-01T00:24:43.727+0000] {processor.py:183} INFO - Processing /home/airflow/.local/lib/python3.8/site-packages/airflow/example_dags/example_python_decorator.py took 0.221 seconds
[2024-10-01T00:25:13.900+0000] {processor.py:161} INFO - Started process (PID=3874) to work on /home/airflow/.local/lib/python3.8/site-packages/airflow/example_dags/example_python_decorator.py
[2024-10-01T00:25:13.903+0000] {processor.py:830} INFO - Processing file /home/airflow/.local/lib/python3.8/site-packages/airflow/example_dags/example_python_decorator.py for tasks to queue
[2024-10-01T00:25:13.909+0000] {logging_mixin.py:188} INFO - [2024-10-01T00:25:13.908+0000] {dagbag.py:538} INFO - Filling up the DagBag from /home/airflow/.local/lib/python3.8/site-packages/airflow/example_dags/example_python_decorator.py
[2024-10-01T00:25:13.963+0000] {processor.py:840} INFO - DAG(s) 'example_python_decorator' retrieved from /home/airflow/.local/lib/python3.8/site-packages/airflow/example_dags/example_python_decorator.py
[2024-10-01T00:25:14.038+0000] {logging_mixin.py:188} INFO - [2024-10-01T00:25:14.037+0000] {dag.py:3036} INFO - Sync 1 DAGs
[2024-10-01T00:25:14.079+0000] {logging_mixin.py:188} INFO - [2024-10-01T00:25:14.079+0000] {dag.py:3823} INFO - Setting next_dagrun for example_python_decorator to None, run_after=None
[2024-10-01T00:25:14.138+0000] {processor.py:183} INFO - Processing /home/airflow/.local/lib/python3.8/site-packages/airflow/example_dags/example_python_decorator.py took 0.253 seconds
[2024-10-01T00:25:44.711+0000] {processor.py:161} INFO - Started process (PID=3940) to work on /home/airflow/.local/lib/python3.8/site-packages/airflow/example_dags/example_python_decorator.py
[2024-10-01T00:25:44.715+0000] {processor.py:830} INFO - Processing file /home/airflow/.local/lib/python3.8/site-packages/airflow/example_dags/example_python_decorator.py for tasks to queue
[2024-10-01T00:25:44.722+0000] {logging_mixin.py:188} INFO - [2024-10-01T00:25:44.721+0000] {dagbag.py:538} INFO - Filling up the DagBag from /home/airflow/.local/lib/python3.8/site-packages/airflow/example_dags/example_python_decorator.py
[2024-10-01T00:25:44.767+0000] {processor.py:840} INFO - DAG(s) 'example_python_decorator' retrieved from /home/airflow/.local/lib/python3.8/site-packages/airflow/example_dags/example_python_decorator.py
[2024-10-01T00:25:44.838+0000] {logging_mixin.py:188} INFO - [2024-10-01T00:25:44.837+0000] {dag.py:3036} INFO - Sync 1 DAGs
[2024-10-01T00:25:44.879+0000] {logging_mixin.py:188} INFO - [2024-10-01T00:25:44.878+0000] {dag.py:3823} INFO - Setting next_dagrun for example_python_decorator to None, run_after=None
[2024-10-01T00:25:44.935+0000] {processor.py:183} INFO - Processing /home/airflow/.local/lib/python3.8/site-packages/airflow/example_dags/example_python_decorator.py took 0.235 seconds
[2024-10-01T00:26:15.363+0000] {processor.py:161} INFO - Started process (PID=4004) to work on /home/airflow/.local/lib/python3.8/site-packages/airflow/example_dags/example_python_decorator.py
[2024-10-01T00:26:15.365+0000] {processor.py:830} INFO - Processing file /home/airflow/.local/lib/python3.8/site-packages/airflow/example_dags/example_python_decorator.py for tasks to queue
[2024-10-01T00:26:15.368+0000] {logging_mixin.py:188} INFO - [2024-10-01T00:26:15.367+0000] {dagbag.py:538} INFO - Filling up the DagBag from /home/airflow/.local/lib/python3.8/site-packages/airflow/example_dags/example_python_decorator.py
[2024-10-01T00:26:15.387+0000] {processor.py:840} INFO - DAG(s) 'example_python_decorator' retrieved from /home/airflow/.local/lib/python3.8/site-packages/airflow/example_dags/example_python_decorator.py
[2024-10-01T00:26:15.421+0000] {logging_mixin.py:188} INFO - [2024-10-01T00:26:15.421+0000] {dag.py:3036} INFO - Sync 1 DAGs
[2024-10-01T00:26:15.441+0000] {logging_mixin.py:188} INFO - [2024-10-01T00:26:15.440+0000] {dag.py:3823} INFO - Setting next_dagrun for example_python_decorator to None, run_after=None
[2024-10-01T00:26:15.469+0000] {processor.py:183} INFO - Processing /home/airflow/.local/lib/python3.8/site-packages/airflow/example_dags/example_python_decorator.py took 0.110 seconds
[2024-10-01T00:26:46.344+0000] {processor.py:161} INFO - Started process (PID=4070) to work on /home/airflow/.local/lib/python3.8/site-packages/airflow/example_dags/example_python_decorator.py
[2024-10-01T00:26:46.347+0000] {processor.py:830} INFO - Processing file /home/airflow/.local/lib/python3.8/site-packages/airflow/example_dags/example_python_decorator.py for tasks to queue
[2024-10-01T00:26:46.353+0000] {logging_mixin.py:188} INFO - [2024-10-01T00:26:46.352+0000] {dagbag.py:538} INFO - Filling up the DagBag from /home/airflow/.local/lib/python3.8/site-packages/airflow/example_dags/example_python_decorator.py
[2024-10-01T00:26:46.399+0000] {processor.py:840} INFO - DAG(s) 'example_python_decorator' retrieved from /home/airflow/.local/lib/python3.8/site-packages/airflow/example_dags/example_python_decorator.py
[2024-10-01T00:26:46.470+0000] {logging_mixin.py:188} INFO - [2024-10-01T00:26:46.470+0000] {dag.py:3036} INFO - Sync 1 DAGs
[2024-10-01T00:26:46.510+0000] {logging_mixin.py:188} INFO - [2024-10-01T00:26:46.509+0000] {dag.py:3823} INFO - Setting next_dagrun for example_python_decorator to None, run_after=None
[2024-10-01T00:26:46.573+0000] {processor.py:183} INFO - Processing /home/airflow/.local/lib/python3.8/site-packages/airflow/example_dags/example_python_decorator.py took 0.242 seconds
[2024-10-01T00:27:16.855+0000] {processor.py:161} INFO - Started process (PID=4136) to work on /home/airflow/.local/lib/python3.8/site-packages/airflow/example_dags/example_python_decorator.py
[2024-10-01T00:27:16.857+0000] {processor.py:830} INFO - Processing file /home/airflow/.local/lib/python3.8/site-packages/airflow/example_dags/example_python_decorator.py for tasks to queue
[2024-10-01T00:27:16.860+0000] {logging_mixin.py:188} INFO - [2024-10-01T00:27:16.860+0000] {dagbag.py:538} INFO - Filling up the DagBag from /home/airflow/.local/lib/python3.8/site-packages/airflow/example_dags/example_python_decorator.py
[2024-10-01T00:27:16.886+0000] {processor.py:840} INFO - DAG(s) 'example_python_decorator' retrieved from /home/airflow/.local/lib/python3.8/site-packages/airflow/example_dags/example_python_decorator.py
[2024-10-01T00:27:16.929+0000] {logging_mixin.py:188} INFO - [2024-10-01T00:27:16.929+0000] {dag.py:3036} INFO - Sync 1 DAGs
[2024-10-01T00:27:16.957+0000] {logging_mixin.py:188} INFO - [2024-10-01T00:27:16.956+0000] {dag.py:3823} INFO - Setting next_dagrun for example_python_decorator to None, run_after=None
[2024-10-01T00:27:16.996+0000] {processor.py:183} INFO - Processing /home/airflow/.local/lib/python3.8/site-packages/airflow/example_dags/example_python_decorator.py took 0.148 seconds
[2024-10-01T00:27:47.256+0000] {processor.py:161} INFO - Started process (PID=4202) to work on /home/airflow/.local/lib/python3.8/site-packages/airflow/example_dags/example_python_decorator.py
[2024-10-01T00:27:47.260+0000] {processor.py:830} INFO - Processing file /home/airflow/.local/lib/python3.8/site-packages/airflow/example_dags/example_python_decorator.py for tasks to queue
[2024-10-01T00:27:47.268+0000] {logging_mixin.py:188} INFO - [2024-10-01T00:27:47.267+0000] {dagbag.py:538} INFO - Filling up the DagBag from /home/airflow/.local/lib/python3.8/site-packages/airflow/example_dags/example_python_decorator.py
[2024-10-01T00:27:47.328+0000] {processor.py:840} INFO - DAG(s) 'example_python_decorator' retrieved from /home/airflow/.local/lib/python3.8/site-packages/airflow/example_dags/example_python_decorator.py
[2024-10-01T00:27:47.440+0000] {logging_mixin.py:188} INFO - [2024-10-01T00:27:47.439+0000] {dag.py:3036} INFO - Sync 1 DAGs
[2024-10-01T00:27:47.521+0000] {logging_mixin.py:188} INFO - [2024-10-01T00:27:47.518+0000] {dag.py:3823} INFO - Setting next_dagrun for example_python_decorator to None, run_after=None
[2024-10-01T00:27:47.637+0000] {processor.py:183} INFO - Processing /home/airflow/.local/lib/python3.8/site-packages/airflow/example_dags/example_python_decorator.py took 0.397 seconds
[2024-10-01T00:28:17.799+0000] {processor.py:161} INFO - Started process (PID=4260) to work on /home/airflow/.local/lib/python3.8/site-packages/airflow/example_dags/example_python_decorator.py
[2024-10-01T00:28:17.803+0000] {processor.py:830} INFO - Processing file /home/airflow/.local/lib/python3.8/site-packages/airflow/example_dags/example_python_decorator.py for tasks to queue
[2024-10-01T00:28:17.808+0000] {logging_mixin.py:188} INFO - [2024-10-01T00:28:17.807+0000] {dagbag.py:538} INFO - Filling up the DagBag from /home/airflow/.local/lib/python3.8/site-packages/airflow/example_dags/example_python_decorator.py
[2024-10-01T00:28:17.855+0000] {processor.py:840} INFO - DAG(s) 'example_python_decorator' retrieved from /home/airflow/.local/lib/python3.8/site-packages/airflow/example_dags/example_python_decorator.py
[2024-10-01T00:28:17.927+0000] {logging_mixin.py:188} INFO - [2024-10-01T00:28:17.926+0000] {dag.py:3036} INFO - Sync 1 DAGs
[2024-10-01T00:28:17.966+0000] {logging_mixin.py:188} INFO - [2024-10-01T00:28:17.965+0000] {dag.py:3823} INFO - Setting next_dagrun for example_python_decorator to None, run_after=None
[2024-10-01T00:28:18.021+0000] {processor.py:183} INFO - Processing /home/airflow/.local/lib/python3.8/site-packages/airflow/example_dags/example_python_decorator.py took 0.233 seconds
[2024-10-01T00:28:48.404+0000] {processor.py:161} INFO - Started process (PID=4326) to work on /home/airflow/.local/lib/python3.8/site-packages/airflow/example_dags/example_python_decorator.py
[2024-10-01T00:28:48.408+0000] {processor.py:830} INFO - Processing file /home/airflow/.local/lib/python3.8/site-packages/airflow/example_dags/example_python_decorator.py for tasks to queue
[2024-10-01T00:28:48.419+0000] {logging_mixin.py:188} INFO - [2024-10-01T00:28:48.417+0000] {dagbag.py:538} INFO - Filling up the DagBag from /home/airflow/.local/lib/python3.8/site-packages/airflow/example_dags/example_python_decorator.py
[2024-10-01T00:28:48.486+0000] {processor.py:840} INFO - DAG(s) 'example_python_decorator' retrieved from /home/airflow/.local/lib/python3.8/site-packages/airflow/example_dags/example_python_decorator.py
[2024-10-01T00:28:48.578+0000] {logging_mixin.py:188} INFO - [2024-10-01T00:28:48.577+0000] {dag.py:3036} INFO - Sync 1 DAGs
[2024-10-01T00:28:48.641+0000] {logging_mixin.py:188} INFO - [2024-10-01T00:28:48.640+0000] {dag.py:3823} INFO - Setting next_dagrun for example_python_decorator to None, run_after=None
[2024-10-01T00:28:48.723+0000] {processor.py:183} INFO - Processing /home/airflow/.local/lib/python3.8/site-packages/airflow/example_dags/example_python_decorator.py took 0.334 seconds
[2024-10-01T00:29:18.869+0000] {processor.py:161} INFO - Started process (PID=4392) to work on /home/airflow/.local/lib/python3.8/site-packages/airflow/example_dags/example_python_decorator.py
[2024-10-01T00:29:18.872+0000] {processor.py:830} INFO - Processing file /home/airflow/.local/lib/python3.8/site-packages/airflow/example_dags/example_python_decorator.py for tasks to queue
[2024-10-01T00:29:18.877+0000] {logging_mixin.py:188} INFO - [2024-10-01T00:29:18.876+0000] {dagbag.py:538} INFO - Filling up the DagBag from /home/airflow/.local/lib/python3.8/site-packages/airflow/example_dags/example_python_decorator.py
[2024-10-01T00:29:18.914+0000] {processor.py:840} INFO - DAG(s) 'example_python_decorator' retrieved from /home/airflow/.local/lib/python3.8/site-packages/airflow/example_dags/example_python_decorator.py
[2024-10-01T00:29:18.970+0000] {logging_mixin.py:188} INFO - [2024-10-01T00:29:18.970+0000] {dag.py:3036} INFO - Sync 1 DAGs
[2024-10-01T00:29:19.003+0000] {logging_mixin.py:188} INFO - [2024-10-01T00:29:19.003+0000] {dag.py:3823} INFO - Setting next_dagrun for example_python_decorator to None, run_after=None
[2024-10-01T00:29:19.062+0000] {processor.py:183} INFO - Processing /home/airflow/.local/lib/python3.8/site-packages/airflow/example_dags/example_python_decorator.py took 0.205 seconds
[2024-10-01T00:29:49.356+0000] {processor.py:161} INFO - Started process (PID=4458) to work on /home/airflow/.local/lib/python3.8/site-packages/airflow/example_dags/example_python_decorator.py
[2024-10-01T00:29:49.367+0000] {processor.py:830} INFO - Processing file /home/airflow/.local/lib/python3.8/site-packages/airflow/example_dags/example_python_decorator.py for tasks to queue
[2024-10-01T00:29:49.376+0000] {logging_mixin.py:188} INFO - [2024-10-01T00:29:49.374+0000] {dagbag.py:538} INFO - Filling up the DagBag from /home/airflow/.local/lib/python3.8/site-packages/airflow/example_dags/example_python_decorator.py
[2024-10-01T00:29:49.428+0000] {processor.py:840} INFO - DAG(s) 'example_python_decorator' retrieved from /home/airflow/.local/lib/python3.8/site-packages/airflow/example_dags/example_python_decorator.py
[2024-10-01T00:29:49.505+0000] {logging_mixin.py:188} INFO - [2024-10-01T00:29:49.504+0000] {dag.py:3036} INFO - Sync 1 DAGs
[2024-10-01T00:29:49.558+0000] {logging_mixin.py:188} INFO - [2024-10-01T00:29:49.557+0000] {dag.py:3823} INFO - Setting next_dagrun for example_python_decorator to None, run_after=None
[2024-10-01T00:29:49.624+0000] {processor.py:183} INFO - Processing /home/airflow/.local/lib/python3.8/site-packages/airflow/example_dags/example_python_decorator.py took 0.282 seconds
[2024-10-01T00:30:20.352+0000] {processor.py:161} INFO - Started process (PID=4524) to work on /home/airflow/.local/lib/python3.8/site-packages/airflow/example_dags/example_python_decorator.py
[2024-10-01T00:30:20.354+0000] {processor.py:830} INFO - Processing file /home/airflow/.local/lib/python3.8/site-packages/airflow/example_dags/example_python_decorator.py for tasks to queue
[2024-10-01T00:30:20.358+0000] {logging_mixin.py:188} INFO - [2024-10-01T00:30:20.357+0000] {dagbag.py:538} INFO - Filling up the DagBag from /home/airflow/.local/lib/python3.8/site-packages/airflow/example_dags/example_python_decorator.py
[2024-10-01T00:30:20.388+0000] {processor.py:840} INFO - DAG(s) 'example_python_decorator' retrieved from /home/airflow/.local/lib/python3.8/site-packages/airflow/example_dags/example_python_decorator.py
[2024-10-01T00:30:20.433+0000] {logging_mixin.py:188} INFO - [2024-10-01T00:30:20.433+0000] {dag.py:3036} INFO - Sync 1 DAGs
[2024-10-01T00:30:20.460+0000] {logging_mixin.py:188} INFO - [2024-10-01T00:30:20.459+0000] {dag.py:3823} INFO - Setting next_dagrun for example_python_decorator to None, run_after=None
[2024-10-01T00:30:20.499+0000] {processor.py:183} INFO - Processing /home/airflow/.local/lib/python3.8/site-packages/airflow/example_dags/example_python_decorator.py took 0.154 seconds
[2024-10-01T00:30:51.078+0000] {processor.py:161} INFO - Started process (PID=4590) to work on /home/airflow/.local/lib/python3.8/site-packages/airflow/example_dags/example_python_decorator.py
[2024-10-01T00:30:51.081+0000] {processor.py:830} INFO - Processing file /home/airflow/.local/lib/python3.8/site-packages/airflow/example_dags/example_python_decorator.py for tasks to queue
[2024-10-01T00:30:51.086+0000] {logging_mixin.py:188} INFO - [2024-10-01T00:30:51.085+0000] {dagbag.py:538} INFO - Filling up the DagBag from /home/airflow/.local/lib/python3.8/site-packages/airflow/example_dags/example_python_decorator.py
[2024-10-01T00:30:51.127+0000] {processor.py:840} INFO - DAG(s) 'example_python_decorator' retrieved from /home/airflow/.local/lib/python3.8/site-packages/airflow/example_dags/example_python_decorator.py
[2024-10-01T00:30:51.202+0000] {logging_mixin.py:188} INFO - [2024-10-01T00:30:51.201+0000] {dag.py:3036} INFO - Sync 1 DAGs
[2024-10-01T00:30:51.239+0000] {logging_mixin.py:188} INFO - [2024-10-01T00:30:51.238+0000] {dag.py:3823} INFO - Setting next_dagrun for example_python_decorator to None, run_after=None
[2024-10-01T00:30:51.300+0000] {processor.py:183} INFO - Processing /home/airflow/.local/lib/python3.8/site-packages/airflow/example_dags/example_python_decorator.py took 0.233 seconds
[2024-10-01T00:31:21.806+0000] {processor.py:161} INFO - Started process (PID=4656) to work on /home/airflow/.local/lib/python3.8/site-packages/airflow/example_dags/example_python_decorator.py
[2024-10-01T00:31:21.809+0000] {processor.py:830} INFO - Processing file /home/airflow/.local/lib/python3.8/site-packages/airflow/example_dags/example_python_decorator.py for tasks to queue
[2024-10-01T00:31:21.813+0000] {logging_mixin.py:188} INFO - [2024-10-01T00:31:21.812+0000] {dagbag.py:538} INFO - Filling up the DagBag from /home/airflow/.local/lib/python3.8/site-packages/airflow/example_dags/example_python_decorator.py
[2024-10-01T00:31:21.847+0000] {processor.py:840} INFO - DAG(s) 'example_python_decorator' retrieved from /home/airflow/.local/lib/python3.8/site-packages/airflow/example_dags/example_python_decorator.py
[2024-10-01T00:31:21.914+0000] {logging_mixin.py:188} INFO - [2024-10-01T00:31:21.913+0000] {dag.py:3036} INFO - Sync 1 DAGs
[2024-10-01T00:31:21.957+0000] {logging_mixin.py:188} INFO - [2024-10-01T00:31:21.956+0000] {dag.py:3823} INFO - Setting next_dagrun for example_python_decorator to None, run_after=None
[2024-10-01T00:31:22.017+0000] {processor.py:183} INFO - Processing /home/airflow/.local/lib/python3.8/site-packages/airflow/example_dags/example_python_decorator.py took 0.221 seconds
[2024-10-01T00:31:52.452+0000] {processor.py:161} INFO - Started process (PID=4714) to work on /home/airflow/.local/lib/python3.8/site-packages/airflow/example_dags/example_python_decorator.py
[2024-10-01T00:31:52.456+0000] {processor.py:830} INFO - Processing file /home/airflow/.local/lib/python3.8/site-packages/airflow/example_dags/example_python_decorator.py for tasks to queue
[2024-10-01T00:31:52.463+0000] {logging_mixin.py:188} INFO - [2024-10-01T00:31:52.461+0000] {dagbag.py:538} INFO - Filling up the DagBag from /home/airflow/.local/lib/python3.8/site-packages/airflow/example_dags/example_python_decorator.py
[2024-10-01T00:31:52.520+0000] {processor.py:840} INFO - DAG(s) 'example_python_decorator' retrieved from /home/airflow/.local/lib/python3.8/site-packages/airflow/example_dags/example_python_decorator.py
[2024-10-01T00:31:52.594+0000] {logging_mixin.py:188} INFO - [2024-10-01T00:31:52.593+0000] {dag.py:3036} INFO - Sync 1 DAGs
[2024-10-01T00:31:52.636+0000] {logging_mixin.py:188} INFO - [2024-10-01T00:31:52.635+0000] {dag.py:3823} INFO - Setting next_dagrun for example_python_decorator to None, run_after=None
[2024-10-01T00:31:52.703+0000] {processor.py:183} INFO - Processing /home/airflow/.local/lib/python3.8/site-packages/airflow/example_dags/example_python_decorator.py took 0.263 seconds
[2024-10-01T00:32:23.425+0000] {processor.py:161} INFO - Started process (PID=4780) to work on /home/airflow/.local/lib/python3.8/site-packages/airflow/example_dags/example_python_decorator.py
[2024-10-01T00:32:23.429+0000] {processor.py:830} INFO - Processing file /home/airflow/.local/lib/python3.8/site-packages/airflow/example_dags/example_python_decorator.py for tasks to queue
[2024-10-01T00:32:23.434+0000] {logging_mixin.py:188} INFO - [2024-10-01T00:32:23.433+0000] {dagbag.py:538} INFO - Filling up the DagBag from /home/airflow/.local/lib/python3.8/site-packages/airflow/example_dags/example_python_decorator.py
[2024-10-01T00:32:23.476+0000] {processor.py:840} INFO - DAG(s) 'example_python_decorator' retrieved from /home/airflow/.local/lib/python3.8/site-packages/airflow/example_dags/example_python_decorator.py
[2024-10-01T00:32:23.542+0000] {logging_mixin.py:188} INFO - [2024-10-01T00:32:23.541+0000] {dag.py:3036} INFO - Sync 1 DAGs
[2024-10-01T00:32:23.578+0000] {logging_mixin.py:188} INFO - [2024-10-01T00:32:23.578+0000] {dag.py:3823} INFO - Setting next_dagrun for example_python_decorator to None, run_after=None
[2024-10-01T00:32:23.632+0000] {processor.py:183} INFO - Processing /home/airflow/.local/lib/python3.8/site-packages/airflow/example_dags/example_python_decorator.py took 0.218 seconds
[2024-10-01T00:32:53.953+0000] {processor.py:161} INFO - Started process (PID=4846) to work on /home/airflow/.local/lib/python3.8/site-packages/airflow/example_dags/example_python_decorator.py
[2024-10-01T00:32:53.956+0000] {processor.py:830} INFO - Processing file /home/airflow/.local/lib/python3.8/site-packages/airflow/example_dags/example_python_decorator.py for tasks to queue
[2024-10-01T00:32:53.960+0000] {logging_mixin.py:188} INFO - [2024-10-01T00:32:53.960+0000] {dagbag.py:538} INFO - Filling up the DagBag from /home/airflow/.local/lib/python3.8/site-packages/airflow/example_dags/example_python_decorator.py
[2024-10-01T00:32:53.998+0000] {processor.py:840} INFO - DAG(s) 'example_python_decorator' retrieved from /home/airflow/.local/lib/python3.8/site-packages/airflow/example_dags/example_python_decorator.py
[2024-10-01T00:32:54.061+0000] {logging_mixin.py:188} INFO - [2024-10-01T00:32:54.061+0000] {dag.py:3036} INFO - Sync 1 DAGs
[2024-10-01T00:32:54.096+0000] {logging_mixin.py:188} INFO - [2024-10-01T00:32:54.095+0000] {dag.py:3823} INFO - Setting next_dagrun for example_python_decorator to None, run_after=None
[2024-10-01T00:32:54.150+0000] {processor.py:183} INFO - Processing /home/airflow/.local/lib/python3.8/site-packages/airflow/example_dags/example_python_decorator.py took 0.208 seconds
[2024-10-01T00:33:24.421+0000] {processor.py:161} INFO - Started process (PID=4904) to work on /home/airflow/.local/lib/python3.8/site-packages/airflow/example_dags/example_python_decorator.py
[2024-10-01T00:33:24.425+0000] {processor.py:830} INFO - Processing file /home/airflow/.local/lib/python3.8/site-packages/airflow/example_dags/example_python_decorator.py for tasks to queue
[2024-10-01T00:33:24.429+0000] {logging_mixin.py:188} INFO - [2024-10-01T00:33:24.428+0000] {dagbag.py:538} INFO - Filling up the DagBag from /home/airflow/.local/lib/python3.8/site-packages/airflow/example_dags/example_python_decorator.py
[2024-10-01T00:33:24.455+0000] {processor.py:840} INFO - DAG(s) 'example_python_decorator' retrieved from /home/airflow/.local/lib/python3.8/site-packages/airflow/example_dags/example_python_decorator.py
[2024-10-01T00:33:24.498+0000] {logging_mixin.py:188} INFO - [2024-10-01T00:33:24.498+0000] {dag.py:3036} INFO - Sync 1 DAGs
[2024-10-01T00:33:24.524+0000] {logging_mixin.py:188} INFO - [2024-10-01T00:33:24.523+0000] {dag.py:3823} INFO - Setting next_dagrun for example_python_decorator to None, run_after=None
[2024-10-01T00:33:24.566+0000] {processor.py:183} INFO - Processing /home/airflow/.local/lib/python3.8/site-packages/airflow/example_dags/example_python_decorator.py took 0.151 seconds
[2024-10-01T00:33:56.259+0000] {processor.py:161} INFO - Started process (PID=4969) to work on /home/airflow/.local/lib/python3.8/site-packages/airflow/example_dags/example_python_decorator.py
[2024-10-01T00:33:56.267+0000] {processor.py:830} INFO - Processing file /home/airflow/.local/lib/python3.8/site-packages/airflow/example_dags/example_python_decorator.py for tasks to queue
[2024-10-01T00:33:56.287+0000] {logging_mixin.py:188} INFO - [2024-10-01T00:33:56.283+0000] {dagbag.py:538} INFO - Filling up the DagBag from /home/airflow/.local/lib/python3.8/site-packages/airflow/example_dags/example_python_decorator.py
[2024-10-01T00:33:56.429+0000] {processor.py:840} INFO - DAG(s) 'example_python_decorator' retrieved from /home/airflow/.local/lib/python3.8/site-packages/airflow/example_dags/example_python_decorator.py
[2024-10-01T00:33:56.626+0000] {logging_mixin.py:188} INFO - [2024-10-01T00:33:56.624+0000] {dag.py:3036} INFO - Sync 1 DAGs
[2024-10-01T00:33:56.713+0000] {logging_mixin.py:188} INFO - [2024-10-01T00:33:56.712+0000] {dag.py:3823} INFO - Setting next_dagrun for example_python_decorator to None, run_after=None
[2024-10-01T00:33:56.850+0000] {processor.py:183} INFO - Processing /home/airflow/.local/lib/python3.8/site-packages/airflow/example_dags/example_python_decorator.py took 0.636 seconds
[2024-10-01T00:34:26.990+0000] {processor.py:161} INFO - Started process (PID=5035) to work on /home/airflow/.local/lib/python3.8/site-packages/airflow/example_dags/example_python_decorator.py
[2024-10-01T00:34:26.994+0000] {processor.py:830} INFO - Processing file /home/airflow/.local/lib/python3.8/site-packages/airflow/example_dags/example_python_decorator.py for tasks to queue
[2024-10-01T00:34:27.002+0000] {logging_mixin.py:188} INFO - [2024-10-01T00:34:27.000+0000] {dagbag.py:538} INFO - Filling up the DagBag from /home/airflow/.local/lib/python3.8/site-packages/airflow/example_dags/example_python_decorator.py
[2024-10-01T00:34:27.068+0000] {processor.py:840} INFO - DAG(s) 'example_python_decorator' retrieved from /home/airflow/.local/lib/python3.8/site-packages/airflow/example_dags/example_python_decorator.py
[2024-10-01T00:34:27.169+0000] {logging_mixin.py:188} INFO - [2024-10-01T00:34:27.167+0000] {dag.py:3036} INFO - Sync 1 DAGs
[2024-10-01T00:34:27.247+0000] {logging_mixin.py:188} INFO - [2024-10-01T00:34:27.246+0000] {dag.py:3823} INFO - Setting next_dagrun for example_python_decorator to None, run_after=None
[2024-10-01T00:34:27.348+0000] {processor.py:183} INFO - Processing /home/airflow/.local/lib/python3.8/site-packages/airflow/example_dags/example_python_decorator.py took 0.374 seconds
