[2024-10-01T00:00:30.211+0000] {processor.py:161} INFO - Started process (PID=812) to work on /home/airflow/.local/lib/python3.8/site-packages/airflow/example_dags/example_local_kubernetes_executor.py
[2024-10-01T00:00:30.214+0000] {processor.py:830} INFO - Processing file /home/airflow/.local/lib/python3.8/site-packages/airflow/example_dags/example_local_kubernetes_executor.py for tasks to queue
[2024-10-01T00:00:30.221+0000] {logging_mixin.py:188} INFO - [2024-10-01T00:00:30.220+0000] {dagbag.py:538} INFO - Filling up the DagBag from /home/airflow/.local/lib/python3.8/site-packages/airflow/example_dags/example_local_kubernetes_executor.py
[2024-10-01T00:00:30.244+0000] {processor.py:840} INFO - DAG(s) 'example_local_kubernetes_executor' retrieved from /home/airflow/.local/lib/python3.8/site-packages/airflow/example_dags/example_local_kubernetes_executor.py
[2024-10-01T00:00:30.341+0000] {logging_mixin.py:188} INFO - [2024-10-01T00:00:30.340+0000] {dag.py:3036} INFO - Sync 1 DAGs
[2024-10-01T00:00:30.377+0000] {logging_mixin.py:188} INFO - [2024-10-01T00:00:30.377+0000] {dag.py:3823} INFO - Setting next_dagrun for example_local_kubernetes_executor to None, run_after=None
[2024-10-01T00:00:30.431+0000] {processor.py:183} INFO - Processing /home/airflow/.local/lib/python3.8/site-packages/airflow/example_dags/example_local_kubernetes_executor.py took 0.233 seconds
[2024-10-01T00:01:01.334+0000] {processor.py:161} INFO - Started process (PID=878) to work on /home/airflow/.local/lib/python3.8/site-packages/airflow/example_dags/example_local_kubernetes_executor.py
[2024-10-01T00:01:01.340+0000] {processor.py:830} INFO - Processing file /home/airflow/.local/lib/python3.8/site-packages/airflow/example_dags/example_local_kubernetes_executor.py for tasks to queue
[2024-10-01T00:01:01.350+0000] {logging_mixin.py:188} INFO - [2024-10-01T00:01:01.348+0000] {dagbag.py:538} INFO - Filling up the DagBag from /home/airflow/.local/lib/python3.8/site-packages/airflow/example_dags/example_local_kubernetes_executor.py
[2024-10-01T00:01:01.403+0000] {processor.py:840} INFO - DAG(s) 'example_local_kubernetes_executor' retrieved from /home/airflow/.local/lib/python3.8/site-packages/airflow/example_dags/example_local_kubernetes_executor.py
[2024-10-01T00:01:01.676+0000] {logging_mixin.py:188} INFO - [2024-10-01T00:01:01.674+0000] {dag.py:3036} INFO - Sync 1 DAGs
[2024-10-01T00:01:01.804+0000] {logging_mixin.py:188} INFO - [2024-10-01T00:01:01.802+0000] {dag.py:3823} INFO - Setting next_dagrun for example_local_kubernetes_executor to None, run_after=None
[2024-10-01T00:01:01.974+0000] {processor.py:183} INFO - Processing /home/airflow/.local/lib/python3.8/site-packages/airflow/example_dags/example_local_kubernetes_executor.py took 0.670 seconds
[2024-10-01T00:01:32.432+0000] {processor.py:161} INFO - Started process (PID=936) to work on /home/airflow/.local/lib/python3.8/site-packages/airflow/example_dags/example_local_kubernetes_executor.py
[2024-10-01T00:01:32.434+0000] {processor.py:830} INFO - Processing file /home/airflow/.local/lib/python3.8/site-packages/airflow/example_dags/example_local_kubernetes_executor.py for tasks to queue
[2024-10-01T00:01:32.438+0000] {logging_mixin.py:188} INFO - [2024-10-01T00:01:32.437+0000] {dagbag.py:538} INFO - Filling up the DagBag from /home/airflow/.local/lib/python3.8/site-packages/airflow/example_dags/example_local_kubernetes_executor.py
[2024-10-01T00:01:32.452+0000] {processor.py:840} INFO - DAG(s) 'example_local_kubernetes_executor' retrieved from /home/airflow/.local/lib/python3.8/site-packages/airflow/example_dags/example_local_kubernetes_executor.py
[2024-10-01T00:01:32.517+0000] {logging_mixin.py:188} INFO - [2024-10-01T00:01:32.516+0000] {dag.py:3036} INFO - Sync 1 DAGs
[2024-10-01T00:01:32.543+0000] {logging_mixin.py:188} INFO - [2024-10-01T00:01:32.542+0000] {dag.py:3823} INFO - Setting next_dagrun for example_local_kubernetes_executor to None, run_after=None
[2024-10-01T00:01:32.575+0000] {processor.py:183} INFO - Processing /home/airflow/.local/lib/python3.8/site-packages/airflow/example_dags/example_local_kubernetes_executor.py took 0.149 seconds
[2024-10-01T00:02:02.986+0000] {processor.py:161} INFO - Started process (PID=1002) to work on /home/airflow/.local/lib/python3.8/site-packages/airflow/example_dags/example_local_kubernetes_executor.py
[2024-10-01T00:02:02.987+0000] {processor.py:830} INFO - Processing file /home/airflow/.local/lib/python3.8/site-packages/airflow/example_dags/example_local_kubernetes_executor.py for tasks to queue
[2024-10-01T00:02:02.990+0000] {logging_mixin.py:188} INFO - [2024-10-01T00:02:02.990+0000] {dagbag.py:538} INFO - Filling up the DagBag from /home/airflow/.local/lib/python3.8/site-packages/airflow/example_dags/example_local_kubernetes_executor.py
[2024-10-01T00:02:03.002+0000] {processor.py:840} INFO - DAG(s) 'example_local_kubernetes_executor' retrieved from /home/airflow/.local/lib/python3.8/site-packages/airflow/example_dags/example_local_kubernetes_executor.py
[2024-10-01T00:02:03.055+0000] {logging_mixin.py:188} INFO - [2024-10-01T00:02:03.055+0000] {dag.py:3036} INFO - Sync 1 DAGs
[2024-10-01T00:02:03.078+0000] {logging_mixin.py:188} INFO - [2024-10-01T00:02:03.078+0000] {dag.py:3823} INFO - Setting next_dagrun for example_local_kubernetes_executor to None, run_after=None
[2024-10-01T00:02:03.109+0000] {processor.py:183} INFO - Processing /home/airflow/.local/lib/python3.8/site-packages/airflow/example_dags/example_local_kubernetes_executor.py took 0.129 seconds
[2024-10-01T00:02:33.268+0000] {processor.py:161} INFO - Started process (PID=1068) to work on /home/airflow/.local/lib/python3.8/site-packages/airflow/example_dags/example_local_kubernetes_executor.py
[2024-10-01T00:02:33.270+0000] {processor.py:830} INFO - Processing file /home/airflow/.local/lib/python3.8/site-packages/airflow/example_dags/example_local_kubernetes_executor.py for tasks to queue
[2024-10-01T00:02:33.274+0000] {logging_mixin.py:188} INFO - [2024-10-01T00:02:33.274+0000] {dagbag.py:538} INFO - Filling up the DagBag from /home/airflow/.local/lib/python3.8/site-packages/airflow/example_dags/example_local_kubernetes_executor.py
[2024-10-01T00:02:33.296+0000] {processor.py:840} INFO - DAG(s) 'example_local_kubernetes_executor' retrieved from /home/airflow/.local/lib/python3.8/site-packages/airflow/example_dags/example_local_kubernetes_executor.py
[2024-10-01T00:02:33.381+0000] {logging_mixin.py:188} INFO - [2024-10-01T00:02:33.380+0000] {dag.py:3036} INFO - Sync 1 DAGs
[2024-10-01T00:02:33.407+0000] {logging_mixin.py:188} INFO - [2024-10-01T00:02:33.406+0000] {dag.py:3823} INFO - Setting next_dagrun for example_local_kubernetes_executor to None, run_after=None
[2024-10-01T00:02:33.449+0000] {processor.py:183} INFO - Processing /home/airflow/.local/lib/python3.8/site-packages/airflow/example_dags/example_local_kubernetes_executor.py took 0.188 seconds
[2024-10-01T00:03:04.166+0000] {processor.py:161} INFO - Started process (PID=1132) to work on /home/airflow/.local/lib/python3.8/site-packages/airflow/example_dags/example_local_kubernetes_executor.py
[2024-10-01T00:03:04.168+0000] {processor.py:830} INFO - Processing file /home/airflow/.local/lib/python3.8/site-packages/airflow/example_dags/example_local_kubernetes_executor.py for tasks to queue
[2024-10-01T00:03:04.171+0000] {logging_mixin.py:188} INFO - [2024-10-01T00:03:04.170+0000] {dagbag.py:538} INFO - Filling up the DagBag from /home/airflow/.local/lib/python3.8/site-packages/airflow/example_dags/example_local_kubernetes_executor.py
[2024-10-01T00:03:04.186+0000] {processor.py:840} INFO - DAG(s) 'example_local_kubernetes_executor' retrieved from /home/airflow/.local/lib/python3.8/site-packages/airflow/example_dags/example_local_kubernetes_executor.py
[2024-10-01T00:03:04.249+0000] {logging_mixin.py:188} INFO - [2024-10-01T00:03:04.248+0000] {dag.py:3036} INFO - Sync 1 DAGs
[2024-10-01T00:03:04.274+0000] {logging_mixin.py:188} INFO - [2024-10-01T00:03:04.273+0000] {dag.py:3823} INFO - Setting next_dagrun for example_local_kubernetes_executor to None, run_after=None
[2024-10-01T00:03:04.312+0000] {processor.py:183} INFO - Processing /home/airflow/.local/lib/python3.8/site-packages/airflow/example_dags/example_local_kubernetes_executor.py took 0.152 seconds
[2024-10-01T00:03:34.595+0000] {processor.py:161} INFO - Started process (PID=1198) to work on /home/airflow/.local/lib/python3.8/site-packages/airflow/example_dags/example_local_kubernetes_executor.py
[2024-10-01T00:03:34.598+0000] {processor.py:830} INFO - Processing file /home/airflow/.local/lib/python3.8/site-packages/airflow/example_dags/example_local_kubernetes_executor.py for tasks to queue
[2024-10-01T00:03:34.601+0000] {logging_mixin.py:188} INFO - [2024-10-01T00:03:34.600+0000] {dagbag.py:538} INFO - Filling up the DagBag from /home/airflow/.local/lib/python3.8/site-packages/airflow/example_dags/example_local_kubernetes_executor.py
[2024-10-01T00:03:34.614+0000] {processor.py:840} INFO - DAG(s) 'example_local_kubernetes_executor' retrieved from /home/airflow/.local/lib/python3.8/site-packages/airflow/example_dags/example_local_kubernetes_executor.py
[2024-10-01T00:03:34.670+0000] {logging_mixin.py:188} INFO - [2024-10-01T00:03:34.670+0000] {dag.py:3036} INFO - Sync 1 DAGs
[2024-10-01T00:03:34.691+0000] {logging_mixin.py:188} INFO - [2024-10-01T00:03:34.691+0000] {dag.py:3823} INFO - Setting next_dagrun for example_local_kubernetes_executor to None, run_after=None
[2024-10-01T00:03:34.723+0000] {processor.py:183} INFO - Processing /home/airflow/.local/lib/python3.8/site-packages/airflow/example_dags/example_local_kubernetes_executor.py took 0.133 seconds
[2024-10-01T00:04:05.430+0000] {processor.py:161} INFO - Started process (PID=1264) to work on /home/airflow/.local/lib/python3.8/site-packages/airflow/example_dags/example_local_kubernetes_executor.py
[2024-10-01T00:04:05.433+0000] {processor.py:830} INFO - Processing file /home/airflow/.local/lib/python3.8/site-packages/airflow/example_dags/example_local_kubernetes_executor.py for tasks to queue
[2024-10-01T00:04:05.437+0000] {logging_mixin.py:188} INFO - [2024-10-01T00:04:05.436+0000] {dagbag.py:538} INFO - Filling up the DagBag from /home/airflow/.local/lib/python3.8/site-packages/airflow/example_dags/example_local_kubernetes_executor.py
[2024-10-01T00:04:05.455+0000] {processor.py:840} INFO - DAG(s) 'example_local_kubernetes_executor' retrieved from /home/airflow/.local/lib/python3.8/site-packages/airflow/example_dags/example_local_kubernetes_executor.py
[2024-10-01T00:04:05.533+0000] {logging_mixin.py:188} INFO - [2024-10-01T00:04:05.533+0000] {dag.py:3036} INFO - Sync 1 DAGs
[2024-10-01T00:04:05.564+0000] {logging_mixin.py:188} INFO - [2024-10-01T00:04:05.563+0000] {dag.py:3823} INFO - Setting next_dagrun for example_local_kubernetes_executor to None, run_after=None
[2024-10-01T00:04:05.608+0000] {processor.py:183} INFO - Processing /home/airflow/.local/lib/python3.8/site-packages/airflow/example_dags/example_local_kubernetes_executor.py took 0.186 seconds
[2024-10-01T00:04:36.355+0000] {processor.py:161} INFO - Started process (PID=1330) to work on /home/airflow/.local/lib/python3.8/site-packages/airflow/example_dags/example_local_kubernetes_executor.py
[2024-10-01T00:04:36.361+0000] {processor.py:830} INFO - Processing file /home/airflow/.local/lib/python3.8/site-packages/airflow/example_dags/example_local_kubernetes_executor.py for tasks to queue
[2024-10-01T00:04:36.368+0000] {logging_mixin.py:188} INFO - [2024-10-01T00:04:36.367+0000] {dagbag.py:538} INFO - Filling up the DagBag from /home/airflow/.local/lib/python3.8/site-packages/airflow/example_dags/example_local_kubernetes_executor.py
[2024-10-01T00:04:36.404+0000] {processor.py:840} INFO - DAG(s) 'example_local_kubernetes_executor' retrieved from /home/airflow/.local/lib/python3.8/site-packages/airflow/example_dags/example_local_kubernetes_executor.py
[2024-10-01T00:04:36.563+0000] {logging_mixin.py:188} INFO - [2024-10-01T00:04:36.561+0000] {dag.py:3036} INFO - Sync 1 DAGs
[2024-10-01T00:04:36.634+0000] {logging_mixin.py:188} INFO - [2024-10-01T00:04:36.633+0000] {dag.py:3823} INFO - Setting next_dagrun for example_local_kubernetes_executor to None, run_after=None
[2024-10-01T00:04:36.718+0000] {processor.py:183} INFO - Processing /home/airflow/.local/lib/python3.8/site-packages/airflow/example_dags/example_local_kubernetes_executor.py took 0.381 seconds
[2024-10-01T00:05:07.017+0000] {processor.py:161} INFO - Started process (PID=1396) to work on /home/airflow/.local/lib/python3.8/site-packages/airflow/example_dags/example_local_kubernetes_executor.py
[2024-10-01T00:05:07.024+0000] {processor.py:830} INFO - Processing file /home/airflow/.local/lib/python3.8/site-packages/airflow/example_dags/example_local_kubernetes_executor.py for tasks to queue
[2024-10-01T00:05:07.037+0000] {logging_mixin.py:188} INFO - [2024-10-01T00:05:07.035+0000] {dagbag.py:538} INFO - Filling up the DagBag from /home/airflow/.local/lib/python3.8/site-packages/airflow/example_dags/example_local_kubernetes_executor.py
[2024-10-01T00:05:07.092+0000] {processor.py:840} INFO - DAG(s) 'example_local_kubernetes_executor' retrieved from /home/airflow/.local/lib/python3.8/site-packages/airflow/example_dags/example_local_kubernetes_executor.py
[2024-10-01T00:05:07.279+0000] {logging_mixin.py:188} INFO - [2024-10-01T00:05:07.278+0000] {dag.py:3036} INFO - Sync 1 DAGs
[2024-10-01T00:05:07.357+0000] {logging_mixin.py:188} INFO - [2024-10-01T00:05:07.356+0000] {dag.py:3823} INFO - Setting next_dagrun for example_local_kubernetes_executor to None, run_after=None
[2024-10-01T00:05:07.473+0000] {processor.py:183} INFO - Processing /home/airflow/.local/lib/python3.8/site-packages/airflow/example_dags/example_local_kubernetes_executor.py took 0.478 seconds
[2024-10-01T00:05:37.712+0000] {processor.py:161} INFO - Started process (PID=1462) to work on /home/airflow/.local/lib/python3.8/site-packages/airflow/example_dags/example_local_kubernetes_executor.py
[2024-10-01T00:05:37.715+0000] {processor.py:830} INFO - Processing file /home/airflow/.local/lib/python3.8/site-packages/airflow/example_dags/example_local_kubernetes_executor.py for tasks to queue
[2024-10-01T00:05:37.720+0000] {logging_mixin.py:188} INFO - [2024-10-01T00:05:37.719+0000] {dagbag.py:538} INFO - Filling up the DagBag from /home/airflow/.local/lib/python3.8/site-packages/airflow/example_dags/example_local_kubernetes_executor.py
[2024-10-01T00:05:37.743+0000] {processor.py:840} INFO - DAG(s) 'example_local_kubernetes_executor' retrieved from /home/airflow/.local/lib/python3.8/site-packages/airflow/example_dags/example_local_kubernetes_executor.py
[2024-10-01T00:05:37.837+0000] {logging_mixin.py:188} INFO - [2024-10-01T00:05:37.836+0000] {dag.py:3036} INFO - Sync 1 DAGs
[2024-10-01T00:05:37.875+0000] {logging_mixin.py:188} INFO - [2024-10-01T00:05:37.875+0000] {dag.py:3823} INFO - Setting next_dagrun for example_local_kubernetes_executor to None, run_after=None
[2024-10-01T00:05:37.929+0000] {processor.py:183} INFO - Processing /home/airflow/.local/lib/python3.8/site-packages/airflow/example_dags/example_local_kubernetes_executor.py took 0.227 seconds
[2024-10-01T00:06:08.385+0000] {processor.py:161} INFO - Started process (PID=1528) to work on /home/airflow/.local/lib/python3.8/site-packages/airflow/example_dags/example_local_kubernetes_executor.py
[2024-10-01T00:06:08.388+0000] {processor.py:830} INFO - Processing file /home/airflow/.local/lib/python3.8/site-packages/airflow/example_dags/example_local_kubernetes_executor.py for tasks to queue
[2024-10-01T00:06:08.393+0000] {logging_mixin.py:188} INFO - [2024-10-01T00:06:08.393+0000] {dagbag.py:538} INFO - Filling up the DagBag from /home/airflow/.local/lib/python3.8/site-packages/airflow/example_dags/example_local_kubernetes_executor.py
[2024-10-01T00:06:08.416+0000] {processor.py:840} INFO - DAG(s) 'example_local_kubernetes_executor' retrieved from /home/airflow/.local/lib/python3.8/site-packages/airflow/example_dags/example_local_kubernetes_executor.py
[2024-10-01T00:06:08.508+0000] {logging_mixin.py:188} INFO - [2024-10-01T00:06:08.507+0000] {dag.py:3036} INFO - Sync 1 DAGs
[2024-10-01T00:06:08.544+0000] {logging_mixin.py:188} INFO - [2024-10-01T00:06:08.543+0000] {dag.py:3823} INFO - Setting next_dagrun for example_local_kubernetes_executor to None, run_after=None
[2024-10-01T00:06:08.596+0000] {processor.py:183} INFO - Processing /home/airflow/.local/lib/python3.8/site-packages/airflow/example_dags/example_local_kubernetes_executor.py took 0.221 seconds
[2024-10-01T00:06:38.847+0000] {processor.py:161} INFO - Started process (PID=1586) to work on /home/airflow/.local/lib/python3.8/site-packages/airflow/example_dags/example_local_kubernetes_executor.py
[2024-10-01T00:06:38.849+0000] {processor.py:830} INFO - Processing file /home/airflow/.local/lib/python3.8/site-packages/airflow/example_dags/example_local_kubernetes_executor.py for tasks to queue
[2024-10-01T00:06:38.852+0000] {logging_mixin.py:188} INFO - [2024-10-01T00:06:38.851+0000] {dagbag.py:538} INFO - Filling up the DagBag from /home/airflow/.local/lib/python3.8/site-packages/airflow/example_dags/example_local_kubernetes_executor.py
[2024-10-01T00:06:38.866+0000] {processor.py:840} INFO - DAG(s) 'example_local_kubernetes_executor' retrieved from /home/airflow/.local/lib/python3.8/site-packages/airflow/example_dags/example_local_kubernetes_executor.py
[2024-10-01T00:06:38.925+0000] {logging_mixin.py:188} INFO - [2024-10-01T00:06:38.924+0000] {dag.py:3036} INFO - Sync 1 DAGs
[2024-10-01T00:06:38.950+0000] {logging_mixin.py:188} INFO - [2024-10-01T00:06:38.949+0000] {dag.py:3823} INFO - Setting next_dagrun for example_local_kubernetes_executor to None, run_after=None
[2024-10-01T00:06:38.987+0000] {processor.py:183} INFO - Processing /home/airflow/.local/lib/python3.8/site-packages/airflow/example_dags/example_local_kubernetes_executor.py took 0.146 seconds
[2024-10-01T00:07:09.530+0000] {processor.py:161} INFO - Started process (PID=1652) to work on /home/airflow/.local/lib/python3.8/site-packages/airflow/example_dags/example_local_kubernetes_executor.py
[2024-10-01T00:07:09.532+0000] {processor.py:830} INFO - Processing file /home/airflow/.local/lib/python3.8/site-packages/airflow/example_dags/example_local_kubernetes_executor.py for tasks to queue
[2024-10-01T00:07:09.535+0000] {logging_mixin.py:188} INFO - [2024-10-01T00:07:09.534+0000] {dagbag.py:538} INFO - Filling up the DagBag from /home/airflow/.local/lib/python3.8/site-packages/airflow/example_dags/example_local_kubernetes_executor.py
[2024-10-01T00:07:09.548+0000] {processor.py:840} INFO - DAG(s) 'example_local_kubernetes_executor' retrieved from /home/airflow/.local/lib/python3.8/site-packages/airflow/example_dags/example_local_kubernetes_executor.py
[2024-10-01T00:07:09.604+0000] {logging_mixin.py:188} INFO - [2024-10-01T00:07:09.603+0000] {dag.py:3036} INFO - Sync 1 DAGs
[2024-10-01T00:07:09.626+0000] {logging_mixin.py:188} INFO - [2024-10-01T00:07:09.626+0000] {dag.py:3823} INFO - Setting next_dagrun for example_local_kubernetes_executor to None, run_after=None
[2024-10-01T00:07:09.660+0000] {processor.py:183} INFO - Processing /home/airflow/.local/lib/python3.8/site-packages/airflow/example_dags/example_local_kubernetes_executor.py took 0.137 seconds
[2024-10-01T00:07:40.837+0000] {processor.py:161} INFO - Started process (PID=1726) to work on /home/airflow/.local/lib/python3.8/site-packages/airflow/example_dags/example_local_kubernetes_executor.py
[2024-10-01T00:07:40.844+0000] {processor.py:830} INFO - Processing file /home/airflow/.local/lib/python3.8/site-packages/airflow/example_dags/example_local_kubernetes_executor.py for tasks to queue
[2024-10-01T00:07:40.854+0000] {logging_mixin.py:188} INFO - [2024-10-01T00:07:40.852+0000] {dagbag.py:538} INFO - Filling up the DagBag from /home/airflow/.local/lib/python3.8/site-packages/airflow/example_dags/example_local_kubernetes_executor.py
[2024-10-01T00:07:40.891+0000] {processor.py:840} INFO - DAG(s) 'example_local_kubernetes_executor' retrieved from /home/airflow/.local/lib/python3.8/site-packages/airflow/example_dags/example_local_kubernetes_executor.py
[2024-10-01T00:07:41.049+0000] {logging_mixin.py:188} INFO - [2024-10-01T00:07:41.048+0000] {dag.py:3036} INFO - Sync 1 DAGs
[2024-10-01T00:07:41.111+0000] {logging_mixin.py:188} INFO - [2024-10-01T00:07:41.110+0000] {dag.py:3823} INFO - Setting next_dagrun for example_local_kubernetes_executor to None, run_after=None
[2024-10-01T00:07:41.203+0000] {processor.py:183} INFO - Processing /home/airflow/.local/lib/python3.8/site-packages/airflow/example_dags/example_local_kubernetes_executor.py took 0.381 seconds
[2024-10-01T00:08:11.789+0000] {processor.py:161} INFO - Started process (PID=1785) to work on /home/airflow/.local/lib/python3.8/site-packages/airflow/example_dags/example_local_kubernetes_executor.py
[2024-10-01T00:08:11.791+0000] {processor.py:830} INFO - Processing file /home/airflow/.local/lib/python3.8/site-packages/airflow/example_dags/example_local_kubernetes_executor.py for tasks to queue
[2024-10-01T00:08:11.793+0000] {logging_mixin.py:188} INFO - [2024-10-01T00:08:11.793+0000] {dagbag.py:538} INFO - Filling up the DagBag from /home/airflow/.local/lib/python3.8/site-packages/airflow/example_dags/example_local_kubernetes_executor.py
[2024-10-01T00:08:11.805+0000] {processor.py:840} INFO - DAG(s) 'example_local_kubernetes_executor' retrieved from /home/airflow/.local/lib/python3.8/site-packages/airflow/example_dags/example_local_kubernetes_executor.py
[2024-10-01T00:08:11.855+0000] {logging_mixin.py:188} INFO - [2024-10-01T00:08:11.855+0000] {dag.py:3036} INFO - Sync 1 DAGs
[2024-10-01T00:08:11.876+0000] {logging_mixin.py:188} INFO - [2024-10-01T00:08:11.876+0000] {dag.py:3823} INFO - Setting next_dagrun for example_local_kubernetes_executor to None, run_after=None
[2024-10-01T00:08:11.903+0000] {processor.py:183} INFO - Processing /home/airflow/.local/lib/python3.8/site-packages/airflow/example_dags/example_local_kubernetes_executor.py took 0.119 seconds
[2024-10-01T00:08:42.003+0000] {processor.py:161} INFO - Started process (PID=1851) to work on /home/airflow/.local/lib/python3.8/site-packages/airflow/example_dags/example_local_kubernetes_executor.py
[2024-10-01T00:08:42.004+0000] {processor.py:830} INFO - Processing file /home/airflow/.local/lib/python3.8/site-packages/airflow/example_dags/example_local_kubernetes_executor.py for tasks to queue
[2024-10-01T00:08:42.007+0000] {logging_mixin.py:188} INFO - [2024-10-01T00:08:42.007+0000] {dagbag.py:538} INFO - Filling up the DagBag from /home/airflow/.local/lib/python3.8/site-packages/airflow/example_dags/example_local_kubernetes_executor.py
[2024-10-01T00:08:42.018+0000] {processor.py:840} INFO - DAG(s) 'example_local_kubernetes_executor' retrieved from /home/airflow/.local/lib/python3.8/site-packages/airflow/example_dags/example_local_kubernetes_executor.py
[2024-10-01T00:08:42.068+0000] {logging_mixin.py:188} INFO - [2024-10-01T00:08:42.067+0000] {dag.py:3036} INFO - Sync 1 DAGs
[2024-10-01T00:08:42.091+0000] {logging_mixin.py:188} INFO - [2024-10-01T00:08:42.091+0000] {dag.py:3823} INFO - Setting next_dagrun for example_local_kubernetes_executor to None, run_after=None
[2024-10-01T00:08:42.127+0000] {processor.py:183} INFO - Processing /home/airflow/.local/lib/python3.8/site-packages/airflow/example_dags/example_local_kubernetes_executor.py took 0.129 seconds
[2024-10-01T00:09:12.860+0000] {processor.py:161} INFO - Started process (PID=1917) to work on /home/airflow/.local/lib/python3.8/site-packages/airflow/example_dags/example_local_kubernetes_executor.py
[2024-10-01T00:09:12.865+0000] {processor.py:830} INFO - Processing file /home/airflow/.local/lib/python3.8/site-packages/airflow/example_dags/example_local_kubernetes_executor.py for tasks to queue
[2024-10-01T00:09:12.875+0000] {logging_mixin.py:188} INFO - [2024-10-01T00:09:12.873+0000] {dagbag.py:538} INFO - Filling up the DagBag from /home/airflow/.local/lib/python3.8/site-packages/airflow/example_dags/example_local_kubernetes_executor.py
[2024-10-01T00:09:12.933+0000] {processor.py:840} INFO - DAG(s) 'example_local_kubernetes_executor' retrieved from /home/airflow/.local/lib/python3.8/site-packages/airflow/example_dags/example_local_kubernetes_executor.py
[2024-10-01T00:09:13.130+0000] {logging_mixin.py:188} INFO - [2024-10-01T00:09:13.127+0000] {dag.py:3036} INFO - Sync 1 DAGs
[2024-10-01T00:09:13.207+0000] {logging_mixin.py:188} INFO - [2024-10-01T00:09:13.206+0000] {dag.py:3823} INFO - Setting next_dagrun for example_local_kubernetes_executor to None, run_after=None
[2024-10-01T00:09:13.346+0000] {processor.py:183} INFO - Processing /home/airflow/.local/lib/python3.8/site-packages/airflow/example_dags/example_local_kubernetes_executor.py took 0.507 seconds
[2024-10-01T00:09:45.115+0000] {processor.py:161} INFO - Started process (PID=1982) to work on /home/airflow/.local/lib/python3.8/site-packages/airflow/example_dags/example_local_kubernetes_executor.py
[2024-10-01T00:09:45.124+0000] {processor.py:830} INFO - Processing file /home/airflow/.local/lib/python3.8/site-packages/airflow/example_dags/example_local_kubernetes_executor.py for tasks to queue
[2024-10-01T00:09:45.141+0000] {logging_mixin.py:188} INFO - [2024-10-01T00:09:45.138+0000] {dagbag.py:538} INFO - Filling up the DagBag from /home/airflow/.local/lib/python3.8/site-packages/airflow/example_dags/example_local_kubernetes_executor.py
[2024-10-01T00:09:45.205+0000] {processor.py:840} INFO - DAG(s) 'example_local_kubernetes_executor' retrieved from /home/airflow/.local/lib/python3.8/site-packages/airflow/example_dags/example_local_kubernetes_executor.py
[2024-10-01T00:09:45.471+0000] {logging_mixin.py:188} INFO - [2024-10-01T00:09:45.469+0000] {dag.py:3036} INFO - Sync 1 DAGs
[2024-10-01T00:09:45.564+0000] {logging_mixin.py:188} INFO - [2024-10-01T00:09:45.562+0000] {dag.py:3823} INFO - Setting next_dagrun for example_local_kubernetes_executor to None, run_after=None
[2024-10-01T00:09:45.696+0000] {processor.py:183} INFO - Processing /home/airflow/.local/lib/python3.8/site-packages/airflow/example_dags/example_local_kubernetes_executor.py took 0.611 seconds
[2024-10-01T00:10:29.890+0000] {processor.py:161} INFO - Started process (PID=2047) to work on /home/airflow/.local/lib/python3.8/site-packages/airflow/example_dags/example_local_kubernetes_executor.py
[2024-10-01T00:10:29.913+0000] {processor.py:830} INFO - Processing file /home/airflow/.local/lib/python3.8/site-packages/airflow/example_dags/example_local_kubernetes_executor.py for tasks to queue
[2024-10-01T00:10:29.968+0000] {logging_mixin.py:188} INFO - [2024-10-01T00:10:29.961+0000] {dagbag.py:538} INFO - Filling up the DagBag from /home/airflow/.local/lib/python3.8/site-packages/airflow/example_dags/example_local_kubernetes_executor.py
[2024-10-01T00:10:30.104+0000] {processor.py:840} INFO - DAG(s) 'example_local_kubernetes_executor' retrieved from /home/airflow/.local/lib/python3.8/site-packages/airflow/example_dags/example_local_kubernetes_executor.py
[2024-10-01T00:10:30.653+0000] {logging_mixin.py:188} INFO - [2024-10-01T00:10:30.649+0000] {dag.py:3036} INFO - Sync 1 DAGs
[2024-10-01T00:10:30.900+0000] {logging_mixin.py:188} INFO - [2024-10-01T00:10:30.898+0000] {dag.py:3823} INFO - Setting next_dagrun for example_local_kubernetes_executor to None, run_after=None
[2024-10-01T00:10:31.292+0000] {processor.py:183} INFO - Processing /home/airflow/.local/lib/python3.8/site-packages/airflow/example_dags/example_local_kubernetes_executor.py took 1.452 seconds
[2024-10-01T00:11:26.023+0000] {processor.py:161} INFO - Started process (PID=2135) to work on /home/airflow/.local/lib/python3.8/site-packages/airflow/example_dags/example_local_kubernetes_executor.py
[2024-10-01T00:11:26.031+0000] {processor.py:830} INFO - Processing file /home/airflow/.local/lib/python3.8/site-packages/airflow/example_dags/example_local_kubernetes_executor.py for tasks to queue
[2024-10-01T00:11:26.047+0000] {logging_mixin.py:188} INFO - [2024-10-01T00:11:26.044+0000] {dagbag.py:538} INFO - Filling up the DagBag from /home/airflow/.local/lib/python3.8/site-packages/airflow/example_dags/example_local_kubernetes_executor.py
[2024-10-01T00:11:26.156+0000] {processor.py:840} INFO - DAG(s) 'example_local_kubernetes_executor' retrieved from /home/airflow/.local/lib/python3.8/site-packages/airflow/example_dags/example_local_kubernetes_executor.py
[2024-10-01T00:11:26.438+0000] {logging_mixin.py:188} INFO - [2024-10-01T00:11:26.436+0000] {dag.py:3036} INFO - Sync 1 DAGs
[2024-10-01T00:11:26.575+0000] {logging_mixin.py:188} INFO - [2024-10-01T00:11:26.574+0000] {dag.py:3823} INFO - Setting next_dagrun for example_local_kubernetes_executor to None, run_after=None
[2024-10-01T00:11:26.791+0000] {processor.py:183} INFO - Processing /home/airflow/.local/lib/python3.8/site-packages/airflow/example_dags/example_local_kubernetes_executor.py took 0.808 seconds
[2024-10-01T00:11:58.662+0000] {processor.py:161} INFO - Started process (PID=2194) to work on /home/airflow/.local/lib/python3.8/site-packages/airflow/example_dags/example_local_kubernetes_executor.py
[2024-10-01T00:11:58.669+0000] {processor.py:830} INFO - Processing file /home/airflow/.local/lib/python3.8/site-packages/airflow/example_dags/example_local_kubernetes_executor.py for tasks to queue
[2024-10-01T00:11:58.687+0000] {logging_mixin.py:188} INFO - [2024-10-01T00:11:58.684+0000] {dagbag.py:538} INFO - Filling up the DagBag from /home/airflow/.local/lib/python3.8/site-packages/airflow/example_dags/example_local_kubernetes_executor.py
[2024-10-01T00:11:58.758+0000] {processor.py:840} INFO - DAG(s) 'example_local_kubernetes_executor' retrieved from /home/airflow/.local/lib/python3.8/site-packages/airflow/example_dags/example_local_kubernetes_executor.py
[2024-10-01T00:11:59.212+0000] {logging_mixin.py:188} INFO - [2024-10-01T00:11:59.209+0000] {dag.py:3036} INFO - Sync 1 DAGs
[2024-10-01T00:11:59.363+0000] {logging_mixin.py:188} INFO - [2024-10-01T00:11:59.361+0000] {dag.py:3823} INFO - Setting next_dagrun for example_local_kubernetes_executor to None, run_after=None
[2024-10-01T00:11:59.595+0000] {processor.py:183} INFO - Processing /home/airflow/.local/lib/python3.8/site-packages/airflow/example_dags/example_local_kubernetes_executor.py took 0.962 seconds
[2024-10-01T00:12:30.326+0000] {processor.py:161} INFO - Started process (PID=2260) to work on /home/airflow/.local/lib/python3.8/site-packages/airflow/example_dags/example_local_kubernetes_executor.py
[2024-10-01T00:12:30.329+0000] {processor.py:830} INFO - Processing file /home/airflow/.local/lib/python3.8/site-packages/airflow/example_dags/example_local_kubernetes_executor.py for tasks to queue
[2024-10-01T00:12:30.334+0000] {logging_mixin.py:188} INFO - [2024-10-01T00:12:30.333+0000] {dagbag.py:538} INFO - Filling up the DagBag from /home/airflow/.local/lib/python3.8/site-packages/airflow/example_dags/example_local_kubernetes_executor.py
[2024-10-01T00:12:30.355+0000] {processor.py:840} INFO - DAG(s) 'example_local_kubernetes_executor' retrieved from /home/airflow/.local/lib/python3.8/site-packages/airflow/example_dags/example_local_kubernetes_executor.py
[2024-10-01T00:12:30.443+0000] {logging_mixin.py:188} INFO - [2024-10-01T00:12:30.443+0000] {dag.py:3036} INFO - Sync 1 DAGs
[2024-10-01T00:12:30.480+0000] {logging_mixin.py:188} INFO - [2024-10-01T00:12:30.479+0000] {dag.py:3823} INFO - Setting next_dagrun for example_local_kubernetes_executor to None, run_after=None
[2024-10-01T00:12:30.833+0000] {processor.py:183} INFO - Processing /home/airflow/.local/lib/python3.8/site-packages/airflow/example_dags/example_local_kubernetes_executor.py took 0.519 seconds
[2024-10-01T00:13:01.666+0000] {processor.py:161} INFO - Started process (PID=2324) to work on /home/airflow/.local/lib/python3.8/site-packages/airflow/example_dags/example_local_kubernetes_executor.py
[2024-10-01T00:13:01.669+0000] {processor.py:830} INFO - Processing file /home/airflow/.local/lib/python3.8/site-packages/airflow/example_dags/example_local_kubernetes_executor.py for tasks to queue
[2024-10-01T00:13:01.673+0000] {logging_mixin.py:188} INFO - [2024-10-01T00:13:01.673+0000] {dagbag.py:538} INFO - Filling up the DagBag from /home/airflow/.local/lib/python3.8/site-packages/airflow/example_dags/example_local_kubernetes_executor.py
[2024-10-01T00:13:01.698+0000] {processor.py:840} INFO - DAG(s) 'example_local_kubernetes_executor' retrieved from /home/airflow/.local/lib/python3.8/site-packages/airflow/example_dags/example_local_kubernetes_executor.py
[2024-10-01T00:13:01.785+0000] {logging_mixin.py:188} INFO - [2024-10-01T00:13:01.785+0000] {dag.py:3036} INFO - Sync 1 DAGs
[2024-10-01T00:13:01.820+0000] {logging_mixin.py:188} INFO - [2024-10-01T00:13:01.819+0000] {dag.py:3823} INFO - Setting next_dagrun for example_local_kubernetes_executor to None, run_after=None
[2024-10-01T00:13:01.867+0000] {processor.py:183} INFO - Processing /home/airflow/.local/lib/python3.8/site-packages/airflow/example_dags/example_local_kubernetes_executor.py took 0.208 seconds
[2024-10-01T00:13:32.537+0000] {processor.py:161} INFO - Started process (PID=2384) to work on /home/airflow/.local/lib/python3.8/site-packages/airflow/example_dags/example_local_kubernetes_executor.py
[2024-10-01T00:13:32.540+0000] {processor.py:830} INFO - Processing file /home/airflow/.local/lib/python3.8/site-packages/airflow/example_dags/example_local_kubernetes_executor.py for tasks to queue
[2024-10-01T00:13:32.546+0000] {logging_mixin.py:188} INFO - [2024-10-01T00:13:32.545+0000] {dagbag.py:538} INFO - Filling up the DagBag from /home/airflow/.local/lib/python3.8/site-packages/airflow/example_dags/example_local_kubernetes_executor.py
[2024-10-01T00:13:32.571+0000] {processor.py:840} INFO - DAG(s) 'example_local_kubernetes_executor' retrieved from /home/airflow/.local/lib/python3.8/site-packages/airflow/example_dags/example_local_kubernetes_executor.py
[2024-10-01T00:13:32.697+0000] {logging_mixin.py:188} INFO - [2024-10-01T00:13:32.696+0000] {dag.py:3036} INFO - Sync 1 DAGs
[2024-10-01T00:13:32.751+0000] {logging_mixin.py:188} INFO - [2024-10-01T00:13:32.750+0000] {dag.py:3823} INFO - Setting next_dagrun for example_local_kubernetes_executor to None, run_after=None
[2024-10-01T00:13:32.827+0000] {processor.py:183} INFO - Processing /home/airflow/.local/lib/python3.8/site-packages/airflow/example_dags/example_local_kubernetes_executor.py took 0.302 seconds
[2024-10-01T00:14:03.250+0000] {processor.py:161} INFO - Started process (PID=2450) to work on /home/airflow/.local/lib/python3.8/site-packages/airflow/example_dags/example_local_kubernetes_executor.py
[2024-10-01T00:14:03.253+0000] {processor.py:830} INFO - Processing file /home/airflow/.local/lib/python3.8/site-packages/airflow/example_dags/example_local_kubernetes_executor.py for tasks to queue
[2024-10-01T00:14:03.256+0000] {logging_mixin.py:188} INFO - [2024-10-01T00:14:03.256+0000] {dagbag.py:538} INFO - Filling up the DagBag from /home/airflow/.local/lib/python3.8/site-packages/airflow/example_dags/example_local_kubernetes_executor.py
[2024-10-01T00:14:03.271+0000] {processor.py:840} INFO - DAG(s) 'example_local_kubernetes_executor' retrieved from /home/airflow/.local/lib/python3.8/site-packages/airflow/example_dags/example_local_kubernetes_executor.py
[2024-10-01T00:14:03.332+0000] {logging_mixin.py:188} INFO - [2024-10-01T00:14:03.331+0000] {dag.py:3036} INFO - Sync 1 DAGs
[2024-10-01T00:14:03.358+0000] {logging_mixin.py:188} INFO - [2024-10-01T00:14:03.357+0000] {dag.py:3823} INFO - Setting next_dagrun for example_local_kubernetes_executor to None, run_after=None
[2024-10-01T00:14:03.613+0000] {processor.py:183} INFO - Processing /home/airflow/.local/lib/python3.8/site-packages/airflow/example_dags/example_local_kubernetes_executor.py took 0.370 seconds
[2024-10-01T00:14:33.826+0000] {processor.py:161} INFO - Started process (PID=2516) to work on /home/airflow/.local/lib/python3.8/site-packages/airflow/example_dags/example_local_kubernetes_executor.py
[2024-10-01T00:14:33.827+0000] {processor.py:830} INFO - Processing file /home/airflow/.local/lib/python3.8/site-packages/airflow/example_dags/example_local_kubernetes_executor.py for tasks to queue
[2024-10-01T00:14:33.830+0000] {logging_mixin.py:188} INFO - [2024-10-01T00:14:33.830+0000] {dagbag.py:538} INFO - Filling up the DagBag from /home/airflow/.local/lib/python3.8/site-packages/airflow/example_dags/example_local_kubernetes_executor.py
[2024-10-01T00:14:33.844+0000] {processor.py:840} INFO - DAG(s) 'example_local_kubernetes_executor' retrieved from /home/airflow/.local/lib/python3.8/site-packages/airflow/example_dags/example_local_kubernetes_executor.py
[2024-10-01T00:14:33.899+0000] {logging_mixin.py:188} INFO - [2024-10-01T00:14:33.898+0000] {dag.py:3036} INFO - Sync 1 DAGs
[2024-10-01T00:14:33.921+0000] {logging_mixin.py:188} INFO - [2024-10-01T00:14:33.920+0000] {dag.py:3823} INFO - Setting next_dagrun for example_local_kubernetes_executor to None, run_after=None
[2024-10-01T00:14:33.952+0000] {processor.py:183} INFO - Processing /home/airflow/.local/lib/python3.8/site-packages/airflow/example_dags/example_local_kubernetes_executor.py took 0.132 seconds
[2024-10-01T00:15:04.605+0000] {processor.py:161} INFO - Started process (PID=2591) to work on /home/airflow/.local/lib/python3.8/site-packages/airflow/example_dags/example_local_kubernetes_executor.py
[2024-10-01T00:15:04.615+0000] {processor.py:830} INFO - Processing file /home/airflow/.local/lib/python3.8/site-packages/airflow/example_dags/example_local_kubernetes_executor.py for tasks to queue
[2024-10-01T00:15:04.620+0000] {logging_mixin.py:188} INFO - [2024-10-01T00:15:04.619+0000] {dagbag.py:538} INFO - Filling up the DagBag from /home/airflow/.local/lib/python3.8/site-packages/airflow/example_dags/example_local_kubernetes_executor.py
[2024-10-01T00:15:04.643+0000] {processor.py:840} INFO - DAG(s) 'example_local_kubernetes_executor' retrieved from /home/airflow/.local/lib/python3.8/site-packages/airflow/example_dags/example_local_kubernetes_executor.py
[2024-10-01T00:15:04.721+0000] {logging_mixin.py:188} INFO - [2024-10-01T00:15:04.720+0000] {dag.py:3036} INFO - Sync 1 DAGs
[2024-10-01T00:15:04.752+0000] {logging_mixin.py:188} INFO - [2024-10-01T00:15:04.751+0000] {dag.py:3823} INFO - Setting next_dagrun for example_local_kubernetes_executor to None, run_after=None
[2024-10-01T00:15:04.811+0000] {processor.py:183} INFO - Processing /home/airflow/.local/lib/python3.8/site-packages/airflow/example_dags/example_local_kubernetes_executor.py took 0.213 seconds
[2024-10-01T00:15:35.059+0000] {processor.py:161} INFO - Started process (PID=2657) to work on /home/airflow/.local/lib/python3.8/site-packages/airflow/example_dags/example_local_kubernetes_executor.py
[2024-10-01T00:15:35.063+0000] {processor.py:830} INFO - Processing file /home/airflow/.local/lib/python3.8/site-packages/airflow/example_dags/example_local_kubernetes_executor.py for tasks to queue
[2024-10-01T00:15:35.069+0000] {logging_mixin.py:188} INFO - [2024-10-01T00:15:35.068+0000] {dagbag.py:538} INFO - Filling up the DagBag from /home/airflow/.local/lib/python3.8/site-packages/airflow/example_dags/example_local_kubernetes_executor.py
[2024-10-01T00:15:35.104+0000] {processor.py:840} INFO - DAG(s) 'example_local_kubernetes_executor' retrieved from /home/airflow/.local/lib/python3.8/site-packages/airflow/example_dags/example_local_kubernetes_executor.py
[2024-10-01T00:15:35.247+0000] {logging_mixin.py:188} INFO - [2024-10-01T00:15:35.246+0000] {dag.py:3036} INFO - Sync 1 DAGs
[2024-10-01T00:15:35.672+0000] {logging_mixin.py:188} INFO - [2024-10-01T00:15:35.672+0000] {dag.py:3823} INFO - Setting next_dagrun for example_local_kubernetes_executor to None, run_after=None
[2024-10-01T00:15:35.744+0000] {processor.py:183} INFO - Processing /home/airflow/.local/lib/python3.8/site-packages/airflow/example_dags/example_local_kubernetes_executor.py took 0.697 seconds
[2024-10-01T00:16:31.677+0000] {processor.py:161} INFO - Started process (PID=2726) to work on /home/airflow/.local/lib/python3.8/site-packages/airflow/example_dags/example_local_kubernetes_executor.py
[2024-10-01T00:16:31.681+0000] {processor.py:830} INFO - Processing file /home/airflow/.local/lib/python3.8/site-packages/airflow/example_dags/example_local_kubernetes_executor.py for tasks to queue
[2024-10-01T00:16:31.686+0000] {logging_mixin.py:188} INFO - [2024-10-01T00:16:31.685+0000] {dagbag.py:538} INFO - Filling up the DagBag from /home/airflow/.local/lib/python3.8/site-packages/airflow/example_dags/example_local_kubernetes_executor.py
[2024-10-01T00:16:31.715+0000] {processor.py:840} INFO - DAG(s) 'example_local_kubernetes_executor' retrieved from /home/airflow/.local/lib/python3.8/site-packages/airflow/example_dags/example_local_kubernetes_executor.py
[2024-10-01T00:16:31.829+0000] {logging_mixin.py:188} INFO - [2024-10-01T00:16:31.828+0000] {dag.py:3036} INFO - Sync 1 DAGs
[2024-10-01T00:16:32.345+0000] {logging_mixin.py:188} INFO - [2024-10-01T00:16:32.344+0000] {dag.py:3823} INFO - Setting next_dagrun for example_local_kubernetes_executor to None, run_after=None
[2024-10-01T00:16:32.409+0000] {processor.py:183} INFO - Processing /home/airflow/.local/lib/python3.8/site-packages/airflow/example_dags/example_local_kubernetes_executor.py took 0.742 seconds
[2024-10-01T00:17:03.086+0000] {processor.py:161} INFO - Started process (PID=2792) to work on /home/airflow/.local/lib/python3.8/site-packages/airflow/example_dags/example_local_kubernetes_executor.py
[2024-10-01T00:17:03.087+0000] {processor.py:830} INFO - Processing file /home/airflow/.local/lib/python3.8/site-packages/airflow/example_dags/example_local_kubernetes_executor.py for tasks to queue
[2024-10-01T00:17:03.089+0000] {logging_mixin.py:188} INFO - [2024-10-01T00:17:03.088+0000] {dagbag.py:538} INFO - Filling up the DagBag from /home/airflow/.local/lib/python3.8/site-packages/airflow/example_dags/example_local_kubernetes_executor.py
[2024-10-01T00:17:03.097+0000] {processor.py:840} INFO - DAG(s) 'example_local_kubernetes_executor' retrieved from /home/airflow/.local/lib/python3.8/site-packages/airflow/example_dags/example_local_kubernetes_executor.py
[2024-10-01T00:17:03.152+0000] {logging_mixin.py:188} INFO - [2024-10-01T00:17:03.151+0000] {dag.py:3036} INFO - Sync 1 DAGs
[2024-10-01T00:17:03.179+0000] {logging_mixin.py:188} INFO - [2024-10-01T00:17:03.179+0000] {dag.py:3823} INFO - Setting next_dagrun for example_local_kubernetes_executor to None, run_after=None
[2024-10-01T00:17:03.212+0000] {processor.py:183} INFO - Processing /home/airflow/.local/lib/python3.8/site-packages/airflow/example_dags/example_local_kubernetes_executor.py took 0.129 seconds
[2024-10-01T00:17:33.392+0000] {processor.py:161} INFO - Started process (PID=2866) to work on /home/airflow/.local/lib/python3.8/site-packages/airflow/example_dags/example_local_kubernetes_executor.py
[2024-10-01T00:17:33.393+0000] {processor.py:830} INFO - Processing file /home/airflow/.local/lib/python3.8/site-packages/airflow/example_dags/example_local_kubernetes_executor.py for tasks to queue
[2024-10-01T00:17:33.396+0000] {logging_mixin.py:188} INFO - [2024-10-01T00:17:33.396+0000] {dagbag.py:538} INFO - Filling up the DagBag from /home/airflow/.local/lib/python3.8/site-packages/airflow/example_dags/example_local_kubernetes_executor.py
[2024-10-01T00:17:33.407+0000] {processor.py:840} INFO - DAG(s) 'example_local_kubernetes_executor' retrieved from /home/airflow/.local/lib/python3.8/site-packages/airflow/example_dags/example_local_kubernetes_executor.py
[2024-10-01T00:17:33.455+0000] {logging_mixin.py:188} INFO - [2024-10-01T00:17:33.455+0000] {dag.py:3036} INFO - Sync 1 DAGs
[2024-10-01T00:17:33.475+0000] {logging_mixin.py:188} INFO - [2024-10-01T00:17:33.474+0000] {dag.py:3823} INFO - Setting next_dagrun for example_local_kubernetes_executor to None, run_after=None
[2024-10-01T00:17:33.506+0000] {processor.py:183} INFO - Processing /home/airflow/.local/lib/python3.8/site-packages/airflow/example_dags/example_local_kubernetes_executor.py took 0.121 seconds
[2024-10-01T00:18:03.814+0000] {processor.py:161} INFO - Started process (PID=2932) to work on /home/airflow/.local/lib/python3.8/site-packages/airflow/example_dags/example_local_kubernetes_executor.py
[2024-10-01T00:18:03.817+0000] {processor.py:830} INFO - Processing file /home/airflow/.local/lib/python3.8/site-packages/airflow/example_dags/example_local_kubernetes_executor.py for tasks to queue
[2024-10-01T00:18:03.819+0000] {logging_mixin.py:188} INFO - [2024-10-01T00:18:03.819+0000] {dagbag.py:538} INFO - Filling up the DagBag from /home/airflow/.local/lib/python3.8/site-packages/airflow/example_dags/example_local_kubernetes_executor.py
[2024-10-01T00:18:03.832+0000] {processor.py:840} INFO - DAG(s) 'example_local_kubernetes_executor' retrieved from /home/airflow/.local/lib/python3.8/site-packages/airflow/example_dags/example_local_kubernetes_executor.py
[2024-10-01T00:18:03.903+0000] {logging_mixin.py:188} INFO - [2024-10-01T00:18:03.903+0000] {dag.py:3036} INFO - Sync 1 DAGs
[2024-10-01T00:18:03.926+0000] {logging_mixin.py:188} INFO - [2024-10-01T00:18:03.926+0000] {dag.py:3823} INFO - Setting next_dagrun for example_local_kubernetes_executor to None, run_after=None
[2024-10-01T00:18:03.957+0000] {processor.py:183} INFO - Processing /home/airflow/.local/lib/python3.8/site-packages/airflow/example_dags/example_local_kubernetes_executor.py took 0.148 seconds
[2024-10-01T00:18:34.034+0000] {processor.py:161} INFO - Started process (PID=2998) to work on /home/airflow/.local/lib/python3.8/site-packages/airflow/example_dags/example_local_kubernetes_executor.py
[2024-10-01T00:18:34.035+0000] {processor.py:830} INFO - Processing file /home/airflow/.local/lib/python3.8/site-packages/airflow/example_dags/example_local_kubernetes_executor.py for tasks to queue
[2024-10-01T00:18:34.037+0000] {logging_mixin.py:188} INFO - [2024-10-01T00:18:34.037+0000] {dagbag.py:538} INFO - Filling up the DagBag from /home/airflow/.local/lib/python3.8/site-packages/airflow/example_dags/example_local_kubernetes_executor.py
[2024-10-01T00:18:34.048+0000] {processor.py:840} INFO - DAG(s) 'example_local_kubernetes_executor' retrieved from /home/airflow/.local/lib/python3.8/site-packages/airflow/example_dags/example_local_kubernetes_executor.py
[2024-10-01T00:18:34.096+0000] {logging_mixin.py:188} INFO - [2024-10-01T00:18:34.096+0000] {dag.py:3036} INFO - Sync 1 DAGs
[2024-10-01T00:18:34.116+0000] {logging_mixin.py:188} INFO - [2024-10-01T00:18:34.115+0000] {dag.py:3823} INFO - Setting next_dagrun for example_local_kubernetes_executor to None, run_after=None
[2024-10-01T00:18:34.143+0000] {processor.py:183} INFO - Processing /home/airflow/.local/lib/python3.8/site-packages/airflow/example_dags/example_local_kubernetes_executor.py took 0.114 seconds
[2024-10-01T00:19:04.316+0000] {processor.py:161} INFO - Started process (PID=3065) to work on /home/airflow/.local/lib/python3.8/site-packages/airflow/example_dags/example_local_kubernetes_executor.py
[2024-10-01T00:19:04.319+0000] {processor.py:830} INFO - Processing file /home/airflow/.local/lib/python3.8/site-packages/airflow/example_dags/example_local_kubernetes_executor.py for tasks to queue
[2024-10-01T00:19:04.324+0000] {logging_mixin.py:188} INFO - [2024-10-01T00:19:04.323+0000] {dagbag.py:538} INFO - Filling up the DagBag from /home/airflow/.local/lib/python3.8/site-packages/airflow/example_dags/example_local_kubernetes_executor.py
[2024-10-01T00:19:04.345+0000] {processor.py:840} INFO - DAG(s) 'example_local_kubernetes_executor' retrieved from /home/airflow/.local/lib/python3.8/site-packages/airflow/example_dags/example_local_kubernetes_executor.py
[2024-10-01T00:19:04.410+0000] {logging_mixin.py:188} INFO - [2024-10-01T00:19:04.410+0000] {dag.py:3036} INFO - Sync 1 DAGs
[2024-10-01T00:19:04.433+0000] {logging_mixin.py:188} INFO - [2024-10-01T00:19:04.432+0000] {dag.py:3823} INFO - Setting next_dagrun for example_local_kubernetes_executor to None, run_after=None
[2024-10-01T00:19:04.464+0000] {processor.py:183} INFO - Processing /home/airflow/.local/lib/python3.8/site-packages/airflow/example_dags/example_local_kubernetes_executor.py took 0.157 seconds
[2024-10-01T00:19:34.668+0000] {processor.py:161} INFO - Started process (PID=3131) to work on /home/airflow/.local/lib/python3.8/site-packages/airflow/example_dags/example_local_kubernetes_executor.py
[2024-10-01T00:19:34.669+0000] {processor.py:830} INFO - Processing file /home/airflow/.local/lib/python3.8/site-packages/airflow/example_dags/example_local_kubernetes_executor.py for tasks to queue
[2024-10-01T00:19:34.671+0000] {logging_mixin.py:188} INFO - [2024-10-01T00:19:34.671+0000] {dagbag.py:538} INFO - Filling up the DagBag from /home/airflow/.local/lib/python3.8/site-packages/airflow/example_dags/example_local_kubernetes_executor.py
[2024-10-01T00:19:34.679+0000] {processor.py:840} INFO - DAG(s) 'example_local_kubernetes_executor' retrieved from /home/airflow/.local/lib/python3.8/site-packages/airflow/example_dags/example_local_kubernetes_executor.py
[2024-10-01T00:19:34.718+0000] {logging_mixin.py:188} INFO - [2024-10-01T00:19:34.718+0000] {dag.py:3036} INFO - Sync 1 DAGs
[2024-10-01T00:19:34.737+0000] {logging_mixin.py:188} INFO - [2024-10-01T00:19:34.737+0000] {dag.py:3823} INFO - Setting next_dagrun for example_local_kubernetes_executor to None, run_after=None
[2024-10-01T00:19:34.763+0000] {processor.py:183} INFO - Processing /home/airflow/.local/lib/python3.8/site-packages/airflow/example_dags/example_local_kubernetes_executor.py took 0.099 seconds
[2024-10-01T00:20:05.712+0000] {processor.py:161} INFO - Started process (PID=3206) to work on /home/airflow/.local/lib/python3.8/site-packages/airflow/example_dags/example_local_kubernetes_executor.py
[2024-10-01T00:20:05.716+0000] {processor.py:830} INFO - Processing file /home/airflow/.local/lib/python3.8/site-packages/airflow/example_dags/example_local_kubernetes_executor.py for tasks to queue
[2024-10-01T00:20:05.719+0000] {logging_mixin.py:188} INFO - [2024-10-01T00:20:05.718+0000] {dagbag.py:538} INFO - Filling up the DagBag from /home/airflow/.local/lib/python3.8/site-packages/airflow/example_dags/example_local_kubernetes_executor.py
[2024-10-01T00:20:05.732+0000] {processor.py:840} INFO - DAG(s) 'example_local_kubernetes_executor' retrieved from /home/airflow/.local/lib/python3.8/site-packages/airflow/example_dags/example_local_kubernetes_executor.py
[2024-10-01T00:20:05.806+0000] {logging_mixin.py:188} INFO - [2024-10-01T00:20:05.806+0000] {dag.py:3036} INFO - Sync 1 DAGs
[2024-10-01T00:20:05.841+0000] {logging_mixin.py:188} INFO - [2024-10-01T00:20:05.840+0000] {dag.py:3823} INFO - Setting next_dagrun for example_local_kubernetes_executor to None, run_after=None
[2024-10-01T00:20:05.892+0000] {processor.py:183} INFO - Processing /home/airflow/.local/lib/python3.8/site-packages/airflow/example_dags/example_local_kubernetes_executor.py took 0.185 seconds
[2024-10-01T00:20:36.504+0000] {processor.py:161} INFO - Started process (PID=3272) to work on /home/airflow/.local/lib/python3.8/site-packages/airflow/example_dags/example_local_kubernetes_executor.py
[2024-10-01T00:20:36.507+0000] {processor.py:830} INFO - Processing file /home/airflow/.local/lib/python3.8/site-packages/airflow/example_dags/example_local_kubernetes_executor.py for tasks to queue
[2024-10-01T00:20:36.515+0000] {logging_mixin.py:188} INFO - [2024-10-01T00:20:36.513+0000] {dagbag.py:538} INFO - Filling up the DagBag from /home/airflow/.local/lib/python3.8/site-packages/airflow/example_dags/example_local_kubernetes_executor.py
[2024-10-01T00:20:36.544+0000] {processor.py:840} INFO - DAG(s) 'example_local_kubernetes_executor' retrieved from /home/airflow/.local/lib/python3.8/site-packages/airflow/example_dags/example_local_kubernetes_executor.py
[2024-10-01T00:20:36.648+0000] {logging_mixin.py:188} INFO - [2024-10-01T00:20:36.646+0000] {dag.py:3036} INFO - Sync 1 DAGs
[2024-10-01T00:20:36.690+0000] {logging_mixin.py:188} INFO - [2024-10-01T00:20:36.689+0000] {dag.py:3823} INFO - Setting next_dagrun for example_local_kubernetes_executor to None, run_after=None
[2024-10-01T00:20:36.751+0000] {processor.py:183} INFO - Processing /home/airflow/.local/lib/python3.8/site-packages/airflow/example_dags/example_local_kubernetes_executor.py took 0.257 seconds
[2024-10-01T00:21:06.977+0000] {processor.py:161} INFO - Started process (PID=3338) to work on /home/airflow/.local/lib/python3.8/site-packages/airflow/example_dags/example_local_kubernetes_executor.py
[2024-10-01T00:21:06.980+0000] {processor.py:830} INFO - Processing file /home/airflow/.local/lib/python3.8/site-packages/airflow/example_dags/example_local_kubernetes_executor.py for tasks to queue
[2024-10-01T00:21:06.983+0000] {logging_mixin.py:188} INFO - [2024-10-01T00:21:06.982+0000] {dagbag.py:538} INFO - Filling up the DagBag from /home/airflow/.local/lib/python3.8/site-packages/airflow/example_dags/example_local_kubernetes_executor.py
[2024-10-01T00:21:07.002+0000] {processor.py:840} INFO - DAG(s) 'example_local_kubernetes_executor' retrieved from /home/airflow/.local/lib/python3.8/site-packages/airflow/example_dags/example_local_kubernetes_executor.py
[2024-10-01T00:21:07.100+0000] {logging_mixin.py:188} INFO - [2024-10-01T00:21:07.099+0000] {dag.py:3036} INFO - Sync 1 DAGs
[2024-10-01T00:21:07.133+0000] {logging_mixin.py:188} INFO - [2024-10-01T00:21:07.132+0000] {dag.py:3823} INFO - Setting next_dagrun for example_local_kubernetes_executor to None, run_after=None
[2024-10-01T00:21:07.179+0000] {processor.py:183} INFO - Processing /home/airflow/.local/lib/python3.8/site-packages/airflow/example_dags/example_local_kubernetes_executor.py took 0.210 seconds
[2024-10-01T00:21:37.834+0000] {processor.py:161} INFO - Started process (PID=3404) to work on /home/airflow/.local/lib/python3.8/site-packages/airflow/example_dags/example_local_kubernetes_executor.py
[2024-10-01T00:21:37.835+0000] {processor.py:830} INFO - Processing file /home/airflow/.local/lib/python3.8/site-packages/airflow/example_dags/example_local_kubernetes_executor.py for tasks to queue
[2024-10-01T00:21:37.837+0000] {logging_mixin.py:188} INFO - [2024-10-01T00:21:37.837+0000] {dagbag.py:538} INFO - Filling up the DagBag from /home/airflow/.local/lib/python3.8/site-packages/airflow/example_dags/example_local_kubernetes_executor.py
[2024-10-01T00:21:37.846+0000] {processor.py:840} INFO - DAG(s) 'example_local_kubernetes_executor' retrieved from /home/airflow/.local/lib/python3.8/site-packages/airflow/example_dags/example_local_kubernetes_executor.py
[2024-10-01T00:21:37.892+0000] {logging_mixin.py:188} INFO - [2024-10-01T00:21:37.891+0000] {dag.py:3036} INFO - Sync 1 DAGs
[2024-10-01T00:21:37.909+0000] {logging_mixin.py:188} INFO - [2024-10-01T00:21:37.909+0000] {dag.py:3823} INFO - Setting next_dagrun for example_local_kubernetes_executor to None, run_after=None
[2024-10-01T00:21:37.935+0000] {processor.py:183} INFO - Processing /home/airflow/.local/lib/python3.8/site-packages/airflow/example_dags/example_local_kubernetes_executor.py took 0.104 seconds
[2024-10-01T00:22:08.460+0000] {processor.py:161} INFO - Started process (PID=3470) to work on /home/airflow/.local/lib/python3.8/site-packages/airflow/example_dags/example_local_kubernetes_executor.py
[2024-10-01T00:22:08.461+0000] {processor.py:830} INFO - Processing file /home/airflow/.local/lib/python3.8/site-packages/airflow/example_dags/example_local_kubernetes_executor.py for tasks to queue
[2024-10-01T00:22:08.463+0000] {logging_mixin.py:188} INFO - [2024-10-01T00:22:08.463+0000] {dagbag.py:538} INFO - Filling up the DagBag from /home/airflow/.local/lib/python3.8/site-packages/airflow/example_dags/example_local_kubernetes_executor.py
[2024-10-01T00:22:08.472+0000] {processor.py:840} INFO - DAG(s) 'example_local_kubernetes_executor' retrieved from /home/airflow/.local/lib/python3.8/site-packages/airflow/example_dags/example_local_kubernetes_executor.py
[2024-10-01T00:22:08.517+0000] {logging_mixin.py:188} INFO - [2024-10-01T00:22:08.516+0000] {dag.py:3036} INFO - Sync 1 DAGs
[2024-10-01T00:22:08.539+0000] {logging_mixin.py:188} INFO - [2024-10-01T00:22:08.539+0000] {dag.py:3823} INFO - Setting next_dagrun for example_local_kubernetes_executor to None, run_after=None
[2024-10-01T00:22:08.578+0000] {processor.py:183} INFO - Processing /home/airflow/.local/lib/python3.8/site-packages/airflow/example_dags/example_local_kubernetes_executor.py took 0.122 seconds
[2024-10-01T00:22:39.045+0000] {processor.py:161} INFO - Started process (PID=3537) to work on /home/airflow/.local/lib/python3.8/site-packages/airflow/example_dags/example_local_kubernetes_executor.py
[2024-10-01T00:22:39.047+0000] {processor.py:830} INFO - Processing file /home/airflow/.local/lib/python3.8/site-packages/airflow/example_dags/example_local_kubernetes_executor.py for tasks to queue
[2024-10-01T00:22:39.049+0000] {logging_mixin.py:188} INFO - [2024-10-01T00:22:39.049+0000] {dagbag.py:538} INFO - Filling up the DagBag from /home/airflow/.local/lib/python3.8/site-packages/airflow/example_dags/example_local_kubernetes_executor.py
[2024-10-01T00:22:39.059+0000] {processor.py:840} INFO - DAG(s) 'example_local_kubernetes_executor' retrieved from /home/airflow/.local/lib/python3.8/site-packages/airflow/example_dags/example_local_kubernetes_executor.py
[2024-10-01T00:22:39.115+0000] {logging_mixin.py:188} INFO - [2024-10-01T00:22:39.115+0000] {dag.py:3036} INFO - Sync 1 DAGs
[2024-10-01T00:22:39.141+0000] {logging_mixin.py:188} INFO - [2024-10-01T00:22:39.141+0000] {dag.py:3823} INFO - Setting next_dagrun for example_local_kubernetes_executor to None, run_after=None
[2024-10-01T00:22:39.179+0000] {processor.py:183} INFO - Processing /home/airflow/.local/lib/python3.8/site-packages/airflow/example_dags/example_local_kubernetes_executor.py took 0.138 seconds
[2024-10-01T00:23:09.439+0000] {processor.py:161} INFO - Started process (PID=3604) to work on /home/airflow/.local/lib/python3.8/site-packages/airflow/example_dags/example_local_kubernetes_executor.py
[2024-10-01T00:23:09.442+0000] {processor.py:830} INFO - Processing file /home/airflow/.local/lib/python3.8/site-packages/airflow/example_dags/example_local_kubernetes_executor.py for tasks to queue
[2024-10-01T00:23:09.446+0000] {logging_mixin.py:188} INFO - [2024-10-01T00:23:09.445+0000] {dagbag.py:538} INFO - Filling up the DagBag from /home/airflow/.local/lib/python3.8/site-packages/airflow/example_dags/example_local_kubernetes_executor.py
[2024-10-01T00:23:09.466+0000] {processor.py:840} INFO - DAG(s) 'example_local_kubernetes_executor' retrieved from /home/airflow/.local/lib/python3.8/site-packages/airflow/example_dags/example_local_kubernetes_executor.py
[2024-10-01T00:23:09.539+0000] {logging_mixin.py:188} INFO - [2024-10-01T00:23:09.539+0000] {dag.py:3036} INFO - Sync 1 DAGs
[2024-10-01T00:23:09.561+0000] {logging_mixin.py:188} INFO - [2024-10-01T00:23:09.560+0000] {dag.py:3823} INFO - Setting next_dagrun for example_local_kubernetes_executor to None, run_after=None
[2024-10-01T00:23:09.593+0000] {processor.py:183} INFO - Processing /home/airflow/.local/lib/python3.8/site-packages/airflow/example_dags/example_local_kubernetes_executor.py took 0.162 seconds
[2024-10-01T00:23:39.656+0000] {processor.py:161} INFO - Started process (PID=3670) to work on /home/airflow/.local/lib/python3.8/site-packages/airflow/example_dags/example_local_kubernetes_executor.py
[2024-10-01T00:23:39.658+0000] {processor.py:830} INFO - Processing file /home/airflow/.local/lib/python3.8/site-packages/airflow/example_dags/example_local_kubernetes_executor.py for tasks to queue
[2024-10-01T00:23:39.662+0000] {logging_mixin.py:188} INFO - [2024-10-01T00:23:39.661+0000] {dagbag.py:538} INFO - Filling up the DagBag from /home/airflow/.local/lib/python3.8/site-packages/airflow/example_dags/example_local_kubernetes_executor.py
[2024-10-01T00:23:39.680+0000] {processor.py:840} INFO - DAG(s) 'example_local_kubernetes_executor' retrieved from /home/airflow/.local/lib/python3.8/site-packages/airflow/example_dags/example_local_kubernetes_executor.py
[2024-10-01T00:23:39.751+0000] {logging_mixin.py:188} INFO - [2024-10-01T00:23:39.750+0000] {dag.py:3036} INFO - Sync 1 DAGs
[2024-10-01T00:23:39.780+0000] {logging_mixin.py:188} INFO - [2024-10-01T00:23:39.779+0000] {dag.py:3823} INFO - Setting next_dagrun for example_local_kubernetes_executor to None, run_after=None
[2024-10-01T00:23:39.820+0000] {processor.py:183} INFO - Processing /home/airflow/.local/lib/python3.8/site-packages/airflow/example_dags/example_local_kubernetes_executor.py took 0.171 seconds
[2024-10-01T00:24:10.192+0000] {processor.py:161} INFO - Started process (PID=3736) to work on /home/airflow/.local/lib/python3.8/site-packages/airflow/example_dags/example_local_kubernetes_executor.py
[2024-10-01T00:24:10.203+0000] {processor.py:830} INFO - Processing file /home/airflow/.local/lib/python3.8/site-packages/airflow/example_dags/example_local_kubernetes_executor.py for tasks to queue
[2024-10-01T00:24:10.207+0000] {logging_mixin.py:188} INFO - [2024-10-01T00:24:10.206+0000] {dagbag.py:538} INFO - Filling up the DagBag from /home/airflow/.local/lib/python3.8/site-packages/airflow/example_dags/example_local_kubernetes_executor.py
[2024-10-01T00:24:10.224+0000] {processor.py:840} INFO - DAG(s) 'example_local_kubernetes_executor' retrieved from /home/airflow/.local/lib/python3.8/site-packages/airflow/example_dags/example_local_kubernetes_executor.py
[2024-10-01T00:24:10.298+0000] {logging_mixin.py:188} INFO - [2024-10-01T00:24:10.298+0000] {dag.py:3036} INFO - Sync 1 DAGs
[2024-10-01T00:24:10.328+0000] {logging_mixin.py:188} INFO - [2024-10-01T00:24:10.327+0000] {dag.py:3823} INFO - Setting next_dagrun for example_local_kubernetes_executor to None, run_after=None
[2024-10-01T00:24:10.371+0000] {processor.py:183} INFO - Processing /home/airflow/.local/lib/python3.8/site-packages/airflow/example_dags/example_local_kubernetes_executor.py took 0.187 seconds
[2024-10-01T00:24:40.736+0000] {processor.py:161} INFO - Started process (PID=3800) to work on /home/airflow/.local/lib/python3.8/site-packages/airflow/example_dags/example_local_kubernetes_executor.py
[2024-10-01T00:24:40.740+0000] {processor.py:830} INFO - Processing file /home/airflow/.local/lib/python3.8/site-packages/airflow/example_dags/example_local_kubernetes_executor.py for tasks to queue
[2024-10-01T00:24:40.747+0000] {logging_mixin.py:188} INFO - [2024-10-01T00:24:40.746+0000] {dagbag.py:538} INFO - Filling up the DagBag from /home/airflow/.local/lib/python3.8/site-packages/airflow/example_dags/example_local_kubernetes_executor.py
[2024-10-01T00:24:40.774+0000] {processor.py:840} INFO - DAG(s) 'example_local_kubernetes_executor' retrieved from /home/airflow/.local/lib/python3.8/site-packages/airflow/example_dags/example_local_kubernetes_executor.py
[2024-10-01T00:24:40.887+0000] {logging_mixin.py:188} INFO - [2024-10-01T00:24:40.886+0000] {dag.py:3036} INFO - Sync 1 DAGs
[2024-10-01T00:24:40.934+0000] {logging_mixin.py:188} INFO - [2024-10-01T00:24:40.933+0000] {dag.py:3823} INFO - Setting next_dagrun for example_local_kubernetes_executor to None, run_after=None
[2024-10-01T00:24:41.008+0000] {processor.py:183} INFO - Processing /home/airflow/.local/lib/python3.8/site-packages/airflow/example_dags/example_local_kubernetes_executor.py took 0.285 seconds
[2024-10-01T00:25:11.220+0000] {processor.py:161} INFO - Started process (PID=3866) to work on /home/airflow/.local/lib/python3.8/site-packages/airflow/example_dags/example_local_kubernetes_executor.py
[2024-10-01T00:25:11.222+0000] {processor.py:830} INFO - Processing file /home/airflow/.local/lib/python3.8/site-packages/airflow/example_dags/example_local_kubernetes_executor.py for tasks to queue
[2024-10-01T00:25:11.225+0000] {logging_mixin.py:188} INFO - [2024-10-01T00:25:11.224+0000] {dagbag.py:538} INFO - Filling up the DagBag from /home/airflow/.local/lib/python3.8/site-packages/airflow/example_dags/example_local_kubernetes_executor.py
[2024-10-01T00:25:11.239+0000] {processor.py:840} INFO - DAG(s) 'example_local_kubernetes_executor' retrieved from /home/airflow/.local/lib/python3.8/site-packages/airflow/example_dags/example_local_kubernetes_executor.py
[2024-10-01T00:25:11.298+0000] {logging_mixin.py:188} INFO - [2024-10-01T00:25:11.297+0000] {dag.py:3036} INFO - Sync 1 DAGs
[2024-10-01T00:25:11.321+0000] {logging_mixin.py:188} INFO - [2024-10-01T00:25:11.321+0000] {dag.py:3823} INFO - Setting next_dagrun for example_local_kubernetes_executor to None, run_after=None
[2024-10-01T00:25:11.355+0000] {processor.py:183} INFO - Processing /home/airflow/.local/lib/python3.8/site-packages/airflow/example_dags/example_local_kubernetes_executor.py took 0.142 seconds
[2024-10-01T00:25:41.422+0000] {processor.py:161} INFO - Started process (PID=3932) to work on /home/airflow/.local/lib/python3.8/site-packages/airflow/example_dags/example_local_kubernetes_executor.py
[2024-10-01T00:25:41.424+0000] {processor.py:830} INFO - Processing file /home/airflow/.local/lib/python3.8/site-packages/airflow/example_dags/example_local_kubernetes_executor.py for tasks to queue
[2024-10-01T00:25:41.430+0000] {logging_mixin.py:188} INFO - [2024-10-01T00:25:41.429+0000] {dagbag.py:538} INFO - Filling up the DagBag from /home/airflow/.local/lib/python3.8/site-packages/airflow/example_dags/example_local_kubernetes_executor.py
[2024-10-01T00:25:41.450+0000] {processor.py:840} INFO - DAG(s) 'example_local_kubernetes_executor' retrieved from /home/airflow/.local/lib/python3.8/site-packages/airflow/example_dags/example_local_kubernetes_executor.py
[2024-10-01T00:25:41.536+0000] {logging_mixin.py:188} INFO - [2024-10-01T00:25:41.536+0000] {dag.py:3036} INFO - Sync 1 DAGs
[2024-10-01T00:25:41.572+0000] {logging_mixin.py:188} INFO - [2024-10-01T00:25:41.571+0000] {dag.py:3823} INFO - Setting next_dagrun for example_local_kubernetes_executor to None, run_after=None
[2024-10-01T00:25:41.626+0000] {processor.py:183} INFO - Processing /home/airflow/.local/lib/python3.8/site-packages/airflow/example_dags/example_local_kubernetes_executor.py took 0.213 seconds
[2024-10-01T00:26:11.889+0000] {processor.py:161} INFO - Started process (PID=3998) to work on /home/airflow/.local/lib/python3.8/site-packages/airflow/example_dags/example_local_kubernetes_executor.py
[2024-10-01T00:26:11.891+0000] {processor.py:830} INFO - Processing file /home/airflow/.local/lib/python3.8/site-packages/airflow/example_dags/example_local_kubernetes_executor.py for tasks to queue
[2024-10-01T00:26:11.895+0000] {logging_mixin.py:188} INFO - [2024-10-01T00:26:11.894+0000] {dagbag.py:538} INFO - Filling up the DagBag from /home/airflow/.local/lib/python3.8/site-packages/airflow/example_dags/example_local_kubernetes_executor.py
[2024-10-01T00:26:11.911+0000] {processor.py:840} INFO - DAG(s) 'example_local_kubernetes_executor' retrieved from /home/airflow/.local/lib/python3.8/site-packages/airflow/example_dags/example_local_kubernetes_executor.py
[2024-10-01T00:26:11.984+0000] {logging_mixin.py:188} INFO - [2024-10-01T00:26:11.983+0000] {dag.py:3036} INFO - Sync 1 DAGs
[2024-10-01T00:26:12.015+0000] {logging_mixin.py:188} INFO - [2024-10-01T00:26:12.014+0000] {dag.py:3823} INFO - Setting next_dagrun for example_local_kubernetes_executor to None, run_after=None
[2024-10-01T00:26:12.057+0000] {processor.py:183} INFO - Processing /home/airflow/.local/lib/python3.8/site-packages/airflow/example_dags/example_local_kubernetes_executor.py took 0.175 seconds
[2024-10-01T00:26:42.614+0000] {processor.py:161} INFO - Started process (PID=4064) to work on /home/airflow/.local/lib/python3.8/site-packages/airflow/example_dags/example_local_kubernetes_executor.py
[2024-10-01T00:26:42.616+0000] {processor.py:830} INFO - Processing file /home/airflow/.local/lib/python3.8/site-packages/airflow/example_dags/example_local_kubernetes_executor.py for tasks to queue
[2024-10-01T00:26:42.621+0000] {logging_mixin.py:188} INFO - [2024-10-01T00:26:42.620+0000] {dagbag.py:538} INFO - Filling up the DagBag from /home/airflow/.local/lib/python3.8/site-packages/airflow/example_dags/example_local_kubernetes_executor.py
[2024-10-01T00:26:42.640+0000] {processor.py:840} INFO - DAG(s) 'example_local_kubernetes_executor' retrieved from /home/airflow/.local/lib/python3.8/site-packages/airflow/example_dags/example_local_kubernetes_executor.py
[2024-10-01T00:26:42.715+0000] {logging_mixin.py:188} INFO - [2024-10-01T00:26:42.714+0000] {dag.py:3036} INFO - Sync 1 DAGs
[2024-10-01T00:26:42.745+0000] {logging_mixin.py:188} INFO - [2024-10-01T00:26:42.744+0000] {dag.py:3823} INFO - Setting next_dagrun for example_local_kubernetes_executor to None, run_after=None
[2024-10-01T00:26:42.793+0000] {processor.py:183} INFO - Processing /home/airflow/.local/lib/python3.8/site-packages/airflow/example_dags/example_local_kubernetes_executor.py took 0.190 seconds
[2024-10-01T00:27:13.269+0000] {processor.py:161} INFO - Started process (PID=4130) to work on /home/airflow/.local/lib/python3.8/site-packages/airflow/example_dags/example_local_kubernetes_executor.py
[2024-10-01T00:27:13.272+0000] {processor.py:830} INFO - Processing file /home/airflow/.local/lib/python3.8/site-packages/airflow/example_dags/example_local_kubernetes_executor.py for tasks to queue
[2024-10-01T00:27:13.276+0000] {logging_mixin.py:188} INFO - [2024-10-01T00:27:13.275+0000] {dagbag.py:538} INFO - Filling up the DagBag from /home/airflow/.local/lib/python3.8/site-packages/airflow/example_dags/example_local_kubernetes_executor.py
[2024-10-01T00:27:13.292+0000] {processor.py:840} INFO - DAG(s) 'example_local_kubernetes_executor' retrieved from /home/airflow/.local/lib/python3.8/site-packages/airflow/example_dags/example_local_kubernetes_executor.py
[2024-10-01T00:27:13.361+0000] {logging_mixin.py:188} INFO - [2024-10-01T00:27:13.360+0000] {dag.py:3036} INFO - Sync 1 DAGs
[2024-10-01T00:27:13.387+0000] {logging_mixin.py:188} INFO - [2024-10-01T00:27:13.386+0000] {dag.py:3823} INFO - Setting next_dagrun for example_local_kubernetes_executor to None, run_after=None
[2024-10-01T00:27:13.426+0000] {processor.py:183} INFO - Processing /home/airflow/.local/lib/python3.8/site-packages/airflow/example_dags/example_local_kubernetes_executor.py took 0.164 seconds
[2024-10-01T00:27:44.168+0000] {processor.py:161} INFO - Started process (PID=4196) to work on /home/airflow/.local/lib/python3.8/site-packages/airflow/example_dags/example_local_kubernetes_executor.py
[2024-10-01T00:27:44.173+0000] {processor.py:830} INFO - Processing file /home/airflow/.local/lib/python3.8/site-packages/airflow/example_dags/example_local_kubernetes_executor.py for tasks to queue
[2024-10-01T00:27:44.181+0000] {logging_mixin.py:188} INFO - [2024-10-01T00:27:44.179+0000] {dagbag.py:538} INFO - Filling up the DagBag from /home/airflow/.local/lib/python3.8/site-packages/airflow/example_dags/example_local_kubernetes_executor.py
[2024-10-01T00:27:44.225+0000] {processor.py:840} INFO - DAG(s) 'example_local_kubernetes_executor' retrieved from /home/airflow/.local/lib/python3.8/site-packages/airflow/example_dags/example_local_kubernetes_executor.py
[2024-10-01T00:27:44.400+0000] {logging_mixin.py:188} INFO - [2024-10-01T00:27:44.399+0000] {dag.py:3036} INFO - Sync 1 DAGs
[2024-10-01T00:27:44.476+0000] {logging_mixin.py:188} INFO - [2024-10-01T00:27:44.475+0000] {dag.py:3823} INFO - Setting next_dagrun for example_local_kubernetes_executor to None, run_after=None
[2024-10-01T00:27:44.581+0000] {processor.py:183} INFO - Processing /home/airflow/.local/lib/python3.8/site-packages/airflow/example_dags/example_local_kubernetes_executor.py took 0.428 seconds
[2024-10-01T00:28:14.968+0000] {processor.py:161} INFO - Started process (PID=4254) to work on /home/airflow/.local/lib/python3.8/site-packages/airflow/example_dags/example_local_kubernetes_executor.py
[2024-10-01T00:28:14.972+0000] {processor.py:830} INFO - Processing file /home/airflow/.local/lib/python3.8/site-packages/airflow/example_dags/example_local_kubernetes_executor.py for tasks to queue
[2024-10-01T00:28:14.978+0000] {logging_mixin.py:188} INFO - [2024-10-01T00:28:14.977+0000] {dagbag.py:538} INFO - Filling up the DagBag from /home/airflow/.local/lib/python3.8/site-packages/airflow/example_dags/example_local_kubernetes_executor.py
[2024-10-01T00:28:15.007+0000] {processor.py:840} INFO - DAG(s) 'example_local_kubernetes_executor' retrieved from /home/airflow/.local/lib/python3.8/site-packages/airflow/example_dags/example_local_kubernetes_executor.py
[2024-10-01T00:28:15.129+0000] {logging_mixin.py:188} INFO - [2024-10-01T00:28:15.128+0000] {dag.py:3036} INFO - Sync 1 DAGs
[2024-10-01T00:28:15.176+0000] {logging_mixin.py:188} INFO - [2024-10-01T00:28:15.175+0000] {dag.py:3823} INFO - Setting next_dagrun for example_local_kubernetes_executor to None, run_after=None
[2024-10-01T00:28:15.252+0000] {processor.py:183} INFO - Processing /home/airflow/.local/lib/python3.8/site-packages/airflow/example_dags/example_local_kubernetes_executor.py took 0.298 seconds
[2024-10-01T00:28:46.424+0000] {processor.py:161} INFO - Started process (PID=4320) to work on /home/airflow/.local/lib/python3.8/site-packages/airflow/example_dags/example_local_kubernetes_executor.py
[2024-10-01T00:28:46.431+0000] {processor.py:830} INFO - Processing file /home/airflow/.local/lib/python3.8/site-packages/airflow/example_dags/example_local_kubernetes_executor.py for tasks to queue
[2024-10-01T00:28:46.443+0000] {logging_mixin.py:188} INFO - [2024-10-01T00:28:46.441+0000] {dagbag.py:538} INFO - Filling up the DagBag from /home/airflow/.local/lib/python3.8/site-packages/airflow/example_dags/example_local_kubernetes_executor.py
[2024-10-01T00:28:46.496+0000] {processor.py:840} INFO - DAG(s) 'example_local_kubernetes_executor' retrieved from /home/airflow/.local/lib/python3.8/site-packages/airflow/example_dags/example_local_kubernetes_executor.py
[2024-10-01T00:28:46.736+0000] {logging_mixin.py:188} INFO - [2024-10-01T00:28:46.735+0000] {dag.py:3036} INFO - Sync 1 DAGs
[2024-10-01T00:28:46.819+0000] {logging_mixin.py:188} INFO - [2024-10-01T00:28:46.817+0000] {dag.py:3823} INFO - Setting next_dagrun for example_local_kubernetes_executor to None, run_after=None
[2024-10-01T00:28:46.918+0000] {processor.py:183} INFO - Processing /home/airflow/.local/lib/python3.8/site-packages/airflow/example_dags/example_local_kubernetes_executor.py took 0.520 seconds
[2024-10-01T00:29:17.844+0000] {processor.py:161} INFO - Started process (PID=4387) to work on /home/airflow/.local/lib/python3.8/site-packages/airflow/example_dags/example_local_kubernetes_executor.py
[2024-10-01T00:29:17.847+0000] {processor.py:830} INFO - Processing file /home/airflow/.local/lib/python3.8/site-packages/airflow/example_dags/example_local_kubernetes_executor.py for tasks to queue
[2024-10-01T00:29:17.852+0000] {logging_mixin.py:188} INFO - [2024-10-01T00:29:17.851+0000] {dagbag.py:538} INFO - Filling up the DagBag from /home/airflow/.local/lib/python3.8/site-packages/airflow/example_dags/example_local_kubernetes_executor.py
[2024-10-01T00:29:17.875+0000] {processor.py:840} INFO - DAG(s) 'example_local_kubernetes_executor' retrieved from /home/airflow/.local/lib/python3.8/site-packages/airflow/example_dags/example_local_kubernetes_executor.py
[2024-10-01T00:29:17.985+0000] {logging_mixin.py:188} INFO - [2024-10-01T00:29:17.985+0000] {dag.py:3036} INFO - Sync 1 DAGs
[2024-10-01T00:29:18.017+0000] {logging_mixin.py:188} INFO - [2024-10-01T00:29:18.016+0000] {dag.py:3823} INFO - Setting next_dagrun for example_local_kubernetes_executor to None, run_after=None
[2024-10-01T00:29:18.073+0000] {processor.py:183} INFO - Processing /home/airflow/.local/lib/python3.8/site-packages/airflow/example_dags/example_local_kubernetes_executor.py took 0.240 seconds
[2024-10-01T00:29:48.287+0000] {processor.py:161} INFO - Started process (PID=4453) to work on /home/airflow/.local/lib/python3.8/site-packages/airflow/example_dags/example_local_kubernetes_executor.py
[2024-10-01T00:29:48.290+0000] {processor.py:830} INFO - Processing file /home/airflow/.local/lib/python3.8/site-packages/airflow/example_dags/example_local_kubernetes_executor.py for tasks to queue
[2024-10-01T00:29:48.294+0000] {logging_mixin.py:188} INFO - [2024-10-01T00:29:48.293+0000] {dagbag.py:538} INFO - Filling up the DagBag from /home/airflow/.local/lib/python3.8/site-packages/airflow/example_dags/example_local_kubernetes_executor.py
[2024-10-01T00:29:48.310+0000] {processor.py:840} INFO - DAG(s) 'example_local_kubernetes_executor' retrieved from /home/airflow/.local/lib/python3.8/site-packages/airflow/example_dags/example_local_kubernetes_executor.py
[2024-10-01T00:29:48.382+0000] {logging_mixin.py:188} INFO - [2024-10-01T00:29:48.381+0000] {dag.py:3036} INFO - Sync 1 DAGs
[2024-10-01T00:29:48.410+0000] {logging_mixin.py:188} INFO - [2024-10-01T00:29:48.410+0000] {dag.py:3823} INFO - Setting next_dagrun for example_local_kubernetes_executor to None, run_after=None
[2024-10-01T00:29:48.455+0000] {processor.py:183} INFO - Processing /home/airflow/.local/lib/python3.8/site-packages/airflow/example_dags/example_local_kubernetes_executor.py took 0.176 seconds
[2024-10-01T00:30:18.747+0000] {processor.py:161} INFO - Started process (PID=4519) to work on /home/airflow/.local/lib/python3.8/site-packages/airflow/example_dags/example_local_kubernetes_executor.py
[2024-10-01T00:30:18.750+0000] {processor.py:830} INFO - Processing file /home/airflow/.local/lib/python3.8/site-packages/airflow/example_dags/example_local_kubernetes_executor.py for tasks to queue
[2024-10-01T00:30:18.753+0000] {logging_mixin.py:188} INFO - [2024-10-01T00:30:18.752+0000] {dagbag.py:538} INFO - Filling up the DagBag from /home/airflow/.local/lib/python3.8/site-packages/airflow/example_dags/example_local_kubernetes_executor.py
[2024-10-01T00:30:18.770+0000] {processor.py:840} INFO - DAG(s) 'example_local_kubernetes_executor' retrieved from /home/airflow/.local/lib/python3.8/site-packages/airflow/example_dags/example_local_kubernetes_executor.py
[2024-10-01T00:30:18.844+0000] {logging_mixin.py:188} INFO - [2024-10-01T00:30:18.843+0000] {dag.py:3036} INFO - Sync 1 DAGs
[2024-10-01T00:30:18.871+0000] {logging_mixin.py:188} INFO - [2024-10-01T00:30:18.870+0000] {dag.py:3823} INFO - Setting next_dagrun for example_local_kubernetes_executor to None, run_after=None
[2024-10-01T00:30:18.911+0000] {processor.py:183} INFO - Processing /home/airflow/.local/lib/python3.8/site-packages/airflow/example_dags/example_local_kubernetes_executor.py took 0.170 seconds
[2024-10-01T00:30:49.540+0000] {processor.py:161} INFO - Started process (PID=4587) to work on /home/airflow/.local/lib/python3.8/site-packages/airflow/example_dags/example_local_kubernetes_executor.py
[2024-10-01T00:30:49.543+0000] {processor.py:830} INFO - Processing file /home/airflow/.local/lib/python3.8/site-packages/airflow/example_dags/example_local_kubernetes_executor.py for tasks to queue
[2024-10-01T00:30:49.549+0000] {logging_mixin.py:188} INFO - [2024-10-01T00:30:49.548+0000] {dagbag.py:538} INFO - Filling up the DagBag from /home/airflow/.local/lib/python3.8/site-packages/airflow/example_dags/example_local_kubernetes_executor.py
[2024-10-01T00:30:49.580+0000] {processor.py:840} INFO - DAG(s) 'example_local_kubernetes_executor' retrieved from /home/airflow/.local/lib/python3.8/site-packages/airflow/example_dags/example_local_kubernetes_executor.py
[2024-10-01T00:30:49.678+0000] {logging_mixin.py:188} INFO - [2024-10-01T00:30:49.678+0000] {dag.py:3036} INFO - Sync 1 DAGs
[2024-10-01T00:30:49.715+0000] {logging_mixin.py:188} INFO - [2024-10-01T00:30:49.714+0000] {dag.py:3823} INFO - Setting next_dagrun for example_local_kubernetes_executor to None, run_after=None
[2024-10-01T00:30:49.767+0000] {processor.py:183} INFO - Processing /home/airflow/.local/lib/python3.8/site-packages/airflow/example_dags/example_local_kubernetes_executor.py took 0.238 seconds
[2024-10-01T00:31:20.455+0000] {processor.py:161} INFO - Started process (PID=4654) to work on /home/airflow/.local/lib/python3.8/site-packages/airflow/example_dags/example_local_kubernetes_executor.py
[2024-10-01T00:31:20.467+0000] {processor.py:830} INFO - Processing file /home/airflow/.local/lib/python3.8/site-packages/airflow/example_dags/example_local_kubernetes_executor.py for tasks to queue
[2024-10-01T00:31:20.474+0000] {logging_mixin.py:188} INFO - [2024-10-01T00:31:20.473+0000] {dagbag.py:538} INFO - Filling up the DagBag from /home/airflow/.local/lib/python3.8/site-packages/airflow/example_dags/example_local_kubernetes_executor.py
[2024-10-01T00:31:20.506+0000] {processor.py:840} INFO - DAG(s) 'example_local_kubernetes_executor' retrieved from /home/airflow/.local/lib/python3.8/site-packages/airflow/example_dags/example_local_kubernetes_executor.py
[2024-10-01T00:31:20.623+0000] {logging_mixin.py:188} INFO - [2024-10-01T00:31:20.622+0000] {dag.py:3036} INFO - Sync 1 DAGs
[2024-10-01T00:31:20.666+0000] {logging_mixin.py:188} INFO - [2024-10-01T00:31:20.665+0000] {dag.py:3823} INFO - Setting next_dagrun for example_local_kubernetes_executor to None, run_after=None
[2024-10-01T00:31:20.726+0000] {processor.py:183} INFO - Processing /home/airflow/.local/lib/python3.8/site-packages/airflow/example_dags/example_local_kubernetes_executor.py took 0.287 seconds
[2024-10-01T00:31:51.429+0000] {processor.py:161} INFO - Started process (PID=4713) to work on /home/airflow/.local/lib/python3.8/site-packages/airflow/example_dags/example_local_kubernetes_executor.py
[2024-10-01T00:31:51.434+0000] {processor.py:830} INFO - Processing file /home/airflow/.local/lib/python3.8/site-packages/airflow/example_dags/example_local_kubernetes_executor.py for tasks to queue
[2024-10-01T00:31:51.441+0000] {logging_mixin.py:188} INFO - [2024-10-01T00:31:51.439+0000] {dagbag.py:538} INFO - Filling up the DagBag from /home/airflow/.local/lib/python3.8/site-packages/airflow/example_dags/example_local_kubernetes_executor.py
[2024-10-01T00:31:51.473+0000] {processor.py:840} INFO - DAG(s) 'example_local_kubernetes_executor' retrieved from /home/airflow/.local/lib/python3.8/site-packages/airflow/example_dags/example_local_kubernetes_executor.py
[2024-10-01T00:31:51.604+0000] {logging_mixin.py:188} INFO - [2024-10-01T00:31:51.603+0000] {dag.py:3036} INFO - Sync 1 DAGs
[2024-10-01T00:31:51.652+0000] {logging_mixin.py:188} INFO - [2024-10-01T00:31:51.651+0000] {dag.py:3823} INFO - Setting next_dagrun for example_local_kubernetes_executor to None, run_after=None
[2024-10-01T00:31:51.723+0000] {processor.py:183} INFO - Processing /home/airflow/.local/lib/python3.8/site-packages/airflow/example_dags/example_local_kubernetes_executor.py took 0.306 seconds
[2024-10-01T00:32:22.015+0000] {processor.py:161} INFO - Started process (PID=4779) to work on /home/airflow/.local/lib/python3.8/site-packages/airflow/example_dags/example_local_kubernetes_executor.py
[2024-10-01T00:32:22.020+0000] {processor.py:830} INFO - Processing file /home/airflow/.local/lib/python3.8/site-packages/airflow/example_dags/example_local_kubernetes_executor.py for tasks to queue
[2024-10-01T00:32:22.030+0000] {logging_mixin.py:188} INFO - [2024-10-01T00:32:22.029+0000] {dagbag.py:538} INFO - Filling up the DagBag from /home/airflow/.local/lib/python3.8/site-packages/airflow/example_dags/example_local_kubernetes_executor.py
[2024-10-01T00:32:22.079+0000] {processor.py:840} INFO - DAG(s) 'example_local_kubernetes_executor' retrieved from /home/airflow/.local/lib/python3.8/site-packages/airflow/example_dags/example_local_kubernetes_executor.py
[2024-10-01T00:32:22.259+0000] {logging_mixin.py:188} INFO - [2024-10-01T00:32:22.258+0000] {dag.py:3036} INFO - Sync 1 DAGs
[2024-10-01T00:32:22.318+0000] {logging_mixin.py:188} INFO - [2024-10-01T00:32:22.317+0000] {dag.py:3823} INFO - Setting next_dagrun for example_local_kubernetes_executor to None, run_after=None
[2024-10-01T00:32:22.407+0000] {processor.py:183} INFO - Processing /home/airflow/.local/lib/python3.8/site-packages/airflow/example_dags/example_local_kubernetes_executor.py took 0.410 seconds
[2024-10-01T00:32:52.928+0000] {processor.py:161} INFO - Started process (PID=4845) to work on /home/airflow/.local/lib/python3.8/site-packages/airflow/example_dags/example_local_kubernetes_executor.py
[2024-10-01T00:32:52.931+0000] {processor.py:830} INFO - Processing file /home/airflow/.local/lib/python3.8/site-packages/airflow/example_dags/example_local_kubernetes_executor.py for tasks to queue
[2024-10-01T00:32:52.935+0000] {logging_mixin.py:188} INFO - [2024-10-01T00:32:52.935+0000] {dagbag.py:538} INFO - Filling up the DagBag from /home/airflow/.local/lib/python3.8/site-packages/airflow/example_dags/example_local_kubernetes_executor.py
[2024-10-01T00:32:52.958+0000] {processor.py:840} INFO - DAG(s) 'example_local_kubernetes_executor' retrieved from /home/airflow/.local/lib/python3.8/site-packages/airflow/example_dags/example_local_kubernetes_executor.py
[2024-10-01T00:32:53.051+0000] {logging_mixin.py:188} INFO - [2024-10-01T00:32:53.051+0000] {dag.py:3036} INFO - Sync 1 DAGs
[2024-10-01T00:32:53.090+0000] {logging_mixin.py:188} INFO - [2024-10-01T00:32:53.089+0000] {dag.py:3823} INFO - Setting next_dagrun for example_local_kubernetes_executor to None, run_after=None
[2024-10-01T00:32:53.147+0000] {processor.py:183} INFO - Processing /home/airflow/.local/lib/python3.8/site-packages/airflow/example_dags/example_local_kubernetes_executor.py took 0.229 seconds
[2024-10-01T00:33:23.403+0000] {processor.py:161} INFO - Started process (PID=4903) to work on /home/airflow/.local/lib/python3.8/site-packages/airflow/example_dags/example_local_kubernetes_executor.py
[2024-10-01T00:33:23.420+0000] {processor.py:830} INFO - Processing file /home/airflow/.local/lib/python3.8/site-packages/airflow/example_dags/example_local_kubernetes_executor.py for tasks to queue
[2024-10-01T00:33:23.423+0000] {logging_mixin.py:188} INFO - [2024-10-01T00:33:23.422+0000] {dagbag.py:538} INFO - Filling up the DagBag from /home/airflow/.local/lib/python3.8/site-packages/airflow/example_dags/example_local_kubernetes_executor.py
[2024-10-01T00:33:23.435+0000] {processor.py:840} INFO - DAG(s) 'example_local_kubernetes_executor' retrieved from /home/airflow/.local/lib/python3.8/site-packages/airflow/example_dags/example_local_kubernetes_executor.py
[2024-10-01T00:33:23.487+0000] {logging_mixin.py:188} INFO - [2024-10-01T00:33:23.487+0000] {dag.py:3036} INFO - Sync 1 DAGs
[2024-10-01T00:33:23.507+0000] {logging_mixin.py:188} INFO - [2024-10-01T00:33:23.507+0000] {dag.py:3823} INFO - Setting next_dagrun for example_local_kubernetes_executor to None, run_after=None
[2024-10-01T00:33:23.539+0000] {processor.py:183} INFO - Processing /home/airflow/.local/lib/python3.8/site-packages/airflow/example_dags/example_local_kubernetes_executor.py took 0.141 seconds
[2024-10-01T00:33:56.716+0000] {processor.py:161} INFO - Started process (PID=4970) to work on /home/airflow/.local/lib/python3.8/site-packages/airflow/example_dags/example_local_kubernetes_executor.py
[2024-10-01T00:33:56.724+0000] {processor.py:830} INFO - Processing file /home/airflow/.local/lib/python3.8/site-packages/airflow/example_dags/example_local_kubernetes_executor.py for tasks to queue
[2024-10-01T00:33:56.738+0000] {logging_mixin.py:188} INFO - [2024-10-01T00:33:56.736+0000] {dagbag.py:538} INFO - Filling up the DagBag from /home/airflow/.local/lib/python3.8/site-packages/airflow/example_dags/example_local_kubernetes_executor.py
[2024-10-01T00:33:56.800+0000] {processor.py:840} INFO - DAG(s) 'example_local_kubernetes_executor' retrieved from /home/airflow/.local/lib/python3.8/site-packages/airflow/example_dags/example_local_kubernetes_executor.py
[2024-10-01T00:33:57.072+0000] {logging_mixin.py:188} INFO - [2024-10-01T00:33:57.069+0000] {dag.py:3036} INFO - Sync 1 DAGs
[2024-10-01T00:33:57.206+0000] {logging_mixin.py:188} INFO - [2024-10-01T00:33:57.204+0000] {dag.py:3823} INFO - Setting next_dagrun for example_local_kubernetes_executor to None, run_after=None
[2024-10-01T00:33:57.364+0000] {processor.py:183} INFO - Processing /home/airflow/.local/lib/python3.8/site-packages/airflow/example_dags/example_local_kubernetes_executor.py took 0.671 seconds
[2024-10-01T00:34:28.835+0000] {processor.py:161} INFO - Started process (PID=5039) to work on /home/airflow/.local/lib/python3.8/site-packages/airflow/example_dags/example_local_kubernetes_executor.py
[2024-10-01T00:34:28.838+0000] {processor.py:830} INFO - Processing file /home/airflow/.local/lib/python3.8/site-packages/airflow/example_dags/example_local_kubernetes_executor.py for tasks to queue
[2024-10-01T00:34:28.842+0000] {logging_mixin.py:188} INFO - [2024-10-01T00:34:28.842+0000] {dagbag.py:538} INFO - Filling up the DagBag from /home/airflow/.local/lib/python3.8/site-packages/airflow/example_dags/example_local_kubernetes_executor.py
[2024-10-01T00:34:28.864+0000] {processor.py:840} INFO - DAG(s) 'example_local_kubernetes_executor' retrieved from /home/airflow/.local/lib/python3.8/site-packages/airflow/example_dags/example_local_kubernetes_executor.py
[2024-10-01T00:34:28.977+0000] {logging_mixin.py:188} INFO - [2024-10-01T00:34:28.976+0000] {dag.py:3036} INFO - Sync 1 DAGs
[2024-10-01T00:34:29.016+0000] {logging_mixin.py:188} INFO - [2024-10-01T00:34:29.015+0000] {dag.py:3823} INFO - Setting next_dagrun for example_local_kubernetes_executor to None, run_after=None
[2024-10-01T00:34:29.069+0000] {processor.py:183} INFO - Processing /home/airflow/.local/lib/python3.8/site-packages/airflow/example_dags/example_local_kubernetes_executor.py took 0.244 seconds
