[2024-10-01T00:00:27.124+0000] {processor.py:161} INFO - Started process (PID=806) to work on /home/airflow/.local/lib/python3.8/site-packages/airflow/example_dags/example_sensor_decorator.py
[2024-10-01T00:00:27.127+0000] {processor.py:830} INFO - Processing file /home/airflow/.local/lib/python3.8/site-packages/airflow/example_dags/example_sensor_decorator.py for tasks to queue
[2024-10-01T00:00:27.132+0000] {logging_mixin.py:188} INFO - [2024-10-01T00:00:27.131+0000] {dagbag.py:538} INFO - Filling up the DagBag from /home/airflow/.local/lib/python3.8/site-packages/airflow/example_dags/example_sensor_decorator.py
[2024-10-01T00:00:27.152+0000] {processor.py:840} INFO - DAG(s) 'example_sensor_decorator' retrieved from /home/airflow/.local/lib/python3.8/site-packages/airflow/example_dags/example_sensor_decorator.py
[2024-10-01T00:00:27.216+0000] {logging_mixin.py:188} INFO - [2024-10-01T00:00:27.215+0000] {dag.py:3036} INFO - Sync 1 DAGs
[2024-10-01T00:00:27.259+0000] {logging_mixin.py:188} INFO - [2024-10-01T00:00:27.258+0000] {dag.py:3823} INFO - Setting next_dagrun for example_sensor_decorator to None, run_after=None
[2024-10-01T00:00:27.318+0000] {processor.py:183} INFO - Processing /home/airflow/.local/lib/python3.8/site-packages/airflow/example_dags/example_sensor_decorator.py took 0.206 seconds
[2024-10-01T00:00:57.707+0000] {processor.py:161} INFO - Started process (PID=870) to work on /home/airflow/.local/lib/python3.8/site-packages/airflow/example_dags/example_sensor_decorator.py
[2024-10-01T00:00:57.710+0000] {processor.py:830} INFO - Processing file /home/airflow/.local/lib/python3.8/site-packages/airflow/example_dags/example_sensor_decorator.py for tasks to queue
[2024-10-01T00:00:57.714+0000] {logging_mixin.py:188} INFO - [2024-10-01T00:00:57.714+0000] {dagbag.py:538} INFO - Filling up the DagBag from /home/airflow/.local/lib/python3.8/site-packages/airflow/example_dags/example_sensor_decorator.py
[2024-10-01T00:00:57.729+0000] {processor.py:840} INFO - DAG(s) 'example_sensor_decorator' retrieved from /home/airflow/.local/lib/python3.8/site-packages/airflow/example_dags/example_sensor_decorator.py
[2024-10-01T00:00:57.777+0000] {logging_mixin.py:188} INFO - [2024-10-01T00:00:57.777+0000] {dag.py:3036} INFO - Sync 1 DAGs
[2024-10-01T00:00:57.807+0000] {logging_mixin.py:188} INFO - [2024-10-01T00:00:57.807+0000] {dag.py:3823} INFO - Setting next_dagrun for example_sensor_decorator to None, run_after=None
[2024-10-01T00:00:57.854+0000] {processor.py:183} INFO - Processing /home/airflow/.local/lib/python3.8/site-packages/airflow/example_dags/example_sensor_decorator.py took 0.155 seconds
[2024-10-01T00:01:28.282+0000] {processor.py:161} INFO - Started process (PID=928) to work on /home/airflow/.local/lib/python3.8/site-packages/airflow/example_dags/example_sensor_decorator.py
[2024-10-01T00:01:28.284+0000] {processor.py:830} INFO - Processing file /home/airflow/.local/lib/python3.8/site-packages/airflow/example_dags/example_sensor_decorator.py for tasks to queue
[2024-10-01T00:01:28.287+0000] {logging_mixin.py:188} INFO - [2024-10-01T00:01:28.287+0000] {dagbag.py:538} INFO - Filling up the DagBag from /home/airflow/.local/lib/python3.8/site-packages/airflow/example_dags/example_sensor_decorator.py
[2024-10-01T00:01:28.300+0000] {processor.py:840} INFO - DAG(s) 'example_sensor_decorator' retrieved from /home/airflow/.local/lib/python3.8/site-packages/airflow/example_dags/example_sensor_decorator.py
[2024-10-01T00:01:28.338+0000] {logging_mixin.py:188} INFO - [2024-10-01T00:01:28.337+0000] {dag.py:3036} INFO - Sync 1 DAGs
[2024-10-01T00:01:28.364+0000] {logging_mixin.py:188} INFO - [2024-10-01T00:01:28.363+0000] {dag.py:3823} INFO - Setting next_dagrun for example_sensor_decorator to None, run_after=None
[2024-10-01T00:01:28.400+0000] {processor.py:183} INFO - Processing /home/airflow/.local/lib/python3.8/site-packages/airflow/example_dags/example_sensor_decorator.py took 0.125 seconds
[2024-10-01T00:01:59.374+0000] {processor.py:161} INFO - Started process (PID=994) to work on /home/airflow/.local/lib/python3.8/site-packages/airflow/example_dags/example_sensor_decorator.py
[2024-10-01T00:01:59.378+0000] {processor.py:830} INFO - Processing file /home/airflow/.local/lib/python3.8/site-packages/airflow/example_dags/example_sensor_decorator.py for tasks to queue
[2024-10-01T00:01:59.383+0000] {logging_mixin.py:188} INFO - [2024-10-01T00:01:59.382+0000] {dagbag.py:538} INFO - Filling up the DagBag from /home/airflow/.local/lib/python3.8/site-packages/airflow/example_dags/example_sensor_decorator.py
[2024-10-01T00:01:59.404+0000] {processor.py:840} INFO - DAG(s) 'example_sensor_decorator' retrieved from /home/airflow/.local/lib/python3.8/site-packages/airflow/example_dags/example_sensor_decorator.py
[2024-10-01T00:01:59.465+0000] {logging_mixin.py:188} INFO - [2024-10-01T00:01:59.464+0000] {dag.py:3036} INFO - Sync 1 DAGs
[2024-10-01T00:01:59.506+0000] {logging_mixin.py:188} INFO - [2024-10-01T00:01:59.505+0000] {dag.py:3823} INFO - Setting next_dagrun for example_sensor_decorator to None, run_after=None
[2024-10-01T00:01:59.576+0000] {processor.py:183} INFO - Processing /home/airflow/.local/lib/python3.8/site-packages/airflow/example_dags/example_sensor_decorator.py took 0.213 seconds
[2024-10-01T00:02:29.886+0000] {processor.py:161} INFO - Started process (PID=1060) to work on /home/airflow/.local/lib/python3.8/site-packages/airflow/example_dags/example_sensor_decorator.py
[2024-10-01T00:02:29.890+0000] {processor.py:830} INFO - Processing file /home/airflow/.local/lib/python3.8/site-packages/airflow/example_dags/example_sensor_decorator.py for tasks to queue
[2024-10-01T00:02:29.896+0000] {logging_mixin.py:188} INFO - [2024-10-01T00:02:29.895+0000] {dagbag.py:538} INFO - Filling up the DagBag from /home/airflow/.local/lib/python3.8/site-packages/airflow/example_dags/example_sensor_decorator.py
[2024-10-01T00:02:29.915+0000] {processor.py:840} INFO - DAG(s) 'example_sensor_decorator' retrieved from /home/airflow/.local/lib/python3.8/site-packages/airflow/example_dags/example_sensor_decorator.py
[2024-10-01T00:02:29.978+0000] {logging_mixin.py:188} INFO - [2024-10-01T00:02:29.977+0000] {dag.py:3036} INFO - Sync 1 DAGs
[2024-10-01T00:02:30.019+0000] {logging_mixin.py:188} INFO - [2024-10-01T00:02:30.018+0000] {dag.py:3823} INFO - Setting next_dagrun for example_sensor_decorator to None, run_after=None
[2024-10-01T00:02:30.085+0000] {processor.py:183} INFO - Processing /home/airflow/.local/lib/python3.8/site-packages/airflow/example_dags/example_sensor_decorator.py took 0.209 seconds
[2024-10-01T00:03:00.469+0000] {processor.py:161} INFO - Started process (PID=1126) to work on /home/airflow/.local/lib/python3.8/site-packages/airflow/example_dags/example_sensor_decorator.py
[2024-10-01T00:03:00.477+0000] {processor.py:830} INFO - Processing file /home/airflow/.local/lib/python3.8/site-packages/airflow/example_dags/example_sensor_decorator.py for tasks to queue
[2024-10-01T00:03:00.486+0000] {logging_mixin.py:188} INFO - [2024-10-01T00:03:00.484+0000] {dagbag.py:538} INFO - Filling up the DagBag from /home/airflow/.local/lib/python3.8/site-packages/airflow/example_dags/example_sensor_decorator.py
[2024-10-01T00:03:00.522+0000] {processor.py:840} INFO - DAG(s) 'example_sensor_decorator' retrieved from /home/airflow/.local/lib/python3.8/site-packages/airflow/example_dags/example_sensor_decorator.py
[2024-10-01T00:03:00.669+0000] {logging_mixin.py:188} INFO - [2024-10-01T00:03:00.668+0000] {dag.py:3036} INFO - Sync 1 DAGs
[2024-10-01T00:03:00.783+0000] {logging_mixin.py:188} INFO - [2024-10-01T00:03:00.782+0000] {dag.py:3823} INFO - Setting next_dagrun for example_sensor_decorator to None, run_after=None
[2024-10-01T00:03:00.915+0000] {processor.py:183} INFO - Processing /home/airflow/.local/lib/python3.8/site-packages/airflow/example_dags/example_sensor_decorator.py took 0.461 seconds
[2024-10-01T00:03:31.062+0000] {processor.py:161} INFO - Started process (PID=1192) to work on /home/airflow/.local/lib/python3.8/site-packages/airflow/example_dags/example_sensor_decorator.py
[2024-10-01T00:03:31.066+0000] {processor.py:830} INFO - Processing file /home/airflow/.local/lib/python3.8/site-packages/airflow/example_dags/example_sensor_decorator.py for tasks to queue
[2024-10-01T00:03:31.070+0000] {logging_mixin.py:188} INFO - [2024-10-01T00:03:31.070+0000] {dagbag.py:538} INFO - Filling up the DagBag from /home/airflow/.local/lib/python3.8/site-packages/airflow/example_dags/example_sensor_decorator.py
[2024-10-01T00:03:31.087+0000] {processor.py:840} INFO - DAG(s) 'example_sensor_decorator' retrieved from /home/airflow/.local/lib/python3.8/site-packages/airflow/example_dags/example_sensor_decorator.py
[2024-10-01T00:03:31.144+0000] {logging_mixin.py:188} INFO - [2024-10-01T00:03:31.143+0000] {dag.py:3036} INFO - Sync 1 DAGs
[2024-10-01T00:03:31.179+0000] {logging_mixin.py:188} INFO - [2024-10-01T00:03:31.178+0000] {dag.py:3823} INFO - Setting next_dagrun for example_sensor_decorator to None, run_after=None
[2024-10-01T00:03:31.232+0000] {processor.py:183} INFO - Processing /home/airflow/.local/lib/python3.8/site-packages/airflow/example_dags/example_sensor_decorator.py took 0.179 seconds
[2024-10-01T00:04:01.749+0000] {processor.py:161} INFO - Started process (PID=1258) to work on /home/airflow/.local/lib/python3.8/site-packages/airflow/example_dags/example_sensor_decorator.py
[2024-10-01T00:04:01.764+0000] {processor.py:830} INFO - Processing file /home/airflow/.local/lib/python3.8/site-packages/airflow/example_dags/example_sensor_decorator.py for tasks to queue
[2024-10-01T00:04:01.771+0000] {logging_mixin.py:188} INFO - [2024-10-01T00:04:01.770+0000] {dagbag.py:538} INFO - Filling up the DagBag from /home/airflow/.local/lib/python3.8/site-packages/airflow/example_dags/example_sensor_decorator.py
[2024-10-01T00:04:01.794+0000] {processor.py:840} INFO - DAG(s) 'example_sensor_decorator' retrieved from /home/airflow/.local/lib/python3.8/site-packages/airflow/example_dags/example_sensor_decorator.py
[2024-10-01T00:04:01.866+0000] {logging_mixin.py:188} INFO - [2024-10-01T00:04:01.865+0000] {dag.py:3036} INFO - Sync 1 DAGs
[2024-10-01T00:04:01.916+0000] {logging_mixin.py:188} INFO - [2024-10-01T00:04:01.916+0000] {dag.py:3823} INFO - Setting next_dagrun for example_sensor_decorator to None, run_after=None
[2024-10-01T00:04:01.988+0000] {processor.py:183} INFO - Processing /home/airflow/.local/lib/python3.8/site-packages/airflow/example_dags/example_sensor_decorator.py took 0.252 seconds
[2024-10-01T00:04:32.435+0000] {processor.py:161} INFO - Started process (PID=1324) to work on /home/airflow/.local/lib/python3.8/site-packages/airflow/example_dags/example_sensor_decorator.py
[2024-10-01T00:04:32.444+0000] {processor.py:830} INFO - Processing file /home/airflow/.local/lib/python3.8/site-packages/airflow/example_dags/example_sensor_decorator.py for tasks to queue
[2024-10-01T00:04:32.456+0000] {logging_mixin.py:188} INFO - [2024-10-01T00:04:32.454+0000] {dagbag.py:538} INFO - Filling up the DagBag from /home/airflow/.local/lib/python3.8/site-packages/airflow/example_dags/example_sensor_decorator.py
[2024-10-01T00:04:32.499+0000] {processor.py:840} INFO - DAG(s) 'example_sensor_decorator' retrieved from /home/airflow/.local/lib/python3.8/site-packages/airflow/example_dags/example_sensor_decorator.py
[2024-10-01T00:04:32.631+0000] {logging_mixin.py:188} INFO - [2024-10-01T00:04:32.629+0000] {dag.py:3036} INFO - Sync 1 DAGs
[2024-10-01T00:04:32.731+0000] {logging_mixin.py:188} INFO - [2024-10-01T00:04:32.729+0000] {dag.py:3823} INFO - Setting next_dagrun for example_sensor_decorator to None, run_after=None
[2024-10-01T00:04:32.858+0000] {processor.py:183} INFO - Processing /home/airflow/.local/lib/python3.8/site-packages/airflow/example_dags/example_sensor_decorator.py took 0.458 seconds
[2024-10-01T00:05:05.216+0000] {processor.py:161} INFO - Started process (PID=1390) to work on /home/airflow/.local/lib/python3.8/site-packages/airflow/example_dags/example_sensor_decorator.py
[2024-10-01T00:05:05.221+0000] {processor.py:830} INFO - Processing file /home/airflow/.local/lib/python3.8/site-packages/airflow/example_dags/example_sensor_decorator.py for tasks to queue
[2024-10-01T00:05:05.231+0000] {logging_mixin.py:188} INFO - [2024-10-01T00:05:05.229+0000] {dagbag.py:538} INFO - Filling up the DagBag from /home/airflow/.local/lib/python3.8/site-packages/airflow/example_dags/example_sensor_decorator.py
[2024-10-01T00:05:05.280+0000] {processor.py:840} INFO - DAG(s) 'example_sensor_decorator' retrieved from /home/airflow/.local/lib/python3.8/site-packages/airflow/example_dags/example_sensor_decorator.py
[2024-10-01T00:05:05.399+0000] {logging_mixin.py:188} INFO - [2024-10-01T00:05:05.398+0000] {dag.py:3036} INFO - Sync 1 DAGs
[2024-10-01T00:05:05.474+0000] {logging_mixin.py:188} INFO - [2024-10-01T00:05:05.473+0000] {dag.py:3823} INFO - Setting next_dagrun for example_sensor_decorator to None, run_after=None
[2024-10-01T00:05:05.590+0000] {processor.py:183} INFO - Processing /home/airflow/.local/lib/python3.8/site-packages/airflow/example_dags/example_sensor_decorator.py took 0.392 seconds
[2024-10-01T00:05:35.916+0000] {processor.py:161} INFO - Started process (PID=1456) to work on /home/airflow/.local/lib/python3.8/site-packages/airflow/example_dags/example_sensor_decorator.py
[2024-10-01T00:05:35.919+0000] {processor.py:830} INFO - Processing file /home/airflow/.local/lib/python3.8/site-packages/airflow/example_dags/example_sensor_decorator.py for tasks to queue
[2024-10-01T00:05:35.923+0000] {logging_mixin.py:188} INFO - [2024-10-01T00:05:35.922+0000] {dagbag.py:538} INFO - Filling up the DagBag from /home/airflow/.local/lib/python3.8/site-packages/airflow/example_dags/example_sensor_decorator.py
[2024-10-01T00:05:35.939+0000] {processor.py:840} INFO - DAG(s) 'example_sensor_decorator' retrieved from /home/airflow/.local/lib/python3.8/site-packages/airflow/example_dags/example_sensor_decorator.py
[2024-10-01T00:05:35.995+0000] {logging_mixin.py:188} INFO - [2024-10-01T00:05:35.994+0000] {dag.py:3036} INFO - Sync 1 DAGs
[2024-10-01T00:05:36.036+0000] {logging_mixin.py:188} INFO - [2024-10-01T00:05:36.035+0000] {dag.py:3823} INFO - Setting next_dagrun for example_sensor_decorator to None, run_after=None
[2024-10-01T00:05:36.094+0000] {processor.py:183} INFO - Processing /home/airflow/.local/lib/python3.8/site-packages/airflow/example_dags/example_sensor_decorator.py took 0.187 seconds
[2024-10-01T00:06:06.596+0000] {processor.py:161} INFO - Started process (PID=1522) to work on /home/airflow/.local/lib/python3.8/site-packages/airflow/example_dags/example_sensor_decorator.py
[2024-10-01T00:06:06.600+0000] {processor.py:830} INFO - Processing file /home/airflow/.local/lib/python3.8/site-packages/airflow/example_dags/example_sensor_decorator.py for tasks to queue
[2024-10-01T00:06:06.605+0000] {logging_mixin.py:188} INFO - [2024-10-01T00:06:06.604+0000] {dagbag.py:538} INFO - Filling up the DagBag from /home/airflow/.local/lib/python3.8/site-packages/airflow/example_dags/example_sensor_decorator.py
[2024-10-01T00:06:06.625+0000] {processor.py:840} INFO - DAG(s) 'example_sensor_decorator' retrieved from /home/airflow/.local/lib/python3.8/site-packages/airflow/example_dags/example_sensor_decorator.py
[2024-10-01T00:06:06.686+0000] {logging_mixin.py:188} INFO - [2024-10-01T00:06:06.685+0000] {dag.py:3036} INFO - Sync 1 DAGs
[2024-10-01T00:06:06.729+0000] {logging_mixin.py:188} INFO - [2024-10-01T00:06:06.728+0000] {dag.py:3823} INFO - Setting next_dagrun for example_sensor_decorator to None, run_after=None
[2024-10-01T00:06:06.789+0000] {processor.py:183} INFO - Processing /home/airflow/.local/lib/python3.8/site-packages/airflow/example_dags/example_sensor_decorator.py took 0.203 seconds
[2024-10-01T00:06:37.333+0000] {processor.py:161} INFO - Started process (PID=1580) to work on /home/airflow/.local/lib/python3.8/site-packages/airflow/example_dags/example_sensor_decorator.py
[2024-10-01T00:06:37.335+0000] {processor.py:830} INFO - Processing file /home/airflow/.local/lib/python3.8/site-packages/airflow/example_dags/example_sensor_decorator.py for tasks to queue
[2024-10-01T00:06:37.338+0000] {logging_mixin.py:188} INFO - [2024-10-01T00:06:37.338+0000] {dagbag.py:538} INFO - Filling up the DagBag from /home/airflow/.local/lib/python3.8/site-packages/airflow/example_dags/example_sensor_decorator.py
[2024-10-01T00:06:37.353+0000] {processor.py:840} INFO - DAG(s) 'example_sensor_decorator' retrieved from /home/airflow/.local/lib/python3.8/site-packages/airflow/example_dags/example_sensor_decorator.py
[2024-10-01T00:06:37.390+0000] {logging_mixin.py:188} INFO - [2024-10-01T00:06:37.390+0000] {dag.py:3036} INFO - Sync 1 DAGs
[2024-10-01T00:06:37.414+0000] {logging_mixin.py:188} INFO - [2024-10-01T00:06:37.414+0000] {dag.py:3823} INFO - Setting next_dagrun for example_sensor_decorator to None, run_after=None
[2024-10-01T00:06:37.450+0000] {processor.py:183} INFO - Processing /home/airflow/.local/lib/python3.8/site-packages/airflow/example_dags/example_sensor_decorator.py took 0.124 seconds
[2024-10-01T00:07:08.054+0000] {processor.py:161} INFO - Started process (PID=1646) to work on /home/airflow/.local/lib/python3.8/site-packages/airflow/example_dags/example_sensor_decorator.py
[2024-10-01T00:07:08.056+0000] {processor.py:830} INFO - Processing file /home/airflow/.local/lib/python3.8/site-packages/airflow/example_dags/example_sensor_decorator.py for tasks to queue
[2024-10-01T00:07:08.059+0000] {logging_mixin.py:188} INFO - [2024-10-01T00:07:08.059+0000] {dagbag.py:538} INFO - Filling up the DagBag from /home/airflow/.local/lib/python3.8/site-packages/airflow/example_dags/example_sensor_decorator.py
[2024-10-01T00:07:08.071+0000] {processor.py:840} INFO - DAG(s) 'example_sensor_decorator' retrieved from /home/airflow/.local/lib/python3.8/site-packages/airflow/example_dags/example_sensor_decorator.py
[2024-10-01T00:07:08.108+0000] {logging_mixin.py:188} INFO - [2024-10-01T00:07:08.108+0000] {dag.py:3036} INFO - Sync 1 DAGs
[2024-10-01T00:07:08.134+0000] {logging_mixin.py:188} INFO - [2024-10-01T00:07:08.133+0000] {dag.py:3823} INFO - Setting next_dagrun for example_sensor_decorator to None, run_after=None
[2024-10-01T00:07:08.169+0000] {processor.py:183} INFO - Processing /home/airflow/.local/lib/python3.8/site-packages/airflow/example_dags/example_sensor_decorator.py took 0.121 seconds
[2024-10-01T00:07:38.862+0000] {processor.py:161} INFO - Started process (PID=1713) to work on /home/airflow/.local/lib/python3.8/site-packages/airflow/example_dags/example_sensor_decorator.py
[2024-10-01T00:07:38.866+0000] {processor.py:830} INFO - Processing file /home/airflow/.local/lib/python3.8/site-packages/airflow/example_dags/example_sensor_decorator.py for tasks to queue
[2024-10-01T00:07:38.871+0000] {logging_mixin.py:188} INFO - [2024-10-01T00:07:38.870+0000] {dagbag.py:538} INFO - Filling up the DagBag from /home/airflow/.local/lib/python3.8/site-packages/airflow/example_dags/example_sensor_decorator.py
[2024-10-01T00:07:38.890+0000] {processor.py:840} INFO - DAG(s) 'example_sensor_decorator' retrieved from /home/airflow/.local/lib/python3.8/site-packages/airflow/example_dags/example_sensor_decorator.py
[2024-10-01T00:07:38.950+0000] {logging_mixin.py:188} INFO - [2024-10-01T00:07:38.949+0000] {dag.py:3036} INFO - Sync 1 DAGs
[2024-10-01T00:07:38.991+0000] {logging_mixin.py:188} INFO - [2024-10-01T00:07:38.990+0000] {dag.py:3823} INFO - Setting next_dagrun for example_sensor_decorator to None, run_after=None
[2024-10-01T00:07:39.046+0000] {processor.py:183} INFO - Processing /home/airflow/.local/lib/python3.8/site-packages/airflow/example_dags/example_sensor_decorator.py took 0.195 seconds
[2024-10-01T00:08:09.106+0000] {processor.py:161} INFO - Started process (PID=1779) to work on /home/airflow/.local/lib/python3.8/site-packages/airflow/example_dags/example_sensor_decorator.py
[2024-10-01T00:08:09.109+0000] {processor.py:830} INFO - Processing file /home/airflow/.local/lib/python3.8/site-packages/airflow/example_dags/example_sensor_decorator.py for tasks to queue
[2024-10-01T00:08:09.112+0000] {logging_mixin.py:188} INFO - [2024-10-01T00:08:09.111+0000] {dagbag.py:538} INFO - Filling up the DagBag from /home/airflow/.local/lib/python3.8/site-packages/airflow/example_dags/example_sensor_decorator.py
[2024-10-01T00:08:09.124+0000] {processor.py:840} INFO - DAG(s) 'example_sensor_decorator' retrieved from /home/airflow/.local/lib/python3.8/site-packages/airflow/example_dags/example_sensor_decorator.py
[2024-10-01T00:08:09.160+0000] {logging_mixin.py:188} INFO - [2024-10-01T00:08:09.160+0000] {dag.py:3036} INFO - Sync 1 DAGs
[2024-10-01T00:08:09.185+0000] {logging_mixin.py:188} INFO - [2024-10-01T00:08:09.184+0000] {dag.py:3823} INFO - Setting next_dagrun for example_sensor_decorator to None, run_after=None
[2024-10-01T00:08:09.222+0000] {processor.py:183} INFO - Processing /home/airflow/.local/lib/python3.8/site-packages/airflow/example_dags/example_sensor_decorator.py took 0.123 seconds
[2024-10-01T00:08:39.265+0000] {processor.py:161} INFO - Started process (PID=1844) to work on /home/airflow/.local/lib/python3.8/site-packages/airflow/example_dags/example_sensor_decorator.py
[2024-10-01T00:08:39.266+0000] {processor.py:830} INFO - Processing file /home/airflow/.local/lib/python3.8/site-packages/airflow/example_dags/example_sensor_decorator.py for tasks to queue
[2024-10-01T00:08:39.269+0000] {logging_mixin.py:188} INFO - [2024-10-01T00:08:39.269+0000] {dagbag.py:538} INFO - Filling up the DagBag from /home/airflow/.local/lib/python3.8/site-packages/airflow/example_dags/example_sensor_decorator.py
[2024-10-01T00:08:39.281+0000] {processor.py:840} INFO - DAG(s) 'example_sensor_decorator' retrieved from /home/airflow/.local/lib/python3.8/site-packages/airflow/example_dags/example_sensor_decorator.py
[2024-10-01T00:08:39.322+0000] {logging_mixin.py:188} INFO - [2024-10-01T00:08:39.321+0000] {dag.py:3036} INFO - Sync 1 DAGs
[2024-10-01T00:08:39.349+0000] {logging_mixin.py:188} INFO - [2024-10-01T00:08:39.349+0000] {dag.py:3823} INFO - Setting next_dagrun for example_sensor_decorator to None, run_after=None
[2024-10-01T00:08:39.389+0000] {processor.py:183} INFO - Processing /home/airflow/.local/lib/python3.8/site-packages/airflow/example_dags/example_sensor_decorator.py took 0.129 seconds
[2024-10-01T00:09:10.852+0000] {processor.py:161} INFO - Started process (PID=1911) to work on /home/airflow/.local/lib/python3.8/site-packages/airflow/example_dags/example_sensor_decorator.py
[2024-10-01T00:09:10.860+0000] {processor.py:830} INFO - Processing file /home/airflow/.local/lib/python3.8/site-packages/airflow/example_dags/example_sensor_decorator.py for tasks to queue
[2024-10-01T00:09:10.875+0000] {logging_mixin.py:188} INFO - [2024-10-01T00:09:10.872+0000] {dagbag.py:538} INFO - Filling up the DagBag from /home/airflow/.local/lib/python3.8/site-packages/airflow/example_dags/example_sensor_decorator.py
[2024-10-01T00:09:10.921+0000] {processor.py:840} INFO - DAG(s) 'example_sensor_decorator' retrieved from /home/airflow/.local/lib/python3.8/site-packages/airflow/example_dags/example_sensor_decorator.py
[2024-10-01T00:09:11.098+0000] {logging_mixin.py:188} INFO - [2024-10-01T00:09:11.096+0000] {dag.py:3036} INFO - Sync 1 DAGs
[2024-10-01T00:09:11.214+0000] {logging_mixin.py:188} INFO - [2024-10-01T00:09:11.213+0000] {dag.py:3823} INFO - Setting next_dagrun for example_sensor_decorator to None, run_after=None
[2024-10-01T00:09:11.364+0000] {processor.py:183} INFO - Processing /home/airflow/.local/lib/python3.8/site-packages/airflow/example_dags/example_sensor_decorator.py took 0.553 seconds
[2024-10-01T00:09:42.332+0000] {processor.py:161} INFO - Started process (PID=1976) to work on /home/airflow/.local/lib/python3.8/site-packages/airflow/example_dags/example_sensor_decorator.py
[2024-10-01T00:09:42.343+0000] {processor.py:830} INFO - Processing file /home/airflow/.local/lib/python3.8/site-packages/airflow/example_dags/example_sensor_decorator.py for tasks to queue
[2024-10-01T00:09:42.355+0000] {logging_mixin.py:188} INFO - [2024-10-01T00:09:42.353+0000] {dagbag.py:538} INFO - Filling up the DagBag from /home/airflow/.local/lib/python3.8/site-packages/airflow/example_dags/example_sensor_decorator.py
[2024-10-01T00:09:42.402+0000] {processor.py:840} INFO - DAG(s) 'example_sensor_decorator' retrieved from /home/airflow/.local/lib/python3.8/site-packages/airflow/example_dags/example_sensor_decorator.py
[2024-10-01T00:09:42.554+0000] {logging_mixin.py:188} INFO - [2024-10-01T00:09:42.553+0000] {dag.py:3036} INFO - Sync 1 DAGs
[2024-10-01T00:09:42.648+0000] {logging_mixin.py:188} INFO - [2024-10-01T00:09:42.647+0000] {dag.py:3823} INFO - Setting next_dagrun for example_sensor_decorator to None, run_after=None
[2024-10-01T00:09:42.811+0000] {processor.py:183} INFO - Processing /home/airflow/.local/lib/python3.8/site-packages/airflow/example_dags/example_sensor_decorator.py took 0.510 seconds
[2024-10-01T00:10:22.265+0000] {processor.py:161} INFO - Started process (PID=2041) to work on /home/airflow/.local/lib/python3.8/site-packages/airflow/example_dags/example_sensor_decorator.py
[2024-10-01T00:10:22.287+0000] {processor.py:830} INFO - Processing file /home/airflow/.local/lib/python3.8/site-packages/airflow/example_dags/example_sensor_decorator.py for tasks to queue
[2024-10-01T00:10:22.322+0000] {logging_mixin.py:188} INFO - [2024-10-01T00:10:22.318+0000] {dagbag.py:538} INFO - Filling up the DagBag from /home/airflow/.local/lib/python3.8/site-packages/airflow/example_dags/example_sensor_decorator.py
[2024-10-01T00:10:22.448+0000] {processor.py:840} INFO - DAG(s) 'example_sensor_decorator' retrieved from /home/airflow/.local/lib/python3.8/site-packages/airflow/example_dags/example_sensor_decorator.py
[2024-10-01T00:10:23.152+0000] {logging_mixin.py:188} INFO - [2024-10-01T00:10:23.150+0000] {dag.py:3036} INFO - Sync 1 DAGs
[2024-10-01T00:10:23.775+0000] {logging_mixin.py:188} INFO - [2024-10-01T00:10:23.773+0000] {dag.py:3823} INFO - Setting next_dagrun for example_sensor_decorator to None, run_after=None
[2024-10-01T00:10:24.198+0000] {processor.py:183} INFO - Processing /home/airflow/.local/lib/python3.8/site-packages/airflow/example_dags/example_sensor_decorator.py took 2.084 seconds
[2024-10-01T00:11:14.564+0000] {processor.py:161} INFO - Started process (PID=2108) to work on /home/airflow/.local/lib/python3.8/site-packages/airflow/example_dags/example_sensor_decorator.py
[2024-10-01T00:11:14.587+0000] {processor.py:830} INFO - Processing file /home/airflow/.local/lib/python3.8/site-packages/airflow/example_dags/example_sensor_decorator.py for tasks to queue
[2024-10-01T00:11:14.619+0000] {logging_mixin.py:188} INFO - [2024-10-01T00:11:14.616+0000] {dagbag.py:538} INFO - Filling up the DagBag from /home/airflow/.local/lib/python3.8/site-packages/airflow/example_dags/example_sensor_decorator.py
[2024-10-01T00:11:14.734+0000] {processor.py:840} INFO - DAG(s) 'example_sensor_decorator' retrieved from /home/airflow/.local/lib/python3.8/site-packages/airflow/example_dags/example_sensor_decorator.py
[2024-10-01T00:11:14.959+0000] {logging_mixin.py:188} INFO - [2024-10-01T00:11:14.957+0000] {dag.py:3036} INFO - Sync 1 DAGs
[2024-10-01T00:11:15.081+0000] {logging_mixin.py:188} INFO - [2024-10-01T00:11:15.079+0000] {dag.py:3823} INFO - Setting next_dagrun for example_sensor_decorator to None, run_after=None
[2024-10-01T00:11:15.263+0000] {processor.py:183} INFO - Processing /home/airflow/.local/lib/python3.8/site-packages/airflow/example_dags/example_sensor_decorator.py took 0.754 seconds
[2024-10-01T00:11:45.939+0000] {processor.py:161} INFO - Started process (PID=2173) to work on /home/airflow/.local/lib/python3.8/site-packages/airflow/example_dags/example_sensor_decorator.py
[2024-10-01T00:11:45.952+0000] {processor.py:830} INFO - Processing file /home/airflow/.local/lib/python3.8/site-packages/airflow/example_dags/example_sensor_decorator.py for tasks to queue
[2024-10-01T00:11:45.976+0000] {logging_mixin.py:188} INFO - [2024-10-01T00:11:45.973+0000] {dagbag.py:538} INFO - Filling up the DagBag from /home/airflow/.local/lib/python3.8/site-packages/airflow/example_dags/example_sensor_decorator.py
[2024-10-01T00:11:46.071+0000] {processor.py:840} INFO - DAG(s) 'example_sensor_decorator' retrieved from /home/airflow/.local/lib/python3.8/site-packages/airflow/example_dags/example_sensor_decorator.py
[2024-10-01T00:11:46.394+0000] {logging_mixin.py:188} INFO - [2024-10-01T00:11:46.391+0000] {dag.py:3036} INFO - Sync 1 DAGs
[2024-10-01T00:11:46.610+0000] {logging_mixin.py:188} INFO - [2024-10-01T00:11:46.608+0000] {dag.py:3823} INFO - Setting next_dagrun for example_sensor_decorator to None, run_after=None
[2024-10-01T00:11:46.916+0000] {processor.py:183} INFO - Processing /home/airflow/.local/lib/python3.8/site-packages/airflow/example_dags/example_sensor_decorator.py took 1.042 seconds
[2024-10-01T00:12:18.571+0000] {processor.py:161} INFO - Started process (PID=2232) to work on /home/airflow/.local/lib/python3.8/site-packages/airflow/example_dags/example_sensor_decorator.py
[2024-10-01T00:12:18.586+0000] {processor.py:830} INFO - Processing file /home/airflow/.local/lib/python3.8/site-packages/airflow/example_dags/example_sensor_decorator.py for tasks to queue
[2024-10-01T00:12:18.606+0000] {logging_mixin.py:188} INFO - [2024-10-01T00:12:18.602+0000] {dagbag.py:538} INFO - Filling up the DagBag from /home/airflow/.local/lib/python3.8/site-packages/airflow/example_dags/example_sensor_decorator.py
[2024-10-01T00:12:18.680+0000] {processor.py:840} INFO - DAG(s) 'example_sensor_decorator' retrieved from /home/airflow/.local/lib/python3.8/site-packages/airflow/example_dags/example_sensor_decorator.py
[2024-10-01T00:12:18.875+0000] {logging_mixin.py:188} INFO - [2024-10-01T00:12:18.873+0000] {dag.py:3036} INFO - Sync 1 DAGs
[2024-10-01T00:12:19.036+0000] {logging_mixin.py:188} INFO - [2024-10-01T00:12:19.034+0000] {dag.py:3823} INFO - Setting next_dagrun for example_sensor_decorator to None, run_after=None
[2024-10-01T00:12:19.229+0000] {processor.py:183} INFO - Processing /home/airflow/.local/lib/python3.8/site-packages/airflow/example_dags/example_sensor_decorator.py took 0.728 seconds
[2024-10-01T00:12:49.671+0000] {processor.py:161} INFO - Started process (PID=2298) to work on /home/airflow/.local/lib/python3.8/site-packages/airflow/example_dags/example_sensor_decorator.py
[2024-10-01T00:12:49.675+0000] {processor.py:830} INFO - Processing file /home/airflow/.local/lib/python3.8/site-packages/airflow/example_dags/example_sensor_decorator.py for tasks to queue
[2024-10-01T00:12:49.685+0000] {logging_mixin.py:188} INFO - [2024-10-01T00:12:49.683+0000] {dagbag.py:538} INFO - Filling up the DagBag from /home/airflow/.local/lib/python3.8/site-packages/airflow/example_dags/example_sensor_decorator.py
[2024-10-01T00:12:49.716+0000] {processor.py:840} INFO - DAG(s) 'example_sensor_decorator' retrieved from /home/airflow/.local/lib/python3.8/site-packages/airflow/example_dags/example_sensor_decorator.py
[2024-10-01T00:12:49.801+0000] {logging_mixin.py:188} INFO - [2024-10-01T00:12:49.799+0000] {dag.py:3036} INFO - Sync 1 DAGs
[2024-10-01T00:12:49.860+0000] {logging_mixin.py:188} INFO - [2024-10-01T00:12:49.859+0000] {dag.py:3823} INFO - Setting next_dagrun for example_sensor_decorator to None, run_after=None
[2024-10-01T00:12:49.939+0000] {processor.py:183} INFO - Processing /home/airflow/.local/lib/python3.8/site-packages/airflow/example_dags/example_sensor_decorator.py took 0.282 seconds
[2024-10-01T00:13:20.502+0000] {processor.py:161} INFO - Started process (PID=2362) to work on /home/airflow/.local/lib/python3.8/site-packages/airflow/example_dags/example_sensor_decorator.py
[2024-10-01T00:13:20.504+0000] {processor.py:830} INFO - Processing file /home/airflow/.local/lib/python3.8/site-packages/airflow/example_dags/example_sensor_decorator.py for tasks to queue
[2024-10-01T00:13:20.507+0000] {logging_mixin.py:188} INFO - [2024-10-01T00:13:20.507+0000] {dagbag.py:538} INFO - Filling up the DagBag from /home/airflow/.local/lib/python3.8/site-packages/airflow/example_dags/example_sensor_decorator.py
[2024-10-01T00:13:20.521+0000] {processor.py:840} INFO - DAG(s) 'example_sensor_decorator' retrieved from /home/airflow/.local/lib/python3.8/site-packages/airflow/example_dags/example_sensor_decorator.py
[2024-10-01T00:13:20.580+0000] {logging_mixin.py:188} INFO - [2024-10-01T00:13:20.579+0000] {dag.py:3036} INFO - Sync 1 DAGs
[2024-10-01T00:13:20.609+0000] {logging_mixin.py:188} INFO - [2024-10-01T00:13:20.608+0000] {dag.py:3823} INFO - Setting next_dagrun for example_sensor_decorator to None, run_after=None
[2024-10-01T00:13:20.657+0000] {processor.py:183} INFO - Processing /home/airflow/.local/lib/python3.8/site-packages/airflow/example_dags/example_sensor_decorator.py took 0.161 seconds
[2024-10-01T00:13:50.993+0000] {processor.py:161} INFO - Started process (PID=2420) to work on /home/airflow/.local/lib/python3.8/site-packages/airflow/example_dags/example_sensor_decorator.py
[2024-10-01T00:13:50.995+0000] {processor.py:830} INFO - Processing file /home/airflow/.local/lib/python3.8/site-packages/airflow/example_dags/example_sensor_decorator.py for tasks to queue
[2024-10-01T00:13:50.997+0000] {logging_mixin.py:188} INFO - [2024-10-01T00:13:50.997+0000] {dagbag.py:538} INFO - Filling up the DagBag from /home/airflow/.local/lib/python3.8/site-packages/airflow/example_dags/example_sensor_decorator.py
[2024-10-01T00:13:51.004+0000] {processor.py:840} INFO - DAG(s) 'example_sensor_decorator' retrieved from /home/airflow/.local/lib/python3.8/site-packages/airflow/example_dags/example_sensor_decorator.py
[2024-10-01T00:13:51.035+0000] {logging_mixin.py:188} INFO - [2024-10-01T00:13:51.035+0000] {dag.py:3036} INFO - Sync 1 DAGs
[2024-10-01T00:13:51.056+0000] {logging_mixin.py:188} INFO - [2024-10-01T00:13:51.056+0000] {dag.py:3823} INFO - Setting next_dagrun for example_sensor_decorator to None, run_after=None
[2024-10-01T00:13:51.087+0000] {processor.py:183} INFO - Processing /home/airflow/.local/lib/python3.8/site-packages/airflow/example_dags/example_sensor_decorator.py took 0.097 seconds
[2024-10-01T00:14:21.164+0000] {processor.py:161} INFO - Started process (PID=2486) to work on /home/airflow/.local/lib/python3.8/site-packages/airflow/example_dags/example_sensor_decorator.py
[2024-10-01T00:14:21.167+0000] {processor.py:830} INFO - Processing file /home/airflow/.local/lib/python3.8/site-packages/airflow/example_dags/example_sensor_decorator.py for tasks to queue
[2024-10-01T00:14:21.170+0000] {logging_mixin.py:188} INFO - [2024-10-01T00:14:21.169+0000] {dagbag.py:538} INFO - Filling up the DagBag from /home/airflow/.local/lib/python3.8/site-packages/airflow/example_dags/example_sensor_decorator.py
[2024-10-01T00:14:21.177+0000] {processor.py:840} INFO - DAG(s) 'example_sensor_decorator' retrieved from /home/airflow/.local/lib/python3.8/site-packages/airflow/example_dags/example_sensor_decorator.py
[2024-10-01T00:14:21.203+0000] {logging_mixin.py:188} INFO - [2024-10-01T00:14:21.203+0000] {dag.py:3036} INFO - Sync 1 DAGs
[2024-10-01T00:14:21.224+0000] {logging_mixin.py:188} INFO - [2024-10-01T00:14:21.224+0000] {dag.py:3823} INFO - Setting next_dagrun for example_sensor_decorator to None, run_after=None
[2024-10-01T00:14:21.251+0000] {processor.py:183} INFO - Processing /home/airflow/.local/lib/python3.8/site-packages/airflow/example_dags/example_sensor_decorator.py took 0.091 seconds
[2024-10-01T00:14:51.791+0000] {processor.py:161} INFO - Started process (PID=2561) to work on /home/airflow/.local/lib/python3.8/site-packages/airflow/example_dags/example_sensor_decorator.py
[2024-10-01T00:14:51.805+0000] {processor.py:830} INFO - Processing file /home/airflow/.local/lib/python3.8/site-packages/airflow/example_dags/example_sensor_decorator.py for tasks to queue
[2024-10-01T00:14:51.808+0000] {logging_mixin.py:188} INFO - [2024-10-01T00:14:51.807+0000] {dagbag.py:538} INFO - Filling up the DagBag from /home/airflow/.local/lib/python3.8/site-packages/airflow/example_dags/example_sensor_decorator.py
[2024-10-01T00:14:51.819+0000] {processor.py:840} INFO - DAG(s) 'example_sensor_decorator' retrieved from /home/airflow/.local/lib/python3.8/site-packages/airflow/example_dags/example_sensor_decorator.py
[2024-10-01T00:14:51.857+0000] {logging_mixin.py:188} INFO - [2024-10-01T00:14:51.857+0000] {dag.py:3036} INFO - Sync 1 DAGs
[2024-10-01T00:14:51.883+0000] {logging_mixin.py:188} INFO - [2024-10-01T00:14:51.883+0000] {dag.py:3823} INFO - Setting next_dagrun for example_sensor_decorator to None, run_after=None
[2024-10-01T00:14:52.122+0000] {processor.py:183} INFO - Processing /home/airflow/.local/lib/python3.8/site-packages/airflow/example_dags/example_sensor_decorator.py took 0.337 seconds
[2024-10-01T00:15:22.201+0000] {processor.py:161} INFO - Started process (PID=2627) to work on /home/airflow/.local/lib/python3.8/site-packages/airflow/example_dags/example_sensor_decorator.py
[2024-10-01T00:15:22.204+0000] {processor.py:830} INFO - Processing file /home/airflow/.local/lib/python3.8/site-packages/airflow/example_dags/example_sensor_decorator.py for tasks to queue
[2024-10-01T00:15:22.208+0000] {logging_mixin.py:188} INFO - [2024-10-01T00:15:22.207+0000] {dagbag.py:538} INFO - Filling up the DagBag from /home/airflow/.local/lib/python3.8/site-packages/airflow/example_dags/example_sensor_decorator.py
[2024-10-01T00:15:22.222+0000] {processor.py:840} INFO - DAG(s) 'example_sensor_decorator' retrieved from /home/airflow/.local/lib/python3.8/site-packages/airflow/example_dags/example_sensor_decorator.py
[2024-10-01T00:15:22.269+0000] {logging_mixin.py:188} INFO - [2024-10-01T00:15:22.268+0000] {dag.py:3036} INFO - Sync 1 DAGs
[2024-10-01T00:15:22.300+0000] {logging_mixin.py:188} INFO - [2024-10-01T00:15:22.299+0000] {dag.py:3823} INFO - Setting next_dagrun for example_sensor_decorator to None, run_after=None
[2024-10-01T00:15:22.342+0000] {processor.py:183} INFO - Processing /home/airflow/.local/lib/python3.8/site-packages/airflow/example_dags/example_sensor_decorator.py took 0.149 seconds
[2024-10-01T00:15:53.438+0000] {processor.py:161} INFO - Started process (PID=2684) to work on /home/airflow/.local/lib/python3.8/site-packages/airflow/example_dags/example_sensor_decorator.py
[2024-10-01T00:15:53.449+0000] {processor.py:830} INFO - Processing file /home/airflow/.local/lib/python3.8/site-packages/airflow/example_dags/example_sensor_decorator.py for tasks to queue
[2024-10-01T00:15:53.473+0000] {logging_mixin.py:188} INFO - [2024-10-01T00:15:53.470+0000] {dagbag.py:538} INFO - Filling up the DagBag from /home/airflow/.local/lib/python3.8/site-packages/airflow/example_dags/example_sensor_decorator.py
[2024-10-01T00:15:53.529+0000] {processor.py:840} INFO - DAG(s) 'example_sensor_decorator' retrieved from /home/airflow/.local/lib/python3.8/site-packages/airflow/example_dags/example_sensor_decorator.py
[2024-10-01T00:15:53.699+0000] {logging_mixin.py:188} INFO - [2024-10-01T00:15:53.697+0000] {dag.py:3036} INFO - Sync 1 DAGs
[2024-10-01T00:15:53.831+0000] {logging_mixin.py:188} INFO - [2024-10-01T00:15:53.828+0000] {dag.py:3823} INFO - Setting next_dagrun for example_sensor_decorator to None, run_after=None
[2024-10-01T00:15:54.004+0000] {processor.py:183} INFO - Processing /home/airflow/.local/lib/python3.8/site-packages/airflow/example_dags/example_sensor_decorator.py took 0.598 seconds
[2024-10-01T00:16:37.975+0000] {processor.py:161} INFO - Started process (PID=2756) to work on /home/airflow/.local/lib/python3.8/site-packages/airflow/example_dags/example_sensor_decorator.py
[2024-10-01T00:16:37.977+0000] {processor.py:830} INFO - Processing file /home/airflow/.local/lib/python3.8/site-packages/airflow/example_dags/example_sensor_decorator.py for tasks to queue
[2024-10-01T00:16:37.980+0000] {logging_mixin.py:188} INFO - [2024-10-01T00:16:37.979+0000] {dagbag.py:538} INFO - Filling up the DagBag from /home/airflow/.local/lib/python3.8/site-packages/airflow/example_dags/example_sensor_decorator.py
[2024-10-01T00:16:38.211+0000] {processor.py:840} INFO - DAG(s) 'example_sensor_decorator' retrieved from /home/airflow/.local/lib/python3.8/site-packages/airflow/example_dags/example_sensor_decorator.py
[2024-10-01T00:16:38.236+0000] {logging_mixin.py:188} INFO - [2024-10-01T00:16:38.235+0000] {dag.py:3036} INFO - Sync 1 DAGs
[2024-10-01T00:16:38.255+0000] {logging_mixin.py:188} INFO - [2024-10-01T00:16:38.255+0000] {dag.py:3823} INFO - Setting next_dagrun for example_sensor_decorator to None, run_after=None
[2024-10-01T00:16:38.290+0000] {processor.py:183} INFO - Processing /home/airflow/.local/lib/python3.8/site-packages/airflow/example_dags/example_sensor_decorator.py took 0.322 seconds
[2024-10-01T00:17:08.956+0000] {processor.py:161} INFO - Started process (PID=2822) to work on /home/airflow/.local/lib/python3.8/site-packages/airflow/example_dags/example_sensor_decorator.py
[2024-10-01T00:17:08.961+0000] {processor.py:830} INFO - Processing file /home/airflow/.local/lib/python3.8/site-packages/airflow/example_dags/example_sensor_decorator.py for tasks to queue
[2024-10-01T00:17:08.964+0000] {logging_mixin.py:188} INFO - [2024-10-01T00:17:08.963+0000] {dagbag.py:538} INFO - Filling up the DagBag from /home/airflow/.local/lib/python3.8/site-packages/airflow/example_dags/example_sensor_decorator.py
[2024-10-01T00:17:08.975+0000] {processor.py:840} INFO - DAG(s) 'example_sensor_decorator' retrieved from /home/airflow/.local/lib/python3.8/site-packages/airflow/example_dags/example_sensor_decorator.py
[2024-10-01T00:17:09.009+0000] {logging_mixin.py:188} INFO - [2024-10-01T00:17:09.008+0000] {dag.py:3036} INFO - Sync 1 DAGs
[2024-10-01T00:17:09.032+0000] {logging_mixin.py:188} INFO - [2024-10-01T00:17:09.031+0000] {dag.py:3823} INFO - Setting next_dagrun for example_sensor_decorator to None, run_after=None
[2024-10-01T00:17:09.068+0000] {processor.py:183} INFO - Processing /home/airflow/.local/lib/python3.8/site-packages/airflow/example_dags/example_sensor_decorator.py took 0.121 seconds
[2024-10-01T00:17:39.433+0000] {processor.py:161} INFO - Started process (PID=2888) to work on /home/airflow/.local/lib/python3.8/site-packages/airflow/example_dags/example_sensor_decorator.py
[2024-10-01T00:17:39.435+0000] {processor.py:830} INFO - Processing file /home/airflow/.local/lib/python3.8/site-packages/airflow/example_dags/example_sensor_decorator.py for tasks to queue
[2024-10-01T00:17:39.439+0000] {logging_mixin.py:188} INFO - [2024-10-01T00:17:39.438+0000] {dagbag.py:538} INFO - Filling up the DagBag from /home/airflow/.local/lib/python3.8/site-packages/airflow/example_dags/example_sensor_decorator.py
[2024-10-01T00:17:39.449+0000] {processor.py:840} INFO - DAG(s) 'example_sensor_decorator' retrieved from /home/airflow/.local/lib/python3.8/site-packages/airflow/example_dags/example_sensor_decorator.py
[2024-10-01T00:17:39.486+0000] {logging_mixin.py:188} INFO - [2024-10-01T00:17:39.485+0000] {dag.py:3036} INFO - Sync 1 DAGs
[2024-10-01T00:17:39.514+0000] {logging_mixin.py:188} INFO - [2024-10-01T00:17:39.514+0000] {dag.py:3823} INFO - Setting next_dagrun for example_sensor_decorator to None, run_after=None
[2024-10-01T00:17:39.561+0000] {processor.py:183} INFO - Processing /home/airflow/.local/lib/python3.8/site-packages/airflow/example_dags/example_sensor_decorator.py took 0.135 seconds
[2024-10-01T00:18:09.625+0000] {processor.py:161} INFO - Started process (PID=2954) to work on /home/airflow/.local/lib/python3.8/site-packages/airflow/example_dags/example_sensor_decorator.py
[2024-10-01T00:18:09.626+0000] {processor.py:830} INFO - Processing file /home/airflow/.local/lib/python3.8/site-packages/airflow/example_dags/example_sensor_decorator.py for tasks to queue
[2024-10-01T00:18:09.628+0000] {logging_mixin.py:188} INFO - [2024-10-01T00:18:09.628+0000] {dagbag.py:538} INFO - Filling up the DagBag from /home/airflow/.local/lib/python3.8/site-packages/airflow/example_dags/example_sensor_decorator.py
[2024-10-01T00:18:09.635+0000] {processor.py:840} INFO - DAG(s) 'example_sensor_decorator' retrieved from /home/airflow/.local/lib/python3.8/site-packages/airflow/example_dags/example_sensor_decorator.py
[2024-10-01T00:18:09.659+0000] {logging_mixin.py:188} INFO - [2024-10-01T00:18:09.658+0000] {dag.py:3036} INFO - Sync 1 DAGs
[2024-10-01T00:18:09.676+0000] {logging_mixin.py:188} INFO - [2024-10-01T00:18:09.676+0000] {dag.py:3823} INFO - Setting next_dagrun for example_sensor_decorator to None, run_after=None
[2024-10-01T00:18:09.709+0000] {processor.py:183} INFO - Processing /home/airflow/.local/lib/python3.8/site-packages/airflow/example_dags/example_sensor_decorator.py took 0.088 seconds
[2024-10-01T00:18:39.864+0000] {processor.py:161} INFO - Started process (PID=3020) to work on /home/airflow/.local/lib/python3.8/site-packages/airflow/example_dags/example_sensor_decorator.py
[2024-10-01T00:18:39.866+0000] {processor.py:830} INFO - Processing file /home/airflow/.local/lib/python3.8/site-packages/airflow/example_dags/example_sensor_decorator.py for tasks to queue
[2024-10-01T00:18:39.868+0000] {logging_mixin.py:188} INFO - [2024-10-01T00:18:39.868+0000] {dagbag.py:538} INFO - Filling up the DagBag from /home/airflow/.local/lib/python3.8/site-packages/airflow/example_dags/example_sensor_decorator.py
[2024-10-01T00:18:39.878+0000] {processor.py:840} INFO - DAG(s) 'example_sensor_decorator' retrieved from /home/airflow/.local/lib/python3.8/site-packages/airflow/example_dags/example_sensor_decorator.py
[2024-10-01T00:18:39.907+0000] {logging_mixin.py:188} INFO - [2024-10-01T00:18:39.907+0000] {dag.py:3036} INFO - Sync 1 DAGs
[2024-10-01T00:18:39.925+0000] {logging_mixin.py:188} INFO - [2024-10-01T00:18:39.924+0000] {dag.py:3823} INFO - Setting next_dagrun for example_sensor_decorator to None, run_after=None
[2024-10-01T00:18:39.954+0000] {processor.py:183} INFO - Processing /home/airflow/.local/lib/python3.8/site-packages/airflow/example_dags/example_sensor_decorator.py took 0.096 seconds
[2024-10-01T00:19:10.346+0000] {processor.py:161} INFO - Started process (PID=3095) to work on /home/airflow/.local/lib/python3.8/site-packages/airflow/example_dags/example_sensor_decorator.py
[2024-10-01T00:19:10.348+0000] {processor.py:830} INFO - Processing file /home/airflow/.local/lib/python3.8/site-packages/airflow/example_dags/example_sensor_decorator.py for tasks to queue
[2024-10-01T00:19:10.352+0000] {logging_mixin.py:188} INFO - [2024-10-01T00:19:10.351+0000] {dagbag.py:538} INFO - Filling up the DagBag from /home/airflow/.local/lib/python3.8/site-packages/airflow/example_dags/example_sensor_decorator.py
[2024-10-01T00:19:10.368+0000] {processor.py:840} INFO - DAG(s) 'example_sensor_decorator' retrieved from /home/airflow/.local/lib/python3.8/site-packages/airflow/example_dags/example_sensor_decorator.py
[2024-10-01T00:19:10.414+0000] {logging_mixin.py:188} INFO - [2024-10-01T00:19:10.413+0000] {dag.py:3036} INFO - Sync 1 DAGs
[2024-10-01T00:19:10.447+0000] {logging_mixin.py:188} INFO - [2024-10-01T00:19:10.446+0000] {dag.py:3823} INFO - Setting next_dagrun for example_sensor_decorator to None, run_after=None
[2024-10-01T00:19:10.488+0000] {processor.py:183} INFO - Processing /home/airflow/.local/lib/python3.8/site-packages/airflow/example_dags/example_sensor_decorator.py took 0.151 seconds
[2024-10-01T00:19:40.850+0000] {processor.py:161} INFO - Started process (PID=3162) to work on /home/airflow/.local/lib/python3.8/site-packages/airflow/example_dags/example_sensor_decorator.py
[2024-10-01T00:19:40.853+0000] {processor.py:830} INFO - Processing file /home/airflow/.local/lib/python3.8/site-packages/airflow/example_dags/example_sensor_decorator.py for tasks to queue
[2024-10-01T00:19:40.858+0000] {logging_mixin.py:188} INFO - [2024-10-01T00:19:40.857+0000] {dagbag.py:538} INFO - Filling up the DagBag from /home/airflow/.local/lib/python3.8/site-packages/airflow/example_dags/example_sensor_decorator.py
[2024-10-01T00:19:40.875+0000] {processor.py:840} INFO - DAG(s) 'example_sensor_decorator' retrieved from /home/airflow/.local/lib/python3.8/site-packages/airflow/example_dags/example_sensor_decorator.py
[2024-10-01T00:19:40.931+0000] {logging_mixin.py:188} INFO - [2024-10-01T00:19:40.931+0000] {dag.py:3036} INFO - Sync 1 DAGs
[2024-10-01T00:19:40.968+0000] {logging_mixin.py:188} INFO - [2024-10-01T00:19:40.967+0000] {dag.py:3823} INFO - Setting next_dagrun for example_sensor_decorator to None, run_after=None
[2024-10-01T00:19:41.016+0000] {processor.py:183} INFO - Processing /home/airflow/.local/lib/python3.8/site-packages/airflow/example_dags/example_sensor_decorator.py took 0.176 seconds
[2024-10-01T00:20:11.575+0000] {processor.py:161} INFO - Started process (PID=3228) to work on /home/airflow/.local/lib/python3.8/site-packages/airflow/example_dags/example_sensor_decorator.py
[2024-10-01T00:20:11.578+0000] {processor.py:830} INFO - Processing file /home/airflow/.local/lib/python3.8/site-packages/airflow/example_dags/example_sensor_decorator.py for tasks to queue
[2024-10-01T00:20:11.583+0000] {logging_mixin.py:188} INFO - [2024-10-01T00:20:11.582+0000] {dagbag.py:538} INFO - Filling up the DagBag from /home/airflow/.local/lib/python3.8/site-packages/airflow/example_dags/example_sensor_decorator.py
[2024-10-01T00:20:11.599+0000] {processor.py:840} INFO - DAG(s) 'example_sensor_decorator' retrieved from /home/airflow/.local/lib/python3.8/site-packages/airflow/example_dags/example_sensor_decorator.py
[2024-10-01T00:20:11.645+0000] {logging_mixin.py:188} INFO - [2024-10-01T00:20:11.644+0000] {dag.py:3036} INFO - Sync 1 DAGs
[2024-10-01T00:20:11.675+0000] {logging_mixin.py:188} INFO - [2024-10-01T00:20:11.675+0000] {dag.py:3823} INFO - Setting next_dagrun for example_sensor_decorator to None, run_after=None
[2024-10-01T00:20:11.721+0000] {processor.py:183} INFO - Processing /home/airflow/.local/lib/python3.8/site-packages/airflow/example_dags/example_sensor_decorator.py took 0.156 seconds
[2024-10-01T00:20:42.058+0000] {processor.py:161} INFO - Started process (PID=3294) to work on /home/airflow/.local/lib/python3.8/site-packages/airflow/example_dags/example_sensor_decorator.py
[2024-10-01T00:20:42.062+0000] {processor.py:830} INFO - Processing file /home/airflow/.local/lib/python3.8/site-packages/airflow/example_dags/example_sensor_decorator.py for tasks to queue
[2024-10-01T00:20:42.065+0000] {logging_mixin.py:188} INFO - [2024-10-01T00:20:42.065+0000] {dagbag.py:538} INFO - Filling up the DagBag from /home/airflow/.local/lib/python3.8/site-packages/airflow/example_dags/example_sensor_decorator.py
[2024-10-01T00:20:42.076+0000] {processor.py:840} INFO - DAG(s) 'example_sensor_decorator' retrieved from /home/airflow/.local/lib/python3.8/site-packages/airflow/example_dags/example_sensor_decorator.py
[2024-10-01T00:20:42.111+0000] {logging_mixin.py:188} INFO - [2024-10-01T00:20:42.111+0000] {dag.py:3036} INFO - Sync 1 DAGs
[2024-10-01T00:20:42.134+0000] {logging_mixin.py:188} INFO - [2024-10-01T00:20:42.134+0000] {dag.py:3823} INFO - Setting next_dagrun for example_sensor_decorator to None, run_after=None
[2024-10-01T00:20:42.174+0000] {processor.py:183} INFO - Processing /home/airflow/.local/lib/python3.8/site-packages/airflow/example_dags/example_sensor_decorator.py took 0.122 seconds
[2024-10-01T00:21:12.874+0000] {processor.py:161} INFO - Started process (PID=3360) to work on /home/airflow/.local/lib/python3.8/site-packages/airflow/example_dags/example_sensor_decorator.py
[2024-10-01T00:21:12.876+0000] {processor.py:830} INFO - Processing file /home/airflow/.local/lib/python3.8/site-packages/airflow/example_dags/example_sensor_decorator.py for tasks to queue
[2024-10-01T00:21:12.878+0000] {logging_mixin.py:188} INFO - [2024-10-01T00:21:12.877+0000] {dagbag.py:538} INFO - Filling up the DagBag from /home/airflow/.local/lib/python3.8/site-packages/airflow/example_dags/example_sensor_decorator.py
[2024-10-01T00:21:12.886+0000] {processor.py:840} INFO - DAG(s) 'example_sensor_decorator' retrieved from /home/airflow/.local/lib/python3.8/site-packages/airflow/example_dags/example_sensor_decorator.py
[2024-10-01T00:21:12.913+0000] {logging_mixin.py:188} INFO - [2024-10-01T00:21:12.913+0000] {dag.py:3036} INFO - Sync 1 DAGs
[2024-10-01T00:21:12.932+0000] {logging_mixin.py:188} INFO - [2024-10-01T00:21:12.932+0000] {dag.py:3823} INFO - Setting next_dagrun for example_sensor_decorator to None, run_after=None
[2024-10-01T00:21:12.961+0000] {processor.py:183} INFO - Processing /home/airflow/.local/lib/python3.8/site-packages/airflow/example_dags/example_sensor_decorator.py took 0.092 seconds
[2024-10-01T00:21:43.542+0000] {processor.py:161} INFO - Started process (PID=3426) to work on /home/airflow/.local/lib/python3.8/site-packages/airflow/example_dags/example_sensor_decorator.py
[2024-10-01T00:21:43.544+0000] {processor.py:830} INFO - Processing file /home/airflow/.local/lib/python3.8/site-packages/airflow/example_dags/example_sensor_decorator.py for tasks to queue
[2024-10-01T00:21:43.547+0000] {logging_mixin.py:188} INFO - [2024-10-01T00:21:43.546+0000] {dagbag.py:538} INFO - Filling up the DagBag from /home/airflow/.local/lib/python3.8/site-packages/airflow/example_dags/example_sensor_decorator.py
[2024-10-01T00:21:43.558+0000] {processor.py:840} INFO - DAG(s) 'example_sensor_decorator' retrieved from /home/airflow/.local/lib/python3.8/site-packages/airflow/example_dags/example_sensor_decorator.py
[2024-10-01T00:21:43.589+0000] {logging_mixin.py:188} INFO - [2024-10-01T00:21:43.589+0000] {dag.py:3036} INFO - Sync 1 DAGs
[2024-10-01T00:21:43.609+0000] {logging_mixin.py:188} INFO - [2024-10-01T00:21:43.608+0000] {dag.py:3823} INFO - Setting next_dagrun for example_sensor_decorator to None, run_after=None
[2024-10-01T00:21:43.635+0000] {processor.py:183} INFO - Processing /home/airflow/.local/lib/python3.8/site-packages/airflow/example_dags/example_sensor_decorator.py took 0.099 seconds
[2024-10-01T00:22:14.153+0000] {processor.py:161} INFO - Started process (PID=3492) to work on /home/airflow/.local/lib/python3.8/site-packages/airflow/example_dags/example_sensor_decorator.py
[2024-10-01T00:22:14.156+0000] {processor.py:830} INFO - Processing file /home/airflow/.local/lib/python3.8/site-packages/airflow/example_dags/example_sensor_decorator.py for tasks to queue
[2024-10-01T00:22:14.159+0000] {logging_mixin.py:188} INFO - [2024-10-01T00:22:14.158+0000] {dagbag.py:538} INFO - Filling up the DagBag from /home/airflow/.local/lib/python3.8/site-packages/airflow/example_dags/example_sensor_decorator.py
[2024-10-01T00:22:14.169+0000] {processor.py:840} INFO - DAG(s) 'example_sensor_decorator' retrieved from /home/airflow/.local/lib/python3.8/site-packages/airflow/example_dags/example_sensor_decorator.py
[2024-10-01T00:22:14.204+0000] {logging_mixin.py:188} INFO - [2024-10-01T00:22:14.204+0000] {dag.py:3036} INFO - Sync 1 DAGs
[2024-10-01T00:22:14.226+0000] {logging_mixin.py:188} INFO - [2024-10-01T00:22:14.225+0000] {dag.py:3823} INFO - Setting next_dagrun for example_sensor_decorator to None, run_after=None
[2024-10-01T00:22:14.257+0000] {processor.py:183} INFO - Processing /home/airflow/.local/lib/python3.8/site-packages/airflow/example_dags/example_sensor_decorator.py took 0.111 seconds
[2024-10-01T00:22:45.012+0000] {processor.py:161} INFO - Started process (PID=3559) to work on /home/airflow/.local/lib/python3.8/site-packages/airflow/example_dags/example_sensor_decorator.py
[2024-10-01T00:22:45.015+0000] {processor.py:830} INFO - Processing file /home/airflow/.local/lib/python3.8/site-packages/airflow/example_dags/example_sensor_decorator.py for tasks to queue
[2024-10-01T00:22:45.021+0000] {logging_mixin.py:188} INFO - [2024-10-01T00:22:45.020+0000] {dagbag.py:538} INFO - Filling up the DagBag from /home/airflow/.local/lib/python3.8/site-packages/airflow/example_dags/example_sensor_decorator.py
[2024-10-01T00:22:45.038+0000] {processor.py:840} INFO - DAG(s) 'example_sensor_decorator' retrieved from /home/airflow/.local/lib/python3.8/site-packages/airflow/example_dags/example_sensor_decorator.py
[2024-10-01T00:22:45.087+0000] {logging_mixin.py:188} INFO - [2024-10-01T00:22:45.087+0000] {dag.py:3036} INFO - Sync 1 DAGs
[2024-10-01T00:22:45.122+0000] {logging_mixin.py:188} INFO - [2024-10-01T00:22:45.122+0000] {dag.py:3823} INFO - Setting next_dagrun for example_sensor_decorator to None, run_after=None
[2024-10-01T00:22:45.168+0000] {processor.py:183} INFO - Processing /home/airflow/.local/lib/python3.8/site-packages/airflow/example_dags/example_sensor_decorator.py took 0.173 seconds
[2024-10-01T00:23:15.605+0000] {processor.py:161} INFO - Started process (PID=3634) to work on /home/airflow/.local/lib/python3.8/site-packages/airflow/example_dags/example_sensor_decorator.py
[2024-10-01T00:23:15.607+0000] {processor.py:830} INFO - Processing file /home/airflow/.local/lib/python3.8/site-packages/airflow/example_dags/example_sensor_decorator.py for tasks to queue
[2024-10-01T00:23:15.611+0000] {logging_mixin.py:188} INFO - [2024-10-01T00:23:15.610+0000] {dagbag.py:538} INFO - Filling up the DagBag from /home/airflow/.local/lib/python3.8/site-packages/airflow/example_dags/example_sensor_decorator.py
[2024-10-01T00:23:15.625+0000] {processor.py:840} INFO - DAG(s) 'example_sensor_decorator' retrieved from /home/airflow/.local/lib/python3.8/site-packages/airflow/example_dags/example_sensor_decorator.py
[2024-10-01T00:23:15.667+0000] {logging_mixin.py:188} INFO - [2024-10-01T00:23:15.667+0000] {dag.py:3036} INFO - Sync 1 DAGs
[2024-10-01T00:23:15.692+0000] {logging_mixin.py:188} INFO - [2024-10-01T00:23:15.692+0000] {dag.py:3823} INFO - Setting next_dagrun for example_sensor_decorator to None, run_after=None
[2024-10-01T00:23:15.732+0000] {processor.py:183} INFO - Processing /home/airflow/.local/lib/python3.8/site-packages/airflow/example_dags/example_sensor_decorator.py took 0.134 seconds
[2024-10-01T00:23:46.239+0000] {processor.py:161} INFO - Started process (PID=3700) to work on /home/airflow/.local/lib/python3.8/site-packages/airflow/example_dags/example_sensor_decorator.py
[2024-10-01T00:23:46.243+0000] {processor.py:830} INFO - Processing file /home/airflow/.local/lib/python3.8/site-packages/airflow/example_dags/example_sensor_decorator.py for tasks to queue
[2024-10-01T00:23:46.248+0000] {logging_mixin.py:188} INFO - [2024-10-01T00:23:46.247+0000] {dagbag.py:538} INFO - Filling up the DagBag from /home/airflow/.local/lib/python3.8/site-packages/airflow/example_dags/example_sensor_decorator.py
[2024-10-01T00:23:46.267+0000] {processor.py:840} INFO - DAG(s) 'example_sensor_decorator' retrieved from /home/airflow/.local/lib/python3.8/site-packages/airflow/example_dags/example_sensor_decorator.py
[2024-10-01T00:23:46.333+0000] {logging_mixin.py:188} INFO - [2024-10-01T00:23:46.332+0000] {dag.py:3036} INFO - Sync 1 DAGs
[2024-10-01T00:23:46.377+0000] {logging_mixin.py:188} INFO - [2024-10-01T00:23:46.376+0000] {dag.py:3823} INFO - Setting next_dagrun for example_sensor_decorator to None, run_after=None
[2024-10-01T00:23:46.441+0000] {processor.py:183} INFO - Processing /home/airflow/.local/lib/python3.8/site-packages/airflow/example_dags/example_sensor_decorator.py took 0.211 seconds
[2024-10-01T00:24:17.096+0000] {processor.py:161} INFO - Started process (PID=3765) to work on /home/airflow/.local/lib/python3.8/site-packages/airflow/example_dags/example_sensor_decorator.py
[2024-10-01T00:24:17.099+0000] {processor.py:830} INFO - Processing file /home/airflow/.local/lib/python3.8/site-packages/airflow/example_dags/example_sensor_decorator.py for tasks to queue
[2024-10-01T00:24:17.106+0000] {logging_mixin.py:188} INFO - [2024-10-01T00:24:17.105+0000] {dagbag.py:538} INFO - Filling up the DagBag from /home/airflow/.local/lib/python3.8/site-packages/airflow/example_dags/example_sensor_decorator.py
[2024-10-01T00:24:17.124+0000] {processor.py:840} INFO - DAG(s) 'example_sensor_decorator' retrieved from /home/airflow/.local/lib/python3.8/site-packages/airflow/example_dags/example_sensor_decorator.py
[2024-10-01T00:24:17.180+0000] {logging_mixin.py:188} INFO - [2024-10-01T00:24:17.179+0000] {dag.py:3036} INFO - Sync 1 DAGs
[2024-10-01T00:24:17.216+0000] {logging_mixin.py:188} INFO - [2024-10-01T00:24:17.215+0000] {dag.py:3823} INFO - Setting next_dagrun for example_sensor_decorator to None, run_after=None
[2024-10-01T00:24:17.269+0000] {processor.py:183} INFO - Processing /home/airflow/.local/lib/python3.8/site-packages/airflow/example_dags/example_sensor_decorator.py took 0.184 seconds
[2024-10-01T00:24:47.735+0000] {processor.py:161} INFO - Started process (PID=3824) to work on /home/airflow/.local/lib/python3.8/site-packages/airflow/example_dags/example_sensor_decorator.py
[2024-10-01T00:24:47.738+0000] {processor.py:830} INFO - Processing file /home/airflow/.local/lib/python3.8/site-packages/airflow/example_dags/example_sensor_decorator.py for tasks to queue
[2024-10-01T00:24:47.744+0000] {logging_mixin.py:188} INFO - [2024-10-01T00:24:47.743+0000] {dagbag.py:538} INFO - Filling up the DagBag from /home/airflow/.local/lib/python3.8/site-packages/airflow/example_dags/example_sensor_decorator.py
[2024-10-01T00:24:47.764+0000] {processor.py:840} INFO - DAG(s) 'example_sensor_decorator' retrieved from /home/airflow/.local/lib/python3.8/site-packages/airflow/example_dags/example_sensor_decorator.py
[2024-10-01T00:24:47.834+0000] {logging_mixin.py:188} INFO - [2024-10-01T00:24:47.833+0000] {dag.py:3036} INFO - Sync 1 DAGs
[2024-10-01T00:24:47.887+0000] {logging_mixin.py:188} INFO - [2024-10-01T00:24:47.886+0000] {dag.py:3823} INFO - Setting next_dagrun for example_sensor_decorator to None, run_after=None
[2024-10-01T00:24:47.951+0000] {processor.py:183} INFO - Processing /home/airflow/.local/lib/python3.8/site-packages/airflow/example_dags/example_sensor_decorator.py took 0.228 seconds
[2024-10-01T00:25:18.454+0000] {processor.py:161} INFO - Started process (PID=3890) to work on /home/airflow/.local/lib/python3.8/site-packages/airflow/example_dags/example_sensor_decorator.py
[2024-10-01T00:25:18.459+0000] {processor.py:830} INFO - Processing file /home/airflow/.local/lib/python3.8/site-packages/airflow/example_dags/example_sensor_decorator.py for tasks to queue
[2024-10-01T00:25:18.465+0000] {logging_mixin.py:188} INFO - [2024-10-01T00:25:18.464+0000] {dagbag.py:538} INFO - Filling up the DagBag from /home/airflow/.local/lib/python3.8/site-packages/airflow/example_dags/example_sensor_decorator.py
[2024-10-01T00:25:18.484+0000] {processor.py:840} INFO - DAG(s) 'example_sensor_decorator' retrieved from /home/airflow/.local/lib/python3.8/site-packages/airflow/example_dags/example_sensor_decorator.py
[2024-10-01T00:25:18.552+0000] {logging_mixin.py:188} INFO - [2024-10-01T00:25:18.551+0000] {dag.py:3036} INFO - Sync 1 DAGs
[2024-10-01T00:25:18.596+0000] {logging_mixin.py:188} INFO - [2024-10-01T00:25:18.595+0000] {dag.py:3823} INFO - Setting next_dagrun for example_sensor_decorator to None, run_after=None
[2024-10-01T00:25:18.668+0000] {processor.py:183} INFO - Processing /home/airflow/.local/lib/python3.8/site-packages/airflow/example_dags/example_sensor_decorator.py took 0.226 seconds
[2024-10-01T00:25:48.933+0000] {processor.py:161} INFO - Started process (PID=3956) to work on /home/airflow/.local/lib/python3.8/site-packages/airflow/example_dags/example_sensor_decorator.py
[2024-10-01T00:25:48.936+0000] {processor.py:830} INFO - Processing file /home/airflow/.local/lib/python3.8/site-packages/airflow/example_dags/example_sensor_decorator.py for tasks to queue
[2024-10-01T00:25:48.942+0000] {logging_mixin.py:188} INFO - [2024-10-01T00:25:48.941+0000] {dagbag.py:538} INFO - Filling up the DagBag from /home/airflow/.local/lib/python3.8/site-packages/airflow/example_dags/example_sensor_decorator.py
[2024-10-01T00:25:48.964+0000] {processor.py:840} INFO - DAG(s) 'example_sensor_decorator' retrieved from /home/airflow/.local/lib/python3.8/site-packages/airflow/example_dags/example_sensor_decorator.py
[2024-10-01T00:25:49.029+0000] {logging_mixin.py:188} INFO - [2024-10-01T00:25:49.029+0000] {dag.py:3036} INFO - Sync 1 DAGs
[2024-10-01T00:25:49.075+0000] {logging_mixin.py:188} INFO - [2024-10-01T00:25:49.074+0000] {dag.py:3823} INFO - Setting next_dagrun for example_sensor_decorator to None, run_after=None
[2024-10-01T00:25:49.141+0000] {processor.py:183} INFO - Processing /home/airflow/.local/lib/python3.8/site-packages/airflow/example_dags/example_sensor_decorator.py took 0.219 seconds
[2024-10-01T00:26:19.905+0000] {processor.py:161} INFO - Started process (PID=4022) to work on /home/airflow/.local/lib/python3.8/site-packages/airflow/example_dags/example_sensor_decorator.py
[2024-10-01T00:26:19.907+0000] {processor.py:830} INFO - Processing file /home/airflow/.local/lib/python3.8/site-packages/airflow/example_dags/example_sensor_decorator.py for tasks to queue
[2024-10-01T00:26:19.912+0000] {logging_mixin.py:188} INFO - [2024-10-01T00:26:19.911+0000] {dagbag.py:538} INFO - Filling up the DagBag from /home/airflow/.local/lib/python3.8/site-packages/airflow/example_dags/example_sensor_decorator.py
[2024-10-01T00:26:19.929+0000] {processor.py:840} INFO - DAG(s) 'example_sensor_decorator' retrieved from /home/airflow/.local/lib/python3.8/site-packages/airflow/example_dags/example_sensor_decorator.py
[2024-10-01T00:26:19.980+0000] {logging_mixin.py:188} INFO - [2024-10-01T00:26:19.979+0000] {dag.py:3036} INFO - Sync 1 DAGs
[2024-10-01T00:26:20.017+0000] {logging_mixin.py:188} INFO - [2024-10-01T00:26:20.016+0000] {dag.py:3823} INFO - Setting next_dagrun for example_sensor_decorator to None, run_after=None
[2024-10-01T00:26:20.067+0000] {processor.py:183} INFO - Processing /home/airflow/.local/lib/python3.8/site-packages/airflow/example_dags/example_sensor_decorator.py took 0.171 seconds
[2024-10-01T00:26:50.342+0000] {processor.py:161} INFO - Started process (PID=4088) to work on /home/airflow/.local/lib/python3.8/site-packages/airflow/example_dags/example_sensor_decorator.py
[2024-10-01T00:26:50.345+0000] {processor.py:830} INFO - Processing file /home/airflow/.local/lib/python3.8/site-packages/airflow/example_dags/example_sensor_decorator.py for tasks to queue
[2024-10-01T00:26:50.349+0000] {logging_mixin.py:188} INFO - [2024-10-01T00:26:50.348+0000] {dagbag.py:538} INFO - Filling up the DagBag from /home/airflow/.local/lib/python3.8/site-packages/airflow/example_dags/example_sensor_decorator.py
[2024-10-01T00:26:50.362+0000] {processor.py:840} INFO - DAG(s) 'example_sensor_decorator' retrieved from /home/airflow/.local/lib/python3.8/site-packages/airflow/example_dags/example_sensor_decorator.py
[2024-10-01T00:26:50.406+0000] {logging_mixin.py:188} INFO - [2024-10-01T00:26:50.406+0000] {dag.py:3036} INFO - Sync 1 DAGs
[2024-10-01T00:26:50.437+0000] {logging_mixin.py:188} INFO - [2024-10-01T00:26:50.437+0000] {dag.py:3823} INFO - Setting next_dagrun for example_sensor_decorator to None, run_after=None
[2024-10-01T00:26:50.481+0000] {processor.py:183} INFO - Processing /home/airflow/.local/lib/python3.8/site-packages/airflow/example_dags/example_sensor_decorator.py took 0.148 seconds
[2024-10-01T00:27:20.830+0000] {processor.py:161} INFO - Started process (PID=4154) to work on /home/airflow/.local/lib/python3.8/site-packages/airflow/example_dags/example_sensor_decorator.py
[2024-10-01T00:27:20.834+0000] {processor.py:830} INFO - Processing file /home/airflow/.local/lib/python3.8/site-packages/airflow/example_dags/example_sensor_decorator.py for tasks to queue
[2024-10-01T00:27:20.838+0000] {logging_mixin.py:188} INFO - [2024-10-01T00:27:20.838+0000] {dagbag.py:538} INFO - Filling up the DagBag from /home/airflow/.local/lib/python3.8/site-packages/airflow/example_dags/example_sensor_decorator.py
[2024-10-01T00:27:20.856+0000] {processor.py:840} INFO - DAG(s) 'example_sensor_decorator' retrieved from /home/airflow/.local/lib/python3.8/site-packages/airflow/example_dags/example_sensor_decorator.py
[2024-10-01T00:27:20.911+0000] {logging_mixin.py:188} INFO - [2024-10-01T00:27:20.909+0000] {dag.py:3036} INFO - Sync 1 DAGs
[2024-10-01T00:27:20.946+0000] {logging_mixin.py:188} INFO - [2024-10-01T00:27:20.946+0000] {dag.py:3823} INFO - Setting next_dagrun for example_sensor_decorator to None, run_after=None
[2024-10-01T00:27:20.994+0000] {processor.py:183} INFO - Processing /home/airflow/.local/lib/python3.8/site-packages/airflow/example_dags/example_sensor_decorator.py took 0.175 seconds
[2024-10-01T00:27:52.012+0000] {processor.py:161} INFO - Started process (PID=4218) to work on /home/airflow/.local/lib/python3.8/site-packages/airflow/example_dags/example_sensor_decorator.py
[2024-10-01T00:27:52.015+0000] {processor.py:830} INFO - Processing file /home/airflow/.local/lib/python3.8/site-packages/airflow/example_dags/example_sensor_decorator.py for tasks to queue
[2024-10-01T00:27:52.021+0000] {logging_mixin.py:188} INFO - [2024-10-01T00:27:52.020+0000] {dagbag.py:538} INFO - Filling up the DagBag from /home/airflow/.local/lib/python3.8/site-packages/airflow/example_dags/example_sensor_decorator.py
[2024-10-01T00:27:52.041+0000] {processor.py:840} INFO - DAG(s) 'example_sensor_decorator' retrieved from /home/airflow/.local/lib/python3.8/site-packages/airflow/example_dags/example_sensor_decorator.py
[2024-10-01T00:27:52.104+0000] {logging_mixin.py:188} INFO - [2024-10-01T00:27:52.103+0000] {dag.py:3036} INFO - Sync 1 DAGs
[2024-10-01T00:27:52.147+0000] {logging_mixin.py:188} INFO - [2024-10-01T00:27:52.146+0000] {dag.py:3823} INFO - Setting next_dagrun for example_sensor_decorator to None, run_after=None
[2024-10-01T00:27:52.215+0000] {processor.py:183} INFO - Processing /home/airflow/.local/lib/python3.8/site-packages/airflow/example_dags/example_sensor_decorator.py took 0.215 seconds
[2024-10-01T00:28:22.411+0000] {processor.py:161} INFO - Started process (PID=4284) to work on /home/airflow/.local/lib/python3.8/site-packages/airflow/example_dags/example_sensor_decorator.py
[2024-10-01T00:28:22.414+0000] {processor.py:830} INFO - Processing file /home/airflow/.local/lib/python3.8/site-packages/airflow/example_dags/example_sensor_decorator.py for tasks to queue
[2024-10-01T00:28:22.419+0000] {logging_mixin.py:188} INFO - [2024-10-01T00:28:22.418+0000] {dagbag.py:538} INFO - Filling up the DagBag from /home/airflow/.local/lib/python3.8/site-packages/airflow/example_dags/example_sensor_decorator.py
[2024-10-01T00:28:22.441+0000] {processor.py:840} INFO - DAG(s) 'example_sensor_decorator' retrieved from /home/airflow/.local/lib/python3.8/site-packages/airflow/example_dags/example_sensor_decorator.py
[2024-10-01T00:28:22.498+0000] {logging_mixin.py:188} INFO - [2024-10-01T00:28:22.497+0000] {dag.py:3036} INFO - Sync 1 DAGs
[2024-10-01T00:28:22.545+0000] {logging_mixin.py:188} INFO - [2024-10-01T00:28:22.544+0000] {dag.py:3823} INFO - Setting next_dagrun for example_sensor_decorator to None, run_after=None
[2024-10-01T00:28:22.602+0000] {processor.py:183} INFO - Processing /home/airflow/.local/lib/python3.8/site-packages/airflow/example_dags/example_sensor_decorator.py took 0.201 seconds
[2024-10-01T00:28:53.168+0000] {processor.py:161} INFO - Started process (PID=4350) to work on /home/airflow/.local/lib/python3.8/site-packages/airflow/example_dags/example_sensor_decorator.py
[2024-10-01T00:28:53.171+0000] {processor.py:830} INFO - Processing file /home/airflow/.local/lib/python3.8/site-packages/airflow/example_dags/example_sensor_decorator.py for tasks to queue
[2024-10-01T00:28:53.177+0000] {logging_mixin.py:188} INFO - [2024-10-01T00:28:53.176+0000] {dagbag.py:538} INFO - Filling up the DagBag from /home/airflow/.local/lib/python3.8/site-packages/airflow/example_dags/example_sensor_decorator.py
[2024-10-01T00:28:53.198+0000] {processor.py:840} INFO - DAG(s) 'example_sensor_decorator' retrieved from /home/airflow/.local/lib/python3.8/site-packages/airflow/example_dags/example_sensor_decorator.py
[2024-10-01T00:28:53.262+0000] {logging_mixin.py:188} INFO - [2024-10-01T00:28:53.261+0000] {dag.py:3036} INFO - Sync 1 DAGs
[2024-10-01T00:28:53.304+0000] {logging_mixin.py:188} INFO - [2024-10-01T00:28:53.303+0000] {dag.py:3823} INFO - Setting next_dagrun for example_sensor_decorator to None, run_after=None
[2024-10-01T00:28:53.366+0000] {processor.py:183} INFO - Processing /home/airflow/.local/lib/python3.8/site-packages/airflow/example_dags/example_sensor_decorator.py took 0.210 seconds
[2024-10-01T00:29:23.769+0000] {processor.py:161} INFO - Started process (PID=4408) to work on /home/airflow/.local/lib/python3.8/site-packages/airflow/example_dags/example_sensor_decorator.py
[2024-10-01T00:29:23.773+0000] {processor.py:830} INFO - Processing file /home/airflow/.local/lib/python3.8/site-packages/airflow/example_dags/example_sensor_decorator.py for tasks to queue
[2024-10-01T00:29:23.778+0000] {logging_mixin.py:188} INFO - [2024-10-01T00:29:23.777+0000] {dagbag.py:538} INFO - Filling up the DagBag from /home/airflow/.local/lib/python3.8/site-packages/airflow/example_dags/example_sensor_decorator.py
[2024-10-01T00:29:23.802+0000] {processor.py:840} INFO - DAG(s) 'example_sensor_decorator' retrieved from /home/airflow/.local/lib/python3.8/site-packages/airflow/example_dags/example_sensor_decorator.py
[2024-10-01T00:29:23.876+0000] {logging_mixin.py:188} INFO - [2024-10-01T00:29:23.875+0000] {dag.py:3036} INFO - Sync 1 DAGs
[2024-10-01T00:29:23.929+0000] {logging_mixin.py:188} INFO - [2024-10-01T00:29:23.928+0000] {dag.py:3823} INFO - Setting next_dagrun for example_sensor_decorator to None, run_after=None
[2024-10-01T00:29:23.998+0000] {processor.py:183} INFO - Processing /home/airflow/.local/lib/python3.8/site-packages/airflow/example_dags/example_sensor_decorator.py took 0.241 seconds
[2024-10-01T00:29:54.522+0000] {processor.py:161} INFO - Started process (PID=4474) to work on /home/airflow/.local/lib/python3.8/site-packages/airflow/example_dags/example_sensor_decorator.py
[2024-10-01T00:29:54.525+0000] {processor.py:830} INFO - Processing file /home/airflow/.local/lib/python3.8/site-packages/airflow/example_dags/example_sensor_decorator.py for tasks to queue
[2024-10-01T00:29:54.529+0000] {logging_mixin.py:188} INFO - [2024-10-01T00:29:54.529+0000] {dagbag.py:538} INFO - Filling up the DagBag from /home/airflow/.local/lib/python3.8/site-packages/airflow/example_dags/example_sensor_decorator.py
[2024-10-01T00:29:54.546+0000] {processor.py:840} INFO - DAG(s) 'example_sensor_decorator' retrieved from /home/airflow/.local/lib/python3.8/site-packages/airflow/example_dags/example_sensor_decorator.py
[2024-10-01T00:29:54.601+0000] {logging_mixin.py:188} INFO - [2024-10-01T00:29:54.600+0000] {dag.py:3036} INFO - Sync 1 DAGs
[2024-10-01T00:29:54.636+0000] {logging_mixin.py:188} INFO - [2024-10-01T00:29:54.636+0000] {dag.py:3823} INFO - Setting next_dagrun for example_sensor_decorator to None, run_after=None
[2024-10-01T00:29:54.689+0000] {processor.py:183} INFO - Processing /home/airflow/.local/lib/python3.8/site-packages/airflow/example_dags/example_sensor_decorator.py took 0.177 seconds
[2024-10-01T00:30:25.038+0000] {processor.py:161} INFO - Started process (PID=4540) to work on /home/airflow/.local/lib/python3.8/site-packages/airflow/example_dags/example_sensor_decorator.py
[2024-10-01T00:30:25.041+0000] {processor.py:830} INFO - Processing file /home/airflow/.local/lib/python3.8/site-packages/airflow/example_dags/example_sensor_decorator.py for tasks to queue
[2024-10-01T00:30:25.046+0000] {logging_mixin.py:188} INFO - [2024-10-01T00:30:25.045+0000] {dagbag.py:538} INFO - Filling up the DagBag from /home/airflow/.local/lib/python3.8/site-packages/airflow/example_dags/example_sensor_decorator.py
[2024-10-01T00:30:25.064+0000] {processor.py:840} INFO - DAG(s) 'example_sensor_decorator' retrieved from /home/airflow/.local/lib/python3.8/site-packages/airflow/example_dags/example_sensor_decorator.py
[2024-10-01T00:30:25.110+0000] {logging_mixin.py:188} INFO - [2024-10-01T00:30:25.110+0000] {dag.py:3036} INFO - Sync 1 DAGs
[2024-10-01T00:30:25.138+0000] {logging_mixin.py:188} INFO - [2024-10-01T00:30:25.137+0000] {dag.py:3823} INFO - Setting next_dagrun for example_sensor_decorator to None, run_after=None
[2024-10-01T00:30:25.179+0000] {processor.py:183} INFO - Processing /home/airflow/.local/lib/python3.8/site-packages/airflow/example_dags/example_sensor_decorator.py took 0.148 seconds
[2024-10-01T00:30:56.229+0000] {processor.py:161} INFO - Started process (PID=4606) to work on /home/airflow/.local/lib/python3.8/site-packages/airflow/example_dags/example_sensor_decorator.py
[2024-10-01T00:30:56.232+0000] {processor.py:830} INFO - Processing file /home/airflow/.local/lib/python3.8/site-packages/airflow/example_dags/example_sensor_decorator.py for tasks to queue
[2024-10-01T00:30:56.236+0000] {logging_mixin.py:188} INFO - [2024-10-01T00:30:56.236+0000] {dagbag.py:538} INFO - Filling up the DagBag from /home/airflow/.local/lib/python3.8/site-packages/airflow/example_dags/example_sensor_decorator.py
[2024-10-01T00:30:56.253+0000] {processor.py:840} INFO - DAG(s) 'example_sensor_decorator' retrieved from /home/airflow/.local/lib/python3.8/site-packages/airflow/example_dags/example_sensor_decorator.py
[2024-10-01T00:30:56.302+0000] {logging_mixin.py:188} INFO - [2024-10-01T00:30:56.302+0000] {dag.py:3036} INFO - Sync 1 DAGs
[2024-10-01T00:30:56.338+0000] {logging_mixin.py:188} INFO - [2024-10-01T00:30:56.337+0000] {dag.py:3823} INFO - Setting next_dagrun for example_sensor_decorator to None, run_after=None
[2024-10-01T00:30:56.396+0000] {processor.py:183} INFO - Processing /home/airflow/.local/lib/python3.8/site-packages/airflow/example_dags/example_sensor_decorator.py took 0.178 seconds
[2024-10-01T00:31:27.832+0000] {processor.py:161} INFO - Started process (PID=4673) to work on /home/airflow/.local/lib/python3.8/site-packages/airflow/example_dags/example_sensor_decorator.py
[2024-10-01T00:31:27.837+0000] {processor.py:830} INFO - Processing file /home/airflow/.local/lib/python3.8/site-packages/airflow/example_dags/example_sensor_decorator.py for tasks to queue
[2024-10-01T00:31:27.847+0000] {logging_mixin.py:188} INFO - [2024-10-01T00:31:27.845+0000] {dagbag.py:538} INFO - Filling up the DagBag from /home/airflow/.local/lib/python3.8/site-packages/airflow/example_dags/example_sensor_decorator.py
[2024-10-01T00:31:27.878+0000] {processor.py:840} INFO - DAG(s) 'example_sensor_decorator' retrieved from /home/airflow/.local/lib/python3.8/site-packages/airflow/example_dags/example_sensor_decorator.py
[2024-10-01T00:31:27.973+0000] {logging_mixin.py:188} INFO - [2024-10-01T00:31:27.972+0000] {dag.py:3036} INFO - Sync 1 DAGs
[2024-10-01T00:31:28.037+0000] {logging_mixin.py:188} INFO - [2024-10-01T00:31:28.036+0000] {dag.py:3823} INFO - Setting next_dagrun for example_sensor_decorator to None, run_after=None
[2024-10-01T00:31:28.116+0000] {processor.py:183} INFO - Processing /home/airflow/.local/lib/python3.8/site-packages/airflow/example_dags/example_sensor_decorator.py took 0.301 seconds
[2024-10-01T00:32:02.006+0000] {processor.py:161} INFO - Started process (PID=4742) to work on /home/airflow/.local/lib/python3.8/site-packages/airflow/example_dags/example_sensor_decorator.py
[2024-10-01T00:32:02.011+0000] {processor.py:830} INFO - Processing file /home/airflow/.local/lib/python3.8/site-packages/airflow/example_dags/example_sensor_decorator.py for tasks to queue
[2024-10-01T00:32:02.018+0000] {logging_mixin.py:188} INFO - [2024-10-01T00:32:02.017+0000] {dagbag.py:538} INFO - Filling up the DagBag from /home/airflow/.local/lib/python3.8/site-packages/airflow/example_dags/example_sensor_decorator.py
[2024-10-01T00:32:02.045+0000] {processor.py:840} INFO - DAG(s) 'example_sensor_decorator' retrieved from /home/airflow/.local/lib/python3.8/site-packages/airflow/example_dags/example_sensor_decorator.py
[2024-10-01T00:32:02.124+0000] {logging_mixin.py:188} INFO - [2024-10-01T00:32:02.123+0000] {dag.py:3036} INFO - Sync 1 DAGs
[2024-10-01T00:32:02.183+0000] {logging_mixin.py:188} INFO - [2024-10-01T00:32:02.182+0000] {dag.py:3823} INFO - Setting next_dagrun for example_sensor_decorator to None, run_after=None
[2024-10-01T00:32:02.254+0000] {processor.py:183} INFO - Processing /home/airflow/.local/lib/python3.8/site-packages/airflow/example_dags/example_sensor_decorator.py took 0.264 seconds
[2024-10-01T00:32:32.879+0000] {processor.py:161} INFO - Started process (PID=4807) to work on /home/airflow/.local/lib/python3.8/site-packages/airflow/example_dags/example_sensor_decorator.py
[2024-10-01T00:32:32.882+0000] {processor.py:830} INFO - Processing file /home/airflow/.local/lib/python3.8/site-packages/airflow/example_dags/example_sensor_decorator.py for tasks to queue
[2024-10-01T00:32:32.886+0000] {logging_mixin.py:188} INFO - [2024-10-01T00:32:32.886+0000] {dagbag.py:538} INFO - Filling up the DagBag from /home/airflow/.local/lib/python3.8/site-packages/airflow/example_dags/example_sensor_decorator.py
[2024-10-01T00:32:32.901+0000] {processor.py:840} INFO - DAG(s) 'example_sensor_decorator' retrieved from /home/airflow/.local/lib/python3.8/site-packages/airflow/example_dags/example_sensor_decorator.py
[2024-10-01T00:32:32.948+0000] {logging_mixin.py:188} INFO - [2024-10-01T00:32:32.947+0000] {dag.py:3036} INFO - Sync 1 DAGs
[2024-10-01T00:32:32.981+0000] {logging_mixin.py:188} INFO - [2024-10-01T00:32:32.981+0000] {dag.py:3823} INFO - Setting next_dagrun for example_sensor_decorator to None, run_after=None
[2024-10-01T00:32:33.027+0000] {processor.py:183} INFO - Processing /home/airflow/.local/lib/python3.8/site-packages/airflow/example_dags/example_sensor_decorator.py took 0.157 seconds
[2024-10-01T00:33:03.912+0000] {processor.py:161} INFO - Started process (PID=4866) to work on /home/airflow/.local/lib/python3.8/site-packages/airflow/example_dags/example_sensor_decorator.py
[2024-10-01T00:33:03.917+0000] {processor.py:830} INFO - Processing file /home/airflow/.local/lib/python3.8/site-packages/airflow/example_dags/example_sensor_decorator.py for tasks to queue
[2024-10-01T00:33:03.926+0000] {logging_mixin.py:188} INFO - [2024-10-01T00:33:03.925+0000] {dagbag.py:538} INFO - Filling up the DagBag from /home/airflow/.local/lib/python3.8/site-packages/airflow/example_dags/example_sensor_decorator.py
[2024-10-01T00:33:03.956+0000] {processor.py:840} INFO - DAG(s) 'example_sensor_decorator' retrieved from /home/airflow/.local/lib/python3.8/site-packages/airflow/example_dags/example_sensor_decorator.py
[2024-10-01T00:33:04.031+0000] {logging_mixin.py:188} INFO - [2024-10-01T00:33:04.030+0000] {dag.py:3036} INFO - Sync 1 DAGs
[2024-10-01T00:33:04.077+0000] {logging_mixin.py:188} INFO - [2024-10-01T00:33:04.077+0000] {dag.py:3823} INFO - Setting next_dagrun for example_sensor_decorator to None, run_after=None
[2024-10-01T00:33:04.149+0000] {processor.py:183} INFO - Processing /home/airflow/.local/lib/python3.8/site-packages/airflow/example_dags/example_sensor_decorator.py took 0.251 seconds
[2024-10-01T00:33:36.929+0000] {processor.py:161} INFO - Started process (PID=4933) to work on /home/airflow/.local/lib/python3.8/site-packages/airflow/example_dags/example_sensor_decorator.py
[2024-10-01T00:33:36.934+0000] {processor.py:830} INFO - Processing file /home/airflow/.local/lib/python3.8/site-packages/airflow/example_dags/example_sensor_decorator.py for tasks to queue
[2024-10-01T00:33:36.944+0000] {logging_mixin.py:188} INFO - [2024-10-01T00:33:36.942+0000] {dagbag.py:538} INFO - Filling up the DagBag from /home/airflow/.local/lib/python3.8/site-packages/airflow/example_dags/example_sensor_decorator.py
[2024-10-01T00:33:36.979+0000] {processor.py:840} INFO - DAG(s) 'example_sensor_decorator' retrieved from /home/airflow/.local/lib/python3.8/site-packages/airflow/example_dags/example_sensor_decorator.py
[2024-10-01T00:33:37.061+0000] {logging_mixin.py:188} INFO - [2024-10-01T00:33:37.060+0000] {dag.py:3036} INFO - Sync 1 DAGs
[2024-10-01T00:33:37.112+0000] {logging_mixin.py:188} INFO - [2024-10-01T00:33:37.110+0000] {dag.py:3823} INFO - Setting next_dagrun for example_sensor_decorator to None, run_after=None
[2024-10-01T00:33:37.185+0000] {processor.py:183} INFO - Processing /home/airflow/.local/lib/python3.8/site-packages/airflow/example_dags/example_sensor_decorator.py took 0.275 seconds
[2024-10-01T00:34:07.586+0000] {processor.py:161} INFO - Started process (PID=4999) to work on /home/airflow/.local/lib/python3.8/site-packages/airflow/example_dags/example_sensor_decorator.py
[2024-10-01T00:34:07.588+0000] {processor.py:830} INFO - Processing file /home/airflow/.local/lib/python3.8/site-packages/airflow/example_dags/example_sensor_decorator.py for tasks to queue
[2024-10-01T00:34:07.593+0000] {logging_mixin.py:188} INFO - [2024-10-01T00:34:07.592+0000] {dagbag.py:538} INFO - Filling up the DagBag from /home/airflow/.local/lib/python3.8/site-packages/airflow/example_dags/example_sensor_decorator.py
[2024-10-01T00:34:07.607+0000] {processor.py:840} INFO - DAG(s) 'example_sensor_decorator' retrieved from /home/airflow/.local/lib/python3.8/site-packages/airflow/example_dags/example_sensor_decorator.py
[2024-10-01T00:34:07.655+0000] {logging_mixin.py:188} INFO - [2024-10-01T00:34:07.654+0000] {dag.py:3036} INFO - Sync 1 DAGs
[2024-10-01T00:34:07.687+0000] {logging_mixin.py:188} INFO - [2024-10-01T00:34:07.687+0000] {dag.py:3823} INFO - Setting next_dagrun for example_sensor_decorator to None, run_after=None
[2024-10-01T00:34:07.737+0000] {processor.py:183} INFO - Processing /home/airflow/.local/lib/python3.8/site-packages/airflow/example_dags/example_sensor_decorator.py took 0.160 seconds
[2024-10-01T00:34:37.881+0000] {processor.py:161} INFO - Started process (PID=5057) to work on /home/airflow/.local/lib/python3.8/site-packages/airflow/example_dags/example_sensor_decorator.py
[2024-10-01T00:34:37.882+0000] {processor.py:830} INFO - Processing file /home/airflow/.local/lib/python3.8/site-packages/airflow/example_dags/example_sensor_decorator.py for tasks to queue
[2024-10-01T00:34:37.885+0000] {logging_mixin.py:188} INFO - [2024-10-01T00:34:37.885+0000] {dagbag.py:538} INFO - Filling up the DagBag from /home/airflow/.local/lib/python3.8/site-packages/airflow/example_dags/example_sensor_decorator.py
[2024-10-01T00:34:37.897+0000] {processor.py:840} INFO - DAG(s) 'example_sensor_decorator' retrieved from /home/airflow/.local/lib/python3.8/site-packages/airflow/example_dags/example_sensor_decorator.py
[2024-10-01T00:34:37.935+0000] {logging_mixin.py:188} INFO - [2024-10-01T00:34:37.935+0000] {dag.py:3036} INFO - Sync 1 DAGs
[2024-10-01T00:34:37.959+0000] {logging_mixin.py:188} INFO - [2024-10-01T00:34:37.959+0000] {dag.py:3823} INFO - Setting next_dagrun for example_sensor_decorator to None, run_after=None
[2024-10-01T00:34:37.994+0000] {processor.py:183} INFO - Processing /home/airflow/.local/lib/python3.8/site-packages/airflow/example_dags/example_sensor_decorator.py took 0.119 seconds
