[2024-10-01T00:00:16.374+0000] {processor.py:161} INFO - Started process (PID=778) to work on /home/airflow/.local/lib/python3.8/site-packages/airflow/example_dags/example_task_group.py
[2024-10-01T00:00:16.377+0000] {processor.py:830} INFO - Processing file /home/airflow/.local/lib/python3.8/site-packages/airflow/example_dags/example_task_group.py for tasks to queue
[2024-10-01T00:00:16.386+0000] {logging_mixin.py:188} INFO - [2024-10-01T00:00:16.384+0000] {dagbag.py:538} INFO - Filling up the DagBag from /home/airflow/.local/lib/python3.8/site-packages/airflow/example_dags/example_task_group.py
[2024-10-01T00:00:16.422+0000] {processor.py:840} INFO - DAG(s) 'example_task_group' retrieved from /home/airflow/.local/lib/python3.8/site-packages/airflow/example_dags/example_task_group.py
[2024-10-01T00:00:16.528+0000] {logging_mixin.py:188} INFO - [2024-10-01T00:00:16.527+0000] {dag.py:3036} INFO - Sync 1 DAGs
[2024-10-01T00:00:16.650+0000] {logging_mixin.py:188} INFO - [2024-10-01T00:00:16.649+0000] {dag.py:3823} INFO - Setting next_dagrun for example_task_group to 2024-09-30 00:00:00+00:00, run_after=2024-10-01 00:00:00+00:00
[2024-10-01T00:00:16.744+0000] {processor.py:183} INFO - Processing /home/airflow/.local/lib/python3.8/site-packages/airflow/example_dags/example_task_group.py took 0.388 seconds
[2024-10-01T00:00:47.714+0000] {processor.py:161} INFO - Started process (PID=844) to work on /home/airflow/.local/lib/python3.8/site-packages/airflow/example_dags/example_task_group.py
[2024-10-01T00:00:47.719+0000] {processor.py:830} INFO - Processing file /home/airflow/.local/lib/python3.8/site-packages/airflow/example_dags/example_task_group.py for tasks to queue
[2024-10-01T00:00:47.728+0000] {logging_mixin.py:188} INFO - [2024-10-01T00:00:47.726+0000] {dagbag.py:538} INFO - Filling up the DagBag from /home/airflow/.local/lib/python3.8/site-packages/airflow/example_dags/example_task_group.py
[2024-10-01T00:00:47.768+0000] {processor.py:840} INFO - DAG(s) 'example_task_group' retrieved from /home/airflow/.local/lib/python3.8/site-packages/airflow/example_dags/example_task_group.py
[2024-10-01T00:00:47.879+0000] {logging_mixin.py:188} INFO - [2024-10-01T00:00:47.878+0000] {dag.py:3036} INFO - Sync 1 DAGs
[2024-10-01T00:00:47.989+0000] {logging_mixin.py:188} INFO - [2024-10-01T00:00:47.987+0000] {dag.py:3823} INFO - Setting next_dagrun for example_task_group to 2024-09-30 00:00:00+00:00, run_after=2024-10-01 00:00:00+00:00
[2024-10-01T00:00:48.083+0000] {processor.py:183} INFO - Processing /home/airflow/.local/lib/python3.8/site-packages/airflow/example_dags/example_task_group.py took 0.386 seconds
[2024-10-01T00:01:18.336+0000] {processor.py:161} INFO - Started process (PID=910) to work on /home/airflow/.local/lib/python3.8/site-packages/airflow/example_dags/example_task_group.py
[2024-10-01T00:01:18.357+0000] {processor.py:830} INFO - Processing file /home/airflow/.local/lib/python3.8/site-packages/airflow/example_dags/example_task_group.py for tasks to queue
[2024-10-01T00:01:18.368+0000] {logging_mixin.py:188} INFO - [2024-10-01T00:01:18.366+0000] {dagbag.py:538} INFO - Filling up the DagBag from /home/airflow/.local/lib/python3.8/site-packages/airflow/example_dags/example_task_group.py
[2024-10-01T00:01:18.420+0000] {processor.py:840} INFO - DAG(s) 'example_task_group' retrieved from /home/airflow/.local/lib/python3.8/site-packages/airflow/example_dags/example_task_group.py
[2024-10-01T00:01:18.592+0000] {logging_mixin.py:188} INFO - [2024-10-01T00:01:18.591+0000] {dag.py:3036} INFO - Sync 1 DAGs
[2024-10-01T00:01:18.785+0000] {logging_mixin.py:188} INFO - [2024-10-01T00:01:18.783+0000] {dag.py:3823} INFO - Setting next_dagrun for example_task_group to 2024-09-30 00:00:00+00:00, run_after=2024-10-01 00:00:00+00:00
[2024-10-01T00:01:18.948+0000] {processor.py:183} INFO - Processing /home/airflow/.local/lib/python3.8/site-packages/airflow/example_dags/example_task_group.py took 0.643 seconds
[2024-10-01T00:01:49.210+0000] {processor.py:161} INFO - Started process (PID=968) to work on /home/airflow/.local/lib/python3.8/site-packages/airflow/example_dags/example_task_group.py
[2024-10-01T00:01:49.220+0000] {processor.py:830} INFO - Processing file /home/airflow/.local/lib/python3.8/site-packages/airflow/example_dags/example_task_group.py for tasks to queue
[2024-10-01T00:01:49.223+0000] {logging_mixin.py:188} INFO - [2024-10-01T00:01:49.222+0000] {dagbag.py:538} INFO - Filling up the DagBag from /home/airflow/.local/lib/python3.8/site-packages/airflow/example_dags/example_task_group.py
[2024-10-01T00:01:49.234+0000] {processor.py:840} INFO - DAG(s) 'example_task_group' retrieved from /home/airflow/.local/lib/python3.8/site-packages/airflow/example_dags/example_task_group.py
[2024-10-01T00:01:49.271+0000] {logging_mixin.py:188} INFO - [2024-10-01T00:01:49.270+0000] {dag.py:3036} INFO - Sync 1 DAGs
[2024-10-01T00:01:49.309+0000] {logging_mixin.py:188} INFO - [2024-10-01T00:01:49.309+0000] {dag.py:3823} INFO - Setting next_dagrun for example_task_group to 2024-09-30 00:00:00+00:00, run_after=2024-10-01 00:00:00+00:00
[2024-10-01T00:01:49.339+0000] {processor.py:183} INFO - Processing /home/airflow/.local/lib/python3.8/site-packages/airflow/example_dags/example_task_group.py took 0.135 seconds
[2024-10-01T00:02:20.044+0000] {processor.py:161} INFO - Started process (PID=1034) to work on /home/airflow/.local/lib/python3.8/site-packages/airflow/example_dags/example_task_group.py
[2024-10-01T00:02:20.046+0000] {processor.py:830} INFO - Processing file /home/airflow/.local/lib/python3.8/site-packages/airflow/example_dags/example_task_group.py for tasks to queue
[2024-10-01T00:02:20.048+0000] {logging_mixin.py:188} INFO - [2024-10-01T00:02:20.048+0000] {dagbag.py:538} INFO - Filling up the DagBag from /home/airflow/.local/lib/python3.8/site-packages/airflow/example_dags/example_task_group.py
[2024-10-01T00:02:20.059+0000] {processor.py:840} INFO - DAG(s) 'example_task_group' retrieved from /home/airflow/.local/lib/python3.8/site-packages/airflow/example_dags/example_task_group.py
[2024-10-01T00:02:20.090+0000] {logging_mixin.py:188} INFO - [2024-10-01T00:02:20.090+0000] {dag.py:3036} INFO - Sync 1 DAGs
[2024-10-01T00:02:20.122+0000] {logging_mixin.py:188} INFO - [2024-10-01T00:02:20.122+0000] {dag.py:3823} INFO - Setting next_dagrun for example_task_group to 2024-09-30 00:00:00+00:00, run_after=2024-10-01 00:00:00+00:00
[2024-10-01T00:02:20.148+0000] {processor.py:183} INFO - Processing /home/airflow/.local/lib/python3.8/site-packages/airflow/example_dags/example_task_group.py took 0.110 seconds
[2024-10-01T00:02:50.469+0000] {processor.py:161} INFO - Started process (PID=1100) to work on /home/airflow/.local/lib/python3.8/site-packages/airflow/example_dags/example_task_group.py
[2024-10-01T00:02:50.473+0000] {processor.py:830} INFO - Processing file /home/airflow/.local/lib/python3.8/site-packages/airflow/example_dags/example_task_group.py for tasks to queue
[2024-10-01T00:02:50.475+0000] {logging_mixin.py:188} INFO - [2024-10-01T00:02:50.475+0000] {dagbag.py:538} INFO - Filling up the DagBag from /home/airflow/.local/lib/python3.8/site-packages/airflow/example_dags/example_task_group.py
[2024-10-01T00:02:50.488+0000] {processor.py:840} INFO - DAG(s) 'example_task_group' retrieved from /home/airflow/.local/lib/python3.8/site-packages/airflow/example_dags/example_task_group.py
[2024-10-01T00:02:50.526+0000] {logging_mixin.py:188} INFO - [2024-10-01T00:02:50.526+0000] {dag.py:3036} INFO - Sync 1 DAGs
[2024-10-01T00:02:50.564+0000] {logging_mixin.py:188} INFO - [2024-10-01T00:02:50.564+0000] {dag.py:3823} INFO - Setting next_dagrun for example_task_group to 2024-09-30 00:00:00+00:00, run_after=2024-10-01 00:00:00+00:00
[2024-10-01T00:02:50.595+0000] {processor.py:183} INFO - Processing /home/airflow/.local/lib/python3.8/site-packages/airflow/example_dags/example_task_group.py took 0.132 seconds
[2024-10-01T00:03:20.844+0000] {processor.py:161} INFO - Started process (PID=1166) to work on /home/airflow/.local/lib/python3.8/site-packages/airflow/example_dags/example_task_group.py
[2024-10-01T00:03:20.845+0000] {processor.py:830} INFO - Processing file /home/airflow/.local/lib/python3.8/site-packages/airflow/example_dags/example_task_group.py for tasks to queue
[2024-10-01T00:03:20.848+0000] {logging_mixin.py:188} INFO - [2024-10-01T00:03:20.848+0000] {dagbag.py:538} INFO - Filling up the DagBag from /home/airflow/.local/lib/python3.8/site-packages/airflow/example_dags/example_task_group.py
[2024-10-01T00:03:20.860+0000] {processor.py:840} INFO - DAG(s) 'example_task_group' retrieved from /home/airflow/.local/lib/python3.8/site-packages/airflow/example_dags/example_task_group.py
[2024-10-01T00:03:20.894+0000] {logging_mixin.py:188} INFO - [2024-10-01T00:03:20.894+0000] {dag.py:3036} INFO - Sync 1 DAGs
[2024-10-01T00:03:20.931+0000] {logging_mixin.py:188} INFO - [2024-10-01T00:03:20.931+0000] {dag.py:3823} INFO - Setting next_dagrun for example_task_group to 2024-09-30 00:00:00+00:00, run_after=2024-10-01 00:00:00+00:00
[2024-10-01T00:03:20.961+0000] {processor.py:183} INFO - Processing /home/airflow/.local/lib/python3.8/site-packages/airflow/example_dags/example_task_group.py took 0.123 seconds
[2024-10-01T00:03:51.564+0000] {processor.py:161} INFO - Started process (PID=1239) to work on /home/airflow/.local/lib/python3.8/site-packages/airflow/example_dags/example_task_group.py
[2024-10-01T00:03:51.566+0000] {processor.py:830} INFO - Processing file /home/airflow/.local/lib/python3.8/site-packages/airflow/example_dags/example_task_group.py for tasks to queue
[2024-10-01T00:03:51.568+0000] {logging_mixin.py:188} INFO - [2024-10-01T00:03:51.568+0000] {dagbag.py:538} INFO - Filling up the DagBag from /home/airflow/.local/lib/python3.8/site-packages/airflow/example_dags/example_task_group.py
[2024-10-01T00:03:51.582+0000] {processor.py:840} INFO - DAG(s) 'example_task_group' retrieved from /home/airflow/.local/lib/python3.8/site-packages/airflow/example_dags/example_task_group.py
[2024-10-01T00:03:51.618+0000] {logging_mixin.py:188} INFO - [2024-10-01T00:03:51.618+0000] {dag.py:3036} INFO - Sync 1 DAGs
[2024-10-01T00:03:51.654+0000] {logging_mixin.py:188} INFO - [2024-10-01T00:03:51.654+0000] {dag.py:3823} INFO - Setting next_dagrun for example_task_group to 2024-09-30 00:00:00+00:00, run_after=2024-10-01 00:00:00+00:00
[2024-10-01T00:03:51.686+0000] {processor.py:183} INFO - Processing /home/airflow/.local/lib/python3.8/site-packages/airflow/example_dags/example_task_group.py took 0.128 seconds
[2024-10-01T00:04:22.157+0000] {processor.py:161} INFO - Started process (PID=1304) to work on /home/airflow/.local/lib/python3.8/site-packages/airflow/example_dags/example_task_group.py
[2024-10-01T00:04:22.159+0000] {processor.py:830} INFO - Processing file /home/airflow/.local/lib/python3.8/site-packages/airflow/example_dags/example_task_group.py for tasks to queue
[2024-10-01T00:04:22.162+0000] {logging_mixin.py:188} INFO - [2024-10-01T00:04:22.162+0000] {dagbag.py:538} INFO - Filling up the DagBag from /home/airflow/.local/lib/python3.8/site-packages/airflow/example_dags/example_task_group.py
[2024-10-01T00:04:22.176+0000] {processor.py:840} INFO - DAG(s) 'example_task_group' retrieved from /home/airflow/.local/lib/python3.8/site-packages/airflow/example_dags/example_task_group.py
[2024-10-01T00:04:22.217+0000] {logging_mixin.py:188} INFO - [2024-10-01T00:04:22.217+0000] {dag.py:3036} INFO - Sync 1 DAGs
[2024-10-01T00:04:22.256+0000] {logging_mixin.py:188} INFO - [2024-10-01T00:04:22.255+0000] {dag.py:3823} INFO - Setting next_dagrun for example_task_group to 2024-09-30 00:00:00+00:00, run_after=2024-10-01 00:00:00+00:00
[2024-10-01T00:04:22.286+0000] {processor.py:183} INFO - Processing /home/airflow/.local/lib/python3.8/site-packages/airflow/example_dags/example_task_group.py took 0.134 seconds
[2024-10-01T00:04:55.107+0000] {processor.py:161} INFO - Started process (PID=1364) to work on /home/airflow/.local/lib/python3.8/site-packages/airflow/example_dags/example_task_group.py
[2024-10-01T00:04:55.116+0000] {processor.py:830} INFO - Processing file /home/airflow/.local/lib/python3.8/site-packages/airflow/example_dags/example_task_group.py for tasks to queue
[2024-10-01T00:04:55.131+0000] {logging_mixin.py:188} INFO - [2024-10-01T00:04:55.128+0000] {dagbag.py:538} INFO - Filling up the DagBag from /home/airflow/.local/lib/python3.8/site-packages/airflow/example_dags/example_task_group.py
[2024-10-01T00:04:55.187+0000] {processor.py:840} INFO - DAG(s) 'example_task_group' retrieved from /home/airflow/.local/lib/python3.8/site-packages/airflow/example_dags/example_task_group.py
[2024-10-01T00:04:55.367+0000] {logging_mixin.py:188} INFO - [2024-10-01T00:04:55.365+0000] {dag.py:3036} INFO - Sync 1 DAGs
[2024-10-01T00:04:55.617+0000] {logging_mixin.py:188} INFO - [2024-10-01T00:04:55.615+0000] {dag.py:3823} INFO - Setting next_dagrun for example_task_group to 2024-09-30 00:00:00+00:00, run_after=2024-10-01 00:00:00+00:00
[2024-10-01T00:04:55.798+0000] {processor.py:183} INFO - Processing /home/airflow/.local/lib/python3.8/site-packages/airflow/example_dags/example_task_group.py took 0.721 seconds
[2024-10-01T00:05:26.456+0000] {processor.py:161} INFO - Started process (PID=1430) to work on /home/airflow/.local/lib/python3.8/site-packages/airflow/example_dags/example_task_group.py
[2024-10-01T00:05:26.460+0000] {processor.py:830} INFO - Processing file /home/airflow/.local/lib/python3.8/site-packages/airflow/example_dags/example_task_group.py for tasks to queue
[2024-10-01T00:05:26.463+0000] {logging_mixin.py:188} INFO - [2024-10-01T00:05:26.462+0000] {dagbag.py:538} INFO - Filling up the DagBag from /home/airflow/.local/lib/python3.8/site-packages/airflow/example_dags/example_task_group.py
[2024-10-01T00:05:26.477+0000] {processor.py:840} INFO - DAG(s) 'example_task_group' retrieved from /home/airflow/.local/lib/python3.8/site-packages/airflow/example_dags/example_task_group.py
[2024-10-01T00:05:26.520+0000] {logging_mixin.py:188} INFO - [2024-10-01T00:05:26.520+0000] {dag.py:3036} INFO - Sync 1 DAGs
[2024-10-01T00:05:26.564+0000] {logging_mixin.py:188} INFO - [2024-10-01T00:05:26.564+0000] {dag.py:3823} INFO - Setting next_dagrun for example_task_group to 2024-09-30 00:00:00+00:00, run_after=2024-10-01 00:00:00+00:00
[2024-10-01T00:05:26.601+0000] {processor.py:183} INFO - Processing /home/airflow/.local/lib/python3.8/site-packages/airflow/example_dags/example_task_group.py took 0.150 seconds
[2024-10-01T00:05:56.939+0000] {processor.py:161} INFO - Started process (PID=1496) to work on /home/airflow/.local/lib/python3.8/site-packages/airflow/example_dags/example_task_group.py
[2024-10-01T00:05:56.940+0000] {processor.py:830} INFO - Processing file /home/airflow/.local/lib/python3.8/site-packages/airflow/example_dags/example_task_group.py for tasks to queue
[2024-10-01T00:05:56.943+0000] {logging_mixin.py:188} INFO - [2024-10-01T00:05:56.943+0000] {dagbag.py:538} INFO - Filling up the DagBag from /home/airflow/.local/lib/python3.8/site-packages/airflow/example_dags/example_task_group.py
[2024-10-01T00:05:56.955+0000] {processor.py:840} INFO - DAG(s) 'example_task_group' retrieved from /home/airflow/.local/lib/python3.8/site-packages/airflow/example_dags/example_task_group.py
[2024-10-01T00:05:56.993+0000] {logging_mixin.py:188} INFO - [2024-10-01T00:05:56.992+0000] {dag.py:3036} INFO - Sync 1 DAGs
[2024-10-01T00:05:57.030+0000] {logging_mixin.py:188} INFO - [2024-10-01T00:05:57.030+0000] {dag.py:3823} INFO - Setting next_dagrun for example_task_group to 2024-09-30 00:00:00+00:00, run_after=2024-10-01 00:00:00+00:00
[2024-10-01T00:05:57.062+0000] {processor.py:183} INFO - Processing /home/airflow/.local/lib/python3.8/site-packages/airflow/example_dags/example_task_group.py took 0.129 seconds
[2024-10-01T00:06:27.325+0000] {processor.py:161} INFO - Started process (PID=1562) to work on /home/airflow/.local/lib/python3.8/site-packages/airflow/example_dags/example_task_group.py
[2024-10-01T00:06:27.329+0000] {processor.py:830} INFO - Processing file /home/airflow/.local/lib/python3.8/site-packages/airflow/example_dags/example_task_group.py for tasks to queue
[2024-10-01T00:06:27.336+0000] {logging_mixin.py:188} INFO - [2024-10-01T00:06:27.335+0000] {dagbag.py:538} INFO - Filling up the DagBag from /home/airflow/.local/lib/python3.8/site-packages/airflow/example_dags/example_task_group.py
[2024-10-01T00:06:27.366+0000] {processor.py:840} INFO - DAG(s) 'example_task_group' retrieved from /home/airflow/.local/lib/python3.8/site-packages/airflow/example_dags/example_task_group.py
[2024-10-01T00:06:27.461+0000] {logging_mixin.py:188} INFO - [2024-10-01T00:06:27.460+0000] {dag.py:3036} INFO - Sync 1 DAGs
[2024-10-01T00:06:27.561+0000] {logging_mixin.py:188} INFO - [2024-10-01T00:06:27.560+0000] {dag.py:3823} INFO - Setting next_dagrun for example_task_group to 2024-09-30 00:00:00+00:00, run_after=2024-10-01 00:00:00+00:00
[2024-10-01T00:06:27.649+0000] {processor.py:183} INFO - Processing /home/airflow/.local/lib/python3.8/site-packages/airflow/example_dags/example_task_group.py took 0.340 seconds
[2024-10-01T00:06:58.329+0000] {processor.py:161} INFO - Started process (PID=1628) to work on /home/airflow/.local/lib/python3.8/site-packages/airflow/example_dags/example_task_group.py
[2024-10-01T00:06:58.331+0000] {processor.py:830} INFO - Processing file /home/airflow/.local/lib/python3.8/site-packages/airflow/example_dags/example_task_group.py for tasks to queue
[2024-10-01T00:06:58.335+0000] {logging_mixin.py:188} INFO - [2024-10-01T00:06:58.335+0000] {dagbag.py:538} INFO - Filling up the DagBag from /home/airflow/.local/lib/python3.8/site-packages/airflow/example_dags/example_task_group.py
[2024-10-01T00:06:58.354+0000] {processor.py:840} INFO - DAG(s) 'example_task_group' retrieved from /home/airflow/.local/lib/python3.8/site-packages/airflow/example_dags/example_task_group.py
[2024-10-01T00:06:58.408+0000] {logging_mixin.py:188} INFO - [2024-10-01T00:06:58.408+0000] {dag.py:3036} INFO - Sync 1 DAGs
[2024-10-01T00:06:58.463+0000] {logging_mixin.py:188} INFO - [2024-10-01T00:06:58.463+0000] {dag.py:3823} INFO - Setting next_dagrun for example_task_group to 2024-09-30 00:00:00+00:00, run_after=2024-10-01 00:00:00+00:00
[2024-10-01T00:06:58.513+0000] {processor.py:183} INFO - Processing /home/airflow/.local/lib/python3.8/site-packages/airflow/example_dags/example_task_group.py took 0.193 seconds
[2024-10-01T00:07:28.637+0000] {processor.py:161} INFO - Started process (PID=1695) to work on /home/airflow/.local/lib/python3.8/site-packages/airflow/example_dags/example_task_group.py
[2024-10-01T00:07:28.640+0000] {processor.py:830} INFO - Processing file /home/airflow/.local/lib/python3.8/site-packages/airflow/example_dags/example_task_group.py for tasks to queue
[2024-10-01T00:07:28.645+0000] {logging_mixin.py:188} INFO - [2024-10-01T00:07:28.644+0000] {dagbag.py:538} INFO - Filling up the DagBag from /home/airflow/.local/lib/python3.8/site-packages/airflow/example_dags/example_task_group.py
[2024-10-01T00:07:28.666+0000] {processor.py:840} INFO - DAG(s) 'example_task_group' retrieved from /home/airflow/.local/lib/python3.8/site-packages/airflow/example_dags/example_task_group.py
[2024-10-01T00:07:28.726+0000] {logging_mixin.py:188} INFO - [2024-10-01T00:07:28.726+0000] {dag.py:3036} INFO - Sync 1 DAGs
[2024-10-01T00:07:28.789+0000] {logging_mixin.py:188} INFO - [2024-10-01T00:07:28.788+0000] {dag.py:3823} INFO - Setting next_dagrun for example_task_group to 2024-09-30 00:00:00+00:00, run_after=2024-10-01 00:00:00+00:00
[2024-10-01T00:07:28.841+0000] {processor.py:183} INFO - Processing /home/airflow/.local/lib/python3.8/site-packages/airflow/example_dags/example_task_group.py took 0.214 seconds
[2024-10-01T00:07:58.900+0000] {processor.py:161} INFO - Started process (PID=1761) to work on /home/airflow/.local/lib/python3.8/site-packages/airflow/example_dags/example_task_group.py
[2024-10-01T00:07:58.903+0000] {processor.py:830} INFO - Processing file /home/airflow/.local/lib/python3.8/site-packages/airflow/example_dags/example_task_group.py for tasks to queue
[2024-10-01T00:07:58.907+0000] {logging_mixin.py:188} INFO - [2024-10-01T00:07:58.906+0000] {dagbag.py:538} INFO - Filling up the DagBag from /home/airflow/.local/lib/python3.8/site-packages/airflow/example_dags/example_task_group.py
[2024-10-01T00:07:58.927+0000] {processor.py:840} INFO - DAG(s) 'example_task_group' retrieved from /home/airflow/.local/lib/python3.8/site-packages/airflow/example_dags/example_task_group.py
[2024-10-01T00:07:58.984+0000] {logging_mixin.py:188} INFO - [2024-10-01T00:07:58.984+0000] {dag.py:3036} INFO - Sync 1 DAGs
[2024-10-01T00:07:59.048+0000] {logging_mixin.py:188} INFO - [2024-10-01T00:07:59.047+0000] {dag.py:3823} INFO - Setting next_dagrun for example_task_group to 2024-09-30 00:00:00+00:00, run_after=2024-10-01 00:00:00+00:00
[2024-10-01T00:07:59.105+0000] {processor.py:183} INFO - Processing /home/airflow/.local/lib/python3.8/site-packages/airflow/example_dags/example_task_group.py took 0.214 seconds
[2024-10-01T00:08:29.508+0000] {processor.py:161} INFO - Started process (PID=1827) to work on /home/airflow/.local/lib/python3.8/site-packages/airflow/example_dags/example_task_group.py
[2024-10-01T00:08:29.510+0000] {processor.py:830} INFO - Processing file /home/airflow/.local/lib/python3.8/site-packages/airflow/example_dags/example_task_group.py for tasks to queue
[2024-10-01T00:08:29.514+0000] {logging_mixin.py:188} INFO - [2024-10-01T00:08:29.513+0000] {dagbag.py:538} INFO - Filling up the DagBag from /home/airflow/.local/lib/python3.8/site-packages/airflow/example_dags/example_task_group.py
[2024-10-01T00:08:29.530+0000] {processor.py:840} INFO - DAG(s) 'example_task_group' retrieved from /home/airflow/.local/lib/python3.8/site-packages/airflow/example_dags/example_task_group.py
[2024-10-01T00:08:29.578+0000] {logging_mixin.py:188} INFO - [2024-10-01T00:08:29.578+0000] {dag.py:3036} INFO - Sync 1 DAGs
[2024-10-01T00:08:29.629+0000] {logging_mixin.py:188} INFO - [2024-10-01T00:08:29.628+0000] {dag.py:3823} INFO - Setting next_dagrun for example_task_group to 2024-09-30 00:00:00+00:00, run_after=2024-10-01 00:00:00+00:00
[2024-10-01T00:08:29.673+0000] {processor.py:183} INFO - Processing /home/airflow/.local/lib/python3.8/site-packages/airflow/example_dags/example_task_group.py took 0.174 seconds
[2024-10-01T00:08:59.910+0000] {processor.py:161} INFO - Started process (PID=1893) to work on /home/airflow/.local/lib/python3.8/site-packages/airflow/example_dags/example_task_group.py
[2024-10-01T00:08:59.914+0000] {processor.py:830} INFO - Processing file /home/airflow/.local/lib/python3.8/site-packages/airflow/example_dags/example_task_group.py for tasks to queue
[2024-10-01T00:08:59.922+0000] {logging_mixin.py:188} INFO - [2024-10-01T00:08:59.921+0000] {dagbag.py:538} INFO - Filling up the DagBag from /home/airflow/.local/lib/python3.8/site-packages/airflow/example_dags/example_task_group.py
[2024-10-01T00:08:59.957+0000] {processor.py:840} INFO - DAG(s) 'example_task_group' retrieved from /home/airflow/.local/lib/python3.8/site-packages/airflow/example_dags/example_task_group.py
[2024-10-01T00:09:00.044+0000] {logging_mixin.py:188} INFO - [2024-10-01T00:09:00.043+0000] {dag.py:3036} INFO - Sync 1 DAGs
[2024-10-01T00:09:00.155+0000] {logging_mixin.py:188} INFO - [2024-10-01T00:09:00.154+0000] {dag.py:3823} INFO - Setting next_dagrun for example_task_group to 2024-09-30 00:00:00+00:00, run_after=2024-10-01 00:00:00+00:00
[2024-10-01T00:09:00.242+0000] {processor.py:183} INFO - Processing /home/airflow/.local/lib/python3.8/site-packages/airflow/example_dags/example_task_group.py took 0.346 seconds
[2024-10-01T00:09:30.399+0000] {processor.py:161} INFO - Started process (PID=1950) to work on /home/airflow/.local/lib/python3.8/site-packages/airflow/example_dags/example_task_group.py
[2024-10-01T00:09:30.403+0000] {processor.py:830} INFO - Processing file /home/airflow/.local/lib/python3.8/site-packages/airflow/example_dags/example_task_group.py for tasks to queue
[2024-10-01T00:09:30.409+0000] {logging_mixin.py:188} INFO - [2024-10-01T00:09:30.408+0000] {dagbag.py:538} INFO - Filling up the DagBag from /home/airflow/.local/lib/python3.8/site-packages/airflow/example_dags/example_task_group.py
[2024-10-01T00:09:30.436+0000] {processor.py:840} INFO - DAG(s) 'example_task_group' retrieved from /home/airflow/.local/lib/python3.8/site-packages/airflow/example_dags/example_task_group.py
[2024-10-01T00:09:30.528+0000] {logging_mixin.py:188} INFO - [2024-10-01T00:09:30.527+0000] {dag.py:3036} INFO - Sync 1 DAGs
[2024-10-01T00:09:30.618+0000] {logging_mixin.py:188} INFO - [2024-10-01T00:09:30.617+0000] {dag.py:3823} INFO - Setting next_dagrun for example_task_group to 2024-09-30 00:00:00+00:00, run_after=2024-10-01 00:00:00+00:00
[2024-10-01T00:09:30.686+0000] {processor.py:183} INFO - Processing /home/airflow/.local/lib/python3.8/site-packages/airflow/example_dags/example_task_group.py took 0.301 seconds
[2024-10-01T00:10:03.694+0000] {processor.py:161} INFO - Started process (PID=2014) to work on /home/airflow/.local/lib/python3.8/site-packages/airflow/example_dags/example_task_group.py
[2024-10-01T00:10:03.704+0000] {processor.py:830} INFO - Processing file /home/airflow/.local/lib/python3.8/site-packages/airflow/example_dags/example_task_group.py for tasks to queue
[2024-10-01T00:10:03.725+0000] {logging_mixin.py:188} INFO - [2024-10-01T00:10:03.722+0000] {dagbag.py:538} INFO - Filling up the DagBag from /home/airflow/.local/lib/python3.8/site-packages/airflow/example_dags/example_task_group.py
[2024-10-01T00:10:03.808+0000] {processor.py:840} INFO - DAG(s) 'example_task_group' retrieved from /home/airflow/.local/lib/python3.8/site-packages/airflow/example_dags/example_task_group.py
[2024-10-01T00:10:04.119+0000] {logging_mixin.py:188} INFO - [2024-10-01T00:10:04.108+0000] {dag.py:3036} INFO - Sync 1 DAGs
[2024-10-01T00:10:04.453+0000] {logging_mixin.py:188} INFO - [2024-10-01T00:10:04.448+0000] {dag.py:3823} INFO - Setting next_dagrun for example_task_group to 2024-09-30 00:00:00+00:00, run_after=2024-10-01 00:00:00+00:00
[2024-10-01T00:10:04.742+0000] {processor.py:183} INFO - Processing /home/airflow/.local/lib/python3.8/site-packages/airflow/example_dags/example_task_group.py took 1.085 seconds
[2024-10-01T00:10:48.848+0000] {processor.py:161} INFO - Started process (PID=2078) to work on /home/airflow/.local/lib/python3.8/site-packages/airflow/example_dags/example_task_group.py
[2024-10-01T00:10:48.867+0000] {processor.py:830} INFO - Processing file /home/airflow/.local/lib/python3.8/site-packages/airflow/example_dags/example_task_group.py for tasks to queue
[2024-10-01T00:10:48.902+0000] {logging_mixin.py:188} INFO - [2024-10-01T00:10:48.899+0000] {dagbag.py:538} INFO - Filling up the DagBag from /home/airflow/.local/lib/python3.8/site-packages/airflow/example_dags/example_task_group.py
[2024-10-01T00:10:49.065+0000] {processor.py:840} INFO - DAG(s) 'example_task_group' retrieved from /home/airflow/.local/lib/python3.8/site-packages/airflow/example_dags/example_task_group.py
[2024-10-01T00:10:49.399+0000] {logging_mixin.py:188} INFO - [2024-10-01T00:10:49.396+0000] {dag.py:3036} INFO - Sync 1 DAGs
[2024-10-01T00:10:49.867+0000] {logging_mixin.py:188} INFO - [2024-10-01T00:10:49.864+0000] {dag.py:3823} INFO - Setting next_dagrun for example_task_group to 2024-09-30 00:00:00+00:00, run_after=2024-10-01 00:00:00+00:00
[2024-10-01T00:10:50.236+0000] {processor.py:183} INFO - Processing /home/airflow/.local/lib/python3.8/site-packages/airflow/example_dags/example_task_group.py took 1.469 seconds
[2024-10-01T00:11:29.128+0000] {processor.py:161} INFO - Started process (PID=2142) to work on /home/airflow/.local/lib/python3.8/site-packages/airflow/example_dags/example_task_group.py
[2024-10-01T00:11:29.139+0000] {processor.py:830} INFO - Processing file /home/airflow/.local/lib/python3.8/site-packages/airflow/example_dags/example_task_group.py for tasks to queue
[2024-10-01T00:11:29.156+0000] {logging_mixin.py:188} INFO - [2024-10-01T00:11:29.154+0000] {dagbag.py:538} INFO - Filling up the DagBag from /home/airflow/.local/lib/python3.8/site-packages/airflow/example_dags/example_task_group.py
[2024-10-01T00:11:29.230+0000] {processor.py:840} INFO - DAG(s) 'example_task_group' retrieved from /home/airflow/.local/lib/python3.8/site-packages/airflow/example_dags/example_task_group.py
[2024-10-01T00:11:29.469+0000] {logging_mixin.py:188} INFO - [2024-10-01T00:11:29.467+0000] {dag.py:3036} INFO - Sync 1 DAGs
[2024-10-01T00:11:29.672+0000] {logging_mixin.py:188} INFO - [2024-10-01T00:11:29.670+0000] {dag.py:3823} INFO - Setting next_dagrun for example_task_group to 2024-09-30 00:00:00+00:00, run_after=2024-10-01 00:00:00+00:00
[2024-10-01T00:11:29.824+0000] {processor.py:183} INFO - Processing /home/airflow/.local/lib/python3.8/site-packages/airflow/example_dags/example_task_group.py took 0.736 seconds
[2024-10-01T00:12:01.105+0000] {processor.py:161} INFO - Started process (PID=2199) to work on /home/airflow/.local/lib/python3.8/site-packages/airflow/example_dags/example_task_group.py
[2024-10-01T00:12:01.115+0000] {processor.py:830} INFO - Processing file /home/airflow/.local/lib/python3.8/site-packages/airflow/example_dags/example_task_group.py for tasks to queue
[2024-10-01T00:12:01.133+0000] {logging_mixin.py:188} INFO - [2024-10-01T00:12:01.129+0000] {dagbag.py:538} INFO - Filling up the DagBag from /home/airflow/.local/lib/python3.8/site-packages/airflow/example_dags/example_task_group.py
[2024-10-01T00:12:01.235+0000] {processor.py:840} INFO - DAG(s) 'example_task_group' retrieved from /home/airflow/.local/lib/python3.8/site-packages/airflow/example_dags/example_task_group.py
[2024-10-01T00:12:01.500+0000] {logging_mixin.py:188} INFO - [2024-10-01T00:12:01.499+0000] {dag.py:3036} INFO - Sync 1 DAGs
[2024-10-01T00:12:01.744+0000] {logging_mixin.py:188} INFO - [2024-10-01T00:12:01.742+0000] {dag.py:3823} INFO - Setting next_dagrun for example_task_group to 2024-09-30 00:00:00+00:00, run_after=2024-10-01 00:00:00+00:00
[2024-10-01T00:12:01.942+0000] {processor.py:183} INFO - Processing /home/airflow/.local/lib/python3.8/site-packages/airflow/example_dags/example_task_group.py took 0.874 seconds
[2024-10-01T00:12:32.576+0000] {processor.py:161} INFO - Started process (PID=2265) to work on /home/airflow/.local/lib/python3.8/site-packages/airflow/example_dags/example_task_group.py
[2024-10-01T00:12:32.591+0000] {processor.py:830} INFO - Processing file /home/airflow/.local/lib/python3.8/site-packages/airflow/example_dags/example_task_group.py for tasks to queue
[2024-10-01T00:12:32.597+0000] {logging_mixin.py:188} INFO - [2024-10-01T00:12:32.596+0000] {dagbag.py:538} INFO - Filling up the DagBag from /home/airflow/.local/lib/python3.8/site-packages/airflow/example_dags/example_task_group.py
[2024-10-01T00:12:32.624+0000] {processor.py:840} INFO - DAG(s) 'example_task_group' retrieved from /home/airflow/.local/lib/python3.8/site-packages/airflow/example_dags/example_task_group.py
[2024-10-01T00:12:32.708+0000] {logging_mixin.py:188} INFO - [2024-10-01T00:12:32.708+0000] {dag.py:3036} INFO - Sync 1 DAGs
[2024-10-01T00:12:33.168+0000] {logging_mixin.py:188} INFO - [2024-10-01T00:12:33.167+0000] {dag.py:3823} INFO - Setting next_dagrun for example_task_group to 2024-09-30 00:00:00+00:00, run_after=2024-10-01 00:00:00+00:00
[2024-10-01T00:12:33.241+0000] {processor.py:183} INFO - Processing /home/airflow/.local/lib/python3.8/site-packages/airflow/example_dags/example_task_group.py took 0.677 seconds
[2024-10-01T00:13:04.029+0000] {processor.py:161} INFO - Started process (PID=2331) to work on /home/airflow/.local/lib/python3.8/site-packages/airflow/example_dags/example_task_group.py
[2024-10-01T00:13:04.031+0000] {processor.py:830} INFO - Processing file /home/airflow/.local/lib/python3.8/site-packages/airflow/example_dags/example_task_group.py for tasks to queue
[2024-10-01T00:13:04.036+0000] {logging_mixin.py:188} INFO - [2024-10-01T00:13:04.035+0000] {dagbag.py:538} INFO - Filling up the DagBag from /home/airflow/.local/lib/python3.8/site-packages/airflow/example_dags/example_task_group.py
[2024-10-01T00:13:04.054+0000] {processor.py:840} INFO - DAG(s) 'example_task_group' retrieved from /home/airflow/.local/lib/python3.8/site-packages/airflow/example_dags/example_task_group.py
[2024-10-01T00:13:04.109+0000] {logging_mixin.py:188} INFO - [2024-10-01T00:13:04.108+0000] {dag.py:3036} INFO - Sync 1 DAGs
[2024-10-01T00:13:04.170+0000] {logging_mixin.py:188} INFO - [2024-10-01T00:13:04.169+0000] {dag.py:3823} INFO - Setting next_dagrun for example_task_group to 2024-09-30 00:00:00+00:00, run_after=2024-10-01 00:00:00+00:00
[2024-10-01T00:13:04.220+0000] {processor.py:183} INFO - Processing /home/airflow/.local/lib/python3.8/site-packages/airflow/example_dags/example_task_group.py took 0.200 seconds
[2024-10-01T00:13:34.336+0000] {processor.py:161} INFO - Started process (PID=2389) to work on /home/airflow/.local/lib/python3.8/site-packages/airflow/example_dags/example_task_group.py
[2024-10-01T00:13:34.339+0000] {processor.py:830} INFO - Processing file /home/airflow/.local/lib/python3.8/site-packages/airflow/example_dags/example_task_group.py for tasks to queue
[2024-10-01T00:13:34.343+0000] {logging_mixin.py:188} INFO - [2024-10-01T00:13:34.342+0000] {dagbag.py:538} INFO - Filling up the DagBag from /home/airflow/.local/lib/python3.8/site-packages/airflow/example_dags/example_task_group.py
[2024-10-01T00:13:34.360+0000] {processor.py:840} INFO - DAG(s) 'example_task_group' retrieved from /home/airflow/.local/lib/python3.8/site-packages/airflow/example_dags/example_task_group.py
[2024-10-01T00:13:34.418+0000] {logging_mixin.py:188} INFO - [2024-10-01T00:13:34.418+0000] {dag.py:3036} INFO - Sync 1 DAGs
[2024-10-01T00:13:34.479+0000] {logging_mixin.py:188} INFO - [2024-10-01T00:13:34.478+0000] {dag.py:3823} INFO - Setting next_dagrun for example_task_group to 2024-09-30 00:00:00+00:00, run_after=2024-10-01 00:00:00+00:00
[2024-10-01T00:13:34.526+0000] {processor.py:183} INFO - Processing /home/airflow/.local/lib/python3.8/site-packages/airflow/example_dags/example_task_group.py took 0.199 seconds
[2024-10-01T00:14:05.204+0000] {processor.py:161} INFO - Started process (PID=2455) to work on /home/airflow/.local/lib/python3.8/site-packages/airflow/example_dags/example_task_group.py
[2024-10-01T00:14:05.210+0000] {processor.py:830} INFO - Processing file /home/airflow/.local/lib/python3.8/site-packages/airflow/example_dags/example_task_group.py for tasks to queue
[2024-10-01T00:14:05.213+0000] {logging_mixin.py:188} INFO - [2024-10-01T00:14:05.213+0000] {dagbag.py:538} INFO - Filling up the DagBag from /home/airflow/.local/lib/python3.8/site-packages/airflow/example_dags/example_task_group.py
[2024-10-01T00:14:05.226+0000] {processor.py:840} INFO - DAG(s) 'example_task_group' retrieved from /home/airflow/.local/lib/python3.8/site-packages/airflow/example_dags/example_task_group.py
[2024-10-01T00:14:05.268+0000] {logging_mixin.py:188} INFO - [2024-10-01T00:14:05.267+0000] {dag.py:3036} INFO - Sync 1 DAGs
[2024-10-01T00:14:05.517+0000] {logging_mixin.py:188} INFO - [2024-10-01T00:14:05.517+0000] {dag.py:3823} INFO - Setting next_dagrun for example_task_group to 2024-09-30 00:00:00+00:00, run_after=2024-10-01 00:00:00+00:00
[2024-10-01T00:14:05.551+0000] {processor.py:183} INFO - Processing /home/airflow/.local/lib/python3.8/site-packages/airflow/example_dags/example_task_group.py took 0.354 seconds
[2024-10-01T00:14:36.189+0000] {processor.py:161} INFO - Started process (PID=2529) to work on /home/airflow/.local/lib/python3.8/site-packages/airflow/example_dags/example_task_group.py
[2024-10-01T00:14:36.196+0000] {processor.py:830} INFO - Processing file /home/airflow/.local/lib/python3.8/site-packages/airflow/example_dags/example_task_group.py for tasks to queue
[2024-10-01T00:14:36.199+0000] {logging_mixin.py:188} INFO - [2024-10-01T00:14:36.198+0000] {dagbag.py:538} INFO - Filling up the DagBag from /home/airflow/.local/lib/python3.8/site-packages/airflow/example_dags/example_task_group.py
[2024-10-01T00:14:36.213+0000] {processor.py:840} INFO - DAG(s) 'example_task_group' retrieved from /home/airflow/.local/lib/python3.8/site-packages/airflow/example_dags/example_task_group.py
[2024-10-01T00:14:36.253+0000] {logging_mixin.py:188} INFO - [2024-10-01T00:14:36.253+0000] {dag.py:3036} INFO - Sync 1 DAGs
[2024-10-01T00:14:36.295+0000] {logging_mixin.py:188} INFO - [2024-10-01T00:14:36.294+0000] {dag.py:3823} INFO - Setting next_dagrun for example_task_group to 2024-09-30 00:00:00+00:00, run_after=2024-10-01 00:00:00+00:00
[2024-10-01T00:14:36.330+0000] {processor.py:183} INFO - Processing /home/airflow/.local/lib/python3.8/site-packages/airflow/example_dags/example_task_group.py took 0.146 seconds
[2024-10-01T00:15:07.146+0000] {processor.py:161} INFO - Started process (PID=2596) to work on /home/airflow/.local/lib/python3.8/site-packages/airflow/example_dags/example_task_group.py
[2024-10-01T00:15:07.149+0000] {processor.py:830} INFO - Processing file /home/airflow/.local/lib/python3.8/site-packages/airflow/example_dags/example_task_group.py for tasks to queue
[2024-10-01T00:15:07.155+0000] {logging_mixin.py:188} INFO - [2024-10-01T00:15:07.154+0000] {dagbag.py:538} INFO - Filling up the DagBag from /home/airflow/.local/lib/python3.8/site-packages/airflow/example_dags/example_task_group.py
[2024-10-01T00:15:07.178+0000] {processor.py:840} INFO - DAG(s) 'example_task_group' retrieved from /home/airflow/.local/lib/python3.8/site-packages/airflow/example_dags/example_task_group.py
[2024-10-01T00:15:07.232+0000] {logging_mixin.py:188} INFO - [2024-10-01T00:15:07.232+0000] {dag.py:3036} INFO - Sync 1 DAGs
[2024-10-01T00:15:07.290+0000] {logging_mixin.py:188} INFO - [2024-10-01T00:15:07.290+0000] {dag.py:3823} INFO - Setting next_dagrun for example_task_group to 2024-09-30 00:00:00+00:00, run_after=2024-10-01 00:00:00+00:00
[2024-10-01T00:15:07.337+0000] {processor.py:183} INFO - Processing /home/airflow/.local/lib/python3.8/site-packages/airflow/example_dags/example_task_group.py took 0.200 seconds
[2024-10-01T00:15:37.590+0000] {processor.py:161} INFO - Started process (PID=2662) to work on /home/airflow/.local/lib/python3.8/site-packages/airflow/example_dags/example_task_group.py
[2024-10-01T00:15:37.593+0000] {processor.py:830} INFO - Processing file /home/airflow/.local/lib/python3.8/site-packages/airflow/example_dags/example_task_group.py for tasks to queue
[2024-10-01T00:15:37.600+0000] {logging_mixin.py:188} INFO - [2024-10-01T00:15:37.598+0000] {dagbag.py:538} INFO - Filling up the DagBag from /home/airflow/.local/lib/python3.8/site-packages/airflow/example_dags/example_task_group.py
[2024-10-01T00:15:37.627+0000] {processor.py:840} INFO - DAG(s) 'example_task_group' retrieved from /home/airflow/.local/lib/python3.8/site-packages/airflow/example_dags/example_task_group.py
[2024-10-01T00:15:37.711+0000] {logging_mixin.py:188} INFO - [2024-10-01T00:15:37.710+0000] {dag.py:3036} INFO - Sync 1 DAGs
[2024-10-01T00:15:38.245+0000] {logging_mixin.py:188} INFO - [2024-10-01T00:15:38.244+0000] {dag.py:3823} INFO - Setting next_dagrun for example_task_group to 2024-09-30 00:00:00+00:00, run_after=2024-10-01 00:00:00+00:00
[2024-10-01T00:15:38.354+0000] {processor.py:183} INFO - Processing /home/airflow/.local/lib/python3.8/site-packages/airflow/example_dags/example_task_group.py took 0.777 seconds
[2024-10-01T00:16:30.925+0000] {processor.py:161} INFO - Started process (PID=2723) to work on /home/airflow/.local/lib/python3.8/site-packages/airflow/example_dags/example_task_group.py
[2024-10-01T00:16:30.940+0000] {processor.py:830} INFO - Processing file /home/airflow/.local/lib/python3.8/site-packages/airflow/example_dags/example_task_group.py for tasks to queue
[2024-10-01T00:16:30.945+0000] {logging_mixin.py:188} INFO - [2024-10-01T00:16:30.944+0000] {dagbag.py:538} INFO - Filling up the DagBag from /home/airflow/.local/lib/python3.8/site-packages/airflow/example_dags/example_task_group.py
[2024-10-01T00:16:30.969+0000] {processor.py:840} INFO - DAG(s) 'example_task_group' retrieved from /home/airflow/.local/lib/python3.8/site-packages/airflow/example_dags/example_task_group.py
[2024-10-01T00:16:31.034+0000] {logging_mixin.py:188} INFO - [2024-10-01T00:16:31.034+0000] {dag.py:3036} INFO - Sync 1 DAGs
[2024-10-01T00:16:31.475+0000] {logging_mixin.py:188} INFO - [2024-10-01T00:16:31.475+0000] {dag.py:3823} INFO - Setting next_dagrun for example_task_group to 2024-09-30 00:00:00+00:00, run_after=2024-10-01 00:00:00+00:00
[2024-10-01T00:16:31.532+0000] {processor.py:183} INFO - Processing /home/airflow/.local/lib/python3.8/site-packages/airflow/example_dags/example_task_group.py took 0.618 seconds
[2024-10-01T00:17:01.941+0000] {processor.py:161} INFO - Started process (PID=2789) to work on /home/airflow/.local/lib/python3.8/site-packages/airflow/example_dags/example_task_group.py
[2024-10-01T00:17:01.943+0000] {processor.py:830} INFO - Processing file /home/airflow/.local/lib/python3.8/site-packages/airflow/example_dags/example_task_group.py for tasks to queue
[2024-10-01T00:17:01.945+0000] {logging_mixin.py:188} INFO - [2024-10-01T00:17:01.944+0000] {dagbag.py:538} INFO - Filling up the DagBag from /home/airflow/.local/lib/python3.8/site-packages/airflow/example_dags/example_task_group.py
[2024-10-01T00:17:01.955+0000] {processor.py:840} INFO - DAG(s) 'example_task_group' retrieved from /home/airflow/.local/lib/python3.8/site-packages/airflow/example_dags/example_task_group.py
[2024-10-01T00:17:01.986+0000] {logging_mixin.py:188} INFO - [2024-10-01T00:17:01.985+0000] {dag.py:3036} INFO - Sync 1 DAGs
[2024-10-01T00:17:02.017+0000] {logging_mixin.py:188} INFO - [2024-10-01T00:17:02.016+0000] {dag.py:3823} INFO - Setting next_dagrun for example_task_group to 2024-09-30 00:00:00+00:00, run_after=2024-10-01 00:00:00+00:00
[2024-10-01T00:17:02.043+0000] {processor.py:183} INFO - Processing /home/airflow/.local/lib/python3.8/site-packages/airflow/example_dags/example_task_group.py took 0.107 seconds
[2024-10-01T00:17:32.221+0000] {processor.py:161} INFO - Started process (PID=2855) to work on /home/airflow/.local/lib/python3.8/site-packages/airflow/example_dags/example_task_group.py
[2024-10-01T00:17:32.223+0000] {processor.py:830} INFO - Processing file /home/airflow/.local/lib/python3.8/site-packages/airflow/example_dags/example_task_group.py for tasks to queue
[2024-10-01T00:17:32.225+0000] {logging_mixin.py:188} INFO - [2024-10-01T00:17:32.225+0000] {dagbag.py:538} INFO - Filling up the DagBag from /home/airflow/.local/lib/python3.8/site-packages/airflow/example_dags/example_task_group.py
[2024-10-01T00:17:32.236+0000] {processor.py:840} INFO - DAG(s) 'example_task_group' retrieved from /home/airflow/.local/lib/python3.8/site-packages/airflow/example_dags/example_task_group.py
[2024-10-01T00:17:32.274+0000] {logging_mixin.py:188} INFO - [2024-10-01T00:17:32.273+0000] {dag.py:3036} INFO - Sync 1 DAGs
[2024-10-01T00:17:32.312+0000] {logging_mixin.py:188} INFO - [2024-10-01T00:17:32.312+0000] {dag.py:3823} INFO - Setting next_dagrun for example_task_group to 2024-09-30 00:00:00+00:00, run_after=2024-10-01 00:00:00+00:00
[2024-10-01T00:17:32.338+0000] {processor.py:183} INFO - Processing /home/airflow/.local/lib/python3.8/site-packages/airflow/example_dags/example_task_group.py took 0.121 seconds
[2024-10-01T00:18:02.618+0000] {processor.py:161} INFO - Started process (PID=2929) to work on /home/airflow/.local/lib/python3.8/site-packages/airflow/example_dags/example_task_group.py
[2024-10-01T00:18:02.620+0000] {processor.py:830} INFO - Processing file /home/airflow/.local/lib/python3.8/site-packages/airflow/example_dags/example_task_group.py for tasks to queue
[2024-10-01T00:18:02.624+0000] {logging_mixin.py:188} INFO - [2024-10-01T00:18:02.623+0000] {dagbag.py:538} INFO - Filling up the DagBag from /home/airflow/.local/lib/python3.8/site-packages/airflow/example_dags/example_task_group.py
[2024-10-01T00:18:02.638+0000] {processor.py:840} INFO - DAG(s) 'example_task_group' retrieved from /home/airflow/.local/lib/python3.8/site-packages/airflow/example_dags/example_task_group.py
[2024-10-01T00:18:02.683+0000] {logging_mixin.py:188} INFO - [2024-10-01T00:18:02.682+0000] {dag.py:3036} INFO - Sync 1 DAGs
[2024-10-01T00:18:02.724+0000] {logging_mixin.py:188} INFO - [2024-10-01T00:18:02.724+0000] {dag.py:3823} INFO - Setting next_dagrun for example_task_group to 2024-09-30 00:00:00+00:00, run_after=2024-10-01 00:00:00+00:00
[2024-10-01T00:18:02.762+0000] {processor.py:183} INFO - Processing /home/airflow/.local/lib/python3.8/site-packages/airflow/example_dags/example_task_group.py took 0.152 seconds
[2024-10-01T00:18:32.864+0000] {processor.py:161} INFO - Started process (PID=2995) to work on /home/airflow/.local/lib/python3.8/site-packages/airflow/example_dags/example_task_group.py
[2024-10-01T00:18:32.866+0000] {processor.py:830} INFO - Processing file /home/airflow/.local/lib/python3.8/site-packages/airflow/example_dags/example_task_group.py for tasks to queue
[2024-10-01T00:18:32.868+0000] {logging_mixin.py:188} INFO - [2024-10-01T00:18:32.868+0000] {dagbag.py:538} INFO - Filling up the DagBag from /home/airflow/.local/lib/python3.8/site-packages/airflow/example_dags/example_task_group.py
[2024-10-01T00:18:32.878+0000] {processor.py:840} INFO - DAG(s) 'example_task_group' retrieved from /home/airflow/.local/lib/python3.8/site-packages/airflow/example_dags/example_task_group.py
[2024-10-01T00:18:32.912+0000] {logging_mixin.py:188} INFO - [2024-10-01T00:18:32.911+0000] {dag.py:3036} INFO - Sync 1 DAGs
[2024-10-01T00:18:32.950+0000] {logging_mixin.py:188} INFO - [2024-10-01T00:18:32.950+0000] {dag.py:3823} INFO - Setting next_dagrun for example_task_group to 2024-09-30 00:00:00+00:00, run_after=2024-10-01 00:00:00+00:00
[2024-10-01T00:18:32.981+0000] {processor.py:183} INFO - Processing /home/airflow/.local/lib/python3.8/site-packages/airflow/example_dags/example_task_group.py took 0.122 seconds
[2024-10-01T00:19:03.172+0000] {processor.py:161} INFO - Started process (PID=3062) to work on /home/airflow/.local/lib/python3.8/site-packages/airflow/example_dags/example_task_group.py
[2024-10-01T00:19:03.173+0000] {processor.py:830} INFO - Processing file /home/airflow/.local/lib/python3.8/site-packages/airflow/example_dags/example_task_group.py for tasks to queue
[2024-10-01T00:19:03.175+0000] {logging_mixin.py:188} INFO - [2024-10-01T00:19:03.175+0000] {dagbag.py:538} INFO - Filling up the DagBag from /home/airflow/.local/lib/python3.8/site-packages/airflow/example_dags/example_task_group.py
[2024-10-01T00:19:03.184+0000] {processor.py:840} INFO - DAG(s) 'example_task_group' retrieved from /home/airflow/.local/lib/python3.8/site-packages/airflow/example_dags/example_task_group.py
[2024-10-01T00:19:03.211+0000] {logging_mixin.py:188} INFO - [2024-10-01T00:19:03.211+0000] {dag.py:3036} INFO - Sync 1 DAGs
[2024-10-01T00:19:03.238+0000] {logging_mixin.py:188} INFO - [2024-10-01T00:19:03.238+0000] {dag.py:3823} INFO - Setting next_dagrun for example_task_group to 2024-09-30 00:00:00+00:00, run_after=2024-10-01 00:00:00+00:00
[2024-10-01T00:19:03.261+0000] {processor.py:183} INFO - Processing /home/airflow/.local/lib/python3.8/site-packages/airflow/example_dags/example_task_group.py took 0.094 seconds
[2024-10-01T00:19:33.516+0000] {processor.py:161} INFO - Started process (PID=3128) to work on /home/airflow/.local/lib/python3.8/site-packages/airflow/example_dags/example_task_group.py
[2024-10-01T00:19:33.518+0000] {processor.py:830} INFO - Processing file /home/airflow/.local/lib/python3.8/site-packages/airflow/example_dags/example_task_group.py for tasks to queue
[2024-10-01T00:19:33.521+0000] {logging_mixin.py:188} INFO - [2024-10-01T00:19:33.520+0000] {dagbag.py:538} INFO - Filling up the DagBag from /home/airflow/.local/lib/python3.8/site-packages/airflow/example_dags/example_task_group.py
[2024-10-01T00:19:33.533+0000] {processor.py:840} INFO - DAG(s) 'example_task_group' retrieved from /home/airflow/.local/lib/python3.8/site-packages/airflow/example_dags/example_task_group.py
[2024-10-01T00:19:33.566+0000] {logging_mixin.py:188} INFO - [2024-10-01T00:19:33.566+0000] {dag.py:3036} INFO - Sync 1 DAGs
[2024-10-01T00:19:33.598+0000] {logging_mixin.py:188} INFO - [2024-10-01T00:19:33.598+0000] {dag.py:3823} INFO - Setting next_dagrun for example_task_group to 2024-09-30 00:00:00+00:00, run_after=2024-10-01 00:00:00+00:00
[2024-10-01T00:19:33.625+0000] {processor.py:183} INFO - Processing /home/airflow/.local/lib/python3.8/site-packages/airflow/example_dags/example_task_group.py took 0.116 seconds
[2024-10-01T00:20:04.552+0000] {processor.py:161} INFO - Started process (PID=3195) to work on /home/airflow/.local/lib/python3.8/site-packages/airflow/example_dags/example_task_group.py
[2024-10-01T00:20:04.553+0000] {processor.py:830} INFO - Processing file /home/airflow/.local/lib/python3.8/site-packages/airflow/example_dags/example_task_group.py for tasks to queue
[2024-10-01T00:20:04.555+0000] {logging_mixin.py:188} INFO - [2024-10-01T00:20:04.555+0000] {dagbag.py:538} INFO - Filling up the DagBag from /home/airflow/.local/lib/python3.8/site-packages/airflow/example_dags/example_task_group.py
[2024-10-01T00:20:04.562+0000] {processor.py:840} INFO - DAG(s) 'example_task_group' retrieved from /home/airflow/.local/lib/python3.8/site-packages/airflow/example_dags/example_task_group.py
[2024-10-01T00:20:04.588+0000] {logging_mixin.py:188} INFO - [2024-10-01T00:20:04.588+0000] {dag.py:3036} INFO - Sync 1 DAGs
[2024-10-01T00:20:04.628+0000] {logging_mixin.py:188} INFO - [2024-10-01T00:20:04.627+0000] {dag.py:3823} INFO - Setting next_dagrun for example_task_group to 2024-09-30 00:00:00+00:00, run_after=2024-10-01 00:00:00+00:00
[2024-10-01T00:20:04.663+0000] {processor.py:183} INFO - Processing /home/airflow/.local/lib/python3.8/site-packages/airflow/example_dags/example_task_group.py took 0.114 seconds
[2024-10-01T00:20:35.205+0000] {processor.py:161} INFO - Started process (PID=3269) to work on /home/airflow/.local/lib/python3.8/site-packages/airflow/example_dags/example_task_group.py
[2024-10-01T00:20:35.207+0000] {processor.py:830} INFO - Processing file /home/airflow/.local/lib/python3.8/site-packages/airflow/example_dags/example_task_group.py for tasks to queue
[2024-10-01T00:20:35.209+0000] {logging_mixin.py:188} INFO - [2024-10-01T00:20:35.209+0000] {dagbag.py:538} INFO - Filling up the DagBag from /home/airflow/.local/lib/python3.8/site-packages/airflow/example_dags/example_task_group.py
[2024-10-01T00:20:35.222+0000] {processor.py:840} INFO - DAG(s) 'example_task_group' retrieved from /home/airflow/.local/lib/python3.8/site-packages/airflow/example_dags/example_task_group.py
[2024-10-01T00:20:35.281+0000] {logging_mixin.py:188} INFO - [2024-10-01T00:20:35.280+0000] {dag.py:3036} INFO - Sync 1 DAGs
[2024-10-01T00:20:35.350+0000] {logging_mixin.py:188} INFO - [2024-10-01T00:20:35.349+0000] {dag.py:3823} INFO - Setting next_dagrun for example_task_group to 2024-09-30 00:00:00+00:00, run_after=2024-10-01 00:00:00+00:00
[2024-10-01T00:20:35.414+0000] {processor.py:183} INFO - Processing /home/airflow/.local/lib/python3.8/site-packages/airflow/example_dags/example_task_group.py took 0.215 seconds
[2024-10-01T00:21:05.494+0000] {processor.py:161} INFO - Started process (PID=3335) to work on /home/airflow/.local/lib/python3.8/site-packages/airflow/example_dags/example_task_group.py
[2024-10-01T00:21:05.497+0000] {processor.py:830} INFO - Processing file /home/airflow/.local/lib/python3.8/site-packages/airflow/example_dags/example_task_group.py for tasks to queue
[2024-10-01T00:21:05.499+0000] {logging_mixin.py:188} INFO - [2024-10-01T00:21:05.499+0000] {dagbag.py:538} INFO - Filling up the DagBag from /home/airflow/.local/lib/python3.8/site-packages/airflow/example_dags/example_task_group.py
[2024-10-01T00:21:05.513+0000] {processor.py:840} INFO - DAG(s) 'example_task_group' retrieved from /home/airflow/.local/lib/python3.8/site-packages/airflow/example_dags/example_task_group.py
[2024-10-01T00:21:05.557+0000] {logging_mixin.py:188} INFO - [2024-10-01T00:21:05.556+0000] {dag.py:3036} INFO - Sync 1 DAGs
[2024-10-01T00:21:05.614+0000] {logging_mixin.py:188} INFO - [2024-10-01T00:21:05.613+0000] {dag.py:3823} INFO - Setting next_dagrun for example_task_group to 2024-09-30 00:00:00+00:00, run_after=2024-10-01 00:00:00+00:00
[2024-10-01T00:21:05.660+0000] {processor.py:183} INFO - Processing /home/airflow/.local/lib/python3.8/site-packages/airflow/example_dags/example_task_group.py took 0.172 seconds
[2024-10-01T00:21:36.631+0000] {processor.py:161} INFO - Started process (PID=3401) to work on /home/airflow/.local/lib/python3.8/site-packages/airflow/example_dags/example_task_group.py
[2024-10-01T00:21:36.636+0000] {processor.py:830} INFO - Processing file /home/airflow/.local/lib/python3.8/site-packages/airflow/example_dags/example_task_group.py for tasks to queue
[2024-10-01T00:21:36.640+0000] {logging_mixin.py:188} INFO - [2024-10-01T00:21:36.639+0000] {dagbag.py:538} INFO - Filling up the DagBag from /home/airflow/.local/lib/python3.8/site-packages/airflow/example_dags/example_task_group.py
[2024-10-01T00:21:36.654+0000] {processor.py:840} INFO - DAG(s) 'example_task_group' retrieved from /home/airflow/.local/lib/python3.8/site-packages/airflow/example_dags/example_task_group.py
[2024-10-01T00:21:36.702+0000] {logging_mixin.py:188} INFO - [2024-10-01T00:21:36.702+0000] {dag.py:3036} INFO - Sync 1 DAGs
[2024-10-01T00:21:36.749+0000] {logging_mixin.py:188} INFO - [2024-10-01T00:21:36.749+0000] {dag.py:3823} INFO - Setting next_dagrun for example_task_group to 2024-09-30 00:00:00+00:00, run_after=2024-10-01 00:00:00+00:00
[2024-10-01T00:21:36.795+0000] {processor.py:183} INFO - Processing /home/airflow/.local/lib/python3.8/site-packages/airflow/example_dags/example_task_group.py took 0.171 seconds
[2024-10-01T00:22:07.286+0000] {processor.py:161} INFO - Started process (PID=3467) to work on /home/airflow/.local/lib/python3.8/site-packages/airflow/example_dags/example_task_group.py
[2024-10-01T00:22:07.296+0000] {processor.py:830} INFO - Processing file /home/airflow/.local/lib/python3.8/site-packages/airflow/example_dags/example_task_group.py for tasks to queue
[2024-10-01T00:22:07.299+0000] {logging_mixin.py:188} INFO - [2024-10-01T00:22:07.298+0000] {dagbag.py:538} INFO - Filling up the DagBag from /home/airflow/.local/lib/python3.8/site-packages/airflow/example_dags/example_task_group.py
[2024-10-01T00:22:07.310+0000] {processor.py:840} INFO - DAG(s) 'example_task_group' retrieved from /home/airflow/.local/lib/python3.8/site-packages/airflow/example_dags/example_task_group.py
[2024-10-01T00:22:07.346+0000] {logging_mixin.py:188} INFO - [2024-10-01T00:22:07.346+0000] {dag.py:3036} INFO - Sync 1 DAGs
[2024-10-01T00:22:07.387+0000] {logging_mixin.py:188} INFO - [2024-10-01T00:22:07.386+0000] {dag.py:3823} INFO - Setting next_dagrun for example_task_group to 2024-09-30 00:00:00+00:00, run_after=2024-10-01 00:00:00+00:00
[2024-10-01T00:22:07.421+0000] {processor.py:183} INFO - Processing /home/airflow/.local/lib/python3.8/site-packages/airflow/example_dags/example_task_group.py took 0.140 seconds
[2024-10-01T00:22:37.865+0000] {processor.py:161} INFO - Started process (PID=3534) to work on /home/airflow/.local/lib/python3.8/site-packages/airflow/example_dags/example_task_group.py
[2024-10-01T00:22:37.867+0000] {processor.py:830} INFO - Processing file /home/airflow/.local/lib/python3.8/site-packages/airflow/example_dags/example_task_group.py for tasks to queue
[2024-10-01T00:22:37.870+0000] {logging_mixin.py:188} INFO - [2024-10-01T00:22:37.869+0000] {dagbag.py:538} INFO - Filling up the DagBag from /home/airflow/.local/lib/python3.8/site-packages/airflow/example_dags/example_task_group.py
[2024-10-01T00:22:37.881+0000] {processor.py:840} INFO - DAG(s) 'example_task_group' retrieved from /home/airflow/.local/lib/python3.8/site-packages/airflow/example_dags/example_task_group.py
[2024-10-01T00:22:37.921+0000] {logging_mixin.py:188} INFO - [2024-10-01T00:22:37.921+0000] {dag.py:3036} INFO - Sync 1 DAGs
[2024-10-01T00:22:37.964+0000] {logging_mixin.py:188} INFO - [2024-10-01T00:22:37.964+0000] {dag.py:3823} INFO - Setting next_dagrun for example_task_group to 2024-09-30 00:00:00+00:00, run_after=2024-10-01 00:00:00+00:00
[2024-10-01T00:22:38.002+0000] {processor.py:183} INFO - Processing /home/airflow/.local/lib/python3.8/site-packages/airflow/example_dags/example_task_group.py took 0.143 seconds
[2024-10-01T00:23:08.103+0000] {processor.py:161} INFO - Started process (PID=3601) to work on /home/airflow/.local/lib/python3.8/site-packages/airflow/example_dags/example_task_group.py
[2024-10-01T00:23:08.105+0000] {processor.py:830} INFO - Processing file /home/airflow/.local/lib/python3.8/site-packages/airflow/example_dags/example_task_group.py for tasks to queue
[2024-10-01T00:23:08.108+0000] {logging_mixin.py:188} INFO - [2024-10-01T00:23:08.108+0000] {dagbag.py:538} INFO - Filling up the DagBag from /home/airflow/.local/lib/python3.8/site-packages/airflow/example_dags/example_task_group.py
[2024-10-01T00:23:08.121+0000] {processor.py:840} INFO - DAG(s) 'example_task_group' retrieved from /home/airflow/.local/lib/python3.8/site-packages/airflow/example_dags/example_task_group.py
[2024-10-01T00:23:08.160+0000] {logging_mixin.py:188} INFO - [2024-10-01T00:23:08.160+0000] {dag.py:3036} INFO - Sync 1 DAGs
[2024-10-01T00:23:08.208+0000] {logging_mixin.py:188} INFO - [2024-10-01T00:23:08.207+0000] {dag.py:3823} INFO - Setting next_dagrun for example_task_group to 2024-09-30 00:00:00+00:00, run_after=2024-10-01 00:00:00+00:00
[2024-10-01T00:23:08.245+0000] {processor.py:183} INFO - Processing /home/airflow/.local/lib/python3.8/site-packages/airflow/example_dags/example_task_group.py took 0.148 seconds
[2024-10-01T00:23:38.291+0000] {processor.py:161} INFO - Started process (PID=3665) to work on /home/airflow/.local/lib/python3.8/site-packages/airflow/example_dags/example_task_group.py
[2024-10-01T00:23:38.294+0000] {processor.py:830} INFO - Processing file /home/airflow/.local/lib/python3.8/site-packages/airflow/example_dags/example_task_group.py for tasks to queue
[2024-10-01T00:23:38.298+0000] {logging_mixin.py:188} INFO - [2024-10-01T00:23:38.297+0000] {dagbag.py:538} INFO - Filling up the DagBag from /home/airflow/.local/lib/python3.8/site-packages/airflow/example_dags/example_task_group.py
[2024-10-01T00:23:38.315+0000] {processor.py:840} INFO - DAG(s) 'example_task_group' retrieved from /home/airflow/.local/lib/python3.8/site-packages/airflow/example_dags/example_task_group.py
[2024-10-01T00:23:38.363+0000] {logging_mixin.py:188} INFO - [2024-10-01T00:23:38.362+0000] {dag.py:3036} INFO - Sync 1 DAGs
[2024-10-01T00:23:38.405+0000] {logging_mixin.py:188} INFO - [2024-10-01T00:23:38.405+0000] {dag.py:3823} INFO - Setting next_dagrun for example_task_group to 2024-09-30 00:00:00+00:00, run_after=2024-10-01 00:00:00+00:00
[2024-10-01T00:23:38.438+0000] {processor.py:183} INFO - Processing /home/airflow/.local/lib/python3.8/site-packages/airflow/example_dags/example_task_group.py took 0.155 seconds
[2024-10-01T00:24:08.955+0000] {processor.py:161} INFO - Started process (PID=3731) to work on /home/airflow/.local/lib/python3.8/site-packages/airflow/example_dags/example_task_group.py
[2024-10-01T00:24:08.957+0000] {processor.py:830} INFO - Processing file /home/airflow/.local/lib/python3.8/site-packages/airflow/example_dags/example_task_group.py for tasks to queue
[2024-10-01T00:24:08.960+0000] {logging_mixin.py:188} INFO - [2024-10-01T00:24:08.959+0000] {dagbag.py:538} INFO - Filling up the DagBag from /home/airflow/.local/lib/python3.8/site-packages/airflow/example_dags/example_task_group.py
[2024-10-01T00:24:08.971+0000] {processor.py:840} INFO - DAG(s) 'example_task_group' retrieved from /home/airflow/.local/lib/python3.8/site-packages/airflow/example_dags/example_task_group.py
[2024-10-01T00:24:09.007+0000] {logging_mixin.py:188} INFO - [2024-10-01T00:24:09.007+0000] {dag.py:3036} INFO - Sync 1 DAGs
[2024-10-01T00:24:09.044+0000] {logging_mixin.py:188} INFO - [2024-10-01T00:24:09.044+0000] {dag.py:3823} INFO - Setting next_dagrun for example_task_group to 2024-09-30 00:00:00+00:00, run_after=2024-10-01 00:00:00+00:00
[2024-10-01T00:24:09.080+0000] {processor.py:183} INFO - Processing /home/airflow/.local/lib/python3.8/site-packages/airflow/example_dags/example_task_group.py took 0.131 seconds
[2024-10-01T00:24:39.352+0000] {processor.py:161} INFO - Started process (PID=3797) to work on /home/airflow/.local/lib/python3.8/site-packages/airflow/example_dags/example_task_group.py
[2024-10-01T00:24:39.368+0000] {processor.py:830} INFO - Processing file /home/airflow/.local/lib/python3.8/site-packages/airflow/example_dags/example_task_group.py for tasks to queue
[2024-10-01T00:24:39.376+0000] {logging_mixin.py:188} INFO - [2024-10-01T00:24:39.374+0000] {dagbag.py:538} INFO - Filling up the DagBag from /home/airflow/.local/lib/python3.8/site-packages/airflow/example_dags/example_task_group.py
[2024-10-01T00:24:39.409+0000] {processor.py:840} INFO - DAG(s) 'example_task_group' retrieved from /home/airflow/.local/lib/python3.8/site-packages/airflow/example_dags/example_task_group.py
[2024-10-01T00:24:39.493+0000] {logging_mixin.py:188} INFO - [2024-10-01T00:24:39.492+0000] {dag.py:3036} INFO - Sync 1 DAGs
[2024-10-01T00:24:39.573+0000] {logging_mixin.py:188} INFO - [2024-10-01T00:24:39.572+0000] {dag.py:3823} INFO - Setting next_dagrun for example_task_group to 2024-09-30 00:00:00+00:00, run_after=2024-10-01 00:00:00+00:00
[2024-10-01T00:24:39.638+0000] {processor.py:183} INFO - Processing /home/airflow/.local/lib/python3.8/site-packages/airflow/example_dags/example_task_group.py took 0.299 seconds
[2024-10-01T00:25:09.770+0000] {processor.py:161} INFO - Started process (PID=3863) to work on /home/airflow/.local/lib/python3.8/site-packages/airflow/example_dags/example_task_group.py
[2024-10-01T00:25:09.773+0000] {processor.py:830} INFO - Processing file /home/airflow/.local/lib/python3.8/site-packages/airflow/example_dags/example_task_group.py for tasks to queue
[2024-10-01T00:25:09.777+0000] {logging_mixin.py:188} INFO - [2024-10-01T00:25:09.776+0000] {dagbag.py:538} INFO - Filling up the DagBag from /home/airflow/.local/lib/python3.8/site-packages/airflow/example_dags/example_task_group.py
[2024-10-01T00:25:09.793+0000] {processor.py:840} INFO - DAG(s) 'example_task_group' retrieved from /home/airflow/.local/lib/python3.8/site-packages/airflow/example_dags/example_task_group.py
[2024-10-01T00:25:09.843+0000] {logging_mixin.py:188} INFO - [2024-10-01T00:25:09.842+0000] {dag.py:3036} INFO - Sync 1 DAGs
[2024-10-01T00:25:09.894+0000] {logging_mixin.py:188} INFO - [2024-10-01T00:25:09.894+0000] {dag.py:3823} INFO - Setting next_dagrun for example_task_group to 2024-09-30 00:00:00+00:00, run_after=2024-10-01 00:00:00+00:00
[2024-10-01T00:25:09.937+0000] {processor.py:183} INFO - Processing /home/airflow/.local/lib/python3.8/site-packages/airflow/example_dags/example_task_group.py took 0.174 seconds
[2024-10-01T00:25:40.172+0000] {processor.py:161} INFO - Started process (PID=3929) to work on /home/airflow/.local/lib/python3.8/site-packages/airflow/example_dags/example_task_group.py
[2024-10-01T00:25:40.174+0000] {processor.py:830} INFO - Processing file /home/airflow/.local/lib/python3.8/site-packages/airflow/example_dags/example_task_group.py for tasks to queue
[2024-10-01T00:25:40.178+0000] {logging_mixin.py:188} INFO - [2024-10-01T00:25:40.177+0000] {dagbag.py:538} INFO - Filling up the DagBag from /home/airflow/.local/lib/python3.8/site-packages/airflow/example_dags/example_task_group.py
[2024-10-01T00:25:40.195+0000] {processor.py:840} INFO - DAG(s) 'example_task_group' retrieved from /home/airflow/.local/lib/python3.8/site-packages/airflow/example_dags/example_task_group.py
[2024-10-01T00:25:40.243+0000] {logging_mixin.py:188} INFO - [2024-10-01T00:25:40.243+0000] {dag.py:3036} INFO - Sync 1 DAGs
[2024-10-01T00:25:40.294+0000] {logging_mixin.py:188} INFO - [2024-10-01T00:25:40.293+0000] {dag.py:3823} INFO - Setting next_dagrun for example_task_group to 2024-09-30 00:00:00+00:00, run_after=2024-10-01 00:00:00+00:00
[2024-10-01T00:25:40.343+0000] {processor.py:183} INFO - Processing /home/airflow/.local/lib/python3.8/site-packages/airflow/example_dags/example_task_group.py took 0.179 seconds
[2024-10-01T00:26:10.651+0000] {processor.py:161} INFO - Started process (PID=3995) to work on /home/airflow/.local/lib/python3.8/site-packages/airflow/example_dags/example_task_group.py
[2024-10-01T00:26:10.654+0000] {processor.py:830} INFO - Processing file /home/airflow/.local/lib/python3.8/site-packages/airflow/example_dags/example_task_group.py for tasks to queue
[2024-10-01T00:26:10.658+0000] {logging_mixin.py:188} INFO - [2024-10-01T00:26:10.657+0000] {dagbag.py:538} INFO - Filling up the DagBag from /home/airflow/.local/lib/python3.8/site-packages/airflow/example_dags/example_task_group.py
[2024-10-01T00:26:10.675+0000] {processor.py:840} INFO - DAG(s) 'example_task_group' retrieved from /home/airflow/.local/lib/python3.8/site-packages/airflow/example_dags/example_task_group.py
[2024-10-01T00:26:10.724+0000] {logging_mixin.py:188} INFO - [2024-10-01T00:26:10.723+0000] {dag.py:3036} INFO - Sync 1 DAGs
[2024-10-01T00:26:10.773+0000] {logging_mixin.py:188} INFO - [2024-10-01T00:26:10.773+0000] {dag.py:3823} INFO - Setting next_dagrun for example_task_group to 2024-09-30 00:00:00+00:00, run_after=2024-10-01 00:00:00+00:00
[2024-10-01T00:26:10.814+0000] {processor.py:183} INFO - Processing /home/airflow/.local/lib/python3.8/site-packages/airflow/example_dags/example_task_group.py took 0.170 seconds
[2024-10-01T00:26:41.293+0000] {processor.py:161} INFO - Started process (PID=4061) to work on /home/airflow/.local/lib/python3.8/site-packages/airflow/example_dags/example_task_group.py
[2024-10-01T00:26:41.296+0000] {processor.py:830} INFO - Processing file /home/airflow/.local/lib/python3.8/site-packages/airflow/example_dags/example_task_group.py for tasks to queue
[2024-10-01T00:26:41.302+0000] {logging_mixin.py:188} INFO - [2024-10-01T00:26:41.301+0000] {dagbag.py:538} INFO - Filling up the DagBag from /home/airflow/.local/lib/python3.8/site-packages/airflow/example_dags/example_task_group.py
[2024-10-01T00:26:41.326+0000] {processor.py:840} INFO - DAG(s) 'example_task_group' retrieved from /home/airflow/.local/lib/python3.8/site-packages/airflow/example_dags/example_task_group.py
[2024-10-01T00:26:41.398+0000] {logging_mixin.py:188} INFO - [2024-10-01T00:26:41.397+0000] {dag.py:3036} INFO - Sync 1 DAGs
[2024-10-01T00:26:41.471+0000] {logging_mixin.py:188} INFO - [2024-10-01T00:26:41.471+0000] {dag.py:3823} INFO - Setting next_dagrun for example_task_group to 2024-09-30 00:00:00+00:00, run_after=2024-10-01 00:00:00+00:00
[2024-10-01T00:26:41.526+0000] {processor.py:183} INFO - Processing /home/airflow/.local/lib/python3.8/site-packages/airflow/example_dags/example_task_group.py took 0.245 seconds
[2024-10-01T00:27:12.064+0000] {processor.py:161} INFO - Started process (PID=4126) to work on /home/airflow/.local/lib/python3.8/site-packages/airflow/example_dags/example_task_group.py
[2024-10-01T00:27:12.067+0000] {processor.py:830} INFO - Processing file /home/airflow/.local/lib/python3.8/site-packages/airflow/example_dags/example_task_group.py for tasks to queue
[2024-10-01T00:27:12.070+0000] {logging_mixin.py:188} INFO - [2024-10-01T00:27:12.069+0000] {dagbag.py:538} INFO - Filling up the DagBag from /home/airflow/.local/lib/python3.8/site-packages/airflow/example_dags/example_task_group.py
[2024-10-01T00:27:12.083+0000] {processor.py:840} INFO - DAG(s) 'example_task_group' retrieved from /home/airflow/.local/lib/python3.8/site-packages/airflow/example_dags/example_task_group.py
[2024-10-01T00:27:12.122+0000] {logging_mixin.py:188} INFO - [2024-10-01T00:27:12.122+0000] {dag.py:3036} INFO - Sync 1 DAGs
[2024-10-01T00:27:12.163+0000] {logging_mixin.py:188} INFO - [2024-10-01T00:27:12.162+0000] {dag.py:3823} INFO - Setting next_dagrun for example_task_group to 2024-09-30 00:00:00+00:00, run_after=2024-10-01 00:00:00+00:00
[2024-10-01T00:27:12.199+0000] {processor.py:183} INFO - Processing /home/airflow/.local/lib/python3.8/site-packages/airflow/example_dags/example_task_group.py took 0.141 seconds
[2024-10-01T00:27:42.766+0000] {processor.py:161} INFO - Started process (PID=4192) to work on /home/airflow/.local/lib/python3.8/site-packages/airflow/example_dags/example_task_group.py
[2024-10-01T00:27:42.770+0000] {processor.py:830} INFO - Processing file /home/airflow/.local/lib/python3.8/site-packages/airflow/example_dags/example_task_group.py for tasks to queue
[2024-10-01T00:27:42.775+0000] {logging_mixin.py:188} INFO - [2024-10-01T00:27:42.774+0000] {dagbag.py:538} INFO - Filling up the DagBag from /home/airflow/.local/lib/python3.8/site-packages/airflow/example_dags/example_task_group.py
[2024-10-01T00:27:42.798+0000] {processor.py:840} INFO - DAG(s) 'example_task_group' retrieved from /home/airflow/.local/lib/python3.8/site-packages/airflow/example_dags/example_task_group.py
[2024-10-01T00:27:42.872+0000] {logging_mixin.py:188} INFO - [2024-10-01T00:27:42.871+0000] {dag.py:3036} INFO - Sync 1 DAGs
[2024-10-01T00:27:42.970+0000] {logging_mixin.py:188} INFO - [2024-10-01T00:27:42.969+0000] {dag.py:3823} INFO - Setting next_dagrun for example_task_group to 2024-09-30 00:00:00+00:00, run_after=2024-10-01 00:00:00+00:00
[2024-10-01T00:27:43.048+0000] {processor.py:183} INFO - Processing /home/airflow/.local/lib/python3.8/site-packages/airflow/example_dags/example_task_group.py took 0.292 seconds
[2024-10-01T00:28:14.015+0000] {processor.py:161} INFO - Started process (PID=4251) to work on /home/airflow/.local/lib/python3.8/site-packages/airflow/example_dags/example_task_group.py
[2024-10-01T00:28:14.018+0000] {processor.py:830} INFO - Processing file /home/airflow/.local/lib/python3.8/site-packages/airflow/example_dags/example_task_group.py for tasks to queue
[2024-10-01T00:28:14.024+0000] {logging_mixin.py:188} INFO - [2024-10-01T00:28:14.023+0000] {dagbag.py:538} INFO - Filling up the DagBag from /home/airflow/.local/lib/python3.8/site-packages/airflow/example_dags/example_task_group.py
[2024-10-01T00:28:14.047+0000] {processor.py:840} INFO - DAG(s) 'example_task_group' retrieved from /home/airflow/.local/lib/python3.8/site-packages/airflow/example_dags/example_task_group.py
[2024-10-01T00:28:14.116+0000] {logging_mixin.py:188} INFO - [2024-10-01T00:28:14.115+0000] {dag.py:3036} INFO - Sync 1 DAGs
[2024-10-01T00:28:14.186+0000] {logging_mixin.py:188} INFO - [2024-10-01T00:28:14.185+0000] {dag.py:3823} INFO - Setting next_dagrun for example_task_group to 2024-09-30 00:00:00+00:00, run_after=2024-10-01 00:00:00+00:00
[2024-10-01T00:28:14.243+0000] {processor.py:183} INFO - Processing /home/airflow/.local/lib/python3.8/site-packages/airflow/example_dags/example_task_group.py took 0.238 seconds
[2024-10-01T00:28:45.232+0000] {processor.py:161} INFO - Started process (PID=4317) to work on /home/airflow/.local/lib/python3.8/site-packages/airflow/example_dags/example_task_group.py
[2024-10-01T00:28:45.236+0000] {processor.py:830} INFO - Processing file /home/airflow/.local/lib/python3.8/site-packages/airflow/example_dags/example_task_group.py for tasks to queue
[2024-10-01T00:28:45.246+0000] {logging_mixin.py:188} INFO - [2024-10-01T00:28:45.244+0000] {dagbag.py:538} INFO - Filling up the DagBag from /home/airflow/.local/lib/python3.8/site-packages/airflow/example_dags/example_task_group.py
[2024-10-01T00:28:45.289+0000] {processor.py:840} INFO - DAG(s) 'example_task_group' retrieved from /home/airflow/.local/lib/python3.8/site-packages/airflow/example_dags/example_task_group.py
[2024-10-01T00:28:45.387+0000] {logging_mixin.py:188} INFO - [2024-10-01T00:28:45.386+0000] {dag.py:3036} INFO - Sync 1 DAGs
[2024-10-01T00:28:45.503+0000] {logging_mixin.py:188} INFO - [2024-10-01T00:28:45.502+0000] {dag.py:3823} INFO - Setting next_dagrun for example_task_group to 2024-09-30 00:00:00+00:00, run_after=2024-10-01 00:00:00+00:00
[2024-10-01T00:28:45.595+0000] {processor.py:183} INFO - Processing /home/airflow/.local/lib/python3.8/site-packages/airflow/example_dags/example_task_group.py took 0.379 seconds
[2024-10-01T00:29:16.401+0000] {processor.py:161} INFO - Started process (PID=4383) to work on /home/airflow/.local/lib/python3.8/site-packages/airflow/example_dags/example_task_group.py
[2024-10-01T00:29:16.404+0000] {processor.py:830} INFO - Processing file /home/airflow/.local/lib/python3.8/site-packages/airflow/example_dags/example_task_group.py for tasks to queue
[2024-10-01T00:29:16.408+0000] {logging_mixin.py:188} INFO - [2024-10-01T00:29:16.407+0000] {dagbag.py:538} INFO - Filling up the DagBag from /home/airflow/.local/lib/python3.8/site-packages/airflow/example_dags/example_task_group.py
[2024-10-01T00:29:16.423+0000] {processor.py:840} INFO - DAG(s) 'example_task_group' retrieved from /home/airflow/.local/lib/python3.8/site-packages/airflow/example_dags/example_task_group.py
[2024-10-01T00:29:16.477+0000] {logging_mixin.py:188} INFO - [2024-10-01T00:29:16.476+0000] {dag.py:3036} INFO - Sync 1 DAGs
[2024-10-01T00:29:16.537+0000] {logging_mixin.py:188} INFO - [2024-10-01T00:29:16.536+0000] {dag.py:3823} INFO - Setting next_dagrun for example_task_group to 2024-09-30 00:00:00+00:00, run_after=2024-10-01 00:00:00+00:00
[2024-10-01T00:29:16.584+0000] {processor.py:183} INFO - Processing /home/airflow/.local/lib/python3.8/site-packages/airflow/example_dags/example_task_group.py took 0.190 seconds
[2024-10-01T00:29:46.814+0000] {processor.py:161} INFO - Started process (PID=4449) to work on /home/airflow/.local/lib/python3.8/site-packages/airflow/example_dags/example_task_group.py
[2024-10-01T00:29:46.838+0000] {processor.py:830} INFO - Processing file /home/airflow/.local/lib/python3.8/site-packages/airflow/example_dags/example_task_group.py for tasks to queue
[2024-10-01T00:29:46.843+0000] {logging_mixin.py:188} INFO - [2024-10-01T00:29:46.842+0000] {dagbag.py:538} INFO - Filling up the DagBag from /home/airflow/.local/lib/python3.8/site-packages/airflow/example_dags/example_task_group.py
[2024-10-01T00:29:46.862+0000] {processor.py:840} INFO - DAG(s) 'example_task_group' retrieved from /home/airflow/.local/lib/python3.8/site-packages/airflow/example_dags/example_task_group.py
[2024-10-01T00:29:46.924+0000] {logging_mixin.py:188} INFO - [2024-10-01T00:29:46.924+0000] {dag.py:3036} INFO - Sync 1 DAGs
[2024-10-01T00:29:46.986+0000] {logging_mixin.py:188} INFO - [2024-10-01T00:29:46.985+0000] {dag.py:3823} INFO - Setting next_dagrun for example_task_group to 2024-09-30 00:00:00+00:00, run_after=2024-10-01 00:00:00+00:00
[2024-10-01T00:29:47.036+0000] {processor.py:183} INFO - Processing /home/airflow/.local/lib/python3.8/site-packages/airflow/example_dags/example_task_group.py took 0.229 seconds
[2024-10-01T00:30:17.320+0000] {processor.py:161} INFO - Started process (PID=4515) to work on /home/airflow/.local/lib/python3.8/site-packages/airflow/example_dags/example_task_group.py
[2024-10-01T00:30:17.322+0000] {processor.py:830} INFO - Processing file /home/airflow/.local/lib/python3.8/site-packages/airflow/example_dags/example_task_group.py for tasks to queue
[2024-10-01T00:30:17.326+0000] {logging_mixin.py:188} INFO - [2024-10-01T00:30:17.325+0000] {dagbag.py:538} INFO - Filling up the DagBag from /home/airflow/.local/lib/python3.8/site-packages/airflow/example_dags/example_task_group.py
[2024-10-01T00:30:17.341+0000] {processor.py:840} INFO - DAG(s) 'example_task_group' retrieved from /home/airflow/.local/lib/python3.8/site-packages/airflow/example_dags/example_task_group.py
[2024-10-01T00:30:17.397+0000] {logging_mixin.py:188} INFO - [2024-10-01T00:30:17.396+0000] {dag.py:3036} INFO - Sync 1 DAGs
[2024-10-01T00:30:17.457+0000] {logging_mixin.py:188} INFO - [2024-10-01T00:30:17.457+0000] {dag.py:3823} INFO - Setting next_dagrun for example_task_group to 2024-09-30 00:00:00+00:00, run_after=2024-10-01 00:00:00+00:00
[2024-10-01T00:30:17.509+0000] {processor.py:183} INFO - Processing /home/airflow/.local/lib/python3.8/site-packages/airflow/example_dags/example_task_group.py took 0.197 seconds
[2024-10-01T00:30:47.621+0000] {processor.py:161} INFO - Started process (PID=4581) to work on /home/airflow/.local/lib/python3.8/site-packages/airflow/example_dags/example_task_group.py
[2024-10-01T00:30:47.626+0000] {processor.py:830} INFO - Processing file /home/airflow/.local/lib/python3.8/site-packages/airflow/example_dags/example_task_group.py for tasks to queue
[2024-10-01T00:30:47.637+0000] {logging_mixin.py:188} INFO - [2024-10-01T00:30:47.636+0000] {dagbag.py:538} INFO - Filling up the DagBag from /home/airflow/.local/lib/python3.8/site-packages/airflow/example_dags/example_task_group.py
[2024-10-01T00:30:47.664+0000] {processor.py:840} INFO - DAG(s) 'example_task_group' retrieved from /home/airflow/.local/lib/python3.8/site-packages/airflow/example_dags/example_task_group.py
[2024-10-01T00:30:47.731+0000] {logging_mixin.py:188} INFO - [2024-10-01T00:30:47.730+0000] {dag.py:3036} INFO - Sync 1 DAGs
[2024-10-01T00:30:47.805+0000] {logging_mixin.py:188} INFO - [2024-10-01T00:30:47.804+0000] {dag.py:3823} INFO - Setting next_dagrun for example_task_group to 2024-09-30 00:00:00+00:00, run_after=2024-10-01 00:00:00+00:00
[2024-10-01T00:30:47.858+0000] {processor.py:183} INFO - Processing /home/airflow/.local/lib/python3.8/site-packages/airflow/example_dags/example_task_group.py took 0.249 seconds
[2024-10-01T00:31:18.618+0000] {processor.py:161} INFO - Started process (PID=4646) to work on /home/airflow/.local/lib/python3.8/site-packages/airflow/example_dags/example_task_group.py
[2024-10-01T00:31:18.622+0000] {processor.py:830} INFO - Processing file /home/airflow/.local/lib/python3.8/site-packages/airflow/example_dags/example_task_group.py for tasks to queue
[2024-10-01T00:31:18.628+0000] {logging_mixin.py:188} INFO - [2024-10-01T00:31:18.627+0000] {dagbag.py:538} INFO - Filling up the DagBag from /home/airflow/.local/lib/python3.8/site-packages/airflow/example_dags/example_task_group.py
[2024-10-01T00:31:18.657+0000] {processor.py:840} INFO - DAG(s) 'example_task_group' retrieved from /home/airflow/.local/lib/python3.8/site-packages/airflow/example_dags/example_task_group.py
[2024-10-01T00:31:18.751+0000] {logging_mixin.py:188} INFO - [2024-10-01T00:31:18.750+0000] {dag.py:3036} INFO - Sync 1 DAGs
[2024-10-01T00:31:18.858+0000] {logging_mixin.py:188} INFO - [2024-10-01T00:31:18.857+0000] {dag.py:3823} INFO - Setting next_dagrun for example_task_group to 2024-09-30 00:00:00+00:00, run_after=2024-10-01 00:00:00+00:00
[2024-10-01T00:31:18.945+0000] {processor.py:183} INFO - Processing /home/airflow/.local/lib/python3.8/site-packages/airflow/example_dags/example_task_group.py took 0.341 seconds
[2024-10-01T00:31:49.397+0000] {processor.py:161} INFO - Started process (PID=4705) to work on /home/airflow/.local/lib/python3.8/site-packages/airflow/example_dags/example_task_group.py
[2024-10-01T00:31:49.400+0000] {processor.py:830} INFO - Processing file /home/airflow/.local/lib/python3.8/site-packages/airflow/example_dags/example_task_group.py for tasks to queue
[2024-10-01T00:31:49.404+0000] {logging_mixin.py:188} INFO - [2024-10-01T00:31:49.403+0000] {dagbag.py:538} INFO - Filling up the DagBag from /home/airflow/.local/lib/python3.8/site-packages/airflow/example_dags/example_task_group.py
[2024-10-01T00:31:49.421+0000] {processor.py:840} INFO - DAG(s) 'example_task_group' retrieved from /home/airflow/.local/lib/python3.8/site-packages/airflow/example_dags/example_task_group.py
[2024-10-01T00:31:49.483+0000] {logging_mixin.py:188} INFO - [2024-10-01T00:31:49.482+0000] {dag.py:3036} INFO - Sync 1 DAGs
[2024-10-01T00:31:49.569+0000] {logging_mixin.py:188} INFO - [2024-10-01T00:31:49.569+0000] {dag.py:3823} INFO - Setting next_dagrun for example_task_group to 2024-09-30 00:00:00+00:00, run_after=2024-10-01 00:00:00+00:00
[2024-10-01T00:31:49.637+0000] {processor.py:183} INFO - Processing /home/airflow/.local/lib/python3.8/site-packages/airflow/example_dags/example_task_group.py took 0.247 seconds
[2024-10-01T00:32:19.849+0000] {processor.py:161} INFO - Started process (PID=4771) to work on /home/airflow/.local/lib/python3.8/site-packages/airflow/example_dags/example_task_group.py
[2024-10-01T00:32:19.853+0000] {processor.py:830} INFO - Processing file /home/airflow/.local/lib/python3.8/site-packages/airflow/example_dags/example_task_group.py for tasks to queue
[2024-10-01T00:32:19.859+0000] {logging_mixin.py:188} INFO - [2024-10-01T00:32:19.858+0000] {dagbag.py:538} INFO - Filling up the DagBag from /home/airflow/.local/lib/python3.8/site-packages/airflow/example_dags/example_task_group.py
[2024-10-01T00:32:19.891+0000] {processor.py:840} INFO - DAG(s) 'example_task_group' retrieved from /home/airflow/.local/lib/python3.8/site-packages/airflow/example_dags/example_task_group.py
[2024-10-01T00:32:19.970+0000] {logging_mixin.py:188} INFO - [2024-10-01T00:32:19.969+0000] {dag.py:3036} INFO - Sync 1 DAGs
[2024-10-01T00:32:20.058+0000] {logging_mixin.py:188} INFO - [2024-10-01T00:32:20.057+0000] {dag.py:3823} INFO - Setting next_dagrun for example_task_group to 2024-09-30 00:00:00+00:00, run_after=2024-10-01 00:00:00+00:00
[2024-10-01T00:32:20.148+0000] {processor.py:183} INFO - Processing /home/airflow/.local/lib/python3.8/site-packages/airflow/example_dags/example_task_group.py took 0.311 seconds
[2024-10-01T00:32:51.041+0000] {processor.py:161} INFO - Started process (PID=4829) to work on /home/airflow/.local/lib/python3.8/site-packages/airflow/example_dags/example_task_group.py
[2024-10-01T00:32:51.043+0000] {processor.py:830} INFO - Processing file /home/airflow/.local/lib/python3.8/site-packages/airflow/example_dags/example_task_group.py for tasks to queue
[2024-10-01T00:32:51.047+0000] {logging_mixin.py:188} INFO - [2024-10-01T00:32:51.046+0000] {dagbag.py:538} INFO - Filling up the DagBag from /home/airflow/.local/lib/python3.8/site-packages/airflow/example_dags/example_task_group.py
[2024-10-01T00:32:51.062+0000] {processor.py:840} INFO - DAG(s) 'example_task_group' retrieved from /home/airflow/.local/lib/python3.8/site-packages/airflow/example_dags/example_task_group.py
[2024-10-01T00:32:51.110+0000] {logging_mixin.py:188} INFO - [2024-10-01T00:32:51.109+0000] {dag.py:3036} INFO - Sync 1 DAGs
[2024-10-01T00:32:51.168+0000] {logging_mixin.py:188} INFO - [2024-10-01T00:32:51.167+0000] {dag.py:3823} INFO - Setting next_dagrun for example_task_group to 2024-09-30 00:00:00+00:00, run_after=2024-10-01 00:00:00+00:00
[2024-10-01T00:32:51.219+0000] {processor.py:183} INFO - Processing /home/airflow/.local/lib/python3.8/site-packages/airflow/example_dags/example_task_group.py took 0.186 seconds
[2024-10-01T00:33:21.553+0000] {processor.py:161} INFO - Started process (PID=4896) to work on /home/airflow/.local/lib/python3.8/site-packages/airflow/example_dags/example_task_group.py
[2024-10-01T00:33:21.555+0000] {processor.py:830} INFO - Processing file /home/airflow/.local/lib/python3.8/site-packages/airflow/example_dags/example_task_group.py for tasks to queue
[2024-10-01T00:33:21.558+0000] {logging_mixin.py:188} INFO - [2024-10-01T00:33:21.558+0000] {dagbag.py:538} INFO - Filling up the DagBag from /home/airflow/.local/lib/python3.8/site-packages/airflow/example_dags/example_task_group.py
[2024-10-01T00:33:21.572+0000] {processor.py:840} INFO - DAG(s) 'example_task_group' retrieved from /home/airflow/.local/lib/python3.8/site-packages/airflow/example_dags/example_task_group.py
[2024-10-01T00:33:21.613+0000] {logging_mixin.py:188} INFO - [2024-10-01T00:33:21.613+0000] {dag.py:3036} INFO - Sync 1 DAGs
[2024-10-01T00:33:21.656+0000] {logging_mixin.py:188} INFO - [2024-10-01T00:33:21.656+0000] {dag.py:3823} INFO - Setting next_dagrun for example_task_group to 2024-09-30 00:00:00+00:00, run_after=2024-10-01 00:00:00+00:00
[2024-10-01T00:33:21.694+0000] {processor.py:183} INFO - Processing /home/airflow/.local/lib/python3.8/site-packages/airflow/example_dags/example_task_group.py took 0.147 seconds
[2024-10-01T00:33:53.432+0000] {processor.py:161} INFO - Started process (PID=4963) to work on /home/airflow/.local/lib/python3.8/site-packages/airflow/example_dags/example_task_group.py
[2024-10-01T00:33:53.463+0000] {processor.py:830} INFO - Processing file /home/airflow/.local/lib/python3.8/site-packages/airflow/example_dags/example_task_group.py for tasks to queue
[2024-10-01T00:33:53.480+0000] {logging_mixin.py:188} INFO - [2024-10-01T00:33:53.477+0000] {dagbag.py:538} INFO - Filling up the DagBag from /home/airflow/.local/lib/python3.8/site-packages/airflow/example_dags/example_task_group.py
[2024-10-01T00:33:53.586+0000] {processor.py:840} INFO - DAG(s) 'example_task_group' retrieved from /home/airflow/.local/lib/python3.8/site-packages/airflow/example_dags/example_task_group.py
[2024-10-01T00:33:53.835+0000] {logging_mixin.py:188} INFO - [2024-10-01T00:33:53.833+0000] {dag.py:3036} INFO - Sync 1 DAGs
[2024-10-01T00:33:54.147+0000] {logging_mixin.py:188} INFO - [2024-10-01T00:33:54.138+0000] {dag.py:3823} INFO - Setting next_dagrun for example_task_group to 2024-09-30 00:00:00+00:00, run_after=2024-10-01 00:00:00+00:00
[2024-10-01T00:33:54.352+0000] {processor.py:183} INFO - Processing /home/airflow/.local/lib/python3.8/site-packages/airflow/example_dags/example_task_group.py took 0.960 seconds
[2024-10-01T00:34:24.593+0000] {processor.py:161} INFO - Started process (PID=5029) to work on /home/airflow/.local/lib/python3.8/site-packages/airflow/example_dags/example_task_group.py
[2024-10-01T00:34:24.596+0000] {processor.py:830} INFO - Processing file /home/airflow/.local/lib/python3.8/site-packages/airflow/example_dags/example_task_group.py for tasks to queue
[2024-10-01T00:34:24.600+0000] {logging_mixin.py:188} INFO - [2024-10-01T00:34:24.599+0000] {dagbag.py:538} INFO - Filling up the DagBag from /home/airflow/.local/lib/python3.8/site-packages/airflow/example_dags/example_task_group.py
[2024-10-01T00:34:24.618+0000] {processor.py:840} INFO - DAG(s) 'example_task_group' retrieved from /home/airflow/.local/lib/python3.8/site-packages/airflow/example_dags/example_task_group.py
[2024-10-01T00:34:24.671+0000] {logging_mixin.py:188} INFO - [2024-10-01T00:34:24.671+0000] {dag.py:3036} INFO - Sync 1 DAGs
[2024-10-01T00:34:24.730+0000] {logging_mixin.py:188} INFO - [2024-10-01T00:34:24.730+0000] {dag.py:3823} INFO - Setting next_dagrun for example_task_group to 2024-09-30 00:00:00+00:00, run_after=2024-10-01 00:00:00+00:00
[2024-10-01T00:34:24.790+0000] {processor.py:183} INFO - Processing /home/airflow/.local/lib/python3.8/site-packages/airflow/example_dags/example_task_group.py took 0.206 seconds
