[2024-10-01T00:00:29.687+0000] {processor.py:161} INFO - Started process (PID=810) to work on /home/airflow/.local/lib/python3.8/site-packages/airflow/example_dags/example_sla_dag.py
[2024-10-01T00:00:29.689+0000] {processor.py:830} INFO - Processing file /home/airflow/.local/lib/python3.8/site-packages/airflow/example_dags/example_sla_dag.py for tasks to queue
[2024-10-01T00:00:29.693+0000] {logging_mixin.py:188} INFO - [2024-10-01T00:00:29.693+0000] {dagbag.py:538} INFO - Filling up the DagBag from /home/airflow/.local/lib/python3.8/site-packages/airflow/example_dags/example_sla_dag.py
[2024-10-01T00:00:29.715+0000] {processor.py:840} INFO - DAG(s) 'example_sla_dag' retrieved from /home/airflow/.local/lib/python3.8/site-packages/airflow/example_dags/example_sla_dag.py
[2024-10-01T00:00:29.767+0000] {logging_mixin.py:188} INFO - [2024-10-01T00:00:29.766+0000] {dag.py:3036} INFO - Sync 1 DAGs
[2024-10-01T00:00:29.845+0000] {logging_mixin.py:188} INFO - [2024-10-01T00:00:29.844+0000] {dag.py:3823} INFO - Setting next_dagrun for example_sla_dag to 2024-09-30 23:58:00+00:00, run_after=2024-10-01 00:00:00+00:00
[2024-10-01T00:00:29.898+0000] {processor.py:183} INFO - Processing /home/airflow/.local/lib/python3.8/site-packages/airflow/example_dags/example_sla_dag.py took 0.219 seconds
[2024-10-01T00:01:00.217+0000] {processor.py:161} INFO - Started process (PID=876) to work on /home/airflow/.local/lib/python3.8/site-packages/airflow/example_dags/example_sla_dag.py
[2024-10-01T00:01:00.223+0000] {processor.py:830} INFO - Processing file /home/airflow/.local/lib/python3.8/site-packages/airflow/example_dags/example_sla_dag.py for tasks to queue
[2024-10-01T00:01:00.234+0000] {logging_mixin.py:188} INFO - [2024-10-01T00:01:00.232+0000] {dagbag.py:538} INFO - Filling up the DagBag from /home/airflow/.local/lib/python3.8/site-packages/airflow/example_dags/example_sla_dag.py
[2024-10-01T00:01:00.273+0000] {processor.py:840} INFO - DAG(s) 'example_sla_dag' retrieved from /home/airflow/.local/lib/python3.8/site-packages/airflow/example_dags/example_sla_dag.py
[2024-10-01T00:01:00.356+0000] {logging_mixin.py:188} INFO - [2024-10-01T00:01:00.355+0000] {dag.py:3036} INFO - Sync 1 DAGs
[2024-10-01T00:01:00.497+0000] {logging_mixin.py:188} INFO - [2024-10-01T00:01:00.495+0000] {dag.py:3823} INFO - Setting next_dagrun for example_sla_dag to 2024-09-30 23:58:00+00:00, run_after=2024-10-01 00:00:00+00:00
[2024-10-01T00:01:00.618+0000] {processor.py:183} INFO - Processing /home/airflow/.local/lib/python3.8/site-packages/airflow/example_dags/example_sla_dag.py took 0.427 seconds
[2024-10-01T00:01:31.236+0000] {processor.py:161} INFO - Started process (PID=934) to work on /home/airflow/.local/lib/python3.8/site-packages/airflow/example_dags/example_sla_dag.py
[2024-10-01T00:01:31.237+0000] {processor.py:830} INFO - Processing file /home/airflow/.local/lib/python3.8/site-packages/airflow/example_dags/example_sla_dag.py for tasks to queue
[2024-10-01T00:01:31.240+0000] {logging_mixin.py:188} INFO - [2024-10-01T00:01:31.239+0000] {dagbag.py:538} INFO - Filling up the DagBag from /home/airflow/.local/lib/python3.8/site-packages/airflow/example_dags/example_sla_dag.py
[2024-10-01T00:01:31.254+0000] {processor.py:840} INFO - DAG(s) 'example_sla_dag' retrieved from /home/airflow/.local/lib/python3.8/site-packages/airflow/example_dags/example_sla_dag.py
[2024-10-01T00:01:31.287+0000] {logging_mixin.py:188} INFO - [2024-10-01T00:01:31.287+0000] {dag.py:3036} INFO - Sync 1 DAGs
[2024-10-01T00:01:31.344+0000] {logging_mixin.py:188} INFO - [2024-10-01T00:01:31.344+0000] {dag.py:3823} INFO - Setting next_dagrun for example_sla_dag to 2024-09-30 23:58:00+00:00, run_after=2024-10-01 00:00:00+00:00
[2024-10-01T00:01:31.384+0000] {processor.py:183} INFO - Processing /home/airflow/.local/lib/python3.8/site-packages/airflow/example_dags/example_sla_dag.py took 0.154 seconds
[2024-10-01T00:02:01.773+0000] {processor.py:161} INFO - Started process (PID=1000) to work on /home/airflow/.local/lib/python3.8/site-packages/airflow/example_dags/example_sla_dag.py
[2024-10-01T00:02:01.776+0000] {processor.py:830} INFO - Processing file /home/airflow/.local/lib/python3.8/site-packages/airflow/example_dags/example_sla_dag.py for tasks to queue
[2024-10-01T00:02:01.780+0000] {logging_mixin.py:188} INFO - [2024-10-01T00:02:01.780+0000] {dagbag.py:538} INFO - Filling up the DagBag from /home/airflow/.local/lib/python3.8/site-packages/airflow/example_dags/example_sla_dag.py
[2024-10-01T00:02:01.801+0000] {processor.py:840} INFO - DAG(s) 'example_sla_dag' retrieved from /home/airflow/.local/lib/python3.8/site-packages/airflow/example_dags/example_sla_dag.py
[2024-10-01T00:02:01.844+0000] {logging_mixin.py:188} INFO - [2024-10-01T00:02:01.843+0000] {dag.py:3036} INFO - Sync 1 DAGs
[2024-10-01T00:02:01.902+0000] {logging_mixin.py:188} INFO - [2024-10-01T00:02:01.902+0000] {dag.py:3823} INFO - Setting next_dagrun for example_sla_dag to 2024-10-01 00:00:00+00:00, run_after=2024-10-01 00:02:00+00:00
[2024-10-01T00:02:01.945+0000] {processor.py:183} INFO - Processing /home/airflow/.local/lib/python3.8/site-packages/airflow/example_dags/example_sla_dag.py took 0.180 seconds
[2024-10-01T00:02:32.293+0000] {processor.py:161} INFO - Started process (PID=1064) to work on /home/airflow/.local/lib/python3.8/site-packages/airflow/example_dags/example_sla_dag.py
[2024-10-01T00:02:32.295+0000] {processor.py:830} INFO - Processing file /home/airflow/.local/lib/python3.8/site-packages/airflow/example_dags/example_sla_dag.py for tasks to queue
[2024-10-01T00:02:32.299+0000] {logging_mixin.py:188} INFO - [2024-10-01T00:02:32.298+0000] {dagbag.py:538} INFO - Filling up the DagBag from /home/airflow/.local/lib/python3.8/site-packages/airflow/example_dags/example_sla_dag.py
[2024-10-01T00:02:32.315+0000] {processor.py:840} INFO - DAG(s) 'example_sla_dag' retrieved from /home/airflow/.local/lib/python3.8/site-packages/airflow/example_dags/example_sla_dag.py
[2024-10-01T00:02:32.352+0000] {logging_mixin.py:188} INFO - [2024-10-01T00:02:32.352+0000] {dag.py:3036} INFO - Sync 1 DAGs
[2024-10-01T00:02:32.402+0000] {logging_mixin.py:188} INFO - [2024-10-01T00:02:32.401+0000] {dag.py:3823} INFO - Setting next_dagrun for example_sla_dag to 2024-10-01 00:00:00+00:00, run_after=2024-10-01 00:02:00+00:00
[2024-10-01T00:02:32.437+0000] {processor.py:183} INFO - Processing /home/airflow/.local/lib/python3.8/site-packages/airflow/example_dags/example_sla_dag.py took 0.150 seconds
[2024-10-01T00:03:02.804+0000] {processor.py:161} INFO - Started process (PID=1130) to work on /home/airflow/.local/lib/python3.8/site-packages/airflow/example_dags/example_sla_dag.py
[2024-10-01T00:03:02.809+0000] {processor.py:830} INFO - Processing file /home/airflow/.local/lib/python3.8/site-packages/airflow/example_dags/example_sla_dag.py for tasks to queue
[2024-10-01T00:03:02.816+0000] {logging_mixin.py:188} INFO - [2024-10-01T00:03:02.815+0000] {dagbag.py:538} INFO - Filling up the DagBag from /home/airflow/.local/lib/python3.8/site-packages/airflow/example_dags/example_sla_dag.py
[2024-10-01T00:03:02.852+0000] {processor.py:840} INFO - DAG(s) 'example_sla_dag' retrieved from /home/airflow/.local/lib/python3.8/site-packages/airflow/example_dags/example_sla_dag.py
[2024-10-01T00:03:02.937+0000] {logging_mixin.py:188} INFO - [2024-10-01T00:03:02.936+0000] {dag.py:3036} INFO - Sync 1 DAGs
[2024-10-01T00:03:03.040+0000] {logging_mixin.py:188} INFO - [2024-10-01T00:03:03.040+0000] {dag.py:3823} INFO - Setting next_dagrun for example_sla_dag to 2024-10-01 00:00:00+00:00, run_after=2024-10-01 00:02:00+00:00
[2024-10-01T00:03:03.112+0000] {processor.py:183} INFO - Processing /home/airflow/.local/lib/python3.8/site-packages/airflow/example_dags/example_sla_dag.py took 0.329 seconds
[2024-10-01T00:03:33.561+0000] {processor.py:161} INFO - Started process (PID=1196) to work on /home/airflow/.local/lib/python3.8/site-packages/airflow/example_dags/example_sla_dag.py
[2024-10-01T00:03:33.563+0000] {processor.py:830} INFO - Processing file /home/airflow/.local/lib/python3.8/site-packages/airflow/example_dags/example_sla_dag.py for tasks to queue
[2024-10-01T00:03:33.566+0000] {logging_mixin.py:188} INFO - [2024-10-01T00:03:33.566+0000] {dagbag.py:538} INFO - Filling up the DagBag from /home/airflow/.local/lib/python3.8/site-packages/airflow/example_dags/example_sla_dag.py
[2024-10-01T00:03:33.582+0000] {processor.py:840} INFO - DAG(s) 'example_sla_dag' retrieved from /home/airflow/.local/lib/python3.8/site-packages/airflow/example_dags/example_sla_dag.py
[2024-10-01T00:03:33.616+0000] {logging_mixin.py:188} INFO - [2024-10-01T00:03:33.616+0000] {dag.py:3036} INFO - Sync 1 DAGs
[2024-10-01T00:03:33.664+0000] {logging_mixin.py:188} INFO - [2024-10-01T00:03:33.663+0000] {dag.py:3823} INFO - Setting next_dagrun for example_sla_dag to 2024-10-01 00:00:00+00:00, run_after=2024-10-01 00:02:00+00:00
[2024-10-01T00:03:33.697+0000] {processor.py:183} INFO - Processing /home/airflow/.local/lib/python3.8/site-packages/airflow/example_dags/example_sla_dag.py took 0.142 seconds
[2024-10-01T00:04:04.248+0000] {processor.py:161} INFO - Started process (PID=1262) to work on /home/airflow/.local/lib/python3.8/site-packages/airflow/example_dags/example_sla_dag.py
[2024-10-01T00:04:04.251+0000] {processor.py:830} INFO - Processing file /home/airflow/.local/lib/python3.8/site-packages/airflow/example_dags/example_sla_dag.py for tasks to queue
[2024-10-01T00:04:04.255+0000] {logging_mixin.py:188} INFO - [2024-10-01T00:04:04.254+0000] {dagbag.py:538} INFO - Filling up the DagBag from /home/airflow/.local/lib/python3.8/site-packages/airflow/example_dags/example_sla_dag.py
[2024-10-01T00:04:04.276+0000] {processor.py:840} INFO - DAG(s) 'example_sla_dag' retrieved from /home/airflow/.local/lib/python3.8/site-packages/airflow/example_dags/example_sla_dag.py
[2024-10-01T00:04:04.327+0000] {logging_mixin.py:188} INFO - [2024-10-01T00:04:04.326+0000] {dag.py:3036} INFO - Sync 1 DAGs
[2024-10-01T00:04:04.397+0000] {logging_mixin.py:188} INFO - [2024-10-01T00:04:04.397+0000] {dag.py:3823} INFO - Setting next_dagrun for example_sla_dag to 2024-10-01 00:02:00+00:00, run_after=2024-10-01 00:04:00+00:00
[2024-10-01T00:04:04.446+0000] {processor.py:183} INFO - Processing /home/airflow/.local/lib/python3.8/site-packages/airflow/example_dags/example_sla_dag.py took 0.206 seconds
[2024-10-01T00:04:34.810+0000] {processor.py:161} INFO - Started process (PID=1328) to work on /home/airflow/.local/lib/python3.8/site-packages/airflow/example_dags/example_sla_dag.py
[2024-10-01T00:04:34.815+0000] {processor.py:830} INFO - Processing file /home/airflow/.local/lib/python3.8/site-packages/airflow/example_dags/example_sla_dag.py for tasks to queue
[2024-10-01T00:04:34.822+0000] {logging_mixin.py:188} INFO - [2024-10-01T00:04:34.821+0000] {dagbag.py:538} INFO - Filling up the DagBag from /home/airflow/.local/lib/python3.8/site-packages/airflow/example_dags/example_sla_dag.py
[2024-10-01T00:04:34.864+0000] {processor.py:840} INFO - DAG(s) 'example_sla_dag' retrieved from /home/airflow/.local/lib/python3.8/site-packages/airflow/example_dags/example_sla_dag.py
[2024-10-01T00:04:34.958+0000] {logging_mixin.py:188} INFO - [2024-10-01T00:04:34.957+0000] {dag.py:3036} INFO - Sync 1 DAGs
[2024-10-01T00:04:35.110+0000] {logging_mixin.py:188} INFO - [2024-10-01T00:04:35.108+0000] {dag.py:3823} INFO - Setting next_dagrun for example_sla_dag to 2024-10-01 00:02:00+00:00, run_after=2024-10-01 00:04:00+00:00
[2024-10-01T00:04:35.230+0000] {processor.py:183} INFO - Processing /home/airflow/.local/lib/python3.8/site-packages/airflow/example_dags/example_sla_dag.py took 0.441 seconds
[2024-10-01T00:05:06.402+0000] {processor.py:161} INFO - Started process (PID=1394) to work on /home/airflow/.local/lib/python3.8/site-packages/airflow/example_dags/example_sla_dag.py
[2024-10-01T00:05:06.415+0000] {processor.py:830} INFO - Processing file /home/airflow/.local/lib/python3.8/site-packages/airflow/example_dags/example_sla_dag.py for tasks to queue
[2024-10-01T00:05:06.425+0000] {logging_mixin.py:188} INFO - [2024-10-01T00:05:06.424+0000] {dagbag.py:538} INFO - Filling up the DagBag from /home/airflow/.local/lib/python3.8/site-packages/airflow/example_dags/example_sla_dag.py
[2024-10-01T00:05:06.475+0000] {processor.py:840} INFO - DAG(s) 'example_sla_dag' retrieved from /home/airflow/.local/lib/python3.8/site-packages/airflow/example_dags/example_sla_dag.py
[2024-10-01T00:05:06.600+0000] {logging_mixin.py:188} INFO - [2024-10-01T00:05:06.598+0000] {dag.py:3036} INFO - Sync 1 DAGs
[2024-10-01T00:05:06.763+0000] {logging_mixin.py:188} INFO - [2024-10-01T00:05:06.762+0000] {dag.py:3823} INFO - Setting next_dagrun for example_sla_dag to 2024-10-01 00:02:00+00:00, run_after=2024-10-01 00:04:00+00:00
[2024-10-01T00:05:06.874+0000] {processor.py:183} INFO - Processing /home/airflow/.local/lib/python3.8/site-packages/airflow/example_dags/example_sla_dag.py took 0.501 seconds
[2024-10-01T00:05:37.420+0000] {processor.py:161} INFO - Started process (PID=1460) to work on /home/airflow/.local/lib/python3.8/site-packages/airflow/example_dags/example_sla_dag.py
[2024-10-01T00:05:37.423+0000] {processor.py:830} INFO - Processing file /home/airflow/.local/lib/python3.8/site-packages/airflow/example_dags/example_sla_dag.py for tasks to queue
[2024-10-01T00:05:37.427+0000] {logging_mixin.py:188} INFO - [2024-10-01T00:05:37.427+0000] {dagbag.py:538} INFO - Filling up the DagBag from /home/airflow/.local/lib/python3.8/site-packages/airflow/example_dags/example_sla_dag.py
[2024-10-01T00:05:37.453+0000] {processor.py:840} INFO - DAG(s) 'example_sla_dag' retrieved from /home/airflow/.local/lib/python3.8/site-packages/airflow/example_dags/example_sla_dag.py
[2024-10-01T00:05:37.513+0000] {logging_mixin.py:188} INFO - [2024-10-01T00:05:37.513+0000] {dag.py:3036} INFO - Sync 1 DAGs
[2024-10-01T00:05:37.592+0000] {logging_mixin.py:188} INFO - [2024-10-01T00:05:37.591+0000] {dag.py:3823} INFO - Setting next_dagrun for example_sla_dag to 2024-10-01 00:02:00+00:00, run_after=2024-10-01 00:04:00+00:00
[2024-10-01T00:05:37.644+0000] {processor.py:183} INFO - Processing /home/airflow/.local/lib/python3.8/site-packages/airflow/example_dags/example_sla_dag.py took 0.233 seconds
[2024-10-01T00:06:08.105+0000] {processor.py:161} INFO - Started process (PID=1526) to work on /home/airflow/.local/lib/python3.8/site-packages/airflow/example_dags/example_sla_dag.py
[2024-10-01T00:06:08.108+0000] {processor.py:830} INFO - Processing file /home/airflow/.local/lib/python3.8/site-packages/airflow/example_dags/example_sla_dag.py for tasks to queue
[2024-10-01T00:06:08.114+0000] {logging_mixin.py:188} INFO - [2024-10-01T00:06:08.113+0000] {dagbag.py:538} INFO - Filling up the DagBag from /home/airflow/.local/lib/python3.8/site-packages/airflow/example_dags/example_sla_dag.py
[2024-10-01T00:06:08.146+0000] {processor.py:840} INFO - DAG(s) 'example_sla_dag' retrieved from /home/airflow/.local/lib/python3.8/site-packages/airflow/example_dags/example_sla_dag.py
[2024-10-01T00:06:08.202+0000] {logging_mixin.py:188} INFO - [2024-10-01T00:06:08.201+0000] {dag.py:3036} INFO - Sync 1 DAGs
[2024-10-01T00:06:08.276+0000] {logging_mixin.py:188} INFO - [2024-10-01T00:06:08.276+0000] {dag.py:3823} INFO - Setting next_dagrun for example_sla_dag to 2024-10-01 00:04:00+00:00, run_after=2024-10-01 00:06:00+00:00
[2024-10-01T00:06:08.331+0000] {processor.py:183} INFO - Processing /home/airflow/.local/lib/python3.8/site-packages/airflow/example_dags/example_sla_dag.py took 0.234 seconds
[2024-10-01T00:06:38.673+0000] {processor.py:161} INFO - Started process (PID=1584) to work on /home/airflow/.local/lib/python3.8/site-packages/airflow/example_dags/example_sla_dag.py
[2024-10-01T00:06:38.675+0000] {processor.py:830} INFO - Processing file /home/airflow/.local/lib/python3.8/site-packages/airflow/example_dags/example_sla_dag.py for tasks to queue
[2024-10-01T00:06:38.677+0000] {logging_mixin.py:188} INFO - [2024-10-01T00:06:38.677+0000] {dagbag.py:538} INFO - Filling up the DagBag from /home/airflow/.local/lib/python3.8/site-packages/airflow/example_dags/example_sla_dag.py
[2024-10-01T00:06:38.691+0000] {processor.py:840} INFO - DAG(s) 'example_sla_dag' retrieved from /home/airflow/.local/lib/python3.8/site-packages/airflow/example_dags/example_sla_dag.py
[2024-10-01T00:06:38.726+0000] {logging_mixin.py:188} INFO - [2024-10-01T00:06:38.725+0000] {dag.py:3036} INFO - Sync 1 DAGs
[2024-10-01T00:06:38.776+0000] {logging_mixin.py:188} INFO - [2024-10-01T00:06:38.776+0000] {dag.py:3823} INFO - Setting next_dagrun for example_sla_dag to 2024-10-01 00:04:00+00:00, run_after=2024-10-01 00:06:00+00:00
[2024-10-01T00:06:38.808+0000] {processor.py:183} INFO - Processing /home/airflow/.local/lib/python3.8/site-packages/airflow/example_dags/example_sla_dag.py took 0.141 seconds
[2024-10-01T00:07:09.368+0000] {processor.py:161} INFO - Started process (PID=1650) to work on /home/airflow/.local/lib/python3.8/site-packages/airflow/example_dags/example_sla_dag.py
[2024-10-01T00:07:09.370+0000] {processor.py:830} INFO - Processing file /home/airflow/.local/lib/python3.8/site-packages/airflow/example_dags/example_sla_dag.py for tasks to queue
[2024-10-01T00:07:09.373+0000] {logging_mixin.py:188} INFO - [2024-10-01T00:07:09.372+0000] {dagbag.py:538} INFO - Filling up the DagBag from /home/airflow/.local/lib/python3.8/site-packages/airflow/example_dags/example_sla_dag.py
[2024-10-01T00:07:09.386+0000] {processor.py:840} INFO - DAG(s) 'example_sla_dag' retrieved from /home/airflow/.local/lib/python3.8/site-packages/airflow/example_dags/example_sla_dag.py
[2024-10-01T00:07:09.420+0000] {logging_mixin.py:188} INFO - [2024-10-01T00:07:09.419+0000] {dag.py:3036} INFO - Sync 1 DAGs
[2024-10-01T00:07:09.466+0000] {logging_mixin.py:188} INFO - [2024-10-01T00:07:09.466+0000] {dag.py:3823} INFO - Setting next_dagrun for example_sla_dag to 2024-10-01 00:04:00+00:00, run_after=2024-10-01 00:06:00+00:00
[2024-10-01T00:07:09.496+0000] {processor.py:183} INFO - Processing /home/airflow/.local/lib/python3.8/site-packages/airflow/example_dags/example_sla_dag.py took 0.132 seconds
[2024-10-01T00:07:40.439+0000] {processor.py:161} INFO - Started process (PID=1724) to work on /home/airflow/.local/lib/python3.8/site-packages/airflow/example_dags/example_sla_dag.py
[2024-10-01T00:07:40.442+0000] {processor.py:830} INFO - Processing file /home/airflow/.local/lib/python3.8/site-packages/airflow/example_dags/example_sla_dag.py for tasks to queue
[2024-10-01T00:07:40.448+0000] {logging_mixin.py:188} INFO - [2024-10-01T00:07:40.447+0000] {dagbag.py:538} INFO - Filling up the DagBag from /home/airflow/.local/lib/python3.8/site-packages/airflow/example_dags/example_sla_dag.py
[2024-10-01T00:07:40.482+0000] {processor.py:840} INFO - DAG(s) 'example_sla_dag' retrieved from /home/airflow/.local/lib/python3.8/site-packages/airflow/example_dags/example_sla_dag.py
[2024-10-01T00:07:40.548+0000] {logging_mixin.py:188} INFO - [2024-10-01T00:07:40.547+0000] {dag.py:3036} INFO - Sync 1 DAGs
[2024-10-01T00:07:40.682+0000] {logging_mixin.py:188} INFO - [2024-10-01T00:07:40.681+0000] {dag.py:3823} INFO - Setting next_dagrun for example_sla_dag to 2024-10-01 00:04:00+00:00, run_after=2024-10-01 00:06:00+00:00
[2024-10-01T00:07:40.757+0000] {processor.py:183} INFO - Processing /home/airflow/.local/lib/python3.8/site-packages/airflow/example_dags/example_sla_dag.py took 0.331 seconds
[2024-10-01T00:08:11.630+0000] {processor.py:161} INFO - Started process (PID=1783) to work on /home/airflow/.local/lib/python3.8/site-packages/airflow/example_dags/example_sla_dag.py
[2024-10-01T00:08:11.632+0000] {processor.py:830} INFO - Processing file /home/airflow/.local/lib/python3.8/site-packages/airflow/example_dags/example_sla_dag.py for tasks to queue
[2024-10-01T00:08:11.635+0000] {logging_mixin.py:188} INFO - [2024-10-01T00:08:11.634+0000] {dagbag.py:538} INFO - Filling up the DagBag from /home/airflow/.local/lib/python3.8/site-packages/airflow/example_dags/example_sla_dag.py
[2024-10-01T00:08:11.649+0000] {processor.py:840} INFO - DAG(s) 'example_sla_dag' retrieved from /home/airflow/.local/lib/python3.8/site-packages/airflow/example_dags/example_sla_dag.py
[2024-10-01T00:08:11.684+0000] {logging_mixin.py:188} INFO - [2024-10-01T00:08:11.684+0000] {dag.py:3036} INFO - Sync 1 DAGs
[2024-10-01T00:08:11.725+0000] {logging_mixin.py:188} INFO - [2024-10-01T00:08:11.725+0000] {dag.py:3823} INFO - Setting next_dagrun for example_sla_dag to 2024-10-01 00:06:00+00:00, run_after=2024-10-01 00:08:00+00:00
[2024-10-01T00:08:11.761+0000] {processor.py:183} INFO - Processing /home/airflow/.local/lib/python3.8/site-packages/airflow/example_dags/example_sla_dag.py took 0.135 seconds
[2024-10-01T00:08:41.852+0000] {processor.py:161} INFO - Started process (PID=1849) to work on /home/airflow/.local/lib/python3.8/site-packages/airflow/example_dags/example_sla_dag.py
[2024-10-01T00:08:41.854+0000] {processor.py:830} INFO - Processing file /home/airflow/.local/lib/python3.8/site-packages/airflow/example_dags/example_sla_dag.py for tasks to queue
[2024-10-01T00:08:41.857+0000] {logging_mixin.py:188} INFO - [2024-10-01T00:08:41.857+0000] {dagbag.py:538} INFO - Filling up the DagBag from /home/airflow/.local/lib/python3.8/site-packages/airflow/example_dags/example_sla_dag.py
[2024-10-01T00:08:41.871+0000] {processor.py:840} INFO - DAG(s) 'example_sla_dag' retrieved from /home/airflow/.local/lib/python3.8/site-packages/airflow/example_dags/example_sla_dag.py
[2024-10-01T00:08:41.903+0000] {logging_mixin.py:188} INFO - [2024-10-01T00:08:41.903+0000] {dag.py:3036} INFO - Sync 1 DAGs
[2024-10-01T00:08:41.944+0000] {logging_mixin.py:188} INFO - [2024-10-01T00:08:41.944+0000] {dag.py:3823} INFO - Setting next_dagrun for example_sla_dag to 2024-10-01 00:06:00+00:00, run_after=2024-10-01 00:08:00+00:00
[2024-10-01T00:08:41.974+0000] {processor.py:183} INFO - Processing /home/airflow/.local/lib/python3.8/site-packages/airflow/example_dags/example_sla_dag.py took 0.127 seconds
[2024-10-01T00:09:12.257+0000] {processor.py:161} INFO - Started process (PID=1915) to work on /home/airflow/.local/lib/python3.8/site-packages/airflow/example_dags/example_sla_dag.py
[2024-10-01T00:09:12.263+0000] {processor.py:830} INFO - Processing file /home/airflow/.local/lib/python3.8/site-packages/airflow/example_dags/example_sla_dag.py for tasks to queue
[2024-10-01T00:09:12.273+0000] {logging_mixin.py:188} INFO - [2024-10-01T00:09:12.271+0000] {dagbag.py:538} INFO - Filling up the DagBag from /home/airflow/.local/lib/python3.8/site-packages/airflow/example_dags/example_sla_dag.py
[2024-10-01T00:09:12.338+0000] {processor.py:840} INFO - DAG(s) 'example_sla_dag' retrieved from /home/airflow/.local/lib/python3.8/site-packages/airflow/example_dags/example_sla_dag.py
[2024-10-01T00:09:12.472+0000] {logging_mixin.py:188} INFO - [2024-10-01T00:09:12.471+0000] {dag.py:3036} INFO - Sync 1 DAGs
[2024-10-01T00:09:12.657+0000] {logging_mixin.py:188} INFO - [2024-10-01T00:09:12.656+0000] {dag.py:3823} INFO - Setting next_dagrun for example_sla_dag to 2024-10-01 00:06:00+00:00, run_after=2024-10-01 00:08:00+00:00
[2024-10-01T00:09:12.759+0000] {processor.py:183} INFO - Processing /home/airflow/.local/lib/python3.8/site-packages/airflow/example_dags/example_sla_dag.py took 0.525 seconds
[2024-10-01T00:09:44.172+0000] {processor.py:161} INFO - Started process (PID=1980) to work on /home/airflow/.local/lib/python3.8/site-packages/airflow/example_dags/example_sla_dag.py
[2024-10-01T00:09:44.182+0000] {processor.py:830} INFO - Processing file /home/airflow/.local/lib/python3.8/site-packages/airflow/example_dags/example_sla_dag.py for tasks to queue
[2024-10-01T00:09:44.200+0000] {logging_mixin.py:188} INFO - [2024-10-01T00:09:44.197+0000] {dagbag.py:538} INFO - Filling up the DagBag from /home/airflow/.local/lib/python3.8/site-packages/airflow/example_dags/example_sla_dag.py
[2024-10-01T00:09:44.314+0000] {processor.py:840} INFO - DAG(s) 'example_sla_dag' retrieved from /home/airflow/.local/lib/python3.8/site-packages/airflow/example_dags/example_sla_dag.py
[2024-10-01T00:09:44.541+0000] {logging_mixin.py:188} INFO - [2024-10-01T00:09:44.539+0000] {dag.py:3036} INFO - Sync 1 DAGs
[2024-10-01T00:09:44.791+0000] {logging_mixin.py:188} INFO - [2024-10-01T00:09:44.790+0000] {dag.py:3823} INFO - Setting next_dagrun for example_sla_dag to 2024-10-01 00:06:00+00:00, run_after=2024-10-01 00:08:00+00:00
[2024-10-01T00:09:44.958+0000] {processor.py:183} INFO - Processing /home/airflow/.local/lib/python3.8/site-packages/airflow/example_dags/example_sla_dag.py took 0.818 seconds
[2024-10-01T00:10:26.271+0000] {processor.py:161} INFO - Started process (PID=2045) to work on /home/airflow/.local/lib/python3.8/site-packages/airflow/example_dags/example_sla_dag.py
[2024-10-01T00:10:26.293+0000] {processor.py:830} INFO - Processing file /home/airflow/.local/lib/python3.8/site-packages/airflow/example_dags/example_sla_dag.py for tasks to queue
[2024-10-01T00:10:26.316+0000] {logging_mixin.py:188} INFO - [2024-10-01T00:10:26.313+0000] {dagbag.py:538} INFO - Filling up the DagBag from /home/airflow/.local/lib/python3.8/site-packages/airflow/example_dags/example_sla_dag.py
[2024-10-01T00:10:26.522+0000] {processor.py:840} INFO - DAG(s) 'example_sla_dag' retrieved from /home/airflow/.local/lib/python3.8/site-packages/airflow/example_dags/example_sla_dag.py
[2024-10-01T00:10:27.936+0000] {logging_mixin.py:188} INFO - [2024-10-01T00:10:27.928+0000] {dag.py:3036} INFO - Sync 1 DAGs
[2024-10-01T00:10:28.535+0000] {logging_mixin.py:188} INFO - [2024-10-01T00:10:28.531+0000] {dag.py:3823} INFO - Setting next_dagrun for example_sla_dag to 2024-10-01 00:08:00+00:00, run_after=2024-10-01 00:10:00+00:00
[2024-10-01T00:10:28.964+0000] {processor.py:183} INFO - Processing /home/airflow/.local/lib/python3.8/site-packages/airflow/example_dags/example_sla_dag.py took 2.743 seconds
[2024-10-01T00:11:16.361+0000] {processor.py:161} INFO - Started process (PID=2112) to work on /home/airflow/.local/lib/python3.8/site-packages/airflow/example_dags/example_sla_dag.py
[2024-10-01T00:11:16.367+0000] {processor.py:830} INFO - Processing file /home/airflow/.local/lib/python3.8/site-packages/airflow/example_dags/example_sla_dag.py for tasks to queue
[2024-10-01T00:11:16.386+0000] {logging_mixin.py:188} INFO - [2024-10-01T00:11:16.382+0000] {dagbag.py:538} INFO - Filling up the DagBag from /home/airflow/.local/lib/python3.8/site-packages/airflow/example_dags/example_sla_dag.py
[2024-10-01T00:11:16.460+0000] {processor.py:840} INFO - DAG(s) 'example_sla_dag' retrieved from /home/airflow/.local/lib/python3.8/site-packages/airflow/example_dags/example_sla_dag.py
[2024-10-01T00:11:16.654+0000] {logging_mixin.py:188} INFO - [2024-10-01T00:11:16.653+0000] {dag.py:3036} INFO - Sync 1 DAGs
[2024-10-01T00:11:16.899+0000] {logging_mixin.py:188} INFO - [2024-10-01T00:11:16.897+0000] {dag.py:3823} INFO - Setting next_dagrun for example_sla_dag to 2024-10-01 00:08:00+00:00, run_after=2024-10-01 00:10:00+00:00
[2024-10-01T00:11:17.041+0000] {processor.py:183} INFO - Processing /home/airflow/.local/lib/python3.8/site-packages/airflow/example_dags/example_sla_dag.py took 0.712 seconds
[2024-10-01T00:11:48.440+0000] {processor.py:161} INFO - Started process (PID=2177) to work on /home/airflow/.local/lib/python3.8/site-packages/airflow/example_dags/example_sla_dag.py
[2024-10-01T00:11:48.450+0000] {processor.py:830} INFO - Processing file /home/airflow/.local/lib/python3.8/site-packages/airflow/example_dags/example_sla_dag.py for tasks to queue
[2024-10-01T00:11:48.467+0000] {logging_mixin.py:188} INFO - [2024-10-01T00:11:48.463+0000] {dagbag.py:538} INFO - Filling up the DagBag from /home/airflow/.local/lib/python3.8/site-packages/airflow/example_dags/example_sla_dag.py
[2024-10-01T00:11:48.607+0000] {processor.py:840} INFO - DAG(s) 'example_sla_dag' retrieved from /home/airflow/.local/lib/python3.8/site-packages/airflow/example_dags/example_sla_dag.py
[2024-10-01T00:11:48.849+0000] {logging_mixin.py:188} INFO - [2024-10-01T00:11:48.843+0000] {dag.py:3036} INFO - Sync 1 DAGs
[2024-10-01T00:11:49.332+0000] {logging_mixin.py:188} INFO - [2024-10-01T00:11:49.328+0000] {dag.py:3823} INFO - Setting next_dagrun for example_sla_dag to 2024-10-01 00:08:00+00:00, run_after=2024-10-01 00:10:00+00:00
[2024-10-01T00:11:49.669+0000] {processor.py:183} INFO - Processing /home/airflow/.local/lib/python3.8/site-packages/airflow/example_dags/example_sla_dag.py took 1.269 seconds
[2024-10-01T00:12:19.962+0000] {processor.py:161} INFO - Started process (PID=2236) to work on /home/airflow/.local/lib/python3.8/site-packages/airflow/example_dags/example_sla_dag.py
[2024-10-01T00:12:19.967+0000] {processor.py:830} INFO - Processing file /home/airflow/.local/lib/python3.8/site-packages/airflow/example_dags/example_sla_dag.py for tasks to queue
[2024-10-01T00:12:19.975+0000] {logging_mixin.py:188} INFO - [2024-10-01T00:12:19.973+0000] {dagbag.py:538} INFO - Filling up the DagBag from /home/airflow/.local/lib/python3.8/site-packages/airflow/example_dags/example_sla_dag.py
[2024-10-01T00:12:20.016+0000] {processor.py:840} INFO - DAG(s) 'example_sla_dag' retrieved from /home/airflow/.local/lib/python3.8/site-packages/airflow/example_dags/example_sla_dag.py
[2024-10-01T00:12:20.119+0000] {logging_mixin.py:188} INFO - [2024-10-01T00:12:20.117+0000] {dag.py:3036} INFO - Sync 1 DAGs
[2024-10-01T00:12:20.241+0000] {logging_mixin.py:188} INFO - [2024-10-01T00:12:20.240+0000] {dag.py:3823} INFO - Setting next_dagrun for example_sla_dag to 2024-10-01 00:10:00+00:00, run_after=2024-10-01 00:12:00+00:00
[2024-10-01T00:12:20.342+0000] {processor.py:183} INFO - Processing /home/airflow/.local/lib/python3.8/site-packages/airflow/example_dags/example_sla_dag.py took 0.397 seconds
[2024-10-01T00:12:50.776+0000] {processor.py:161} INFO - Started process (PID=2302) to work on /home/airflow/.local/lib/python3.8/site-packages/airflow/example_dags/example_sla_dag.py
[2024-10-01T00:12:50.783+0000] {processor.py:830} INFO - Processing file /home/airflow/.local/lib/python3.8/site-packages/airflow/example_dags/example_sla_dag.py for tasks to queue
[2024-10-01T00:12:50.796+0000] {logging_mixin.py:188} INFO - [2024-10-01T00:12:50.794+0000] {dagbag.py:538} INFO - Filling up the DagBag from /home/airflow/.local/lib/python3.8/site-packages/airflow/example_dags/example_sla_dag.py
[2024-10-01T00:12:50.844+0000] {processor.py:840} INFO - DAG(s) 'example_sla_dag' retrieved from /home/airflow/.local/lib/python3.8/site-packages/airflow/example_dags/example_sla_dag.py
[2024-10-01T00:12:50.948+0000] {logging_mixin.py:188} INFO - [2024-10-01T00:12:50.946+0000] {dag.py:3036} INFO - Sync 1 DAGs
[2024-10-01T00:12:51.122+0000] {logging_mixin.py:188} INFO - [2024-10-01T00:12:51.121+0000] {dag.py:3823} INFO - Setting next_dagrun for example_sla_dag to 2024-10-01 00:10:00+00:00, run_after=2024-10-01 00:12:00+00:00
[2024-10-01T00:12:51.207+0000] {processor.py:183} INFO - Processing /home/airflow/.local/lib/python3.8/site-packages/airflow/example_dags/example_sla_dag.py took 0.454 seconds
[2024-10-01T00:13:21.861+0000] {processor.py:161} INFO - Started process (PID=2368) to work on /home/airflow/.local/lib/python3.8/site-packages/airflow/example_dags/example_sla_dag.py
[2024-10-01T00:13:21.865+0000] {processor.py:830} INFO - Processing file /home/airflow/.local/lib/python3.8/site-packages/airflow/example_dags/example_sla_dag.py for tasks to queue
[2024-10-01T00:13:21.872+0000] {logging_mixin.py:188} INFO - [2024-10-01T00:13:21.871+0000] {dagbag.py:538} INFO - Filling up the DagBag from /home/airflow/.local/lib/python3.8/site-packages/airflow/example_dags/example_sla_dag.py
[2024-10-01T00:13:21.901+0000] {processor.py:840} INFO - DAG(s) 'example_sla_dag' retrieved from /home/airflow/.local/lib/python3.8/site-packages/airflow/example_dags/example_sla_dag.py
[2024-10-01T00:13:21.976+0000] {logging_mixin.py:188} INFO - [2024-10-01T00:13:21.975+0000] {dag.py:3036} INFO - Sync 1 DAGs
[2024-10-01T00:13:22.102+0000] {logging_mixin.py:188} INFO - [2024-10-01T00:13:22.101+0000] {dag.py:3823} INFO - Setting next_dagrun for example_sla_dag to 2024-10-01 00:10:00+00:00, run_after=2024-10-01 00:12:00+00:00
[2024-10-01T00:13:22.665+0000] {processor.py:183} INFO - Processing /home/airflow/.local/lib/python3.8/site-packages/airflow/example_dags/example_sla_dag.py took 0.815 seconds
[2024-10-01T00:13:52.828+0000] {processor.py:161} INFO - Started process (PID=2433) to work on /home/airflow/.local/lib/python3.8/site-packages/airflow/example_dags/example_sla_dag.py
[2024-10-01T00:13:52.830+0000] {processor.py:830} INFO - Processing file /home/airflow/.local/lib/python3.8/site-packages/airflow/example_dags/example_sla_dag.py for tasks to queue
[2024-10-01T00:13:52.833+0000] {logging_mixin.py:188} INFO - [2024-10-01T00:13:52.832+0000] {dagbag.py:538} INFO - Filling up the DagBag from /home/airflow/.local/lib/python3.8/site-packages/airflow/example_dags/example_sla_dag.py
[2024-10-01T00:13:52.847+0000] {processor.py:840} INFO - DAG(s) 'example_sla_dag' retrieved from /home/airflow/.local/lib/python3.8/site-packages/airflow/example_dags/example_sla_dag.py
[2024-10-01T00:13:52.883+0000] {logging_mixin.py:188} INFO - [2024-10-01T00:13:52.883+0000] {dag.py:3036} INFO - Sync 1 DAGs
[2024-10-01T00:13:52.927+0000] {logging_mixin.py:188} INFO - [2024-10-01T00:13:52.926+0000] {dag.py:3823} INFO - Setting next_dagrun for example_sla_dag to 2024-10-01 00:10:00+00:00, run_after=2024-10-01 00:12:00+00:00
[2024-10-01T00:13:52.961+0000] {processor.py:183} INFO - Processing /home/airflow/.local/lib/python3.8/site-packages/airflow/example_dags/example_sla_dag.py took 0.138 seconds
[2024-10-01T00:14:23.453+0000] {processor.py:161} INFO - Started process (PID=2498) to work on /home/airflow/.local/lib/python3.8/site-packages/airflow/example_dags/example_sla_dag.py
[2024-10-01T00:14:23.455+0000] {processor.py:830} INFO - Processing file /home/airflow/.local/lib/python3.8/site-packages/airflow/example_dags/example_sla_dag.py for tasks to queue
[2024-10-01T00:14:23.458+0000] {logging_mixin.py:188} INFO - [2024-10-01T00:14:23.458+0000] {dagbag.py:538} INFO - Filling up the DagBag from /home/airflow/.local/lib/python3.8/site-packages/airflow/example_dags/example_sla_dag.py
[2024-10-01T00:14:23.476+0000] {processor.py:840} INFO - DAG(s) 'example_sla_dag' retrieved from /home/airflow/.local/lib/python3.8/site-packages/airflow/example_dags/example_sla_dag.py
[2024-10-01T00:14:23.515+0000] {logging_mixin.py:188} INFO - [2024-10-01T00:14:23.514+0000] {dag.py:3036} INFO - Sync 1 DAGs
[2024-10-01T00:14:23.571+0000] {logging_mixin.py:188} INFO - [2024-10-01T00:14:23.570+0000] {dag.py:3823} INFO - Setting next_dagrun for example_sla_dag to 2024-10-01 00:12:00+00:00, run_after=2024-10-01 00:14:00+00:00
[2024-10-01T00:14:23.611+0000] {processor.py:183} INFO - Processing /home/airflow/.local/lib/python3.8/site-packages/airflow/example_dags/example_sla_dag.py took 0.164 seconds
[2024-10-01T00:14:54.222+0000] {processor.py:161} INFO - Started process (PID=2565) to work on /home/airflow/.local/lib/python3.8/site-packages/airflow/example_dags/example_sla_dag.py
[2024-10-01T00:14:54.224+0000] {processor.py:830} INFO - Processing file /home/airflow/.local/lib/python3.8/site-packages/airflow/example_dags/example_sla_dag.py for tasks to queue
[2024-10-01T00:14:54.227+0000] {logging_mixin.py:188} INFO - [2024-10-01T00:14:54.227+0000] {dagbag.py:538} INFO - Filling up the DagBag from /home/airflow/.local/lib/python3.8/site-packages/airflow/example_dags/example_sla_dag.py
[2024-10-01T00:14:54.243+0000] {processor.py:840} INFO - DAG(s) 'example_sla_dag' retrieved from /home/airflow/.local/lib/python3.8/site-packages/airflow/example_dags/example_sla_dag.py
[2024-10-01T00:14:54.278+0000] {logging_mixin.py:188} INFO - [2024-10-01T00:14:54.278+0000] {dag.py:3036} INFO - Sync 1 DAGs
[2024-10-01T00:14:54.522+0000] {logging_mixin.py:188} INFO - [2024-10-01T00:14:54.522+0000] {dag.py:3823} INFO - Setting next_dagrun for example_sla_dag to 2024-10-01 00:12:00+00:00, run_after=2024-10-01 00:14:00+00:00
[2024-10-01T00:14:54.555+0000] {processor.py:183} INFO - Processing /home/airflow/.local/lib/python3.8/site-packages/airflow/example_dags/example_sla_dag.py took 0.339 seconds
[2024-10-01T00:15:25.499+0000] {processor.py:161} INFO - Started process (PID=2631) to work on /home/airflow/.local/lib/python3.8/site-packages/airflow/example_dags/example_sla_dag.py
[2024-10-01T00:15:25.501+0000] {processor.py:830} INFO - Processing file /home/airflow/.local/lib/python3.8/site-packages/airflow/example_dags/example_sla_dag.py for tasks to queue
[2024-10-01T00:15:25.504+0000] {logging_mixin.py:188} INFO - [2024-10-01T00:15:25.504+0000] {dagbag.py:538} INFO - Filling up the DagBag from /home/airflow/.local/lib/python3.8/site-packages/airflow/example_dags/example_sla_dag.py
[2024-10-01T00:15:25.521+0000] {processor.py:840} INFO - DAG(s) 'example_sla_dag' retrieved from /home/airflow/.local/lib/python3.8/site-packages/airflow/example_dags/example_sla_dag.py
[2024-10-01T00:15:25.556+0000] {logging_mixin.py:188} INFO - [2024-10-01T00:15:25.556+0000] {dag.py:3036} INFO - Sync 1 DAGs
[2024-10-01T00:15:25.599+0000] {logging_mixin.py:188} INFO - [2024-10-01T00:15:25.599+0000] {dag.py:3823} INFO - Setting next_dagrun for example_sla_dag to 2024-10-01 00:12:00+00:00, run_after=2024-10-01 00:14:00+00:00
[2024-10-01T00:15:25.635+0000] {processor.py:183} INFO - Processing /home/airflow/.local/lib/python3.8/site-packages/airflow/example_dags/example_sla_dag.py took 0.142 seconds
[2024-10-01T00:15:57.011+0000] {processor.py:161} INFO - Started process (PID=2696) to work on /home/airflow/.local/lib/python3.8/site-packages/airflow/example_dags/example_sla_dag.py
[2024-10-01T00:15:57.020+0000] {processor.py:830} INFO - Processing file /home/airflow/.local/lib/python3.8/site-packages/airflow/example_dags/example_sla_dag.py for tasks to queue
[2024-10-01T00:15:57.058+0000] {logging_mixin.py:188} INFO - [2024-10-01T00:15:57.054+0000] {dagbag.py:538} INFO - Filling up the DagBag from /home/airflow/.local/lib/python3.8/site-packages/airflow/example_dags/example_sla_dag.py
[2024-10-01T00:15:57.295+0000] {processor.py:840} INFO - DAG(s) 'example_sla_dag' retrieved from /home/airflow/.local/lib/python3.8/site-packages/airflow/example_dags/example_sla_dag.py
[2024-10-01T00:15:57.676+0000] {logging_mixin.py:188} INFO - [2024-10-01T00:15:57.674+0000] {dag.py:3036} INFO - Sync 1 DAGs
[2024-10-01T00:15:58.185+0000] {logging_mixin.py:188} INFO - [2024-10-01T00:15:58.183+0000] {dag.py:3823} INFO - Setting next_dagrun for example_sla_dag to 2024-10-01 00:12:00+00:00, run_after=2024-10-01 00:14:00+00:00
[2024-10-01T00:15:58.689+0000] {processor.py:183} INFO - Processing /home/airflow/.local/lib/python3.8/site-packages/airflow/example_dags/example_sla_dag.py took 1.760 seconds
[2024-10-01T00:16:39.025+0000] {processor.py:161} INFO - Started process (PID=2761) to work on /home/airflow/.local/lib/python3.8/site-packages/airflow/example_dags/example_sla_dag.py
[2024-10-01T00:16:39.027+0000] {processor.py:830} INFO - Processing file /home/airflow/.local/lib/python3.8/site-packages/airflow/example_dags/example_sla_dag.py for tasks to queue
[2024-10-01T00:16:39.031+0000] {logging_mixin.py:188} INFO - [2024-10-01T00:16:39.031+0000] {dagbag.py:538} INFO - Filling up the DagBag from /home/airflow/.local/lib/python3.8/site-packages/airflow/example_dags/example_sla_dag.py
[2024-10-01T00:16:39.328+0000] {processor.py:840} INFO - DAG(s) 'example_sla_dag' retrieved from /home/airflow/.local/lib/python3.8/site-packages/airflow/example_dags/example_sla_dag.py
[2024-10-01T00:16:39.372+0000] {logging_mixin.py:188} INFO - [2024-10-01T00:16:39.372+0000] {dag.py:3036} INFO - Sync 1 DAGs
[2024-10-01T00:16:39.444+0000] {logging_mixin.py:188} INFO - [2024-10-01T00:16:39.444+0000] {dag.py:3823} INFO - Setting next_dagrun for example_sla_dag to 2024-10-01 00:14:00+00:00, run_after=2024-10-01 00:16:00+00:00
[2024-10-01T00:16:39.494+0000] {processor.py:183} INFO - Processing /home/airflow/.local/lib/python3.8/site-packages/airflow/example_dags/example_sla_dag.py took 0.478 seconds
[2024-10-01T00:17:10.351+0000] {processor.py:161} INFO - Started process (PID=2827) to work on /home/airflow/.local/lib/python3.8/site-packages/airflow/example_dags/example_sla_dag.py
[2024-10-01T00:17:10.354+0000] {processor.py:830} INFO - Processing file /home/airflow/.local/lib/python3.8/site-packages/airflow/example_dags/example_sla_dag.py for tasks to queue
[2024-10-01T00:17:10.360+0000] {logging_mixin.py:188} INFO - [2024-10-01T00:17:10.359+0000] {dagbag.py:538} INFO - Filling up the DagBag from /home/airflow/.local/lib/python3.8/site-packages/airflow/example_dags/example_sla_dag.py
[2024-10-01T00:17:10.385+0000] {processor.py:840} INFO - DAG(s) 'example_sla_dag' retrieved from /home/airflow/.local/lib/python3.8/site-packages/airflow/example_dags/example_sla_dag.py
[2024-10-01T00:17:10.445+0000] {logging_mixin.py:188} INFO - [2024-10-01T00:17:10.445+0000] {dag.py:3036} INFO - Sync 1 DAGs
[2024-10-01T00:17:10.528+0000] {logging_mixin.py:188} INFO - [2024-10-01T00:17:10.526+0000] {dag.py:3823} INFO - Setting next_dagrun for example_sla_dag to 2024-10-01 00:14:00+00:00, run_after=2024-10-01 00:16:00+00:00
[2024-10-01T00:17:10.598+0000] {processor.py:183} INFO - Processing /home/airflow/.local/lib/python3.8/site-packages/airflow/example_dags/example_sla_dag.py took 0.257 seconds
[2024-10-01T00:17:40.786+0000] {processor.py:161} INFO - Started process (PID=2892) to work on /home/airflow/.local/lib/python3.8/site-packages/airflow/example_dags/example_sla_dag.py
[2024-10-01T00:17:40.787+0000] {processor.py:830} INFO - Processing file /home/airflow/.local/lib/python3.8/site-packages/airflow/example_dags/example_sla_dag.py for tasks to queue
[2024-10-01T00:17:40.789+0000] {logging_mixin.py:188} INFO - [2024-10-01T00:17:40.788+0000] {dagbag.py:538} INFO - Filling up the DagBag from /home/airflow/.local/lib/python3.8/site-packages/airflow/example_dags/example_sla_dag.py
[2024-10-01T00:17:40.797+0000] {processor.py:840} INFO - DAG(s) 'example_sla_dag' retrieved from /home/airflow/.local/lib/python3.8/site-packages/airflow/example_dags/example_sla_dag.py
[2024-10-01T00:17:40.821+0000] {logging_mixin.py:188} INFO - [2024-10-01T00:17:40.821+0000] {dag.py:3036} INFO - Sync 1 DAGs
[2024-10-01T00:17:40.854+0000] {logging_mixin.py:188} INFO - [2024-10-01T00:17:40.854+0000] {dag.py:3823} INFO - Setting next_dagrun for example_sla_dag to 2024-10-01 00:14:00+00:00, run_after=2024-10-01 00:16:00+00:00
[2024-10-01T00:17:40.891+0000] {processor.py:183} INFO - Processing /home/airflow/.local/lib/python3.8/site-packages/airflow/example_dags/example_sla_dag.py took 0.108 seconds
[2024-10-01T00:18:11.008+0000] {processor.py:161} INFO - Started process (PID=2958) to work on /home/airflow/.local/lib/python3.8/site-packages/airflow/example_dags/example_sla_dag.py
[2024-10-01T00:18:11.009+0000] {processor.py:830} INFO - Processing file /home/airflow/.local/lib/python3.8/site-packages/airflow/example_dags/example_sla_dag.py for tasks to queue
[2024-10-01T00:18:11.011+0000] {logging_mixin.py:188} INFO - [2024-10-01T00:18:11.011+0000] {dagbag.py:538} INFO - Filling up the DagBag from /home/airflow/.local/lib/python3.8/site-packages/airflow/example_dags/example_sla_dag.py
[2024-10-01T00:18:11.020+0000] {processor.py:840} INFO - DAG(s) 'example_sla_dag' retrieved from /home/airflow/.local/lib/python3.8/site-packages/airflow/example_dags/example_sla_dag.py
[2024-10-01T00:18:11.041+0000] {logging_mixin.py:188} INFO - [2024-10-01T00:18:11.040+0000] {dag.py:3036} INFO - Sync 1 DAGs
[2024-10-01T00:18:11.069+0000] {logging_mixin.py:188} INFO - [2024-10-01T00:18:11.069+0000] {dag.py:3823} INFO - Setting next_dagrun for example_sla_dag to 2024-10-01 00:16:00+00:00, run_after=2024-10-01 00:18:00+00:00
[2024-10-01T00:18:11.093+0000] {processor.py:183} INFO - Processing /home/airflow/.local/lib/python3.8/site-packages/airflow/example_dags/example_sla_dag.py took 0.089 seconds
[2024-10-01T00:18:41.225+0000] {processor.py:161} INFO - Started process (PID=3032) to work on /home/airflow/.local/lib/python3.8/site-packages/airflow/example_dags/example_sla_dag.py
[2024-10-01T00:18:41.227+0000] {processor.py:830} INFO - Processing file /home/airflow/.local/lib/python3.8/site-packages/airflow/example_dags/example_sla_dag.py for tasks to queue
[2024-10-01T00:18:41.230+0000] {logging_mixin.py:188} INFO - [2024-10-01T00:18:41.229+0000] {dagbag.py:538} INFO - Filling up the DagBag from /home/airflow/.local/lib/python3.8/site-packages/airflow/example_dags/example_sla_dag.py
[2024-10-01T00:18:41.245+0000] {processor.py:840} INFO - DAG(s) 'example_sla_dag' retrieved from /home/airflow/.local/lib/python3.8/site-packages/airflow/example_dags/example_sla_dag.py
[2024-10-01T00:18:41.277+0000] {logging_mixin.py:188} INFO - [2024-10-01T00:18:41.276+0000] {dag.py:3036} INFO - Sync 1 DAGs
[2024-10-01T00:18:41.317+0000] {logging_mixin.py:188} INFO - [2024-10-01T00:18:41.317+0000] {dag.py:3823} INFO - Setting next_dagrun for example_sla_dag to 2024-10-01 00:16:00+00:00, run_after=2024-10-01 00:18:00+00:00
[2024-10-01T00:18:41.350+0000] {processor.py:183} INFO - Processing /home/airflow/.local/lib/python3.8/site-packages/airflow/example_dags/example_sla_dag.py took 0.131 seconds
[2024-10-01T00:19:11.766+0000] {processor.py:161} INFO - Started process (PID=3099) to work on /home/airflow/.local/lib/python3.8/site-packages/airflow/example_dags/example_sla_dag.py
[2024-10-01T00:19:11.768+0000] {processor.py:830} INFO - Processing file /home/airflow/.local/lib/python3.8/site-packages/airflow/example_dags/example_sla_dag.py for tasks to queue
[2024-10-01T00:19:11.772+0000] {logging_mixin.py:188} INFO - [2024-10-01T00:19:11.771+0000] {dagbag.py:538} INFO - Filling up the DagBag from /home/airflow/.local/lib/python3.8/site-packages/airflow/example_dags/example_sla_dag.py
[2024-10-01T00:19:11.792+0000] {processor.py:840} INFO - DAG(s) 'example_sla_dag' retrieved from /home/airflow/.local/lib/python3.8/site-packages/airflow/example_dags/example_sla_dag.py
[2024-10-01T00:19:11.838+0000] {logging_mixin.py:188} INFO - [2024-10-01T00:19:11.837+0000] {dag.py:3036} INFO - Sync 1 DAGs
[2024-10-01T00:19:11.894+0000] {logging_mixin.py:188} INFO - [2024-10-01T00:19:11.893+0000] {dag.py:3823} INFO - Setting next_dagrun for example_sla_dag to 2024-10-01 00:16:00+00:00, run_after=2024-10-01 00:18:00+00:00
[2024-10-01T00:19:11.934+0000] {processor.py:183} INFO - Processing /home/airflow/.local/lib/python3.8/site-packages/airflow/example_dags/example_sla_dag.py took 0.175 seconds
[2024-10-01T00:19:42.349+0000] {processor.py:161} INFO - Started process (PID=3166) to work on /home/airflow/.local/lib/python3.8/site-packages/airflow/example_dags/example_sla_dag.py
[2024-10-01T00:19:42.354+0000] {processor.py:830} INFO - Processing file /home/airflow/.local/lib/python3.8/site-packages/airflow/example_dags/example_sla_dag.py for tasks to queue
[2024-10-01T00:19:42.357+0000] {logging_mixin.py:188} INFO - [2024-10-01T00:19:42.357+0000] {dagbag.py:538} INFO - Filling up the DagBag from /home/airflow/.local/lib/python3.8/site-packages/airflow/example_dags/example_sla_dag.py
[2024-10-01T00:19:42.371+0000] {processor.py:840} INFO - DAG(s) 'example_sla_dag' retrieved from /home/airflow/.local/lib/python3.8/site-packages/airflow/example_dags/example_sla_dag.py
[2024-10-01T00:19:42.410+0000] {logging_mixin.py:188} INFO - [2024-10-01T00:19:42.409+0000] {dag.py:3036} INFO - Sync 1 DAGs
[2024-10-01T00:19:42.456+0000] {logging_mixin.py:188} INFO - [2024-10-01T00:19:42.456+0000] {dag.py:3823} INFO - Setting next_dagrun for example_sla_dag to 2024-10-01 00:16:00+00:00, run_after=2024-10-01 00:18:00+00:00
[2024-10-01T00:19:42.494+0000] {processor.py:183} INFO - Processing /home/airflow/.local/lib/python3.8/site-packages/airflow/example_dags/example_sla_dag.py took 0.150 seconds
[2024-10-01T00:20:12.993+0000] {processor.py:161} INFO - Started process (PID=3232) to work on /home/airflow/.local/lib/python3.8/site-packages/airflow/example_dags/example_sla_dag.py
[2024-10-01T00:20:12.998+0000] {processor.py:830} INFO - Processing file /home/airflow/.local/lib/python3.8/site-packages/airflow/example_dags/example_sla_dag.py for tasks to queue
[2024-10-01T00:20:13.000+0000] {logging_mixin.py:188} INFO - [2024-10-01T00:20:12.999+0000] {dagbag.py:538} INFO - Filling up the DagBag from /home/airflow/.local/lib/python3.8/site-packages/airflow/example_dags/example_sla_dag.py
[2024-10-01T00:20:13.008+0000] {processor.py:840} INFO - DAG(s) 'example_sla_dag' retrieved from /home/airflow/.local/lib/python3.8/site-packages/airflow/example_dags/example_sla_dag.py
[2024-10-01T00:20:13.030+0000] {logging_mixin.py:188} INFO - [2024-10-01T00:20:13.029+0000] {dag.py:3036} INFO - Sync 1 DAGs
[2024-10-01T00:20:13.062+0000] {logging_mixin.py:188} INFO - [2024-10-01T00:20:13.061+0000] {dag.py:3823} INFO - Setting next_dagrun for example_sla_dag to 2024-10-01 00:18:00+00:00, run_after=2024-10-01 00:20:00+00:00
[2024-10-01T00:20:13.089+0000] {processor.py:183} INFO - Processing /home/airflow/.local/lib/python3.8/site-packages/airflow/example_dags/example_sla_dag.py took 0.100 seconds
[2024-10-01T00:20:43.366+0000] {processor.py:161} INFO - Started process (PID=3298) to work on /home/airflow/.local/lib/python3.8/site-packages/airflow/example_dags/example_sla_dag.py
[2024-10-01T00:20:43.368+0000] {processor.py:830} INFO - Processing file /home/airflow/.local/lib/python3.8/site-packages/airflow/example_dags/example_sla_dag.py for tasks to queue
[2024-10-01T00:20:43.370+0000] {logging_mixin.py:188} INFO - [2024-10-01T00:20:43.370+0000] {dagbag.py:538} INFO - Filling up the DagBag from /home/airflow/.local/lib/python3.8/site-packages/airflow/example_dags/example_sla_dag.py
[2024-10-01T00:20:43.383+0000] {processor.py:840} INFO - DAG(s) 'example_sla_dag' retrieved from /home/airflow/.local/lib/python3.8/site-packages/airflow/example_dags/example_sla_dag.py
[2024-10-01T00:20:43.414+0000] {logging_mixin.py:188} INFO - [2024-10-01T00:20:43.414+0000] {dag.py:3036} INFO - Sync 1 DAGs
[2024-10-01T00:20:43.457+0000] {logging_mixin.py:188} INFO - [2024-10-01T00:20:43.456+0000] {dag.py:3823} INFO - Setting next_dagrun for example_sla_dag to 2024-10-01 00:18:00+00:00, run_after=2024-10-01 00:20:00+00:00
[2024-10-01T00:20:43.492+0000] {processor.py:183} INFO - Processing /home/airflow/.local/lib/python3.8/site-packages/airflow/example_dags/example_sla_dag.py took 0.131 seconds
[2024-10-01T00:21:14.164+0000] {processor.py:161} INFO - Started process (PID=3364) to work on /home/airflow/.local/lib/python3.8/site-packages/airflow/example_dags/example_sla_dag.py
[2024-10-01T00:21:14.166+0000] {processor.py:830} INFO - Processing file /home/airflow/.local/lib/python3.8/site-packages/airflow/example_dags/example_sla_dag.py for tasks to queue
[2024-10-01T00:21:14.170+0000] {logging_mixin.py:188} INFO - [2024-10-01T00:21:14.169+0000] {dagbag.py:538} INFO - Filling up the DagBag from /home/airflow/.local/lib/python3.8/site-packages/airflow/example_dags/example_sla_dag.py
[2024-10-01T00:21:14.196+0000] {processor.py:840} INFO - DAG(s) 'example_sla_dag' retrieved from /home/airflow/.local/lib/python3.8/site-packages/airflow/example_dags/example_sla_dag.py
[2024-10-01T00:21:14.255+0000] {logging_mixin.py:188} INFO - [2024-10-01T00:21:14.254+0000] {dag.py:3036} INFO - Sync 1 DAGs
[2024-10-01T00:21:14.318+0000] {logging_mixin.py:188} INFO - [2024-10-01T00:21:14.317+0000] {dag.py:3823} INFO - Setting next_dagrun for example_sla_dag to 2024-10-01 00:18:00+00:00, run_after=2024-10-01 00:20:00+00:00
[2024-10-01T00:21:14.367+0000] {processor.py:183} INFO - Processing /home/airflow/.local/lib/python3.8/site-packages/airflow/example_dags/example_sla_dag.py took 0.210 seconds
[2024-10-01T00:21:44.836+0000] {processor.py:161} INFO - Started process (PID=3430) to work on /home/airflow/.local/lib/python3.8/site-packages/airflow/example_dags/example_sla_dag.py
[2024-10-01T00:21:44.838+0000] {processor.py:830} INFO - Processing file /home/airflow/.local/lib/python3.8/site-packages/airflow/example_dags/example_sla_dag.py for tasks to queue
[2024-10-01T00:21:44.841+0000] {logging_mixin.py:188} INFO - [2024-10-01T00:21:44.840+0000] {dagbag.py:538} INFO - Filling up the DagBag from /home/airflow/.local/lib/python3.8/site-packages/airflow/example_dags/example_sla_dag.py
[2024-10-01T00:21:44.856+0000] {processor.py:840} INFO - DAG(s) 'example_sla_dag' retrieved from /home/airflow/.local/lib/python3.8/site-packages/airflow/example_dags/example_sla_dag.py
[2024-10-01T00:21:44.893+0000] {logging_mixin.py:188} INFO - [2024-10-01T00:21:44.893+0000] {dag.py:3036} INFO - Sync 1 DAGs
[2024-10-01T00:21:44.929+0000] {logging_mixin.py:188} INFO - [2024-10-01T00:21:44.929+0000] {dag.py:3823} INFO - Setting next_dagrun for example_sla_dag to 2024-10-01 00:18:00+00:00, run_after=2024-10-01 00:20:00+00:00
[2024-10-01T00:21:44.953+0000] {processor.py:183} INFO - Processing /home/airflow/.local/lib/python3.8/site-packages/airflow/example_dags/example_sla_dag.py took 0.124 seconds
[2024-10-01T00:22:15.453+0000] {processor.py:161} INFO - Started process (PID=3496) to work on /home/airflow/.local/lib/python3.8/site-packages/airflow/example_dags/example_sla_dag.py
[2024-10-01T00:22:15.459+0000] {processor.py:830} INFO - Processing file /home/airflow/.local/lib/python3.8/site-packages/airflow/example_dags/example_sla_dag.py for tasks to queue
[2024-10-01T00:22:15.461+0000] {logging_mixin.py:188} INFO - [2024-10-01T00:22:15.460+0000] {dagbag.py:538} INFO - Filling up the DagBag from /home/airflow/.local/lib/python3.8/site-packages/airflow/example_dags/example_sla_dag.py
[2024-10-01T00:22:15.471+0000] {processor.py:840} INFO - DAG(s) 'example_sla_dag' retrieved from /home/airflow/.local/lib/python3.8/site-packages/airflow/example_dags/example_sla_dag.py
[2024-10-01T00:22:15.497+0000] {logging_mixin.py:188} INFO - [2024-10-01T00:22:15.497+0000] {dag.py:3036} INFO - Sync 1 DAGs
[2024-10-01T00:22:15.538+0000] {logging_mixin.py:188} INFO - [2024-10-01T00:22:15.538+0000] {dag.py:3823} INFO - Setting next_dagrun for example_sla_dag to 2024-10-01 00:20:00+00:00, run_after=2024-10-01 00:22:00+00:00
[2024-10-01T00:22:15.576+0000] {processor.py:183} INFO - Processing /home/airflow/.local/lib/python3.8/site-packages/airflow/example_dags/example_sla_dag.py took 0.128 seconds
[2024-10-01T00:22:45.665+0000] {processor.py:161} INFO - Started process (PID=3570) to work on /home/airflow/.local/lib/python3.8/site-packages/airflow/example_dags/example_sla_dag.py
[2024-10-01T00:22:45.668+0000] {processor.py:830} INFO - Processing file /home/airflow/.local/lib/python3.8/site-packages/airflow/example_dags/example_sla_dag.py for tasks to queue
[2024-10-01T00:22:45.673+0000] {logging_mixin.py:188} INFO - [2024-10-01T00:22:45.672+0000] {dagbag.py:538} INFO - Filling up the DagBag from /home/airflow/.local/lib/python3.8/site-packages/airflow/example_dags/example_sla_dag.py
[2024-10-01T00:22:45.701+0000] {processor.py:840} INFO - DAG(s) 'example_sla_dag' retrieved from /home/airflow/.local/lib/python3.8/site-packages/airflow/example_dags/example_sla_dag.py
[2024-10-01T00:22:45.762+0000] {logging_mixin.py:188} INFO - [2024-10-01T00:22:45.761+0000] {dag.py:3036} INFO - Sync 1 DAGs
[2024-10-01T00:22:45.833+0000] {logging_mixin.py:188} INFO - [2024-10-01T00:22:45.832+0000] {dag.py:3823} INFO - Setting next_dagrun for example_sla_dag to 2024-10-01 00:20:00+00:00, run_after=2024-10-01 00:22:00+00:00
[2024-10-01T00:22:45.879+0000] {processor.py:183} INFO - Processing /home/airflow/.local/lib/python3.8/site-packages/airflow/example_dags/example_sla_dag.py took 0.224 seconds
[2024-10-01T00:23:16.043+0000] {processor.py:161} INFO - Started process (PID=3638) to work on /home/airflow/.local/lib/python3.8/site-packages/airflow/example_dags/example_sla_dag.py
[2024-10-01T00:23:16.046+0000] {processor.py:830} INFO - Processing file /home/airflow/.local/lib/python3.8/site-packages/airflow/example_dags/example_sla_dag.py for tasks to queue
[2024-10-01T00:23:16.052+0000] {logging_mixin.py:188} INFO - [2024-10-01T00:23:16.051+0000] {dagbag.py:538} INFO - Filling up the DagBag from /home/airflow/.local/lib/python3.8/site-packages/airflow/example_dags/example_sla_dag.py
[2024-10-01T00:23:16.085+0000] {processor.py:840} INFO - DAG(s) 'example_sla_dag' retrieved from /home/airflow/.local/lib/python3.8/site-packages/airflow/example_dags/example_sla_dag.py
[2024-10-01T00:23:16.138+0000] {logging_mixin.py:188} INFO - [2024-10-01T00:23:16.137+0000] {dag.py:3036} INFO - Sync 1 DAGs
[2024-10-01T00:23:16.197+0000] {logging_mixin.py:188} INFO - [2024-10-01T00:23:16.197+0000] {dag.py:3823} INFO - Setting next_dagrun for example_sla_dag to 2024-10-01 00:20:00+00:00, run_after=2024-10-01 00:22:00+00:00
[2024-10-01T00:23:16.238+0000] {processor.py:183} INFO - Processing /home/airflow/.local/lib/python3.8/site-packages/airflow/example_dags/example_sla_dag.py took 0.204 seconds
[2024-10-01T00:23:46.869+0000] {processor.py:161} INFO - Started process (PID=3704) to work on /home/airflow/.local/lib/python3.8/site-packages/airflow/example_dags/example_sla_dag.py
[2024-10-01T00:23:46.874+0000] {processor.py:830} INFO - Processing file /home/airflow/.local/lib/python3.8/site-packages/airflow/example_dags/example_sla_dag.py for tasks to queue
[2024-10-01T00:23:46.881+0000] {logging_mixin.py:188} INFO - [2024-10-01T00:23:46.880+0000] {dagbag.py:538} INFO - Filling up the DagBag from /home/airflow/.local/lib/python3.8/site-packages/airflow/example_dags/example_sla_dag.py
[2024-10-01T00:23:46.920+0000] {processor.py:840} INFO - DAG(s) 'example_sla_dag' retrieved from /home/airflow/.local/lib/python3.8/site-packages/airflow/example_dags/example_sla_dag.py
[2024-10-01T00:23:46.996+0000] {logging_mixin.py:188} INFO - [2024-10-01T00:23:46.996+0000] {dag.py:3036} INFO - Sync 1 DAGs
[2024-10-01T00:23:47.103+0000] {logging_mixin.py:188} INFO - [2024-10-01T00:23:47.102+0000] {dag.py:3823} INFO - Setting next_dagrun for example_sla_dag to 2024-10-01 00:20:00+00:00, run_after=2024-10-01 00:22:00+00:00
[2024-10-01T00:23:47.176+0000] {processor.py:183} INFO - Processing /home/airflow/.local/lib/python3.8/site-packages/airflow/example_dags/example_sla_dag.py took 0.319 seconds
[2024-10-01T00:24:17.677+0000] {processor.py:161} INFO - Started process (PID=3770) to work on /home/airflow/.local/lib/python3.8/site-packages/airflow/example_dags/example_sla_dag.py
[2024-10-01T00:24:17.681+0000] {processor.py:830} INFO - Processing file /home/airflow/.local/lib/python3.8/site-packages/airflow/example_dags/example_sla_dag.py for tasks to queue
[2024-10-01T00:24:17.689+0000] {logging_mixin.py:188} INFO - [2024-10-01T00:24:17.687+0000] {dagbag.py:538} INFO - Filling up the DagBag from /home/airflow/.local/lib/python3.8/site-packages/airflow/example_dags/example_sla_dag.py
[2024-10-01T00:24:17.720+0000] {processor.py:840} INFO - DAG(s) 'example_sla_dag' retrieved from /home/airflow/.local/lib/python3.8/site-packages/airflow/example_dags/example_sla_dag.py
[2024-10-01T00:24:17.799+0000] {logging_mixin.py:188} INFO - [2024-10-01T00:24:17.798+0000] {dag.py:3036} INFO - Sync 1 DAGs
[2024-10-01T00:24:17.894+0000] {logging_mixin.py:188} INFO - [2024-10-01T00:24:17.893+0000] {dag.py:3823} INFO - Setting next_dagrun for example_sla_dag to 2024-10-01 00:22:00+00:00, run_after=2024-10-01 00:24:00+00:00
[2024-10-01T00:24:17.957+0000] {processor.py:183} INFO - Processing /home/airflow/.local/lib/python3.8/site-packages/airflow/example_dags/example_sla_dag.py took 0.294 seconds
[2024-10-01T00:24:48.318+0000] {processor.py:161} INFO - Started process (PID=3828) to work on /home/airflow/.local/lib/python3.8/site-packages/airflow/example_dags/example_sla_dag.py
[2024-10-01T00:24:48.321+0000] {processor.py:830} INFO - Processing file /home/airflow/.local/lib/python3.8/site-packages/airflow/example_dags/example_sla_dag.py for tasks to queue
[2024-10-01T00:24:48.326+0000] {logging_mixin.py:188} INFO - [2024-10-01T00:24:48.325+0000] {dagbag.py:538} INFO - Filling up the DagBag from /home/airflow/.local/lib/python3.8/site-packages/airflow/example_dags/example_sla_dag.py
[2024-10-01T00:24:48.352+0000] {processor.py:840} INFO - DAG(s) 'example_sla_dag' retrieved from /home/airflow/.local/lib/python3.8/site-packages/airflow/example_dags/example_sla_dag.py
[2024-10-01T00:24:48.409+0000] {logging_mixin.py:188} INFO - [2024-10-01T00:24:48.408+0000] {dag.py:3036} INFO - Sync 1 DAGs
[2024-10-01T00:24:48.483+0000] {logging_mixin.py:188} INFO - [2024-10-01T00:24:48.483+0000] {dag.py:3823} INFO - Setting next_dagrun for example_sla_dag to 2024-10-01 00:22:00+00:00, run_after=2024-10-01 00:24:00+00:00
[2024-10-01T00:24:48.539+0000] {processor.py:183} INFO - Processing /home/airflow/.local/lib/python3.8/site-packages/airflow/example_dags/example_sla_dag.py took 0.232 seconds
[2024-10-01T00:25:19.118+0000] {processor.py:161} INFO - Started process (PID=3894) to work on /home/airflow/.local/lib/python3.8/site-packages/airflow/example_dags/example_sla_dag.py
[2024-10-01T00:25:19.121+0000] {processor.py:830} INFO - Processing file /home/airflow/.local/lib/python3.8/site-packages/airflow/example_dags/example_sla_dag.py for tasks to queue
[2024-10-01T00:25:19.128+0000] {logging_mixin.py:188} INFO - [2024-10-01T00:25:19.127+0000] {dagbag.py:538} INFO - Filling up the DagBag from /home/airflow/.local/lib/python3.8/site-packages/airflow/example_dags/example_sla_dag.py
[2024-10-01T00:25:19.165+0000] {processor.py:840} INFO - DAG(s) 'example_sla_dag' retrieved from /home/airflow/.local/lib/python3.8/site-packages/airflow/example_dags/example_sla_dag.py
[2024-10-01T00:25:19.235+0000] {logging_mixin.py:188} INFO - [2024-10-01T00:25:19.235+0000] {dag.py:3036} INFO - Sync 1 DAGs
[2024-10-01T00:25:19.323+0000] {logging_mixin.py:188} INFO - [2024-10-01T00:25:19.322+0000] {dag.py:3823} INFO - Setting next_dagrun for example_sla_dag to 2024-10-01 00:22:00+00:00, run_after=2024-10-01 00:24:00+00:00
[2024-10-01T00:25:19.382+0000] {processor.py:183} INFO - Processing /home/airflow/.local/lib/python3.8/site-packages/airflow/example_dags/example_sla_dag.py took 0.276 seconds
[2024-10-01T00:25:49.622+0000] {processor.py:161} INFO - Started process (PID=3960) to work on /home/airflow/.local/lib/python3.8/site-packages/airflow/example_dags/example_sla_dag.py
[2024-10-01T00:25:49.626+0000] {processor.py:830} INFO - Processing file /home/airflow/.local/lib/python3.8/site-packages/airflow/example_dags/example_sla_dag.py for tasks to queue
[2024-10-01T00:25:49.633+0000] {logging_mixin.py:188} INFO - [2024-10-01T00:25:49.632+0000] {dagbag.py:538} INFO - Filling up the DagBag from /home/airflow/.local/lib/python3.8/site-packages/airflow/example_dags/example_sla_dag.py
[2024-10-01T00:25:49.663+0000] {processor.py:840} INFO - DAG(s) 'example_sla_dag' retrieved from /home/airflow/.local/lib/python3.8/site-packages/airflow/example_dags/example_sla_dag.py
[2024-10-01T00:25:49.735+0000] {logging_mixin.py:188} INFO - [2024-10-01T00:25:49.734+0000] {dag.py:3036} INFO - Sync 1 DAGs
[2024-10-01T00:25:49.822+0000] {logging_mixin.py:188} INFO - [2024-10-01T00:25:49.821+0000] {dag.py:3823} INFO - Setting next_dagrun for example_sla_dag to 2024-10-01 00:22:00+00:00, run_after=2024-10-01 00:24:00+00:00
[2024-10-01T00:25:49.877+0000] {processor.py:183} INFO - Processing /home/airflow/.local/lib/python3.8/site-packages/airflow/example_dags/example_sla_dag.py took 0.268 seconds
[2024-10-01T00:26:20.416+0000] {processor.py:161} INFO - Started process (PID=4026) to work on /home/airflow/.local/lib/python3.8/site-packages/airflow/example_dags/example_sla_dag.py
[2024-10-01T00:26:20.419+0000] {processor.py:830} INFO - Processing file /home/airflow/.local/lib/python3.8/site-packages/airflow/example_dags/example_sla_dag.py for tasks to queue
[2024-10-01T00:26:20.424+0000] {logging_mixin.py:188} INFO - [2024-10-01T00:26:20.423+0000] {dagbag.py:538} INFO - Filling up the DagBag from /home/airflow/.local/lib/python3.8/site-packages/airflow/example_dags/example_sla_dag.py
[2024-10-01T00:26:20.450+0000] {processor.py:840} INFO - DAG(s) 'example_sla_dag' retrieved from /home/airflow/.local/lib/python3.8/site-packages/airflow/example_dags/example_sla_dag.py
[2024-10-01T00:26:20.506+0000] {logging_mixin.py:188} INFO - [2024-10-01T00:26:20.505+0000] {dag.py:3036} INFO - Sync 1 DAGs
[2024-10-01T00:26:20.585+0000] {logging_mixin.py:188} INFO - [2024-10-01T00:26:20.584+0000] {dag.py:3823} INFO - Setting next_dagrun for example_sla_dag to 2024-10-01 00:24:00+00:00, run_after=2024-10-01 00:26:00+00:00
[2024-10-01T00:26:20.638+0000] {processor.py:183} INFO - Processing /home/airflow/.local/lib/python3.8/site-packages/airflow/example_dags/example_sla_dag.py took 0.232 seconds
[2024-10-01T00:26:50.798+0000] {processor.py:161} INFO - Started process (PID=4092) to work on /home/airflow/.local/lib/python3.8/site-packages/airflow/example_dags/example_sla_dag.py
[2024-10-01T00:26:50.802+0000] {processor.py:830} INFO - Processing file /home/airflow/.local/lib/python3.8/site-packages/airflow/example_dags/example_sla_dag.py for tasks to queue
[2024-10-01T00:26:50.808+0000] {logging_mixin.py:188} INFO - [2024-10-01T00:26:50.807+0000] {dagbag.py:538} INFO - Filling up the DagBag from /home/airflow/.local/lib/python3.8/site-packages/airflow/example_dags/example_sla_dag.py
[2024-10-01T00:26:50.838+0000] {processor.py:840} INFO - DAG(s) 'example_sla_dag' retrieved from /home/airflow/.local/lib/python3.8/site-packages/airflow/example_dags/example_sla_dag.py
[2024-10-01T00:26:50.914+0000] {logging_mixin.py:188} INFO - [2024-10-01T00:26:50.912+0000] {dag.py:3036} INFO - Sync 1 DAGs
[2024-10-01T00:26:51.048+0000] {logging_mixin.py:188} INFO - [2024-10-01T00:26:51.047+0000] {dag.py:3823} INFO - Setting next_dagrun for example_sla_dag to 2024-10-01 00:24:00+00:00, run_after=2024-10-01 00:26:00+00:00
[2024-10-01T00:26:51.119+0000] {processor.py:183} INFO - Processing /home/airflow/.local/lib/python3.8/site-packages/airflow/example_dags/example_sla_dag.py took 0.330 seconds
[2024-10-01T00:27:21.341+0000] {processor.py:161} INFO - Started process (PID=4158) to work on /home/airflow/.local/lib/python3.8/site-packages/airflow/example_dags/example_sla_dag.py
[2024-10-01T00:27:21.345+0000] {processor.py:830} INFO - Processing file /home/airflow/.local/lib/python3.8/site-packages/airflow/example_dags/example_sla_dag.py for tasks to queue
[2024-10-01T00:27:21.350+0000] {logging_mixin.py:188} INFO - [2024-10-01T00:27:21.349+0000] {dagbag.py:538} INFO - Filling up the DagBag from /home/airflow/.local/lib/python3.8/site-packages/airflow/example_dags/example_sla_dag.py
[2024-10-01T00:27:21.381+0000] {processor.py:840} INFO - DAG(s) 'example_sla_dag' retrieved from /home/airflow/.local/lib/python3.8/site-packages/airflow/example_dags/example_sla_dag.py
[2024-10-01T00:27:21.440+0000] {logging_mixin.py:188} INFO - [2024-10-01T00:27:21.439+0000] {dag.py:3036} INFO - Sync 1 DAGs
[2024-10-01T00:27:21.519+0000] {logging_mixin.py:188} INFO - [2024-10-01T00:27:21.518+0000] {dag.py:3823} INFO - Setting next_dagrun for example_sla_dag to 2024-10-01 00:24:00+00:00, run_after=2024-10-01 00:26:00+00:00
[2024-10-01T00:27:21.575+0000] {processor.py:183} INFO - Processing /home/airflow/.local/lib/python3.8/site-packages/airflow/example_dags/example_sla_dag.py took 0.243 seconds
[2024-10-01T00:27:53.223+0000] {processor.py:161} INFO - Started process (PID=4224) to work on /home/airflow/.local/lib/python3.8/site-packages/airflow/example_dags/example_sla_dag.py
[2024-10-01T00:27:53.238+0000] {processor.py:830} INFO - Processing file /home/airflow/.local/lib/python3.8/site-packages/airflow/example_dags/example_sla_dag.py for tasks to queue
[2024-10-01T00:27:53.246+0000] {logging_mixin.py:188} INFO - [2024-10-01T00:27:53.245+0000] {dagbag.py:538} INFO - Filling up the DagBag from /home/airflow/.local/lib/python3.8/site-packages/airflow/example_dags/example_sla_dag.py
[2024-10-01T00:27:53.281+0000] {processor.py:840} INFO - DAG(s) 'example_sla_dag' retrieved from /home/airflow/.local/lib/python3.8/site-packages/airflow/example_dags/example_sla_dag.py
[2024-10-01T00:27:53.354+0000] {logging_mixin.py:188} INFO - [2024-10-01T00:27:53.353+0000] {dag.py:3036} INFO - Sync 1 DAGs
[2024-10-01T00:27:53.450+0000] {logging_mixin.py:188} INFO - [2024-10-01T00:27:53.449+0000] {dag.py:3823} INFO - Setting next_dagrun for example_sla_dag to 2024-10-01 00:24:00+00:00, run_after=2024-10-01 00:26:00+00:00
[2024-10-01T00:27:53.518+0000] {processor.py:183} INFO - Processing /home/airflow/.local/lib/python3.8/site-packages/airflow/example_dags/example_sla_dag.py took 0.310 seconds
[2024-10-01T00:28:24.292+0000] {processor.py:161} INFO - Started process (PID=4291) to work on /home/airflow/.local/lib/python3.8/site-packages/airflow/example_dags/example_sla_dag.py
[2024-10-01T00:28:24.296+0000] {processor.py:830} INFO - Processing file /home/airflow/.local/lib/python3.8/site-packages/airflow/example_dags/example_sla_dag.py for tasks to queue
[2024-10-01T00:28:24.303+0000] {logging_mixin.py:188} INFO - [2024-10-01T00:28:24.302+0000] {dagbag.py:538} INFO - Filling up the DagBag from /home/airflow/.local/lib/python3.8/site-packages/airflow/example_dags/example_sla_dag.py
[2024-10-01T00:28:24.337+0000] {processor.py:840} INFO - DAG(s) 'example_sla_dag' retrieved from /home/airflow/.local/lib/python3.8/site-packages/airflow/example_dags/example_sla_dag.py
[2024-10-01T00:28:24.410+0000] {logging_mixin.py:188} INFO - [2024-10-01T00:28:24.409+0000] {dag.py:3036} INFO - Sync 1 DAGs
[2024-10-01T00:28:24.508+0000] {logging_mixin.py:188} INFO - [2024-10-01T00:28:24.508+0000] {dag.py:3823} INFO - Setting next_dagrun for example_sla_dag to 2024-10-01 00:26:00+00:00, run_after=2024-10-01 00:28:00+00:00
[2024-10-01T00:28:24.580+0000] {processor.py:183} INFO - Processing /home/airflow/.local/lib/python3.8/site-packages/airflow/example_dags/example_sla_dag.py took 0.303 seconds
[2024-10-01T00:28:54.883+0000] {processor.py:161} INFO - Started process (PID=4355) to work on /home/airflow/.local/lib/python3.8/site-packages/airflow/example_dags/example_sla_dag.py
[2024-10-01T00:28:54.886+0000] {processor.py:830} INFO - Processing file /home/airflow/.local/lib/python3.8/site-packages/airflow/example_dags/example_sla_dag.py for tasks to queue
[2024-10-01T00:28:54.891+0000] {logging_mixin.py:188} INFO - [2024-10-01T00:28:54.890+0000] {dagbag.py:538} INFO - Filling up the DagBag from /home/airflow/.local/lib/python3.8/site-packages/airflow/example_dags/example_sla_dag.py
[2024-10-01T00:28:54.915+0000] {processor.py:840} INFO - DAG(s) 'example_sla_dag' retrieved from /home/airflow/.local/lib/python3.8/site-packages/airflow/example_dags/example_sla_dag.py
[2024-10-01T00:28:54.969+0000] {logging_mixin.py:188} INFO - [2024-10-01T00:28:54.969+0000] {dag.py:3036} INFO - Sync 1 DAGs
[2024-10-01T00:28:55.035+0000] {logging_mixin.py:188} INFO - [2024-10-01T00:28:55.034+0000] {dag.py:3823} INFO - Setting next_dagrun for example_sla_dag to 2024-10-01 00:26:00+00:00, run_after=2024-10-01 00:28:00+00:00
[2024-10-01T00:28:55.092+0000] {processor.py:183} INFO - Processing /home/airflow/.local/lib/python3.8/site-packages/airflow/example_dags/example_sla_dag.py took 0.218 seconds
[2024-10-01T00:29:25.597+0000] {processor.py:161} INFO - Started process (PID=4421) to work on /home/airflow/.local/lib/python3.8/site-packages/airflow/example_dags/example_sla_dag.py
[2024-10-01T00:29:25.601+0000] {processor.py:830} INFO - Processing file /home/airflow/.local/lib/python3.8/site-packages/airflow/example_dags/example_sla_dag.py for tasks to queue
[2024-10-01T00:29:25.606+0000] {logging_mixin.py:188} INFO - [2024-10-01T00:29:25.605+0000] {dagbag.py:538} INFO - Filling up the DagBag from /home/airflow/.local/lib/python3.8/site-packages/airflow/example_dags/example_sla_dag.py
[2024-10-01T00:29:25.634+0000] {processor.py:840} INFO - DAG(s) 'example_sla_dag' retrieved from /home/airflow/.local/lib/python3.8/site-packages/airflow/example_dags/example_sla_dag.py
[2024-10-01T00:29:25.698+0000] {logging_mixin.py:188} INFO - [2024-10-01T00:29:25.697+0000] {dag.py:3036} INFO - Sync 1 DAGs
[2024-10-01T00:29:25.783+0000] {logging_mixin.py:188} INFO - [2024-10-01T00:29:25.782+0000] {dag.py:3823} INFO - Setting next_dagrun for example_sla_dag to 2024-10-01 00:26:00+00:00, run_after=2024-10-01 00:28:00+00:00
[2024-10-01T00:29:25.846+0000] {processor.py:183} INFO - Processing /home/airflow/.local/lib/python3.8/site-packages/airflow/example_dags/example_sla_dag.py took 0.260 seconds
[2024-10-01T00:29:55.990+0000] {processor.py:161} INFO - Started process (PID=4479) to work on /home/airflow/.local/lib/python3.8/site-packages/airflow/example_dags/example_sla_dag.py
[2024-10-01T00:29:55.992+0000] {processor.py:830} INFO - Processing file /home/airflow/.local/lib/python3.8/site-packages/airflow/example_dags/example_sla_dag.py for tasks to queue
[2024-10-01T00:29:55.995+0000] {logging_mixin.py:188} INFO - [2024-10-01T00:29:55.995+0000] {dagbag.py:538} INFO - Filling up the DagBag from /home/airflow/.local/lib/python3.8/site-packages/airflow/example_dags/example_sla_dag.py
[2024-10-01T00:29:56.014+0000] {processor.py:840} INFO - DAG(s) 'example_sla_dag' retrieved from /home/airflow/.local/lib/python3.8/site-packages/airflow/example_dags/example_sla_dag.py
[2024-10-01T00:29:56.055+0000] {logging_mixin.py:188} INFO - [2024-10-01T00:29:56.055+0000] {dag.py:3036} INFO - Sync 1 DAGs
[2024-10-01T00:29:56.111+0000] {logging_mixin.py:188} INFO - [2024-10-01T00:29:56.110+0000] {dag.py:3823} INFO - Setting next_dagrun for example_sla_dag to 2024-10-01 00:26:00+00:00, run_after=2024-10-01 00:28:00+00:00
[2024-10-01T00:29:56.146+0000] {processor.py:183} INFO - Processing /home/airflow/.local/lib/python3.8/site-packages/airflow/example_dags/example_sla_dag.py took 0.163 seconds
[2024-10-01T00:30:26.662+0000] {processor.py:161} INFO - Started process (PID=4545) to work on /home/airflow/.local/lib/python3.8/site-packages/airflow/example_dags/example_sla_dag.py
[2024-10-01T00:30:26.665+0000] {processor.py:830} INFO - Processing file /home/airflow/.local/lib/python3.8/site-packages/airflow/example_dags/example_sla_dag.py for tasks to queue
[2024-10-01T00:30:26.668+0000] {logging_mixin.py:188} INFO - [2024-10-01T00:30:26.668+0000] {dagbag.py:538} INFO - Filling up the DagBag from /home/airflow/.local/lib/python3.8/site-packages/airflow/example_dags/example_sla_dag.py
[2024-10-01T00:30:26.687+0000] {processor.py:840} INFO - DAG(s) 'example_sla_dag' retrieved from /home/airflow/.local/lib/python3.8/site-packages/airflow/example_dags/example_sla_dag.py
[2024-10-01T00:30:26.729+0000] {logging_mixin.py:188} INFO - [2024-10-01T00:30:26.729+0000] {dag.py:3036} INFO - Sync 1 DAGs
[2024-10-01T00:30:26.791+0000] {logging_mixin.py:188} INFO - [2024-10-01T00:30:26.791+0000] {dag.py:3823} INFO - Setting next_dagrun for example_sla_dag to 2024-10-01 00:28:00+00:00, run_after=2024-10-01 00:30:00+00:00
[2024-10-01T00:30:26.842+0000] {processor.py:183} INFO - Processing /home/airflow/.local/lib/python3.8/site-packages/airflow/example_dags/example_sla_dag.py took 0.187 seconds
[2024-10-01T00:30:57.191+0000] {processor.py:161} INFO - Started process (PID=4611) to work on /home/airflow/.local/lib/python3.8/site-packages/airflow/example_dags/example_sla_dag.py
[2024-10-01T00:30:57.194+0000] {processor.py:830} INFO - Processing file /home/airflow/.local/lib/python3.8/site-packages/airflow/example_dags/example_sla_dag.py for tasks to queue
[2024-10-01T00:30:57.200+0000] {logging_mixin.py:188} INFO - [2024-10-01T00:30:57.199+0000] {dagbag.py:538} INFO - Filling up the DagBag from /home/airflow/.local/lib/python3.8/site-packages/airflow/example_dags/example_sla_dag.py
[2024-10-01T00:30:57.227+0000] {processor.py:840} INFO - DAG(s) 'example_sla_dag' retrieved from /home/airflow/.local/lib/python3.8/site-packages/airflow/example_dags/example_sla_dag.py
[2024-10-01T00:30:57.287+0000] {logging_mixin.py:188} INFO - [2024-10-01T00:30:57.287+0000] {dag.py:3036} INFO - Sync 1 DAGs
[2024-10-01T00:30:57.361+0000] {logging_mixin.py:188} INFO - [2024-10-01T00:30:57.360+0000] {dag.py:3823} INFO - Setting next_dagrun for example_sla_dag to 2024-10-01 00:28:00+00:00, run_after=2024-10-01 00:30:00+00:00
[2024-10-01T00:30:57.422+0000] {processor.py:183} INFO - Processing /home/airflow/.local/lib/python3.8/site-packages/airflow/example_dags/example_sla_dag.py took 0.242 seconds
[2024-10-01T00:31:28.584+0000] {processor.py:161} INFO - Started process (PID=4677) to work on /home/airflow/.local/lib/python3.8/site-packages/airflow/example_dags/example_sla_dag.py
[2024-10-01T00:31:28.588+0000] {processor.py:830} INFO - Processing file /home/airflow/.local/lib/python3.8/site-packages/airflow/example_dags/example_sla_dag.py for tasks to queue
[2024-10-01T00:31:28.595+0000] {logging_mixin.py:188} INFO - [2024-10-01T00:31:28.594+0000] {dagbag.py:538} INFO - Filling up the DagBag from /home/airflow/.local/lib/python3.8/site-packages/airflow/example_dags/example_sla_dag.py
[2024-10-01T00:31:28.634+0000] {processor.py:840} INFO - DAG(s) 'example_sla_dag' retrieved from /home/airflow/.local/lib/python3.8/site-packages/airflow/example_dags/example_sla_dag.py
[2024-10-01T00:31:28.708+0000] {logging_mixin.py:188} INFO - [2024-10-01T00:31:28.707+0000] {dag.py:3036} INFO - Sync 1 DAGs
[2024-10-01T00:31:28.811+0000] {logging_mixin.py:188} INFO - [2024-10-01T00:31:28.810+0000] {dag.py:3823} INFO - Setting next_dagrun for example_sla_dag to 2024-10-01 00:28:00+00:00, run_after=2024-10-01 00:30:00+00:00
[2024-10-01T00:31:28.878+0000] {processor.py:183} INFO - Processing /home/airflow/.local/lib/python3.8/site-packages/airflow/example_dags/example_sla_dag.py took 0.309 seconds
[2024-10-01T00:32:02.689+0000] {processor.py:161} INFO - Started process (PID=4746) to work on /home/airflow/.local/lib/python3.8/site-packages/airflow/example_dags/example_sla_dag.py
[2024-10-01T00:32:02.693+0000] {processor.py:830} INFO - Processing file /home/airflow/.local/lib/python3.8/site-packages/airflow/example_dags/example_sla_dag.py for tasks to queue
[2024-10-01T00:32:02.700+0000] {logging_mixin.py:188} INFO - [2024-10-01T00:32:02.698+0000] {dagbag.py:538} INFO - Filling up the DagBag from /home/airflow/.local/lib/python3.8/site-packages/airflow/example_dags/example_sla_dag.py
[2024-10-01T00:32:02.736+0000] {processor.py:840} INFO - DAG(s) 'example_sla_dag' retrieved from /home/airflow/.local/lib/python3.8/site-packages/airflow/example_dags/example_sla_dag.py
[2024-10-01T00:32:02.808+0000] {logging_mixin.py:188} INFO - [2024-10-01T00:32:02.808+0000] {dag.py:3036} INFO - Sync 1 DAGs
[2024-10-01T00:32:02.905+0000] {logging_mixin.py:188} INFO - [2024-10-01T00:32:02.904+0000] {dag.py:3823} INFO - Setting next_dagrun for example_sla_dag to 2024-10-01 00:30:00+00:00, run_after=2024-10-01 00:32:00+00:00
[2024-10-01T00:32:02.968+0000] {processor.py:183} INFO - Processing /home/airflow/.local/lib/python3.8/site-packages/airflow/example_dags/example_sla_dag.py took 0.293 seconds
[2024-10-01T00:32:33.388+0000] {processor.py:161} INFO - Started process (PID=4811) to work on /home/airflow/.local/lib/python3.8/site-packages/airflow/example_dags/example_sla_dag.py
[2024-10-01T00:32:33.392+0000] {processor.py:830} INFO - Processing file /home/airflow/.local/lib/python3.8/site-packages/airflow/example_dags/example_sla_dag.py for tasks to queue
[2024-10-01T00:32:33.397+0000] {logging_mixin.py:188} INFO - [2024-10-01T00:32:33.396+0000] {dagbag.py:538} INFO - Filling up the DagBag from /home/airflow/.local/lib/python3.8/site-packages/airflow/example_dags/example_sla_dag.py
[2024-10-01T00:32:33.423+0000] {processor.py:840} INFO - DAG(s) 'example_sla_dag' retrieved from /home/airflow/.local/lib/python3.8/site-packages/airflow/example_dags/example_sla_dag.py
[2024-10-01T00:32:33.481+0000] {logging_mixin.py:188} INFO - [2024-10-01T00:32:33.480+0000] {dag.py:3036} INFO - Sync 1 DAGs
[2024-10-01T00:32:33.559+0000] {logging_mixin.py:188} INFO - [2024-10-01T00:32:33.559+0000] {dag.py:3823} INFO - Setting next_dagrun for example_sla_dag to 2024-10-01 00:30:00+00:00, run_after=2024-10-01 00:32:00+00:00
[2024-10-01T00:32:33.621+0000] {processor.py:183} INFO - Processing /home/airflow/.local/lib/python3.8/site-packages/airflow/example_dags/example_sla_dag.py took 0.246 seconds
[2024-10-01T00:33:04.795+0000] {processor.py:161} INFO - Started process (PID=4871) to work on /home/airflow/.local/lib/python3.8/site-packages/airflow/example_dags/example_sla_dag.py
[2024-10-01T00:33:04.799+0000] {processor.py:830} INFO - Processing file /home/airflow/.local/lib/python3.8/site-packages/airflow/example_dags/example_sla_dag.py for tasks to queue
[2024-10-01T00:33:04.806+0000] {logging_mixin.py:188} INFO - [2024-10-01T00:33:04.805+0000] {dagbag.py:538} INFO - Filling up the DagBag from /home/airflow/.local/lib/python3.8/site-packages/airflow/example_dags/example_sla_dag.py
[2024-10-01T00:33:04.841+0000] {processor.py:840} INFO - DAG(s) 'example_sla_dag' retrieved from /home/airflow/.local/lib/python3.8/site-packages/airflow/example_dags/example_sla_dag.py
[2024-10-01T00:33:04.920+0000] {logging_mixin.py:188} INFO - [2024-10-01T00:33:04.919+0000] {dag.py:3036} INFO - Sync 1 DAGs
[2024-10-01T00:33:05.027+0000] {logging_mixin.py:188} INFO - [2024-10-01T00:33:05.026+0000] {dag.py:3823} INFO - Setting next_dagrun for example_sla_dag to 2024-10-01 00:30:00+00:00, run_after=2024-10-01 00:32:00+00:00
[2024-10-01T00:33:05.094+0000] {processor.py:183} INFO - Processing /home/airflow/.local/lib/python3.8/site-packages/airflow/example_dags/example_sla_dag.py took 0.317 seconds
[2024-10-01T00:33:38.178+0000] {processor.py:161} INFO - Started process (PID=4937) to work on /home/airflow/.local/lib/python3.8/site-packages/airflow/example_dags/example_sla_dag.py
[2024-10-01T00:33:38.185+0000] {processor.py:830} INFO - Processing file /home/airflow/.local/lib/python3.8/site-packages/airflow/example_dags/example_sla_dag.py for tasks to queue
[2024-10-01T00:33:38.200+0000] {logging_mixin.py:188} INFO - [2024-10-01T00:33:38.197+0000] {dagbag.py:538} INFO - Filling up the DagBag from /home/airflow/.local/lib/python3.8/site-packages/airflow/example_dags/example_sla_dag.py
[2024-10-01T00:33:38.260+0000] {processor.py:840} INFO - DAG(s) 'example_sla_dag' retrieved from /home/airflow/.local/lib/python3.8/site-packages/airflow/example_dags/example_sla_dag.py
[2024-10-01T00:33:38.348+0000] {logging_mixin.py:188} INFO - [2024-10-01T00:33:38.347+0000] {dag.py:3036} INFO - Sync 1 DAGs
[2024-10-01T00:33:38.497+0000] {logging_mixin.py:188} INFO - [2024-10-01T00:33:38.495+0000] {dag.py:3823} INFO - Setting next_dagrun for example_sla_dag to 2024-10-01 00:30:00+00:00, run_after=2024-10-01 00:32:00+00:00
[2024-10-01T00:33:38.601+0000] {processor.py:183} INFO - Processing /home/airflow/.local/lib/python3.8/site-packages/airflow/example_dags/example_sla_dag.py took 0.450 seconds
[2024-10-01T00:34:09.137+0000] {processor.py:161} INFO - Started process (PID=5003) to work on /home/airflow/.local/lib/python3.8/site-packages/airflow/example_dags/example_sla_dag.py
[2024-10-01T00:34:09.141+0000] {processor.py:830} INFO - Processing file /home/airflow/.local/lib/python3.8/site-packages/airflow/example_dags/example_sla_dag.py for tasks to queue
[2024-10-01T00:34:09.146+0000] {logging_mixin.py:188} INFO - [2024-10-01T00:34:09.145+0000] {dagbag.py:538} INFO - Filling up the DagBag from /home/airflow/.local/lib/python3.8/site-packages/airflow/example_dags/example_sla_dag.py
[2024-10-01T00:34:09.176+0000] {processor.py:840} INFO - DAG(s) 'example_sla_dag' retrieved from /home/airflow/.local/lib/python3.8/site-packages/airflow/example_dags/example_sla_dag.py
[2024-10-01T00:34:09.245+0000] {logging_mixin.py:188} INFO - [2024-10-01T00:34:09.244+0000] {dag.py:3036} INFO - Sync 1 DAGs
[2024-10-01T00:34:09.353+0000] {logging_mixin.py:188} INFO - [2024-10-01T00:34:09.352+0000] {dag.py:3823} INFO - Setting next_dagrun for example_sla_dag to 2024-10-01 00:32:00+00:00, run_after=2024-10-01 00:34:00+00:00
[2024-10-01T00:34:09.418+0000] {processor.py:183} INFO - Processing /home/airflow/.local/lib/python3.8/site-packages/airflow/example_dags/example_sla_dag.py took 0.291 seconds
[2024-10-01T00:34:40.077+0000] {processor.py:161} INFO - Started process (PID=5068) to work on /home/airflow/.local/lib/python3.8/site-packages/airflow/example_dags/example_sla_dag.py
[2024-10-01T00:34:40.082+0000] {processor.py:830} INFO - Processing file /home/airflow/.local/lib/python3.8/site-packages/airflow/example_dags/example_sla_dag.py for tasks to queue
[2024-10-01T00:34:40.087+0000] {logging_mixin.py:188} INFO - [2024-10-01T00:34:40.086+0000] {dagbag.py:538} INFO - Filling up the DagBag from /home/airflow/.local/lib/python3.8/site-packages/airflow/example_dags/example_sla_dag.py
[2024-10-01T00:34:40.108+0000] {processor.py:840} INFO - DAG(s) 'example_sla_dag' retrieved from /home/airflow/.local/lib/python3.8/site-packages/airflow/example_dags/example_sla_dag.py
[2024-10-01T00:34:40.158+0000] {logging_mixin.py:188} INFO - [2024-10-01T00:34:40.157+0000] {dag.py:3036} INFO - Sync 1 DAGs
[2024-10-01T00:34:40.215+0000] {logging_mixin.py:188} INFO - [2024-10-01T00:34:40.214+0000] {dag.py:3823} INFO - Setting next_dagrun for example_sla_dag to 2024-10-01 00:32:00+00:00, run_after=2024-10-01 00:34:00+00:00
[2024-10-01T00:34:40.256+0000] {processor.py:183} INFO - Processing /home/airflow/.local/lib/python3.8/site-packages/airflow/example_dags/example_sla_dag.py took 0.186 seconds
