[2024-10-01T00:00:26.870+0000] {processor.py:161} INFO - Started process (PID=805) to work on /home/airflow/.local/lib/python3.8/site-packages/airflow/example_dags/example_time_delta_sensor_async.py
[2024-10-01T00:00:26.873+0000] {processor.py:830} INFO - Processing file /home/airflow/.local/lib/python3.8/site-packages/airflow/example_dags/example_time_delta_sensor_async.py for tasks to queue
[2024-10-01T00:00:26.878+0000] {logging_mixin.py:188} INFO - [2024-10-01T00:00:26.877+0000] {dagbag.py:538} INFO - Filling up the DagBag from /home/airflow/.local/lib/python3.8/site-packages/airflow/example_dags/example_time_delta_sensor_async.py
[2024-10-01T00:00:26.892+0000] {processor.py:840} INFO - DAG(s) 'example_time_delta_sensor_async' retrieved from /home/airflow/.local/lib/python3.8/site-packages/airflow/example_dags/example_time_delta_sensor_async.py
[2024-10-01T00:00:26.956+0000] {logging_mixin.py:188} INFO - [2024-10-01T00:00:26.955+0000] {dag.py:3036} INFO - Sync 1 DAGs
[2024-10-01T00:00:27.004+0000] {logging_mixin.py:188} INFO - [2024-10-01T00:00:27.003+0000] {dag.py:3823} INFO - Setting next_dagrun for example_time_delta_sensor_async to None, run_after=None
[2024-10-01T00:00:27.066+0000] {processor.py:183} INFO - Processing /home/airflow/.local/lib/python3.8/site-packages/airflow/example_dags/example_time_delta_sensor_async.py took 0.206 seconds
[2024-10-01T00:00:57.574+0000] {processor.py:161} INFO - Started process (PID=869) to work on /home/airflow/.local/lib/python3.8/site-packages/airflow/example_dags/example_time_delta_sensor_async.py
[2024-10-01T00:00:57.576+0000] {processor.py:830} INFO - Processing file /home/airflow/.local/lib/python3.8/site-packages/airflow/example_dags/example_time_delta_sensor_async.py for tasks to queue
[2024-10-01T00:00:57.580+0000] {logging_mixin.py:188} INFO - [2024-10-01T00:00:57.579+0000] {dagbag.py:538} INFO - Filling up the DagBag from /home/airflow/.local/lib/python3.8/site-packages/airflow/example_dags/example_time_delta_sensor_async.py
[2024-10-01T00:00:57.592+0000] {processor.py:840} INFO - DAG(s) 'example_time_delta_sensor_async' retrieved from /home/airflow/.local/lib/python3.8/site-packages/airflow/example_dags/example_time_delta_sensor_async.py
[2024-10-01T00:00:57.644+0000] {logging_mixin.py:188} INFO - [2024-10-01T00:00:57.643+0000] {dag.py:3036} INFO - Sync 1 DAGs
[2024-10-01T00:00:57.674+0000] {logging_mixin.py:188} INFO - [2024-10-01T00:00:57.674+0000] {dag.py:3823} INFO - Setting next_dagrun for example_time_delta_sensor_async to None, run_after=None
[2024-10-01T00:00:57.725+0000] {processor.py:183} INFO - Processing /home/airflow/.local/lib/python3.8/site-packages/airflow/example_dags/example_time_delta_sensor_async.py took 0.158 seconds
[2024-10-01T00:01:28.195+0000] {processor.py:161} INFO - Started process (PID=927) to work on /home/airflow/.local/lib/python3.8/site-packages/airflow/example_dags/example_time_delta_sensor_async.py
[2024-10-01T00:01:28.197+0000] {processor.py:830} INFO - Processing file /home/airflow/.local/lib/python3.8/site-packages/airflow/example_dags/example_time_delta_sensor_async.py for tasks to queue
[2024-10-01T00:01:28.200+0000] {logging_mixin.py:188} INFO - [2024-10-01T00:01:28.200+0000] {dagbag.py:538} INFO - Filling up the DagBag from /home/airflow/.local/lib/python3.8/site-packages/airflow/example_dags/example_time_delta_sensor_async.py
[2024-10-01T00:01:28.209+0000] {processor.py:840} INFO - DAG(s) 'example_time_delta_sensor_async' retrieved from /home/airflow/.local/lib/python3.8/site-packages/airflow/example_dags/example_time_delta_sensor_async.py
[2024-10-01T00:01:28.246+0000] {logging_mixin.py:188} INFO - [2024-10-01T00:01:28.246+0000] {dag.py:3036} INFO - Sync 1 DAGs
[2024-10-01T00:01:28.272+0000] {logging_mixin.py:188} INFO - [2024-10-01T00:01:28.271+0000] {dag.py:3823} INFO - Setting next_dagrun for example_time_delta_sensor_async to None, run_after=None
[2024-10-01T00:01:28.308+0000] {processor.py:183} INFO - Processing /home/airflow/.local/lib/python3.8/site-packages/airflow/example_dags/example_time_delta_sensor_async.py took 0.119 seconds
[2024-10-01T00:01:59.216+0000] {processor.py:161} INFO - Started process (PID=993) to work on /home/airflow/.local/lib/python3.8/site-packages/airflow/example_dags/example_time_delta_sensor_async.py
[2024-10-01T00:01:59.220+0000] {processor.py:830} INFO - Processing file /home/airflow/.local/lib/python3.8/site-packages/airflow/example_dags/example_time_delta_sensor_async.py for tasks to queue
[2024-10-01T00:01:59.225+0000] {logging_mixin.py:188} INFO - [2024-10-01T00:01:59.225+0000] {dagbag.py:538} INFO - Filling up the DagBag from /home/airflow/.local/lib/python3.8/site-packages/airflow/example_dags/example_time_delta_sensor_async.py
[2024-10-01T00:01:59.239+0000] {processor.py:840} INFO - DAG(s) 'example_time_delta_sensor_async' retrieved from /home/airflow/.local/lib/python3.8/site-packages/airflow/example_dags/example_time_delta_sensor_async.py
[2024-10-01T00:01:59.299+0000] {logging_mixin.py:188} INFO - [2024-10-01T00:01:59.298+0000] {dag.py:3036} INFO - Sync 1 DAGs
[2024-10-01T00:01:59.341+0000] {logging_mixin.py:188} INFO - [2024-10-01T00:01:59.341+0000] {dag.py:3823} INFO - Setting next_dagrun for example_time_delta_sensor_async to None, run_after=None
[2024-10-01T00:01:59.402+0000] {processor.py:183} INFO - Processing /home/airflow/.local/lib/python3.8/site-packages/airflow/example_dags/example_time_delta_sensor_async.py took 0.196 seconds
[2024-10-01T00:02:29.702+0000] {processor.py:161} INFO - Started process (PID=1059) to work on /home/airflow/.local/lib/python3.8/site-packages/airflow/example_dags/example_time_delta_sensor_async.py
[2024-10-01T00:02:29.706+0000] {processor.py:830} INFO - Processing file /home/airflow/.local/lib/python3.8/site-packages/airflow/example_dags/example_time_delta_sensor_async.py for tasks to queue
[2024-10-01T00:02:29.712+0000] {logging_mixin.py:188} INFO - [2024-10-01T00:02:29.711+0000] {dagbag.py:538} INFO - Filling up the DagBag from /home/airflow/.local/lib/python3.8/site-packages/airflow/example_dags/example_time_delta_sensor_async.py
[2024-10-01T00:02:29.727+0000] {processor.py:840} INFO - DAG(s) 'example_time_delta_sensor_async' retrieved from /home/airflow/.local/lib/python3.8/site-packages/airflow/example_dags/example_time_delta_sensor_async.py
[2024-10-01T00:02:29.791+0000] {logging_mixin.py:188} INFO - [2024-10-01T00:02:29.790+0000] {dag.py:3036} INFO - Sync 1 DAGs
[2024-10-01T00:02:29.834+0000] {logging_mixin.py:188} INFO - [2024-10-01T00:02:29.833+0000] {dag.py:3823} INFO - Setting next_dagrun for example_time_delta_sensor_async to None, run_after=None
[2024-10-01T00:02:29.892+0000] {processor.py:183} INFO - Processing /home/airflow/.local/lib/python3.8/site-packages/airflow/example_dags/example_time_delta_sensor_async.py took 0.202 seconds
[2024-10-01T00:03:00.264+0000] {processor.py:161} INFO - Started process (PID=1125) to work on /home/airflow/.local/lib/python3.8/site-packages/airflow/example_dags/example_time_delta_sensor_async.py
[2024-10-01T00:03:00.269+0000] {processor.py:830} INFO - Processing file /home/airflow/.local/lib/python3.8/site-packages/airflow/example_dags/example_time_delta_sensor_async.py for tasks to queue
[2024-10-01T00:03:00.278+0000] {logging_mixin.py:188} INFO - [2024-10-01T00:03:00.277+0000] {dagbag.py:538} INFO - Filling up the DagBag from /home/airflow/.local/lib/python3.8/site-packages/airflow/example_dags/example_time_delta_sensor_async.py
[2024-10-01T00:03:00.298+0000] {processor.py:840} INFO - DAG(s) 'example_time_delta_sensor_async' retrieved from /home/airflow/.local/lib/python3.8/site-packages/airflow/example_dags/example_time_delta_sensor_async.py
[2024-10-01T00:03:00.386+0000] {logging_mixin.py:188} INFO - [2024-10-01T00:03:00.385+0000] {dag.py:3036} INFO - Sync 1 DAGs
[2024-10-01T00:03:00.442+0000] {logging_mixin.py:188} INFO - [2024-10-01T00:03:00.441+0000] {dag.py:3823} INFO - Setting next_dagrun for example_time_delta_sensor_async to None, run_after=None
[2024-10-01T00:03:00.548+0000] {processor.py:183} INFO - Processing /home/airflow/.local/lib/python3.8/site-packages/airflow/example_dags/example_time_delta_sensor_async.py took 0.299 seconds
[2024-10-01T00:03:30.843+0000] {processor.py:161} INFO - Started process (PID=1191) to work on /home/airflow/.local/lib/python3.8/site-packages/airflow/example_dags/example_time_delta_sensor_async.py
[2024-10-01T00:03:30.847+0000] {processor.py:830} INFO - Processing file /home/airflow/.local/lib/python3.8/site-packages/airflow/example_dags/example_time_delta_sensor_async.py for tasks to queue
[2024-10-01T00:03:30.851+0000] {logging_mixin.py:188} INFO - [2024-10-01T00:03:30.850+0000] {dagbag.py:538} INFO - Filling up the DagBag from /home/airflow/.local/lib/python3.8/site-packages/airflow/example_dags/example_time_delta_sensor_async.py
[2024-10-01T00:03:30.863+0000] {processor.py:840} INFO - DAG(s) 'example_time_delta_sensor_async' retrieved from /home/airflow/.local/lib/python3.8/site-packages/airflow/example_dags/example_time_delta_sensor_async.py
[2024-10-01T00:03:30.920+0000] {logging_mixin.py:188} INFO - [2024-10-01T00:03:30.919+0000] {dag.py:3036} INFO - Sync 1 DAGs
[2024-10-01T00:03:30.957+0000] {logging_mixin.py:188} INFO - [2024-10-01T00:03:30.956+0000] {dag.py:3823} INFO - Setting next_dagrun for example_time_delta_sensor_async to None, run_after=None
[2024-10-01T00:03:31.008+0000] {processor.py:183} INFO - Processing /home/airflow/.local/lib/python3.8/site-packages/airflow/example_dags/example_time_delta_sensor_async.py took 0.173 seconds
[2024-10-01T00:04:01.581+0000] {processor.py:161} INFO - Started process (PID=1257) to work on /home/airflow/.local/lib/python3.8/site-packages/airflow/example_dags/example_time_delta_sensor_async.py
[2024-10-01T00:04:01.585+0000] {processor.py:830} INFO - Processing file /home/airflow/.local/lib/python3.8/site-packages/airflow/example_dags/example_time_delta_sensor_async.py for tasks to queue
[2024-10-01T00:04:01.591+0000] {logging_mixin.py:188} INFO - [2024-10-01T00:04:01.590+0000] {dagbag.py:538} INFO - Filling up the DagBag from /home/airflow/.local/lib/python3.8/site-packages/airflow/example_dags/example_time_delta_sensor_async.py
[2024-10-01T00:04:01.608+0000] {processor.py:840} INFO - DAG(s) 'example_time_delta_sensor_async' retrieved from /home/airflow/.local/lib/python3.8/site-packages/airflow/example_dags/example_time_delta_sensor_async.py
[2024-10-01T00:04:01.695+0000] {logging_mixin.py:188} INFO - [2024-10-01T00:04:01.694+0000] {dag.py:3036} INFO - Sync 1 DAGs
[2024-10-01T00:04:01.747+0000] {logging_mixin.py:188} INFO - [2024-10-01T00:04:01.746+0000] {dag.py:3823} INFO - Setting next_dagrun for example_time_delta_sensor_async to None, run_after=None
[2024-10-01T00:04:01.821+0000] {processor.py:183} INFO - Processing /home/airflow/.local/lib/python3.8/site-packages/airflow/example_dags/example_time_delta_sensor_async.py took 0.254 seconds
[2024-10-01T00:04:32.007+0000] {processor.py:161} INFO - Started process (PID=1323) to work on /home/airflow/.local/lib/python3.8/site-packages/airflow/example_dags/example_time_delta_sensor_async.py
[2024-10-01T00:04:32.012+0000] {processor.py:830} INFO - Processing file /home/airflow/.local/lib/python3.8/site-packages/airflow/example_dags/example_time_delta_sensor_async.py for tasks to queue
[2024-10-01T00:04:32.018+0000] {logging_mixin.py:188} INFO - [2024-10-01T00:04:32.017+0000] {dagbag.py:538} INFO - Filling up the DagBag from /home/airflow/.local/lib/python3.8/site-packages/airflow/example_dags/example_time_delta_sensor_async.py
[2024-10-01T00:04:32.038+0000] {processor.py:840} INFO - DAG(s) 'example_time_delta_sensor_async' retrieved from /home/airflow/.local/lib/python3.8/site-packages/airflow/example_dags/example_time_delta_sensor_async.py
[2024-10-01T00:04:32.126+0000] {logging_mixin.py:188} INFO - [2024-10-01T00:04:32.124+0000] {dag.py:3036} INFO - Sync 1 DAGs
[2024-10-01T00:04:32.188+0000] {logging_mixin.py:188} INFO - [2024-10-01T00:04:32.187+0000] {dag.py:3823} INFO - Setting next_dagrun for example_time_delta_sensor_async to None, run_after=None
[2024-10-01T00:04:32.294+0000] {processor.py:183} INFO - Processing /home/airflow/.local/lib/python3.8/site-packages/airflow/example_dags/example_time_delta_sensor_async.py took 0.303 seconds
[2024-10-01T00:05:04.736+0000] {processor.py:161} INFO - Started process (PID=1389) to work on /home/airflow/.local/lib/python3.8/site-packages/airflow/example_dags/example_time_delta_sensor_async.py
[2024-10-01T00:05:04.744+0000] {processor.py:830} INFO - Processing file /home/airflow/.local/lib/python3.8/site-packages/airflow/example_dags/example_time_delta_sensor_async.py for tasks to queue
[2024-10-01T00:05:04.758+0000] {logging_mixin.py:188} INFO - [2024-10-01T00:05:04.756+0000] {dagbag.py:538} INFO - Filling up the DagBag from /home/airflow/.local/lib/python3.8/site-packages/airflow/example_dags/example_time_delta_sensor_async.py
[2024-10-01T00:05:04.788+0000] {processor.py:840} INFO - DAG(s) 'example_time_delta_sensor_async' retrieved from /home/airflow/.local/lib/python3.8/site-packages/airflow/example_dags/example_time_delta_sensor_async.py
[2024-10-01T00:05:04.913+0000] {logging_mixin.py:188} INFO - [2024-10-01T00:05:04.912+0000] {dag.py:3036} INFO - Sync 1 DAGs
[2024-10-01T00:05:05.009+0000] {logging_mixin.py:188} INFO - [2024-10-01T00:05:05.008+0000] {dag.py:3823} INFO - Setting next_dagrun for example_time_delta_sensor_async to None, run_after=None
[2024-10-01T00:05:05.118+0000] {processor.py:183} INFO - Processing /home/airflow/.local/lib/python3.8/site-packages/airflow/example_dags/example_time_delta_sensor_async.py took 0.405 seconds
[2024-10-01T00:05:35.719+0000] {processor.py:161} INFO - Started process (PID=1455) to work on /home/airflow/.local/lib/python3.8/site-packages/airflow/example_dags/example_time_delta_sensor_async.py
[2024-10-01T00:05:35.722+0000] {processor.py:830} INFO - Processing file /home/airflow/.local/lib/python3.8/site-packages/airflow/example_dags/example_time_delta_sensor_async.py for tasks to queue
[2024-10-01T00:05:35.726+0000] {logging_mixin.py:188} INFO - [2024-10-01T00:05:35.725+0000] {dagbag.py:538} INFO - Filling up the DagBag from /home/airflow/.local/lib/python3.8/site-packages/airflow/example_dags/example_time_delta_sensor_async.py
[2024-10-01T00:05:35.737+0000] {processor.py:840} INFO - DAG(s) 'example_time_delta_sensor_async' retrieved from /home/airflow/.local/lib/python3.8/site-packages/airflow/example_dags/example_time_delta_sensor_async.py
[2024-10-01T00:05:35.786+0000] {logging_mixin.py:188} INFO - [2024-10-01T00:05:35.786+0000] {dag.py:3036} INFO - Sync 1 DAGs
[2024-10-01T00:05:35.818+0000] {logging_mixin.py:188} INFO - [2024-10-01T00:05:35.817+0000] {dag.py:3823} INFO - Setting next_dagrun for example_time_delta_sensor_async to None, run_after=None
[2024-10-01T00:05:35.865+0000] {processor.py:183} INFO - Processing /home/airflow/.local/lib/python3.8/site-packages/airflow/example_dags/example_time_delta_sensor_async.py took 0.154 seconds
[2024-10-01T00:06:06.367+0000] {processor.py:161} INFO - Started process (PID=1521) to work on /home/airflow/.local/lib/python3.8/site-packages/airflow/example_dags/example_time_delta_sensor_async.py
[2024-10-01T00:06:06.370+0000] {processor.py:830} INFO - Processing file /home/airflow/.local/lib/python3.8/site-packages/airflow/example_dags/example_time_delta_sensor_async.py for tasks to queue
[2024-10-01T00:06:06.374+0000] {logging_mixin.py:188} INFO - [2024-10-01T00:06:06.373+0000] {dagbag.py:538} INFO - Filling up the DagBag from /home/airflow/.local/lib/python3.8/site-packages/airflow/example_dags/example_time_delta_sensor_async.py
[2024-10-01T00:06:06.386+0000] {processor.py:840} INFO - DAG(s) 'example_time_delta_sensor_async' retrieved from /home/airflow/.local/lib/python3.8/site-packages/airflow/example_dags/example_time_delta_sensor_async.py
[2024-10-01T00:06:06.448+0000] {logging_mixin.py:188} INFO - [2024-10-01T00:06:06.448+0000] {dag.py:3036} INFO - Sync 1 DAGs
[2024-10-01T00:06:06.485+0000] {logging_mixin.py:188} INFO - [2024-10-01T00:06:06.485+0000] {dag.py:3823} INFO - Setting next_dagrun for example_time_delta_sensor_async to None, run_after=None
[2024-10-01T00:06:06.547+0000] {processor.py:183} INFO - Processing /home/airflow/.local/lib/python3.8/site-packages/airflow/example_dags/example_time_delta_sensor_async.py took 0.189 seconds
[2024-10-01T00:06:37.192+0000] {processor.py:161} INFO - Started process (PID=1579) to work on /home/airflow/.local/lib/python3.8/site-packages/airflow/example_dags/example_time_delta_sensor_async.py
[2024-10-01T00:06:37.194+0000] {processor.py:830} INFO - Processing file /home/airflow/.local/lib/python3.8/site-packages/airflow/example_dags/example_time_delta_sensor_async.py for tasks to queue
[2024-10-01T00:06:37.197+0000] {logging_mixin.py:188} INFO - [2024-10-01T00:06:37.196+0000] {dagbag.py:538} INFO - Filling up the DagBag from /home/airflow/.local/lib/python3.8/site-packages/airflow/example_dags/example_time_delta_sensor_async.py
[2024-10-01T00:06:37.204+0000] {processor.py:840} INFO - DAG(s) 'example_time_delta_sensor_async' retrieved from /home/airflow/.local/lib/python3.8/site-packages/airflow/example_dags/example_time_delta_sensor_async.py
[2024-10-01T00:06:37.241+0000] {logging_mixin.py:188} INFO - [2024-10-01T00:06:37.241+0000] {dag.py:3036} INFO - Sync 1 DAGs
[2024-10-01T00:06:37.264+0000] {logging_mixin.py:188} INFO - [2024-10-01T00:06:37.263+0000] {dag.py:3823} INFO - Setting next_dagrun for example_time_delta_sensor_async to None, run_after=None
[2024-10-01T00:06:37.297+0000] {processor.py:183} INFO - Processing /home/airflow/.local/lib/python3.8/site-packages/airflow/example_dags/example_time_delta_sensor_async.py took 0.112 seconds
[2024-10-01T00:07:07.914+0000] {processor.py:161} INFO - Started process (PID=1645) to work on /home/airflow/.local/lib/python3.8/site-packages/airflow/example_dags/example_time_delta_sensor_async.py
[2024-10-01T00:07:07.916+0000] {processor.py:830} INFO - Processing file /home/airflow/.local/lib/python3.8/site-packages/airflow/example_dags/example_time_delta_sensor_async.py for tasks to queue
[2024-10-01T00:07:07.919+0000] {logging_mixin.py:188} INFO - [2024-10-01T00:07:07.919+0000] {dagbag.py:538} INFO - Filling up the DagBag from /home/airflow/.local/lib/python3.8/site-packages/airflow/example_dags/example_time_delta_sensor_async.py
[2024-10-01T00:07:07.927+0000] {processor.py:840} INFO - DAG(s) 'example_time_delta_sensor_async' retrieved from /home/airflow/.local/lib/python3.8/site-packages/airflow/example_dags/example_time_delta_sensor_async.py
[2024-10-01T00:07:07.964+0000] {logging_mixin.py:188} INFO - [2024-10-01T00:07:07.963+0000] {dag.py:3036} INFO - Sync 1 DAGs
[2024-10-01T00:07:07.988+0000] {logging_mixin.py:188} INFO - [2024-10-01T00:07:07.987+0000] {dag.py:3823} INFO - Setting next_dagrun for example_time_delta_sensor_async to None, run_after=None
[2024-10-01T00:07:08.021+0000] {processor.py:183} INFO - Processing /home/airflow/.local/lib/python3.8/site-packages/airflow/example_dags/example_time_delta_sensor_async.py took 0.113 seconds
[2024-10-01T00:07:38.621+0000] {processor.py:161} INFO - Started process (PID=1712) to work on /home/airflow/.local/lib/python3.8/site-packages/airflow/example_dags/example_time_delta_sensor_async.py
[2024-10-01T00:07:38.624+0000] {processor.py:830} INFO - Processing file /home/airflow/.local/lib/python3.8/site-packages/airflow/example_dags/example_time_delta_sensor_async.py for tasks to queue
[2024-10-01T00:07:38.630+0000] {logging_mixin.py:188} INFO - [2024-10-01T00:07:38.629+0000] {dagbag.py:538} INFO - Filling up the DagBag from /home/airflow/.local/lib/python3.8/site-packages/airflow/example_dags/example_time_delta_sensor_async.py
[2024-10-01T00:07:38.644+0000] {processor.py:840} INFO - DAG(s) 'example_time_delta_sensor_async' retrieved from /home/airflow/.local/lib/python3.8/site-packages/airflow/example_dags/example_time_delta_sensor_async.py
[2024-10-01T00:07:38.707+0000] {logging_mixin.py:188} INFO - [2024-10-01T00:07:38.706+0000] {dag.py:3036} INFO - Sync 1 DAGs
[2024-10-01T00:07:38.751+0000] {logging_mixin.py:188} INFO - [2024-10-01T00:07:38.750+0000] {dag.py:3823} INFO - Setting next_dagrun for example_time_delta_sensor_async to None, run_after=None
[2024-10-01T00:07:38.809+0000] {processor.py:183} INFO - Processing /home/airflow/.local/lib/python3.8/site-packages/airflow/example_dags/example_time_delta_sensor_async.py took 0.199 seconds
[2024-10-01T00:08:08.962+0000] {processor.py:161} INFO - Started process (PID=1777) to work on /home/airflow/.local/lib/python3.8/site-packages/airflow/example_dags/example_time_delta_sensor_async.py
[2024-10-01T00:08:08.964+0000] {processor.py:830} INFO - Processing file /home/airflow/.local/lib/python3.8/site-packages/airflow/example_dags/example_time_delta_sensor_async.py for tasks to queue
[2024-10-01T00:08:08.967+0000] {logging_mixin.py:188} INFO - [2024-10-01T00:08:08.967+0000] {dagbag.py:538} INFO - Filling up the DagBag from /home/airflow/.local/lib/python3.8/site-packages/airflow/example_dags/example_time_delta_sensor_async.py
[2024-10-01T00:08:08.976+0000] {processor.py:840} INFO - DAG(s) 'example_time_delta_sensor_async' retrieved from /home/airflow/.local/lib/python3.8/site-packages/airflow/example_dags/example_time_delta_sensor_async.py
[2024-10-01T00:08:09.013+0000] {logging_mixin.py:188} INFO - [2024-10-01T00:08:09.012+0000] {dag.py:3036} INFO - Sync 1 DAGs
[2024-10-01T00:08:09.035+0000] {logging_mixin.py:188} INFO - [2024-10-01T00:08:09.035+0000] {dag.py:3823} INFO - Setting next_dagrun for example_time_delta_sensor_async to None, run_after=None
[2024-10-01T00:08:09.069+0000] {processor.py:183} INFO - Processing /home/airflow/.local/lib/python3.8/site-packages/airflow/example_dags/example_time_delta_sensor_async.py took 0.114 seconds
[2024-10-01T00:08:39.255+0000] {processor.py:161} INFO - Started process (PID=1843) to work on /home/airflow/.local/lib/python3.8/site-packages/airflow/example_dags/example_time_delta_sensor_async.py
[2024-10-01T00:08:39.257+0000] {processor.py:830} INFO - Processing file /home/airflow/.local/lib/python3.8/site-packages/airflow/example_dags/example_time_delta_sensor_async.py for tasks to queue
[2024-10-01T00:08:39.260+0000] {logging_mixin.py:188} INFO - [2024-10-01T00:08:39.260+0000] {dagbag.py:538} INFO - Filling up the DagBag from /home/airflow/.local/lib/python3.8/site-packages/airflow/example_dags/example_time_delta_sensor_async.py
[2024-10-01T00:08:39.267+0000] {processor.py:840} INFO - DAG(s) 'example_time_delta_sensor_async' retrieved from /home/airflow/.local/lib/python3.8/site-packages/airflow/example_dags/example_time_delta_sensor_async.py
[2024-10-01T00:08:39.303+0000] {logging_mixin.py:188} INFO - [2024-10-01T00:08:39.303+0000] {dag.py:3036} INFO - Sync 1 DAGs
[2024-10-01T00:08:39.335+0000] {logging_mixin.py:188} INFO - [2024-10-01T00:08:39.334+0000] {dag.py:3823} INFO - Setting next_dagrun for example_time_delta_sensor_async to None, run_after=None
[2024-10-01T00:08:39.372+0000] {processor.py:183} INFO - Processing /home/airflow/.local/lib/python3.8/site-packages/airflow/example_dags/example_time_delta_sensor_async.py took 0.122 seconds
[2024-10-01T00:09:10.124+0000] {processor.py:161} INFO - Started process (PID=1910) to work on /home/airflow/.local/lib/python3.8/site-packages/airflow/example_dags/example_time_delta_sensor_async.py
[2024-10-01T00:09:10.130+0000] {processor.py:830} INFO - Processing file /home/airflow/.local/lib/python3.8/site-packages/airflow/example_dags/example_time_delta_sensor_async.py for tasks to queue
[2024-10-01T00:09:10.139+0000] {logging_mixin.py:188} INFO - [2024-10-01T00:09:10.137+0000] {dagbag.py:538} INFO - Filling up the DagBag from /home/airflow/.local/lib/python3.8/site-packages/airflow/example_dags/example_time_delta_sensor_async.py
[2024-10-01T00:09:10.163+0000] {processor.py:840} INFO - DAG(s) 'example_time_delta_sensor_async' retrieved from /home/airflow/.local/lib/python3.8/site-packages/airflow/example_dags/example_time_delta_sensor_async.py
[2024-10-01T00:09:10.291+0000] {logging_mixin.py:188} INFO - [2024-10-01T00:09:10.289+0000] {dag.py:3036} INFO - Sync 1 DAGs
[2024-10-01T00:09:10.381+0000] {logging_mixin.py:188} INFO - [2024-10-01T00:09:10.379+0000] {dag.py:3823} INFO - Setting next_dagrun for example_time_delta_sensor_async to None, run_after=None
[2024-10-01T00:09:10.638+0000] {processor.py:183} INFO - Processing /home/airflow/.local/lib/python3.8/site-packages/airflow/example_dags/example_time_delta_sensor_async.py took 0.532 seconds
[2024-10-01T00:09:41.517+0000] {processor.py:161} INFO - Started process (PID=1975) to work on /home/airflow/.local/lib/python3.8/site-packages/airflow/example_dags/example_time_delta_sensor_async.py
[2024-10-01T00:09:41.529+0000] {processor.py:830} INFO - Processing file /home/airflow/.local/lib/python3.8/site-packages/airflow/example_dags/example_time_delta_sensor_async.py for tasks to queue
[2024-10-01T00:09:41.560+0000] {logging_mixin.py:188} INFO - [2024-10-01T00:09:41.556+0000] {dagbag.py:538} INFO - Filling up the DagBag from /home/airflow/.local/lib/python3.8/site-packages/airflow/example_dags/example_time_delta_sensor_async.py
[2024-10-01T00:09:41.656+0000] {processor.py:840} INFO - DAG(s) 'example_time_delta_sensor_async' retrieved from /home/airflow/.local/lib/python3.8/site-packages/airflow/example_dags/example_time_delta_sensor_async.py
[2024-10-01T00:09:41.855+0000] {logging_mixin.py:188} INFO - [2024-10-01T00:09:41.853+0000] {dag.py:3036} INFO - Sync 1 DAGs
[2024-10-01T00:09:41.971+0000] {logging_mixin.py:188} INFO - [2024-10-01T00:09:41.969+0000] {dag.py:3823} INFO - Setting next_dagrun for example_time_delta_sensor_async to None, run_after=None
[2024-10-01T00:09:42.137+0000] {processor.py:183} INFO - Processing /home/airflow/.local/lib/python3.8/site-packages/airflow/example_dags/example_time_delta_sensor_async.py took 0.663 seconds
[2024-10-01T00:10:20.148+0000] {processor.py:161} INFO - Started process (PID=2040) to work on /home/airflow/.local/lib/python3.8/site-packages/airflow/example_dags/example_time_delta_sensor_async.py
[2024-10-01T00:10:20.192+0000] {processor.py:830} INFO - Processing file /home/airflow/.local/lib/python3.8/site-packages/airflow/example_dags/example_time_delta_sensor_async.py for tasks to queue
[2024-10-01T00:10:20.233+0000] {logging_mixin.py:188} INFO - [2024-10-01T00:10:20.226+0000] {dagbag.py:538} INFO - Filling up the DagBag from /home/airflow/.local/lib/python3.8/site-packages/airflow/example_dags/example_time_delta_sensor_async.py
[2024-10-01T00:10:20.374+0000] {processor.py:840} INFO - DAG(s) 'example_time_delta_sensor_async' retrieved from /home/airflow/.local/lib/python3.8/site-packages/airflow/example_dags/example_time_delta_sensor_async.py
[2024-10-01T00:10:20.799+0000] {logging_mixin.py:188} INFO - [2024-10-01T00:10:20.796+0000] {dag.py:3036} INFO - Sync 1 DAGs
[2024-10-01T00:10:21.052+0000] {logging_mixin.py:188} INFO - [2024-10-01T00:10:21.050+0000] {dag.py:3823} INFO - Setting next_dagrun for example_time_delta_sensor_async to None, run_after=None
[2024-10-01T00:10:21.597+0000] {processor.py:183} INFO - Processing /home/airflow/.local/lib/python3.8/site-packages/airflow/example_dags/example_time_delta_sensor_async.py took 1.580 seconds
[2024-10-01T00:11:12.765+0000] {processor.py:161} INFO - Started process (PID=2107) to work on /home/airflow/.local/lib/python3.8/site-packages/airflow/example_dags/example_time_delta_sensor_async.py
[2024-10-01T00:11:12.805+0000] {processor.py:830} INFO - Processing file /home/airflow/.local/lib/python3.8/site-packages/airflow/example_dags/example_time_delta_sensor_async.py for tasks to queue
[2024-10-01T00:11:12.940+0000] {logging_mixin.py:188} INFO - [2024-10-01T00:11:12.925+0000] {dagbag.py:538} INFO - Filling up the DagBag from /home/airflow/.local/lib/python3.8/site-packages/airflow/example_dags/example_time_delta_sensor_async.py
[2024-10-01T00:11:13.066+0000] {processor.py:840} INFO - DAG(s) 'example_time_delta_sensor_async' retrieved from /home/airflow/.local/lib/python3.8/site-packages/airflow/example_dags/example_time_delta_sensor_async.py
[2024-10-01T00:11:13.652+0000] {logging_mixin.py:188} INFO - [2024-10-01T00:11:13.650+0000] {dag.py:3036} INFO - Sync 1 DAGs
[2024-10-01T00:11:13.920+0000] {logging_mixin.py:188} INFO - [2024-10-01T00:11:13.915+0000] {dag.py:3823} INFO - Setting next_dagrun for example_time_delta_sensor_async to None, run_after=None
[2024-10-01T00:11:14.264+0000] {processor.py:183} INFO - Processing /home/airflow/.local/lib/python3.8/site-packages/airflow/example_dags/example_time_delta_sensor_async.py took 1.568 seconds
[2024-10-01T00:11:44.890+0000] {processor.py:161} INFO - Started process (PID=2172) to work on /home/airflow/.local/lib/python3.8/site-packages/airflow/example_dags/example_time_delta_sensor_async.py
[2024-10-01T00:11:44.899+0000] {processor.py:830} INFO - Processing file /home/airflow/.local/lib/python3.8/site-packages/airflow/example_dags/example_time_delta_sensor_async.py for tasks to queue
[2024-10-01T00:11:44.929+0000] {logging_mixin.py:188} INFO - [2024-10-01T00:11:44.927+0000] {dagbag.py:538} INFO - Filling up the DagBag from /home/airflow/.local/lib/python3.8/site-packages/airflow/example_dags/example_time_delta_sensor_async.py
[2024-10-01T00:11:44.990+0000] {processor.py:840} INFO - DAG(s) 'example_time_delta_sensor_async' retrieved from /home/airflow/.local/lib/python3.8/site-packages/airflow/example_dags/example_time_delta_sensor_async.py
[2024-10-01T00:11:45.264+0000] {logging_mixin.py:188} INFO - [2024-10-01T00:11:45.262+0000] {dag.py:3036} INFO - Sync 1 DAGs
[2024-10-01T00:11:45.443+0000] {logging_mixin.py:188} INFO - [2024-10-01T00:11:45.442+0000] {dag.py:3823} INFO - Setting next_dagrun for example_time_delta_sensor_async to None, run_after=None
[2024-10-01T00:11:45.690+0000] {processor.py:183} INFO - Processing /home/airflow/.local/lib/python3.8/site-packages/airflow/example_dags/example_time_delta_sensor_async.py took 0.824 seconds
[2024-10-01T00:12:16.139+0000] {processor.py:161} INFO - Started process (PID=2230) to work on /home/airflow/.local/lib/python3.8/site-packages/airflow/example_dags/example_time_delta_sensor_async.py
[2024-10-01T00:12:16.160+0000] {processor.py:830} INFO - Processing file /home/airflow/.local/lib/python3.8/site-packages/airflow/example_dags/example_time_delta_sensor_async.py for tasks to queue
[2024-10-01T00:12:16.172+0000] {logging_mixin.py:188} INFO - [2024-10-01T00:12:16.170+0000] {dagbag.py:538} INFO - Filling up the DagBag from /home/airflow/.local/lib/python3.8/site-packages/airflow/example_dags/example_time_delta_sensor_async.py
[2024-10-01T00:12:16.206+0000] {processor.py:840} INFO - DAG(s) 'example_time_delta_sensor_async' retrieved from /home/airflow/.local/lib/python3.8/site-packages/airflow/example_dags/example_time_delta_sensor_async.py
[2024-10-01T00:12:16.351+0000] {logging_mixin.py:188} INFO - [2024-10-01T00:12:16.347+0000] {dag.py:3036} INFO - Sync 1 DAGs
[2024-10-01T00:12:16.461+0000] {logging_mixin.py:188} INFO - [2024-10-01T00:12:16.459+0000] {dag.py:3823} INFO - Setting next_dagrun for example_time_delta_sensor_async to None, run_after=None
[2024-10-01T00:12:16.584+0000] {processor.py:183} INFO - Processing /home/airflow/.local/lib/python3.8/site-packages/airflow/example_dags/example_time_delta_sensor_async.py took 0.478 seconds
[2024-10-01T00:12:47.506+0000] {processor.py:161} INFO - Started process (PID=2294) to work on /home/airflow/.local/lib/python3.8/site-packages/airflow/example_dags/example_time_delta_sensor_async.py
[2024-10-01T00:12:47.540+0000] {processor.py:830} INFO - Processing file /home/airflow/.local/lib/python3.8/site-packages/airflow/example_dags/example_time_delta_sensor_async.py for tasks to queue
[2024-10-01T00:12:47.569+0000] {logging_mixin.py:188} INFO - [2024-10-01T00:12:47.565+0000] {dagbag.py:538} INFO - Filling up the DagBag from /home/airflow/.local/lib/python3.8/site-packages/airflow/example_dags/example_time_delta_sensor_async.py
[2024-10-01T00:12:47.623+0000] {processor.py:840} INFO - DAG(s) 'example_time_delta_sensor_async' retrieved from /home/airflow/.local/lib/python3.8/site-packages/airflow/example_dags/example_time_delta_sensor_async.py
[2024-10-01T00:12:47.793+0000] {logging_mixin.py:188} INFO - [2024-10-01T00:12:47.791+0000] {dag.py:3036} INFO - Sync 1 DAGs
[2024-10-01T00:12:47.923+0000] {logging_mixin.py:188} INFO - [2024-10-01T00:12:47.921+0000] {dag.py:3823} INFO - Setting next_dagrun for example_time_delta_sensor_async to None, run_after=None
[2024-10-01T00:12:48.074+0000] {processor.py:183} INFO - Processing /home/airflow/.local/lib/python3.8/site-packages/airflow/example_dags/example_time_delta_sensor_async.py took 0.604 seconds
[2024-10-01T00:13:18.352+0000] {processor.py:161} INFO - Started process (PID=2352) to work on /home/airflow/.local/lib/python3.8/site-packages/airflow/example_dags/example_time_delta_sensor_async.py
[2024-10-01T00:13:18.354+0000] {processor.py:830} INFO - Processing file /home/airflow/.local/lib/python3.8/site-packages/airflow/example_dags/example_time_delta_sensor_async.py for tasks to queue
[2024-10-01T00:13:18.358+0000] {logging_mixin.py:188} INFO - [2024-10-01T00:13:18.357+0000] {dagbag.py:538} INFO - Filling up the DagBag from /home/airflow/.local/lib/python3.8/site-packages/airflow/example_dags/example_time_delta_sensor_async.py
[2024-10-01T00:13:18.365+0000] {processor.py:840} INFO - DAG(s) 'example_time_delta_sensor_async' retrieved from /home/airflow/.local/lib/python3.8/site-packages/airflow/example_dags/example_time_delta_sensor_async.py
[2024-10-01T00:13:18.396+0000] {logging_mixin.py:188} INFO - [2024-10-01T00:13:18.396+0000] {dag.py:3036} INFO - Sync 1 DAGs
[2024-10-01T00:13:18.416+0000] {logging_mixin.py:188} INFO - [2024-10-01T00:13:18.416+0000] {dag.py:3823} INFO - Setting next_dagrun for example_time_delta_sensor_async to None, run_after=None
[2024-10-01T00:13:18.453+0000] {processor.py:183} INFO - Processing /home/airflow/.local/lib/python3.8/site-packages/airflow/example_dags/example_time_delta_sensor_async.py took 0.106 seconds
[2024-10-01T00:13:48.845+0000] {processor.py:161} INFO - Started process (PID=2418) to work on /home/airflow/.local/lib/python3.8/site-packages/airflow/example_dags/example_time_delta_sensor_async.py
[2024-10-01T00:13:48.847+0000] {processor.py:830} INFO - Processing file /home/airflow/.local/lib/python3.8/site-packages/airflow/example_dags/example_time_delta_sensor_async.py for tasks to queue
[2024-10-01T00:13:48.850+0000] {logging_mixin.py:188} INFO - [2024-10-01T00:13:48.850+0000] {dagbag.py:538} INFO - Filling up the DagBag from /home/airflow/.local/lib/python3.8/site-packages/airflow/example_dags/example_time_delta_sensor_async.py
[2024-10-01T00:13:48.859+0000] {processor.py:840} INFO - DAG(s) 'example_time_delta_sensor_async' retrieved from /home/airflow/.local/lib/python3.8/site-packages/airflow/example_dags/example_time_delta_sensor_async.py
[2024-10-01T00:13:48.895+0000] {logging_mixin.py:188} INFO - [2024-10-01T00:13:48.894+0000] {dag.py:3036} INFO - Sync 1 DAGs
[2024-10-01T00:13:48.918+0000] {logging_mixin.py:188} INFO - [2024-10-01T00:13:48.918+0000] {dag.py:3823} INFO - Setting next_dagrun for example_time_delta_sensor_async to None, run_after=None
[2024-10-01T00:13:48.954+0000] {processor.py:183} INFO - Processing /home/airflow/.local/lib/python3.8/site-packages/airflow/example_dags/example_time_delta_sensor_async.py took 0.116 seconds
[2024-10-01T00:14:19.004+0000] {processor.py:161} INFO - Started process (PID=2484) to work on /home/airflow/.local/lib/python3.8/site-packages/airflow/example_dags/example_time_delta_sensor_async.py
[2024-10-01T00:14:19.006+0000] {processor.py:830} INFO - Processing file /home/airflow/.local/lib/python3.8/site-packages/airflow/example_dags/example_time_delta_sensor_async.py for tasks to queue
[2024-10-01T00:14:19.010+0000] {logging_mixin.py:188} INFO - [2024-10-01T00:14:19.010+0000] {dagbag.py:538} INFO - Filling up the DagBag from /home/airflow/.local/lib/python3.8/site-packages/airflow/example_dags/example_time_delta_sensor_async.py
[2024-10-01T00:14:19.020+0000] {processor.py:840} INFO - DAG(s) 'example_time_delta_sensor_async' retrieved from /home/airflow/.local/lib/python3.8/site-packages/airflow/example_dags/example_time_delta_sensor_async.py
[2024-10-01T00:14:19.061+0000] {logging_mixin.py:188} INFO - [2024-10-01T00:14:19.061+0000] {dag.py:3036} INFO - Sync 1 DAGs
[2024-10-01T00:14:19.086+0000] {logging_mixin.py:188} INFO - [2024-10-01T00:14:19.085+0000] {dag.py:3823} INFO - Setting next_dagrun for example_time_delta_sensor_async to None, run_after=None
[2024-10-01T00:14:19.119+0000] {processor.py:183} INFO - Processing /home/airflow/.local/lib/python3.8/site-packages/airflow/example_dags/example_time_delta_sensor_async.py took 0.122 seconds
[2024-10-01T00:14:49.154+0000] {processor.py:161} INFO - Started process (PID=2550) to work on /home/airflow/.local/lib/python3.8/site-packages/airflow/example_dags/example_time_delta_sensor_async.py
[2024-10-01T00:14:49.156+0000] {processor.py:830} INFO - Processing file /home/airflow/.local/lib/python3.8/site-packages/airflow/example_dags/example_time_delta_sensor_async.py for tasks to queue
[2024-10-01T00:14:49.159+0000] {logging_mixin.py:188} INFO - [2024-10-01T00:14:49.158+0000] {dagbag.py:538} INFO - Filling up the DagBag from /home/airflow/.local/lib/python3.8/site-packages/airflow/example_dags/example_time_delta_sensor_async.py
[2024-10-01T00:14:49.167+0000] {processor.py:840} INFO - DAG(s) 'example_time_delta_sensor_async' retrieved from /home/airflow/.local/lib/python3.8/site-packages/airflow/example_dags/example_time_delta_sensor_async.py
[2024-10-01T00:14:49.196+0000] {logging_mixin.py:188} INFO - [2024-10-01T00:14:49.195+0000] {dag.py:3036} INFO - Sync 1 DAGs
[2024-10-01T00:14:49.212+0000] {logging_mixin.py:188} INFO - [2024-10-01T00:14:49.211+0000] {dag.py:3823} INFO - Setting next_dagrun for example_time_delta_sensor_async to None, run_after=None
[2024-10-01T00:14:49.238+0000] {processor.py:183} INFO - Processing /home/airflow/.local/lib/python3.8/site-packages/airflow/example_dags/example_time_delta_sensor_async.py took 0.091 seconds
[2024-10-01T00:15:19.380+0000] {processor.py:161} INFO - Started process (PID=2623) to work on /home/airflow/.local/lib/python3.8/site-packages/airflow/example_dags/example_time_delta_sensor_async.py
[2024-10-01T00:15:19.390+0000] {processor.py:830} INFO - Processing file /home/airflow/.local/lib/python3.8/site-packages/airflow/example_dags/example_time_delta_sensor_async.py for tasks to queue
[2024-10-01T00:15:19.392+0000] {logging_mixin.py:188} INFO - [2024-10-01T00:15:19.392+0000] {dagbag.py:538} INFO - Filling up the DagBag from /home/airflow/.local/lib/python3.8/site-packages/airflow/example_dags/example_time_delta_sensor_async.py
[2024-10-01T00:15:19.400+0000] {processor.py:840} INFO - DAG(s) 'example_time_delta_sensor_async' retrieved from /home/airflow/.local/lib/python3.8/site-packages/airflow/example_dags/example_time_delta_sensor_async.py
[2024-10-01T00:15:19.434+0000] {logging_mixin.py:188} INFO - [2024-10-01T00:15:19.434+0000] {dag.py:3036} INFO - Sync 1 DAGs
[2024-10-01T00:15:19.455+0000] {logging_mixin.py:188} INFO - [2024-10-01T00:15:19.455+0000] {dag.py:3823} INFO - Setting next_dagrun for example_time_delta_sensor_async to None, run_after=None
[2024-10-01T00:15:19.497+0000] {processor.py:183} INFO - Processing /home/airflow/.local/lib/python3.8/site-packages/airflow/example_dags/example_time_delta_sensor_async.py took 0.122 seconds
[2024-10-01T00:15:52.861+0000] {processor.py:161} INFO - Started process (PID=2683) to work on /home/airflow/.local/lib/python3.8/site-packages/airflow/example_dags/example_time_delta_sensor_async.py
[2024-10-01T00:15:52.870+0000] {processor.py:830} INFO - Processing file /home/airflow/.local/lib/python3.8/site-packages/airflow/example_dags/example_time_delta_sensor_async.py for tasks to queue
[2024-10-01T00:15:52.888+0000] {logging_mixin.py:188} INFO - [2024-10-01T00:15:52.885+0000] {dagbag.py:538} INFO - Filling up the DagBag from /home/airflow/.local/lib/python3.8/site-packages/airflow/example_dags/example_time_delta_sensor_async.py
[2024-10-01T00:15:52.932+0000] {processor.py:840} INFO - DAG(s) 'example_time_delta_sensor_async' retrieved from /home/airflow/.local/lib/python3.8/site-packages/airflow/example_dags/example_time_delta_sensor_async.py
[2024-10-01T00:15:53.125+0000] {logging_mixin.py:188} INFO - [2024-10-01T00:15:53.123+0000] {dag.py:3036} INFO - Sync 1 DAGs
[2024-10-01T00:15:53.243+0000] {logging_mixin.py:188} INFO - [2024-10-01T00:15:53.242+0000] {dag.py:3823} INFO - Setting next_dagrun for example_time_delta_sensor_async to None, run_after=None
[2024-10-01T00:15:53.401+0000] {processor.py:183} INFO - Processing /home/airflow/.local/lib/python3.8/site-packages/airflow/example_dags/example_time_delta_sensor_async.py took 0.581 seconds
[2024-10-01T00:16:37.810+0000] {processor.py:161} INFO - Started process (PID=2755) to work on /home/airflow/.local/lib/python3.8/site-packages/airflow/example_dags/example_time_delta_sensor_async.py
[2024-10-01T00:16:37.813+0000] {processor.py:830} INFO - Processing file /home/airflow/.local/lib/python3.8/site-packages/airflow/example_dags/example_time_delta_sensor_async.py for tasks to queue
[2024-10-01T00:16:37.817+0000] {logging_mixin.py:188} INFO - [2024-10-01T00:16:37.817+0000] {dagbag.py:538} INFO - Filling up the DagBag from /home/airflow/.local/lib/python3.8/site-packages/airflow/example_dags/example_time_delta_sensor_async.py
[2024-10-01T00:16:37.827+0000] {processor.py:840} INFO - DAG(s) 'example_time_delta_sensor_async' retrieved from /home/airflow/.local/lib/python3.8/site-packages/airflow/example_dags/example_time_delta_sensor_async.py
[2024-10-01T00:16:38.051+0000] {logging_mixin.py:188} INFO - [2024-10-01T00:16:38.050+0000] {dag.py:3036} INFO - Sync 1 DAGs
[2024-10-01T00:16:38.073+0000] {logging_mixin.py:188} INFO - [2024-10-01T00:16:38.072+0000] {dag.py:3823} INFO - Setting next_dagrun for example_time_delta_sensor_async to None, run_after=None
[2024-10-01T00:16:38.111+0000] {processor.py:183} INFO - Processing /home/airflow/.local/lib/python3.8/site-packages/airflow/example_dags/example_time_delta_sensor_async.py took 0.310 seconds
[2024-10-01T00:17:08.862+0000] {processor.py:161} INFO - Started process (PID=2821) to work on /home/airflow/.local/lib/python3.8/site-packages/airflow/example_dags/example_time_delta_sensor_async.py
[2024-10-01T00:17:08.865+0000] {processor.py:830} INFO - Processing file /home/airflow/.local/lib/python3.8/site-packages/airflow/example_dags/example_time_delta_sensor_async.py for tasks to queue
[2024-10-01T00:17:08.868+0000] {logging_mixin.py:188} INFO - [2024-10-01T00:17:08.867+0000] {dagbag.py:538} INFO - Filling up the DagBag from /home/airflow/.local/lib/python3.8/site-packages/airflow/example_dags/example_time_delta_sensor_async.py
[2024-10-01T00:17:08.877+0000] {processor.py:840} INFO - DAG(s) 'example_time_delta_sensor_async' retrieved from /home/airflow/.local/lib/python3.8/site-packages/airflow/example_dags/example_time_delta_sensor_async.py
[2024-10-01T00:17:08.919+0000] {logging_mixin.py:188} INFO - [2024-10-01T00:17:08.919+0000] {dag.py:3036} INFO - Sync 1 DAGs
[2024-10-01T00:17:08.948+0000] {logging_mixin.py:188} INFO - [2024-10-01T00:17:08.948+0000] {dag.py:3823} INFO - Setting next_dagrun for example_time_delta_sensor_async to None, run_after=None
[2024-10-01T00:17:08.984+0000] {processor.py:183} INFO - Processing /home/airflow/.local/lib/python3.8/site-packages/airflow/example_dags/example_time_delta_sensor_async.py took 0.130 seconds
[2024-10-01T00:17:39.341+0000] {processor.py:161} INFO - Started process (PID=2887) to work on /home/airflow/.local/lib/python3.8/site-packages/airflow/example_dags/example_time_delta_sensor_async.py
[2024-10-01T00:17:39.347+0000] {processor.py:830} INFO - Processing file /home/airflow/.local/lib/python3.8/site-packages/airflow/example_dags/example_time_delta_sensor_async.py for tasks to queue
[2024-10-01T00:17:39.351+0000] {logging_mixin.py:188} INFO - [2024-10-01T00:17:39.350+0000] {dagbag.py:538} INFO - Filling up the DagBag from /home/airflow/.local/lib/python3.8/site-packages/airflow/example_dags/example_time_delta_sensor_async.py
[2024-10-01T00:17:39.358+0000] {processor.py:840} INFO - DAG(s) 'example_time_delta_sensor_async' retrieved from /home/airflow/.local/lib/python3.8/site-packages/airflow/example_dags/example_time_delta_sensor_async.py
[2024-10-01T00:17:39.397+0000] {logging_mixin.py:188} INFO - [2024-10-01T00:17:39.396+0000] {dag.py:3036} INFO - Sync 1 DAGs
[2024-10-01T00:17:39.424+0000] {logging_mixin.py:188} INFO - [2024-10-01T00:17:39.424+0000] {dag.py:3823} INFO - Setting next_dagrun for example_time_delta_sensor_async to None, run_after=None
[2024-10-01T00:17:39.459+0000] {processor.py:183} INFO - Processing /home/airflow/.local/lib/python3.8/site-packages/airflow/example_dags/example_time_delta_sensor_async.py took 0.125 seconds
[2024-10-01T00:18:09.617+0000] {processor.py:161} INFO - Started process (PID=2953) to work on /home/airflow/.local/lib/python3.8/site-packages/airflow/example_dags/example_time_delta_sensor_async.py
[2024-10-01T00:18:09.619+0000] {processor.py:830} INFO - Processing file /home/airflow/.local/lib/python3.8/site-packages/airflow/example_dags/example_time_delta_sensor_async.py for tasks to queue
[2024-10-01T00:18:09.621+0000] {logging_mixin.py:188} INFO - [2024-10-01T00:18:09.620+0000] {dagbag.py:538} INFO - Filling up the DagBag from /home/airflow/.local/lib/python3.8/site-packages/airflow/example_dags/example_time_delta_sensor_async.py
[2024-10-01T00:18:09.626+0000] {processor.py:840} INFO - DAG(s) 'example_time_delta_sensor_async' retrieved from /home/airflow/.local/lib/python3.8/site-packages/airflow/example_dags/example_time_delta_sensor_async.py
[2024-10-01T00:18:09.649+0000] {logging_mixin.py:188} INFO - [2024-10-01T00:18:09.649+0000] {dag.py:3036} INFO - Sync 1 DAGs
[2024-10-01T00:18:09.665+0000] {logging_mixin.py:188} INFO - [2024-10-01T00:18:09.665+0000] {dag.py:3823} INFO - Setting next_dagrun for example_time_delta_sensor_async to None, run_after=None
[2024-10-01T00:18:09.707+0000] {processor.py:183} INFO - Processing /home/airflow/.local/lib/python3.8/site-packages/airflow/example_dags/example_time_delta_sensor_async.py took 0.093 seconds
[2024-10-01T00:18:39.780+0000] {processor.py:161} INFO - Started process (PID=3019) to work on /home/airflow/.local/lib/python3.8/site-packages/airflow/example_dags/example_time_delta_sensor_async.py
[2024-10-01T00:18:39.781+0000] {processor.py:830} INFO - Processing file /home/airflow/.local/lib/python3.8/site-packages/airflow/example_dags/example_time_delta_sensor_async.py for tasks to queue
[2024-10-01T00:18:39.784+0000] {logging_mixin.py:188} INFO - [2024-10-01T00:18:39.784+0000] {dagbag.py:538} INFO - Filling up the DagBag from /home/airflow/.local/lib/python3.8/site-packages/airflow/example_dags/example_time_delta_sensor_async.py
[2024-10-01T00:18:39.793+0000] {processor.py:840} INFO - DAG(s) 'example_time_delta_sensor_async' retrieved from /home/airflow/.local/lib/python3.8/site-packages/airflow/example_dags/example_time_delta_sensor_async.py
[2024-10-01T00:18:39.828+0000] {logging_mixin.py:188} INFO - [2024-10-01T00:18:39.828+0000] {dag.py:3036} INFO - Sync 1 DAGs
[2024-10-01T00:18:39.849+0000] {logging_mixin.py:188} INFO - [2024-10-01T00:18:39.848+0000] {dag.py:3823} INFO - Setting next_dagrun for example_time_delta_sensor_async to None, run_after=None
[2024-10-01T00:18:39.878+0000] {processor.py:183} INFO - Processing /home/airflow/.local/lib/python3.8/site-packages/airflow/example_dags/example_time_delta_sensor_async.py took 0.104 seconds
[2024-10-01T00:19:10.203+0000] {processor.py:161} INFO - Started process (PID=3094) to work on /home/airflow/.local/lib/python3.8/site-packages/airflow/example_dags/example_time_delta_sensor_async.py
[2024-10-01T00:19:10.205+0000] {processor.py:830} INFO - Processing file /home/airflow/.local/lib/python3.8/site-packages/airflow/example_dags/example_time_delta_sensor_async.py for tasks to queue
[2024-10-01T00:19:10.210+0000] {logging_mixin.py:188} INFO - [2024-10-01T00:19:10.209+0000] {dagbag.py:538} INFO - Filling up the DagBag from /home/airflow/.local/lib/python3.8/site-packages/airflow/example_dags/example_time_delta_sensor_async.py
[2024-10-01T00:19:10.219+0000] {processor.py:840} INFO - DAG(s) 'example_time_delta_sensor_async' retrieved from /home/airflow/.local/lib/python3.8/site-packages/airflow/example_dags/example_time_delta_sensor_async.py
[2024-10-01T00:19:10.270+0000] {logging_mixin.py:188} INFO - [2024-10-01T00:19:10.269+0000] {dag.py:3036} INFO - Sync 1 DAGs
[2024-10-01T00:19:10.305+0000] {logging_mixin.py:188} INFO - [2024-10-01T00:19:10.304+0000] {dag.py:3823} INFO - Setting next_dagrun for example_time_delta_sensor_async to None, run_after=None
[2024-10-01T00:19:10.349+0000] {processor.py:183} INFO - Processing /home/airflow/.local/lib/python3.8/site-packages/airflow/example_dags/example_time_delta_sensor_async.py took 0.154 seconds
[2024-10-01T00:19:40.718+0000] {processor.py:161} INFO - Started process (PID=3161) to work on /home/airflow/.local/lib/python3.8/site-packages/airflow/example_dags/example_time_delta_sensor_async.py
[2024-10-01T00:19:40.721+0000] {processor.py:830} INFO - Processing file /home/airflow/.local/lib/python3.8/site-packages/airflow/example_dags/example_time_delta_sensor_async.py for tasks to queue
[2024-10-01T00:19:40.725+0000] {logging_mixin.py:188} INFO - [2024-10-01T00:19:40.724+0000] {dagbag.py:538} INFO - Filling up the DagBag from /home/airflow/.local/lib/python3.8/site-packages/airflow/example_dags/example_time_delta_sensor_async.py
[2024-10-01T00:19:40.738+0000] {processor.py:840} INFO - DAG(s) 'example_time_delta_sensor_async' retrieved from /home/airflow/.local/lib/python3.8/site-packages/airflow/example_dags/example_time_delta_sensor_async.py
[2024-10-01T00:19:40.791+0000] {logging_mixin.py:188} INFO - [2024-10-01T00:19:40.790+0000] {dag.py:3036} INFO - Sync 1 DAGs
[2024-10-01T00:19:40.821+0000] {logging_mixin.py:188} INFO - [2024-10-01T00:19:40.820+0000] {dag.py:3823} INFO - Setting next_dagrun for example_time_delta_sensor_async to None, run_after=None
[2024-10-01T00:19:40.879+0000] {processor.py:183} INFO - Processing /home/airflow/.local/lib/python3.8/site-packages/airflow/example_dags/example_time_delta_sensor_async.py took 0.172 seconds
[2024-10-01T00:20:11.458+0000] {processor.py:161} INFO - Started process (PID=3227) to work on /home/airflow/.local/lib/python3.8/site-packages/airflow/example_dags/example_time_delta_sensor_async.py
[2024-10-01T00:20:11.460+0000] {processor.py:830} INFO - Processing file /home/airflow/.local/lib/python3.8/site-packages/airflow/example_dags/example_time_delta_sensor_async.py for tasks to queue
[2024-10-01T00:20:11.464+0000] {logging_mixin.py:188} INFO - [2024-10-01T00:20:11.464+0000] {dagbag.py:538} INFO - Filling up the DagBag from /home/airflow/.local/lib/python3.8/site-packages/airflow/example_dags/example_time_delta_sensor_async.py
[2024-10-01T00:20:11.477+0000] {processor.py:840} INFO - DAG(s) 'example_time_delta_sensor_async' retrieved from /home/airflow/.local/lib/python3.8/site-packages/airflow/example_dags/example_time_delta_sensor_async.py
[2024-10-01T00:20:11.527+0000] {logging_mixin.py:188} INFO - [2024-10-01T00:20:11.527+0000] {dag.py:3036} INFO - Sync 1 DAGs
[2024-10-01T00:20:11.561+0000] {logging_mixin.py:188} INFO - [2024-10-01T00:20:11.560+0000] {dag.py:3823} INFO - Setting next_dagrun for example_time_delta_sensor_async to None, run_after=None
[2024-10-01T00:20:11.607+0000] {processor.py:183} INFO - Processing /home/airflow/.local/lib/python3.8/site-packages/airflow/example_dags/example_time_delta_sensor_async.py took 0.159 seconds
[2024-10-01T00:20:41.972+0000] {processor.py:161} INFO - Started process (PID=3293) to work on /home/airflow/.local/lib/python3.8/site-packages/airflow/example_dags/example_time_delta_sensor_async.py
[2024-10-01T00:20:41.974+0000] {processor.py:830} INFO - Processing file /home/airflow/.local/lib/python3.8/site-packages/airflow/example_dags/example_time_delta_sensor_async.py for tasks to queue
[2024-10-01T00:20:41.976+0000] {logging_mixin.py:188} INFO - [2024-10-01T00:20:41.976+0000] {dagbag.py:538} INFO - Filling up the DagBag from /home/airflow/.local/lib/python3.8/site-packages/airflow/example_dags/example_time_delta_sensor_async.py
[2024-10-01T00:20:41.983+0000] {processor.py:840} INFO - DAG(s) 'example_time_delta_sensor_async' retrieved from /home/airflow/.local/lib/python3.8/site-packages/airflow/example_dags/example_time_delta_sensor_async.py
[2024-10-01T00:20:42.019+0000] {logging_mixin.py:188} INFO - [2024-10-01T00:20:42.019+0000] {dag.py:3036} INFO - Sync 1 DAGs
[2024-10-01T00:20:42.044+0000] {logging_mixin.py:188} INFO - [2024-10-01T00:20:42.044+0000] {dag.py:3823} INFO - Setting next_dagrun for example_time_delta_sensor_async to None, run_after=None
[2024-10-01T00:20:42.079+0000] {processor.py:183} INFO - Processing /home/airflow/.local/lib/python3.8/site-packages/airflow/example_dags/example_time_delta_sensor_async.py took 0.112 seconds
[2024-10-01T00:21:12.802+0000] {processor.py:161} INFO - Started process (PID=3359) to work on /home/airflow/.local/lib/python3.8/site-packages/airflow/example_dags/example_time_delta_sensor_async.py
[2024-10-01T00:21:12.805+0000] {processor.py:830} INFO - Processing file /home/airflow/.local/lib/python3.8/site-packages/airflow/example_dags/example_time_delta_sensor_async.py for tasks to queue
[2024-10-01T00:21:12.807+0000] {logging_mixin.py:188} INFO - [2024-10-01T00:21:12.807+0000] {dagbag.py:538} INFO - Filling up the DagBag from /home/airflow/.local/lib/python3.8/site-packages/airflow/example_dags/example_time_delta_sensor_async.py
[2024-10-01T00:21:12.814+0000] {processor.py:840} INFO - DAG(s) 'example_time_delta_sensor_async' retrieved from /home/airflow/.local/lib/python3.8/site-packages/airflow/example_dags/example_time_delta_sensor_async.py
[2024-10-01T00:21:12.843+0000] {logging_mixin.py:188} INFO - [2024-10-01T00:21:12.843+0000] {dag.py:3036} INFO - Sync 1 DAGs
[2024-10-01T00:21:12.861+0000] {logging_mixin.py:188} INFO - [2024-10-01T00:21:12.860+0000] {dag.py:3823} INFO - Setting next_dagrun for example_time_delta_sensor_async to None, run_after=None
[2024-10-01T00:21:12.886+0000] {processor.py:183} INFO - Processing /home/airflow/.local/lib/python3.8/site-packages/airflow/example_dags/example_time_delta_sensor_async.py took 0.090 seconds
[2024-10-01T00:21:43.456+0000] {processor.py:161} INFO - Started process (PID=3425) to work on /home/airflow/.local/lib/python3.8/site-packages/airflow/example_dags/example_time_delta_sensor_async.py
[2024-10-01T00:21:43.458+0000] {processor.py:830} INFO - Processing file /home/airflow/.local/lib/python3.8/site-packages/airflow/example_dags/example_time_delta_sensor_async.py for tasks to queue
[2024-10-01T00:21:43.461+0000] {logging_mixin.py:188} INFO - [2024-10-01T00:21:43.460+0000] {dagbag.py:538} INFO - Filling up the DagBag from /home/airflow/.local/lib/python3.8/site-packages/airflow/example_dags/example_time_delta_sensor_async.py
[2024-10-01T00:21:43.468+0000] {processor.py:840} INFO - DAG(s) 'example_time_delta_sensor_async' retrieved from /home/airflow/.local/lib/python3.8/site-packages/airflow/example_dags/example_time_delta_sensor_async.py
[2024-10-01T00:21:43.502+0000] {logging_mixin.py:188} INFO - [2024-10-01T00:21:43.502+0000] {dag.py:3036} INFO - Sync 1 DAGs
[2024-10-01T00:21:43.527+0000] {logging_mixin.py:188} INFO - [2024-10-01T00:21:43.526+0000] {dag.py:3823} INFO - Setting next_dagrun for example_time_delta_sensor_async to None, run_after=None
[2024-10-01T00:21:43.558+0000] {processor.py:183} INFO - Processing /home/airflow/.local/lib/python3.8/site-packages/airflow/example_dags/example_time_delta_sensor_async.py took 0.108 seconds
[2024-10-01T00:22:14.074+0000] {processor.py:161} INFO - Started process (PID=3491) to work on /home/airflow/.local/lib/python3.8/site-packages/airflow/example_dags/example_time_delta_sensor_async.py
[2024-10-01T00:22:14.076+0000] {processor.py:830} INFO - Processing file /home/airflow/.local/lib/python3.8/site-packages/airflow/example_dags/example_time_delta_sensor_async.py for tasks to queue
[2024-10-01T00:22:14.079+0000] {logging_mixin.py:188} INFO - [2024-10-01T00:22:14.079+0000] {dagbag.py:538} INFO - Filling up the DagBag from /home/airflow/.local/lib/python3.8/site-packages/airflow/example_dags/example_time_delta_sensor_async.py
[2024-10-01T00:22:14.087+0000] {processor.py:840} INFO - DAG(s) 'example_time_delta_sensor_async' retrieved from /home/airflow/.local/lib/python3.8/site-packages/airflow/example_dags/example_time_delta_sensor_async.py
[2024-10-01T00:22:14.119+0000] {logging_mixin.py:188} INFO - [2024-10-01T00:22:14.119+0000] {dag.py:3036} INFO - Sync 1 DAGs
[2024-10-01T00:22:14.140+0000] {logging_mixin.py:188} INFO - [2024-10-01T00:22:14.140+0000] {dag.py:3823} INFO - Setting next_dagrun for example_time_delta_sensor_async to None, run_after=None
[2024-10-01T00:22:14.176+0000] {processor.py:183} INFO - Processing /home/airflow/.local/lib/python3.8/site-packages/airflow/example_dags/example_time_delta_sensor_async.py took 0.108 seconds
[2024-10-01T00:22:44.857+0000] {processor.py:161} INFO - Started process (PID=3558) to work on /home/airflow/.local/lib/python3.8/site-packages/airflow/example_dags/example_time_delta_sensor_async.py
[2024-10-01T00:22:44.859+0000] {processor.py:830} INFO - Processing file /home/airflow/.local/lib/python3.8/site-packages/airflow/example_dags/example_time_delta_sensor_async.py for tasks to queue
[2024-10-01T00:22:44.863+0000] {logging_mixin.py:188} INFO - [2024-10-01T00:22:44.863+0000] {dagbag.py:538} INFO - Filling up the DagBag from /home/airflow/.local/lib/python3.8/site-packages/airflow/example_dags/example_time_delta_sensor_async.py
[2024-10-01T00:22:44.874+0000] {processor.py:840} INFO - DAG(s) 'example_time_delta_sensor_async' retrieved from /home/airflow/.local/lib/python3.8/site-packages/airflow/example_dags/example_time_delta_sensor_async.py
[2024-10-01T00:22:44.924+0000] {logging_mixin.py:188} INFO - [2024-10-01T00:22:44.923+0000] {dag.py:3036} INFO - Sync 1 DAGs
[2024-10-01T00:22:44.961+0000] {logging_mixin.py:188} INFO - [2024-10-01T00:22:44.960+0000] {dag.py:3823} INFO - Setting next_dagrun for example_time_delta_sensor_async to None, run_after=None
[2024-10-01T00:22:45.020+0000] {processor.py:183} INFO - Processing /home/airflow/.local/lib/python3.8/site-packages/airflow/example_dags/example_time_delta_sensor_async.py took 0.173 seconds
[2024-10-01T00:23:15.489+0000] {processor.py:161} INFO - Started process (PID=3633) to work on /home/airflow/.local/lib/python3.8/site-packages/airflow/example_dags/example_time_delta_sensor_async.py
[2024-10-01T00:23:15.492+0000] {processor.py:830} INFO - Processing file /home/airflow/.local/lib/python3.8/site-packages/airflow/example_dags/example_time_delta_sensor_async.py for tasks to queue
[2024-10-01T00:23:15.496+0000] {logging_mixin.py:188} INFO - [2024-10-01T00:23:15.495+0000] {dagbag.py:538} INFO - Filling up the DagBag from /home/airflow/.local/lib/python3.8/site-packages/airflow/example_dags/example_time_delta_sensor_async.py
[2024-10-01T00:23:15.507+0000] {processor.py:840} INFO - DAG(s) 'example_time_delta_sensor_async' retrieved from /home/airflow/.local/lib/python3.8/site-packages/airflow/example_dags/example_time_delta_sensor_async.py
[2024-10-01T00:23:15.558+0000] {logging_mixin.py:188} INFO - [2024-10-01T00:23:15.558+0000] {dag.py:3036} INFO - Sync 1 DAGs
[2024-10-01T00:23:15.583+0000] {logging_mixin.py:188} INFO - [2024-10-01T00:23:15.582+0000] {dag.py:3823} INFO - Setting next_dagrun for example_time_delta_sensor_async to None, run_after=None
[2024-10-01T00:23:15.621+0000] {processor.py:183} INFO - Processing /home/airflow/.local/lib/python3.8/site-packages/airflow/example_dags/example_time_delta_sensor_async.py took 0.140 seconds
[2024-10-01T00:23:46.077+0000] {processor.py:161} INFO - Started process (PID=3699) to work on /home/airflow/.local/lib/python3.8/site-packages/airflow/example_dags/example_time_delta_sensor_async.py
[2024-10-01T00:23:46.082+0000] {processor.py:830} INFO - Processing file /home/airflow/.local/lib/python3.8/site-packages/airflow/example_dags/example_time_delta_sensor_async.py for tasks to queue
[2024-10-01T00:23:46.087+0000] {logging_mixin.py:188} INFO - [2024-10-01T00:23:46.086+0000] {dagbag.py:538} INFO - Filling up the DagBag from /home/airflow/.local/lib/python3.8/site-packages/airflow/example_dags/example_time_delta_sensor_async.py
[2024-10-01T00:23:46.104+0000] {processor.py:840} INFO - DAG(s) 'example_time_delta_sensor_async' retrieved from /home/airflow/.local/lib/python3.8/site-packages/airflow/example_dags/example_time_delta_sensor_async.py
[2024-10-01T00:23:46.168+0000] {logging_mixin.py:188} INFO - [2024-10-01T00:23:46.168+0000] {dag.py:3036} INFO - Sync 1 DAGs
[2024-10-01T00:23:46.211+0000] {logging_mixin.py:188} INFO - [2024-10-01T00:23:46.210+0000] {dag.py:3823} INFO - Setting next_dagrun for example_time_delta_sensor_async to None, run_after=None
[2024-10-01T00:23:46.268+0000] {processor.py:183} INFO - Processing /home/airflow/.local/lib/python3.8/site-packages/airflow/example_dags/example_time_delta_sensor_async.py took 0.203 seconds
[2024-10-01T00:24:16.983+0000] {processor.py:161} INFO - Started process (PID=3764) to work on /home/airflow/.local/lib/python3.8/site-packages/airflow/example_dags/example_time_delta_sensor_async.py
[2024-10-01T00:24:16.986+0000] {processor.py:830} INFO - Processing file /home/airflow/.local/lib/python3.8/site-packages/airflow/example_dags/example_time_delta_sensor_async.py for tasks to queue
[2024-10-01T00:24:16.991+0000] {logging_mixin.py:188} INFO - [2024-10-01T00:24:16.990+0000] {dagbag.py:538} INFO - Filling up the DagBag from /home/airflow/.local/lib/python3.8/site-packages/airflow/example_dags/example_time_delta_sensor_async.py
[2024-10-01T00:24:17.003+0000] {processor.py:840} INFO - DAG(s) 'example_time_delta_sensor_async' retrieved from /home/airflow/.local/lib/python3.8/site-packages/airflow/example_dags/example_time_delta_sensor_async.py
[2024-10-01T00:24:17.054+0000] {logging_mixin.py:188} INFO - [2024-10-01T00:24:17.054+0000] {dag.py:3036} INFO - Sync 1 DAGs
[2024-10-01T00:24:17.094+0000] {logging_mixin.py:188} INFO - [2024-10-01T00:24:17.093+0000] {dag.py:3823} INFO - Setting next_dagrun for example_time_delta_sensor_async to None, run_after=None
[2024-10-01T00:24:17.150+0000] {processor.py:183} INFO - Processing /home/airflow/.local/lib/python3.8/site-packages/airflow/example_dags/example_time_delta_sensor_async.py took 0.181 seconds
[2024-10-01T00:24:47.560+0000] {processor.py:161} INFO - Started process (PID=3823) to work on /home/airflow/.local/lib/python3.8/site-packages/airflow/example_dags/example_time_delta_sensor_async.py
[2024-10-01T00:24:47.563+0000] {processor.py:830} INFO - Processing file /home/airflow/.local/lib/python3.8/site-packages/airflow/example_dags/example_time_delta_sensor_async.py for tasks to queue
[2024-10-01T00:24:47.569+0000] {logging_mixin.py:188} INFO - [2024-10-01T00:24:47.568+0000] {dagbag.py:538} INFO - Filling up the DagBag from /home/airflow/.local/lib/python3.8/site-packages/airflow/example_dags/example_time_delta_sensor_async.py
[2024-10-01T00:24:47.582+0000] {processor.py:840} INFO - DAG(s) 'example_time_delta_sensor_async' retrieved from /home/airflow/.local/lib/python3.8/site-packages/airflow/example_dags/example_time_delta_sensor_async.py
[2024-10-01T00:24:47.646+0000] {logging_mixin.py:188} INFO - [2024-10-01T00:24:47.645+0000] {dag.py:3036} INFO - Sync 1 DAGs
[2024-10-01T00:24:47.689+0000] {logging_mixin.py:188} INFO - [2024-10-01T00:24:47.689+0000] {dag.py:3823} INFO - Setting next_dagrun for example_time_delta_sensor_async to None, run_after=None
[2024-10-01T00:24:47.752+0000] {processor.py:183} INFO - Processing /home/airflow/.local/lib/python3.8/site-packages/airflow/example_dags/example_time_delta_sensor_async.py took 0.202 seconds
[2024-10-01T00:25:18.287+0000] {processor.py:161} INFO - Started process (PID=3889) to work on /home/airflow/.local/lib/python3.8/site-packages/airflow/example_dags/example_time_delta_sensor_async.py
[2024-10-01T00:25:18.291+0000] {processor.py:830} INFO - Processing file /home/airflow/.local/lib/python3.8/site-packages/airflow/example_dags/example_time_delta_sensor_async.py for tasks to queue
[2024-10-01T00:25:18.296+0000] {logging_mixin.py:188} INFO - [2024-10-01T00:25:18.295+0000] {dagbag.py:538} INFO - Filling up the DagBag from /home/airflow/.local/lib/python3.8/site-packages/airflow/example_dags/example_time_delta_sensor_async.py
[2024-10-01T00:25:18.310+0000] {processor.py:840} INFO - DAG(s) 'example_time_delta_sensor_async' retrieved from /home/airflow/.local/lib/python3.8/site-packages/airflow/example_dags/example_time_delta_sensor_async.py
[2024-10-01T00:25:18.370+0000] {logging_mixin.py:188} INFO - [2024-10-01T00:25:18.370+0000] {dag.py:3036} INFO - Sync 1 DAGs
[2024-10-01T00:25:18.417+0000] {logging_mixin.py:188} INFO - [2024-10-01T00:25:18.417+0000] {dag.py:3823} INFO - Setting next_dagrun for example_time_delta_sensor_async to None, run_after=None
[2024-10-01T00:25:18.482+0000] {processor.py:183} INFO - Processing /home/airflow/.local/lib/python3.8/site-packages/airflow/example_dags/example_time_delta_sensor_async.py took 0.205 seconds
[2024-10-01T00:25:48.670+0000] {processor.py:161} INFO - Started process (PID=3955) to work on /home/airflow/.local/lib/python3.8/site-packages/airflow/example_dags/example_time_delta_sensor_async.py
[2024-10-01T00:25:48.674+0000] {processor.py:830} INFO - Processing file /home/airflow/.local/lib/python3.8/site-packages/airflow/example_dags/example_time_delta_sensor_async.py for tasks to queue
[2024-10-01T00:25:48.681+0000] {logging_mixin.py:188} INFO - [2024-10-01T00:25:48.680+0000] {dagbag.py:538} INFO - Filling up the DagBag from /home/airflow/.local/lib/python3.8/site-packages/airflow/example_dags/example_time_delta_sensor_async.py
[2024-10-01T00:25:48.694+0000] {processor.py:840} INFO - DAG(s) 'example_time_delta_sensor_async' retrieved from /home/airflow/.local/lib/python3.8/site-packages/airflow/example_dags/example_time_delta_sensor_async.py
[2024-10-01T00:25:48.766+0000] {logging_mixin.py:188} INFO - [2024-10-01T00:25:48.765+0000] {dag.py:3036} INFO - Sync 1 DAGs
[2024-10-01T00:25:48.811+0000] {logging_mixin.py:188} INFO - [2024-10-01T00:25:48.811+0000] {dag.py:3823} INFO - Setting next_dagrun for example_time_delta_sensor_async to None, run_after=None
[2024-10-01T00:25:48.870+0000] {processor.py:183} INFO - Processing /home/airflow/.local/lib/python3.8/site-packages/airflow/example_dags/example_time_delta_sensor_async.py took 0.214 seconds
[2024-10-01T00:26:19.725+0000] {processor.py:161} INFO - Started process (PID=4021) to work on /home/airflow/.local/lib/python3.8/site-packages/airflow/example_dags/example_time_delta_sensor_async.py
[2024-10-01T00:26:19.728+0000] {processor.py:830} INFO - Processing file /home/airflow/.local/lib/python3.8/site-packages/airflow/example_dags/example_time_delta_sensor_async.py for tasks to queue
[2024-10-01T00:26:19.732+0000] {logging_mixin.py:188} INFO - [2024-10-01T00:26:19.731+0000] {dagbag.py:538} INFO - Filling up the DagBag from /home/airflow/.local/lib/python3.8/site-packages/airflow/example_dags/example_time_delta_sensor_async.py
[2024-10-01T00:26:19.744+0000] {processor.py:840} INFO - DAG(s) 'example_time_delta_sensor_async' retrieved from /home/airflow/.local/lib/python3.8/site-packages/airflow/example_dags/example_time_delta_sensor_async.py
[2024-10-01T00:26:19.787+0000] {logging_mixin.py:188} INFO - [2024-10-01T00:26:19.787+0000] {dag.py:3036} INFO - Sync 1 DAGs
[2024-10-01T00:26:19.818+0000] {logging_mixin.py:188} INFO - [2024-10-01T00:26:19.818+0000] {dag.py:3823} INFO - Setting next_dagrun for example_time_delta_sensor_async to None, run_after=None
[2024-10-01T00:26:19.862+0000] {processor.py:183} INFO - Processing /home/airflow/.local/lib/python3.8/site-packages/airflow/example_dags/example_time_delta_sensor_async.py took 0.146 seconds
[2024-10-01T00:26:49.934+0000] {processor.py:161} INFO - Started process (PID=4086) to work on /home/airflow/.local/lib/python3.8/site-packages/airflow/example_dags/example_time_delta_sensor_async.py
[2024-10-01T00:26:49.936+0000] {processor.py:830} INFO - Processing file /home/airflow/.local/lib/python3.8/site-packages/airflow/example_dags/example_time_delta_sensor_async.py for tasks to queue
[2024-10-01T00:26:49.939+0000] {logging_mixin.py:188} INFO - [2024-10-01T00:26:49.939+0000] {dagbag.py:538} INFO - Filling up the DagBag from /home/airflow/.local/lib/python3.8/site-packages/airflow/example_dags/example_time_delta_sensor_async.py
[2024-10-01T00:26:49.947+0000] {processor.py:840} INFO - DAG(s) 'example_time_delta_sensor_async' retrieved from /home/airflow/.local/lib/python3.8/site-packages/airflow/example_dags/example_time_delta_sensor_async.py
[2024-10-01T00:26:49.986+0000] {logging_mixin.py:188} INFO - [2024-10-01T00:26:49.986+0000] {dag.py:3036} INFO - Sync 1 DAGs
[2024-10-01T00:26:50.011+0000] {logging_mixin.py:188} INFO - [2024-10-01T00:26:50.010+0000] {dag.py:3823} INFO - Setting next_dagrun for example_time_delta_sensor_async to None, run_after=None
[2024-10-01T00:26:50.047+0000] {processor.py:183} INFO - Processing /home/airflow/.local/lib/python3.8/site-packages/airflow/example_dags/example_time_delta_sensor_async.py took 0.119 seconds
[2024-10-01T00:27:20.700+0000] {processor.py:161} INFO - Started process (PID=4153) to work on /home/airflow/.local/lib/python3.8/site-packages/airflow/example_dags/example_time_delta_sensor_async.py
[2024-10-01T00:27:20.703+0000] {processor.py:830} INFO - Processing file /home/airflow/.local/lib/python3.8/site-packages/airflow/example_dags/example_time_delta_sensor_async.py for tasks to queue
[2024-10-01T00:27:20.707+0000] {logging_mixin.py:188} INFO - [2024-10-01T00:27:20.706+0000] {dagbag.py:538} INFO - Filling up the DagBag from /home/airflow/.local/lib/python3.8/site-packages/airflow/example_dags/example_time_delta_sensor_async.py
[2024-10-01T00:27:20.719+0000] {processor.py:840} INFO - DAG(s) 'example_time_delta_sensor_async' retrieved from /home/airflow/.local/lib/python3.8/site-packages/airflow/example_dags/example_time_delta_sensor_async.py
[2024-10-01T00:27:20.768+0000] {logging_mixin.py:188} INFO - [2024-10-01T00:27:20.767+0000] {dag.py:3036} INFO - Sync 1 DAGs
[2024-10-01T00:27:20.803+0000] {logging_mixin.py:188} INFO - [2024-10-01T00:27:20.803+0000] {dag.py:3823} INFO - Setting next_dagrun for example_time_delta_sensor_async to None, run_after=None
[2024-10-01T00:27:20.858+0000] {processor.py:183} INFO - Processing /home/airflow/.local/lib/python3.8/site-packages/airflow/example_dags/example_time_delta_sensor_async.py took 0.167 seconds
[2024-10-01T00:27:51.992+0000] {processor.py:161} INFO - Started process (PID=4217) to work on /home/airflow/.local/lib/python3.8/site-packages/airflow/example_dags/example_time_delta_sensor_async.py
[2024-10-01T00:27:51.995+0000] {processor.py:830} INFO - Processing file /home/airflow/.local/lib/python3.8/site-packages/airflow/example_dags/example_time_delta_sensor_async.py for tasks to queue
[2024-10-01T00:27:52.001+0000] {logging_mixin.py:188} INFO - [2024-10-01T00:27:52.000+0000] {dagbag.py:538} INFO - Filling up the DagBag from /home/airflow/.local/lib/python3.8/site-packages/airflow/example_dags/example_time_delta_sensor_async.py
[2024-10-01T00:27:52.015+0000] {processor.py:840} INFO - DAG(s) 'example_time_delta_sensor_async' retrieved from /home/airflow/.local/lib/python3.8/site-packages/airflow/example_dags/example_time_delta_sensor_async.py
[2024-10-01T00:27:52.082+0000] {logging_mixin.py:188} INFO - [2024-10-01T00:27:52.081+0000] {dag.py:3036} INFO - Sync 1 DAGs
[2024-10-01T00:27:52.123+0000] {logging_mixin.py:188} INFO - [2024-10-01T00:27:52.123+0000] {dag.py:3823} INFO - Setting next_dagrun for example_time_delta_sensor_async to None, run_after=None
[2024-10-01T00:27:52.186+0000] {processor.py:183} INFO - Processing /home/airflow/.local/lib/python3.8/site-packages/airflow/example_dags/example_time_delta_sensor_async.py took 0.205 seconds
[2024-10-01T00:28:22.397+0000] {processor.py:161} INFO - Started process (PID=4283) to work on /home/airflow/.local/lib/python3.8/site-packages/airflow/example_dags/example_time_delta_sensor_async.py
[2024-10-01T00:28:22.400+0000] {processor.py:830} INFO - Processing file /home/airflow/.local/lib/python3.8/site-packages/airflow/example_dags/example_time_delta_sensor_async.py for tasks to queue
[2024-10-01T00:28:22.405+0000] {logging_mixin.py:188} INFO - [2024-10-01T00:28:22.404+0000] {dagbag.py:538} INFO - Filling up the DagBag from /home/airflow/.local/lib/python3.8/site-packages/airflow/example_dags/example_time_delta_sensor_async.py
[2024-10-01T00:28:22.418+0000] {processor.py:840} INFO - DAG(s) 'example_time_delta_sensor_async' retrieved from /home/airflow/.local/lib/python3.8/site-packages/airflow/example_dags/example_time_delta_sensor_async.py
[2024-10-01T00:28:22.480+0000] {logging_mixin.py:188} INFO - [2024-10-01T00:28:22.479+0000] {dag.py:3036} INFO - Sync 1 DAGs
[2024-10-01T00:28:22.523+0000] {logging_mixin.py:188} INFO - [2024-10-01T00:28:22.523+0000] {dag.py:3823} INFO - Setting next_dagrun for example_time_delta_sensor_async to None, run_after=None
[2024-10-01T00:28:22.584+0000] {processor.py:183} INFO - Processing /home/airflow/.local/lib/python3.8/site-packages/airflow/example_dags/example_time_delta_sensor_async.py took 0.198 seconds
[2024-10-01T00:28:52.886+0000] {processor.py:161} INFO - Started process (PID=4349) to work on /home/airflow/.local/lib/python3.8/site-packages/airflow/example_dags/example_time_delta_sensor_async.py
[2024-10-01T00:28:52.890+0000] {processor.py:830} INFO - Processing file /home/airflow/.local/lib/python3.8/site-packages/airflow/example_dags/example_time_delta_sensor_async.py for tasks to queue
[2024-10-01T00:28:52.898+0000] {logging_mixin.py:188} INFO - [2024-10-01T00:28:52.897+0000] {dagbag.py:538} INFO - Filling up the DagBag from /home/airflow/.local/lib/python3.8/site-packages/airflow/example_dags/example_time_delta_sensor_async.py
[2024-10-01T00:28:52.914+0000] {processor.py:840} INFO - DAG(s) 'example_time_delta_sensor_async' retrieved from /home/airflow/.local/lib/python3.8/site-packages/airflow/example_dags/example_time_delta_sensor_async.py
[2024-10-01T00:28:52.985+0000] {logging_mixin.py:188} INFO - [2024-10-01T00:28:52.984+0000] {dag.py:3036} INFO - Sync 1 DAGs
[2024-10-01T00:28:53.043+0000] {logging_mixin.py:188} INFO - [2024-10-01T00:28:53.042+0000] {dag.py:3823} INFO - Setting next_dagrun for example_time_delta_sensor_async to None, run_after=None
[2024-10-01T00:28:53.109+0000] {processor.py:183} INFO - Processing /home/airflow/.local/lib/python3.8/site-packages/airflow/example_dags/example_time_delta_sensor_async.py took 0.236 seconds
[2024-10-01T00:29:23.520+0000] {processor.py:161} INFO - Started process (PID=4407) to work on /home/airflow/.local/lib/python3.8/site-packages/airflow/example_dags/example_time_delta_sensor_async.py
[2024-10-01T00:29:23.523+0000] {processor.py:830} INFO - Processing file /home/airflow/.local/lib/python3.8/site-packages/airflow/example_dags/example_time_delta_sensor_async.py for tasks to queue
[2024-10-01T00:29:23.529+0000] {logging_mixin.py:188} INFO - [2024-10-01T00:29:23.528+0000] {dagbag.py:538} INFO - Filling up the DagBag from /home/airflow/.local/lib/python3.8/site-packages/airflow/example_dags/example_time_delta_sensor_async.py
[2024-10-01T00:29:23.544+0000] {processor.py:840} INFO - DAG(s) 'example_time_delta_sensor_async' retrieved from /home/airflow/.local/lib/python3.8/site-packages/airflow/example_dags/example_time_delta_sensor_async.py
[2024-10-01T00:29:23.606+0000] {logging_mixin.py:188} INFO - [2024-10-01T00:29:23.605+0000] {dag.py:3036} INFO - Sync 1 DAGs
[2024-10-01T00:29:23.649+0000] {logging_mixin.py:188} INFO - [2024-10-01T00:29:23.649+0000] {dag.py:3823} INFO - Setting next_dagrun for example_time_delta_sensor_async to None, run_after=None
[2024-10-01T00:29:23.709+0000] {processor.py:183} INFO - Processing /home/airflow/.local/lib/python3.8/site-packages/airflow/example_dags/example_time_delta_sensor_async.py took 0.200 seconds
[2024-10-01T00:29:54.303+0000] {processor.py:161} INFO - Started process (PID=4472) to work on /home/airflow/.local/lib/python3.8/site-packages/airflow/example_dags/example_time_delta_sensor_async.py
[2024-10-01T00:29:54.309+0000] {processor.py:830} INFO - Processing file /home/airflow/.local/lib/python3.8/site-packages/airflow/example_dags/example_time_delta_sensor_async.py for tasks to queue
[2024-10-01T00:29:54.314+0000] {logging_mixin.py:188} INFO - [2024-10-01T00:29:54.313+0000] {dagbag.py:538} INFO - Filling up the DagBag from /home/airflow/.local/lib/python3.8/site-packages/airflow/example_dags/example_time_delta_sensor_async.py
[2024-10-01T00:29:54.326+0000] {processor.py:840} INFO - DAG(s) 'example_time_delta_sensor_async' retrieved from /home/airflow/.local/lib/python3.8/site-packages/airflow/example_dags/example_time_delta_sensor_async.py
[2024-10-01T00:29:54.382+0000] {logging_mixin.py:188} INFO - [2024-10-01T00:29:54.381+0000] {dag.py:3036} INFO - Sync 1 DAGs
[2024-10-01T00:29:54.419+0000] {logging_mixin.py:188} INFO - [2024-10-01T00:29:54.418+0000] {dag.py:3823} INFO - Setting next_dagrun for example_time_delta_sensor_async to None, run_after=None
[2024-10-01T00:29:54.471+0000] {processor.py:183} INFO - Processing /home/airflow/.local/lib/python3.8/site-packages/airflow/example_dags/example_time_delta_sensor_async.py took 0.177 seconds
[2024-10-01T00:30:24.881+0000] {processor.py:161} INFO - Started process (PID=4538) to work on /home/airflow/.local/lib/python3.8/site-packages/airflow/example_dags/example_time_delta_sensor_async.py
[2024-10-01T00:30:24.884+0000] {processor.py:830} INFO - Processing file /home/airflow/.local/lib/python3.8/site-packages/airflow/example_dags/example_time_delta_sensor_async.py for tasks to queue
[2024-10-01T00:30:24.888+0000] {logging_mixin.py:188} INFO - [2024-10-01T00:30:24.887+0000] {dagbag.py:538} INFO - Filling up the DagBag from /home/airflow/.local/lib/python3.8/site-packages/airflow/example_dags/example_time_delta_sensor_async.py
[2024-10-01T00:30:24.899+0000] {processor.py:840} INFO - DAG(s) 'example_time_delta_sensor_async' retrieved from /home/airflow/.local/lib/python3.8/site-packages/airflow/example_dags/example_time_delta_sensor_async.py
[2024-10-01T00:30:24.937+0000] {logging_mixin.py:188} INFO - [2024-10-01T00:30:24.936+0000] {dag.py:3036} INFO - Sync 1 DAGs
[2024-10-01T00:30:24.962+0000] {logging_mixin.py:188} INFO - [2024-10-01T00:30:24.961+0000] {dag.py:3823} INFO - Setting next_dagrun for example_time_delta_sensor_async to None, run_after=None
[2024-10-01T00:30:24.998+0000] {processor.py:183} INFO - Processing /home/airflow/.local/lib/python3.8/site-packages/airflow/example_dags/example_time_delta_sensor_async.py took 0.124 seconds
[2024-10-01T00:30:55.999+0000] {processor.py:161} INFO - Started process (PID=4605) to work on /home/airflow/.local/lib/python3.8/site-packages/airflow/example_dags/example_time_delta_sensor_async.py
[2024-10-01T00:30:56.005+0000] {processor.py:830} INFO - Processing file /home/airflow/.local/lib/python3.8/site-packages/airflow/example_dags/example_time_delta_sensor_async.py for tasks to queue
[2024-10-01T00:30:56.010+0000] {logging_mixin.py:188} INFO - [2024-10-01T00:30:56.010+0000] {dagbag.py:538} INFO - Filling up the DagBag from /home/airflow/.local/lib/python3.8/site-packages/airflow/example_dags/example_time_delta_sensor_async.py
[2024-10-01T00:30:56.024+0000] {processor.py:840} INFO - DAG(s) 'example_time_delta_sensor_async' retrieved from /home/airflow/.local/lib/python3.8/site-packages/airflow/example_dags/example_time_delta_sensor_async.py
[2024-10-01T00:30:56.081+0000] {logging_mixin.py:188} INFO - [2024-10-01T00:30:56.081+0000] {dag.py:3036} INFO - Sync 1 DAGs
[2024-10-01T00:30:56.127+0000] {logging_mixin.py:188} INFO - [2024-10-01T00:30:56.126+0000] {dag.py:3823} INFO - Setting next_dagrun for example_time_delta_sensor_async to None, run_after=None
[2024-10-01T00:30:56.178+0000] {processor.py:183} INFO - Processing /home/airflow/.local/lib/python3.8/site-packages/airflow/example_dags/example_time_delta_sensor_async.py took 0.187 seconds
[2024-10-01T00:31:27.335+0000] {processor.py:161} INFO - Started process (PID=4671) to work on /home/airflow/.local/lib/python3.8/site-packages/airflow/example_dags/example_time_delta_sensor_async.py
[2024-10-01T00:31:27.339+0000] {processor.py:830} INFO - Processing file /home/airflow/.local/lib/python3.8/site-packages/airflow/example_dags/example_time_delta_sensor_async.py for tasks to queue
[2024-10-01T00:31:27.346+0000] {logging_mixin.py:188} INFO - [2024-10-01T00:31:27.345+0000] {dagbag.py:538} INFO - Filling up the DagBag from /home/airflow/.local/lib/python3.8/site-packages/airflow/example_dags/example_time_delta_sensor_async.py
[2024-10-01T00:31:27.364+0000] {processor.py:840} INFO - DAG(s) 'example_time_delta_sensor_async' retrieved from /home/airflow/.local/lib/python3.8/site-packages/airflow/example_dags/example_time_delta_sensor_async.py
[2024-10-01T00:31:27.442+0000] {logging_mixin.py:188} INFO - [2024-10-01T00:31:27.441+0000] {dag.py:3036} INFO - Sync 1 DAGs
[2024-10-01T00:31:27.496+0000] {logging_mixin.py:188} INFO - [2024-10-01T00:31:27.495+0000] {dag.py:3823} INFO - Setting next_dagrun for example_time_delta_sensor_async to None, run_after=None
[2024-10-01T00:31:27.581+0000] {processor.py:183} INFO - Processing /home/airflow/.local/lib/python3.8/site-packages/airflow/example_dags/example_time_delta_sensor_async.py took 0.260 seconds
[2024-10-01T00:32:00.085+0000] {processor.py:161} INFO - Started process (PID=4737) to work on /home/airflow/.local/lib/python3.8/site-packages/airflow/example_dags/example_time_delta_sensor_async.py
[2024-10-01T00:32:00.091+0000] {processor.py:830} INFO - Processing file /home/airflow/.local/lib/python3.8/site-packages/airflow/example_dags/example_time_delta_sensor_async.py for tasks to queue
[2024-10-01T00:32:00.101+0000] {logging_mixin.py:188} INFO - [2024-10-01T00:32:00.100+0000] {dagbag.py:538} INFO - Filling up the DagBag from /home/airflow/.local/lib/python3.8/site-packages/airflow/example_dags/example_time_delta_sensor_async.py
[2024-10-01T00:32:00.134+0000] {processor.py:840} INFO - DAG(s) 'example_time_delta_sensor_async' retrieved from /home/airflow/.local/lib/python3.8/site-packages/airflow/example_dags/example_time_delta_sensor_async.py
[2024-10-01T00:32:00.269+0000] {logging_mixin.py:188} INFO - [2024-10-01T00:32:00.268+0000] {dag.py:3036} INFO - Sync 1 DAGs
[2024-10-01T00:32:00.344+0000] {logging_mixin.py:188} INFO - [2024-10-01T00:32:00.342+0000] {dag.py:3823} INFO - Setting next_dagrun for example_time_delta_sensor_async to None, run_after=None
[2024-10-01T00:32:00.455+0000] {processor.py:183} INFO - Processing /home/airflow/.local/lib/python3.8/site-packages/airflow/example_dags/example_time_delta_sensor_async.py took 0.391 seconds
[2024-10-01T00:32:31.431+0000] {processor.py:161} INFO - Started process (PID=4796) to work on /home/airflow/.local/lib/python3.8/site-packages/airflow/example_dags/example_time_delta_sensor_async.py
[2024-10-01T00:32:31.434+0000] {processor.py:830} INFO - Processing file /home/airflow/.local/lib/python3.8/site-packages/airflow/example_dags/example_time_delta_sensor_async.py for tasks to queue
[2024-10-01T00:32:31.438+0000] {logging_mixin.py:188} INFO - [2024-10-01T00:32:31.437+0000] {dagbag.py:538} INFO - Filling up the DagBag from /home/airflow/.local/lib/python3.8/site-packages/airflow/example_dags/example_time_delta_sensor_async.py
[2024-10-01T00:32:31.448+0000] {processor.py:840} INFO - DAG(s) 'example_time_delta_sensor_async' retrieved from /home/airflow/.local/lib/python3.8/site-packages/airflow/example_dags/example_time_delta_sensor_async.py
[2024-10-01T00:32:31.496+0000] {logging_mixin.py:188} INFO - [2024-10-01T00:32:31.496+0000] {dag.py:3036} INFO - Sync 1 DAGs
[2024-10-01T00:32:31.529+0000] {logging_mixin.py:188} INFO - [2024-10-01T00:32:31.529+0000] {dag.py:3823} INFO - Setting next_dagrun for example_time_delta_sensor_async to None, run_after=None
[2024-10-01T00:32:31.580+0000] {processor.py:183} INFO - Processing /home/airflow/.local/lib/python3.8/site-packages/airflow/example_dags/example_time_delta_sensor_async.py took 0.158 seconds
[2024-10-01T00:33:02.525+0000] {processor.py:161} INFO - Started process (PID=4863) to work on /home/airflow/.local/lib/python3.8/site-packages/airflow/example_dags/example_time_delta_sensor_async.py
[2024-10-01T00:33:02.532+0000] {processor.py:830} INFO - Processing file /home/airflow/.local/lib/python3.8/site-packages/airflow/example_dags/example_time_delta_sensor_async.py for tasks to queue
[2024-10-01T00:33:02.539+0000] {logging_mixin.py:188} INFO - [2024-10-01T00:33:02.538+0000] {dagbag.py:538} INFO - Filling up the DagBag from /home/airflow/.local/lib/python3.8/site-packages/airflow/example_dags/example_time_delta_sensor_async.py
[2024-10-01T00:33:02.559+0000] {processor.py:840} INFO - DAG(s) 'example_time_delta_sensor_async' retrieved from /home/airflow/.local/lib/python3.8/site-packages/airflow/example_dags/example_time_delta_sensor_async.py
[2024-10-01T00:33:02.645+0000] {logging_mixin.py:188} INFO - [2024-10-01T00:33:02.644+0000] {dag.py:3036} INFO - Sync 1 DAGs
[2024-10-01T00:33:02.702+0000] {logging_mixin.py:188} INFO - [2024-10-01T00:33:02.701+0000] {dag.py:3823} INFO - Setting next_dagrun for example_time_delta_sensor_async to None, run_after=None
[2024-10-01T00:33:02.781+0000] {processor.py:183} INFO - Processing /home/airflow/.local/lib/python3.8/site-packages/airflow/example_dags/example_time_delta_sensor_async.py took 0.270 seconds
[2024-10-01T00:33:35.195+0000] {processor.py:161} INFO - Started process (PID=4929) to work on /home/airflow/.local/lib/python3.8/site-packages/airflow/example_dags/example_time_delta_sensor_async.py
[2024-10-01T00:33:35.204+0000] {processor.py:830} INFO - Processing file /home/airflow/.local/lib/python3.8/site-packages/airflow/example_dags/example_time_delta_sensor_async.py for tasks to queue
[2024-10-01T00:33:35.222+0000] {logging_mixin.py:188} INFO - [2024-10-01T00:33:35.219+0000] {dagbag.py:538} INFO - Filling up the DagBag from /home/airflow/.local/lib/python3.8/site-packages/airflow/example_dags/example_time_delta_sensor_async.py
[2024-10-01T00:33:35.259+0000] {processor.py:840} INFO - DAG(s) 'example_time_delta_sensor_async' retrieved from /home/airflow/.local/lib/python3.8/site-packages/airflow/example_dags/example_time_delta_sensor_async.py
[2024-10-01T00:33:35.484+0000] {logging_mixin.py:188} INFO - [2024-10-01T00:33:35.482+0000] {dag.py:3036} INFO - Sync 1 DAGs
[2024-10-01T00:33:35.648+0000] {logging_mixin.py:188} INFO - [2024-10-01T00:33:35.646+0000] {dag.py:3823} INFO - Setting next_dagrun for example_time_delta_sensor_async to None, run_after=None
[2024-10-01T00:33:35.790+0000] {processor.py:183} INFO - Processing /home/airflow/.local/lib/python3.8/site-packages/airflow/example_dags/example_time_delta_sensor_async.py took 0.625 seconds
[2024-10-01T00:34:06.101+0000] {processor.py:161} INFO - Started process (PID=4987) to work on /home/airflow/.local/lib/python3.8/site-packages/airflow/example_dags/example_time_delta_sensor_async.py
[2024-10-01T00:34:06.104+0000] {processor.py:830} INFO - Processing file /home/airflow/.local/lib/python3.8/site-packages/airflow/example_dags/example_time_delta_sensor_async.py for tasks to queue
[2024-10-01T00:34:06.107+0000] {logging_mixin.py:188} INFO - [2024-10-01T00:34:06.107+0000] {dagbag.py:538} INFO - Filling up the DagBag from /home/airflow/.local/lib/python3.8/site-packages/airflow/example_dags/example_time_delta_sensor_async.py
[2024-10-01T00:34:06.116+0000] {processor.py:840} INFO - DAG(s) 'example_time_delta_sensor_async' retrieved from /home/airflow/.local/lib/python3.8/site-packages/airflow/example_dags/example_time_delta_sensor_async.py
[2024-10-01T00:34:06.155+0000] {logging_mixin.py:188} INFO - [2024-10-01T00:34:06.155+0000] {dag.py:3036} INFO - Sync 1 DAGs
[2024-10-01T00:34:06.179+0000] {logging_mixin.py:188} INFO - [2024-10-01T00:34:06.179+0000] {dag.py:3823} INFO - Setting next_dagrun for example_time_delta_sensor_async to None, run_after=None
[2024-10-01T00:34:06.232+0000] {processor.py:183} INFO - Processing /home/airflow/.local/lib/python3.8/site-packages/airflow/example_dags/example_time_delta_sensor_async.py took 0.138 seconds
[2024-10-01T00:34:36.448+0000] {processor.py:161} INFO - Started process (PID=5053) to work on /home/airflow/.local/lib/python3.8/site-packages/airflow/example_dags/example_time_delta_sensor_async.py
[2024-10-01T00:34:36.451+0000] {processor.py:830} INFO - Processing file /home/airflow/.local/lib/python3.8/site-packages/airflow/example_dags/example_time_delta_sensor_async.py for tasks to queue
[2024-10-01T00:34:36.453+0000] {logging_mixin.py:188} INFO - [2024-10-01T00:34:36.453+0000] {dagbag.py:538} INFO - Filling up the DagBag from /home/airflow/.local/lib/python3.8/site-packages/airflow/example_dags/example_time_delta_sensor_async.py
[2024-10-01T00:34:36.461+0000] {processor.py:840} INFO - DAG(s) 'example_time_delta_sensor_async' retrieved from /home/airflow/.local/lib/python3.8/site-packages/airflow/example_dags/example_time_delta_sensor_async.py
[2024-10-01T00:34:36.494+0000] {logging_mixin.py:188} INFO - [2024-10-01T00:34:36.494+0000] {dag.py:3036} INFO - Sync 1 DAGs
[2024-10-01T00:34:36.515+0000] {logging_mixin.py:188} INFO - [2024-10-01T00:34:36.515+0000] {dag.py:3823} INFO - Setting next_dagrun for example_time_delta_sensor_async to None, run_after=None
[2024-10-01T00:34:36.545+0000] {processor.py:183} INFO - Processing /home/airflow/.local/lib/python3.8/site-packages/airflow/example_dags/example_time_delta_sensor_async.py took 0.102 seconds
