[2024-10-01T00:00:11.275+0000] {processor.py:161} INFO - Started process (PID=769) to work on /home/airflow/.local/lib/python3.8/site-packages/airflow/example_dags/example_skip_dag.py
[2024-10-01T00:00:11.285+0000] {processor.py:830} INFO - Processing file /home/airflow/.local/lib/python3.8/site-packages/airflow/example_dags/example_skip_dag.py for tasks to queue
[2024-10-01T00:00:11.293+0000] {logging_mixin.py:188} INFO - [2024-10-01T00:00:11.291+0000] {dagbag.py:538} INFO - Filling up the DagBag from /home/airflow/.local/lib/python3.8/site-packages/airflow/example_dags/example_skip_dag.py
[2024-10-01T00:00:11.331+0000] {processor.py:840} INFO - DAG(s) 'example_skip_dag' retrieved from /home/airflow/.local/lib/python3.8/site-packages/airflow/example_dags/example_skip_dag.py
[2024-10-01T00:00:12.148+0000] {logging_mixin.py:188} INFO - [2024-10-01T00:00:12.147+0000] {dag.py:3036} INFO - Sync 1 DAGs
[2024-10-01T00:00:12.435+0000] {logging_mixin.py:188} INFO - [2024-10-01T00:00:12.434+0000] {dag.py:3823} INFO - Setting next_dagrun for example_skip_dag to 2024-09-30 00:00:00+00:00, run_after=2024-10-01 00:00:00+00:00
[2024-10-01T00:00:12.602+0000] {processor.py:183} INFO - Processing /home/airflow/.local/lib/python3.8/site-packages/airflow/example_dags/example_skip_dag.py took 1.394 seconds
[2024-10-01T00:00:43.133+0000] {processor.py:161} INFO - Started process (PID=835) to work on /home/airflow/.local/lib/python3.8/site-packages/airflow/example_dags/example_skip_dag.py
[2024-10-01T00:00:43.137+0000] {processor.py:830} INFO - Processing file /home/airflow/.local/lib/python3.8/site-packages/airflow/example_dags/example_skip_dag.py for tasks to queue
[2024-10-01T00:00:43.146+0000] {logging_mixin.py:188} INFO - [2024-10-01T00:00:43.145+0000] {dagbag.py:538} INFO - Filling up the DagBag from /home/airflow/.local/lib/python3.8/site-packages/airflow/example_dags/example_skip_dag.py
[2024-10-01T00:00:43.179+0000] {processor.py:840} INFO - DAG(s) 'example_skip_dag' retrieved from /home/airflow/.local/lib/python3.8/site-packages/airflow/example_dags/example_skip_dag.py
[2024-10-01T00:00:43.278+0000] {logging_mixin.py:188} INFO - [2024-10-01T00:00:43.277+0000] {dag.py:3036} INFO - Sync 1 DAGs
[2024-10-01T00:00:43.385+0000] {logging_mixin.py:188} INFO - [2024-10-01T00:00:43.384+0000] {dag.py:3823} INFO - Setting next_dagrun for example_skip_dag to 2024-09-30 00:00:00+00:00, run_after=2024-10-01 00:00:00+00:00
[2024-10-01T00:00:43.474+0000] {processor.py:183} INFO - Processing /home/airflow/.local/lib/python3.8/site-packages/airflow/example_dags/example_skip_dag.py took 0.361 seconds
[2024-10-01T00:01:13.694+0000] {processor.py:161} INFO - Started process (PID=893) to work on /home/airflow/.local/lib/python3.8/site-packages/airflow/example_dags/example_skip_dag.py
[2024-10-01T00:01:13.698+0000] {processor.py:830} INFO - Processing file /home/airflow/.local/lib/python3.8/site-packages/airflow/example_dags/example_skip_dag.py for tasks to queue
[2024-10-01T00:01:13.703+0000] {logging_mixin.py:188} INFO - [2024-10-01T00:01:13.702+0000] {dagbag.py:538} INFO - Filling up the DagBag from /home/airflow/.local/lib/python3.8/site-packages/airflow/example_dags/example_skip_dag.py
[2024-10-01T00:01:13.727+0000] {processor.py:840} INFO - DAG(s) 'example_skip_dag' retrieved from /home/airflow/.local/lib/python3.8/site-packages/airflow/example_dags/example_skip_dag.py
[2024-10-01T00:01:13.806+0000] {logging_mixin.py:188} INFO - [2024-10-01T00:01:13.805+0000] {dag.py:3036} INFO - Sync 1 DAGs
[2024-10-01T00:01:13.875+0000] {logging_mixin.py:188} INFO - [2024-10-01T00:01:13.874+0000] {dag.py:3823} INFO - Setting next_dagrun for example_skip_dag to 2024-09-30 00:00:00+00:00, run_after=2024-10-01 00:00:00+00:00
[2024-10-01T00:01:13.935+0000] {processor.py:183} INFO - Processing /home/airflow/.local/lib/python3.8/site-packages/airflow/example_dags/example_skip_dag.py took 0.251 seconds
[2024-10-01T00:01:44.804+0000] {processor.py:161} INFO - Started process (PID=959) to work on /home/airflow/.local/lib/python3.8/site-packages/airflow/example_dags/example_skip_dag.py
[2024-10-01T00:01:44.809+0000] {processor.py:830} INFO - Processing file /home/airflow/.local/lib/python3.8/site-packages/airflow/example_dags/example_skip_dag.py for tasks to queue
[2024-10-01T00:01:44.815+0000] {logging_mixin.py:188} INFO - [2024-10-01T00:01:44.814+0000] {dagbag.py:538} INFO - Filling up the DagBag from /home/airflow/.local/lib/python3.8/site-packages/airflow/example_dags/example_skip_dag.py
[2024-10-01T00:01:44.840+0000] {processor.py:840} INFO - DAG(s) 'example_skip_dag' retrieved from /home/airflow/.local/lib/python3.8/site-packages/airflow/example_dags/example_skip_dag.py
[2024-10-01T00:01:44.934+0000] {logging_mixin.py:188} INFO - [2024-10-01T00:01:44.933+0000] {dag.py:3036} INFO - Sync 1 DAGs
[2024-10-01T00:01:45.027+0000] {logging_mixin.py:188} INFO - [2024-10-01T00:01:45.026+0000] {dag.py:3823} INFO - Setting next_dagrun for example_skip_dag to 2024-09-30 00:00:00+00:00, run_after=2024-10-01 00:00:00+00:00
[2024-10-01T00:01:45.100+0000] {processor.py:183} INFO - Processing /home/airflow/.local/lib/python3.8/site-packages/airflow/example_dags/example_skip_dag.py took 0.310 seconds
[2024-10-01T00:02:15.281+0000] {processor.py:161} INFO - Started process (PID=1025) to work on /home/airflow/.local/lib/python3.8/site-packages/airflow/example_dags/example_skip_dag.py
[2024-10-01T00:02:15.283+0000] {processor.py:830} INFO - Processing file /home/airflow/.local/lib/python3.8/site-packages/airflow/example_dags/example_skip_dag.py for tasks to queue
[2024-10-01T00:02:15.287+0000] {logging_mixin.py:188} INFO - [2024-10-01T00:02:15.286+0000] {dagbag.py:538} INFO - Filling up the DagBag from /home/airflow/.local/lib/python3.8/site-packages/airflow/example_dags/example_skip_dag.py
[2024-10-01T00:02:15.303+0000] {processor.py:840} INFO - DAG(s) 'example_skip_dag' retrieved from /home/airflow/.local/lib/python3.8/site-packages/airflow/example_dags/example_skip_dag.py
[2024-10-01T00:02:15.357+0000] {logging_mixin.py:188} INFO - [2024-10-01T00:02:15.356+0000] {dag.py:3036} INFO - Sync 1 DAGs
[2024-10-01T00:02:15.413+0000] {logging_mixin.py:188} INFO - [2024-10-01T00:02:15.412+0000] {dag.py:3823} INFO - Setting next_dagrun for example_skip_dag to 2024-09-30 00:00:00+00:00, run_after=2024-10-01 00:00:00+00:00
[2024-10-01T00:02:15.459+0000] {processor.py:183} INFO - Processing /home/airflow/.local/lib/python3.8/site-packages/airflow/example_dags/example_skip_dag.py took 0.186 seconds
[2024-10-01T00:02:45.617+0000] {processor.py:161} INFO - Started process (PID=1091) to work on /home/airflow/.local/lib/python3.8/site-packages/airflow/example_dags/example_skip_dag.py
[2024-10-01T00:02:45.619+0000] {processor.py:830} INFO - Processing file /home/airflow/.local/lib/python3.8/site-packages/airflow/example_dags/example_skip_dag.py for tasks to queue
[2024-10-01T00:02:45.624+0000] {logging_mixin.py:188} INFO - [2024-10-01T00:02:45.623+0000] {dagbag.py:538} INFO - Filling up the DagBag from /home/airflow/.local/lib/python3.8/site-packages/airflow/example_dags/example_skip_dag.py
[2024-10-01T00:02:45.640+0000] {processor.py:840} INFO - DAG(s) 'example_skip_dag' retrieved from /home/airflow/.local/lib/python3.8/site-packages/airflow/example_dags/example_skip_dag.py
[2024-10-01T00:02:45.698+0000] {logging_mixin.py:188} INFO - [2024-10-01T00:02:45.697+0000] {dag.py:3036} INFO - Sync 1 DAGs
[2024-10-01T00:02:45.765+0000] {logging_mixin.py:188} INFO - [2024-10-01T00:02:45.764+0000] {dag.py:3823} INFO - Setting next_dagrun for example_skip_dag to 2024-09-30 00:00:00+00:00, run_after=2024-10-01 00:00:00+00:00
[2024-10-01T00:02:45.817+0000] {processor.py:183} INFO - Processing /home/airflow/.local/lib/python3.8/site-packages/airflow/example_dags/example_skip_dag.py took 0.209 seconds
[2024-10-01T00:03:15.884+0000] {processor.py:161} INFO - Started process (PID=1156) to work on /home/airflow/.local/lib/python3.8/site-packages/airflow/example_dags/example_skip_dag.py
[2024-10-01T00:03:15.897+0000] {processor.py:830} INFO - Processing file /home/airflow/.local/lib/python3.8/site-packages/airflow/example_dags/example_skip_dag.py for tasks to queue
[2024-10-01T00:03:15.902+0000] {logging_mixin.py:188} INFO - [2024-10-01T00:03:15.901+0000] {dagbag.py:538} INFO - Filling up the DagBag from /home/airflow/.local/lib/python3.8/site-packages/airflow/example_dags/example_skip_dag.py
[2024-10-01T00:03:15.917+0000] {processor.py:840} INFO - DAG(s) 'example_skip_dag' retrieved from /home/airflow/.local/lib/python3.8/site-packages/airflow/example_dags/example_skip_dag.py
[2024-10-01T00:03:15.966+0000] {logging_mixin.py:188} INFO - [2024-10-01T00:03:15.965+0000] {dag.py:3036} INFO - Sync 1 DAGs
[2024-10-01T00:03:16.019+0000] {logging_mixin.py:188} INFO - [2024-10-01T00:03:16.019+0000] {dag.py:3823} INFO - Setting next_dagrun for example_skip_dag to 2024-09-30 00:00:00+00:00, run_after=2024-10-01 00:00:00+00:00
[2024-10-01T00:03:16.065+0000] {processor.py:183} INFO - Processing /home/airflow/.local/lib/python3.8/site-packages/airflow/example_dags/example_skip_dag.py took 0.190 seconds
[2024-10-01T00:03:46.697+0000] {processor.py:161} INFO - Started process (PID=1223) to work on /home/airflow/.local/lib/python3.8/site-packages/airflow/example_dags/example_skip_dag.py
[2024-10-01T00:03:46.700+0000] {processor.py:830} INFO - Processing file /home/airflow/.local/lib/python3.8/site-packages/airflow/example_dags/example_skip_dag.py for tasks to queue
[2024-10-01T00:03:46.704+0000] {logging_mixin.py:188} INFO - [2024-10-01T00:03:46.703+0000] {dagbag.py:538} INFO - Filling up the DagBag from /home/airflow/.local/lib/python3.8/site-packages/airflow/example_dags/example_skip_dag.py
[2024-10-01T00:03:46.719+0000] {processor.py:840} INFO - DAG(s) 'example_skip_dag' retrieved from /home/airflow/.local/lib/python3.8/site-packages/airflow/example_dags/example_skip_dag.py
[2024-10-01T00:03:46.768+0000] {logging_mixin.py:188} INFO - [2024-10-01T00:03:46.768+0000] {dag.py:3036} INFO - Sync 1 DAGs
[2024-10-01T00:03:46.824+0000] {logging_mixin.py:188} INFO - [2024-10-01T00:03:46.823+0000] {dag.py:3823} INFO - Setting next_dagrun for example_skip_dag to 2024-09-30 00:00:00+00:00, run_after=2024-10-01 00:00:00+00:00
[2024-10-01T00:03:46.877+0000] {processor.py:183} INFO - Processing /home/airflow/.local/lib/python3.8/site-packages/airflow/example_dags/example_skip_dag.py took 0.188 seconds
[2024-10-01T00:04:17.332+0000] {processor.py:161} INFO - Started process (PID=1289) to work on /home/airflow/.local/lib/python3.8/site-packages/airflow/example_dags/example_skip_dag.py
[2024-10-01T00:04:17.335+0000] {processor.py:830} INFO - Processing file /home/airflow/.local/lib/python3.8/site-packages/airflow/example_dags/example_skip_dag.py for tasks to queue
[2024-10-01T00:04:17.338+0000] {logging_mixin.py:188} INFO - [2024-10-01T00:04:17.338+0000] {dagbag.py:538} INFO - Filling up the DagBag from /home/airflow/.local/lib/python3.8/site-packages/airflow/example_dags/example_skip_dag.py
[2024-10-01T00:04:17.352+0000] {processor.py:840} INFO - DAG(s) 'example_skip_dag' retrieved from /home/airflow/.local/lib/python3.8/site-packages/airflow/example_dags/example_skip_dag.py
[2024-10-01T00:04:17.400+0000] {logging_mixin.py:188} INFO - [2024-10-01T00:04:17.399+0000] {dag.py:3036} INFO - Sync 1 DAGs
[2024-10-01T00:04:17.451+0000] {logging_mixin.py:188} INFO - [2024-10-01T00:04:17.450+0000] {dag.py:3823} INFO - Setting next_dagrun for example_skip_dag to 2024-09-30 00:00:00+00:00, run_after=2024-10-01 00:00:00+00:00
[2024-10-01T00:04:17.493+0000] {processor.py:183} INFO - Processing /home/airflow/.local/lib/python3.8/site-packages/airflow/example_dags/example_skip_dag.py took 0.168 seconds
[2024-10-01T00:04:48.853+0000] {processor.py:161} INFO - Started process (PID=1355) to work on /home/airflow/.local/lib/python3.8/site-packages/airflow/example_dags/example_skip_dag.py
[2024-10-01T00:04:48.867+0000] {processor.py:830} INFO - Processing file /home/airflow/.local/lib/python3.8/site-packages/airflow/example_dags/example_skip_dag.py for tasks to queue
[2024-10-01T00:04:48.884+0000] {logging_mixin.py:188} INFO - [2024-10-01T00:04:48.882+0000] {dagbag.py:538} INFO - Filling up the DagBag from /home/airflow/.local/lib/python3.8/site-packages/airflow/example_dags/example_skip_dag.py
[2024-10-01T00:04:48.948+0000] {processor.py:840} INFO - DAG(s) 'example_skip_dag' retrieved from /home/airflow/.local/lib/python3.8/site-packages/airflow/example_dags/example_skip_dag.py
[2024-10-01T00:04:49.123+0000] {logging_mixin.py:188} INFO - [2024-10-01T00:04:49.122+0000] {dag.py:3036} INFO - Sync 1 DAGs
[2024-10-01T00:04:49.335+0000] {logging_mixin.py:188} INFO - [2024-10-01T00:04:49.333+0000] {dag.py:3823} INFO - Setting next_dagrun for example_skip_dag to 2024-09-30 00:00:00+00:00, run_after=2024-10-01 00:00:00+00:00
[2024-10-01T00:04:49.499+0000] {processor.py:183} INFO - Processing /home/airflow/.local/lib/python3.8/site-packages/airflow/example_dags/example_skip_dag.py took 0.689 seconds
[2024-10-01T00:05:19.633+0000] {processor.py:161} INFO - Started process (PID=1421) to work on /home/airflow/.local/lib/python3.8/site-packages/airflow/example_dags/example_skip_dag.py
[2024-10-01T00:05:19.636+0000] {processor.py:830} INFO - Processing file /home/airflow/.local/lib/python3.8/site-packages/airflow/example_dags/example_skip_dag.py for tasks to queue
[2024-10-01T00:05:19.640+0000] {logging_mixin.py:188} INFO - [2024-10-01T00:05:19.639+0000] {dagbag.py:538} INFO - Filling up the DagBag from /home/airflow/.local/lib/python3.8/site-packages/airflow/example_dags/example_skip_dag.py
[2024-10-01T00:05:19.657+0000] {processor.py:840} INFO - DAG(s) 'example_skip_dag' retrieved from /home/airflow/.local/lib/python3.8/site-packages/airflow/example_dags/example_skip_dag.py
[2024-10-01T00:05:19.712+0000] {logging_mixin.py:188} INFO - [2024-10-01T00:05:19.711+0000] {dag.py:3036} INFO - Sync 1 DAGs
[2024-10-01T00:05:19.770+0000] {logging_mixin.py:188} INFO - [2024-10-01T00:05:19.770+0000] {dag.py:3823} INFO - Setting next_dagrun for example_skip_dag to 2024-09-30 00:00:00+00:00, run_after=2024-10-01 00:00:00+00:00
[2024-10-01T00:05:19.822+0000] {processor.py:183} INFO - Processing /home/airflow/.local/lib/python3.8/site-packages/airflow/example_dags/example_skip_dag.py took 0.198 seconds
[2024-10-01T00:05:50.180+0000] {processor.py:161} INFO - Started process (PID=1486) to work on /home/airflow/.local/lib/python3.8/site-packages/airflow/example_dags/example_skip_dag.py
[2024-10-01T00:05:50.182+0000] {processor.py:830} INFO - Processing file /home/airflow/.local/lib/python3.8/site-packages/airflow/example_dags/example_skip_dag.py for tasks to queue
[2024-10-01T00:05:50.186+0000] {logging_mixin.py:188} INFO - [2024-10-01T00:05:50.185+0000] {dagbag.py:538} INFO - Filling up the DagBag from /home/airflow/.local/lib/python3.8/site-packages/airflow/example_dags/example_skip_dag.py
[2024-10-01T00:05:50.200+0000] {processor.py:840} INFO - DAG(s) 'example_skip_dag' retrieved from /home/airflow/.local/lib/python3.8/site-packages/airflow/example_dags/example_skip_dag.py
[2024-10-01T00:05:50.247+0000] {logging_mixin.py:188} INFO - [2024-10-01T00:05:50.247+0000] {dag.py:3036} INFO - Sync 1 DAGs
[2024-10-01T00:05:50.299+0000] {logging_mixin.py:188} INFO - [2024-10-01T00:05:50.298+0000] {dag.py:3823} INFO - Setting next_dagrun for example_skip_dag to 2024-09-30 00:00:00+00:00, run_after=2024-10-01 00:00:00+00:00
[2024-10-01T00:05:50.341+0000] {processor.py:183} INFO - Processing /home/airflow/.local/lib/python3.8/site-packages/airflow/example_dags/example_skip_dag.py took 0.168 seconds
[2024-10-01T00:06:20.716+0000] {processor.py:161} INFO - Started process (PID=1551) to work on /home/airflow/.local/lib/python3.8/site-packages/airflow/example_dags/example_skip_dag.py
[2024-10-01T00:06:20.719+0000] {processor.py:830} INFO - Processing file /home/airflow/.local/lib/python3.8/site-packages/airflow/example_dags/example_skip_dag.py for tasks to queue
[2024-10-01T00:06:20.728+0000] {logging_mixin.py:188} INFO - [2024-10-01T00:06:20.726+0000] {dagbag.py:538} INFO - Filling up the DagBag from /home/airflow/.local/lib/python3.8/site-packages/airflow/example_dags/example_skip_dag.py
[2024-10-01T00:06:20.761+0000] {processor.py:840} INFO - DAG(s) 'example_skip_dag' retrieved from /home/airflow/.local/lib/python3.8/site-packages/airflow/example_dags/example_skip_dag.py
[2024-10-01T00:06:20.864+0000] {logging_mixin.py:188} INFO - [2024-10-01T00:06:20.862+0000] {dag.py:3036} INFO - Sync 1 DAGs
[2024-10-01T00:06:20.980+0000] {logging_mixin.py:188} INFO - [2024-10-01T00:06:20.977+0000] {dag.py:3823} INFO - Setting next_dagrun for example_skip_dag to 2024-09-30 00:00:00+00:00, run_after=2024-10-01 00:00:00+00:00
[2024-10-01T00:06:21.069+0000] {processor.py:183} INFO - Processing /home/airflow/.local/lib/python3.8/site-packages/airflow/example_dags/example_skip_dag.py took 0.369 seconds
[2024-10-01T00:06:51.119+0000] {processor.py:161} INFO - Started process (PID=1609) to work on /home/airflow/.local/lib/python3.8/site-packages/airflow/example_dags/example_skip_dag.py
[2024-10-01T00:06:51.126+0000] {processor.py:830} INFO - Processing file /home/airflow/.local/lib/python3.8/site-packages/airflow/example_dags/example_skip_dag.py for tasks to queue
[2024-10-01T00:06:51.129+0000] {logging_mixin.py:188} INFO - [2024-10-01T00:06:51.129+0000] {dagbag.py:538} INFO - Filling up the DagBag from /home/airflow/.local/lib/python3.8/site-packages/airflow/example_dags/example_skip_dag.py
[2024-10-01T00:06:51.140+0000] {processor.py:840} INFO - DAG(s) 'example_skip_dag' retrieved from /home/airflow/.local/lib/python3.8/site-packages/airflow/example_dags/example_skip_dag.py
[2024-10-01T00:06:51.175+0000] {logging_mixin.py:188} INFO - [2024-10-01T00:06:51.175+0000] {dag.py:3036} INFO - Sync 1 DAGs
[2024-10-01T00:06:51.213+0000] {logging_mixin.py:188} INFO - [2024-10-01T00:06:51.212+0000] {dag.py:3823} INFO - Setting next_dagrun for example_skip_dag to 2024-09-30 00:00:00+00:00, run_after=2024-10-01 00:00:00+00:00
[2024-10-01T00:06:51.257+0000] {processor.py:183} INFO - Processing /home/airflow/.local/lib/python3.8/site-packages/airflow/example_dags/example_skip_dag.py took 0.144 seconds
[2024-10-01T00:07:21.574+0000] {processor.py:161} INFO - Started process (PID=1677) to work on /home/airflow/.local/lib/python3.8/site-packages/airflow/example_dags/example_skip_dag.py
[2024-10-01T00:07:21.576+0000] {processor.py:830} INFO - Processing file /home/airflow/.local/lib/python3.8/site-packages/airflow/example_dags/example_skip_dag.py for tasks to queue
[2024-10-01T00:07:21.578+0000] {logging_mixin.py:188} INFO - [2024-10-01T00:07:21.578+0000] {dagbag.py:538} INFO - Filling up the DagBag from /home/airflow/.local/lib/python3.8/site-packages/airflow/example_dags/example_skip_dag.py
[2024-10-01T00:07:21.592+0000] {processor.py:840} INFO - DAG(s) 'example_skip_dag' retrieved from /home/airflow/.local/lib/python3.8/site-packages/airflow/example_dags/example_skip_dag.py
[2024-10-01T00:07:21.633+0000] {logging_mixin.py:188} INFO - [2024-10-01T00:07:21.633+0000] {dag.py:3036} INFO - Sync 1 DAGs
[2024-10-01T00:07:21.677+0000] {logging_mixin.py:188} INFO - [2024-10-01T00:07:21.676+0000] {dag.py:3823} INFO - Setting next_dagrun for example_skip_dag to 2024-09-30 00:00:00+00:00, run_after=2024-10-01 00:00:00+00:00
[2024-10-01T00:07:21.714+0000] {processor.py:183} INFO - Processing /home/airflow/.local/lib/python3.8/site-packages/airflow/example_dags/example_skip_dag.py took 0.146 seconds
[2024-10-01T00:07:52.266+0000] {processor.py:161} INFO - Started process (PID=1743) to work on /home/airflow/.local/lib/python3.8/site-packages/airflow/example_dags/example_skip_dag.py
[2024-10-01T00:07:52.269+0000] {processor.py:830} INFO - Processing file /home/airflow/.local/lib/python3.8/site-packages/airflow/example_dags/example_skip_dag.py for tasks to queue
[2024-10-01T00:07:52.272+0000] {logging_mixin.py:188} INFO - [2024-10-01T00:07:52.272+0000] {dagbag.py:538} INFO - Filling up the DagBag from /home/airflow/.local/lib/python3.8/site-packages/airflow/example_dags/example_skip_dag.py
[2024-10-01T00:07:52.286+0000] {processor.py:840} INFO - DAG(s) 'example_skip_dag' retrieved from /home/airflow/.local/lib/python3.8/site-packages/airflow/example_dags/example_skip_dag.py
[2024-10-01T00:07:52.331+0000] {logging_mixin.py:188} INFO - [2024-10-01T00:07:52.331+0000] {dag.py:3036} INFO - Sync 1 DAGs
[2024-10-01T00:07:52.377+0000] {logging_mixin.py:188} INFO - [2024-10-01T00:07:52.377+0000] {dag.py:3823} INFO - Setting next_dagrun for example_skip_dag to 2024-09-30 00:00:00+00:00, run_after=2024-10-01 00:00:00+00:00
[2024-10-01T00:07:52.416+0000] {processor.py:183} INFO - Processing /home/airflow/.local/lib/python3.8/site-packages/airflow/example_dags/example_skip_dag.py took 0.157 seconds
[2024-10-01T00:08:23.006+0000] {processor.py:161} INFO - Started process (PID=1807) to work on /home/airflow/.local/lib/python3.8/site-packages/airflow/example_dags/example_skip_dag.py
[2024-10-01T00:08:23.008+0000] {processor.py:830} INFO - Processing file /home/airflow/.local/lib/python3.8/site-packages/airflow/example_dags/example_skip_dag.py for tasks to queue
[2024-10-01T00:08:23.012+0000] {logging_mixin.py:188} INFO - [2024-10-01T00:08:23.011+0000] {dagbag.py:538} INFO - Filling up the DagBag from /home/airflow/.local/lib/python3.8/site-packages/airflow/example_dags/example_skip_dag.py
[2024-10-01T00:08:23.028+0000] {processor.py:840} INFO - DAG(s) 'example_skip_dag' retrieved from /home/airflow/.local/lib/python3.8/site-packages/airflow/example_dags/example_skip_dag.py
[2024-10-01T00:08:23.074+0000] {logging_mixin.py:188} INFO - [2024-10-01T00:08:23.074+0000] {dag.py:3036} INFO - Sync 1 DAGs
[2024-10-01T00:08:23.111+0000] {logging_mixin.py:188} INFO - [2024-10-01T00:08:23.110+0000] {dag.py:3823} INFO - Setting next_dagrun for example_skip_dag to 2024-09-30 00:00:00+00:00, run_after=2024-10-01 00:00:00+00:00
[2024-10-01T00:08:23.141+0000] {processor.py:183} INFO - Processing /home/airflow/.local/lib/python3.8/site-packages/airflow/example_dags/example_skip_dag.py took 0.143 seconds
[2024-10-01T00:08:53.291+0000] {processor.py:161} INFO - Started process (PID=1873) to work on /home/airflow/.local/lib/python3.8/site-packages/airflow/example_dags/example_skip_dag.py
[2024-10-01T00:08:53.293+0000] {processor.py:830} INFO - Processing file /home/airflow/.local/lib/python3.8/site-packages/airflow/example_dags/example_skip_dag.py for tasks to queue
[2024-10-01T00:08:53.296+0000] {logging_mixin.py:188} INFO - [2024-10-01T00:08:53.295+0000] {dagbag.py:538} INFO - Filling up the DagBag from /home/airflow/.local/lib/python3.8/site-packages/airflow/example_dags/example_skip_dag.py
[2024-10-01T00:08:53.305+0000] {processor.py:840} INFO - DAG(s) 'example_skip_dag' retrieved from /home/airflow/.local/lib/python3.8/site-packages/airflow/example_dags/example_skip_dag.py
[2024-10-01T00:08:53.352+0000] {logging_mixin.py:188} INFO - [2024-10-01T00:08:53.351+0000] {dag.py:3036} INFO - Sync 1 DAGs
[2024-10-01T00:08:53.386+0000] {logging_mixin.py:188} INFO - [2024-10-01T00:08:53.386+0000] {dag.py:3823} INFO - Setting next_dagrun for example_skip_dag to 2024-09-30 00:00:00+00:00, run_after=2024-10-01 00:00:00+00:00
[2024-10-01T00:08:53.426+0000] {processor.py:183} INFO - Processing /home/airflow/.local/lib/python3.8/site-packages/airflow/example_dags/example_skip_dag.py took 0.140 seconds
[2024-10-01T00:09:23.521+0000] {processor.py:161} INFO - Started process (PID=1937) to work on /home/airflow/.local/lib/python3.8/site-packages/airflow/example_dags/example_skip_dag.py
[2024-10-01T00:09:23.539+0000] {processor.py:830} INFO - Processing file /home/airflow/.local/lib/python3.8/site-packages/airflow/example_dags/example_skip_dag.py for tasks to queue
[2024-10-01T00:09:23.550+0000] {logging_mixin.py:188} INFO - [2024-10-01T00:09:23.548+0000] {dagbag.py:538} INFO - Filling up the DagBag from /home/airflow/.local/lib/python3.8/site-packages/airflow/example_dags/example_skip_dag.py
[2024-10-01T00:09:23.594+0000] {processor.py:840} INFO - DAG(s) 'example_skip_dag' retrieved from /home/airflow/.local/lib/python3.8/site-packages/airflow/example_dags/example_skip_dag.py
[2024-10-01T00:09:23.718+0000] {logging_mixin.py:188} INFO - [2024-10-01T00:09:23.717+0000] {dag.py:3036} INFO - Sync 1 DAGs
[2024-10-01T00:09:23.876+0000] {logging_mixin.py:188} INFO - [2024-10-01T00:09:23.875+0000] {dag.py:3823} INFO - Setting next_dagrun for example_skip_dag to 2024-09-30 00:00:00+00:00, run_after=2024-10-01 00:00:00+00:00
[2024-10-01T00:09:24.093+0000] {processor.py:183} INFO - Processing /home/airflow/.local/lib/python3.8/site-packages/airflow/example_dags/example_skip_dag.py took 0.594 seconds
[2024-10-01T00:09:54.475+0000] {processor.py:161} INFO - Started process (PID=1994) to work on /home/airflow/.local/lib/python3.8/site-packages/airflow/example_dags/example_skip_dag.py
[2024-10-01T00:09:54.492+0000] {processor.py:830} INFO - Processing file /home/airflow/.local/lib/python3.8/site-packages/airflow/example_dags/example_skip_dag.py for tasks to queue
[2024-10-01T00:09:54.515+0000] {logging_mixin.py:188} INFO - [2024-10-01T00:09:54.512+0000] {dagbag.py:538} INFO - Filling up the DagBag from /home/airflow/.local/lib/python3.8/site-packages/airflow/example_dags/example_skip_dag.py
[2024-10-01T00:09:54.647+0000] {processor.py:840} INFO - DAG(s) 'example_skip_dag' retrieved from /home/airflow/.local/lib/python3.8/site-packages/airflow/example_dags/example_skip_dag.py
[2024-10-01T00:09:54.962+0000] {logging_mixin.py:188} INFO - [2024-10-01T00:09:54.958+0000] {dag.py:3036} INFO - Sync 1 DAGs
[2024-10-01T00:09:55.286+0000] {logging_mixin.py:188} INFO - [2024-10-01T00:09:55.282+0000] {dag.py:3823} INFO - Setting next_dagrun for example_skip_dag to 2024-09-30 00:00:00+00:00, run_after=2024-10-01 00:00:00+00:00
[2024-10-01T00:09:55.519+0000] {processor.py:183} INFO - Processing /home/airflow/.local/lib/python3.8/site-packages/airflow/example_dags/example_skip_dag.py took 1.101 seconds
[2024-10-01T00:10:39.852+0000] {processor.py:161} INFO - Started process (PID=2058) to work on /home/airflow/.local/lib/python3.8/site-packages/airflow/example_dags/example_skip_dag.py
[2024-10-01T00:10:39.864+0000] {processor.py:830} INFO - Processing file /home/airflow/.local/lib/python3.8/site-packages/airflow/example_dags/example_skip_dag.py for tasks to queue
[2024-10-01T00:10:39.884+0000] {logging_mixin.py:188} INFO - [2024-10-01T00:10:39.881+0000] {dagbag.py:538} INFO - Filling up the DagBag from /home/airflow/.local/lib/python3.8/site-packages/airflow/example_dags/example_skip_dag.py
[2024-10-01T00:10:39.993+0000] {processor.py:840} INFO - DAG(s) 'example_skip_dag' retrieved from /home/airflow/.local/lib/python3.8/site-packages/airflow/example_dags/example_skip_dag.py
[2024-10-01T00:10:40.317+0000] {logging_mixin.py:188} INFO - [2024-10-01T00:10:40.314+0000] {dag.py:3036} INFO - Sync 1 DAGs
[2024-10-01T00:10:40.687+0000] {logging_mixin.py:188} INFO - [2024-10-01T00:10:40.684+0000] {dag.py:3823} INFO - Setting next_dagrun for example_skip_dag to 2024-09-30 00:00:00+00:00, run_after=2024-10-01 00:00:00+00:00
[2024-10-01T00:10:40.954+0000] {processor.py:183} INFO - Processing /home/airflow/.local/lib/python3.8/site-packages/airflow/example_dags/example_skip_dag.py took 1.152 seconds
[2024-10-01T00:11:22.833+0000] {processor.py:161} INFO - Started process (PID=2120) to work on /home/airflow/.local/lib/python3.8/site-packages/airflow/example_dags/example_skip_dag.py
[2024-10-01T00:11:22.842+0000] {processor.py:830} INFO - Processing file /home/airflow/.local/lib/python3.8/site-packages/airflow/example_dags/example_skip_dag.py for tasks to queue
[2024-10-01T00:11:22.860+0000] {logging_mixin.py:188} INFO - [2024-10-01T00:11:22.857+0000] {dagbag.py:538} INFO - Filling up the DagBag from /home/airflow/.local/lib/python3.8/site-packages/airflow/example_dags/example_skip_dag.py
[2024-10-01T00:11:22.923+0000] {processor.py:840} INFO - DAG(s) 'example_skip_dag' retrieved from /home/airflow/.local/lib/python3.8/site-packages/airflow/example_dags/example_skip_dag.py
[2024-10-01T00:11:23.103+0000] {logging_mixin.py:188} INFO - [2024-10-01T00:11:23.101+0000] {dag.py:3036} INFO - Sync 1 DAGs
[2024-10-01T00:11:23.352+0000] {logging_mixin.py:188} INFO - [2024-10-01T00:11:23.344+0000] {dag.py:3823} INFO - Setting next_dagrun for example_skip_dag to 2024-09-30 00:00:00+00:00, run_after=2024-10-01 00:00:00+00:00
[2024-10-01T00:11:23.599+0000] {processor.py:183} INFO - Processing /home/airflow/.local/lib/python3.8/site-packages/airflow/example_dags/example_skip_dag.py took 0.798 seconds
[2024-10-01T00:11:54.061+0000] {processor.py:161} INFO - Started process (PID=2186) to work on /home/airflow/.local/lib/python3.8/site-packages/airflow/example_dags/example_skip_dag.py
[2024-10-01T00:11:54.068+0000] {processor.py:830} INFO - Processing file /home/airflow/.local/lib/python3.8/site-packages/airflow/example_dags/example_skip_dag.py for tasks to queue
[2024-10-01T00:11:54.079+0000] {logging_mixin.py:188} INFO - [2024-10-01T00:11:54.077+0000] {dagbag.py:538} INFO - Filling up the DagBag from /home/airflow/.local/lib/python3.8/site-packages/airflow/example_dags/example_skip_dag.py
[2024-10-01T00:11:54.139+0000] {processor.py:840} INFO - DAG(s) 'example_skip_dag' retrieved from /home/airflow/.local/lib/python3.8/site-packages/airflow/example_dags/example_skip_dag.py
[2024-10-01T00:11:54.342+0000] {logging_mixin.py:188} INFO - [2024-10-01T00:11:54.339+0000] {dag.py:3036} INFO - Sync 1 DAGs
[2024-10-01T00:11:54.674+0000] {logging_mixin.py:188} INFO - [2024-10-01T00:11:54.668+0000] {dag.py:3823} INFO - Setting next_dagrun for example_skip_dag to 2024-09-30 00:00:00+00:00, run_after=2024-10-01 00:00:00+00:00
[2024-10-01T00:11:54.941+0000] {processor.py:183} INFO - Processing /home/airflow/.local/lib/python3.8/site-packages/airflow/example_dags/example_skip_dag.py took 0.904 seconds
[2024-10-01T00:12:25.191+0000] {processor.py:161} INFO - Started process (PID=2251) to work on /home/airflow/.local/lib/python3.8/site-packages/airflow/example_dags/example_skip_dag.py
[2024-10-01T00:12:25.195+0000] {processor.py:830} INFO - Processing file /home/airflow/.local/lib/python3.8/site-packages/airflow/example_dags/example_skip_dag.py for tasks to queue
[2024-10-01T00:12:25.201+0000] {logging_mixin.py:188} INFO - [2024-10-01T00:12:25.200+0000] {dagbag.py:538} INFO - Filling up the DagBag from /home/airflow/.local/lib/python3.8/site-packages/airflow/example_dags/example_skip_dag.py
[2024-10-01T00:12:25.227+0000] {processor.py:840} INFO - DAG(s) 'example_skip_dag' retrieved from /home/airflow/.local/lib/python3.8/site-packages/airflow/example_dags/example_skip_dag.py
[2024-10-01T00:12:25.310+0000] {logging_mixin.py:188} INFO - [2024-10-01T00:12:25.309+0000] {dag.py:3036} INFO - Sync 1 DAGs
[2024-10-01T00:12:25.406+0000] {logging_mixin.py:188} INFO - [2024-10-01T00:12:25.405+0000] {dag.py:3823} INFO - Setting next_dagrun for example_skip_dag to 2024-09-30 00:00:00+00:00, run_after=2024-10-01 00:00:00+00:00
[2024-10-01T00:12:25.924+0000] {processor.py:183} INFO - Processing /home/airflow/.local/lib/python3.8/site-packages/airflow/example_dags/example_skip_dag.py took 0.748 seconds
[2024-10-01T00:12:56.023+0000] {processor.py:161} INFO - Started process (PID=2310) to work on /home/airflow/.local/lib/python3.8/site-packages/airflow/example_dags/example_skip_dag.py
[2024-10-01T00:12:56.044+0000] {processor.py:830} INFO - Processing file /home/airflow/.local/lib/python3.8/site-packages/airflow/example_dags/example_skip_dag.py for tasks to queue
[2024-10-01T00:12:56.048+0000] {logging_mixin.py:188} INFO - [2024-10-01T00:12:56.047+0000] {dagbag.py:538} INFO - Filling up the DagBag from /home/airflow/.local/lib/python3.8/site-packages/airflow/example_dags/example_skip_dag.py
[2024-10-01T00:12:56.063+0000] {processor.py:840} INFO - DAG(s) 'example_skip_dag' retrieved from /home/airflow/.local/lib/python3.8/site-packages/airflow/example_dags/example_skip_dag.py
[2024-10-01T00:12:56.111+0000] {logging_mixin.py:188} INFO - [2024-10-01T00:12:56.111+0000] {dag.py:3036} INFO - Sync 1 DAGs
[2024-10-01T00:12:56.162+0000] {logging_mixin.py:188} INFO - [2024-10-01T00:12:56.162+0000] {dag.py:3823} INFO - Setting next_dagrun for example_skip_dag to 2024-09-30 00:00:00+00:00, run_after=2024-10-01 00:00:00+00:00
[2024-10-01T00:12:56.205+0000] {processor.py:183} INFO - Processing /home/airflow/.local/lib/python3.8/site-packages/airflow/example_dags/example_skip_dag.py took 0.189 seconds
[2024-10-01T00:13:26.676+0000] {processor.py:161} INFO - Started process (PID=2376) to work on /home/airflow/.local/lib/python3.8/site-packages/airflow/example_dags/example_skip_dag.py
[2024-10-01T00:13:26.681+0000] {processor.py:830} INFO - Processing file /home/airflow/.local/lib/python3.8/site-packages/airflow/example_dags/example_skip_dag.py for tasks to queue
[2024-10-01T00:13:26.689+0000] {logging_mixin.py:188} INFO - [2024-10-01T00:13:26.688+0000] {dagbag.py:538} INFO - Filling up the DagBag from /home/airflow/.local/lib/python3.8/site-packages/airflow/example_dags/example_skip_dag.py
[2024-10-01T00:13:26.718+0000] {processor.py:840} INFO - DAG(s) 'example_skip_dag' retrieved from /home/airflow/.local/lib/python3.8/site-packages/airflow/example_dags/example_skip_dag.py
[2024-10-01T00:13:26.825+0000] {logging_mixin.py:188} INFO - [2024-10-01T00:13:26.824+0000] {dag.py:3036} INFO - Sync 1 DAGs
[2024-10-01T00:13:26.929+0000] {logging_mixin.py:188} INFO - [2024-10-01T00:13:26.928+0000] {dag.py:3823} INFO - Setting next_dagrun for example_skip_dag to 2024-09-30 00:00:00+00:00, run_after=2024-10-01 00:00:00+00:00
[2024-10-01T00:13:27.022+0000] {processor.py:183} INFO - Processing /home/airflow/.local/lib/python3.8/site-packages/airflow/example_dags/example_skip_dag.py took 0.362 seconds
[2024-10-01T00:13:57.808+0000] {processor.py:161} INFO - Started process (PID=2442) to work on /home/airflow/.local/lib/python3.8/site-packages/airflow/example_dags/example_skip_dag.py
[2024-10-01T00:13:57.810+0000] {processor.py:830} INFO - Processing file /home/airflow/.local/lib/python3.8/site-packages/airflow/example_dags/example_skip_dag.py for tasks to queue
[2024-10-01T00:13:57.813+0000] {logging_mixin.py:188} INFO - [2024-10-01T00:13:57.813+0000] {dagbag.py:538} INFO - Filling up the DagBag from /home/airflow/.local/lib/python3.8/site-packages/airflow/example_dags/example_skip_dag.py
[2024-10-01T00:13:57.825+0000] {processor.py:840} INFO - DAG(s) 'example_skip_dag' retrieved from /home/airflow/.local/lib/python3.8/site-packages/airflow/example_dags/example_skip_dag.py
[2024-10-01T00:13:57.861+0000] {logging_mixin.py:188} INFO - [2024-10-01T00:13:57.860+0000] {dag.py:3036} INFO - Sync 1 DAGs
[2024-10-01T00:13:57.897+0000] {logging_mixin.py:188} INFO - [2024-10-01T00:13:57.897+0000] {dag.py:3823} INFO - Setting next_dagrun for example_skip_dag to 2024-09-30 00:00:00+00:00, run_after=2024-10-01 00:00:00+00:00
[2024-10-01T00:13:58.115+0000] {processor.py:183} INFO - Processing /home/airflow/.local/lib/python3.8/site-packages/airflow/example_dags/example_skip_dag.py took 0.313 seconds
[2024-10-01T00:14:28.323+0000] {processor.py:161} INFO - Started process (PID=2508) to work on /home/airflow/.local/lib/python3.8/site-packages/airflow/example_dags/example_skip_dag.py
[2024-10-01T00:14:28.325+0000] {processor.py:830} INFO - Processing file /home/airflow/.local/lib/python3.8/site-packages/airflow/example_dags/example_skip_dag.py for tasks to queue
[2024-10-01T00:14:28.330+0000] {logging_mixin.py:188} INFO - [2024-10-01T00:14:28.329+0000] {dagbag.py:538} INFO - Filling up the DagBag from /home/airflow/.local/lib/python3.8/site-packages/airflow/example_dags/example_skip_dag.py
[2024-10-01T00:14:28.344+0000] {processor.py:840} INFO - DAG(s) 'example_skip_dag' retrieved from /home/airflow/.local/lib/python3.8/site-packages/airflow/example_dags/example_skip_dag.py
[2024-10-01T00:14:28.384+0000] {logging_mixin.py:188} INFO - [2024-10-01T00:14:28.384+0000] {dag.py:3036} INFO - Sync 1 DAGs
[2024-10-01T00:14:28.429+0000] {logging_mixin.py:188} INFO - [2024-10-01T00:14:28.428+0000] {dag.py:3823} INFO - Setting next_dagrun for example_skip_dag to 2024-09-30 00:00:00+00:00, run_after=2024-10-01 00:00:00+00:00
[2024-10-01T00:14:28.465+0000] {processor.py:183} INFO - Processing /home/airflow/.local/lib/python3.8/site-packages/airflow/example_dags/example_skip_dag.py took 0.149 seconds
[2024-10-01T00:14:59.050+0000] {processor.py:161} INFO - Started process (PID=2575) to work on /home/airflow/.local/lib/python3.8/site-packages/airflow/example_dags/example_skip_dag.py
[2024-10-01T00:14:59.053+0000] {processor.py:830} INFO - Processing file /home/airflow/.local/lib/python3.8/site-packages/airflow/example_dags/example_skip_dag.py for tasks to queue
[2024-10-01T00:14:59.058+0000] {logging_mixin.py:188} INFO - [2024-10-01T00:14:59.057+0000] {dagbag.py:538} INFO - Filling up the DagBag from /home/airflow/.local/lib/python3.8/site-packages/airflow/example_dags/example_skip_dag.py
[2024-10-01T00:14:59.076+0000] {processor.py:840} INFO - DAG(s) 'example_skip_dag' retrieved from /home/airflow/.local/lib/python3.8/site-packages/airflow/example_dags/example_skip_dag.py
[2024-10-01T00:14:59.133+0000] {logging_mixin.py:188} INFO - [2024-10-01T00:14:59.132+0000] {dag.py:3036} INFO - Sync 1 DAGs
[2024-10-01T00:14:59.196+0000] {logging_mixin.py:188} INFO - [2024-10-01T00:14:59.196+0000] {dag.py:3823} INFO - Setting next_dagrun for example_skip_dag to 2024-09-30 00:00:00+00:00, run_after=2024-10-01 00:00:00+00:00
[2024-10-01T00:14:59.249+0000] {processor.py:183} INFO - Processing /home/airflow/.local/lib/python3.8/site-packages/airflow/example_dags/example_skip_dag.py took 0.209 seconds
[2024-10-01T00:15:29.711+0000] {processor.py:161} INFO - Started process (PID=2641) to work on /home/airflow/.local/lib/python3.8/site-packages/airflow/example_dags/example_skip_dag.py
[2024-10-01T00:15:29.714+0000] {processor.py:830} INFO - Processing file /home/airflow/.local/lib/python3.8/site-packages/airflow/example_dags/example_skip_dag.py for tasks to queue
[2024-10-01T00:15:29.718+0000] {logging_mixin.py:188} INFO - [2024-10-01T00:15:29.717+0000] {dagbag.py:538} INFO - Filling up the DagBag from /home/airflow/.local/lib/python3.8/site-packages/airflow/example_dags/example_skip_dag.py
[2024-10-01T00:15:29.734+0000] {processor.py:840} INFO - DAG(s) 'example_skip_dag' retrieved from /home/airflow/.local/lib/python3.8/site-packages/airflow/example_dags/example_skip_dag.py
[2024-10-01T00:15:29.783+0000] {logging_mixin.py:188} INFO - [2024-10-01T00:15:29.782+0000] {dag.py:3036} INFO - Sync 1 DAGs
[2024-10-01T00:15:30.092+0000] {logging_mixin.py:188} INFO - [2024-10-01T00:15:30.091+0000] {dag.py:3823} INFO - Setting next_dagrun for example_skip_dag to 2024-09-30 00:00:00+00:00, run_after=2024-10-01 00:00:00+00:00
[2024-10-01T00:15:30.133+0000] {processor.py:183} INFO - Processing /home/airflow/.local/lib/python3.8/site-packages/airflow/example_dags/example_skip_dag.py took 0.429 seconds
[2024-10-01T00:16:06.325+0000] {processor.py:161} INFO - Started process (PID=2705) to work on /home/airflow/.local/lib/python3.8/site-packages/airflow/example_dags/example_skip_dag.py
[2024-10-01T00:16:06.359+0000] {processor.py:830} INFO - Processing file /home/airflow/.local/lib/python3.8/site-packages/airflow/example_dags/example_skip_dag.py for tasks to queue
[2024-10-01T00:16:06.423+0000] {logging_mixin.py:188} INFO - [2024-10-01T00:16:06.419+0000] {dagbag.py:538} INFO - Filling up the DagBag from /home/airflow/.local/lib/python3.8/site-packages/airflow/example_dags/example_skip_dag.py
[2024-10-01T00:16:06.883+0000] {processor.py:840} INFO - DAG(s) 'example_skip_dag' retrieved from /home/airflow/.local/lib/python3.8/site-packages/airflow/example_dags/example_skip_dag.py
[2024-10-01T00:16:07.644+0000] {logging_mixin.py:188} INFO - [2024-10-01T00:16:07.642+0000] {dag.py:3036} INFO - Sync 1 DAGs
[2024-10-01T00:16:08.256+0000] {logging_mixin.py:188} INFO - [2024-10-01T00:16:08.243+0000] {dag.py:3823} INFO - Setting next_dagrun for example_skip_dag to 2024-09-30 00:00:00+00:00, run_after=2024-10-01 00:00:00+00:00
[2024-10-01T00:16:11.304+0000] {processor.py:183} INFO - Processing /home/airflow/.local/lib/python3.8/site-packages/airflow/example_dags/example_skip_dag.py took 5.107 seconds
[2024-10-01T00:16:41.927+0000] {processor.py:161} INFO - Started process (PID=2770) to work on /home/airflow/.local/lib/python3.8/site-packages/airflow/example_dags/example_skip_dag.py
[2024-10-01T00:16:41.929+0000] {processor.py:830} INFO - Processing file /home/airflow/.local/lib/python3.8/site-packages/airflow/example_dags/example_skip_dag.py for tasks to queue
[2024-10-01T00:16:41.931+0000] {logging_mixin.py:188} INFO - [2024-10-01T00:16:41.930+0000] {dagbag.py:538} INFO - Filling up the DagBag from /home/airflow/.local/lib/python3.8/site-packages/airflow/example_dags/example_skip_dag.py
[2024-10-01T00:16:41.938+0000] {processor.py:840} INFO - DAG(s) 'example_skip_dag' retrieved from /home/airflow/.local/lib/python3.8/site-packages/airflow/example_dags/example_skip_dag.py
[2024-10-01T00:16:41.968+0000] {logging_mixin.py:188} INFO - [2024-10-01T00:16:41.967+0000] {dag.py:3036} INFO - Sync 1 DAGs
[2024-10-01T00:16:42.008+0000] {logging_mixin.py:188} INFO - [2024-10-01T00:16:42.007+0000] {dag.py:3823} INFO - Setting next_dagrun for example_skip_dag to 2024-09-30 00:00:00+00:00, run_after=2024-10-01 00:00:00+00:00
[2024-10-01T00:16:42.040+0000] {processor.py:183} INFO - Processing /home/airflow/.local/lib/python3.8/site-packages/airflow/example_dags/example_skip_dag.py took 0.117 seconds
[2024-10-01T00:17:12.927+0000] {processor.py:161} INFO - Started process (PID=2836) to work on /home/airflow/.local/lib/python3.8/site-packages/airflow/example_dags/example_skip_dag.py
[2024-10-01T00:17:12.930+0000] {processor.py:830} INFO - Processing file /home/airflow/.local/lib/python3.8/site-packages/airflow/example_dags/example_skip_dag.py for tasks to queue
[2024-10-01T00:17:12.933+0000] {logging_mixin.py:188} INFO - [2024-10-01T00:17:12.932+0000] {dagbag.py:538} INFO - Filling up the DagBag from /home/airflow/.local/lib/python3.8/site-packages/airflow/example_dags/example_skip_dag.py
[2024-10-01T00:17:12.943+0000] {processor.py:840} INFO - DAG(s) 'example_skip_dag' retrieved from /home/airflow/.local/lib/python3.8/site-packages/airflow/example_dags/example_skip_dag.py
[2024-10-01T00:17:12.979+0000] {logging_mixin.py:188} INFO - [2024-10-01T00:17:12.978+0000] {dag.py:3036} INFO - Sync 1 DAGs
[2024-10-01T00:17:13.031+0000] {logging_mixin.py:188} INFO - [2024-10-01T00:17:13.030+0000] {dag.py:3823} INFO - Setting next_dagrun for example_skip_dag to 2024-09-30 00:00:00+00:00, run_after=2024-10-01 00:00:00+00:00
[2024-10-01T00:17:13.079+0000] {processor.py:183} INFO - Processing /home/airflow/.local/lib/python3.8/site-packages/airflow/example_dags/example_skip_dag.py took 0.156 seconds
[2024-10-01T00:17:43.718+0000] {processor.py:161} INFO - Started process (PID=2902) to work on /home/airflow/.local/lib/python3.8/site-packages/airflow/example_dags/example_skip_dag.py
[2024-10-01T00:17:43.721+0000] {processor.py:830} INFO - Processing file /home/airflow/.local/lib/python3.8/site-packages/airflow/example_dags/example_skip_dag.py for tasks to queue
[2024-10-01T00:17:43.724+0000] {logging_mixin.py:188} INFO - [2024-10-01T00:17:43.723+0000] {dagbag.py:538} INFO - Filling up the DagBag from /home/airflow/.local/lib/python3.8/site-packages/airflow/example_dags/example_skip_dag.py
[2024-10-01T00:17:43.735+0000] {processor.py:840} INFO - DAG(s) 'example_skip_dag' retrieved from /home/airflow/.local/lib/python3.8/site-packages/airflow/example_dags/example_skip_dag.py
[2024-10-01T00:17:43.778+0000] {logging_mixin.py:188} INFO - [2024-10-01T00:17:43.777+0000] {dag.py:3036} INFO - Sync 1 DAGs
[2024-10-01T00:17:43.825+0000] {logging_mixin.py:188} INFO - [2024-10-01T00:17:43.824+0000] {dag.py:3823} INFO - Setting next_dagrun for example_skip_dag to 2024-09-30 00:00:00+00:00, run_after=2024-10-01 00:00:00+00:00
[2024-10-01T00:17:43.859+0000] {processor.py:183} INFO - Processing /home/airflow/.local/lib/python3.8/site-packages/airflow/example_dags/example_skip_dag.py took 0.147 seconds
[2024-10-01T00:18:14.093+0000] {processor.py:161} INFO - Started process (PID=2975) to work on /home/airflow/.local/lib/python3.8/site-packages/airflow/example_dags/example_skip_dag.py
[2024-10-01T00:18:14.096+0000] {processor.py:830} INFO - Processing file /home/airflow/.local/lib/python3.8/site-packages/airflow/example_dags/example_skip_dag.py for tasks to queue
[2024-10-01T00:18:14.099+0000] {logging_mixin.py:188} INFO - [2024-10-01T00:18:14.098+0000] {dagbag.py:538} INFO - Filling up the DagBag from /home/airflow/.local/lib/python3.8/site-packages/airflow/example_dags/example_skip_dag.py
[2024-10-01T00:18:14.109+0000] {processor.py:840} INFO - DAG(s) 'example_skip_dag' retrieved from /home/airflow/.local/lib/python3.8/site-packages/airflow/example_dags/example_skip_dag.py
[2024-10-01T00:18:14.139+0000] {logging_mixin.py:188} INFO - [2024-10-01T00:18:14.139+0000] {dag.py:3036} INFO - Sync 1 DAGs
[2024-10-01T00:18:14.175+0000] {logging_mixin.py:188} INFO - [2024-10-01T00:18:14.175+0000] {dag.py:3823} INFO - Setting next_dagrun for example_skip_dag to 2024-09-30 00:00:00+00:00, run_after=2024-10-01 00:00:00+00:00
[2024-10-01T00:18:14.216+0000] {processor.py:183} INFO - Processing /home/airflow/.local/lib/python3.8/site-packages/airflow/example_dags/example_skip_dag.py took 0.127 seconds
[2024-10-01T00:18:44.452+0000] {processor.py:161} INFO - Started process (PID=3042) to work on /home/airflow/.local/lib/python3.8/site-packages/airflow/example_dags/example_skip_dag.py
[2024-10-01T00:18:44.454+0000] {processor.py:830} INFO - Processing file /home/airflow/.local/lib/python3.8/site-packages/airflow/example_dags/example_skip_dag.py for tasks to queue
[2024-10-01T00:18:44.457+0000] {logging_mixin.py:188} INFO - [2024-10-01T00:18:44.457+0000] {dagbag.py:538} INFO - Filling up the DagBag from /home/airflow/.local/lib/python3.8/site-packages/airflow/example_dags/example_skip_dag.py
[2024-10-01T00:18:44.472+0000] {processor.py:840} INFO - DAG(s) 'example_skip_dag' retrieved from /home/airflow/.local/lib/python3.8/site-packages/airflow/example_dags/example_skip_dag.py
[2024-10-01T00:18:44.510+0000] {logging_mixin.py:188} INFO - [2024-10-01T00:18:44.509+0000] {dag.py:3036} INFO - Sync 1 DAGs
[2024-10-01T00:18:44.545+0000] {logging_mixin.py:188} INFO - [2024-10-01T00:18:44.544+0000] {dag.py:3823} INFO - Setting next_dagrun for example_skip_dag to 2024-09-30 00:00:00+00:00, run_after=2024-10-01 00:00:00+00:00
[2024-10-01T00:18:44.578+0000] {processor.py:183} INFO - Processing /home/airflow/.local/lib/python3.8/site-packages/airflow/example_dags/example_skip_dag.py took 0.132 seconds
[2024-10-01T00:19:14.713+0000] {processor.py:161} INFO - Started process (PID=3109) to work on /home/airflow/.local/lib/python3.8/site-packages/airflow/example_dags/example_skip_dag.py
[2024-10-01T00:19:14.715+0000] {processor.py:830} INFO - Processing file /home/airflow/.local/lib/python3.8/site-packages/airflow/example_dags/example_skip_dag.py for tasks to queue
[2024-10-01T00:19:14.717+0000] {logging_mixin.py:188} INFO - [2024-10-01T00:19:14.716+0000] {dagbag.py:538} INFO - Filling up the DagBag from /home/airflow/.local/lib/python3.8/site-packages/airflow/example_dags/example_skip_dag.py
[2024-10-01T00:19:14.726+0000] {processor.py:840} INFO - DAG(s) 'example_skip_dag' retrieved from /home/airflow/.local/lib/python3.8/site-packages/airflow/example_dags/example_skip_dag.py
[2024-10-01T00:19:14.758+0000] {logging_mixin.py:188} INFO - [2024-10-01T00:19:14.757+0000] {dag.py:3036} INFO - Sync 1 DAGs
[2024-10-01T00:19:14.797+0000] {logging_mixin.py:188} INFO - [2024-10-01T00:19:14.796+0000] {dag.py:3823} INFO - Setting next_dagrun for example_skip_dag to 2024-09-30 00:00:00+00:00, run_after=2024-10-01 00:00:00+00:00
[2024-10-01T00:19:14.829+0000] {processor.py:183} INFO - Processing /home/airflow/.local/lib/python3.8/site-packages/airflow/example_dags/example_skip_dag.py took 0.121 seconds
[2024-10-01T00:19:44.989+0000] {processor.py:161} INFO - Started process (PID=3176) to work on /home/airflow/.local/lib/python3.8/site-packages/airflow/example_dags/example_skip_dag.py
[2024-10-01T00:19:44.991+0000] {processor.py:830} INFO - Processing file /home/airflow/.local/lib/python3.8/site-packages/airflow/example_dags/example_skip_dag.py for tasks to queue
[2024-10-01T00:19:44.995+0000] {logging_mixin.py:188} INFO - [2024-10-01T00:19:44.994+0000] {dagbag.py:538} INFO - Filling up the DagBag from /home/airflow/.local/lib/python3.8/site-packages/airflow/example_dags/example_skip_dag.py
[2024-10-01T00:19:45.008+0000] {processor.py:840} INFO - DAG(s) 'example_skip_dag' retrieved from /home/airflow/.local/lib/python3.8/site-packages/airflow/example_dags/example_skip_dag.py
[2024-10-01T00:19:45.057+0000] {logging_mixin.py:188} INFO - [2024-10-01T00:19:45.057+0000] {dag.py:3036} INFO - Sync 1 DAGs
[2024-10-01T00:19:45.101+0000] {logging_mixin.py:188} INFO - [2024-10-01T00:19:45.101+0000] {dag.py:3823} INFO - Setting next_dagrun for example_skip_dag to 2024-09-30 00:00:00+00:00, run_after=2024-10-01 00:00:00+00:00
[2024-10-01T00:19:45.130+0000] {processor.py:183} INFO - Processing /home/airflow/.local/lib/python3.8/site-packages/airflow/example_dags/example_skip_dag.py took 0.148 seconds
[2024-10-01T00:20:15.772+0000] {processor.py:161} INFO - Started process (PID=3241) to work on /home/airflow/.local/lib/python3.8/site-packages/airflow/example_dags/example_skip_dag.py
[2024-10-01T00:20:15.773+0000] {processor.py:830} INFO - Processing file /home/airflow/.local/lib/python3.8/site-packages/airflow/example_dags/example_skip_dag.py for tasks to queue
[2024-10-01T00:20:15.775+0000] {logging_mixin.py:188} INFO - [2024-10-01T00:20:15.775+0000] {dagbag.py:538} INFO - Filling up the DagBag from /home/airflow/.local/lib/python3.8/site-packages/airflow/example_dags/example_skip_dag.py
[2024-10-01T00:20:15.782+0000] {processor.py:840} INFO - DAG(s) 'example_skip_dag' retrieved from /home/airflow/.local/lib/python3.8/site-packages/airflow/example_dags/example_skip_dag.py
[2024-10-01T00:20:15.809+0000] {logging_mixin.py:188} INFO - [2024-10-01T00:20:15.808+0000] {dag.py:3036} INFO - Sync 1 DAGs
[2024-10-01T00:20:15.854+0000] {logging_mixin.py:188} INFO - [2024-10-01T00:20:15.853+0000] {dag.py:3823} INFO - Setting next_dagrun for example_skip_dag to 2024-09-30 00:00:00+00:00, run_after=2024-10-01 00:00:00+00:00
[2024-10-01T00:20:15.898+0000] {processor.py:183} INFO - Processing /home/airflow/.local/lib/python3.8/site-packages/airflow/example_dags/example_skip_dag.py took 0.129 seconds
[2024-10-01T00:20:46.135+0000] {processor.py:161} INFO - Started process (PID=3307) to work on /home/airflow/.local/lib/python3.8/site-packages/airflow/example_dags/example_skip_dag.py
[2024-10-01T00:20:46.140+0000] {processor.py:830} INFO - Processing file /home/airflow/.local/lib/python3.8/site-packages/airflow/example_dags/example_skip_dag.py for tasks to queue
[2024-10-01T00:20:46.143+0000] {logging_mixin.py:188} INFO - [2024-10-01T00:20:46.143+0000] {dagbag.py:538} INFO - Filling up the DagBag from /home/airflow/.local/lib/python3.8/site-packages/airflow/example_dags/example_skip_dag.py
[2024-10-01T00:20:46.154+0000] {processor.py:840} INFO - DAG(s) 'example_skip_dag' retrieved from /home/airflow/.local/lib/python3.8/site-packages/airflow/example_dags/example_skip_dag.py
[2024-10-01T00:20:46.195+0000] {logging_mixin.py:188} INFO - [2024-10-01T00:20:46.194+0000] {dag.py:3036} INFO - Sync 1 DAGs
[2024-10-01T00:20:46.239+0000] {logging_mixin.py:188} INFO - [2024-10-01T00:20:46.239+0000] {dag.py:3823} INFO - Setting next_dagrun for example_skip_dag to 2024-09-30 00:00:00+00:00, run_after=2024-10-01 00:00:00+00:00
[2024-10-01T00:20:46.272+0000] {processor.py:183} INFO - Processing /home/airflow/.local/lib/python3.8/site-packages/airflow/example_dags/example_skip_dag.py took 0.143 seconds
[2024-10-01T00:21:16.921+0000] {processor.py:161} INFO - Started process (PID=3373) to work on /home/airflow/.local/lib/python3.8/site-packages/airflow/example_dags/example_skip_dag.py
[2024-10-01T00:21:16.924+0000] {processor.py:830} INFO - Processing file /home/airflow/.local/lib/python3.8/site-packages/airflow/example_dags/example_skip_dag.py for tasks to queue
[2024-10-01T00:21:16.927+0000] {logging_mixin.py:188} INFO - [2024-10-01T00:21:16.927+0000] {dagbag.py:538} INFO - Filling up the DagBag from /home/airflow/.local/lib/python3.8/site-packages/airflow/example_dags/example_skip_dag.py
[2024-10-01T00:21:16.937+0000] {processor.py:840} INFO - DAG(s) 'example_skip_dag' retrieved from /home/airflow/.local/lib/python3.8/site-packages/airflow/example_dags/example_skip_dag.py
[2024-10-01T00:21:16.976+0000] {logging_mixin.py:188} INFO - [2024-10-01T00:21:16.976+0000] {dag.py:3036} INFO - Sync 1 DAGs
[2024-10-01T00:21:17.015+0000] {logging_mixin.py:188} INFO - [2024-10-01T00:21:17.015+0000] {dag.py:3823} INFO - Setting next_dagrun for example_skip_dag to 2024-09-30 00:00:00+00:00, run_after=2024-10-01 00:00:00+00:00
[2024-10-01T00:21:17.042+0000] {processor.py:183} INFO - Processing /home/airflow/.local/lib/python3.8/site-packages/airflow/example_dags/example_skip_dag.py took 0.126 seconds
[2024-10-01T00:21:47.506+0000] {processor.py:161} INFO - Started process (PID=3439) to work on /home/airflow/.local/lib/python3.8/site-packages/airflow/example_dags/example_skip_dag.py
[2024-10-01T00:21:47.508+0000] {processor.py:830} INFO - Processing file /home/airflow/.local/lib/python3.8/site-packages/airflow/example_dags/example_skip_dag.py for tasks to queue
[2024-10-01T00:21:47.510+0000] {logging_mixin.py:188} INFO - [2024-10-01T00:21:47.510+0000] {dagbag.py:538} INFO - Filling up the DagBag from /home/airflow/.local/lib/python3.8/site-packages/airflow/example_dags/example_skip_dag.py
[2024-10-01T00:21:47.520+0000] {processor.py:840} INFO - DAG(s) 'example_skip_dag' retrieved from /home/airflow/.local/lib/python3.8/site-packages/airflow/example_dags/example_skip_dag.py
[2024-10-01T00:21:47.554+0000] {logging_mixin.py:188} INFO - [2024-10-01T00:21:47.554+0000] {dag.py:3036} INFO - Sync 1 DAGs
[2024-10-01T00:21:47.597+0000] {logging_mixin.py:188} INFO - [2024-10-01T00:21:47.597+0000] {dag.py:3823} INFO - Setting next_dagrun for example_skip_dag to 2024-09-30 00:00:00+00:00, run_after=2024-10-01 00:00:00+00:00
[2024-10-01T00:21:47.631+0000] {processor.py:183} INFO - Processing /home/airflow/.local/lib/python3.8/site-packages/airflow/example_dags/example_skip_dag.py took 0.130 seconds
[2024-10-01T00:22:18.348+0000] {processor.py:161} INFO - Started process (PID=3514) to work on /home/airflow/.local/lib/python3.8/site-packages/airflow/example_dags/example_skip_dag.py
[2024-10-01T00:22:18.351+0000] {processor.py:830} INFO - Processing file /home/airflow/.local/lib/python3.8/site-packages/airflow/example_dags/example_skip_dag.py for tasks to queue
[2024-10-01T00:22:18.355+0000] {logging_mixin.py:188} INFO - [2024-10-01T00:22:18.354+0000] {dagbag.py:538} INFO - Filling up the DagBag from /home/airflow/.local/lib/python3.8/site-packages/airflow/example_dags/example_skip_dag.py
[2024-10-01T00:22:18.370+0000] {processor.py:840} INFO - DAG(s) 'example_skip_dag' retrieved from /home/airflow/.local/lib/python3.8/site-packages/airflow/example_dags/example_skip_dag.py
[2024-10-01T00:22:18.423+0000] {logging_mixin.py:188} INFO - [2024-10-01T00:22:18.422+0000] {dag.py:3036} INFO - Sync 1 DAGs
[2024-10-01T00:22:18.481+0000] {logging_mixin.py:188} INFO - [2024-10-01T00:22:18.480+0000] {dag.py:3823} INFO - Setting next_dagrun for example_skip_dag to 2024-09-30 00:00:00+00:00, run_after=2024-10-01 00:00:00+00:00
[2024-10-01T00:22:18.526+0000] {processor.py:183} INFO - Processing /home/airflow/.local/lib/python3.8/site-packages/airflow/example_dags/example_skip_dag.py took 0.185 seconds
[2024-10-01T00:22:48.781+0000] {processor.py:161} INFO - Started process (PID=3580) to work on /home/airflow/.local/lib/python3.8/site-packages/airflow/example_dags/example_skip_dag.py
[2024-10-01T00:22:48.783+0000] {processor.py:830} INFO - Processing file /home/airflow/.local/lib/python3.8/site-packages/airflow/example_dags/example_skip_dag.py for tasks to queue
[2024-10-01T00:22:48.788+0000] {logging_mixin.py:188} INFO - [2024-10-01T00:22:48.787+0000] {dagbag.py:538} INFO - Filling up the DagBag from /home/airflow/.local/lib/python3.8/site-packages/airflow/example_dags/example_skip_dag.py
[2024-10-01T00:22:48.806+0000] {processor.py:840} INFO - DAG(s) 'example_skip_dag' retrieved from /home/airflow/.local/lib/python3.8/site-packages/airflow/example_dags/example_skip_dag.py
[2024-10-01T00:22:48.861+0000] {logging_mixin.py:188} INFO - [2024-10-01T00:22:48.860+0000] {dag.py:3036} INFO - Sync 1 DAGs
[2024-10-01T00:22:48.945+0000] {logging_mixin.py:188} INFO - [2024-10-01T00:22:48.945+0000] {dag.py:3823} INFO - Setting next_dagrun for example_skip_dag to 2024-09-30 00:00:00+00:00, run_after=2024-10-01 00:00:00+00:00
[2024-10-01T00:22:48.995+0000] {processor.py:183} INFO - Processing /home/airflow/.local/lib/python3.8/site-packages/airflow/example_dags/example_skip_dag.py took 0.225 seconds
[2024-10-01T00:23:19.187+0000] {processor.py:161} INFO - Started process (PID=3647) to work on /home/airflow/.local/lib/python3.8/site-packages/airflow/example_dags/example_skip_dag.py
[2024-10-01T00:23:19.189+0000] {processor.py:830} INFO - Processing file /home/airflow/.local/lib/python3.8/site-packages/airflow/example_dags/example_skip_dag.py for tasks to queue
[2024-10-01T00:23:19.192+0000] {logging_mixin.py:188} INFO - [2024-10-01T00:23:19.191+0000] {dagbag.py:538} INFO - Filling up the DagBag from /home/airflow/.local/lib/python3.8/site-packages/airflow/example_dags/example_skip_dag.py
[2024-10-01T00:23:19.204+0000] {processor.py:840} INFO - DAG(s) 'example_skip_dag' retrieved from /home/airflow/.local/lib/python3.8/site-packages/airflow/example_dags/example_skip_dag.py
[2024-10-01T00:23:19.240+0000] {logging_mixin.py:188} INFO - [2024-10-01T00:23:19.240+0000] {dag.py:3036} INFO - Sync 1 DAGs
[2024-10-01T00:23:19.272+0000] {logging_mixin.py:188} INFO - [2024-10-01T00:23:19.271+0000] {dag.py:3823} INFO - Setting next_dagrun for example_skip_dag to 2024-09-30 00:00:00+00:00, run_after=2024-10-01 00:00:00+00:00
[2024-10-01T00:23:19.298+0000] {processor.py:183} INFO - Processing /home/airflow/.local/lib/python3.8/site-packages/airflow/example_dags/example_skip_dag.py took 0.115 seconds
[2024-10-01T00:23:49.473+0000] {processor.py:161} INFO - Started process (PID=3713) to work on /home/airflow/.local/lib/python3.8/site-packages/airflow/example_dags/example_skip_dag.py
[2024-10-01T00:23:49.477+0000] {processor.py:830} INFO - Processing file /home/airflow/.local/lib/python3.8/site-packages/airflow/example_dags/example_skip_dag.py for tasks to queue
[2024-10-01T00:23:49.482+0000] {logging_mixin.py:188} INFO - [2024-10-01T00:23:49.481+0000] {dagbag.py:538} INFO - Filling up the DagBag from /home/airflow/.local/lib/python3.8/site-packages/airflow/example_dags/example_skip_dag.py
[2024-10-01T00:23:49.502+0000] {processor.py:840} INFO - DAG(s) 'example_skip_dag' retrieved from /home/airflow/.local/lib/python3.8/site-packages/airflow/example_dags/example_skip_dag.py
[2024-10-01T00:23:49.566+0000] {logging_mixin.py:188} INFO - [2024-10-01T00:23:49.565+0000] {dag.py:3036} INFO - Sync 1 DAGs
[2024-10-01T00:23:49.629+0000] {logging_mixin.py:188} INFO - [2024-10-01T00:23:49.628+0000] {dag.py:3823} INFO - Setting next_dagrun for example_skip_dag to 2024-09-30 00:00:00+00:00, run_after=2024-10-01 00:00:00+00:00
[2024-10-01T00:23:49.685+0000] {processor.py:183} INFO - Processing /home/airflow/.local/lib/python3.8/site-packages/airflow/example_dags/example_skip_dag.py took 0.222 seconds
[2024-10-01T00:24:19.850+0000] {processor.py:161} INFO - Started process (PID=3775) to work on /home/airflow/.local/lib/python3.8/site-packages/airflow/example_dags/example_skip_dag.py
[2024-10-01T00:24:19.854+0000] {processor.py:830} INFO - Processing file /home/airflow/.local/lib/python3.8/site-packages/airflow/example_dags/example_skip_dag.py for tasks to queue
[2024-10-01T00:24:19.861+0000] {logging_mixin.py:188} INFO - [2024-10-01T00:24:19.860+0000] {dagbag.py:538} INFO - Filling up the DagBag from /home/airflow/.local/lib/python3.8/site-packages/airflow/example_dags/example_skip_dag.py
[2024-10-01T00:24:19.893+0000] {processor.py:840} INFO - DAG(s) 'example_skip_dag' retrieved from /home/airflow/.local/lib/python3.8/site-packages/airflow/example_dags/example_skip_dag.py
[2024-10-01T00:24:19.986+0000] {logging_mixin.py:188} INFO - [2024-10-01T00:24:19.984+0000] {dag.py:3036} INFO - Sync 1 DAGs
[2024-10-01T00:24:20.097+0000] {logging_mixin.py:188} INFO - [2024-10-01T00:24:20.096+0000] {dag.py:3823} INFO - Setting next_dagrun for example_skip_dag to 2024-09-30 00:00:00+00:00, run_after=2024-10-01 00:00:00+00:00
[2024-10-01T00:24:20.176+0000] {processor.py:183} INFO - Processing /home/airflow/.local/lib/python3.8/site-packages/airflow/example_dags/example_skip_dag.py took 0.339 seconds
[2024-10-01T00:24:50.498+0000] {processor.py:161} INFO - Started process (PID=3841) to work on /home/airflow/.local/lib/python3.8/site-packages/airflow/example_dags/example_skip_dag.py
[2024-10-01T00:24:50.501+0000] {processor.py:830} INFO - Processing file /home/airflow/.local/lib/python3.8/site-packages/airflow/example_dags/example_skip_dag.py for tasks to queue
[2024-10-01T00:24:50.506+0000] {logging_mixin.py:188} INFO - [2024-10-01T00:24:50.505+0000] {dagbag.py:538} INFO - Filling up the DagBag from /home/airflow/.local/lib/python3.8/site-packages/airflow/example_dags/example_skip_dag.py
[2024-10-01T00:24:50.527+0000] {processor.py:840} INFO - DAG(s) 'example_skip_dag' retrieved from /home/airflow/.local/lib/python3.8/site-packages/airflow/example_dags/example_skip_dag.py
[2024-10-01T00:24:50.592+0000] {logging_mixin.py:188} INFO - [2024-10-01T00:24:50.591+0000] {dag.py:3036} INFO - Sync 1 DAGs
[2024-10-01T00:24:50.668+0000] {logging_mixin.py:188} INFO - [2024-10-01T00:24:50.667+0000] {dag.py:3823} INFO - Setting next_dagrun for example_skip_dag to 2024-09-30 00:00:00+00:00, run_after=2024-10-01 00:00:00+00:00
[2024-10-01T00:24:50.759+0000] {processor.py:183} INFO - Processing /home/airflow/.local/lib/python3.8/site-packages/airflow/example_dags/example_skip_dag.py took 0.270 seconds
[2024-10-01T00:25:20.949+0000] {processor.py:161} INFO - Started process (PID=3906) to work on /home/airflow/.local/lib/python3.8/site-packages/airflow/example_dags/example_skip_dag.py
[2024-10-01T00:25:20.952+0000] {processor.py:830} INFO - Processing file /home/airflow/.local/lib/python3.8/site-packages/airflow/example_dags/example_skip_dag.py for tasks to queue
[2024-10-01T00:25:20.957+0000] {logging_mixin.py:188} INFO - [2024-10-01T00:25:20.956+0000] {dagbag.py:538} INFO - Filling up the DagBag from /home/airflow/.local/lib/python3.8/site-packages/airflow/example_dags/example_skip_dag.py
[2024-10-01T00:25:20.977+0000] {processor.py:840} INFO - DAG(s) 'example_skip_dag' retrieved from /home/airflow/.local/lib/python3.8/site-packages/airflow/example_dags/example_skip_dag.py
[2024-10-01T00:25:21.039+0000] {logging_mixin.py:188} INFO - [2024-10-01T00:25:21.038+0000] {dag.py:3036} INFO - Sync 1 DAGs
[2024-10-01T00:25:21.108+0000] {logging_mixin.py:188} INFO - [2024-10-01T00:25:21.107+0000] {dag.py:3823} INFO - Setting next_dagrun for example_skip_dag to 2024-09-30 00:00:00+00:00, run_after=2024-10-01 00:00:00+00:00
[2024-10-01T00:25:21.161+0000] {processor.py:183} INFO - Processing /home/airflow/.local/lib/python3.8/site-packages/airflow/example_dags/example_skip_dag.py took 0.223 seconds
[2024-10-01T00:25:51.464+0000] {processor.py:161} INFO - Started process (PID=3971) to work on /home/airflow/.local/lib/python3.8/site-packages/airflow/example_dags/example_skip_dag.py
[2024-10-01T00:25:51.471+0000] {processor.py:830} INFO - Processing file /home/airflow/.local/lib/python3.8/site-packages/airflow/example_dags/example_skip_dag.py for tasks to queue
[2024-10-01T00:25:51.482+0000] {logging_mixin.py:188} INFO - [2024-10-01T00:25:51.481+0000] {dagbag.py:538} INFO - Filling up the DagBag from /home/airflow/.local/lib/python3.8/site-packages/airflow/example_dags/example_skip_dag.py
[2024-10-01T00:25:51.529+0000] {processor.py:840} INFO - DAG(s) 'example_skip_dag' retrieved from /home/airflow/.local/lib/python3.8/site-packages/airflow/example_dags/example_skip_dag.py
[2024-10-01T00:25:51.636+0000] {logging_mixin.py:188} INFO - [2024-10-01T00:25:51.635+0000] {dag.py:3036} INFO - Sync 1 DAGs
[2024-10-01T00:25:51.745+0000] {logging_mixin.py:188} INFO - [2024-10-01T00:25:51.745+0000] {dag.py:3823} INFO - Setting next_dagrun for example_skip_dag to 2024-09-30 00:00:00+00:00, run_after=2024-10-01 00:00:00+00:00
[2024-10-01T00:25:51.824+0000] {processor.py:183} INFO - Processing /home/airflow/.local/lib/python3.8/site-packages/airflow/example_dags/example_skip_dag.py took 0.382 seconds
[2024-10-01T00:26:21.966+0000] {processor.py:161} INFO - Started process (PID=4030) to work on /home/airflow/.local/lib/python3.8/site-packages/airflow/example_dags/example_skip_dag.py
[2024-10-01T00:26:21.970+0000] {processor.py:830} INFO - Processing file /home/airflow/.local/lib/python3.8/site-packages/airflow/example_dags/example_skip_dag.py for tasks to queue
[2024-10-01T00:26:21.976+0000] {logging_mixin.py:188} INFO - [2024-10-01T00:26:21.975+0000] {dagbag.py:538} INFO - Filling up the DagBag from /home/airflow/.local/lib/python3.8/site-packages/airflow/example_dags/example_skip_dag.py
[2024-10-01T00:26:21.995+0000] {processor.py:840} INFO - DAG(s) 'example_skip_dag' retrieved from /home/airflow/.local/lib/python3.8/site-packages/airflow/example_dags/example_skip_dag.py
[2024-10-01T00:26:22.055+0000] {logging_mixin.py:188} INFO - [2024-10-01T00:26:22.054+0000] {dag.py:3036} INFO - Sync 1 DAGs
[2024-10-01T00:26:22.126+0000] {logging_mixin.py:188} INFO - [2024-10-01T00:26:22.126+0000] {dag.py:3823} INFO - Setting next_dagrun for example_skip_dag to 2024-09-30 00:00:00+00:00, run_after=2024-10-01 00:00:00+00:00
[2024-10-01T00:26:22.183+0000] {processor.py:183} INFO - Processing /home/airflow/.local/lib/python3.8/site-packages/airflow/example_dags/example_skip_dag.py took 0.226 seconds
[2024-10-01T00:26:52.674+0000] {processor.py:161} INFO - Started process (PID=4096) to work on /home/airflow/.local/lib/python3.8/site-packages/airflow/example_dags/example_skip_dag.py
[2024-10-01T00:26:52.678+0000] {processor.py:830} INFO - Processing file /home/airflow/.local/lib/python3.8/site-packages/airflow/example_dags/example_skip_dag.py for tasks to queue
[2024-10-01T00:26:52.683+0000] {logging_mixin.py:188} INFO - [2024-10-01T00:26:52.682+0000] {dagbag.py:538} INFO - Filling up the DagBag from /home/airflow/.local/lib/python3.8/site-packages/airflow/example_dags/example_skip_dag.py
[2024-10-01T00:26:52.712+0000] {processor.py:840} INFO - DAG(s) 'example_skip_dag' retrieved from /home/airflow/.local/lib/python3.8/site-packages/airflow/example_dags/example_skip_dag.py
[2024-10-01T00:26:52.794+0000] {logging_mixin.py:188} INFO - [2024-10-01T00:26:52.793+0000] {dag.py:3036} INFO - Sync 1 DAGs
[2024-10-01T00:26:52.880+0000] {logging_mixin.py:188} INFO - [2024-10-01T00:26:52.879+0000] {dag.py:3823} INFO - Setting next_dagrun for example_skip_dag to 2024-09-30 00:00:00+00:00, run_after=2024-10-01 00:00:00+00:00
[2024-10-01T00:26:52.947+0000] {processor.py:183} INFO - Processing /home/airflow/.local/lib/python3.8/site-packages/airflow/example_dags/example_skip_dag.py took 0.283 seconds
[2024-10-01T00:27:23.128+0000] {processor.py:161} INFO - Started process (PID=4162) to work on /home/airflow/.local/lib/python3.8/site-packages/airflow/example_dags/example_skip_dag.py
[2024-10-01T00:27:23.131+0000] {processor.py:830} INFO - Processing file /home/airflow/.local/lib/python3.8/site-packages/airflow/example_dags/example_skip_dag.py for tasks to queue
[2024-10-01T00:27:23.136+0000] {logging_mixin.py:188} INFO - [2024-10-01T00:27:23.135+0000] {dagbag.py:538} INFO - Filling up the DagBag from /home/airflow/.local/lib/python3.8/site-packages/airflow/example_dags/example_skip_dag.py
[2024-10-01T00:27:23.154+0000] {processor.py:840} INFO - DAG(s) 'example_skip_dag' retrieved from /home/airflow/.local/lib/python3.8/site-packages/airflow/example_dags/example_skip_dag.py
[2024-10-01T00:27:23.213+0000] {logging_mixin.py:188} INFO - [2024-10-01T00:27:23.212+0000] {dag.py:3036} INFO - Sync 1 DAGs
[2024-10-01T00:27:23.278+0000] {logging_mixin.py:188} INFO - [2024-10-01T00:27:23.277+0000] {dag.py:3823} INFO - Setting next_dagrun for example_skip_dag to 2024-09-30 00:00:00+00:00, run_after=2024-10-01 00:00:00+00:00
[2024-10-01T00:27:23.331+0000] {processor.py:183} INFO - Processing /home/airflow/.local/lib/python3.8/site-packages/airflow/example_dags/example_skip_dag.py took 0.214 seconds
[2024-10-01T00:27:54.029+0000] {processor.py:161} INFO - Started process (PID=4228) to work on /home/airflow/.local/lib/python3.8/site-packages/airflow/example_dags/example_skip_dag.py
[2024-10-01T00:27:54.033+0000] {processor.py:830} INFO - Processing file /home/airflow/.local/lib/python3.8/site-packages/airflow/example_dags/example_skip_dag.py for tasks to queue
[2024-10-01T00:27:54.038+0000] {logging_mixin.py:188} INFO - [2024-10-01T00:27:54.037+0000] {dagbag.py:538} INFO - Filling up the DagBag from /home/airflow/.local/lib/python3.8/site-packages/airflow/example_dags/example_skip_dag.py
[2024-10-01T00:27:54.062+0000] {processor.py:840} INFO - DAG(s) 'example_skip_dag' retrieved from /home/airflow/.local/lib/python3.8/site-packages/airflow/example_dags/example_skip_dag.py
[2024-10-01T00:27:54.131+0000] {logging_mixin.py:188} INFO - [2024-10-01T00:27:54.131+0000] {dag.py:3036} INFO - Sync 1 DAGs
[2024-10-01T00:27:54.207+0000] {logging_mixin.py:188} INFO - [2024-10-01T00:27:54.206+0000] {dag.py:3823} INFO - Setting next_dagrun for example_skip_dag to 2024-09-30 00:00:00+00:00, run_after=2024-10-01 00:00:00+00:00
[2024-10-01T00:27:54.266+0000] {processor.py:183} INFO - Processing /home/airflow/.local/lib/python3.8/site-packages/airflow/example_dags/example_skip_dag.py took 0.250 seconds
[2024-10-01T00:28:25.127+0000] {processor.py:161} INFO - Started process (PID=4294) to work on /home/airflow/.local/lib/python3.8/site-packages/airflow/example_dags/example_skip_dag.py
[2024-10-01T00:28:25.130+0000] {processor.py:830} INFO - Processing file /home/airflow/.local/lib/python3.8/site-packages/airflow/example_dags/example_skip_dag.py for tasks to queue
[2024-10-01T00:28:25.136+0000] {logging_mixin.py:188} INFO - [2024-10-01T00:28:25.135+0000] {dagbag.py:538} INFO - Filling up the DagBag from /home/airflow/.local/lib/python3.8/site-packages/airflow/example_dags/example_skip_dag.py
[2024-10-01T00:28:25.156+0000] {processor.py:840} INFO - DAG(s) 'example_skip_dag' retrieved from /home/airflow/.local/lib/python3.8/site-packages/airflow/example_dags/example_skip_dag.py
[2024-10-01T00:28:25.225+0000] {logging_mixin.py:188} INFO - [2024-10-01T00:28:25.224+0000] {dag.py:3036} INFO - Sync 1 DAGs
[2024-10-01T00:28:25.306+0000] {logging_mixin.py:188} INFO - [2024-10-01T00:28:25.306+0000] {dag.py:3823} INFO - Setting next_dagrun for example_skip_dag to 2024-09-30 00:00:00+00:00, run_after=2024-10-01 00:00:00+00:00
[2024-10-01T00:28:25.366+0000] {processor.py:183} INFO - Processing /home/airflow/.local/lib/python3.8/site-packages/airflow/example_dags/example_skip_dag.py took 0.250 seconds
[2024-10-01T00:28:56.460+0000] {processor.py:161} INFO - Started process (PID=4360) to work on /home/airflow/.local/lib/python3.8/site-packages/airflow/example_dags/example_skip_dag.py
[2024-10-01T00:28:56.464+0000] {processor.py:830} INFO - Processing file /home/airflow/.local/lib/python3.8/site-packages/airflow/example_dags/example_skip_dag.py for tasks to queue
[2024-10-01T00:28:56.471+0000] {logging_mixin.py:188} INFO - [2024-10-01T00:28:56.470+0000] {dagbag.py:538} INFO - Filling up the DagBag from /home/airflow/.local/lib/python3.8/site-packages/airflow/example_dags/example_skip_dag.py
[2024-10-01T00:28:56.501+0000] {processor.py:840} INFO - DAG(s) 'example_skip_dag' retrieved from /home/airflow/.local/lib/python3.8/site-packages/airflow/example_dags/example_skip_dag.py
[2024-10-01T00:28:56.591+0000] {logging_mixin.py:188} INFO - [2024-10-01T00:28:56.590+0000] {dag.py:3036} INFO - Sync 1 DAGs
[2024-10-01T00:28:56.704+0000] {logging_mixin.py:188} INFO - [2024-10-01T00:28:56.703+0000] {dag.py:3823} INFO - Setting next_dagrun for example_skip_dag to 2024-09-30 00:00:00+00:00, run_after=2024-10-01 00:00:00+00:00
[2024-10-01T00:28:56.782+0000] {processor.py:183} INFO - Processing /home/airflow/.local/lib/python3.8/site-packages/airflow/example_dags/example_skip_dag.py took 0.340 seconds
[2024-10-01T00:29:26.994+0000] {processor.py:161} INFO - Started process (PID=4425) to work on /home/airflow/.local/lib/python3.8/site-packages/airflow/example_dags/example_skip_dag.py
[2024-10-01T00:29:26.997+0000] {processor.py:830} INFO - Processing file /home/airflow/.local/lib/python3.8/site-packages/airflow/example_dags/example_skip_dag.py for tasks to queue
[2024-10-01T00:29:27.002+0000] {logging_mixin.py:188} INFO - [2024-10-01T00:29:27.001+0000] {dagbag.py:538} INFO - Filling up the DagBag from /home/airflow/.local/lib/python3.8/site-packages/airflow/example_dags/example_skip_dag.py
[2024-10-01T00:29:27.020+0000] {processor.py:840} INFO - DAG(s) 'example_skip_dag' retrieved from /home/airflow/.local/lib/python3.8/site-packages/airflow/example_dags/example_skip_dag.py
[2024-10-01T00:29:27.078+0000] {logging_mixin.py:188} INFO - [2024-10-01T00:29:27.078+0000] {dag.py:3036} INFO - Sync 1 DAGs
[2024-10-01T00:29:27.150+0000] {logging_mixin.py:188} INFO - [2024-10-01T00:29:27.149+0000] {dag.py:3823} INFO - Setting next_dagrun for example_skip_dag to 2024-09-30 00:00:00+00:00, run_after=2024-10-01 00:00:00+00:00
[2024-10-01T00:29:27.204+0000] {processor.py:183} INFO - Processing /home/airflow/.local/lib/python3.8/site-packages/airflow/example_dags/example_skip_dag.py took 0.220 seconds
[2024-10-01T00:29:57.274+0000] {processor.py:161} INFO - Started process (PID=4482) to work on /home/airflow/.local/lib/python3.8/site-packages/airflow/example_dags/example_skip_dag.py
[2024-10-01T00:29:57.276+0000] {processor.py:830} INFO - Processing file /home/airflow/.local/lib/python3.8/site-packages/airflow/example_dags/example_skip_dag.py for tasks to queue
[2024-10-01T00:29:57.280+0000] {logging_mixin.py:188} INFO - [2024-10-01T00:29:57.280+0000] {dagbag.py:538} INFO - Filling up the DagBag from /home/airflow/.local/lib/python3.8/site-packages/airflow/example_dags/example_skip_dag.py
[2024-10-01T00:29:57.296+0000] {processor.py:840} INFO - DAG(s) 'example_skip_dag' retrieved from /home/airflow/.local/lib/python3.8/site-packages/airflow/example_dags/example_skip_dag.py
[2024-10-01T00:29:57.349+0000] {logging_mixin.py:188} INFO - [2024-10-01T00:29:57.348+0000] {dag.py:3036} INFO - Sync 1 DAGs
[2024-10-01T00:29:57.410+0000] {logging_mixin.py:188} INFO - [2024-10-01T00:29:57.409+0000] {dag.py:3823} INFO - Setting next_dagrun for example_skip_dag to 2024-09-30 00:00:00+00:00, run_after=2024-10-01 00:00:00+00:00
[2024-10-01T00:29:57.457+0000] {processor.py:183} INFO - Processing /home/airflow/.local/lib/python3.8/site-packages/airflow/example_dags/example_skip_dag.py took 0.191 seconds
[2024-10-01T00:30:28.061+0000] {processor.py:161} INFO - Started process (PID=4548) to work on /home/airflow/.local/lib/python3.8/site-packages/airflow/example_dags/example_skip_dag.py
[2024-10-01T00:30:28.064+0000] {processor.py:830} INFO - Processing file /home/airflow/.local/lib/python3.8/site-packages/airflow/example_dags/example_skip_dag.py for tasks to queue
[2024-10-01T00:30:28.070+0000] {logging_mixin.py:188} INFO - [2024-10-01T00:30:28.069+0000] {dagbag.py:538} INFO - Filling up the DagBag from /home/airflow/.local/lib/python3.8/site-packages/airflow/example_dags/example_skip_dag.py
[2024-10-01T00:30:28.091+0000] {processor.py:840} INFO - DAG(s) 'example_skip_dag' retrieved from /home/airflow/.local/lib/python3.8/site-packages/airflow/example_dags/example_skip_dag.py
[2024-10-01T00:30:28.166+0000] {logging_mixin.py:188} INFO - [2024-10-01T00:30:28.165+0000] {dag.py:3036} INFO - Sync 1 DAGs
[2024-10-01T00:30:28.248+0000] {logging_mixin.py:188} INFO - [2024-10-01T00:30:28.247+0000] {dag.py:3823} INFO - Setting next_dagrun for example_skip_dag to 2024-09-30 00:00:00+00:00, run_after=2024-10-01 00:00:00+00:00
[2024-10-01T00:30:28.313+0000] {processor.py:183} INFO - Processing /home/airflow/.local/lib/python3.8/site-packages/airflow/example_dags/example_skip_dag.py took 0.262 seconds
[2024-10-01T00:30:58.517+0000] {processor.py:161} INFO - Started process (PID=4614) to work on /home/airflow/.local/lib/python3.8/site-packages/airflow/example_dags/example_skip_dag.py
[2024-10-01T00:30:58.520+0000] {processor.py:830} INFO - Processing file /home/airflow/.local/lib/python3.8/site-packages/airflow/example_dags/example_skip_dag.py for tasks to queue
[2024-10-01T00:30:58.524+0000] {logging_mixin.py:188} INFO - [2024-10-01T00:30:58.524+0000] {dagbag.py:538} INFO - Filling up the DagBag from /home/airflow/.local/lib/python3.8/site-packages/airflow/example_dags/example_skip_dag.py
[2024-10-01T00:30:58.542+0000] {processor.py:840} INFO - DAG(s) 'example_skip_dag' retrieved from /home/airflow/.local/lib/python3.8/site-packages/airflow/example_dags/example_skip_dag.py
[2024-10-01T00:30:58.597+0000] {logging_mixin.py:188} INFO - [2024-10-01T00:30:58.597+0000] {dag.py:3036} INFO - Sync 1 DAGs
[2024-10-01T00:30:58.658+0000] {logging_mixin.py:188} INFO - [2024-10-01T00:30:58.658+0000] {dag.py:3823} INFO - Setting next_dagrun for example_skip_dag to 2024-09-30 00:00:00+00:00, run_after=2024-10-01 00:00:00+00:00
[2024-10-01T00:30:58.714+0000] {processor.py:183} INFO - Processing /home/airflow/.local/lib/python3.8/site-packages/airflow/example_dags/example_skip_dag.py took 0.205 seconds
[2024-10-01T00:31:29.345+0000] {processor.py:161} INFO - Started process (PID=4680) to work on /home/airflow/.local/lib/python3.8/site-packages/airflow/example_dags/example_skip_dag.py
[2024-10-01T00:31:29.349+0000] {processor.py:830} INFO - Processing file /home/airflow/.local/lib/python3.8/site-packages/airflow/example_dags/example_skip_dag.py for tasks to queue
[2024-10-01T00:31:29.356+0000] {logging_mixin.py:188} INFO - [2024-10-01T00:31:29.355+0000] {dagbag.py:538} INFO - Filling up the DagBag from /home/airflow/.local/lib/python3.8/site-packages/airflow/example_dags/example_skip_dag.py
[2024-10-01T00:31:29.380+0000] {processor.py:840} INFO - DAG(s) 'example_skip_dag' retrieved from /home/airflow/.local/lib/python3.8/site-packages/airflow/example_dags/example_skip_dag.py
[2024-10-01T00:31:29.466+0000] {logging_mixin.py:188} INFO - [2024-10-01T00:31:29.465+0000] {dag.py:3036} INFO - Sync 1 DAGs
[2024-10-01T00:31:29.541+0000] {logging_mixin.py:188} INFO - [2024-10-01T00:31:29.540+0000] {dag.py:3823} INFO - Setting next_dagrun for example_skip_dag to 2024-09-30 00:00:00+00:00, run_after=2024-10-01 00:00:00+00:00
[2024-10-01T00:31:29.600+0000] {processor.py:183} INFO - Processing /home/airflow/.local/lib/python3.8/site-packages/airflow/example_dags/example_skip_dag.py took 0.267 seconds
[2024-10-01T00:32:01.557+0000] {processor.py:161} INFO - Started process (PID=4741) to work on /home/airflow/.local/lib/python3.8/site-packages/airflow/example_dags/example_skip_dag.py
[2024-10-01T00:32:01.565+0000] {processor.py:830} INFO - Processing file /home/airflow/.local/lib/python3.8/site-packages/airflow/example_dags/example_skip_dag.py for tasks to queue
[2024-10-01T00:32:01.577+0000] {logging_mixin.py:188} INFO - [2024-10-01T00:32:01.575+0000] {dagbag.py:538} INFO - Filling up the DagBag from /home/airflow/.local/lib/python3.8/site-packages/airflow/example_dags/example_skip_dag.py
[2024-10-01T00:32:01.629+0000] {processor.py:840} INFO - DAG(s) 'example_skip_dag' retrieved from /home/airflow/.local/lib/python3.8/site-packages/airflow/example_dags/example_skip_dag.py
[2024-10-01T00:32:01.757+0000] {logging_mixin.py:188} INFO - [2024-10-01T00:32:01.756+0000] {dag.py:3036} INFO - Sync 1 DAGs
[2024-10-01T00:32:01.896+0000] {logging_mixin.py:188} INFO - [2024-10-01T00:32:01.895+0000] {dag.py:3823} INFO - Setting next_dagrun for example_skip_dag to 2024-09-30 00:00:00+00:00, run_after=2024-10-01 00:00:00+00:00
[2024-10-01T00:32:01.986+0000] {processor.py:183} INFO - Processing /home/airflow/.local/lib/python3.8/site-packages/airflow/example_dags/example_skip_dag.py took 0.454 seconds
[2024-10-01T00:32:32.652+0000] {processor.py:161} INFO - Started process (PID=4799) to work on /home/airflow/.local/lib/python3.8/site-packages/airflow/example_dags/example_skip_dag.py
[2024-10-01T00:32:32.655+0000] {processor.py:830} INFO - Processing file /home/airflow/.local/lib/python3.8/site-packages/airflow/example_dags/example_skip_dag.py for tasks to queue
[2024-10-01T00:32:32.658+0000] {logging_mixin.py:188} INFO - [2024-10-01T00:32:32.658+0000] {dagbag.py:538} INFO - Filling up the DagBag from /home/airflow/.local/lib/python3.8/site-packages/airflow/example_dags/example_skip_dag.py
[2024-10-01T00:32:32.673+0000] {processor.py:840} INFO - DAG(s) 'example_skip_dag' retrieved from /home/airflow/.local/lib/python3.8/site-packages/airflow/example_dags/example_skip_dag.py
[2024-10-01T00:32:32.724+0000] {logging_mixin.py:188} INFO - [2024-10-01T00:32:32.723+0000] {dag.py:3036} INFO - Sync 1 DAGs
[2024-10-01T00:32:32.784+0000] {logging_mixin.py:188} INFO - [2024-10-01T00:32:32.783+0000] {dag.py:3823} INFO - Setting next_dagrun for example_skip_dag to 2024-09-30 00:00:00+00:00, run_after=2024-10-01 00:00:00+00:00
[2024-10-01T00:32:32.837+0000] {processor.py:183} INFO - Processing /home/airflow/.local/lib/python3.8/site-packages/airflow/example_dags/example_skip_dag.py took 0.194 seconds
[2024-10-01T00:33:03.575+0000] {processor.py:161} INFO - Started process (PID=4865) to work on /home/airflow/.local/lib/python3.8/site-packages/airflow/example_dags/example_skip_dag.py
[2024-10-01T00:33:03.578+0000] {processor.py:830} INFO - Processing file /home/airflow/.local/lib/python3.8/site-packages/airflow/example_dags/example_skip_dag.py for tasks to queue
[2024-10-01T00:33:03.584+0000] {logging_mixin.py:188} INFO - [2024-10-01T00:33:03.583+0000] {dagbag.py:538} INFO - Filling up the DagBag from /home/airflow/.local/lib/python3.8/site-packages/airflow/example_dags/example_skip_dag.py
[2024-10-01T00:33:03.608+0000] {processor.py:840} INFO - DAG(s) 'example_skip_dag' retrieved from /home/airflow/.local/lib/python3.8/site-packages/airflow/example_dags/example_skip_dag.py
[2024-10-01T00:33:03.686+0000] {logging_mixin.py:188} INFO - [2024-10-01T00:33:03.685+0000] {dag.py:3036} INFO - Sync 1 DAGs
[2024-10-01T00:33:03.775+0000] {logging_mixin.py:188} INFO - [2024-10-01T00:33:03.774+0000] {dag.py:3823} INFO - Setting next_dagrun for example_skip_dag to 2024-09-30 00:00:00+00:00, run_after=2024-10-01 00:00:00+00:00
[2024-10-01T00:33:03.848+0000] {processor.py:183} INFO - Processing /home/airflow/.local/lib/python3.8/site-packages/airflow/example_dags/example_skip_dag.py took 0.287 seconds
[2024-10-01T00:33:36.167+0000] {processor.py:161} INFO - Started process (PID=4931) to work on /home/airflow/.local/lib/python3.8/site-packages/airflow/example_dags/example_skip_dag.py
[2024-10-01T00:33:36.173+0000] {processor.py:830} INFO - Processing file /home/airflow/.local/lib/python3.8/site-packages/airflow/example_dags/example_skip_dag.py for tasks to queue
[2024-10-01T00:33:36.182+0000] {logging_mixin.py:188} INFO - [2024-10-01T00:33:36.181+0000] {dagbag.py:538} INFO - Filling up the DagBag from /home/airflow/.local/lib/python3.8/site-packages/airflow/example_dags/example_skip_dag.py
[2024-10-01T00:33:36.220+0000] {processor.py:840} INFO - DAG(s) 'example_skip_dag' retrieved from /home/airflow/.local/lib/python3.8/site-packages/airflow/example_dags/example_skip_dag.py
[2024-10-01T00:33:36.390+0000] {logging_mixin.py:188} INFO - [2024-10-01T00:33:36.387+0000] {dag.py:3036} INFO - Sync 1 DAGs
[2024-10-01T00:33:36.575+0000] {logging_mixin.py:188} INFO - [2024-10-01T00:33:36.574+0000] {dag.py:3823} INFO - Setting next_dagrun for example_skip_dag to 2024-09-30 00:00:00+00:00, run_after=2024-10-01 00:00:00+00:00
[2024-10-01T00:33:36.700+0000] {processor.py:183} INFO - Processing /home/airflow/.local/lib/python3.8/site-packages/airflow/example_dags/example_skip_dag.py took 0.558 seconds
[2024-10-01T00:34:07.305+0000] {processor.py:161} INFO - Started process (PID=4997) to work on /home/airflow/.local/lib/python3.8/site-packages/airflow/example_dags/example_skip_dag.py
[2024-10-01T00:34:07.308+0000] {processor.py:830} INFO - Processing file /home/airflow/.local/lib/python3.8/site-packages/airflow/example_dags/example_skip_dag.py for tasks to queue
[2024-10-01T00:34:07.314+0000] {logging_mixin.py:188} INFO - [2024-10-01T00:34:07.313+0000] {dagbag.py:538} INFO - Filling up the DagBag from /home/airflow/.local/lib/python3.8/site-packages/airflow/example_dags/example_skip_dag.py
[2024-10-01T00:34:07.335+0000] {processor.py:840} INFO - DAG(s) 'example_skip_dag' retrieved from /home/airflow/.local/lib/python3.8/site-packages/airflow/example_dags/example_skip_dag.py
[2024-10-01T00:34:07.388+0000] {logging_mixin.py:188} INFO - [2024-10-01T00:34:07.387+0000] {dag.py:3036} INFO - Sync 1 DAGs
[2024-10-01T00:34:07.443+0000] {logging_mixin.py:188} INFO - [2024-10-01T00:34:07.442+0000] {dag.py:3823} INFO - Setting next_dagrun for example_skip_dag to 2024-09-30 00:00:00+00:00, run_after=2024-10-01 00:00:00+00:00
[2024-10-01T00:34:07.486+0000] {processor.py:183} INFO - Processing /home/airflow/.local/lib/python3.8/site-packages/airflow/example_dags/example_skip_dag.py took 0.193 seconds
[2024-10-01T00:34:37.587+0000] {processor.py:161} INFO - Started process (PID=5055) to work on /home/airflow/.local/lib/python3.8/site-packages/airflow/example_dags/example_skip_dag.py
[2024-10-01T00:34:37.588+0000] {processor.py:830} INFO - Processing file /home/airflow/.local/lib/python3.8/site-packages/airflow/example_dags/example_skip_dag.py for tasks to queue
[2024-10-01T00:34:37.590+0000] {logging_mixin.py:188} INFO - [2024-10-01T00:34:37.590+0000] {dagbag.py:538} INFO - Filling up the DagBag from /home/airflow/.local/lib/python3.8/site-packages/airflow/example_dags/example_skip_dag.py
[2024-10-01T00:34:37.598+0000] {processor.py:840} INFO - DAG(s) 'example_skip_dag' retrieved from /home/airflow/.local/lib/python3.8/site-packages/airflow/example_dags/example_skip_dag.py
[2024-10-01T00:34:37.628+0000] {logging_mixin.py:188} INFO - [2024-10-01T00:34:37.628+0000] {dag.py:3036} INFO - Sync 1 DAGs
[2024-10-01T00:34:37.659+0000] {logging_mixin.py:188} INFO - [2024-10-01T00:34:37.658+0000] {dag.py:3823} INFO - Setting next_dagrun for example_skip_dag to 2024-09-30 00:00:00+00:00, run_after=2024-10-01 00:00:00+00:00
[2024-10-01T00:34:37.684+0000] {processor.py:183} INFO - Processing /home/airflow/.local/lib/python3.8/site-packages/airflow/example_dags/example_skip_dag.py took 0.101 seconds
