[2024-10-01T00:00:25.332+0000] {processor.py:161} INFO - Started process (PID=798) to work on /home/airflow/.local/lib/python3.8/site-packages/airflow/example_dags/example_branch_operator.py
[2024-10-01T00:00:25.334+0000] {processor.py:830} INFO - Processing file /home/airflow/.local/lib/python3.8/site-packages/airflow/example_dags/example_branch_operator.py for tasks to queue
[2024-10-01T00:00:25.337+0000] {logging_mixin.py:188} INFO - [2024-10-01T00:00:25.337+0000] {dagbag.py:538} INFO - Filling up the DagBag from /home/airflow/.local/lib/python3.8/site-packages/airflow/example_dags/example_branch_operator.py
[2024-10-01T00:00:25.377+0000] {processor.py:840} INFO - DAG(s) 'example_branch_operator' retrieved from /home/airflow/.local/lib/python3.8/site-packages/airflow/example_dags/example_branch_operator.py
[2024-10-01T00:00:25.441+0000] {logging_mixin.py:188} INFO - [2024-10-01T00:00:25.441+0000] {dag.py:3036} INFO - Sync 1 DAGs
[2024-10-01T00:00:25.494+0000] {logging_mixin.py:188} INFO - [2024-10-01T00:00:25.493+0000] {dag.py:3823} INFO - Setting next_dagrun for example_branch_operator to 2024-09-30 00:00:00+00:00, run_after=2024-10-01 00:00:00+00:00
[2024-10-01T00:00:25.535+0000] {processor.py:183} INFO - Processing /home/airflow/.local/lib/python3.8/site-packages/airflow/example_dags/example_branch_operator.py took 0.210 seconds
[2024-10-01T00:00:56.166+0000] {processor.py:161} INFO - Started process (PID=856) to work on /home/airflow/.local/lib/python3.8/site-packages/airflow/example_dags/example_branch_operator.py
[2024-10-01T00:00:56.177+0000] {processor.py:830} INFO - Processing file /home/airflow/.local/lib/python3.8/site-packages/airflow/example_dags/example_branch_operator.py for tasks to queue
[2024-10-01T00:00:56.181+0000] {logging_mixin.py:188} INFO - [2024-10-01T00:00:56.181+0000] {dagbag.py:538} INFO - Filling up the DagBag from /home/airflow/.local/lib/python3.8/site-packages/airflow/example_dags/example_branch_operator.py
[2024-10-01T00:00:56.219+0000] {processor.py:840} INFO - DAG(s) 'example_branch_operator' retrieved from /home/airflow/.local/lib/python3.8/site-packages/airflow/example_dags/example_branch_operator.py
[2024-10-01T00:00:56.272+0000] {logging_mixin.py:188} INFO - [2024-10-01T00:00:56.272+0000] {dag.py:3036} INFO - Sync 1 DAGs
[2024-10-01T00:00:56.328+0000] {logging_mixin.py:188} INFO - [2024-10-01T00:00:56.327+0000] {dag.py:3823} INFO - Setting next_dagrun for example_branch_operator to 2024-09-30 00:00:00+00:00, run_after=2024-10-01 00:00:00+00:00
[2024-10-01T00:00:56.365+0000] {processor.py:183} INFO - Processing /home/airflow/.local/lib/python3.8/site-packages/airflow/example_dags/example_branch_operator.py took 0.206 seconds
[2024-10-01T00:01:26.811+0000] {processor.py:161} INFO - Started process (PID=922) to work on /home/airflow/.local/lib/python3.8/site-packages/airflow/example_dags/example_branch_operator.py
[2024-10-01T00:01:26.814+0000] {processor.py:830} INFO - Processing file /home/airflow/.local/lib/python3.8/site-packages/airflow/example_dags/example_branch_operator.py for tasks to queue
[2024-10-01T00:01:26.817+0000] {logging_mixin.py:188} INFO - [2024-10-01T00:01:26.817+0000] {dagbag.py:538} INFO - Filling up the DagBag from /home/airflow/.local/lib/python3.8/site-packages/airflow/example_dags/example_branch_operator.py
[2024-10-01T00:01:26.853+0000] {processor.py:840} INFO - DAG(s) 'example_branch_operator' retrieved from /home/airflow/.local/lib/python3.8/site-packages/airflow/example_dags/example_branch_operator.py
[2024-10-01T00:01:26.908+0000] {logging_mixin.py:188} INFO - [2024-10-01T00:01:26.908+0000] {dag.py:3036} INFO - Sync 1 DAGs
[2024-10-01T00:01:26.956+0000] {logging_mixin.py:188} INFO - [2024-10-01T00:01:26.955+0000] {dag.py:3823} INFO - Setting next_dagrun for example_branch_operator to 2024-09-30 00:00:00+00:00, run_after=2024-10-01 00:00:00+00:00
[2024-10-01T00:01:26.992+0000] {processor.py:183} INFO - Processing /home/airflow/.local/lib/python3.8/site-packages/airflow/example_dags/example_branch_operator.py took 0.188 seconds
[2024-10-01T00:01:57.696+0000] {processor.py:161} INFO - Started process (PID=988) to work on /home/airflow/.local/lib/python3.8/site-packages/airflow/example_dags/example_branch_operator.py
[2024-10-01T00:01:57.702+0000] {processor.py:830} INFO - Processing file /home/airflow/.local/lib/python3.8/site-packages/airflow/example_dags/example_branch_operator.py for tasks to queue
[2024-10-01T00:01:57.706+0000] {logging_mixin.py:188} INFO - [2024-10-01T00:01:57.705+0000] {dagbag.py:538} INFO - Filling up the DagBag from /home/airflow/.local/lib/python3.8/site-packages/airflow/example_dags/example_branch_operator.py
[2024-10-01T00:01:57.745+0000] {processor.py:840} INFO - DAG(s) 'example_branch_operator' retrieved from /home/airflow/.local/lib/python3.8/site-packages/airflow/example_dags/example_branch_operator.py
[2024-10-01T00:01:57.807+0000] {logging_mixin.py:188} INFO - [2024-10-01T00:01:57.806+0000] {dag.py:3036} INFO - Sync 1 DAGs
[2024-10-01T00:01:57.864+0000] {logging_mixin.py:188} INFO - [2024-10-01T00:01:57.863+0000] {dag.py:3823} INFO - Setting next_dagrun for example_branch_operator to 2024-09-30 00:00:00+00:00, run_after=2024-10-01 00:00:00+00:00
[2024-10-01T00:01:57.907+0000] {processor.py:183} INFO - Processing /home/airflow/.local/lib/python3.8/site-packages/airflow/example_dags/example_branch_operator.py took 0.218 seconds
[2024-10-01T00:02:28.154+0000] {processor.py:161} INFO - Started process (PID=1054) to work on /home/airflow/.local/lib/python3.8/site-packages/airflow/example_dags/example_branch_operator.py
[2024-10-01T00:02:28.159+0000] {processor.py:830} INFO - Processing file /home/airflow/.local/lib/python3.8/site-packages/airflow/example_dags/example_branch_operator.py for tasks to queue
[2024-10-01T00:02:28.163+0000] {logging_mixin.py:188} INFO - [2024-10-01T00:02:28.163+0000] {dagbag.py:538} INFO - Filling up the DagBag from /home/airflow/.local/lib/python3.8/site-packages/airflow/example_dags/example_branch_operator.py
[2024-10-01T00:02:28.205+0000] {processor.py:840} INFO - DAG(s) 'example_branch_operator' retrieved from /home/airflow/.local/lib/python3.8/site-packages/airflow/example_dags/example_branch_operator.py
[2024-10-01T00:02:28.271+0000] {logging_mixin.py:188} INFO - [2024-10-01T00:02:28.271+0000] {dag.py:3036} INFO - Sync 1 DAGs
[2024-10-01T00:02:28.335+0000] {logging_mixin.py:188} INFO - [2024-10-01T00:02:28.335+0000] {dag.py:3823} INFO - Setting next_dagrun for example_branch_operator to 2024-09-30 00:00:00+00:00, run_after=2024-10-01 00:00:00+00:00
[2024-10-01T00:02:28.381+0000] {processor.py:183} INFO - Processing /home/airflow/.local/lib/python3.8/site-packages/airflow/example_dags/example_branch_operator.py took 0.235 seconds
[2024-10-01T00:02:58.628+0000] {processor.py:161} INFO - Started process (PID=1120) to work on /home/airflow/.local/lib/python3.8/site-packages/airflow/example_dags/example_branch_operator.py
[2024-10-01T00:02:58.630+0000] {processor.py:830} INFO - Processing file /home/airflow/.local/lib/python3.8/site-packages/airflow/example_dags/example_branch_operator.py for tasks to queue
[2024-10-01T00:02:58.634+0000] {logging_mixin.py:188} INFO - [2024-10-01T00:02:58.633+0000] {dagbag.py:538} INFO - Filling up the DagBag from /home/airflow/.local/lib/python3.8/site-packages/airflow/example_dags/example_branch_operator.py
[2024-10-01T00:02:58.675+0000] {processor.py:840} INFO - DAG(s) 'example_branch_operator' retrieved from /home/airflow/.local/lib/python3.8/site-packages/airflow/example_dags/example_branch_operator.py
[2024-10-01T00:02:58.739+0000] {logging_mixin.py:188} INFO - [2024-10-01T00:02:58.739+0000] {dag.py:3036} INFO - Sync 1 DAGs
[2024-10-01T00:02:58.802+0000] {logging_mixin.py:188} INFO - [2024-10-01T00:02:58.801+0000] {dag.py:3823} INFO - Setting next_dagrun for example_branch_operator to 2024-09-30 00:00:00+00:00, run_after=2024-10-01 00:00:00+00:00
[2024-10-01T00:02:58.848+0000] {processor.py:183} INFO - Processing /home/airflow/.local/lib/python3.8/site-packages/airflow/example_dags/example_branch_operator.py took 0.228 seconds
[2024-10-01T00:03:28.951+0000] {processor.py:161} INFO - Started process (PID=1186) to work on /home/airflow/.local/lib/python3.8/site-packages/airflow/example_dags/example_branch_operator.py
[2024-10-01T00:03:28.955+0000] {processor.py:830} INFO - Processing file /home/airflow/.local/lib/python3.8/site-packages/airflow/example_dags/example_branch_operator.py for tasks to queue
[2024-10-01T00:03:28.958+0000] {logging_mixin.py:188} INFO - [2024-10-01T00:03:28.957+0000] {dagbag.py:538} INFO - Filling up the DagBag from /home/airflow/.local/lib/python3.8/site-packages/airflow/example_dags/example_branch_operator.py
[2024-10-01T00:03:28.993+0000] {processor.py:840} INFO - DAG(s) 'example_branch_operator' retrieved from /home/airflow/.local/lib/python3.8/site-packages/airflow/example_dags/example_branch_operator.py
[2024-10-01T00:03:29.053+0000] {logging_mixin.py:188} INFO - [2024-10-01T00:03:29.053+0000] {dag.py:3036} INFO - Sync 1 DAGs
[2024-10-01T00:03:29.105+0000] {logging_mixin.py:188} INFO - [2024-10-01T00:03:29.105+0000] {dag.py:3823} INFO - Setting next_dagrun for example_branch_operator to 2024-09-30 00:00:00+00:00, run_after=2024-10-01 00:00:00+00:00
[2024-10-01T00:03:29.147+0000] {processor.py:183} INFO - Processing /home/airflow/.local/lib/python3.8/site-packages/airflow/example_dags/example_branch_operator.py took 0.202 seconds
[2024-10-01T00:03:59.903+0000] {processor.py:161} INFO - Started process (PID=1252) to work on /home/airflow/.local/lib/python3.8/site-packages/airflow/example_dags/example_branch_operator.py
[2024-10-01T00:03:59.906+0000] {processor.py:830} INFO - Processing file /home/airflow/.local/lib/python3.8/site-packages/airflow/example_dags/example_branch_operator.py for tasks to queue
[2024-10-01T00:03:59.911+0000] {logging_mixin.py:188} INFO - [2024-10-01T00:03:59.910+0000] {dagbag.py:538} INFO - Filling up the DagBag from /home/airflow/.local/lib/python3.8/site-packages/airflow/example_dags/example_branch_operator.py
[2024-10-01T00:03:59.963+0000] {processor.py:840} INFO - DAG(s) 'example_branch_operator' retrieved from /home/airflow/.local/lib/python3.8/site-packages/airflow/example_dags/example_branch_operator.py
[2024-10-01T00:04:00.047+0000] {logging_mixin.py:188} INFO - [2024-10-01T00:04:00.046+0000] {dag.py:3036} INFO - Sync 1 DAGs
[2024-10-01T00:04:00.131+0000] {logging_mixin.py:188} INFO - [2024-10-01T00:04:00.131+0000] {dag.py:3823} INFO - Setting next_dagrun for example_branch_operator to 2024-09-30 00:00:00+00:00, run_after=2024-10-01 00:00:00+00:00
[2024-10-01T00:04:00.198+0000] {processor.py:183} INFO - Processing /home/airflow/.local/lib/python3.8/site-packages/airflow/example_dags/example_branch_operator.py took 0.305 seconds
[2024-10-01T00:04:30.326+0000] {processor.py:161} INFO - Started process (PID=1318) to work on /home/airflow/.local/lib/python3.8/site-packages/airflow/example_dags/example_branch_operator.py
[2024-10-01T00:04:30.329+0000] {processor.py:830} INFO - Processing file /home/airflow/.local/lib/python3.8/site-packages/airflow/example_dags/example_branch_operator.py for tasks to queue
[2024-10-01T00:04:30.333+0000] {logging_mixin.py:188} INFO - [2024-10-01T00:04:30.332+0000] {dagbag.py:538} INFO - Filling up the DagBag from /home/airflow/.local/lib/python3.8/site-packages/airflow/example_dags/example_branch_operator.py
[2024-10-01T00:04:30.379+0000] {processor.py:840} INFO - DAG(s) 'example_branch_operator' retrieved from /home/airflow/.local/lib/python3.8/site-packages/airflow/example_dags/example_branch_operator.py
[2024-10-01T00:04:30.456+0000] {logging_mixin.py:188} INFO - [2024-10-01T00:04:30.455+0000] {dag.py:3036} INFO - Sync 1 DAGs
[2024-10-01T00:04:30.530+0000] {logging_mixin.py:188} INFO - [2024-10-01T00:04:30.529+0000] {dag.py:3823} INFO - Setting next_dagrun for example_branch_operator to 2024-09-30 00:00:00+00:00, run_after=2024-10-01 00:00:00+00:00
[2024-10-01T00:04:30.584+0000] {processor.py:183} INFO - Processing /home/airflow/.local/lib/python3.8/site-packages/airflow/example_dags/example_branch_operator.py took 0.268 seconds
[2024-10-01T00:05:02.638+0000] {processor.py:161} INFO - Started process (PID=1383) to work on /home/airflow/.local/lib/python3.8/site-packages/airflow/example_dags/example_branch_operator.py
[2024-10-01T00:05:02.658+0000] {processor.py:830} INFO - Processing file /home/airflow/.local/lib/python3.8/site-packages/airflow/example_dags/example_branch_operator.py for tasks to queue
[2024-10-01T00:05:02.681+0000] {logging_mixin.py:188} INFO - [2024-10-01T00:05:02.677+0000] {dagbag.py:538} INFO - Filling up the DagBag from /home/airflow/.local/lib/python3.8/site-packages/airflow/example_dags/example_branch_operator.py
[2024-10-01T00:05:02.957+0000] {processor.py:840} INFO - DAG(s) 'example_branch_operator' retrieved from /home/airflow/.local/lib/python3.8/site-packages/airflow/example_dags/example_branch_operator.py
[2024-10-01T00:05:03.280+0000] {logging_mixin.py:188} INFO - [2024-10-01T00:05:03.279+0000] {dag.py:3036} INFO - Sync 1 DAGs
[2024-10-01T00:05:03.490+0000] {logging_mixin.py:188} INFO - [2024-10-01T00:05:03.488+0000] {dag.py:3823} INFO - Setting next_dagrun for example_branch_operator to 2024-09-30 00:00:00+00:00, run_after=2024-10-01 00:00:00+00:00
[2024-10-01T00:05:03.662+0000] {processor.py:183} INFO - Processing /home/airflow/.local/lib/python3.8/site-packages/airflow/example_dags/example_branch_operator.py took 1.069 seconds
[2024-10-01T00:05:34.305+0000] {processor.py:161} INFO - Started process (PID=1450) to work on /home/airflow/.local/lib/python3.8/site-packages/airflow/example_dags/example_branch_operator.py
[2024-10-01T00:05:34.308+0000] {processor.py:830} INFO - Processing file /home/airflow/.local/lib/python3.8/site-packages/airflow/example_dags/example_branch_operator.py for tasks to queue
[2024-10-01T00:05:34.311+0000] {logging_mixin.py:188} INFO - [2024-10-01T00:05:34.311+0000] {dagbag.py:538} INFO - Filling up the DagBag from /home/airflow/.local/lib/python3.8/site-packages/airflow/example_dags/example_branch_operator.py
[2024-10-01T00:05:34.348+0000] {processor.py:840} INFO - DAG(s) 'example_branch_operator' retrieved from /home/airflow/.local/lib/python3.8/site-packages/airflow/example_dags/example_branch_operator.py
[2024-10-01T00:05:34.402+0000] {logging_mixin.py:188} INFO - [2024-10-01T00:05:34.402+0000] {dag.py:3036} INFO - Sync 1 DAGs
[2024-10-01T00:05:34.451+0000] {logging_mixin.py:188} INFO - [2024-10-01T00:05:34.451+0000] {dag.py:3823} INFO - Setting next_dagrun for example_branch_operator to 2024-09-30 00:00:00+00:00, run_after=2024-10-01 00:00:00+00:00
[2024-10-01T00:05:34.494+0000] {processor.py:183} INFO - Processing /home/airflow/.local/lib/python3.8/site-packages/airflow/example_dags/example_branch_operator.py took 0.196 seconds
[2024-10-01T00:06:04.900+0000] {processor.py:161} INFO - Started process (PID=1516) to work on /home/airflow/.local/lib/python3.8/site-packages/airflow/example_dags/example_branch_operator.py
[2024-10-01T00:06:04.925+0000] {processor.py:830} INFO - Processing file /home/airflow/.local/lib/python3.8/site-packages/airflow/example_dags/example_branch_operator.py for tasks to queue
[2024-10-01T00:06:04.928+0000] {logging_mixin.py:188} INFO - [2024-10-01T00:06:04.928+0000] {dagbag.py:538} INFO - Filling up the DagBag from /home/airflow/.local/lib/python3.8/site-packages/airflow/example_dags/example_branch_operator.py
[2024-10-01T00:06:04.962+0000] {processor.py:840} INFO - DAG(s) 'example_branch_operator' retrieved from /home/airflow/.local/lib/python3.8/site-packages/airflow/example_dags/example_branch_operator.py
[2024-10-01T00:06:05.021+0000] {logging_mixin.py:188} INFO - [2024-10-01T00:06:05.020+0000] {dag.py:3036} INFO - Sync 1 DAGs
[2024-10-01T00:06:05.089+0000] {logging_mixin.py:188} INFO - [2024-10-01T00:06:05.088+0000] {dag.py:3823} INFO - Setting next_dagrun for example_branch_operator to 2024-09-30 00:00:00+00:00, run_after=2024-10-01 00:00:00+00:00
[2024-10-01T00:06:05.142+0000] {processor.py:183} INFO - Processing /home/airflow/.local/lib/python3.8/site-packages/airflow/example_dags/example_branch_operator.py took 0.248 seconds
[2024-10-01T00:06:35.804+0000] {processor.py:161} INFO - Started process (PID=1574) to work on /home/airflow/.local/lib/python3.8/site-packages/airflow/example_dags/example_branch_operator.py
[2024-10-01T00:06:35.816+0000] {processor.py:830} INFO - Processing file /home/airflow/.local/lib/python3.8/site-packages/airflow/example_dags/example_branch_operator.py for tasks to queue
[2024-10-01T00:06:35.820+0000] {logging_mixin.py:188} INFO - [2024-10-01T00:06:35.819+0000] {dagbag.py:538} INFO - Filling up the DagBag from /home/airflow/.local/lib/python3.8/site-packages/airflow/example_dags/example_branch_operator.py
[2024-10-01T00:06:35.851+0000] {processor.py:840} INFO - DAG(s) 'example_branch_operator' retrieved from /home/airflow/.local/lib/python3.8/site-packages/airflow/example_dags/example_branch_operator.py
[2024-10-01T00:06:35.902+0000] {logging_mixin.py:188} INFO - [2024-10-01T00:06:35.902+0000] {dag.py:3036} INFO - Sync 1 DAGs
[2024-10-01T00:06:35.942+0000] {logging_mixin.py:188} INFO - [2024-10-01T00:06:35.941+0000] {dag.py:3823} INFO - Setting next_dagrun for example_branch_operator to 2024-09-30 00:00:00+00:00, run_after=2024-10-01 00:00:00+00:00
[2024-10-01T00:06:35.981+0000] {processor.py:183} INFO - Processing /home/airflow/.local/lib/python3.8/site-packages/airflow/example_dags/example_branch_operator.py took 0.183 seconds
[2024-10-01T00:07:06.547+0000] {processor.py:161} INFO - Started process (PID=1640) to work on /home/airflow/.local/lib/python3.8/site-packages/airflow/example_dags/example_branch_operator.py
[2024-10-01T00:07:06.550+0000] {processor.py:830} INFO - Processing file /home/airflow/.local/lib/python3.8/site-packages/airflow/example_dags/example_branch_operator.py for tasks to queue
[2024-10-01T00:07:06.555+0000] {logging_mixin.py:188} INFO - [2024-10-01T00:07:06.554+0000] {dagbag.py:538} INFO - Filling up the DagBag from /home/airflow/.local/lib/python3.8/site-packages/airflow/example_dags/example_branch_operator.py
[2024-10-01T00:07:06.592+0000] {processor.py:840} INFO - DAG(s) 'example_branch_operator' retrieved from /home/airflow/.local/lib/python3.8/site-packages/airflow/example_dags/example_branch_operator.py
[2024-10-01T00:07:06.643+0000] {logging_mixin.py:188} INFO - [2024-10-01T00:07:06.642+0000] {dag.py:3036} INFO - Sync 1 DAGs
[2024-10-01T00:07:06.692+0000] {logging_mixin.py:188} INFO - [2024-10-01T00:07:06.691+0000] {dag.py:3823} INFO - Setting next_dagrun for example_branch_operator to 2024-09-30 00:00:00+00:00, run_after=2024-10-01 00:00:00+00:00
[2024-10-01T00:07:06.731+0000] {processor.py:183} INFO - Processing /home/airflow/.local/lib/python3.8/site-packages/airflow/example_dags/example_branch_operator.py took 0.192 seconds
[2024-10-01T00:07:36.935+0000] {processor.py:161} INFO - Started process (PID=1707) to work on /home/airflow/.local/lib/python3.8/site-packages/airflow/example_dags/example_branch_operator.py
[2024-10-01T00:07:36.938+0000] {processor.py:830} INFO - Processing file /home/airflow/.local/lib/python3.8/site-packages/airflow/example_dags/example_branch_operator.py for tasks to queue
[2024-10-01T00:07:36.944+0000] {logging_mixin.py:188} INFO - [2024-10-01T00:07:36.943+0000] {dagbag.py:538} INFO - Filling up the DagBag from /home/airflow/.local/lib/python3.8/site-packages/airflow/example_dags/example_branch_operator.py
[2024-10-01T00:07:37.010+0000] {processor.py:840} INFO - DAG(s) 'example_branch_operator' retrieved from /home/airflow/.local/lib/python3.8/site-packages/airflow/example_dags/example_branch_operator.py
[2024-10-01T00:07:37.121+0000] {logging_mixin.py:188} INFO - [2024-10-01T00:07:37.120+0000] {dag.py:3036} INFO - Sync 1 DAGs
[2024-10-01T00:07:37.213+0000] {logging_mixin.py:188} INFO - [2024-10-01T00:07:37.212+0000] {dag.py:3823} INFO - Setting next_dagrun for example_branch_operator to 2024-09-30 00:00:00+00:00, run_after=2024-10-01 00:00:00+00:00
[2024-10-01T00:07:37.280+0000] {processor.py:183} INFO - Processing /home/airflow/.local/lib/python3.8/site-packages/airflow/example_dags/example_branch_operator.py took 0.356 seconds
[2024-10-01T00:08:07.491+0000] {processor.py:161} INFO - Started process (PID=1773) to work on /home/airflow/.local/lib/python3.8/site-packages/airflow/example_dags/example_branch_operator.py
[2024-10-01T00:08:07.493+0000] {processor.py:830} INFO - Processing file /home/airflow/.local/lib/python3.8/site-packages/airflow/example_dags/example_branch_operator.py for tasks to queue
[2024-10-01T00:08:07.497+0000] {logging_mixin.py:188} INFO - [2024-10-01T00:08:07.496+0000] {dagbag.py:538} INFO - Filling up the DagBag from /home/airflow/.local/lib/python3.8/site-packages/airflow/example_dags/example_branch_operator.py
[2024-10-01T00:08:07.561+0000] {processor.py:840} INFO - DAG(s) 'example_branch_operator' retrieved from /home/airflow/.local/lib/python3.8/site-packages/airflow/example_dags/example_branch_operator.py
[2024-10-01T00:08:07.658+0000] {logging_mixin.py:188} INFO - [2024-10-01T00:08:07.657+0000] {dag.py:3036} INFO - Sync 1 DAGs
[2024-10-01T00:08:07.719+0000] {logging_mixin.py:188} INFO - [2024-10-01T00:08:07.718+0000] {dag.py:3823} INFO - Setting next_dagrun for example_branch_operator to 2024-09-30 00:00:00+00:00, run_after=2024-10-01 00:00:00+00:00
[2024-10-01T00:08:07.764+0000] {processor.py:183} INFO - Processing /home/airflow/.local/lib/python3.8/site-packages/airflow/example_dags/example_branch_operator.py took 0.280 seconds
[2024-10-01T00:08:37.904+0000] {processor.py:161} INFO - Started process (PID=1839) to work on /home/airflow/.local/lib/python3.8/site-packages/airflow/example_dags/example_branch_operator.py
[2024-10-01T00:08:37.906+0000] {processor.py:830} INFO - Processing file /home/airflow/.local/lib/python3.8/site-packages/airflow/example_dags/example_branch_operator.py for tasks to queue
[2024-10-01T00:08:37.909+0000] {logging_mixin.py:188} INFO - [2024-10-01T00:08:37.909+0000] {dagbag.py:538} INFO - Filling up the DagBag from /home/airflow/.local/lib/python3.8/site-packages/airflow/example_dags/example_branch_operator.py
[2024-10-01T00:08:37.941+0000] {processor.py:840} INFO - DAG(s) 'example_branch_operator' retrieved from /home/airflow/.local/lib/python3.8/site-packages/airflow/example_dags/example_branch_operator.py
[2024-10-01T00:08:37.999+0000] {logging_mixin.py:188} INFO - [2024-10-01T00:08:37.999+0000] {dag.py:3036} INFO - Sync 1 DAGs
[2024-10-01T00:08:38.047+0000] {logging_mixin.py:188} INFO - [2024-10-01T00:08:38.046+0000] {dag.py:3823} INFO - Setting next_dagrun for example_branch_operator to 2024-09-30 00:00:00+00:00, run_after=2024-10-01 00:00:00+00:00
[2024-10-01T00:08:38.088+0000] {processor.py:183} INFO - Processing /home/airflow/.local/lib/python3.8/site-packages/airflow/example_dags/example_branch_operator.py took 0.190 seconds
[2024-10-01T00:09:08.527+0000] {processor.py:161} INFO - Started process (PID=1905) to work on /home/airflow/.local/lib/python3.8/site-packages/airflow/example_dags/example_branch_operator.py
[2024-10-01T00:09:08.532+0000] {processor.py:830} INFO - Processing file /home/airflow/.local/lib/python3.8/site-packages/airflow/example_dags/example_branch_operator.py for tasks to queue
[2024-10-01T00:09:08.542+0000] {logging_mixin.py:188} INFO - [2024-10-01T00:09:08.541+0000] {dagbag.py:538} INFO - Filling up the DagBag from /home/airflow/.local/lib/python3.8/site-packages/airflow/example_dags/example_branch_operator.py
[2024-10-01T00:09:08.670+0000] {processor.py:840} INFO - DAG(s) 'example_branch_operator' retrieved from /home/airflow/.local/lib/python3.8/site-packages/airflow/example_dags/example_branch_operator.py
[2024-10-01T00:09:08.899+0000] {logging_mixin.py:188} INFO - [2024-10-01T00:09:08.897+0000] {dag.py:3036} INFO - Sync 1 DAGs
[2024-10-01T00:09:09.066+0000] {logging_mixin.py:188} INFO - [2024-10-01T00:09:09.064+0000] {dag.py:3823} INFO - Setting next_dagrun for example_branch_operator to 2024-09-30 00:00:00+00:00, run_after=2024-10-01 00:00:00+00:00
[2024-10-01T00:09:09.212+0000] {processor.py:183} INFO - Processing /home/airflow/.local/lib/python3.8/site-packages/airflow/example_dags/example_branch_operator.py took 0.702 seconds
[2024-10-01T00:09:39.326+0000] {processor.py:161} INFO - Started process (PID=1971) to work on /home/airflow/.local/lib/python3.8/site-packages/airflow/example_dags/example_branch_operator.py
[2024-10-01T00:09:39.329+0000] {processor.py:830} INFO - Processing file /home/airflow/.local/lib/python3.8/site-packages/airflow/example_dags/example_branch_operator.py for tasks to queue
[2024-10-01T00:09:39.334+0000] {logging_mixin.py:188} INFO - [2024-10-01T00:09:39.333+0000] {dagbag.py:538} INFO - Filling up the DagBag from /home/airflow/.local/lib/python3.8/site-packages/airflow/example_dags/example_branch_operator.py
[2024-10-01T00:09:39.378+0000] {processor.py:840} INFO - DAG(s) 'example_branch_operator' retrieved from /home/airflow/.local/lib/python3.8/site-packages/airflow/example_dags/example_branch_operator.py
[2024-10-01T00:09:39.456+0000] {logging_mixin.py:188} INFO - [2024-10-01T00:09:39.455+0000] {dag.py:3036} INFO - Sync 1 DAGs
[2024-10-01T00:09:39.518+0000] {logging_mixin.py:188} INFO - [2024-10-01T00:09:39.517+0000] {dag.py:3823} INFO - Setting next_dagrun for example_branch_operator to 2024-09-30 00:00:00+00:00, run_after=2024-10-01 00:00:00+00:00
[2024-10-01T00:09:39.564+0000] {processor.py:183} INFO - Processing /home/airflow/.local/lib/python3.8/site-packages/airflow/example_dags/example_branch_operator.py took 0.249 seconds
[2024-10-01T00:10:15.877+0000] {processor.py:161} INFO - Started process (PID=2028) to work on /home/airflow/.local/lib/python3.8/site-packages/airflow/example_dags/example_branch_operator.py
[2024-10-01T00:10:15.892+0000] {processor.py:830} INFO - Processing file /home/airflow/.local/lib/python3.8/site-packages/airflow/example_dags/example_branch_operator.py for tasks to queue
[2024-10-01T00:10:15.927+0000] {logging_mixin.py:188} INFO - [2024-10-01T00:10:15.922+0000] {dagbag.py:538} INFO - Filling up the DagBag from /home/airflow/.local/lib/python3.8/site-packages/airflow/example_dags/example_branch_operator.py
[2024-10-01T00:10:16.293+0000] {processor.py:840} INFO - DAG(s) 'example_branch_operator' retrieved from /home/airflow/.local/lib/python3.8/site-packages/airflow/example_dags/example_branch_operator.py
[2024-10-01T00:10:16.782+0000] {logging_mixin.py:188} INFO - [2024-10-01T00:10:16.779+0000] {dag.py:3036} INFO - Sync 1 DAGs
[2024-10-01T00:10:17.281+0000] {logging_mixin.py:188} INFO - [2024-10-01T00:10:17.278+0000] {dag.py:3823} INFO - Setting next_dagrun for example_branch_operator to 2024-09-30 00:00:00+00:00, run_after=2024-10-01 00:00:00+00:00
[2024-10-01T00:10:17.628+0000] {processor.py:183} INFO - Processing /home/airflow/.local/lib/python3.8/site-packages/airflow/example_dags/example_branch_operator.py took 1.810 seconds
[2024-10-01T00:10:57.922+0000] {processor.py:161} INFO - Started process (PID=2091) to work on /home/airflow/.local/lib/python3.8/site-packages/airflow/example_dags/example_branch_operator.py
[2024-10-01T00:10:57.933+0000] {processor.py:830} INFO - Processing file /home/airflow/.local/lib/python3.8/site-packages/airflow/example_dags/example_branch_operator.py for tasks to queue
[2024-10-01T00:10:57.956+0000] {logging_mixin.py:188} INFO - [2024-10-01T00:10:57.953+0000] {dagbag.py:538} INFO - Filling up the DagBag from /home/airflow/.local/lib/python3.8/site-packages/airflow/example_dags/example_branch_operator.py
[2024-10-01T00:10:58.229+0000] {processor.py:840} INFO - DAG(s) 'example_branch_operator' retrieved from /home/airflow/.local/lib/python3.8/site-packages/airflow/example_dags/example_branch_operator.py
[2024-10-01T00:10:58.585+0000] {logging_mixin.py:188} INFO - [2024-10-01T00:10:58.583+0000] {dag.py:3036} INFO - Sync 1 DAGs
[2024-10-01T00:10:58.900+0000] {logging_mixin.py:188} INFO - [2024-10-01T00:10:58.897+0000] {dag.py:3823} INFO - Setting next_dagrun for example_branch_operator to 2024-09-30 00:00:00+00:00, run_after=2024-10-01 00:00:00+00:00
[2024-10-01T00:10:59.098+0000] {processor.py:183} INFO - Processing /home/airflow/.local/lib/python3.8/site-packages/airflow/example_dags/example_branch_operator.py took 1.216 seconds
[2024-10-01T00:11:37.152+0000] {processor.py:161} INFO - Started process (PID=2157) to work on /home/airflow/.local/lib/python3.8/site-packages/airflow/example_dags/example_branch_operator.py
[2024-10-01T00:11:37.161+0000] {processor.py:830} INFO - Processing file /home/airflow/.local/lib/python3.8/site-packages/airflow/example_dags/example_branch_operator.py for tasks to queue
[2024-10-01T00:11:37.177+0000] {logging_mixin.py:188} INFO - [2024-10-01T00:11:37.174+0000] {dagbag.py:538} INFO - Filling up the DagBag from /home/airflow/.local/lib/python3.8/site-packages/airflow/example_dags/example_branch_operator.py
[2024-10-01T00:11:37.413+0000] {processor.py:840} INFO - DAG(s) 'example_branch_operator' retrieved from /home/airflow/.local/lib/python3.8/site-packages/airflow/example_dags/example_branch_operator.py
[2024-10-01T00:11:37.670+0000] {logging_mixin.py:188} INFO - [2024-10-01T00:11:37.667+0000] {dag.py:3036} INFO - Sync 1 DAGs
[2024-10-01T00:11:37.916+0000] {logging_mixin.py:188} INFO - [2024-10-01T00:11:37.913+0000] {dag.py:3823} INFO - Setting next_dagrun for example_branch_operator to 2024-09-30 00:00:00+00:00, run_after=2024-10-01 00:00:00+00:00
[2024-10-01T00:11:38.878+0000] {processor.py:183} INFO - Processing /home/airflow/.local/lib/python3.8/site-packages/airflow/example_dags/example_branch_operator.py took 1.755 seconds
[2024-10-01T00:12:09.591+0000] {processor.py:161} INFO - Started process (PID=2222) to work on /home/airflow/.local/lib/python3.8/site-packages/airflow/example_dags/example_branch_operator.py
[2024-10-01T00:12:09.600+0000] {processor.py:830} INFO - Processing file /home/airflow/.local/lib/python3.8/site-packages/airflow/example_dags/example_branch_operator.py for tasks to queue
[2024-10-01T00:12:09.623+0000] {logging_mixin.py:188} INFO - [2024-10-01T00:12:09.619+0000] {dagbag.py:538} INFO - Filling up the DagBag from /home/airflow/.local/lib/python3.8/site-packages/airflow/example_dags/example_branch_operator.py
[2024-10-01T00:12:09.828+0000] {processor.py:840} INFO - DAG(s) 'example_branch_operator' retrieved from /home/airflow/.local/lib/python3.8/site-packages/airflow/example_dags/example_branch_operator.py
[2024-10-01T00:12:10.128+0000] {logging_mixin.py:188} INFO - [2024-10-01T00:12:10.126+0000] {dag.py:3036} INFO - Sync 1 DAGs
[2024-10-01T00:12:10.507+0000] {logging_mixin.py:188} INFO - [2024-10-01T00:12:10.505+0000] {dag.py:3823} INFO - Setting next_dagrun for example_branch_operator to 2024-09-30 00:00:00+00:00, run_after=2024-10-01 00:00:00+00:00
[2024-10-01T00:12:10.774+0000] {processor.py:183} INFO - Processing /home/airflow/.local/lib/python3.8/site-packages/airflow/example_dags/example_branch_operator.py took 1.226 seconds
[2024-10-01T00:12:40.976+0000] {processor.py:161} INFO - Started process (PID=2281) to work on /home/airflow/.local/lib/python3.8/site-packages/airflow/example_dags/example_branch_operator.py
[2024-10-01T00:12:40.982+0000] {processor.py:830} INFO - Processing file /home/airflow/.local/lib/python3.8/site-packages/airflow/example_dags/example_branch_operator.py for tasks to queue
[2024-10-01T00:12:40.987+0000] {logging_mixin.py:188} INFO - [2024-10-01T00:12:40.986+0000] {dagbag.py:538} INFO - Filling up the DagBag from /home/airflow/.local/lib/python3.8/site-packages/airflow/example_dags/example_branch_operator.py
[2024-10-01T00:12:41.037+0000] {processor.py:840} INFO - DAG(s) 'example_branch_operator' retrieved from /home/airflow/.local/lib/python3.8/site-packages/airflow/example_dags/example_branch_operator.py
[2024-10-01T00:12:41.119+0000] {logging_mixin.py:188} INFO - [2024-10-01T00:12:41.118+0000] {dag.py:3036} INFO - Sync 1 DAGs
[2024-10-01T00:12:41.197+0000] {logging_mixin.py:188} INFO - [2024-10-01T00:12:41.196+0000] {dag.py:3823} INFO - Setting next_dagrun for example_branch_operator to 2024-09-30 00:00:00+00:00, run_after=2024-10-01 00:00:00+00:00
[2024-10-01T00:12:41.252+0000] {processor.py:183} INFO - Processing /home/airflow/.local/lib/python3.8/site-packages/airflow/example_dags/example_branch_operator.py took 0.286 seconds
[2024-10-01T00:13:11.972+0000] {processor.py:161} INFO - Started process (PID=2347) to work on /home/airflow/.local/lib/python3.8/site-packages/airflow/example_dags/example_branch_operator.py
[2024-10-01T00:13:11.975+0000] {processor.py:830} INFO - Processing file /home/airflow/.local/lib/python3.8/site-packages/airflow/example_dags/example_branch_operator.py for tasks to queue
[2024-10-01T00:13:11.983+0000] {logging_mixin.py:188} INFO - [2024-10-01T00:13:11.981+0000] {dagbag.py:538} INFO - Filling up the DagBag from /home/airflow/.local/lib/python3.8/site-packages/airflow/example_dags/example_branch_operator.py
[2024-10-01T00:13:12.053+0000] {processor.py:840} INFO - DAG(s) 'example_branch_operator' retrieved from /home/airflow/.local/lib/python3.8/site-packages/airflow/example_dags/example_branch_operator.py
[2024-10-01T00:13:12.152+0000] {logging_mixin.py:188} INFO - [2024-10-01T00:13:12.152+0000] {dag.py:3036} INFO - Sync 1 DAGs
[2024-10-01T00:13:12.240+0000] {logging_mixin.py:188} INFO - [2024-10-01T00:13:12.239+0000] {dag.py:3823} INFO - Setting next_dagrun for example_branch_operator to 2024-09-30 00:00:00+00:00, run_after=2024-10-01 00:00:00+00:00
[2024-10-01T00:13:12.683+0000] {processor.py:183} INFO - Processing /home/airflow/.local/lib/python3.8/site-packages/airflow/example_dags/example_branch_operator.py took 0.725 seconds
[2024-10-01T00:13:42.852+0000] {processor.py:161} INFO - Started process (PID=2414) to work on /home/airflow/.local/lib/python3.8/site-packages/airflow/example_dags/example_branch_operator.py
[2024-10-01T00:13:42.854+0000] {processor.py:830} INFO - Processing file /home/airflow/.local/lib/python3.8/site-packages/airflow/example_dags/example_branch_operator.py for tasks to queue
[2024-10-01T00:13:42.857+0000] {logging_mixin.py:188} INFO - [2024-10-01T00:13:42.857+0000] {dagbag.py:538} INFO - Filling up the DagBag from /home/airflow/.local/lib/python3.8/site-packages/airflow/example_dags/example_branch_operator.py
[2024-10-01T00:13:42.892+0000] {processor.py:840} INFO - DAG(s) 'example_branch_operator' retrieved from /home/airflow/.local/lib/python3.8/site-packages/airflow/example_dags/example_branch_operator.py
[2024-10-01T00:13:42.949+0000] {logging_mixin.py:188} INFO - [2024-10-01T00:13:42.949+0000] {dag.py:3036} INFO - Sync 1 DAGs
[2024-10-01T00:13:42.995+0000] {logging_mixin.py:188} INFO - [2024-10-01T00:13:42.995+0000] {dag.py:3823} INFO - Setting next_dagrun for example_branch_operator to 2024-09-30 00:00:00+00:00, run_after=2024-10-01 00:00:00+00:00
[2024-10-01T00:13:43.031+0000] {processor.py:183} INFO - Processing /home/airflow/.local/lib/python3.8/site-packages/airflow/example_dags/example_branch_operator.py took 0.186 seconds
[2024-10-01T00:14:13.463+0000] {processor.py:161} INFO - Started process (PID=2479) to work on /home/airflow/.local/lib/python3.8/site-packages/airflow/example_dags/example_branch_operator.py
[2024-10-01T00:14:13.466+0000] {processor.py:830} INFO - Processing file /home/airflow/.local/lib/python3.8/site-packages/airflow/example_dags/example_branch_operator.py for tasks to queue
[2024-10-01T00:14:13.472+0000] {logging_mixin.py:188} INFO - [2024-10-01T00:14:13.471+0000] {dagbag.py:538} INFO - Filling up the DagBag from /home/airflow/.local/lib/python3.8/site-packages/airflow/example_dags/example_branch_operator.py
[2024-10-01T00:14:13.527+0000] {processor.py:840} INFO - DAG(s) 'example_branch_operator' retrieved from /home/airflow/.local/lib/python3.8/site-packages/airflow/example_dags/example_branch_operator.py
[2024-10-01T00:14:13.607+0000] {logging_mixin.py:188} INFO - [2024-10-01T00:14:13.607+0000] {dag.py:3036} INFO - Sync 1 DAGs
[2024-10-01T00:14:13.676+0000] {logging_mixin.py:188} INFO - [2024-10-01T00:14:13.675+0000] {dag.py:3823} INFO - Setting next_dagrun for example_branch_operator to 2024-09-30 00:00:00+00:00, run_after=2024-10-01 00:00:00+00:00
[2024-10-01T00:14:13.730+0000] {processor.py:183} INFO - Processing /home/airflow/.local/lib/python3.8/site-packages/airflow/example_dags/example_branch_operator.py took 0.278 seconds
[2024-10-01T00:14:44.382+0000] {processor.py:161} INFO - Started process (PID=2546) to work on /home/airflow/.local/lib/python3.8/site-packages/airflow/example_dags/example_branch_operator.py
[2024-10-01T00:14:44.384+0000] {processor.py:830} INFO - Processing file /home/airflow/.local/lib/python3.8/site-packages/airflow/example_dags/example_branch_operator.py for tasks to queue
[2024-10-01T00:14:44.388+0000] {logging_mixin.py:188} INFO - [2024-10-01T00:14:44.387+0000] {dagbag.py:538} INFO - Filling up the DagBag from /home/airflow/.local/lib/python3.8/site-packages/airflow/example_dags/example_branch_operator.py
[2024-10-01T00:14:44.437+0000] {processor.py:840} INFO - DAG(s) 'example_branch_operator' retrieved from /home/airflow/.local/lib/python3.8/site-packages/airflow/example_dags/example_branch_operator.py
[2024-10-01T00:14:44.494+0000] {logging_mixin.py:188} INFO - [2024-10-01T00:14:44.493+0000] {dag.py:3036} INFO - Sync 1 DAGs
[2024-10-01T00:14:44.795+0000] {logging_mixin.py:188} INFO - [2024-10-01T00:14:44.794+0000] {dag.py:3823} INFO - Setting next_dagrun for example_branch_operator to 2024-09-30 00:00:00+00:00, run_after=2024-10-01 00:00:00+00:00
[2024-10-01T00:14:44.838+0000] {processor.py:183} INFO - Processing /home/airflow/.local/lib/python3.8/site-packages/airflow/example_dags/example_branch_operator.py took 0.463 seconds
[2024-10-01T00:15:15.051+0000] {processor.py:161} INFO - Started process (PID=2613) to work on /home/airflow/.local/lib/python3.8/site-packages/airflow/example_dags/example_branch_operator.py
[2024-10-01T00:15:15.054+0000] {processor.py:830} INFO - Processing file /home/airflow/.local/lib/python3.8/site-packages/airflow/example_dags/example_branch_operator.py for tasks to queue
[2024-10-01T00:15:15.058+0000] {logging_mixin.py:188} INFO - [2024-10-01T00:15:15.057+0000] {dagbag.py:538} INFO - Filling up the DagBag from /home/airflow/.local/lib/python3.8/site-packages/airflow/example_dags/example_branch_operator.py
[2024-10-01T00:15:15.098+0000] {processor.py:840} INFO - DAG(s) 'example_branch_operator' retrieved from /home/airflow/.local/lib/python3.8/site-packages/airflow/example_dags/example_branch_operator.py
[2024-10-01T00:15:15.156+0000] {logging_mixin.py:188} INFO - [2024-10-01T00:15:15.156+0000] {dag.py:3036} INFO - Sync 1 DAGs
[2024-10-01T00:15:15.205+0000] {logging_mixin.py:188} INFO - [2024-10-01T00:15:15.205+0000] {dag.py:3823} INFO - Setting next_dagrun for example_branch_operator to 2024-09-30 00:00:00+00:00, run_after=2024-10-01 00:00:00+00:00
[2024-10-01T00:15:15.246+0000] {processor.py:183} INFO - Processing /home/airflow/.local/lib/python3.8/site-packages/airflow/example_dags/example_branch_operator.py took 0.202 seconds
[2024-10-01T00:15:50.085+0000] {processor.py:161} INFO - Started process (PID=2675) to work on /home/airflow/.local/lib/python3.8/site-packages/airflow/example_dags/example_branch_operator.py
[2024-10-01T00:15:50.092+0000] {processor.py:830} INFO - Processing file /home/airflow/.local/lib/python3.8/site-packages/airflow/example_dags/example_branch_operator.py for tasks to queue
[2024-10-01T00:15:50.104+0000] {logging_mixin.py:188} INFO - [2024-10-01T00:15:50.102+0000] {dagbag.py:538} INFO - Filling up the DagBag from /home/airflow/.local/lib/python3.8/site-packages/airflow/example_dags/example_branch_operator.py
[2024-10-01T00:15:50.238+0000] {processor.py:840} INFO - DAG(s) 'example_branch_operator' retrieved from /home/airflow/.local/lib/python3.8/site-packages/airflow/example_dags/example_branch_operator.py
[2024-10-01T00:15:50.449+0000] {logging_mixin.py:188} INFO - [2024-10-01T00:15:50.447+0000] {dag.py:3036} INFO - Sync 1 DAGs
[2024-10-01T00:15:50.664+0000] {logging_mixin.py:188} INFO - [2024-10-01T00:15:50.661+0000] {dag.py:3823} INFO - Setting next_dagrun for example_branch_operator to 2024-09-30 00:00:00+00:00, run_after=2024-10-01 00:00:00+00:00
[2024-10-01T00:15:50.798+0000] {processor.py:183} INFO - Processing /home/airflow/.local/lib/python3.8/site-packages/airflow/example_dags/example_branch_operator.py took 0.743 seconds
[2024-10-01T00:16:36.544+0000] {processor.py:161} INFO - Started process (PID=2749) to work on /home/airflow/.local/lib/python3.8/site-packages/airflow/example_dags/example_branch_operator.py
[2024-10-01T00:16:36.549+0000] {processor.py:830} INFO - Processing file /home/airflow/.local/lib/python3.8/site-packages/airflow/example_dags/example_branch_operator.py for tasks to queue
[2024-10-01T00:16:36.555+0000] {logging_mixin.py:188} INFO - [2024-10-01T00:16:36.554+0000] {dagbag.py:538} INFO - Filling up the DagBag from /home/airflow/.local/lib/python3.8/site-packages/airflow/example_dags/example_branch_operator.py
[2024-10-01T00:16:36.849+0000] {processor.py:840} INFO - DAG(s) 'example_branch_operator' retrieved from /home/airflow/.local/lib/python3.8/site-packages/airflow/example_dags/example_branch_operator.py
[2024-10-01T00:16:36.898+0000] {logging_mixin.py:188} INFO - [2024-10-01T00:16:36.898+0000] {dag.py:3036} INFO - Sync 1 DAGs
[2024-10-01T00:16:36.941+0000] {logging_mixin.py:188} INFO - [2024-10-01T00:16:36.941+0000] {dag.py:3823} INFO - Setting next_dagrun for example_branch_operator to 2024-09-30 00:00:00+00:00, run_after=2024-10-01 00:00:00+00:00
[2024-10-01T00:16:36.980+0000] {processor.py:183} INFO - Processing /home/airflow/.local/lib/python3.8/site-packages/airflow/example_dags/example_branch_operator.py took 0.448 seconds
[2024-10-01T00:17:07.325+0000] {processor.py:161} INFO - Started process (PID=2816) to work on /home/airflow/.local/lib/python3.8/site-packages/airflow/example_dags/example_branch_operator.py
[2024-10-01T00:17:07.327+0000] {processor.py:830} INFO - Processing file /home/airflow/.local/lib/python3.8/site-packages/airflow/example_dags/example_branch_operator.py for tasks to queue
[2024-10-01T00:17:07.330+0000] {logging_mixin.py:188} INFO - [2024-10-01T00:17:07.330+0000] {dagbag.py:538} INFO - Filling up the DagBag from /home/airflow/.local/lib/python3.8/site-packages/airflow/example_dags/example_branch_operator.py
[2024-10-01T00:17:07.378+0000] {processor.py:840} INFO - DAG(s) 'example_branch_operator' retrieved from /home/airflow/.local/lib/python3.8/site-packages/airflow/example_dags/example_branch_operator.py
[2024-10-01T00:17:07.446+0000] {logging_mixin.py:188} INFO - [2024-10-01T00:17:07.445+0000] {dag.py:3036} INFO - Sync 1 DAGs
[2024-10-01T00:17:07.489+0000] {logging_mixin.py:188} INFO - [2024-10-01T00:17:07.489+0000] {dag.py:3823} INFO - Setting next_dagrun for example_branch_operator to 2024-09-30 00:00:00+00:00, run_after=2024-10-01 00:00:00+00:00
[2024-10-01T00:17:07.527+0000] {processor.py:183} INFO - Processing /home/airflow/.local/lib/python3.8/site-packages/airflow/example_dags/example_branch_operator.py took 0.209 seconds
[2024-10-01T00:17:37.837+0000] {processor.py:161} INFO - Started process (PID=2882) to work on /home/airflow/.local/lib/python3.8/site-packages/airflow/example_dags/example_branch_operator.py
[2024-10-01T00:17:37.840+0000] {processor.py:830} INFO - Processing file /home/airflow/.local/lib/python3.8/site-packages/airflow/example_dags/example_branch_operator.py for tasks to queue
[2024-10-01T00:17:37.843+0000] {logging_mixin.py:188} INFO - [2024-10-01T00:17:37.842+0000] {dagbag.py:538} INFO - Filling up the DagBag from /home/airflow/.local/lib/python3.8/site-packages/airflow/example_dags/example_branch_operator.py
[2024-10-01T00:17:37.885+0000] {processor.py:840} INFO - DAG(s) 'example_branch_operator' retrieved from /home/airflow/.local/lib/python3.8/site-packages/airflow/example_dags/example_branch_operator.py
[2024-10-01T00:17:37.946+0000] {logging_mixin.py:188} INFO - [2024-10-01T00:17:37.946+0000] {dag.py:3036} INFO - Sync 1 DAGs
[2024-10-01T00:17:37.997+0000] {logging_mixin.py:188} INFO - [2024-10-01T00:17:37.996+0000] {dag.py:3823} INFO - Setting next_dagrun for example_branch_operator to 2024-09-30 00:00:00+00:00, run_after=2024-10-01 00:00:00+00:00
[2024-10-01T00:17:38.036+0000] {processor.py:183} INFO - Processing /home/airflow/.local/lib/python3.8/site-packages/airflow/example_dags/example_branch_operator.py took 0.207 seconds
[2024-10-01T00:18:08.137+0000] {processor.py:161} INFO - Started process (PID=2948) to work on /home/airflow/.local/lib/python3.8/site-packages/airflow/example_dags/example_branch_operator.py
[2024-10-01T00:18:08.139+0000] {processor.py:830} INFO - Processing file /home/airflow/.local/lib/python3.8/site-packages/airflow/example_dags/example_branch_operator.py for tasks to queue
[2024-10-01T00:18:08.142+0000] {logging_mixin.py:188} INFO - [2024-10-01T00:18:08.142+0000] {dagbag.py:538} INFO - Filling up the DagBag from /home/airflow/.local/lib/python3.8/site-packages/airflow/example_dags/example_branch_operator.py
[2024-10-01T00:18:08.174+0000] {processor.py:840} INFO - DAG(s) 'example_branch_operator' retrieved from /home/airflow/.local/lib/python3.8/site-packages/airflow/example_dags/example_branch_operator.py
[2024-10-01T00:18:08.215+0000] {logging_mixin.py:188} INFO - [2024-10-01T00:18:08.214+0000] {dag.py:3036} INFO - Sync 1 DAGs
[2024-10-01T00:18:08.242+0000] {logging_mixin.py:188} INFO - [2024-10-01T00:18:08.242+0000] {dag.py:3823} INFO - Setting next_dagrun for example_branch_operator to 2024-09-30 00:00:00+00:00, run_after=2024-10-01 00:00:00+00:00
[2024-10-01T00:18:08.265+0000] {processor.py:183} INFO - Processing /home/airflow/.local/lib/python3.8/site-packages/airflow/example_dags/example_branch_operator.py took 0.135 seconds
[2024-10-01T00:18:38.421+0000] {processor.py:161} INFO - Started process (PID=3014) to work on /home/airflow/.local/lib/python3.8/site-packages/airflow/example_dags/example_branch_operator.py
[2024-10-01T00:18:38.423+0000] {processor.py:830} INFO - Processing file /home/airflow/.local/lib/python3.8/site-packages/airflow/example_dags/example_branch_operator.py for tasks to queue
[2024-10-01T00:18:38.426+0000] {logging_mixin.py:188} INFO - [2024-10-01T00:18:38.425+0000] {dagbag.py:538} INFO - Filling up the DagBag from /home/airflow/.local/lib/python3.8/site-packages/airflow/example_dags/example_branch_operator.py
[2024-10-01T00:18:38.453+0000] {processor.py:840} INFO - DAG(s) 'example_branch_operator' retrieved from /home/airflow/.local/lib/python3.8/site-packages/airflow/example_dags/example_branch_operator.py
[2024-10-01T00:18:38.497+0000] {logging_mixin.py:188} INFO - [2024-10-01T00:18:38.497+0000] {dag.py:3036} INFO - Sync 1 DAGs
[2024-10-01T00:18:38.535+0000] {logging_mixin.py:188} INFO - [2024-10-01T00:18:38.535+0000] {dag.py:3823} INFO - Setting next_dagrun for example_branch_operator to 2024-09-30 00:00:00+00:00, run_after=2024-10-01 00:00:00+00:00
[2024-10-01T00:18:38.564+0000] {processor.py:183} INFO - Processing /home/airflow/.local/lib/python3.8/site-packages/airflow/example_dags/example_branch_operator.py took 0.148 seconds
[2024-10-01T00:19:08.699+0000] {processor.py:161} INFO - Started process (PID=3089) to work on /home/airflow/.local/lib/python3.8/site-packages/airflow/example_dags/example_branch_operator.py
[2024-10-01T00:19:08.701+0000] {processor.py:830} INFO - Processing file /home/airflow/.local/lib/python3.8/site-packages/airflow/example_dags/example_branch_operator.py for tasks to queue
[2024-10-01T00:19:08.704+0000] {logging_mixin.py:188} INFO - [2024-10-01T00:19:08.703+0000] {dagbag.py:538} INFO - Filling up the DagBag from /home/airflow/.local/lib/python3.8/site-packages/airflow/example_dags/example_branch_operator.py
[2024-10-01T00:19:08.737+0000] {processor.py:840} INFO - DAG(s) 'example_branch_operator' retrieved from /home/airflow/.local/lib/python3.8/site-packages/airflow/example_dags/example_branch_operator.py
[2024-10-01T00:19:08.795+0000] {logging_mixin.py:188} INFO - [2024-10-01T00:19:08.795+0000] {dag.py:3036} INFO - Sync 1 DAGs
[2024-10-01T00:19:08.845+0000] {logging_mixin.py:188} INFO - [2024-10-01T00:19:08.845+0000] {dag.py:3823} INFO - Setting next_dagrun for example_branch_operator to 2024-09-30 00:00:00+00:00, run_after=2024-10-01 00:00:00+00:00
[2024-10-01T00:19:08.882+0000] {processor.py:183} INFO - Processing /home/airflow/.local/lib/python3.8/site-packages/airflow/example_dags/example_branch_operator.py took 0.190 seconds
[2024-10-01T00:19:39.159+0000] {processor.py:161} INFO - Started process (PID=3156) to work on /home/airflow/.local/lib/python3.8/site-packages/airflow/example_dags/example_branch_operator.py
[2024-10-01T00:19:39.161+0000] {processor.py:830} INFO - Processing file /home/airflow/.local/lib/python3.8/site-packages/airflow/example_dags/example_branch_operator.py for tasks to queue
[2024-10-01T00:19:39.165+0000] {logging_mixin.py:188} INFO - [2024-10-01T00:19:39.164+0000] {dagbag.py:538} INFO - Filling up the DagBag from /home/airflow/.local/lib/python3.8/site-packages/airflow/example_dags/example_branch_operator.py
[2024-10-01T00:19:39.208+0000] {processor.py:840} INFO - DAG(s) 'example_branch_operator' retrieved from /home/airflow/.local/lib/python3.8/site-packages/airflow/example_dags/example_branch_operator.py
[2024-10-01T00:19:39.287+0000] {logging_mixin.py:188} INFO - [2024-10-01T00:19:39.286+0000] {dag.py:3036} INFO - Sync 1 DAGs
[2024-10-01T00:19:39.355+0000] {logging_mixin.py:188} INFO - [2024-10-01T00:19:39.354+0000] {dag.py:3823} INFO - Setting next_dagrun for example_branch_operator to 2024-09-30 00:00:00+00:00, run_after=2024-10-01 00:00:00+00:00
[2024-10-01T00:19:39.393+0000] {processor.py:183} INFO - Processing /home/airflow/.local/lib/python3.8/site-packages/airflow/example_dags/example_branch_operator.py took 0.242 seconds
[2024-10-01T00:20:09.677+0000] {processor.py:161} INFO - Started process (PID=3222) to work on /home/airflow/.local/lib/python3.8/site-packages/airflow/example_dags/example_branch_operator.py
[2024-10-01T00:20:09.679+0000] {processor.py:830} INFO - Processing file /home/airflow/.local/lib/python3.8/site-packages/airflow/example_dags/example_branch_operator.py for tasks to queue
[2024-10-01T00:20:09.683+0000] {logging_mixin.py:188} INFO - [2024-10-01T00:20:09.682+0000] {dagbag.py:538} INFO - Filling up the DagBag from /home/airflow/.local/lib/python3.8/site-packages/airflow/example_dags/example_branch_operator.py
[2024-10-01T00:20:09.720+0000] {processor.py:840} INFO - DAG(s) 'example_branch_operator' retrieved from /home/airflow/.local/lib/python3.8/site-packages/airflow/example_dags/example_branch_operator.py
[2024-10-01T00:20:09.794+0000] {logging_mixin.py:188} INFO - [2024-10-01T00:20:09.794+0000] {dag.py:3036} INFO - Sync 1 DAGs
[2024-10-01T00:20:09.852+0000] {logging_mixin.py:188} INFO - [2024-10-01T00:20:09.852+0000] {dag.py:3823} INFO - Setting next_dagrun for example_branch_operator to 2024-09-30 00:00:00+00:00, run_after=2024-10-01 00:00:00+00:00
[2024-10-01T00:20:09.898+0000] {processor.py:183} INFO - Processing /home/airflow/.local/lib/python3.8/site-packages/airflow/example_dags/example_branch_operator.py took 0.228 seconds
[2024-10-01T00:20:40.537+0000] {processor.py:161} INFO - Started process (PID=3288) to work on /home/airflow/.local/lib/python3.8/site-packages/airflow/example_dags/example_branch_operator.py
[2024-10-01T00:20:40.539+0000] {processor.py:830} INFO - Processing file /home/airflow/.local/lib/python3.8/site-packages/airflow/example_dags/example_branch_operator.py for tasks to queue
[2024-10-01T00:20:40.542+0000] {logging_mixin.py:188} INFO - [2024-10-01T00:20:40.541+0000] {dagbag.py:538} INFO - Filling up the DagBag from /home/airflow/.local/lib/python3.8/site-packages/airflow/example_dags/example_branch_operator.py
[2024-10-01T00:20:40.574+0000] {processor.py:840} INFO - DAG(s) 'example_branch_operator' retrieved from /home/airflow/.local/lib/python3.8/site-packages/airflow/example_dags/example_branch_operator.py
[2024-10-01T00:20:40.626+0000] {logging_mixin.py:188} INFO - [2024-10-01T00:20:40.626+0000] {dag.py:3036} INFO - Sync 1 DAGs
[2024-10-01T00:20:40.670+0000] {logging_mixin.py:188} INFO - [2024-10-01T00:20:40.669+0000] {dag.py:3823} INFO - Setting next_dagrun for example_branch_operator to 2024-09-30 00:00:00+00:00, run_after=2024-10-01 00:00:00+00:00
[2024-10-01T00:20:40.703+0000] {processor.py:183} INFO - Processing /home/airflow/.local/lib/python3.8/site-packages/airflow/example_dags/example_branch_operator.py took 0.171 seconds
[2024-10-01T00:21:11.326+0000] {processor.py:161} INFO - Started process (PID=3354) to work on /home/airflow/.local/lib/python3.8/site-packages/airflow/example_dags/example_branch_operator.py
[2024-10-01T00:21:11.329+0000] {processor.py:830} INFO - Processing file /home/airflow/.local/lib/python3.8/site-packages/airflow/example_dags/example_branch_operator.py for tasks to queue
[2024-10-01T00:21:11.332+0000] {logging_mixin.py:188} INFO - [2024-10-01T00:21:11.331+0000] {dagbag.py:538} INFO - Filling up the DagBag from /home/airflow/.local/lib/python3.8/site-packages/airflow/example_dags/example_branch_operator.py
[2024-10-01T00:21:11.362+0000] {processor.py:840} INFO - DAG(s) 'example_branch_operator' retrieved from /home/airflow/.local/lib/python3.8/site-packages/airflow/example_dags/example_branch_operator.py
[2024-10-01T00:21:11.427+0000] {logging_mixin.py:188} INFO - [2024-10-01T00:21:11.426+0000] {dag.py:3036} INFO - Sync 1 DAGs
[2024-10-01T00:21:11.499+0000] {logging_mixin.py:188} INFO - [2024-10-01T00:21:11.498+0000] {dag.py:3823} INFO - Setting next_dagrun for example_branch_operator to 2024-09-30 00:00:00+00:00, run_after=2024-10-01 00:00:00+00:00
[2024-10-01T00:21:11.550+0000] {processor.py:183} INFO - Processing /home/airflow/.local/lib/python3.8/site-packages/airflow/example_dags/example_branch_operator.py took 0.229 seconds
[2024-10-01T00:21:42.057+0000] {processor.py:161} INFO - Started process (PID=3420) to work on /home/airflow/.local/lib/python3.8/site-packages/airflow/example_dags/example_branch_operator.py
[2024-10-01T00:21:42.059+0000] {processor.py:830} INFO - Processing file /home/airflow/.local/lib/python3.8/site-packages/airflow/example_dags/example_branch_operator.py for tasks to queue
[2024-10-01T00:21:42.061+0000] {logging_mixin.py:188} INFO - [2024-10-01T00:21:42.061+0000] {dagbag.py:538} INFO - Filling up the DagBag from /home/airflow/.local/lib/python3.8/site-packages/airflow/example_dags/example_branch_operator.py
[2024-10-01T00:21:42.090+0000] {processor.py:840} INFO - DAG(s) 'example_branch_operator' retrieved from /home/airflow/.local/lib/python3.8/site-packages/airflow/example_dags/example_branch_operator.py
[2024-10-01T00:21:42.131+0000] {logging_mixin.py:188} INFO - [2024-10-01T00:21:42.131+0000] {dag.py:3036} INFO - Sync 1 DAGs
[2024-10-01T00:21:42.182+0000] {logging_mixin.py:188} INFO - [2024-10-01T00:21:42.182+0000] {dag.py:3823} INFO - Setting next_dagrun for example_branch_operator to 2024-09-30 00:00:00+00:00, run_after=2024-10-01 00:00:00+00:00
[2024-10-01T00:21:42.219+0000] {processor.py:183} INFO - Processing /home/airflow/.local/lib/python3.8/site-packages/airflow/example_dags/example_branch_operator.py took 0.168 seconds
[2024-10-01T00:22:12.697+0000] {processor.py:161} INFO - Started process (PID=3486) to work on /home/airflow/.local/lib/python3.8/site-packages/airflow/example_dags/example_branch_operator.py
[2024-10-01T00:22:12.699+0000] {processor.py:830} INFO - Processing file /home/airflow/.local/lib/python3.8/site-packages/airflow/example_dags/example_branch_operator.py for tasks to queue
[2024-10-01T00:22:12.701+0000] {logging_mixin.py:188} INFO - [2024-10-01T00:22:12.701+0000] {dagbag.py:538} INFO - Filling up the DagBag from /home/airflow/.local/lib/python3.8/site-packages/airflow/example_dags/example_branch_operator.py
[2024-10-01T00:22:12.728+0000] {processor.py:840} INFO - DAG(s) 'example_branch_operator' retrieved from /home/airflow/.local/lib/python3.8/site-packages/airflow/example_dags/example_branch_operator.py
[2024-10-01T00:22:12.775+0000] {logging_mixin.py:188} INFO - [2024-10-01T00:22:12.775+0000] {dag.py:3036} INFO - Sync 1 DAGs
[2024-10-01T00:22:12.807+0000] {logging_mixin.py:188} INFO - [2024-10-01T00:22:12.807+0000] {dag.py:3823} INFO - Setting next_dagrun for example_branch_operator to 2024-09-30 00:00:00+00:00, run_after=2024-10-01 00:00:00+00:00
[2024-10-01T00:22:12.832+0000] {processor.py:183} INFO - Processing /home/airflow/.local/lib/python3.8/site-packages/airflow/example_dags/example_branch_operator.py took 0.140 seconds
[2024-10-01T00:22:43.309+0000] {processor.py:161} INFO - Started process (PID=3553) to work on /home/airflow/.local/lib/python3.8/site-packages/airflow/example_dags/example_branch_operator.py
[2024-10-01T00:22:43.311+0000] {processor.py:830} INFO - Processing file /home/airflow/.local/lib/python3.8/site-packages/airflow/example_dags/example_branch_operator.py for tasks to queue
[2024-10-01T00:22:43.314+0000] {logging_mixin.py:188} INFO - [2024-10-01T00:22:43.314+0000] {dagbag.py:538} INFO - Filling up the DagBag from /home/airflow/.local/lib/python3.8/site-packages/airflow/example_dags/example_branch_operator.py
[2024-10-01T00:22:43.348+0000] {processor.py:840} INFO - DAG(s) 'example_branch_operator' retrieved from /home/airflow/.local/lib/python3.8/site-packages/airflow/example_dags/example_branch_operator.py
[2024-10-01T00:22:43.398+0000] {logging_mixin.py:188} INFO - [2024-10-01T00:22:43.397+0000] {dag.py:3036} INFO - Sync 1 DAGs
[2024-10-01T00:22:43.445+0000] {logging_mixin.py:188} INFO - [2024-10-01T00:22:43.444+0000] {dag.py:3823} INFO - Setting next_dagrun for example_branch_operator to 2024-09-30 00:00:00+00:00, run_after=2024-10-01 00:00:00+00:00
[2024-10-01T00:22:43.486+0000] {processor.py:183} INFO - Processing /home/airflow/.local/lib/python3.8/site-packages/airflow/example_dags/example_branch_operator.py took 0.185 seconds
[2024-10-01T00:23:13.940+0000] {processor.py:161} INFO - Started process (PID=3620) to work on /home/airflow/.local/lib/python3.8/site-packages/airflow/example_dags/example_branch_operator.py
[2024-10-01T00:23:13.944+0000] {processor.py:830} INFO - Processing file /home/airflow/.local/lib/python3.8/site-packages/airflow/example_dags/example_branch_operator.py for tasks to queue
[2024-10-01T00:23:13.948+0000] {logging_mixin.py:188} INFO - [2024-10-01T00:23:13.948+0000] {dagbag.py:538} INFO - Filling up the DagBag from /home/airflow/.local/lib/python3.8/site-packages/airflow/example_dags/example_branch_operator.py
[2024-10-01T00:23:14.012+0000] {processor.py:840} INFO - DAG(s) 'example_branch_operator' retrieved from /home/airflow/.local/lib/python3.8/site-packages/airflow/example_dags/example_branch_operator.py
[2024-10-01T00:23:14.080+0000] {logging_mixin.py:188} INFO - [2024-10-01T00:23:14.080+0000] {dag.py:3036} INFO - Sync 1 DAGs
[2024-10-01T00:23:14.130+0000] {logging_mixin.py:188} INFO - [2024-10-01T00:23:14.129+0000] {dag.py:3823} INFO - Setting next_dagrun for example_branch_operator to 2024-09-30 00:00:00+00:00, run_after=2024-10-01 00:00:00+00:00
[2024-10-01T00:23:14.167+0000] {processor.py:183} INFO - Processing /home/airflow/.local/lib/python3.8/site-packages/airflow/example_dags/example_branch_operator.py took 0.234 seconds
[2024-10-01T00:23:44.329+0000] {processor.py:161} INFO - Started process (PID=3694) to work on /home/airflow/.local/lib/python3.8/site-packages/airflow/example_dags/example_branch_operator.py
[2024-10-01T00:23:44.331+0000] {processor.py:830} INFO - Processing file /home/airflow/.local/lib/python3.8/site-packages/airflow/example_dags/example_branch_operator.py for tasks to queue
[2024-10-01T00:23:44.335+0000] {logging_mixin.py:188} INFO - [2024-10-01T00:23:44.334+0000] {dagbag.py:538} INFO - Filling up the DagBag from /home/airflow/.local/lib/python3.8/site-packages/airflow/example_dags/example_branch_operator.py
[2024-10-01T00:23:44.373+0000] {processor.py:840} INFO - DAG(s) 'example_branch_operator' retrieved from /home/airflow/.local/lib/python3.8/site-packages/airflow/example_dags/example_branch_operator.py
[2024-10-01T00:23:44.442+0000] {logging_mixin.py:188} INFO - [2024-10-01T00:23:44.441+0000] {dag.py:3036} INFO - Sync 1 DAGs
[2024-10-01T00:23:44.524+0000] {logging_mixin.py:188} INFO - [2024-10-01T00:23:44.523+0000] {dag.py:3823} INFO - Setting next_dagrun for example_branch_operator to 2024-09-30 00:00:00+00:00, run_after=2024-10-01 00:00:00+00:00
[2024-10-01T00:23:44.599+0000] {processor.py:183} INFO - Processing /home/airflow/.local/lib/python3.8/site-packages/airflow/example_dags/example_branch_operator.py took 0.279 seconds
[2024-10-01T00:24:15.238+0000] {processor.py:161} INFO - Started process (PID=3752) to work on /home/airflow/.local/lib/python3.8/site-packages/airflow/example_dags/example_branch_operator.py
[2024-10-01T00:24:15.241+0000] {processor.py:830} INFO - Processing file /home/airflow/.local/lib/python3.8/site-packages/airflow/example_dags/example_branch_operator.py for tasks to queue
[2024-10-01T00:24:15.246+0000] {logging_mixin.py:188} INFO - [2024-10-01T00:24:15.245+0000] {dagbag.py:538} INFO - Filling up the DagBag from /home/airflow/.local/lib/python3.8/site-packages/airflow/example_dags/example_branch_operator.py
[2024-10-01T00:24:15.299+0000] {processor.py:840} INFO - DAG(s) 'example_branch_operator' retrieved from /home/airflow/.local/lib/python3.8/site-packages/airflow/example_dags/example_branch_operator.py
[2024-10-01T00:24:15.385+0000] {logging_mixin.py:188} INFO - [2024-10-01T00:24:15.384+0000] {dag.py:3036} INFO - Sync 1 DAGs
[2024-10-01T00:24:15.470+0000] {logging_mixin.py:188} INFO - [2024-10-01T00:24:15.469+0000] {dag.py:3823} INFO - Setting next_dagrun for example_branch_operator to 2024-09-30 00:00:00+00:00, run_after=2024-10-01 00:00:00+00:00
[2024-10-01T00:24:15.531+0000] {processor.py:183} INFO - Processing /home/airflow/.local/lib/python3.8/site-packages/airflow/example_dags/example_branch_operator.py took 0.302 seconds
[2024-10-01T00:24:45.831+0000] {processor.py:161} INFO - Started process (PID=3818) to work on /home/airflow/.local/lib/python3.8/site-packages/airflow/example_dags/example_branch_operator.py
[2024-10-01T00:24:45.834+0000] {processor.py:830} INFO - Processing file /home/airflow/.local/lib/python3.8/site-packages/airflow/example_dags/example_branch_operator.py for tasks to queue
[2024-10-01T00:24:45.839+0000] {logging_mixin.py:188} INFO - [2024-10-01T00:24:45.838+0000] {dagbag.py:538} INFO - Filling up the DagBag from /home/airflow/.local/lib/python3.8/site-packages/airflow/example_dags/example_branch_operator.py
[2024-10-01T00:24:45.890+0000] {processor.py:840} INFO - DAG(s) 'example_branch_operator' retrieved from /home/airflow/.local/lib/python3.8/site-packages/airflow/example_dags/example_branch_operator.py
[2024-10-01T00:24:45.977+0000] {logging_mixin.py:188} INFO - [2024-10-01T00:24:45.976+0000] {dag.py:3036} INFO - Sync 1 DAGs
[2024-10-01T00:24:46.050+0000] {logging_mixin.py:188} INFO - [2024-10-01T00:24:46.049+0000] {dag.py:3823} INFO - Setting next_dagrun for example_branch_operator to 2024-09-30 00:00:00+00:00, run_after=2024-10-01 00:00:00+00:00
[2024-10-01T00:24:46.110+0000] {processor.py:183} INFO - Processing /home/airflow/.local/lib/python3.8/site-packages/airflow/example_dags/example_branch_operator.py took 0.288 seconds
[2024-10-01T00:25:16.523+0000] {processor.py:161} INFO - Started process (PID=3884) to work on /home/airflow/.local/lib/python3.8/site-packages/airflow/example_dags/example_branch_operator.py
[2024-10-01T00:25:16.526+0000] {processor.py:830} INFO - Processing file /home/airflow/.local/lib/python3.8/site-packages/airflow/example_dags/example_branch_operator.py for tasks to queue
[2024-10-01T00:25:16.531+0000] {logging_mixin.py:188} INFO - [2024-10-01T00:25:16.531+0000] {dagbag.py:538} INFO - Filling up the DagBag from /home/airflow/.local/lib/python3.8/site-packages/airflow/example_dags/example_branch_operator.py
[2024-10-01T00:25:16.590+0000] {processor.py:840} INFO - DAG(s) 'example_branch_operator' retrieved from /home/airflow/.local/lib/python3.8/site-packages/airflow/example_dags/example_branch_operator.py
[2024-10-01T00:25:16.683+0000] {logging_mixin.py:188} INFO - [2024-10-01T00:25:16.682+0000] {dag.py:3036} INFO - Sync 1 DAGs
[2024-10-01T00:25:16.756+0000] {logging_mixin.py:188} INFO - [2024-10-01T00:25:16.756+0000] {dag.py:3823} INFO - Setting next_dagrun for example_branch_operator to 2024-09-30 00:00:00+00:00, run_after=2024-10-01 00:00:00+00:00
[2024-10-01T00:25:16.814+0000] {processor.py:183} INFO - Processing /home/airflow/.local/lib/python3.8/site-packages/airflow/example_dags/example_branch_operator.py took 0.302 seconds
[2024-10-01T00:25:46.924+0000] {processor.py:161} INFO - Started process (PID=3950) to work on /home/airflow/.local/lib/python3.8/site-packages/airflow/example_dags/example_branch_operator.py
[2024-10-01T00:25:46.927+0000] {processor.py:830} INFO - Processing file /home/airflow/.local/lib/python3.8/site-packages/airflow/example_dags/example_branch_operator.py for tasks to queue
[2024-10-01T00:25:46.931+0000] {logging_mixin.py:188} INFO - [2024-10-01T00:25:46.930+0000] {dagbag.py:538} INFO - Filling up the DagBag from /home/airflow/.local/lib/python3.8/site-packages/airflow/example_dags/example_branch_operator.py
[2024-10-01T00:25:46.977+0000] {processor.py:840} INFO - DAG(s) 'example_branch_operator' retrieved from /home/airflow/.local/lib/python3.8/site-packages/airflow/example_dags/example_branch_operator.py
[2024-10-01T00:25:47.055+0000] {logging_mixin.py:188} INFO - [2024-10-01T00:25:47.055+0000] {dag.py:3036} INFO - Sync 1 DAGs
[2024-10-01T00:25:47.128+0000] {logging_mixin.py:188} INFO - [2024-10-01T00:25:47.127+0000] {dag.py:3823} INFO - Setting next_dagrun for example_branch_operator to 2024-09-30 00:00:00+00:00, run_after=2024-10-01 00:00:00+00:00
[2024-10-01T00:25:47.186+0000] {processor.py:183} INFO - Processing /home/airflow/.local/lib/python3.8/site-packages/airflow/example_dags/example_branch_operator.py took 0.271 seconds
[2024-10-01T00:26:17.335+0000] {processor.py:161} INFO - Started process (PID=4016) to work on /home/airflow/.local/lib/python3.8/site-packages/airflow/example_dags/example_branch_operator.py
[2024-10-01T00:26:17.337+0000] {processor.py:830} INFO - Processing file /home/airflow/.local/lib/python3.8/site-packages/airflow/example_dags/example_branch_operator.py for tasks to queue
[2024-10-01T00:26:17.340+0000] {logging_mixin.py:188} INFO - [2024-10-01T00:26:17.339+0000] {dagbag.py:538} INFO - Filling up the DagBag from /home/airflow/.local/lib/python3.8/site-packages/airflow/example_dags/example_branch_operator.py
[2024-10-01T00:26:17.369+0000] {processor.py:840} INFO - DAG(s) 'example_branch_operator' retrieved from /home/airflow/.local/lib/python3.8/site-packages/airflow/example_dags/example_branch_operator.py
[2024-10-01T00:26:17.416+0000] {logging_mixin.py:188} INFO - [2024-10-01T00:26:17.416+0000] {dag.py:3036} INFO - Sync 1 DAGs
[2024-10-01T00:26:17.457+0000] {logging_mixin.py:188} INFO - [2024-10-01T00:26:17.457+0000] {dag.py:3823} INFO - Setting next_dagrun for example_branch_operator to 2024-09-30 00:00:00+00:00, run_after=2024-10-01 00:00:00+00:00
[2024-10-01T00:26:17.490+0000] {processor.py:183} INFO - Processing /home/airflow/.local/lib/python3.8/site-packages/airflow/example_dags/example_branch_operator.py took 0.161 seconds
[2024-10-01T00:26:48.391+0000] {processor.py:161} INFO - Started process (PID=4082) to work on /home/airflow/.local/lib/python3.8/site-packages/airflow/example_dags/example_branch_operator.py
[2024-10-01T00:26:48.394+0000] {processor.py:830} INFO - Processing file /home/airflow/.local/lib/python3.8/site-packages/airflow/example_dags/example_branch_operator.py for tasks to queue
[2024-10-01T00:26:48.399+0000] {logging_mixin.py:188} INFO - [2024-10-01T00:26:48.398+0000] {dagbag.py:538} INFO - Filling up the DagBag from /home/airflow/.local/lib/python3.8/site-packages/airflow/example_dags/example_branch_operator.py
[2024-10-01T00:26:48.453+0000] {processor.py:840} INFO - DAG(s) 'example_branch_operator' retrieved from /home/airflow/.local/lib/python3.8/site-packages/airflow/example_dags/example_branch_operator.py
[2024-10-01T00:26:48.532+0000] {logging_mixin.py:188} INFO - [2024-10-01T00:26:48.531+0000] {dag.py:3036} INFO - Sync 1 DAGs
[2024-10-01T00:26:48.595+0000] {logging_mixin.py:188} INFO - [2024-10-01T00:26:48.595+0000] {dag.py:3823} INFO - Setting next_dagrun for example_branch_operator to 2024-09-30 00:00:00+00:00, run_after=2024-10-01 00:00:00+00:00
[2024-10-01T00:26:48.648+0000] {processor.py:183} INFO - Processing /home/airflow/.local/lib/python3.8/site-packages/airflow/example_dags/example_branch_operator.py took 0.267 seconds
[2024-10-01T00:27:19.274+0000] {processor.py:161} INFO - Started process (PID=4146) to work on /home/airflow/.local/lib/python3.8/site-packages/airflow/example_dags/example_branch_operator.py
[2024-10-01T00:27:19.277+0000] {processor.py:830} INFO - Processing file /home/airflow/.local/lib/python3.8/site-packages/airflow/example_dags/example_branch_operator.py for tasks to queue
[2024-10-01T00:27:19.282+0000] {logging_mixin.py:188} INFO - [2024-10-01T00:27:19.281+0000] {dagbag.py:538} INFO - Filling up the DagBag from /home/airflow/.local/lib/python3.8/site-packages/airflow/example_dags/example_branch_operator.py
[2024-10-01T00:27:19.330+0000] {processor.py:840} INFO - DAG(s) 'example_branch_operator' retrieved from /home/airflow/.local/lib/python3.8/site-packages/airflow/example_dags/example_branch_operator.py
[2024-10-01T00:27:19.403+0000] {logging_mixin.py:188} INFO - [2024-10-01T00:27:19.402+0000] {dag.py:3036} INFO - Sync 1 DAGs
[2024-10-01T00:27:19.471+0000] {logging_mixin.py:188} INFO - [2024-10-01T00:27:19.471+0000] {dag.py:3823} INFO - Setting next_dagrun for example_branch_operator to 2024-09-30 00:00:00+00:00, run_after=2024-10-01 00:00:00+00:00
[2024-10-01T00:27:19.520+0000] {processor.py:183} INFO - Processing /home/airflow/.local/lib/python3.8/site-packages/airflow/example_dags/example_branch_operator.py took 0.255 seconds
[2024-10-01T00:27:50.370+0000] {processor.py:161} INFO - Started process (PID=4212) to work on /home/airflow/.local/lib/python3.8/site-packages/airflow/example_dags/example_branch_operator.py
[2024-10-01T00:27:50.377+0000] {processor.py:830} INFO - Processing file /home/airflow/.local/lib/python3.8/site-packages/airflow/example_dags/example_branch_operator.py for tasks to queue
[2024-10-01T00:27:50.385+0000] {logging_mixin.py:188} INFO - [2024-10-01T00:27:50.383+0000] {dagbag.py:538} INFO - Filling up the DagBag from /home/airflow/.local/lib/python3.8/site-packages/airflow/example_dags/example_branch_operator.py
[2024-10-01T00:27:50.477+0000] {processor.py:840} INFO - DAG(s) 'example_branch_operator' retrieved from /home/airflow/.local/lib/python3.8/site-packages/airflow/example_dags/example_branch_operator.py
[2024-10-01T00:27:50.599+0000] {logging_mixin.py:188} INFO - [2024-10-01T00:27:50.598+0000] {dag.py:3036} INFO - Sync 1 DAGs
[2024-10-01T00:27:50.708+0000] {logging_mixin.py:188} INFO - [2024-10-01T00:27:50.707+0000] {dag.py:3823} INFO - Setting next_dagrun for example_branch_operator to 2024-09-30 00:00:00+00:00, run_after=2024-10-01 00:00:00+00:00
[2024-10-01T00:27:50.793+0000] {processor.py:183} INFO - Processing /home/airflow/.local/lib/python3.8/site-packages/airflow/example_dags/example_branch_operator.py took 0.441 seconds
[2024-10-01T00:28:21.616+0000] {processor.py:161} INFO - Started process (PID=4278) to work on /home/airflow/.local/lib/python3.8/site-packages/airflow/example_dags/example_branch_operator.py
[2024-10-01T00:28:21.620+0000] {processor.py:830} INFO - Processing file /home/airflow/.local/lib/python3.8/site-packages/airflow/example_dags/example_branch_operator.py for tasks to queue
[2024-10-01T00:28:21.623+0000] {logging_mixin.py:188} INFO - [2024-10-01T00:28:21.623+0000] {dagbag.py:538} INFO - Filling up the DagBag from /home/airflow/.local/lib/python3.8/site-packages/airflow/example_dags/example_branch_operator.py
[2024-10-01T00:28:21.664+0000] {processor.py:840} INFO - DAG(s) 'example_branch_operator' retrieved from /home/airflow/.local/lib/python3.8/site-packages/airflow/example_dags/example_branch_operator.py
[2024-10-01T00:28:21.724+0000] {logging_mixin.py:188} INFO - [2024-10-01T00:28:21.724+0000] {dag.py:3036} INFO - Sync 1 DAGs
[2024-10-01T00:28:21.778+0000] {logging_mixin.py:188} INFO - [2024-10-01T00:28:21.778+0000] {dag.py:3823} INFO - Setting next_dagrun for example_branch_operator to 2024-09-30 00:00:00+00:00, run_after=2024-10-01 00:00:00+00:00
[2024-10-01T00:28:21.819+0000] {processor.py:183} INFO - Processing /home/airflow/.local/lib/python3.8/site-packages/airflow/example_dags/example_branch_operator.py took 0.211 seconds
[2024-10-01T00:28:52.259+0000] {processor.py:161} INFO - Started process (PID=4344) to work on /home/airflow/.local/lib/python3.8/site-packages/airflow/example_dags/example_branch_operator.py
[2024-10-01T00:28:52.275+0000] {processor.py:830} INFO - Processing file /home/airflow/.local/lib/python3.8/site-packages/airflow/example_dags/example_branch_operator.py for tasks to queue
[2024-10-01T00:28:52.280+0000] {logging_mixin.py:188} INFO - [2024-10-01T00:28:52.279+0000] {dagbag.py:538} INFO - Filling up the DagBag from /home/airflow/.local/lib/python3.8/site-packages/airflow/example_dags/example_branch_operator.py
[2024-10-01T00:28:52.324+0000] {processor.py:840} INFO - DAG(s) 'example_branch_operator' retrieved from /home/airflow/.local/lib/python3.8/site-packages/airflow/example_dags/example_branch_operator.py
[2024-10-01T00:28:52.407+0000] {logging_mixin.py:188} INFO - [2024-10-01T00:28:52.406+0000] {dag.py:3036} INFO - Sync 1 DAGs
[2024-10-01T00:28:52.493+0000] {logging_mixin.py:188} INFO - [2024-10-01T00:28:52.493+0000] {dag.py:3823} INFO - Setting next_dagrun for example_branch_operator to 2024-09-30 00:00:00+00:00, run_after=2024-10-01 00:00:00+00:00
[2024-10-01T00:28:52.549+0000] {processor.py:183} INFO - Processing /home/airflow/.local/lib/python3.8/site-packages/airflow/example_dags/example_branch_operator.py took 0.298 seconds
[2024-10-01T00:29:22.928+0000] {processor.py:161} INFO - Started process (PID=4402) to work on /home/airflow/.local/lib/python3.8/site-packages/airflow/example_dags/example_branch_operator.py
[2024-10-01T00:29:22.931+0000] {processor.py:830} INFO - Processing file /home/airflow/.local/lib/python3.8/site-packages/airflow/example_dags/example_branch_operator.py for tasks to queue
[2024-10-01T00:29:22.936+0000] {logging_mixin.py:188} INFO - [2024-10-01T00:29:22.935+0000] {dagbag.py:538} INFO - Filling up the DagBag from /home/airflow/.local/lib/python3.8/site-packages/airflow/example_dags/example_branch_operator.py
[2024-10-01T00:29:22.984+0000] {processor.py:840} INFO - DAG(s) 'example_branch_operator' retrieved from /home/airflow/.local/lib/python3.8/site-packages/airflow/example_dags/example_branch_operator.py
[2024-10-01T00:29:23.063+0000] {logging_mixin.py:188} INFO - [2024-10-01T00:29:23.062+0000] {dag.py:3036} INFO - Sync 1 DAGs
[2024-10-01T00:29:23.130+0000] {logging_mixin.py:188} INFO - [2024-10-01T00:29:23.129+0000] {dag.py:3823} INFO - Setting next_dagrun for example_branch_operator to 2024-09-30 00:00:00+00:00, run_after=2024-10-01 00:00:00+00:00
[2024-10-01T00:29:23.186+0000] {processor.py:183} INFO - Processing /home/airflow/.local/lib/python3.8/site-packages/airflow/example_dags/example_branch_operator.py took 0.269 seconds
[2024-10-01T00:29:53.832+0000] {processor.py:161} INFO - Started process (PID=4468) to work on /home/airflow/.local/lib/python3.8/site-packages/airflow/example_dags/example_branch_operator.py
[2024-10-01T00:29:53.837+0000] {processor.py:830} INFO - Processing file /home/airflow/.local/lib/python3.8/site-packages/airflow/example_dags/example_branch_operator.py for tasks to queue
[2024-10-01T00:29:53.841+0000] {logging_mixin.py:188} INFO - [2024-10-01T00:29:53.841+0000] {dagbag.py:538} INFO - Filling up the DagBag from /home/airflow/.local/lib/python3.8/site-packages/airflow/example_dags/example_branch_operator.py
[2024-10-01T00:29:53.888+0000] {processor.py:840} INFO - DAG(s) 'example_branch_operator' retrieved from /home/airflow/.local/lib/python3.8/site-packages/airflow/example_dags/example_branch_operator.py
[2024-10-01T00:29:53.963+0000] {logging_mixin.py:188} INFO - [2024-10-01T00:29:53.962+0000] {dag.py:3036} INFO - Sync 1 DAGs
[2024-10-01T00:29:54.035+0000] {logging_mixin.py:188} INFO - [2024-10-01T00:29:54.034+0000] {dag.py:3823} INFO - Setting next_dagrun for example_branch_operator to 2024-09-30 00:00:00+00:00, run_after=2024-10-01 00:00:00+00:00
[2024-10-01T00:29:54.088+0000] {processor.py:183} INFO - Processing /home/airflow/.local/lib/python3.8/site-packages/airflow/example_dags/example_branch_operator.py took 0.264 seconds
[2024-10-01T00:30:24.538+0000] {processor.py:161} INFO - Started process (PID=4534) to work on /home/airflow/.local/lib/python3.8/site-packages/airflow/example_dags/example_branch_operator.py
[2024-10-01T00:30:24.541+0000] {processor.py:830} INFO - Processing file /home/airflow/.local/lib/python3.8/site-packages/airflow/example_dags/example_branch_operator.py for tasks to queue
[2024-10-01T00:30:24.544+0000] {logging_mixin.py:188} INFO - [2024-10-01T00:30:24.544+0000] {dagbag.py:538} INFO - Filling up the DagBag from /home/airflow/.local/lib/python3.8/site-packages/airflow/example_dags/example_branch_operator.py
[2024-10-01T00:30:24.578+0000] {processor.py:840} INFO - DAG(s) 'example_branch_operator' retrieved from /home/airflow/.local/lib/python3.8/site-packages/airflow/example_dags/example_branch_operator.py
[2024-10-01T00:30:24.631+0000] {logging_mixin.py:188} INFO - [2024-10-01T00:30:24.631+0000] {dag.py:3036} INFO - Sync 1 DAGs
[2024-10-01T00:30:24.676+0000] {logging_mixin.py:188} INFO - [2024-10-01T00:30:24.676+0000] {dag.py:3823} INFO - Setting next_dagrun for example_branch_operator to 2024-09-30 00:00:00+00:00, run_after=2024-10-01 00:00:00+00:00
[2024-10-01T00:30:24.712+0000] {processor.py:183} INFO - Processing /home/airflow/.local/lib/python3.8/site-packages/airflow/example_dags/example_branch_operator.py took 0.180 seconds
[2024-10-01T00:30:55.553+0000] {processor.py:161} INFO - Started process (PID=4600) to work on /home/airflow/.local/lib/python3.8/site-packages/airflow/example_dags/example_branch_operator.py
[2024-10-01T00:30:55.559+0000] {processor.py:830} INFO - Processing file /home/airflow/.local/lib/python3.8/site-packages/airflow/example_dags/example_branch_operator.py for tasks to queue
[2024-10-01T00:30:55.562+0000] {logging_mixin.py:188} INFO - [2024-10-01T00:30:55.561+0000] {dagbag.py:538} INFO - Filling up the DagBag from /home/airflow/.local/lib/python3.8/site-packages/airflow/example_dags/example_branch_operator.py
[2024-10-01T00:30:55.597+0000] {processor.py:840} INFO - DAG(s) 'example_branch_operator' retrieved from /home/airflow/.local/lib/python3.8/site-packages/airflow/example_dags/example_branch_operator.py
[2024-10-01T00:30:55.652+0000] {logging_mixin.py:188} INFO - [2024-10-01T00:30:55.652+0000] {dag.py:3036} INFO - Sync 1 DAGs
[2024-10-01T00:30:55.700+0000] {logging_mixin.py:188} INFO - [2024-10-01T00:30:55.699+0000] {dag.py:3823} INFO - Setting next_dagrun for example_branch_operator to 2024-09-30 00:00:00+00:00, run_after=2024-10-01 00:00:00+00:00
[2024-10-01T00:30:55.737+0000] {processor.py:183} INFO - Processing /home/airflow/.local/lib/python3.8/site-packages/airflow/example_dags/example_branch_operator.py took 0.191 seconds
[2024-10-01T00:31:26.398+0000] {processor.py:161} INFO - Started process (PID=4666) to work on /home/airflow/.local/lib/python3.8/site-packages/airflow/example_dags/example_branch_operator.py
[2024-10-01T00:31:26.415+0000] {processor.py:830} INFO - Processing file /home/airflow/.local/lib/python3.8/site-packages/airflow/example_dags/example_branch_operator.py for tasks to queue
[2024-10-01T00:31:26.424+0000] {logging_mixin.py:188} INFO - [2024-10-01T00:31:26.423+0000] {dagbag.py:538} INFO - Filling up the DagBag from /home/airflow/.local/lib/python3.8/site-packages/airflow/example_dags/example_branch_operator.py
[2024-10-01T00:31:26.528+0000] {processor.py:840} INFO - DAG(s) 'example_branch_operator' retrieved from /home/airflow/.local/lib/python3.8/site-packages/airflow/example_dags/example_branch_operator.py
[2024-10-01T00:31:26.657+0000] {logging_mixin.py:188} INFO - [2024-10-01T00:31:26.656+0000] {dag.py:3036} INFO - Sync 1 DAGs
[2024-10-01T00:31:26.762+0000] {logging_mixin.py:188} INFO - [2024-10-01T00:31:26.761+0000] {dag.py:3823} INFO - Setting next_dagrun for example_branch_operator to 2024-09-30 00:00:00+00:00, run_after=2024-10-01 00:00:00+00:00
[2024-10-01T00:31:26.833+0000] {processor.py:183} INFO - Processing /home/airflow/.local/lib/python3.8/site-packages/airflow/example_dags/example_branch_operator.py took 0.457 seconds
[2024-10-01T00:31:58.094+0000] {processor.py:161} INFO - Started process (PID=4731) to work on /home/airflow/.local/lib/python3.8/site-packages/airflow/example_dags/example_branch_operator.py
[2024-10-01T00:31:58.101+0000] {processor.py:830} INFO - Processing file /home/airflow/.local/lib/python3.8/site-packages/airflow/example_dags/example_branch_operator.py for tasks to queue
[2024-10-01T00:31:58.113+0000] {logging_mixin.py:188} INFO - [2024-10-01T00:31:58.111+0000] {dagbag.py:538} INFO - Filling up the DagBag from /home/airflow/.local/lib/python3.8/site-packages/airflow/example_dags/example_branch_operator.py
[2024-10-01T00:31:58.286+0000] {processor.py:840} INFO - DAG(s) 'example_branch_operator' retrieved from /home/airflow/.local/lib/python3.8/site-packages/airflow/example_dags/example_branch_operator.py
[2024-10-01T00:31:58.490+0000] {logging_mixin.py:188} INFO - [2024-10-01T00:31:58.489+0000] {dag.py:3036} INFO - Sync 1 DAGs
[2024-10-01T00:31:58.691+0000] {logging_mixin.py:188} INFO - [2024-10-01T00:31:58.689+0000] {dag.py:3823} INFO - Setting next_dagrun for example_branch_operator to 2024-09-30 00:00:00+00:00, run_after=2024-10-01 00:00:00+00:00
[2024-10-01T00:31:58.889+0000] {processor.py:183} INFO - Processing /home/airflow/.local/lib/python3.8/site-packages/airflow/example_dags/example_branch_operator.py took 0.820 seconds
[2024-10-01T00:32:29.820+0000] {processor.py:161} INFO - Started process (PID=4790) to work on /home/airflow/.local/lib/python3.8/site-packages/airflow/example_dags/example_branch_operator.py
[2024-10-01T00:32:29.828+0000] {processor.py:830} INFO - Processing file /home/airflow/.local/lib/python3.8/site-packages/airflow/example_dags/example_branch_operator.py for tasks to queue
[2024-10-01T00:32:29.832+0000] {logging_mixin.py:188} INFO - [2024-10-01T00:32:29.831+0000] {dagbag.py:538} INFO - Filling up the DagBag from /home/airflow/.local/lib/python3.8/site-packages/airflow/example_dags/example_branch_operator.py
[2024-10-01T00:32:29.869+0000] {processor.py:840} INFO - DAG(s) 'example_branch_operator' retrieved from /home/airflow/.local/lib/python3.8/site-packages/airflow/example_dags/example_branch_operator.py
[2024-10-01T00:32:29.926+0000] {logging_mixin.py:188} INFO - [2024-10-01T00:32:29.925+0000] {dag.py:3036} INFO - Sync 1 DAGs
[2024-10-01T00:32:29.976+0000] {logging_mixin.py:188} INFO - [2024-10-01T00:32:29.976+0000] {dag.py:3823} INFO - Setting next_dagrun for example_branch_operator to 2024-09-30 00:00:00+00:00, run_after=2024-10-01 00:00:00+00:00
[2024-10-01T00:32:30.016+0000] {processor.py:183} INFO - Processing /home/airflow/.local/lib/python3.8/site-packages/airflow/example_dags/example_branch_operator.py took 0.204 seconds
[2024-10-01T00:33:00.385+0000] {processor.py:161} INFO - Started process (PID=4856) to work on /home/airflow/.local/lib/python3.8/site-packages/airflow/example_dags/example_branch_operator.py
[2024-10-01T00:33:00.389+0000] {processor.py:830} INFO - Processing file /home/airflow/.local/lib/python3.8/site-packages/airflow/example_dags/example_branch_operator.py for tasks to queue
[2024-10-01T00:33:00.396+0000] {logging_mixin.py:188} INFO - [2024-10-01T00:33:00.395+0000] {dagbag.py:538} INFO - Filling up the DagBag from /home/airflow/.local/lib/python3.8/site-packages/airflow/example_dags/example_branch_operator.py
[2024-10-01T00:33:00.476+0000] {processor.py:840} INFO - DAG(s) 'example_branch_operator' retrieved from /home/airflow/.local/lib/python3.8/site-packages/airflow/example_dags/example_branch_operator.py
[2024-10-01T00:33:00.597+0000] {logging_mixin.py:188} INFO - [2024-10-01T00:33:00.596+0000] {dag.py:3036} INFO - Sync 1 DAGs
[2024-10-01T00:33:00.710+0000] {logging_mixin.py:188} INFO - [2024-10-01T00:33:00.708+0000] {dag.py:3823} INFO - Setting next_dagrun for example_branch_operator to 2024-09-30 00:00:00+00:00, run_after=2024-10-01 00:00:00+00:00
[2024-10-01T00:33:00.819+0000] {processor.py:183} INFO - Processing /home/airflow/.local/lib/python3.8/site-packages/airflow/example_dags/example_branch_operator.py took 0.449 seconds
[2024-10-01T00:33:31.136+0000] {processor.py:161} INFO - Started process (PID=4922) to work on /home/airflow/.local/lib/python3.8/site-packages/airflow/example_dags/example_branch_operator.py
[2024-10-01T00:33:31.141+0000] {processor.py:830} INFO - Processing file /home/airflow/.local/lib/python3.8/site-packages/airflow/example_dags/example_branch_operator.py for tasks to queue
[2024-10-01T00:33:31.149+0000] {logging_mixin.py:188} INFO - [2024-10-01T00:33:31.148+0000] {dagbag.py:538} INFO - Filling up the DagBag from /home/airflow/.local/lib/python3.8/site-packages/airflow/example_dags/example_branch_operator.py
[2024-10-01T00:33:31.283+0000] {processor.py:840} INFO - DAG(s) 'example_branch_operator' retrieved from /home/airflow/.local/lib/python3.8/site-packages/airflow/example_dags/example_branch_operator.py
[2024-10-01T00:33:31.509+0000] {logging_mixin.py:188} INFO - [2024-10-01T00:33:31.507+0000] {dag.py:3036} INFO - Sync 1 DAGs
[2024-10-01T00:33:31.760+0000] {logging_mixin.py:188} INFO - [2024-10-01T00:33:31.758+0000] {dag.py:3823} INFO - Setting next_dagrun for example_branch_operator to 2024-09-30 00:00:00+00:00, run_after=2024-10-01 00:00:00+00:00
[2024-10-01T00:33:31.943+0000] {processor.py:183} INFO - Processing /home/airflow/.local/lib/python3.8/site-packages/airflow/example_dags/example_branch_operator.py took 0.831 seconds
[2024-10-01T00:34:02.652+0000] {processor.py:161} INFO - Started process (PID=4980) to work on /home/airflow/.local/lib/python3.8/site-packages/airflow/example_dags/example_branch_operator.py
[2024-10-01T00:34:02.659+0000] {processor.py:830} INFO - Processing file /home/airflow/.local/lib/python3.8/site-packages/airflow/example_dags/example_branch_operator.py for tasks to queue
[2024-10-01T00:34:02.666+0000] {logging_mixin.py:188} INFO - [2024-10-01T00:34:02.665+0000] {dagbag.py:538} INFO - Filling up the DagBag from /home/airflow/.local/lib/python3.8/site-packages/airflow/example_dags/example_branch_operator.py
[2024-10-01T00:34:02.778+0000] {processor.py:840} INFO - DAG(s) 'example_branch_operator' retrieved from /home/airflow/.local/lib/python3.8/site-packages/airflow/example_dags/example_branch_operator.py
[2024-10-01T00:34:02.905+0000] {logging_mixin.py:188} INFO - [2024-10-01T00:34:02.904+0000] {dag.py:3036} INFO - Sync 1 DAGs
[2024-10-01T00:34:03.043+0000] {logging_mixin.py:188} INFO - [2024-10-01T00:34:03.041+0000] {dag.py:3823} INFO - Setting next_dagrun for example_branch_operator to 2024-09-30 00:00:00+00:00, run_after=2024-10-01 00:00:00+00:00
[2024-10-01T00:34:03.174+0000] {processor.py:183} INFO - Processing /home/airflow/.local/lib/python3.8/site-packages/airflow/example_dags/example_branch_operator.py took 0.538 seconds
[2024-10-01T00:34:33.764+0000] {processor.py:161} INFO - Started process (PID=5046) to work on /home/airflow/.local/lib/python3.8/site-packages/airflow/example_dags/example_branch_operator.py
[2024-10-01T00:34:33.768+0000] {processor.py:830} INFO - Processing file /home/airflow/.local/lib/python3.8/site-packages/airflow/example_dags/example_branch_operator.py for tasks to queue
[2024-10-01T00:34:33.772+0000] {logging_mixin.py:188} INFO - [2024-10-01T00:34:33.772+0000] {dagbag.py:538} INFO - Filling up the DagBag from /home/airflow/.local/lib/python3.8/site-packages/airflow/example_dags/example_branch_operator.py
[2024-10-01T00:34:33.813+0000] {processor.py:840} INFO - DAG(s) 'example_branch_operator' retrieved from /home/airflow/.local/lib/python3.8/site-packages/airflow/example_dags/example_branch_operator.py
[2024-10-01T00:34:33.877+0000] {logging_mixin.py:188} INFO - [2024-10-01T00:34:33.877+0000] {dag.py:3036} INFO - Sync 1 DAGs
[2024-10-01T00:34:33.934+0000] {logging_mixin.py:188} INFO - [2024-10-01T00:34:33.934+0000] {dag.py:3823} INFO - Setting next_dagrun for example_branch_operator to 2024-09-30 00:00:00+00:00, run_after=2024-10-01 00:00:00+00:00
[2024-10-01T00:34:33.979+0000] {processor.py:183} INFO - Processing /home/airflow/.local/lib/python3.8/site-packages/airflow/example_dags/example_branch_operator.py took 0.227 seconds
