[2024-10-01T00:00:29.923+0000] {processor.py:161} INFO - Started process (PID=811) to work on /home/airflow/.local/lib/python3.8/site-packages/airflow/example_dags/example_nested_branch_dag.py
[2024-10-01T00:00:29.925+0000] {processor.py:830} INFO - Processing file /home/airflow/.local/lib/python3.8/site-packages/airflow/example_dags/example_nested_branch_dag.py for tasks to queue
[2024-10-01T00:00:29.929+0000] {logging_mixin.py:188} INFO - [2024-10-01T00:00:29.929+0000] {dagbag.py:538} INFO - Filling up the DagBag from /home/airflow/.local/lib/python3.8/site-packages/airflow/example_dags/example_nested_branch_dag.py
[2024-10-01T00:00:29.957+0000] {processor.py:840} INFO - DAG(s) 'example_nested_branch_dag' retrieved from /home/airflow/.local/lib/python3.8/site-packages/airflow/example_dags/example_nested_branch_dag.py
[2024-10-01T00:00:30.018+0000] {logging_mixin.py:188} INFO - [2024-10-01T00:00:30.017+0000] {dag.py:3036} INFO - Sync 1 DAGs
[2024-10-01T00:00:30.100+0000] {logging_mixin.py:188} INFO - [2024-10-01T00:00:30.099+0000] {dag.py:3823} INFO - Setting next_dagrun for example_nested_branch_dag to 2024-09-30 00:00:00+00:00, run_after=2024-10-01 00:00:00+00:00
[2024-10-01T00:00:30.156+0000] {processor.py:183} INFO - Processing /home/airflow/.local/lib/python3.8/site-packages/airflow/example_dags/example_nested_branch_dag.py took 0.242 seconds
[2024-10-01T00:01:00.803+0000] {processor.py:161} INFO - Started process (PID=877) to work on /home/airflow/.local/lib/python3.8/site-packages/airflow/example_dags/example_nested_branch_dag.py
[2024-10-01T00:01:00.817+0000] {processor.py:830} INFO - Processing file /home/airflow/.local/lib/python3.8/site-packages/airflow/example_dags/example_nested_branch_dag.py for tasks to queue
[2024-10-01T00:01:00.835+0000] {logging_mixin.py:188} INFO - [2024-10-01T00:01:00.833+0000] {dagbag.py:538} INFO - Filling up the DagBag from /home/airflow/.local/lib/python3.8/site-packages/airflow/example_dags/example_nested_branch_dag.py
[2024-10-01T00:01:00.939+0000] {processor.py:840} INFO - DAG(s) 'example_nested_branch_dag' retrieved from /home/airflow/.local/lib/python3.8/site-packages/airflow/example_dags/example_nested_branch_dag.py
[2024-10-01T00:01:01.158+0000] {logging_mixin.py:188} INFO - [2024-10-01T00:01:01.156+0000] {dag.py:3036} INFO - Sync 1 DAGs
[2024-10-01T00:01:01.353+0000] {logging_mixin.py:188} INFO - [2024-10-01T00:01:01.352+0000] {dag.py:3823} INFO - Setting next_dagrun for example_nested_branch_dag to 2024-09-30 00:00:00+00:00, run_after=2024-10-01 00:00:00+00:00
[2024-10-01T00:01:01.508+0000] {processor.py:183} INFO - Processing /home/airflow/.local/lib/python3.8/site-packages/airflow/example_dags/example_nested_branch_dag.py took 0.752 seconds
[2024-10-01T00:01:32.423+0000] {processor.py:161} INFO - Started process (PID=935) to work on /home/airflow/.local/lib/python3.8/site-packages/airflow/example_dags/example_nested_branch_dag.py
[2024-10-01T00:01:32.425+0000] {processor.py:830} INFO - Processing file /home/airflow/.local/lib/python3.8/site-packages/airflow/example_dags/example_nested_branch_dag.py for tasks to queue
[2024-10-01T00:01:32.429+0000] {logging_mixin.py:188} INFO - [2024-10-01T00:01:32.428+0000] {dagbag.py:538} INFO - Filling up the DagBag from /home/airflow/.local/lib/python3.8/site-packages/airflow/example_dags/example_nested_branch_dag.py
[2024-10-01T00:01:32.449+0000] {processor.py:840} INFO - DAG(s) 'example_nested_branch_dag' retrieved from /home/airflow/.local/lib/python3.8/site-packages/airflow/example_dags/example_nested_branch_dag.py
[2024-10-01T00:01:32.494+0000] {logging_mixin.py:188} INFO - [2024-10-01T00:01:32.494+0000] {dag.py:3036} INFO - Sync 1 DAGs
[2024-10-01T00:01:32.544+0000] {logging_mixin.py:188} INFO - [2024-10-01T00:01:32.543+0000] {dag.py:3823} INFO - Setting next_dagrun for example_nested_branch_dag to 2024-09-30 00:00:00+00:00, run_after=2024-10-01 00:00:00+00:00
[2024-10-01T00:01:32.577+0000] {processor.py:183} INFO - Processing /home/airflow/.local/lib/python3.8/site-packages/airflow/example_dags/example_nested_branch_dag.py took 0.162 seconds
[2024-10-01T00:02:02.976+0000] {processor.py:161} INFO - Started process (PID=1001) to work on /home/airflow/.local/lib/python3.8/site-packages/airflow/example_dags/example_nested_branch_dag.py
[2024-10-01T00:02:02.978+0000] {processor.py:830} INFO - Processing file /home/airflow/.local/lib/python3.8/site-packages/airflow/example_dags/example_nested_branch_dag.py for tasks to queue
[2024-10-01T00:02:02.981+0000] {logging_mixin.py:188} INFO - [2024-10-01T00:02:02.981+0000] {dagbag.py:538} INFO - Filling up the DagBag from /home/airflow/.local/lib/python3.8/site-packages/airflow/example_dags/example_nested_branch_dag.py
[2024-10-01T00:02:02.998+0000] {processor.py:840} INFO - DAG(s) 'example_nested_branch_dag' retrieved from /home/airflow/.local/lib/python3.8/site-packages/airflow/example_dags/example_nested_branch_dag.py
[2024-10-01T00:02:03.035+0000] {logging_mixin.py:188} INFO - [2024-10-01T00:02:03.034+0000] {dag.py:3036} INFO - Sync 1 DAGs
[2024-10-01T00:02:03.076+0000] {logging_mixin.py:188} INFO - [2024-10-01T00:02:03.075+0000] {dag.py:3823} INFO - Setting next_dagrun for example_nested_branch_dag to 2024-09-30 00:00:00+00:00, run_after=2024-10-01 00:00:00+00:00
[2024-10-01T00:02:03.108+0000] {processor.py:183} INFO - Processing /home/airflow/.local/lib/python3.8/site-packages/airflow/example_dags/example_nested_branch_dag.py took 0.137 seconds
[2024-10-01T00:02:33.256+0000] {processor.py:161} INFO - Started process (PID=1067) to work on /home/airflow/.local/lib/python3.8/site-packages/airflow/example_dags/example_nested_branch_dag.py
[2024-10-01T00:02:33.261+0000] {processor.py:830} INFO - Processing file /home/airflow/.local/lib/python3.8/site-packages/airflow/example_dags/example_nested_branch_dag.py for tasks to queue
[2024-10-01T00:02:33.264+0000] {logging_mixin.py:188} INFO - [2024-10-01T00:02:33.264+0000] {dagbag.py:538} INFO - Filling up the DagBag from /home/airflow/.local/lib/python3.8/site-packages/airflow/example_dags/example_nested_branch_dag.py
[2024-10-01T00:02:33.290+0000] {processor.py:840} INFO - DAG(s) 'example_nested_branch_dag' retrieved from /home/airflow/.local/lib/python3.8/site-packages/airflow/example_dags/example_nested_branch_dag.py
[2024-10-01T00:02:33.359+0000] {logging_mixin.py:188} INFO - [2024-10-01T00:02:33.359+0000] {dag.py:3036} INFO - Sync 1 DAGs
[2024-10-01T00:02:33.410+0000] {logging_mixin.py:188} INFO - [2024-10-01T00:02:33.409+0000] {dag.py:3823} INFO - Setting next_dagrun for example_nested_branch_dag to 2024-09-30 00:00:00+00:00, run_after=2024-10-01 00:00:00+00:00
[2024-10-01T00:02:33.450+0000] {processor.py:183} INFO - Processing /home/airflow/.local/lib/python3.8/site-packages/airflow/example_dags/example_nested_branch_dag.py took 0.201 seconds
[2024-10-01T00:03:04.155+0000] {processor.py:161} INFO - Started process (PID=1131) to work on /home/airflow/.local/lib/python3.8/site-packages/airflow/example_dags/example_nested_branch_dag.py
[2024-10-01T00:03:04.157+0000] {processor.py:830} INFO - Processing file /home/airflow/.local/lib/python3.8/site-packages/airflow/example_dags/example_nested_branch_dag.py for tasks to queue
[2024-10-01T00:03:04.160+0000] {logging_mixin.py:188} INFO - [2024-10-01T00:03:04.160+0000] {dagbag.py:538} INFO - Filling up the DagBag from /home/airflow/.local/lib/python3.8/site-packages/airflow/example_dags/example_nested_branch_dag.py
[2024-10-01T00:03:04.180+0000] {processor.py:840} INFO - DAG(s) 'example_nested_branch_dag' retrieved from /home/airflow/.local/lib/python3.8/site-packages/airflow/example_dags/example_nested_branch_dag.py
[2024-10-01T00:03:04.224+0000] {logging_mixin.py:188} INFO - [2024-10-01T00:03:04.224+0000] {dag.py:3036} INFO - Sync 1 DAGs
[2024-10-01T00:03:04.271+0000] {logging_mixin.py:188} INFO - [2024-10-01T00:03:04.271+0000] {dag.py:3823} INFO - Setting next_dagrun for example_nested_branch_dag to 2024-09-30 00:00:00+00:00, run_after=2024-10-01 00:00:00+00:00
[2024-10-01T00:03:04.309+0000] {processor.py:183} INFO - Processing /home/airflow/.local/lib/python3.8/site-packages/airflow/example_dags/example_nested_branch_dag.py took 0.161 seconds
[2024-10-01T00:03:34.585+0000] {processor.py:161} INFO - Started process (PID=1197) to work on /home/airflow/.local/lib/python3.8/site-packages/airflow/example_dags/example_nested_branch_dag.py
[2024-10-01T00:03:34.587+0000] {processor.py:830} INFO - Processing file /home/airflow/.local/lib/python3.8/site-packages/airflow/example_dags/example_nested_branch_dag.py for tasks to queue
[2024-10-01T00:03:34.590+0000] {logging_mixin.py:188} INFO - [2024-10-01T00:03:34.590+0000] {dagbag.py:538} INFO - Filling up the DagBag from /home/airflow/.local/lib/python3.8/site-packages/airflow/example_dags/example_nested_branch_dag.py
[2024-10-01T00:03:34.608+0000] {processor.py:840} INFO - DAG(s) 'example_nested_branch_dag' retrieved from /home/airflow/.local/lib/python3.8/site-packages/airflow/example_dags/example_nested_branch_dag.py
[2024-10-01T00:03:34.647+0000] {logging_mixin.py:188} INFO - [2024-10-01T00:03:34.646+0000] {dag.py:3036} INFO - Sync 1 DAGs
[2024-10-01T00:03:34.688+0000] {logging_mixin.py:188} INFO - [2024-10-01T00:03:34.687+0000] {dag.py:3823} INFO - Setting next_dagrun for example_nested_branch_dag to 2024-09-30 00:00:00+00:00, run_after=2024-10-01 00:00:00+00:00
[2024-10-01T00:03:34.721+0000] {processor.py:183} INFO - Processing /home/airflow/.local/lib/python3.8/site-packages/airflow/example_dags/example_nested_branch_dag.py took 0.142 seconds
[2024-10-01T00:04:05.416+0000] {processor.py:161} INFO - Started process (PID=1263) to work on /home/airflow/.local/lib/python3.8/site-packages/airflow/example_dags/example_nested_branch_dag.py
[2024-10-01T00:04:05.426+0000] {processor.py:830} INFO - Processing file /home/airflow/.local/lib/python3.8/site-packages/airflow/example_dags/example_nested_branch_dag.py for tasks to queue
[2024-10-01T00:04:05.430+0000] {logging_mixin.py:188} INFO - [2024-10-01T00:04:05.429+0000] {dagbag.py:538} INFO - Filling up the DagBag from /home/airflow/.local/lib/python3.8/site-packages/airflow/example_dags/example_nested_branch_dag.py
[2024-10-01T00:04:05.454+0000] {processor.py:840} INFO - DAG(s) 'example_nested_branch_dag' retrieved from /home/airflow/.local/lib/python3.8/site-packages/airflow/example_dags/example_nested_branch_dag.py
[2024-10-01T00:04:05.508+0000] {logging_mixin.py:188} INFO - [2024-10-01T00:04:05.508+0000] {dag.py:3036} INFO - Sync 1 DAGs
[2024-10-01T00:04:05.565+0000] {logging_mixin.py:188} INFO - [2024-10-01T00:04:05.565+0000] {dag.py:3823} INFO - Setting next_dagrun for example_nested_branch_dag to 2024-09-30 00:00:00+00:00, run_after=2024-10-01 00:00:00+00:00
[2024-10-01T00:04:05.608+0000] {processor.py:183} INFO - Processing /home/airflow/.local/lib/python3.8/site-packages/airflow/example_dags/example_nested_branch_dag.py took 0.200 seconds
[2024-10-01T00:04:36.327+0000] {processor.py:161} INFO - Started process (PID=1329) to work on /home/airflow/.local/lib/python3.8/site-packages/airflow/example_dags/example_nested_branch_dag.py
[2024-10-01T00:04:36.333+0000] {processor.py:830} INFO - Processing file /home/airflow/.local/lib/python3.8/site-packages/airflow/example_dags/example_nested_branch_dag.py for tasks to queue
[2024-10-01T00:04:36.341+0000] {logging_mixin.py:188} INFO - [2024-10-01T00:04:36.339+0000] {dagbag.py:538} INFO - Filling up the DagBag from /home/airflow/.local/lib/python3.8/site-packages/airflow/example_dags/example_nested_branch_dag.py
[2024-10-01T00:04:36.391+0000] {processor.py:840} INFO - DAG(s) 'example_nested_branch_dag' retrieved from /home/airflow/.local/lib/python3.8/site-packages/airflow/example_dags/example_nested_branch_dag.py
[2024-10-01T00:04:36.491+0000] {logging_mixin.py:188} INFO - [2024-10-01T00:04:36.490+0000] {dag.py:3036} INFO - Sync 1 DAGs
[2024-10-01T00:04:36.615+0000] {logging_mixin.py:188} INFO - [2024-10-01T00:04:36.614+0000] {dag.py:3823} INFO - Setting next_dagrun for example_nested_branch_dag to 2024-09-30 00:00:00+00:00, run_after=2024-10-01 00:00:00+00:00
[2024-10-01T00:04:36.708+0000] {processor.py:183} INFO - Processing /home/airflow/.local/lib/python3.8/site-packages/airflow/example_dags/example_nested_branch_dag.py took 0.401 seconds
[2024-10-01T00:05:06.980+0000] {processor.py:161} INFO - Started process (PID=1395) to work on /home/airflow/.local/lib/python3.8/site-packages/airflow/example_dags/example_nested_branch_dag.py
[2024-10-01T00:05:06.987+0000] {processor.py:830} INFO - Processing file /home/airflow/.local/lib/python3.8/site-packages/airflow/example_dags/example_nested_branch_dag.py for tasks to queue
[2024-10-01T00:05:06.998+0000] {logging_mixin.py:188} INFO - [2024-10-01T00:05:06.996+0000] {dagbag.py:538} INFO - Filling up the DagBag from /home/airflow/.local/lib/python3.8/site-packages/airflow/example_dags/example_nested_branch_dag.py
[2024-10-01T00:05:07.065+0000] {processor.py:840} INFO - DAG(s) 'example_nested_branch_dag' retrieved from /home/airflow/.local/lib/python3.8/site-packages/airflow/example_dags/example_nested_branch_dag.py
[2024-10-01T00:05:07.193+0000] {logging_mixin.py:188} INFO - [2024-10-01T00:05:07.192+0000] {dag.py:3036} INFO - Sync 1 DAGs
[2024-10-01T00:05:07.340+0000] {logging_mixin.py:188} INFO - [2024-10-01T00:05:07.339+0000] {dag.py:3823} INFO - Setting next_dagrun for example_nested_branch_dag to 2024-09-30 00:00:00+00:00, run_after=2024-10-01 00:00:00+00:00
[2024-10-01T00:05:07.445+0000] {processor.py:183} INFO - Processing /home/airflow/.local/lib/python3.8/site-packages/airflow/example_dags/example_nested_branch_dag.py took 0.491 seconds
[2024-10-01T00:05:37.695+0000] {processor.py:161} INFO - Started process (PID=1461) to work on /home/airflow/.local/lib/python3.8/site-packages/airflow/example_dags/example_nested_branch_dag.py
[2024-10-01T00:05:37.702+0000] {processor.py:830} INFO - Processing file /home/airflow/.local/lib/python3.8/site-packages/airflow/example_dags/example_nested_branch_dag.py for tasks to queue
[2024-10-01T00:05:37.707+0000] {logging_mixin.py:188} INFO - [2024-10-01T00:05:37.706+0000] {dagbag.py:538} INFO - Filling up the DagBag from /home/airflow/.local/lib/python3.8/site-packages/airflow/example_dags/example_nested_branch_dag.py
[2024-10-01T00:05:37.738+0000] {processor.py:840} INFO - DAG(s) 'example_nested_branch_dag' retrieved from /home/airflow/.local/lib/python3.8/site-packages/airflow/example_dags/example_nested_branch_dag.py
[2024-10-01T00:05:37.809+0000] {logging_mixin.py:188} INFO - [2024-10-01T00:05:37.809+0000] {dag.py:3036} INFO - Sync 1 DAGs
[2024-10-01T00:05:37.884+0000] {logging_mixin.py:188} INFO - [2024-10-01T00:05:37.883+0000] {dag.py:3823} INFO - Setting next_dagrun for example_nested_branch_dag to 2024-09-30 00:00:00+00:00, run_after=2024-10-01 00:00:00+00:00
[2024-10-01T00:05:37.937+0000] {processor.py:183} INFO - Processing /home/airflow/.local/lib/python3.8/site-packages/airflow/example_dags/example_nested_branch_dag.py took 0.253 seconds
[2024-10-01T00:06:08.137+0000] {processor.py:161} INFO - Started process (PID=1527) to work on /home/airflow/.local/lib/python3.8/site-packages/airflow/example_dags/example_nested_branch_dag.py
[2024-10-01T00:06:08.140+0000] {processor.py:830} INFO - Processing file /home/airflow/.local/lib/python3.8/site-packages/airflow/example_dags/example_nested_branch_dag.py for tasks to queue
[2024-10-01T00:06:08.145+0000] {logging_mixin.py:188} INFO - [2024-10-01T00:06:08.145+0000] {dagbag.py:538} INFO - Filling up the DagBag from /home/airflow/.local/lib/python3.8/site-packages/airflow/example_dags/example_nested_branch_dag.py
[2024-10-01T00:06:08.175+0000] {processor.py:840} INFO - DAG(s) 'example_nested_branch_dag' retrieved from /home/airflow/.local/lib/python3.8/site-packages/airflow/example_dags/example_nested_branch_dag.py
[2024-10-01T00:06:08.238+0000] {logging_mixin.py:188} INFO - [2024-10-01T00:06:08.238+0000] {dag.py:3036} INFO - Sync 1 DAGs
[2024-10-01T00:06:08.318+0000] {logging_mixin.py:188} INFO - [2024-10-01T00:06:08.318+0000] {dag.py:3823} INFO - Setting next_dagrun for example_nested_branch_dag to 2024-09-30 00:00:00+00:00, run_after=2024-10-01 00:00:00+00:00
[2024-10-01T00:06:08.373+0000] {processor.py:183} INFO - Processing /home/airflow/.local/lib/python3.8/site-packages/airflow/example_dags/example_nested_branch_dag.py took 0.245 seconds
[2024-10-01T00:06:38.694+0000] {processor.py:161} INFO - Started process (PID=1585) to work on /home/airflow/.local/lib/python3.8/site-packages/airflow/example_dags/example_nested_branch_dag.py
[2024-10-01T00:06:38.696+0000] {processor.py:830} INFO - Processing file /home/airflow/.local/lib/python3.8/site-packages/airflow/example_dags/example_nested_branch_dag.py for tasks to queue
[2024-10-01T00:06:38.699+0000] {logging_mixin.py:188} INFO - [2024-10-01T00:06:38.698+0000] {dagbag.py:538} INFO - Filling up the DagBag from /home/airflow/.local/lib/python3.8/site-packages/airflow/example_dags/example_nested_branch_dag.py
[2024-10-01T00:06:38.718+0000] {processor.py:840} INFO - DAG(s) 'example_nested_branch_dag' retrieved from /home/airflow/.local/lib/python3.8/site-packages/airflow/example_dags/example_nested_branch_dag.py
[2024-10-01T00:06:38.762+0000] {logging_mixin.py:188} INFO - [2024-10-01T00:06:38.762+0000] {dag.py:3036} INFO - Sync 1 DAGs
[2024-10-01T00:06:38.804+0000] {logging_mixin.py:188} INFO - [2024-10-01T00:06:38.803+0000] {dag.py:3823} INFO - Setting next_dagrun for example_nested_branch_dag to 2024-09-30 00:00:00+00:00, run_after=2024-10-01 00:00:00+00:00
[2024-10-01T00:06:38.838+0000] {processor.py:183} INFO - Processing /home/airflow/.local/lib/python3.8/site-packages/airflow/example_dags/example_nested_branch_dag.py took 0.149 seconds
[2024-10-01T00:07:09.386+0000] {processor.py:161} INFO - Started process (PID=1651) to work on /home/airflow/.local/lib/python3.8/site-packages/airflow/example_dags/example_nested_branch_dag.py
[2024-10-01T00:07:09.388+0000] {processor.py:830} INFO - Processing file /home/airflow/.local/lib/python3.8/site-packages/airflow/example_dags/example_nested_branch_dag.py for tasks to queue
[2024-10-01T00:07:09.391+0000] {logging_mixin.py:188} INFO - [2024-10-01T00:07:09.391+0000] {dagbag.py:538} INFO - Filling up the DagBag from /home/airflow/.local/lib/python3.8/site-packages/airflow/example_dags/example_nested_branch_dag.py
[2024-10-01T00:07:09.408+0000] {processor.py:840} INFO - DAG(s) 'example_nested_branch_dag' retrieved from /home/airflow/.local/lib/python3.8/site-packages/airflow/example_dags/example_nested_branch_dag.py
[2024-10-01T00:07:09.452+0000] {logging_mixin.py:188} INFO - [2024-10-01T00:07:09.451+0000] {dag.py:3036} INFO - Sync 1 DAGs
[2024-10-01T00:07:09.491+0000] {logging_mixin.py:188} INFO - [2024-10-01T00:07:09.491+0000] {dag.py:3823} INFO - Setting next_dagrun for example_nested_branch_dag to 2024-09-30 00:00:00+00:00, run_after=2024-10-01 00:00:00+00:00
[2024-10-01T00:07:09.524+0000] {processor.py:183} INFO - Processing /home/airflow/.local/lib/python3.8/site-packages/airflow/example_dags/example_nested_branch_dag.py took 0.143 seconds
[2024-10-01T00:07:40.491+0000] {processor.py:161} INFO - Started process (PID=1725) to work on /home/airflow/.local/lib/python3.8/site-packages/airflow/example_dags/example_nested_branch_dag.py
[2024-10-01T00:07:40.496+0000] {processor.py:830} INFO - Processing file /home/airflow/.local/lib/python3.8/site-packages/airflow/example_dags/example_nested_branch_dag.py for tasks to queue
[2024-10-01T00:07:40.504+0000] {logging_mixin.py:188} INFO - [2024-10-01T00:07:40.503+0000] {dagbag.py:538} INFO - Filling up the DagBag from /home/airflow/.local/lib/python3.8/site-packages/airflow/example_dags/example_nested_branch_dag.py
[2024-10-01T00:07:40.549+0000] {processor.py:840} INFO - DAG(s) 'example_nested_branch_dag' retrieved from /home/airflow/.local/lib/python3.8/site-packages/airflow/example_dags/example_nested_branch_dag.py
[2024-10-01T00:07:40.662+0000] {logging_mixin.py:188} INFO - [2024-10-01T00:07:40.661+0000] {dag.py:3036} INFO - Sync 1 DAGs
[2024-10-01T00:07:40.773+0000] {logging_mixin.py:188} INFO - [2024-10-01T00:07:40.772+0000] {dag.py:3823} INFO - Setting next_dagrun for example_nested_branch_dag to 2024-09-30 00:00:00+00:00, run_after=2024-10-01 00:00:00+00:00
[2024-10-01T00:07:40.864+0000] {processor.py:183} INFO - Processing /home/airflow/.local/lib/python3.8/site-packages/airflow/example_dags/example_nested_branch_dag.py took 0.389 seconds
[2024-10-01T00:08:11.640+0000] {processor.py:161} INFO - Started process (PID=1784) to work on /home/airflow/.local/lib/python3.8/site-packages/airflow/example_dags/example_nested_branch_dag.py
[2024-10-01T00:08:11.642+0000] {processor.py:830} INFO - Processing file /home/airflow/.local/lib/python3.8/site-packages/airflow/example_dags/example_nested_branch_dag.py for tasks to queue
[2024-10-01T00:08:11.645+0000] {logging_mixin.py:188} INFO - [2024-10-01T00:08:11.644+0000] {dagbag.py:538} INFO - Filling up the DagBag from /home/airflow/.local/lib/python3.8/site-packages/airflow/example_dags/example_nested_branch_dag.py
[2024-10-01T00:08:11.661+0000] {processor.py:840} INFO - DAG(s) 'example_nested_branch_dag' retrieved from /home/airflow/.local/lib/python3.8/site-packages/airflow/example_dags/example_nested_branch_dag.py
[2024-10-01T00:08:11.697+0000] {logging_mixin.py:188} INFO - [2024-10-01T00:08:11.697+0000] {dag.py:3036} INFO - Sync 1 DAGs
[2024-10-01T00:08:11.737+0000] {logging_mixin.py:188} INFO - [2024-10-01T00:08:11.737+0000] {dag.py:3823} INFO - Setting next_dagrun for example_nested_branch_dag to 2024-09-30 00:00:00+00:00, run_after=2024-10-01 00:00:00+00:00
[2024-10-01T00:08:11.772+0000] {processor.py:183} INFO - Processing /home/airflow/.local/lib/python3.8/site-packages/airflow/example_dags/example_nested_branch_dag.py took 0.137 seconds
[2024-10-01T00:08:41.862+0000] {processor.py:161} INFO - Started process (PID=1850) to work on /home/airflow/.local/lib/python3.8/site-packages/airflow/example_dags/example_nested_branch_dag.py
[2024-10-01T00:08:41.864+0000] {processor.py:830} INFO - Processing file /home/airflow/.local/lib/python3.8/site-packages/airflow/example_dags/example_nested_branch_dag.py for tasks to queue
[2024-10-01T00:08:41.867+0000] {logging_mixin.py:188} INFO - [2024-10-01T00:08:41.866+0000] {dagbag.py:538} INFO - Filling up the DagBag from /home/airflow/.local/lib/python3.8/site-packages/airflow/example_dags/example_nested_branch_dag.py
[2024-10-01T00:08:41.883+0000] {processor.py:840} INFO - DAG(s) 'example_nested_branch_dag' retrieved from /home/airflow/.local/lib/python3.8/site-packages/airflow/example_dags/example_nested_branch_dag.py
[2024-10-01T00:08:41.918+0000] {logging_mixin.py:188} INFO - [2024-10-01T00:08:41.917+0000] {dag.py:3036} INFO - Sync 1 DAGs
[2024-10-01T00:08:41.955+0000] {logging_mixin.py:188} INFO - [2024-10-01T00:08:41.955+0000] {dag.py:3823} INFO - Setting next_dagrun for example_nested_branch_dag to 2024-09-30 00:00:00+00:00, run_after=2024-10-01 00:00:00+00:00
[2024-10-01T00:08:41.985+0000] {processor.py:183} INFO - Processing /home/airflow/.local/lib/python3.8/site-packages/airflow/example_dags/example_nested_branch_dag.py took 0.128 seconds
[2024-10-01T00:09:12.598+0000] {processor.py:161} INFO - Started process (PID=1916) to work on /home/airflow/.local/lib/python3.8/site-packages/airflow/example_dags/example_nested_branch_dag.py
[2024-10-01T00:09:12.604+0000] {processor.py:830} INFO - Processing file /home/airflow/.local/lib/python3.8/site-packages/airflow/example_dags/example_nested_branch_dag.py for tasks to queue
[2024-10-01T00:09:12.616+0000] {logging_mixin.py:188} INFO - [2024-10-01T00:09:12.614+0000] {dagbag.py:538} INFO - Filling up the DagBag from /home/airflow/.local/lib/python3.8/site-packages/airflow/example_dags/example_nested_branch_dag.py
[2024-10-01T00:09:12.675+0000] {processor.py:840} INFO - DAG(s) 'example_nested_branch_dag' retrieved from /home/airflow/.local/lib/python3.8/site-packages/airflow/example_dags/example_nested_branch_dag.py
[2024-10-01T00:09:12.799+0000] {logging_mixin.py:188} INFO - [2024-10-01T00:09:12.798+0000] {dag.py:3036} INFO - Sync 1 DAGs
[2024-10-01T00:09:13.004+0000] {logging_mixin.py:188} INFO - [2024-10-01T00:09:13.002+0000] {dag.py:3823} INFO - Setting next_dagrun for example_nested_branch_dag to 2024-09-30 00:00:00+00:00, run_after=2024-10-01 00:00:00+00:00
[2024-10-01T00:09:13.126+0000] {processor.py:183} INFO - Processing /home/airflow/.local/lib/python3.8/site-packages/airflow/example_dags/example_nested_branch_dag.py took 0.547 seconds
[2024-10-01T00:09:44.916+0000] {processor.py:161} INFO - Started process (PID=1981) to work on /home/airflow/.local/lib/python3.8/site-packages/airflow/example_dags/example_nested_branch_dag.py
[2024-10-01T00:09:44.926+0000] {processor.py:830} INFO - Processing file /home/airflow/.local/lib/python3.8/site-packages/airflow/example_dags/example_nested_branch_dag.py for tasks to queue
[2024-10-01T00:09:44.944+0000] {logging_mixin.py:188} INFO - [2024-10-01T00:09:44.940+0000] {dagbag.py:538} INFO - Filling up the DagBag from /home/airflow/.local/lib/python3.8/site-packages/airflow/example_dags/example_nested_branch_dag.py
[2024-10-01T00:09:45.035+0000] {processor.py:840} INFO - DAG(s) 'example_nested_branch_dag' retrieved from /home/airflow/.local/lib/python3.8/site-packages/airflow/example_dags/example_nested_branch_dag.py
[2024-10-01T00:09:45.201+0000] {logging_mixin.py:188} INFO - [2024-10-01T00:09:45.199+0000] {dag.py:3036} INFO - Sync 1 DAGs
[2024-10-01T00:09:45.393+0000] {logging_mixin.py:188} INFO - [2024-10-01T00:09:45.391+0000] {dag.py:3823} INFO - Setting next_dagrun for example_nested_branch_dag to 2024-09-30 00:00:00+00:00, run_after=2024-10-01 00:00:00+00:00
[2024-10-01T00:09:45.522+0000] {processor.py:183} INFO - Processing /home/airflow/.local/lib/python3.8/site-packages/airflow/example_dags/example_nested_branch_dag.py took 0.634 seconds
[2024-10-01T00:10:29.438+0000] {processor.py:161} INFO - Started process (PID=2046) to work on /home/airflow/.local/lib/python3.8/site-packages/airflow/example_dags/example_nested_branch_dag.py
[2024-10-01T00:10:29.468+0000] {processor.py:830} INFO - Processing file /home/airflow/.local/lib/python3.8/site-packages/airflow/example_dags/example_nested_branch_dag.py for tasks to queue
[2024-10-01T00:10:29.516+0000] {logging_mixin.py:188} INFO - [2024-10-01T00:10:29.511+0000] {dagbag.py:538} INFO - Filling up the DagBag from /home/airflow/.local/lib/python3.8/site-packages/airflow/example_dags/example_nested_branch_dag.py
[2024-10-01T00:10:29.803+0000] {processor.py:840} INFO - DAG(s) 'example_nested_branch_dag' retrieved from /home/airflow/.local/lib/python3.8/site-packages/airflow/example_dags/example_nested_branch_dag.py
[2024-10-01T00:10:30.126+0000] {logging_mixin.py:188} INFO - [2024-10-01T00:10:30.122+0000] {dag.py:3036} INFO - Sync 1 DAGs
[2024-10-01T00:10:30.596+0000] {logging_mixin.py:188} INFO - [2024-10-01T00:10:30.592+0000] {dag.py:3823} INFO - Setting next_dagrun for example_nested_branch_dag to 2024-09-30 00:00:00+00:00, run_after=2024-10-01 00:00:00+00:00
[2024-10-01T00:10:30.939+0000] {processor.py:183} INFO - Processing /home/airflow/.local/lib/python3.8/site-packages/airflow/example_dags/example_nested_branch_dag.py took 1.577 seconds
[2024-10-01T00:11:16.851+0000] {processor.py:161} INFO - Started process (PID=2113) to work on /home/airflow/.local/lib/python3.8/site-packages/airflow/example_dags/example_nested_branch_dag.py
[2024-10-01T00:11:16.859+0000] {processor.py:830} INFO - Processing file /home/airflow/.local/lib/python3.8/site-packages/airflow/example_dags/example_nested_branch_dag.py for tasks to queue
[2024-10-01T00:11:16.875+0000] {logging_mixin.py:188} INFO - [2024-10-01T00:11:16.873+0000] {dagbag.py:538} INFO - Filling up the DagBag from /home/airflow/.local/lib/python3.8/site-packages/airflow/example_dags/example_nested_branch_dag.py
[2024-10-01T00:11:16.966+0000] {processor.py:840} INFO - DAG(s) 'example_nested_branch_dag' retrieved from /home/airflow/.local/lib/python3.8/site-packages/airflow/example_dags/example_nested_branch_dag.py
[2024-10-01T00:11:17.127+0000] {logging_mixin.py:188} INFO - [2024-10-01T00:11:17.125+0000] {dag.py:3036} INFO - Sync 1 DAGs
[2024-10-01T00:11:17.409+0000] {logging_mixin.py:188} INFO - [2024-10-01T00:11:17.407+0000] {dag.py:3823} INFO - Setting next_dagrun for example_nested_branch_dag to 2024-09-30 00:00:00+00:00, run_after=2024-10-01 00:00:00+00:00
[2024-10-01T00:11:17.659+0000] {processor.py:183} INFO - Processing /home/airflow/.local/lib/python3.8/site-packages/airflow/example_dags/example_nested_branch_dag.py took 0.835 seconds
[2024-10-01T00:11:49.791+0000] {processor.py:161} INFO - Started process (PID=2178) to work on /home/airflow/.local/lib/python3.8/site-packages/airflow/example_dags/example_nested_branch_dag.py
[2024-10-01T00:11:49.801+0000] {processor.py:830} INFO - Processing file /home/airflow/.local/lib/python3.8/site-packages/airflow/example_dags/example_nested_branch_dag.py for tasks to queue
[2024-10-01T00:11:49.817+0000] {logging_mixin.py:188} INFO - [2024-10-01T00:11:49.815+0000] {dagbag.py:538} INFO - Filling up the DagBag from /home/airflow/.local/lib/python3.8/site-packages/airflow/example_dags/example_nested_branch_dag.py
[2024-10-01T00:11:49.929+0000] {processor.py:840} INFO - DAG(s) 'example_nested_branch_dag' retrieved from /home/airflow/.local/lib/python3.8/site-packages/airflow/example_dags/example_nested_branch_dag.py
[2024-10-01T00:11:50.234+0000] {logging_mixin.py:188} INFO - [2024-10-01T00:11:50.230+0000] {dag.py:3036} INFO - Sync 1 DAGs
[2024-10-01T00:11:50.507+0000] {logging_mixin.py:188} INFO - [2024-10-01T00:11:50.505+0000] {dag.py:3823} INFO - Setting next_dagrun for example_nested_branch_dag to 2024-09-30 00:00:00+00:00, run_after=2024-10-01 00:00:00+00:00
[2024-10-01T00:11:50.738+0000] {processor.py:183} INFO - Processing /home/airflow/.local/lib/python3.8/site-packages/airflow/example_dags/example_nested_branch_dag.py took 0.986 seconds
[2024-10-01T00:12:21.389+0000] {processor.py:161} INFO - Started process (PID=2238) to work on /home/airflow/.local/lib/python3.8/site-packages/airflow/example_dags/example_nested_branch_dag.py
[2024-10-01T00:12:21.392+0000] {processor.py:830} INFO - Processing file /home/airflow/.local/lib/python3.8/site-packages/airflow/example_dags/example_nested_branch_dag.py for tasks to queue
[2024-10-01T00:12:21.398+0000] {logging_mixin.py:188} INFO - [2024-10-01T00:12:21.397+0000] {dagbag.py:538} INFO - Filling up the DagBag from /home/airflow/.local/lib/python3.8/site-packages/airflow/example_dags/example_nested_branch_dag.py
[2024-10-01T00:12:21.436+0000] {processor.py:840} INFO - DAG(s) 'example_nested_branch_dag' retrieved from /home/airflow/.local/lib/python3.8/site-packages/airflow/example_dags/example_nested_branch_dag.py
[2024-10-01T00:12:21.513+0000] {logging_mixin.py:188} INFO - [2024-10-01T00:12:21.512+0000] {dag.py:3036} INFO - Sync 1 DAGs
[2024-10-01T00:12:21.605+0000] {logging_mixin.py:188} INFO - [2024-10-01T00:12:21.604+0000] {dag.py:3823} INFO - Setting next_dagrun for example_nested_branch_dag to 2024-09-30 00:00:00+00:00, run_after=2024-10-01 00:00:00+00:00
[2024-10-01T00:12:21.672+0000] {processor.py:183} INFO - Processing /home/airflow/.local/lib/python3.8/site-packages/airflow/example_dags/example_nested_branch_dag.py took 0.296 seconds
[2024-10-01T00:12:52.095+0000] {processor.py:161} INFO - Started process (PID=2304) to work on /home/airflow/.local/lib/python3.8/site-packages/airflow/example_dags/example_nested_branch_dag.py
[2024-10-01T00:12:52.099+0000] {processor.py:830} INFO - Processing file /home/airflow/.local/lib/python3.8/site-packages/airflow/example_dags/example_nested_branch_dag.py for tasks to queue
[2024-10-01T00:12:52.106+0000] {logging_mixin.py:188} INFO - [2024-10-01T00:12:52.105+0000] {dagbag.py:538} INFO - Filling up the DagBag from /home/airflow/.local/lib/python3.8/site-packages/airflow/example_dags/example_nested_branch_dag.py
[2024-10-01T00:12:52.143+0000] {processor.py:840} INFO - DAG(s) 'example_nested_branch_dag' retrieved from /home/airflow/.local/lib/python3.8/site-packages/airflow/example_dags/example_nested_branch_dag.py
[2024-10-01T00:12:52.215+0000] {logging_mixin.py:188} INFO - [2024-10-01T00:12:52.214+0000] {dag.py:3036} INFO - Sync 1 DAGs
[2024-10-01T00:12:52.297+0000] {logging_mixin.py:188} INFO - [2024-10-01T00:12:52.296+0000] {dag.py:3823} INFO - Setting next_dagrun for example_nested_branch_dag to 2024-09-30 00:00:00+00:00, run_after=2024-10-01 00:00:00+00:00
[2024-10-01T00:12:52.363+0000] {processor.py:183} INFO - Processing /home/airflow/.local/lib/python3.8/site-packages/airflow/example_dags/example_nested_branch_dag.py took 0.281 seconds
[2024-10-01T00:13:22.788+0000] {processor.py:161} INFO - Started process (PID=2370) to work on /home/airflow/.local/lib/python3.8/site-packages/airflow/example_dags/example_nested_branch_dag.py
[2024-10-01T00:13:22.794+0000] {processor.py:830} INFO - Processing file /home/airflow/.local/lib/python3.8/site-packages/airflow/example_dags/example_nested_branch_dag.py for tasks to queue
[2024-10-01T00:13:22.804+0000] {logging_mixin.py:188} INFO - [2024-10-01T00:13:22.803+0000] {dagbag.py:538} INFO - Filling up the DagBag from /home/airflow/.local/lib/python3.8/site-packages/airflow/example_dags/example_nested_branch_dag.py
[2024-10-01T00:13:22.862+0000] {processor.py:840} INFO - DAG(s) 'example_nested_branch_dag' retrieved from /home/airflow/.local/lib/python3.8/site-packages/airflow/example_dags/example_nested_branch_dag.py
[2024-10-01T00:13:22.971+0000] {logging_mixin.py:188} INFO - [2024-10-01T00:13:22.970+0000] {dag.py:3036} INFO - Sync 1 DAGs
[2024-10-01T00:13:23.545+0000] {logging_mixin.py:188} INFO - [2024-10-01T00:13:23.543+0000] {dag.py:3823} INFO - Setting next_dagrun for example_nested_branch_dag to 2024-09-30 00:00:00+00:00, run_after=2024-10-01 00:00:00+00:00
[2024-10-01T00:13:23.614+0000] {processor.py:183} INFO - Processing /home/airflow/.local/lib/python3.8/site-packages/airflow/example_dags/example_nested_branch_dag.py took 0.845 seconds
[2024-10-01T00:13:53.851+0000] {processor.py:161} INFO - Started process (PID=2436) to work on /home/airflow/.local/lib/python3.8/site-packages/airflow/example_dags/example_nested_branch_dag.py
[2024-10-01T00:13:53.853+0000] {processor.py:830} INFO - Processing file /home/airflow/.local/lib/python3.8/site-packages/airflow/example_dags/example_nested_branch_dag.py for tasks to queue
[2024-10-01T00:13:53.856+0000] {logging_mixin.py:188} INFO - [2024-10-01T00:13:53.855+0000] {dagbag.py:538} INFO - Filling up the DagBag from /home/airflow/.local/lib/python3.8/site-packages/airflow/example_dags/example_nested_branch_dag.py
[2024-10-01T00:13:53.875+0000] {processor.py:840} INFO - DAG(s) 'example_nested_branch_dag' retrieved from /home/airflow/.local/lib/python3.8/site-packages/airflow/example_dags/example_nested_branch_dag.py
[2024-10-01T00:13:53.917+0000] {logging_mixin.py:188} INFO - [2024-10-01T00:13:53.916+0000] {dag.py:3036} INFO - Sync 1 DAGs
[2024-10-01T00:13:53.961+0000] {logging_mixin.py:188} INFO - [2024-10-01T00:13:53.960+0000] {dag.py:3823} INFO - Setting next_dagrun for example_nested_branch_dag to 2024-09-30 00:00:00+00:00, run_after=2024-10-01 00:00:00+00:00
[2024-10-01T00:13:53.997+0000] {processor.py:183} INFO - Processing /home/airflow/.local/lib/python3.8/site-packages/airflow/example_dags/example_nested_branch_dag.py took 0.152 seconds
[2024-10-01T00:14:24.645+0000] {processor.py:161} INFO - Started process (PID=2502) to work on /home/airflow/.local/lib/python3.8/site-packages/airflow/example_dags/example_nested_branch_dag.py
[2024-10-01T00:14:24.647+0000] {processor.py:830} INFO - Processing file /home/airflow/.local/lib/python3.8/site-packages/airflow/example_dags/example_nested_branch_dag.py for tasks to queue
[2024-10-01T00:14:24.651+0000] {logging_mixin.py:188} INFO - [2024-10-01T00:14:24.651+0000] {dagbag.py:538} INFO - Filling up the DagBag from /home/airflow/.local/lib/python3.8/site-packages/airflow/example_dags/example_nested_branch_dag.py
[2024-10-01T00:14:24.675+0000] {processor.py:840} INFO - DAG(s) 'example_nested_branch_dag' retrieved from /home/airflow/.local/lib/python3.8/site-packages/airflow/example_dags/example_nested_branch_dag.py
[2024-10-01T00:14:24.729+0000] {logging_mixin.py:188} INFO - [2024-10-01T00:14:24.729+0000] {dag.py:3036} INFO - Sync 1 DAGs
[2024-10-01T00:14:24.785+0000] {logging_mixin.py:188} INFO - [2024-10-01T00:14:24.785+0000] {dag.py:3823} INFO - Setting next_dagrun for example_nested_branch_dag to 2024-09-30 00:00:00+00:00, run_after=2024-10-01 00:00:00+00:00
[2024-10-01T00:14:24.828+0000] {processor.py:183} INFO - Processing /home/airflow/.local/lib/python3.8/site-packages/airflow/example_dags/example_nested_branch_dag.py took 0.190 seconds
[2024-10-01T00:14:55.246+0000] {processor.py:161} INFO - Started process (PID=2567) to work on /home/airflow/.local/lib/python3.8/site-packages/airflow/example_dags/example_nested_branch_dag.py
[2024-10-01T00:14:55.248+0000] {processor.py:830} INFO - Processing file /home/airflow/.local/lib/python3.8/site-packages/airflow/example_dags/example_nested_branch_dag.py for tasks to queue
[2024-10-01T00:14:55.251+0000] {logging_mixin.py:188} INFO - [2024-10-01T00:14:55.251+0000] {dagbag.py:538} INFO - Filling up the DagBag from /home/airflow/.local/lib/python3.8/site-packages/airflow/example_dags/example_nested_branch_dag.py
[2024-10-01T00:14:55.273+0000] {processor.py:840} INFO - DAG(s) 'example_nested_branch_dag' retrieved from /home/airflow/.local/lib/python3.8/site-packages/airflow/example_dags/example_nested_branch_dag.py
[2024-10-01T00:14:55.314+0000] {logging_mixin.py:188} INFO - [2024-10-01T00:14:55.314+0000] {dag.py:3036} INFO - Sync 1 DAGs
[2024-10-01T00:14:55.595+0000] {logging_mixin.py:188} INFO - [2024-10-01T00:14:55.595+0000] {dag.py:3823} INFO - Setting next_dagrun for example_nested_branch_dag to 2024-09-30 00:00:00+00:00, run_after=2024-10-01 00:00:00+00:00
[2024-10-01T00:14:55.635+0000] {processor.py:183} INFO - Processing /home/airflow/.local/lib/python3.8/site-packages/airflow/example_dags/example_nested_branch_dag.py took 0.396 seconds
[2024-10-01T00:15:25.828+0000] {processor.py:161} INFO - Started process (PID=2633) to work on /home/airflow/.local/lib/python3.8/site-packages/airflow/example_dags/example_nested_branch_dag.py
[2024-10-01T00:15:25.830+0000] {processor.py:830} INFO - Processing file /home/airflow/.local/lib/python3.8/site-packages/airflow/example_dags/example_nested_branch_dag.py for tasks to queue
[2024-10-01T00:15:25.833+0000] {logging_mixin.py:188} INFO - [2024-10-01T00:15:25.833+0000] {dagbag.py:538} INFO - Filling up the DagBag from /home/airflow/.local/lib/python3.8/site-packages/airflow/example_dags/example_nested_branch_dag.py
[2024-10-01T00:15:25.852+0000] {processor.py:840} INFO - DAG(s) 'example_nested_branch_dag' retrieved from /home/airflow/.local/lib/python3.8/site-packages/airflow/example_dags/example_nested_branch_dag.py
[2024-10-01T00:15:25.891+0000] {logging_mixin.py:188} INFO - [2024-10-01T00:15:25.891+0000] {dag.py:3036} INFO - Sync 1 DAGs
[2024-10-01T00:15:25.938+0000] {logging_mixin.py:188} INFO - [2024-10-01T00:15:25.938+0000] {dag.py:3823} INFO - Setting next_dagrun for example_nested_branch_dag to 2024-09-30 00:00:00+00:00, run_after=2024-10-01 00:00:00+00:00
[2024-10-01T00:15:25.978+0000] {processor.py:183} INFO - Processing /home/airflow/.local/lib/python3.8/site-packages/airflow/example_dags/example_nested_branch_dag.py took 0.156 seconds
[2024-10-01T00:16:00.927+0000] {processor.py:161} INFO - Started process (PID=2700) to work on /home/airflow/.local/lib/python3.8/site-packages/airflow/example_dags/example_nested_branch_dag.py
[2024-10-01T00:16:00.937+0000] {processor.py:830} INFO - Processing file /home/airflow/.local/lib/python3.8/site-packages/airflow/example_dags/example_nested_branch_dag.py for tasks to queue
[2024-10-01T00:16:00.983+0000] {logging_mixin.py:188} INFO - [2024-10-01T00:16:00.975+0000] {dagbag.py:538} INFO - Filling up the DagBag from /home/airflow/.local/lib/python3.8/site-packages/airflow/example_dags/example_nested_branch_dag.py
[2024-10-01T00:16:01.138+0000] {processor.py:840} INFO - DAG(s) 'example_nested_branch_dag' retrieved from /home/airflow/.local/lib/python3.8/site-packages/airflow/example_dags/example_nested_branch_dag.py
[2024-10-01T00:16:01.405+0000] {logging_mixin.py:188} INFO - [2024-10-01T00:16:01.403+0000] {dag.py:3036} INFO - Sync 1 DAGs
[2024-10-01T00:16:01.699+0000] {logging_mixin.py:188} INFO - [2024-10-01T00:16:01.697+0000] {dag.py:3823} INFO - Setting next_dagrun for example_nested_branch_dag to 2024-09-30 00:00:00+00:00, run_after=2024-10-01 00:00:00+00:00
[2024-10-01T00:16:01.891+0000] {processor.py:183} INFO - Processing /home/airflow/.local/lib/python3.8/site-packages/airflow/example_dags/example_nested_branch_dag.py took 1.023 seconds
[2024-10-01T00:16:39.551+0000] {processor.py:161} INFO - Started process (PID=2762) to work on /home/airflow/.local/lib/python3.8/site-packages/airflow/example_dags/example_nested_branch_dag.py
[2024-10-01T00:16:39.561+0000] {processor.py:830} INFO - Processing file /home/airflow/.local/lib/python3.8/site-packages/airflow/example_dags/example_nested_branch_dag.py for tasks to queue
[2024-10-01T00:16:39.564+0000] {logging_mixin.py:188} INFO - [2024-10-01T00:16:39.564+0000] {dagbag.py:538} INFO - Filling up the DagBag from /home/airflow/.local/lib/python3.8/site-packages/airflow/example_dags/example_nested_branch_dag.py
[2024-10-01T00:16:39.845+0000] {processor.py:840} INFO - DAG(s) 'example_nested_branch_dag' retrieved from /home/airflow/.local/lib/python3.8/site-packages/airflow/example_dags/example_nested_branch_dag.py
[2024-10-01T00:16:39.889+0000] {logging_mixin.py:188} INFO - [2024-10-01T00:16:39.888+0000] {dag.py:3036} INFO - Sync 1 DAGs
[2024-10-01T00:16:39.946+0000] {logging_mixin.py:188} INFO - [2024-10-01T00:16:39.946+0000] {dag.py:3823} INFO - Setting next_dagrun for example_nested_branch_dag to 2024-09-30 00:00:00+00:00, run_after=2024-10-01 00:00:00+00:00
[2024-10-01T00:16:39.989+0000] {processor.py:183} INFO - Processing /home/airflow/.local/lib/python3.8/site-packages/airflow/example_dags/example_nested_branch_dag.py took 0.447 seconds
[2024-10-01T00:17:10.655+0000] {processor.py:161} INFO - Started process (PID=2828) to work on /home/airflow/.local/lib/python3.8/site-packages/airflow/example_dags/example_nested_branch_dag.py
[2024-10-01T00:17:10.658+0000] {processor.py:830} INFO - Processing file /home/airflow/.local/lib/python3.8/site-packages/airflow/example_dags/example_nested_branch_dag.py for tasks to queue
[2024-10-01T00:17:10.665+0000] {logging_mixin.py:188} INFO - [2024-10-01T00:17:10.664+0000] {dagbag.py:538} INFO - Filling up the DagBag from /home/airflow/.local/lib/python3.8/site-packages/airflow/example_dags/example_nested_branch_dag.py
[2024-10-01T00:17:10.692+0000] {processor.py:840} INFO - DAG(s) 'example_nested_branch_dag' retrieved from /home/airflow/.local/lib/python3.8/site-packages/airflow/example_dags/example_nested_branch_dag.py
[2024-10-01T00:17:10.756+0000] {logging_mixin.py:188} INFO - [2024-10-01T00:17:10.755+0000] {dag.py:3036} INFO - Sync 1 DAGs
[2024-10-01T00:17:10.836+0000] {logging_mixin.py:188} INFO - [2024-10-01T00:17:10.836+0000] {dag.py:3823} INFO - Setting next_dagrun for example_nested_branch_dag to 2024-09-30 00:00:00+00:00, run_after=2024-10-01 00:00:00+00:00
[2024-10-01T00:17:10.902+0000] {processor.py:183} INFO - Processing /home/airflow/.local/lib/python3.8/site-packages/airflow/example_dags/example_nested_branch_dag.py took 0.258 seconds
[2024-10-01T00:17:42.250+0000] {processor.py:161} INFO - Started process (PID=2897) to work on /home/airflow/.local/lib/python3.8/site-packages/airflow/example_dags/example_nested_branch_dag.py
[2024-10-01T00:17:42.252+0000] {processor.py:830} INFO - Processing file /home/airflow/.local/lib/python3.8/site-packages/airflow/example_dags/example_nested_branch_dag.py for tasks to queue
[2024-10-01T00:17:42.254+0000] {logging_mixin.py:188} INFO - [2024-10-01T00:17:42.254+0000] {dagbag.py:538} INFO - Filling up the DagBag from /home/airflow/.local/lib/python3.8/site-packages/airflow/example_dags/example_nested_branch_dag.py
[2024-10-01T00:17:42.271+0000] {processor.py:840} INFO - DAG(s) 'example_nested_branch_dag' retrieved from /home/airflow/.local/lib/python3.8/site-packages/airflow/example_dags/example_nested_branch_dag.py
[2024-10-01T00:17:42.307+0000] {logging_mixin.py:188} INFO - [2024-10-01T00:17:42.306+0000] {dag.py:3036} INFO - Sync 1 DAGs
[2024-10-01T00:17:42.348+0000] {logging_mixin.py:188} INFO - [2024-10-01T00:17:42.348+0000] {dag.py:3823} INFO - Setting next_dagrun for example_nested_branch_dag to 2024-09-30 00:00:00+00:00, run_after=2024-10-01 00:00:00+00:00
[2024-10-01T00:17:42.383+0000] {processor.py:183} INFO - Processing /home/airflow/.local/lib/python3.8/site-packages/airflow/example_dags/example_nested_branch_dag.py took 0.138 seconds
[2024-10-01T00:18:12.489+0000] {processor.py:161} INFO - Started process (PID=2962) to work on /home/airflow/.local/lib/python3.8/site-packages/airflow/example_dags/example_nested_branch_dag.py
[2024-10-01T00:18:12.491+0000] {processor.py:830} INFO - Processing file /home/airflow/.local/lib/python3.8/site-packages/airflow/example_dags/example_nested_branch_dag.py for tasks to queue
[2024-10-01T00:18:12.493+0000] {logging_mixin.py:188} INFO - [2024-10-01T00:18:12.492+0000] {dagbag.py:538} INFO - Filling up the DagBag from /home/airflow/.local/lib/python3.8/site-packages/airflow/example_dags/example_nested_branch_dag.py
[2024-10-01T00:18:12.508+0000] {processor.py:840} INFO - DAG(s) 'example_nested_branch_dag' retrieved from /home/airflow/.local/lib/python3.8/site-packages/airflow/example_dags/example_nested_branch_dag.py
[2024-10-01T00:18:12.546+0000] {logging_mixin.py:188} INFO - [2024-10-01T00:18:12.546+0000] {dag.py:3036} INFO - Sync 1 DAGs
[2024-10-01T00:18:12.590+0000] {logging_mixin.py:188} INFO - [2024-10-01T00:18:12.590+0000] {dag.py:3823} INFO - Setting next_dagrun for example_nested_branch_dag to 2024-09-30 00:00:00+00:00, run_after=2024-10-01 00:00:00+00:00
[2024-10-01T00:18:12.620+0000] {processor.py:183} INFO - Processing /home/airflow/.local/lib/python3.8/site-packages/airflow/example_dags/example_nested_branch_dag.py took 0.136 seconds
[2024-10-01T00:18:42.794+0000] {processor.py:161} INFO - Started process (PID=3036) to work on /home/airflow/.local/lib/python3.8/site-packages/airflow/example_dags/example_nested_branch_dag.py
[2024-10-01T00:18:42.796+0000] {processor.py:830} INFO - Processing file /home/airflow/.local/lib/python3.8/site-packages/airflow/example_dags/example_nested_branch_dag.py for tasks to queue
[2024-10-01T00:18:42.798+0000] {logging_mixin.py:188} INFO - [2024-10-01T00:18:42.798+0000] {dagbag.py:538} INFO - Filling up the DagBag from /home/airflow/.local/lib/python3.8/site-packages/airflow/example_dags/example_nested_branch_dag.py
[2024-10-01T00:18:42.816+0000] {processor.py:840} INFO - DAG(s) 'example_nested_branch_dag' retrieved from /home/airflow/.local/lib/python3.8/site-packages/airflow/example_dags/example_nested_branch_dag.py
[2024-10-01T00:18:42.857+0000] {logging_mixin.py:188} INFO - [2024-10-01T00:18:42.857+0000] {dag.py:3036} INFO - Sync 1 DAGs
[2024-10-01T00:18:42.896+0000] {logging_mixin.py:188} INFO - [2024-10-01T00:18:42.895+0000] {dag.py:3823} INFO - Setting next_dagrun for example_nested_branch_dag to 2024-09-30 00:00:00+00:00, run_after=2024-10-01 00:00:00+00:00
[2024-10-01T00:18:42.924+0000] {processor.py:183} INFO - Processing /home/airflow/.local/lib/python3.8/site-packages/airflow/example_dags/example_nested_branch_dag.py took 0.136 seconds
[2024-10-01T00:19:13.252+0000] {processor.py:161} INFO - Started process (PID=3103) to work on /home/airflow/.local/lib/python3.8/site-packages/airflow/example_dags/example_nested_branch_dag.py
[2024-10-01T00:19:13.255+0000] {processor.py:830} INFO - Processing file /home/airflow/.local/lib/python3.8/site-packages/airflow/example_dags/example_nested_branch_dag.py for tasks to queue
[2024-10-01T00:19:13.260+0000] {logging_mixin.py:188} INFO - [2024-10-01T00:19:13.259+0000] {dagbag.py:538} INFO - Filling up the DagBag from /home/airflow/.local/lib/python3.8/site-packages/airflow/example_dags/example_nested_branch_dag.py
[2024-10-01T00:19:13.295+0000] {processor.py:840} INFO - DAG(s) 'example_nested_branch_dag' retrieved from /home/airflow/.local/lib/python3.8/site-packages/airflow/example_dags/example_nested_branch_dag.py
[2024-10-01T00:19:13.345+0000] {logging_mixin.py:188} INFO - [2024-10-01T00:19:13.344+0000] {dag.py:3036} INFO - Sync 1 DAGs
[2024-10-01T00:19:13.397+0000] {logging_mixin.py:188} INFO - [2024-10-01T00:19:13.397+0000] {dag.py:3823} INFO - Setting next_dagrun for example_nested_branch_dag to 2024-09-30 00:00:00+00:00, run_after=2024-10-01 00:00:00+00:00
[2024-10-01T00:19:13.441+0000] {processor.py:183} INFO - Processing /home/airflow/.local/lib/python3.8/site-packages/airflow/example_dags/example_nested_branch_dag.py took 0.198 seconds
[2024-10-01T00:19:43.880+0000] {processor.py:161} INFO - Started process (PID=3170) to work on /home/airflow/.local/lib/python3.8/site-packages/airflow/example_dags/example_nested_branch_dag.py
[2024-10-01T00:19:43.883+0000] {processor.py:830} INFO - Processing file /home/airflow/.local/lib/python3.8/site-packages/airflow/example_dags/example_nested_branch_dag.py for tasks to queue
[2024-10-01T00:19:43.887+0000] {logging_mixin.py:188} INFO - [2024-10-01T00:19:43.886+0000] {dagbag.py:538} INFO - Filling up the DagBag from /home/airflow/.local/lib/python3.8/site-packages/airflow/example_dags/example_nested_branch_dag.py
[2024-10-01T00:19:43.914+0000] {processor.py:840} INFO - DAG(s) 'example_nested_branch_dag' retrieved from /home/airflow/.local/lib/python3.8/site-packages/airflow/example_dags/example_nested_branch_dag.py
[2024-10-01T00:19:43.960+0000] {logging_mixin.py:188} INFO - [2024-10-01T00:19:43.959+0000] {dag.py:3036} INFO - Sync 1 DAGs
[2024-10-01T00:19:44.011+0000] {logging_mixin.py:188} INFO - [2024-10-01T00:19:44.010+0000] {dag.py:3823} INFO - Setting next_dagrun for example_nested_branch_dag to 2024-09-30 00:00:00+00:00, run_after=2024-10-01 00:00:00+00:00
[2024-10-01T00:19:44.059+0000] {processor.py:183} INFO - Processing /home/airflow/.local/lib/python3.8/site-packages/airflow/example_dags/example_nested_branch_dag.py took 0.187 seconds
[2024-10-01T00:20:14.332+0000] {processor.py:161} INFO - Started process (PID=3236) to work on /home/airflow/.local/lib/python3.8/site-packages/airflow/example_dags/example_nested_branch_dag.py
[2024-10-01T00:20:14.333+0000] {processor.py:830} INFO - Processing file /home/airflow/.local/lib/python3.8/site-packages/airflow/example_dags/example_nested_branch_dag.py for tasks to queue
[2024-10-01T00:20:14.336+0000] {logging_mixin.py:188} INFO - [2024-10-01T00:20:14.336+0000] {dagbag.py:538} INFO - Filling up the DagBag from /home/airflow/.local/lib/python3.8/site-packages/airflow/example_dags/example_nested_branch_dag.py
[2024-10-01T00:20:14.355+0000] {processor.py:840} INFO - DAG(s) 'example_nested_branch_dag' retrieved from /home/airflow/.local/lib/python3.8/site-packages/airflow/example_dags/example_nested_branch_dag.py
[2024-10-01T00:20:14.403+0000] {logging_mixin.py:188} INFO - [2024-10-01T00:20:14.403+0000] {dag.py:3036} INFO - Sync 1 DAGs
[2024-10-01T00:20:14.454+0000] {logging_mixin.py:188} INFO - [2024-10-01T00:20:14.453+0000] {dag.py:3823} INFO - Setting next_dagrun for example_nested_branch_dag to 2024-09-30 00:00:00+00:00, run_after=2024-10-01 00:00:00+00:00
[2024-10-01T00:20:14.490+0000] {processor.py:183} INFO - Processing /home/airflow/.local/lib/python3.8/site-packages/airflow/example_dags/example_nested_branch_dag.py took 0.164 seconds
[2024-10-01T00:20:44.724+0000] {processor.py:161} INFO - Started process (PID=3302) to work on /home/airflow/.local/lib/python3.8/site-packages/airflow/example_dags/example_nested_branch_dag.py
[2024-10-01T00:20:44.726+0000] {processor.py:830} INFO - Processing file /home/airflow/.local/lib/python3.8/site-packages/airflow/example_dags/example_nested_branch_dag.py for tasks to queue
[2024-10-01T00:20:44.731+0000] {logging_mixin.py:188} INFO - [2024-10-01T00:20:44.730+0000] {dagbag.py:538} INFO - Filling up the DagBag from /home/airflow/.local/lib/python3.8/site-packages/airflow/example_dags/example_nested_branch_dag.py
[2024-10-01T00:20:44.752+0000] {processor.py:840} INFO - DAG(s) 'example_nested_branch_dag' retrieved from /home/airflow/.local/lib/python3.8/site-packages/airflow/example_dags/example_nested_branch_dag.py
[2024-10-01T00:20:44.791+0000] {logging_mixin.py:188} INFO - [2024-10-01T00:20:44.790+0000] {dag.py:3036} INFO - Sync 1 DAGs
[2024-10-01T00:20:44.832+0000] {logging_mixin.py:188} INFO - [2024-10-01T00:20:44.832+0000] {dag.py:3823} INFO - Setting next_dagrun for example_nested_branch_dag to 2024-09-30 00:00:00+00:00, run_after=2024-10-01 00:00:00+00:00
[2024-10-01T00:20:44.869+0000] {processor.py:183} INFO - Processing /home/airflow/.local/lib/python3.8/site-packages/airflow/example_dags/example_nested_branch_dag.py took 0.153 seconds
[2024-10-01T00:21:15.483+0000] {processor.py:161} INFO - Started process (PID=3368) to work on /home/airflow/.local/lib/python3.8/site-packages/airflow/example_dags/example_nested_branch_dag.py
[2024-10-01T00:21:15.485+0000] {processor.py:830} INFO - Processing file /home/airflow/.local/lib/python3.8/site-packages/airflow/example_dags/example_nested_branch_dag.py for tasks to queue
[2024-10-01T00:21:15.488+0000] {logging_mixin.py:188} INFO - [2024-10-01T00:21:15.487+0000] {dagbag.py:538} INFO - Filling up the DagBag from /home/airflow/.local/lib/python3.8/site-packages/airflow/example_dags/example_nested_branch_dag.py
[2024-10-01T00:21:15.506+0000] {processor.py:840} INFO - DAG(s) 'example_nested_branch_dag' retrieved from /home/airflow/.local/lib/python3.8/site-packages/airflow/example_dags/example_nested_branch_dag.py
[2024-10-01T00:21:15.547+0000] {logging_mixin.py:188} INFO - [2024-10-01T00:21:15.546+0000] {dag.py:3036} INFO - Sync 1 DAGs
[2024-10-01T00:21:15.593+0000] {logging_mixin.py:188} INFO - [2024-10-01T00:21:15.593+0000] {dag.py:3823} INFO - Setting next_dagrun for example_nested_branch_dag to 2024-09-30 00:00:00+00:00, run_after=2024-10-01 00:00:00+00:00
[2024-10-01T00:21:15.633+0000] {processor.py:183} INFO - Processing /home/airflow/.local/lib/python3.8/site-packages/airflow/example_dags/example_nested_branch_dag.py took 0.156 seconds
[2024-10-01T00:21:46.138+0000] {processor.py:161} INFO - Started process (PID=3434) to work on /home/airflow/.local/lib/python3.8/site-packages/airflow/example_dags/example_nested_branch_dag.py
[2024-10-01T00:21:46.140+0000] {processor.py:830} INFO - Processing file /home/airflow/.local/lib/python3.8/site-packages/airflow/example_dags/example_nested_branch_dag.py for tasks to queue
[2024-10-01T00:21:46.143+0000] {logging_mixin.py:188} INFO - [2024-10-01T00:21:46.142+0000] {dagbag.py:538} INFO - Filling up the DagBag from /home/airflow/.local/lib/python3.8/site-packages/airflow/example_dags/example_nested_branch_dag.py
[2024-10-01T00:21:46.159+0000] {processor.py:840} INFO - DAG(s) 'example_nested_branch_dag' retrieved from /home/airflow/.local/lib/python3.8/site-packages/airflow/example_dags/example_nested_branch_dag.py
[2024-10-01T00:21:46.196+0000] {logging_mixin.py:188} INFO - [2024-10-01T00:21:46.195+0000] {dag.py:3036} INFO - Sync 1 DAGs
[2024-10-01T00:21:46.233+0000] {logging_mixin.py:188} INFO - [2024-10-01T00:21:46.233+0000] {dag.py:3823} INFO - Setting next_dagrun for example_nested_branch_dag to 2024-09-30 00:00:00+00:00, run_after=2024-10-01 00:00:00+00:00
[2024-10-01T00:21:46.264+0000] {processor.py:183} INFO - Processing /home/airflow/.local/lib/python3.8/site-packages/airflow/example_dags/example_nested_branch_dag.py took 0.131 seconds
[2024-10-01T00:22:16.825+0000] {processor.py:161} INFO - Started process (PID=3509) to work on /home/airflow/.local/lib/python3.8/site-packages/airflow/example_dags/example_nested_branch_dag.py
[2024-10-01T00:22:16.827+0000] {processor.py:830} INFO - Processing file /home/airflow/.local/lib/python3.8/site-packages/airflow/example_dags/example_nested_branch_dag.py for tasks to queue
[2024-10-01T00:22:16.830+0000] {logging_mixin.py:188} INFO - [2024-10-01T00:22:16.830+0000] {dagbag.py:538} INFO - Filling up the DagBag from /home/airflow/.local/lib/python3.8/site-packages/airflow/example_dags/example_nested_branch_dag.py
[2024-10-01T00:22:16.850+0000] {processor.py:840} INFO - DAG(s) 'example_nested_branch_dag' retrieved from /home/airflow/.local/lib/python3.8/site-packages/airflow/example_dags/example_nested_branch_dag.py
[2024-10-01T00:22:16.902+0000] {logging_mixin.py:188} INFO - [2024-10-01T00:22:16.901+0000] {dag.py:3036} INFO - Sync 1 DAGs
[2024-10-01T00:22:16.962+0000] {logging_mixin.py:188} INFO - [2024-10-01T00:22:16.962+0000] {dag.py:3823} INFO - Setting next_dagrun for example_nested_branch_dag to 2024-09-30 00:00:00+00:00, run_after=2024-10-01 00:00:00+00:00
[2024-10-01T00:22:17.004+0000] {processor.py:183} INFO - Processing /home/airflow/.local/lib/python3.8/site-packages/airflow/example_dags/example_nested_branch_dag.py took 0.186 seconds
[2024-10-01T00:22:47.237+0000] {processor.py:161} INFO - Started process (PID=3575) to work on /home/airflow/.local/lib/python3.8/site-packages/airflow/example_dags/example_nested_branch_dag.py
[2024-10-01T00:22:47.240+0000] {processor.py:830} INFO - Processing file /home/airflow/.local/lib/python3.8/site-packages/airflow/example_dags/example_nested_branch_dag.py for tasks to queue
[2024-10-01T00:22:47.244+0000] {logging_mixin.py:188} INFO - [2024-10-01T00:22:47.243+0000] {dagbag.py:538} INFO - Filling up the DagBag from /home/airflow/.local/lib/python3.8/site-packages/airflow/example_dags/example_nested_branch_dag.py
[2024-10-01T00:22:47.273+0000] {processor.py:840} INFO - DAG(s) 'example_nested_branch_dag' retrieved from /home/airflow/.local/lib/python3.8/site-packages/airflow/example_dags/example_nested_branch_dag.py
[2024-10-01T00:22:47.328+0000] {logging_mixin.py:188} INFO - [2024-10-01T00:22:47.328+0000] {dag.py:3036} INFO - Sync 1 DAGs
[2024-10-01T00:22:47.386+0000] {logging_mixin.py:188} INFO - [2024-10-01T00:22:47.385+0000] {dag.py:3823} INFO - Setting next_dagrun for example_nested_branch_dag to 2024-09-30 00:00:00+00:00, run_after=2024-10-01 00:00:00+00:00
[2024-10-01T00:22:47.431+0000] {processor.py:183} INFO - Processing /home/airflow/.local/lib/python3.8/site-packages/airflow/example_dags/example_nested_branch_dag.py took 0.202 seconds
[2024-10-01T00:23:17.689+0000] {processor.py:161} INFO - Started process (PID=3642) to work on /home/airflow/.local/lib/python3.8/site-packages/airflow/example_dags/example_nested_branch_dag.py
[2024-10-01T00:23:17.693+0000] {processor.py:830} INFO - Processing file /home/airflow/.local/lib/python3.8/site-packages/airflow/example_dags/example_nested_branch_dag.py for tasks to queue
[2024-10-01T00:23:17.697+0000] {logging_mixin.py:188} INFO - [2024-10-01T00:23:17.697+0000] {dagbag.py:538} INFO - Filling up the DagBag from /home/airflow/.local/lib/python3.8/site-packages/airflow/example_dags/example_nested_branch_dag.py
[2024-10-01T00:23:17.726+0000] {processor.py:840} INFO - DAG(s) 'example_nested_branch_dag' retrieved from /home/airflow/.local/lib/python3.8/site-packages/airflow/example_dags/example_nested_branch_dag.py
[2024-10-01T00:23:17.791+0000] {logging_mixin.py:188} INFO - [2024-10-01T00:23:17.790+0000] {dag.py:3036} INFO - Sync 1 DAGs
[2024-10-01T00:23:17.857+0000] {logging_mixin.py:188} INFO - [2024-10-01T00:23:17.856+0000] {dag.py:3823} INFO - Setting next_dagrun for example_nested_branch_dag to 2024-09-30 00:00:00+00:00, run_after=2024-10-01 00:00:00+00:00
[2024-10-01T00:23:17.898+0000] {processor.py:183} INFO - Processing /home/airflow/.local/lib/python3.8/site-packages/airflow/example_dags/example_nested_branch_dag.py took 0.219 seconds
[2024-10-01T00:23:48.563+0000] {processor.py:161} INFO - Started process (PID=3708) to work on /home/airflow/.local/lib/python3.8/site-packages/airflow/example_dags/example_nested_branch_dag.py
[2024-10-01T00:23:48.567+0000] {processor.py:830} INFO - Processing file /home/airflow/.local/lib/python3.8/site-packages/airflow/example_dags/example_nested_branch_dag.py for tasks to queue
[2024-10-01T00:23:48.574+0000] {logging_mixin.py:188} INFO - [2024-10-01T00:23:48.573+0000] {dagbag.py:538} INFO - Filling up the DagBag from /home/airflow/.local/lib/python3.8/site-packages/airflow/example_dags/example_nested_branch_dag.py
[2024-10-01T00:23:48.613+0000] {processor.py:840} INFO - DAG(s) 'example_nested_branch_dag' retrieved from /home/airflow/.local/lib/python3.8/site-packages/airflow/example_dags/example_nested_branch_dag.py
[2024-10-01T00:23:48.694+0000] {logging_mixin.py:188} INFO - [2024-10-01T00:23:48.693+0000] {dag.py:3036} INFO - Sync 1 DAGs
[2024-10-01T00:23:48.794+0000] {logging_mixin.py:188} INFO - [2024-10-01T00:23:48.793+0000] {dag.py:3823} INFO - Setting next_dagrun for example_nested_branch_dag to 2024-09-30 00:00:00+00:00, run_after=2024-10-01 00:00:00+00:00
[2024-10-01T00:23:48.870+0000] {processor.py:183} INFO - Processing /home/airflow/.local/lib/python3.8/site-packages/airflow/example_dags/example_nested_branch_dag.py took 0.320 seconds
[2024-10-01T00:24:19.433+0000] {processor.py:161} INFO - Started process (PID=3774) to work on /home/airflow/.local/lib/python3.8/site-packages/airflow/example_dags/example_nested_branch_dag.py
[2024-10-01T00:24:19.437+0000] {processor.py:830} INFO - Processing file /home/airflow/.local/lib/python3.8/site-packages/airflow/example_dags/example_nested_branch_dag.py for tasks to queue
[2024-10-01T00:24:19.444+0000] {logging_mixin.py:188} INFO - [2024-10-01T00:24:19.442+0000] {dagbag.py:538} INFO - Filling up the DagBag from /home/airflow/.local/lib/python3.8/site-packages/airflow/example_dags/example_nested_branch_dag.py
[2024-10-01T00:24:19.493+0000] {processor.py:840} INFO - DAG(s) 'example_nested_branch_dag' retrieved from /home/airflow/.local/lib/python3.8/site-packages/airflow/example_dags/example_nested_branch_dag.py
[2024-10-01T00:24:19.596+0000] {logging_mixin.py:188} INFO - [2024-10-01T00:24:19.595+0000] {dag.py:3036} INFO - Sync 1 DAGs
[2024-10-01T00:24:19.719+0000] {logging_mixin.py:188} INFO - [2024-10-01T00:24:19.718+0000] {dag.py:3823} INFO - Setting next_dagrun for example_nested_branch_dag to 2024-09-30 00:00:00+00:00, run_after=2024-10-01 00:00:00+00:00
[2024-10-01T00:24:19.811+0000] {processor.py:183} INFO - Processing /home/airflow/.local/lib/python3.8/site-packages/airflow/example_dags/example_nested_branch_dag.py took 0.393 seconds
[2024-10-01T00:24:50.175+0000] {processor.py:161} INFO - Started process (PID=3840) to work on /home/airflow/.local/lib/python3.8/site-packages/airflow/example_dags/example_nested_branch_dag.py
[2024-10-01T00:24:50.179+0000] {processor.py:830} INFO - Processing file /home/airflow/.local/lib/python3.8/site-packages/airflow/example_dags/example_nested_branch_dag.py for tasks to queue
[2024-10-01T00:24:50.186+0000] {logging_mixin.py:188} INFO - [2024-10-01T00:24:50.185+0000] {dagbag.py:538} INFO - Filling up the DagBag from /home/airflow/.local/lib/python3.8/site-packages/airflow/example_dags/example_nested_branch_dag.py
[2024-10-01T00:24:50.228+0000] {processor.py:840} INFO - DAG(s) 'example_nested_branch_dag' retrieved from /home/airflow/.local/lib/python3.8/site-packages/airflow/example_dags/example_nested_branch_dag.py
[2024-10-01T00:24:50.301+0000] {logging_mixin.py:188} INFO - [2024-10-01T00:24:50.300+0000] {dag.py:3036} INFO - Sync 1 DAGs
[2024-10-01T00:24:50.387+0000] {logging_mixin.py:188} INFO - [2024-10-01T00:24:50.387+0000] {dag.py:3823} INFO - Setting next_dagrun for example_nested_branch_dag to 2024-09-30 00:00:00+00:00, run_after=2024-10-01 00:00:00+00:00
[2024-10-01T00:24:50.445+0000] {processor.py:183} INFO - Processing /home/airflow/.local/lib/python3.8/site-packages/airflow/example_dags/example_nested_branch_dag.py took 0.282 seconds
[2024-10-01T00:25:20.716+0000] {processor.py:161} INFO - Started process (PID=3905) to work on /home/airflow/.local/lib/python3.8/site-packages/airflow/example_dags/example_nested_branch_dag.py
[2024-10-01T00:25:20.719+0000] {processor.py:830} INFO - Processing file /home/airflow/.local/lib/python3.8/site-packages/airflow/example_dags/example_nested_branch_dag.py for tasks to queue
[2024-10-01T00:25:20.724+0000] {logging_mixin.py:188} INFO - [2024-10-01T00:25:20.723+0000] {dagbag.py:538} INFO - Filling up the DagBag from /home/airflow/.local/lib/python3.8/site-packages/airflow/example_dags/example_nested_branch_dag.py
[2024-10-01T00:25:20.758+0000] {processor.py:840} INFO - DAG(s) 'example_nested_branch_dag' retrieved from /home/airflow/.local/lib/python3.8/site-packages/airflow/example_dags/example_nested_branch_dag.py
[2024-10-01T00:25:20.818+0000] {logging_mixin.py:188} INFO - [2024-10-01T00:25:20.818+0000] {dag.py:3036} INFO - Sync 1 DAGs
[2024-10-01T00:25:20.887+0000] {logging_mixin.py:188} INFO - [2024-10-01T00:25:20.886+0000] {dag.py:3823} INFO - Setting next_dagrun for example_nested_branch_dag to 2024-09-30 00:00:00+00:00, run_after=2024-10-01 00:00:00+00:00
[2024-10-01T00:25:20.944+0000] {processor.py:183} INFO - Processing /home/airflow/.local/lib/python3.8/site-packages/airflow/example_dags/example_nested_branch_dag.py took 0.238 seconds
[2024-10-01T00:25:51.870+0000] {processor.py:161} INFO - Started process (PID=3973) to work on /home/airflow/.local/lib/python3.8/site-packages/airflow/example_dags/example_nested_branch_dag.py
[2024-10-01T00:25:51.874+0000] {processor.py:830} INFO - Processing file /home/airflow/.local/lib/python3.8/site-packages/airflow/example_dags/example_nested_branch_dag.py for tasks to queue
[2024-10-01T00:25:51.881+0000] {logging_mixin.py:188} INFO - [2024-10-01T00:25:51.880+0000] {dagbag.py:538} INFO - Filling up the DagBag from /home/airflow/.local/lib/python3.8/site-packages/airflow/example_dags/example_nested_branch_dag.py
[2024-10-01T00:25:51.923+0000] {processor.py:840} INFO - DAG(s) 'example_nested_branch_dag' retrieved from /home/airflow/.local/lib/python3.8/site-packages/airflow/example_dags/example_nested_branch_dag.py
[2024-10-01T00:25:52.007+0000] {logging_mixin.py:188} INFO - [2024-10-01T00:25:52.006+0000] {dag.py:3036} INFO - Sync 1 DAGs
[2024-10-01T00:25:52.106+0000] {logging_mixin.py:188} INFO - [2024-10-01T00:25:52.105+0000] {dag.py:3823} INFO - Setting next_dagrun for example_nested_branch_dag to 2024-09-30 00:00:00+00:00, run_after=2024-10-01 00:00:00+00:00
[2024-10-01T00:25:52.171+0000] {processor.py:183} INFO - Processing /home/airflow/.local/lib/python3.8/site-packages/airflow/example_dags/example_nested_branch_dag.py took 0.315 seconds
[2024-10-01T00:26:22.245+0000] {processor.py:161} INFO - Started process (PID=4031) to work on /home/airflow/.local/lib/python3.8/site-packages/airflow/example_dags/example_nested_branch_dag.py
[2024-10-01T00:26:22.250+0000] {processor.py:830} INFO - Processing file /home/airflow/.local/lib/python3.8/site-packages/airflow/example_dags/example_nested_branch_dag.py for tasks to queue
[2024-10-01T00:26:22.256+0000] {logging_mixin.py:188} INFO - [2024-10-01T00:26:22.255+0000] {dagbag.py:538} INFO - Filling up the DagBag from /home/airflow/.local/lib/python3.8/site-packages/airflow/example_dags/example_nested_branch_dag.py
[2024-10-01T00:26:22.295+0000] {processor.py:840} INFO - DAG(s) 'example_nested_branch_dag' retrieved from /home/airflow/.local/lib/python3.8/site-packages/airflow/example_dags/example_nested_branch_dag.py
[2024-10-01T00:26:22.362+0000] {logging_mixin.py:188} INFO - [2024-10-01T00:26:22.361+0000] {dag.py:3036} INFO - Sync 1 DAGs
[2024-10-01T00:26:22.434+0000] {logging_mixin.py:188} INFO - [2024-10-01T00:26:22.434+0000] {dag.py:3823} INFO - Setting next_dagrun for example_nested_branch_dag to 2024-09-30 00:00:00+00:00, run_after=2024-10-01 00:00:00+00:00
[2024-10-01T00:26:22.491+0000] {processor.py:183} INFO - Processing /home/airflow/.local/lib/python3.8/site-packages/airflow/example_dags/example_nested_branch_dag.py took 0.261 seconds
[2024-10-01T00:26:52.770+0000] {processor.py:161} INFO - Started process (PID=4097) to work on /home/airflow/.local/lib/python3.8/site-packages/airflow/example_dags/example_nested_branch_dag.py
[2024-10-01T00:26:52.774+0000] {processor.py:830} INFO - Processing file /home/airflow/.local/lib/python3.8/site-packages/airflow/example_dags/example_nested_branch_dag.py for tasks to queue
[2024-10-01T00:26:52.781+0000] {logging_mixin.py:188} INFO - [2024-10-01T00:26:52.780+0000] {dagbag.py:538} INFO - Filling up the DagBag from /home/airflow/.local/lib/python3.8/site-packages/airflow/example_dags/example_nested_branch_dag.py
[2024-10-01T00:26:52.826+0000] {processor.py:840} INFO - DAG(s) 'example_nested_branch_dag' retrieved from /home/airflow/.local/lib/python3.8/site-packages/airflow/example_dags/example_nested_branch_dag.py
[2024-10-01T00:26:52.916+0000] {logging_mixin.py:188} INFO - [2024-10-01T00:26:52.915+0000] {dag.py:3036} INFO - Sync 1 DAGs
[2024-10-01T00:26:53.025+0000] {logging_mixin.py:188} INFO - [2024-10-01T00:26:53.024+0000] {dag.py:3823} INFO - Setting next_dagrun for example_nested_branch_dag to 2024-09-30 00:00:00+00:00, run_after=2024-10-01 00:00:00+00:00
[2024-10-01T00:26:53.098+0000] {processor.py:183} INFO - Processing /home/airflow/.local/lib/python3.8/site-packages/airflow/example_dags/example_nested_branch_dag.py took 0.341 seconds
[2024-10-01T00:27:23.381+0000] {processor.py:161} INFO - Started process (PID=4163) to work on /home/airflow/.local/lib/python3.8/site-packages/airflow/example_dags/example_nested_branch_dag.py
[2024-10-01T00:27:23.391+0000] {processor.py:830} INFO - Processing file /home/airflow/.local/lib/python3.8/site-packages/airflow/example_dags/example_nested_branch_dag.py for tasks to queue
[2024-10-01T00:27:23.396+0000] {logging_mixin.py:188} INFO - [2024-10-01T00:27:23.395+0000] {dagbag.py:538} INFO - Filling up the DagBag from /home/airflow/.local/lib/python3.8/site-packages/airflow/example_dags/example_nested_branch_dag.py
[2024-10-01T00:27:23.426+0000] {processor.py:840} INFO - DAG(s) 'example_nested_branch_dag' retrieved from /home/airflow/.local/lib/python3.8/site-packages/airflow/example_dags/example_nested_branch_dag.py
[2024-10-01T00:27:23.488+0000] {logging_mixin.py:188} INFO - [2024-10-01T00:27:23.488+0000] {dag.py:3036} INFO - Sync 1 DAGs
[2024-10-01T00:27:23.563+0000] {logging_mixin.py:188} INFO - [2024-10-01T00:27:23.562+0000] {dag.py:3823} INFO - Setting next_dagrun for example_nested_branch_dag to 2024-09-30 00:00:00+00:00, run_after=2024-10-01 00:00:00+00:00
[2024-10-01T00:27:23.620+0000] {processor.py:183} INFO - Processing /home/airflow/.local/lib/python3.8/site-packages/airflow/example_dags/example_nested_branch_dag.py took 0.248 seconds
[2024-10-01T00:27:54.119+0000] {processor.py:161} INFO - Started process (PID=4229) to work on /home/airflow/.local/lib/python3.8/site-packages/airflow/example_dags/example_nested_branch_dag.py
[2024-10-01T00:27:54.123+0000] {processor.py:830} INFO - Processing file /home/airflow/.local/lib/python3.8/site-packages/airflow/example_dags/example_nested_branch_dag.py for tasks to queue
[2024-10-01T00:27:54.129+0000] {logging_mixin.py:188} INFO - [2024-10-01T00:27:54.128+0000] {dagbag.py:538} INFO - Filling up the DagBag from /home/airflow/.local/lib/python3.8/site-packages/airflow/example_dags/example_nested_branch_dag.py
[2024-10-01T00:27:54.167+0000] {processor.py:840} INFO - DAG(s) 'example_nested_branch_dag' retrieved from /home/airflow/.local/lib/python3.8/site-packages/airflow/example_dags/example_nested_branch_dag.py
[2024-10-01T00:27:54.238+0000] {logging_mixin.py:188} INFO - [2024-10-01T00:27:54.238+0000] {dag.py:3036} INFO - Sync 1 DAGs
[2024-10-01T00:27:54.317+0000] {logging_mixin.py:188} INFO - [2024-10-01T00:27:54.316+0000] {dag.py:3823} INFO - Setting next_dagrun for example_nested_branch_dag to 2024-09-30 00:00:00+00:00, run_after=2024-10-01 00:00:00+00:00
[2024-10-01T00:27:54.377+0000] {processor.py:183} INFO - Processing /home/airflow/.local/lib/python3.8/site-packages/airflow/example_dags/example_nested_branch_dag.py took 0.271 seconds
[2024-10-01T00:28:25.424+0000] {processor.py:161} INFO - Started process (PID=4295) to work on /home/airflow/.local/lib/python3.8/site-packages/airflow/example_dags/example_nested_branch_dag.py
[2024-10-01T00:28:25.428+0000] {processor.py:830} INFO - Processing file /home/airflow/.local/lib/python3.8/site-packages/airflow/example_dags/example_nested_branch_dag.py for tasks to queue
[2024-10-01T00:28:25.434+0000] {logging_mixin.py:188} INFO - [2024-10-01T00:28:25.433+0000] {dagbag.py:538} INFO - Filling up the DagBag from /home/airflow/.local/lib/python3.8/site-packages/airflow/example_dags/example_nested_branch_dag.py
[2024-10-01T00:28:25.470+0000] {processor.py:840} INFO - DAG(s) 'example_nested_branch_dag' retrieved from /home/airflow/.local/lib/python3.8/site-packages/airflow/example_dags/example_nested_branch_dag.py
[2024-10-01T00:28:25.554+0000] {logging_mixin.py:188} INFO - [2024-10-01T00:28:25.553+0000] {dag.py:3036} INFO - Sync 1 DAGs
[2024-10-01T00:28:25.632+0000] {logging_mixin.py:188} INFO - [2024-10-01T00:28:25.631+0000] {dag.py:3823} INFO - Setting next_dagrun for example_nested_branch_dag to 2024-09-30 00:00:00+00:00, run_after=2024-10-01 00:00:00+00:00
[2024-10-01T00:28:25.690+0000] {processor.py:183} INFO - Processing /home/airflow/.local/lib/python3.8/site-packages/airflow/example_dags/example_nested_branch_dag.py took 0.278 seconds
[2024-10-01T00:28:56.591+0000] {processor.py:161} INFO - Started process (PID=4361) to work on /home/airflow/.local/lib/python3.8/site-packages/airflow/example_dags/example_nested_branch_dag.py
[2024-10-01T00:28:56.595+0000] {processor.py:830} INFO - Processing file /home/airflow/.local/lib/python3.8/site-packages/airflow/example_dags/example_nested_branch_dag.py for tasks to queue
[2024-10-01T00:28:56.602+0000] {logging_mixin.py:188} INFO - [2024-10-01T00:28:56.601+0000] {dagbag.py:538} INFO - Filling up the DagBag from /home/airflow/.local/lib/python3.8/site-packages/airflow/example_dags/example_nested_branch_dag.py
[2024-10-01T00:28:56.652+0000] {processor.py:840} INFO - DAG(s) 'example_nested_branch_dag' retrieved from /home/airflow/.local/lib/python3.8/site-packages/airflow/example_dags/example_nested_branch_dag.py
[2024-10-01T00:28:56.751+0000] {logging_mixin.py:188} INFO - [2024-10-01T00:28:56.750+0000] {dag.py:3036} INFO - Sync 1 DAGs
[2024-10-01T00:28:56.847+0000] {logging_mixin.py:188} INFO - [2024-10-01T00:28:56.846+0000] {dag.py:3823} INFO - Setting next_dagrun for example_nested_branch_dag to 2024-09-30 00:00:00+00:00, run_after=2024-10-01 00:00:00+00:00
[2024-10-01T00:28:56.928+0000] {processor.py:183} INFO - Processing /home/airflow/.local/lib/python3.8/site-packages/airflow/example_dags/example_nested_branch_dag.py took 0.353 seconds
[2024-10-01T00:29:27.259+0000] {processor.py:161} INFO - Started process (PID=4427) to work on /home/airflow/.local/lib/python3.8/site-packages/airflow/example_dags/example_nested_branch_dag.py
[2024-10-01T00:29:27.263+0000] {processor.py:830} INFO - Processing file /home/airflow/.local/lib/python3.8/site-packages/airflow/example_dags/example_nested_branch_dag.py for tasks to queue
[2024-10-01T00:29:27.268+0000] {logging_mixin.py:188} INFO - [2024-10-01T00:29:27.267+0000] {dagbag.py:538} INFO - Filling up the DagBag from /home/airflow/.local/lib/python3.8/site-packages/airflow/example_dags/example_nested_branch_dag.py
[2024-10-01T00:29:27.299+0000] {processor.py:840} INFO - DAG(s) 'example_nested_branch_dag' retrieved from /home/airflow/.local/lib/python3.8/site-packages/airflow/example_dags/example_nested_branch_dag.py
[2024-10-01T00:29:27.371+0000] {logging_mixin.py:188} INFO - [2024-10-01T00:29:27.371+0000] {dag.py:3036} INFO - Sync 1 DAGs
[2024-10-01T00:29:27.487+0000] {logging_mixin.py:188} INFO - [2024-10-01T00:29:27.486+0000] {dag.py:3823} INFO - Setting next_dagrun for example_nested_branch_dag to 2024-09-30 00:00:00+00:00, run_after=2024-10-01 00:00:00+00:00
[2024-10-01T00:29:27.662+0000] {processor.py:183} INFO - Processing /home/airflow/.local/lib/python3.8/site-packages/airflow/example_dags/example_nested_branch_dag.py took 0.413 seconds
[2024-10-01T00:29:58.290+0000] {processor.py:161} INFO - Started process (PID=4491) to work on /home/airflow/.local/lib/python3.8/site-packages/airflow/example_dags/example_nested_branch_dag.py
[2024-10-01T00:29:58.293+0000] {processor.py:830} INFO - Processing file /home/airflow/.local/lib/python3.8/site-packages/airflow/example_dags/example_nested_branch_dag.py for tasks to queue
[2024-10-01T00:29:58.297+0000] {logging_mixin.py:188} INFO - [2024-10-01T00:29:58.296+0000] {dagbag.py:538} INFO - Filling up the DagBag from /home/airflow/.local/lib/python3.8/site-packages/airflow/example_dags/example_nested_branch_dag.py
[2024-10-01T00:29:58.318+0000] {processor.py:840} INFO - DAG(s) 'example_nested_branch_dag' retrieved from /home/airflow/.local/lib/python3.8/site-packages/airflow/example_dags/example_nested_branch_dag.py
[2024-10-01T00:29:58.361+0000] {logging_mixin.py:188} INFO - [2024-10-01T00:29:58.360+0000] {dag.py:3036} INFO - Sync 1 DAGs
[2024-10-01T00:29:58.411+0000] {logging_mixin.py:188} INFO - [2024-10-01T00:29:58.411+0000] {dag.py:3823} INFO - Setting next_dagrun for example_nested_branch_dag to 2024-09-30 00:00:00+00:00, run_after=2024-10-01 00:00:00+00:00
[2024-10-01T00:29:58.450+0000] {processor.py:183} INFO - Processing /home/airflow/.local/lib/python3.8/site-packages/airflow/example_dags/example_nested_branch_dag.py took 0.166 seconds
[2024-10-01T00:30:29.115+0000] {processor.py:161} INFO - Started process (PID=4556) to work on /home/airflow/.local/lib/python3.8/site-packages/airflow/example_dags/example_nested_branch_dag.py
[2024-10-01T00:30:29.120+0000] {processor.py:830} INFO - Processing file /home/airflow/.local/lib/python3.8/site-packages/airflow/example_dags/example_nested_branch_dag.py for tasks to queue
[2024-10-01T00:30:29.128+0000] {logging_mixin.py:188} INFO - [2024-10-01T00:30:29.127+0000] {dagbag.py:538} INFO - Filling up the DagBag from /home/airflow/.local/lib/python3.8/site-packages/airflow/example_dags/example_nested_branch_dag.py
[2024-10-01T00:30:29.170+0000] {processor.py:840} INFO - DAG(s) 'example_nested_branch_dag' retrieved from /home/airflow/.local/lib/python3.8/site-packages/airflow/example_dags/example_nested_branch_dag.py
[2024-10-01T00:30:29.247+0000] {logging_mixin.py:188} INFO - [2024-10-01T00:30:29.246+0000] {dag.py:3036} INFO - Sync 1 DAGs
[2024-10-01T00:30:29.326+0000] {logging_mixin.py:188} INFO - [2024-10-01T00:30:29.325+0000] {dag.py:3823} INFO - Setting next_dagrun for example_nested_branch_dag to 2024-09-30 00:00:00+00:00, run_after=2024-10-01 00:00:00+00:00
[2024-10-01T00:30:29.391+0000] {processor.py:183} INFO - Processing /home/airflow/.local/lib/python3.8/site-packages/airflow/example_dags/example_nested_branch_dag.py took 0.289 seconds
[2024-10-01T00:30:59.597+0000] {processor.py:161} INFO - Started process (PID=4615) to work on /home/airflow/.local/lib/python3.8/site-packages/airflow/example_dags/example_nested_branch_dag.py
[2024-10-01T00:30:59.603+0000] {processor.py:830} INFO - Processing file /home/airflow/.local/lib/python3.8/site-packages/airflow/example_dags/example_nested_branch_dag.py for tasks to queue
[2024-10-01T00:30:59.611+0000] {logging_mixin.py:188} INFO - [2024-10-01T00:30:59.610+0000] {dagbag.py:538} INFO - Filling up the DagBag from /home/airflow/.local/lib/python3.8/site-packages/airflow/example_dags/example_nested_branch_dag.py
[2024-10-01T00:30:59.669+0000] {processor.py:840} INFO - DAG(s) 'example_nested_branch_dag' retrieved from /home/airflow/.local/lib/python3.8/site-packages/airflow/example_dags/example_nested_branch_dag.py
[2024-10-01T00:30:59.813+0000] {logging_mixin.py:188} INFO - [2024-10-01T00:30:59.812+0000] {dag.py:3036} INFO - Sync 1 DAGs
[2024-10-01T00:31:00.012+0000] {logging_mixin.py:188} INFO - [2024-10-01T00:31:00.010+0000] {dag.py:3823} INFO - Setting next_dagrun for example_nested_branch_dag to 2024-09-30 00:00:00+00:00, run_after=2024-10-01 00:00:00+00:00
[2024-10-01T00:31:00.289+0000] {processor.py:183} INFO - Processing /home/airflow/.local/lib/python3.8/site-packages/airflow/example_dags/example_nested_branch_dag.py took 0.713 seconds
[2024-10-01T00:31:30.452+0000] {processor.py:161} INFO - Started process (PID=4683) to work on /home/airflow/.local/lib/python3.8/site-packages/airflow/example_dags/example_nested_branch_dag.py
[2024-10-01T00:31:30.454+0000] {processor.py:830} INFO - Processing file /home/airflow/.local/lib/python3.8/site-packages/airflow/example_dags/example_nested_branch_dag.py for tasks to queue
[2024-10-01T00:31:30.458+0000] {logging_mixin.py:188} INFO - [2024-10-01T00:31:30.457+0000] {dagbag.py:538} INFO - Filling up the DagBag from /home/airflow/.local/lib/python3.8/site-packages/airflow/example_dags/example_nested_branch_dag.py
[2024-10-01T00:31:30.483+0000] {processor.py:840} INFO - DAG(s) 'example_nested_branch_dag' retrieved from /home/airflow/.local/lib/python3.8/site-packages/airflow/example_dags/example_nested_branch_dag.py
[2024-10-01T00:31:30.535+0000] {logging_mixin.py:188} INFO - [2024-10-01T00:31:30.535+0000] {dag.py:3036} INFO - Sync 1 DAGs
[2024-10-01T00:31:30.610+0000] {logging_mixin.py:188} INFO - [2024-10-01T00:31:30.609+0000] {dag.py:3823} INFO - Setting next_dagrun for example_nested_branch_dag to 2024-09-30 00:00:00+00:00, run_after=2024-10-01 00:00:00+00:00
[2024-10-01T00:31:30.659+0000] {processor.py:183} INFO - Processing /home/airflow/.local/lib/python3.8/site-packages/airflow/example_dags/example_nested_branch_dag.py took 0.216 seconds
[2024-10-01T00:32:03.093+0000] {processor.py:161} INFO - Started process (PID=4750) to work on /home/airflow/.local/lib/python3.8/site-packages/airflow/example_dags/example_nested_branch_dag.py
[2024-10-01T00:32:03.096+0000] {processor.py:830} INFO - Processing file /home/airflow/.local/lib/python3.8/site-packages/airflow/example_dags/example_nested_branch_dag.py for tasks to queue
[2024-10-01T00:32:03.101+0000] {logging_mixin.py:188} INFO - [2024-10-01T00:32:03.100+0000] {dagbag.py:538} INFO - Filling up the DagBag from /home/airflow/.local/lib/python3.8/site-packages/airflow/example_dags/example_nested_branch_dag.py
[2024-10-01T00:32:03.133+0000] {processor.py:840} INFO - DAG(s) 'example_nested_branch_dag' retrieved from /home/airflow/.local/lib/python3.8/site-packages/airflow/example_dags/example_nested_branch_dag.py
[2024-10-01T00:32:03.209+0000] {logging_mixin.py:188} INFO - [2024-10-01T00:32:03.208+0000] {dag.py:3036} INFO - Sync 1 DAGs
[2024-10-01T00:32:03.287+0000] {logging_mixin.py:188} INFO - [2024-10-01T00:32:03.287+0000] {dag.py:3823} INFO - Setting next_dagrun for example_nested_branch_dag to 2024-09-30 00:00:00+00:00, run_after=2024-10-01 00:00:00+00:00
[2024-10-01T00:32:03.358+0000] {processor.py:183} INFO - Processing /home/airflow/.local/lib/python3.8/site-packages/airflow/example_dags/example_nested_branch_dag.py took 0.275 seconds
[2024-10-01T00:32:33.777+0000] {processor.py:161} INFO - Started process (PID=4815) to work on /home/airflow/.local/lib/python3.8/site-packages/airflow/example_dags/example_nested_branch_dag.py
[2024-10-01T00:32:33.780+0000] {processor.py:830} INFO - Processing file /home/airflow/.local/lib/python3.8/site-packages/airflow/example_dags/example_nested_branch_dag.py for tasks to queue
[2024-10-01T00:32:33.786+0000] {logging_mixin.py:188} INFO - [2024-10-01T00:32:33.785+0000] {dagbag.py:538} INFO - Filling up the DagBag from /home/airflow/.local/lib/python3.8/site-packages/airflow/example_dags/example_nested_branch_dag.py
[2024-10-01T00:32:33.823+0000] {processor.py:840} INFO - DAG(s) 'example_nested_branch_dag' retrieved from /home/airflow/.local/lib/python3.8/site-packages/airflow/example_dags/example_nested_branch_dag.py
[2024-10-01T00:32:33.899+0000] {logging_mixin.py:188} INFO - [2024-10-01T00:32:33.899+0000] {dag.py:3036} INFO - Sync 1 DAGs
[2024-10-01T00:32:33.981+0000] {logging_mixin.py:188} INFO - [2024-10-01T00:32:33.981+0000] {dag.py:3823} INFO - Setting next_dagrun for example_nested_branch_dag to 2024-09-30 00:00:00+00:00, run_after=2024-10-01 00:00:00+00:00
[2024-10-01T00:32:34.046+0000] {processor.py:183} INFO - Processing /home/airflow/.local/lib/python3.8/site-packages/airflow/example_dags/example_nested_branch_dag.py took 0.280 seconds
[2024-10-01T00:33:04.964+0000] {processor.py:161} INFO - Started process (PID=4872) to work on /home/airflow/.local/lib/python3.8/site-packages/airflow/example_dags/example_nested_branch_dag.py
[2024-10-01T00:33:04.968+0000] {processor.py:830} INFO - Processing file /home/airflow/.local/lib/python3.8/site-packages/airflow/example_dags/example_nested_branch_dag.py for tasks to queue
[2024-10-01T00:33:04.976+0000] {logging_mixin.py:188} INFO - [2024-10-01T00:33:04.974+0000] {dagbag.py:538} INFO - Filling up the DagBag from /home/airflow/.local/lib/python3.8/site-packages/airflow/example_dags/example_nested_branch_dag.py
[2024-10-01T00:33:05.016+0000] {processor.py:840} INFO - DAG(s) 'example_nested_branch_dag' retrieved from /home/airflow/.local/lib/python3.8/site-packages/airflow/example_dags/example_nested_branch_dag.py
[2024-10-01T00:33:05.096+0000] {logging_mixin.py:188} INFO - [2024-10-01T00:33:05.095+0000] {dag.py:3036} INFO - Sync 1 DAGs
[2024-10-01T00:33:05.199+0000] {logging_mixin.py:188} INFO - [2024-10-01T00:33:05.199+0000] {dag.py:3823} INFO - Setting next_dagrun for example_nested_branch_dag to 2024-09-30 00:00:00+00:00, run_after=2024-10-01 00:00:00+00:00
[2024-10-01T00:33:05.276+0000] {processor.py:183} INFO - Processing /home/airflow/.local/lib/python3.8/site-packages/airflow/example_dags/example_nested_branch_dag.py took 0.330 seconds
[2024-10-01T00:33:38.234+0000] {processor.py:161} INFO - Started process (PID=4938) to work on /home/airflow/.local/lib/python3.8/site-packages/airflow/example_dags/example_nested_branch_dag.py
[2024-10-01T00:33:38.239+0000] {processor.py:830} INFO - Processing file /home/airflow/.local/lib/python3.8/site-packages/airflow/example_dags/example_nested_branch_dag.py for tasks to queue
[2024-10-01T00:33:38.248+0000] {logging_mixin.py:188} INFO - [2024-10-01T00:33:38.247+0000] {dagbag.py:538} INFO - Filling up the DagBag from /home/airflow/.local/lib/python3.8/site-packages/airflow/example_dags/example_nested_branch_dag.py
[2024-10-01T00:33:38.303+0000] {processor.py:840} INFO - DAG(s) 'example_nested_branch_dag' retrieved from /home/airflow/.local/lib/python3.8/site-packages/airflow/example_dags/example_nested_branch_dag.py
[2024-10-01T00:33:38.411+0000] {logging_mixin.py:188} INFO - [2024-10-01T00:33:38.410+0000] {dag.py:3036} INFO - Sync 1 DAGs
[2024-10-01T00:33:38.567+0000] {logging_mixin.py:188} INFO - [2024-10-01T00:33:38.566+0000] {dag.py:3823} INFO - Setting next_dagrun for example_nested_branch_dag to 2024-09-30 00:00:00+00:00, run_after=2024-10-01 00:00:00+00:00
[2024-10-01T00:33:38.661+0000] {processor.py:183} INFO - Processing /home/airflow/.local/lib/python3.8/site-packages/airflow/example_dags/example_nested_branch_dag.py took 0.459 seconds
[2024-10-01T00:34:09.163+0000] {processor.py:161} INFO - Started process (PID=5004) to work on /home/airflow/.local/lib/python3.8/site-packages/airflow/example_dags/example_nested_branch_dag.py
[2024-10-01T00:34:09.166+0000] {processor.py:830} INFO - Processing file /home/airflow/.local/lib/python3.8/site-packages/airflow/example_dags/example_nested_branch_dag.py for tasks to queue
[2024-10-01T00:34:09.172+0000] {logging_mixin.py:188} INFO - [2024-10-01T00:34:09.171+0000] {dagbag.py:538} INFO - Filling up the DagBag from /home/airflow/.local/lib/python3.8/site-packages/airflow/example_dags/example_nested_branch_dag.py
[2024-10-01T00:34:09.209+0000] {processor.py:840} INFO - DAG(s) 'example_nested_branch_dag' retrieved from /home/airflow/.local/lib/python3.8/site-packages/airflow/example_dags/example_nested_branch_dag.py
[2024-10-01T00:34:09.293+0000] {logging_mixin.py:188} INFO - [2024-10-01T00:34:09.292+0000] {dag.py:3036} INFO - Sync 1 DAGs
[2024-10-01T00:34:09.388+0000] {logging_mixin.py:188} INFO - [2024-10-01T00:34:09.387+0000] {dag.py:3823} INFO - Setting next_dagrun for example_nested_branch_dag to 2024-09-30 00:00:00+00:00, run_after=2024-10-01 00:00:00+00:00
[2024-10-01T00:34:09.453+0000] {processor.py:183} INFO - Processing /home/airflow/.local/lib/python3.8/site-packages/airflow/example_dags/example_nested_branch_dag.py took 0.304 seconds
[2024-10-01T00:34:40.092+0000] {processor.py:161} INFO - Started process (PID=5069) to work on /home/airflow/.local/lib/python3.8/site-packages/airflow/example_dags/example_nested_branch_dag.py
[2024-10-01T00:34:40.095+0000] {processor.py:830} INFO - Processing file /home/airflow/.local/lib/python3.8/site-packages/airflow/example_dags/example_nested_branch_dag.py for tasks to queue
[2024-10-01T00:34:40.099+0000] {logging_mixin.py:188} INFO - [2024-10-01T00:34:40.098+0000] {dagbag.py:538} INFO - Filling up the DagBag from /home/airflow/.local/lib/python3.8/site-packages/airflow/example_dags/example_nested_branch_dag.py
[2024-10-01T00:34:40.123+0000] {processor.py:840} INFO - DAG(s) 'example_nested_branch_dag' retrieved from /home/airflow/.local/lib/python3.8/site-packages/airflow/example_dags/example_nested_branch_dag.py
[2024-10-01T00:34:40.173+0000] {logging_mixin.py:188} INFO - [2024-10-01T00:34:40.172+0000] {dag.py:3036} INFO - Sync 1 DAGs
[2024-10-01T00:34:40.227+0000] {logging_mixin.py:188} INFO - [2024-10-01T00:34:40.226+0000] {dag.py:3823} INFO - Setting next_dagrun for example_nested_branch_dag to 2024-09-30 00:00:00+00:00, run_after=2024-10-01 00:00:00+00:00
[2024-10-01T00:34:40.270+0000] {processor.py:183} INFO - Processing /home/airflow/.local/lib/python3.8/site-packages/airflow/example_dags/example_nested_branch_dag.py took 0.186 seconds
