[2024-10-01T00:00:08.483+0000] {processor.py:161} INFO - Started process (PID=764) to work on /home/airflow/.local/lib/python3.8/site-packages/airflow/example_dags/example_params_trigger_ui.py
[2024-10-01T00:00:08.487+0000] {processor.py:830} INFO - Processing file /home/airflow/.local/lib/python3.8/site-packages/airflow/example_dags/example_params_trigger_ui.py for tasks to queue
[2024-10-01T00:00:08.495+0000] {logging_mixin.py:188} INFO - [2024-10-01T00:00:08.494+0000] {dagbag.py:538} INFO - Filling up the DagBag from /home/airflow/.local/lib/python3.8/site-packages/airflow/example_dags/example_params_trigger_ui.py
[2024-10-01T00:00:08.557+0000] {processor.py:840} INFO - DAG(s) 'example_params_trigger_ui' retrieved from /home/airflow/.local/lib/python3.8/site-packages/airflow/example_dags/example_params_trigger_ui.py
[2024-10-01T00:00:08.810+0000] {logging_mixin.py:188} INFO - [2024-10-01T00:00:08.809+0000] {dag.py:3036} INFO - Sync 1 DAGs
[2024-10-01T00:00:08.871+0000] {logging_mixin.py:188} INFO - [2024-10-01T00:00:08.870+0000] {dag.py:3823} INFO - Setting next_dagrun for example_params_trigger_ui to None, run_after=None
[2024-10-01T00:00:08.963+0000] {processor.py:183} INFO - Processing /home/airflow/.local/lib/python3.8/site-packages/airflow/example_dags/example_params_trigger_ui.py took 0.492 seconds
[2024-10-01T00:00:39.669+0000] {processor.py:161} INFO - Started process (PID=830) to work on /home/airflow/.local/lib/python3.8/site-packages/airflow/example_dags/example_params_trigger_ui.py
[2024-10-01T00:00:39.672+0000] {processor.py:830} INFO - Processing file /home/airflow/.local/lib/python3.8/site-packages/airflow/example_dags/example_params_trigger_ui.py for tasks to queue
[2024-10-01T00:00:39.676+0000] {logging_mixin.py:188} INFO - [2024-10-01T00:00:39.675+0000] {dagbag.py:538} INFO - Filling up the DagBag from /home/airflow/.local/lib/python3.8/site-packages/airflow/example_dags/example_params_trigger_ui.py
[2024-10-01T00:00:39.706+0000] {processor.py:840} INFO - DAG(s) 'example_params_trigger_ui' retrieved from /home/airflow/.local/lib/python3.8/site-packages/airflow/example_dags/example_params_trigger_ui.py
[2024-10-01T00:00:39.872+0000] {logging_mixin.py:188} INFO - [2024-10-01T00:00:39.872+0000] {dag.py:3036} INFO - Sync 1 DAGs
[2024-10-01T00:00:39.909+0000] {logging_mixin.py:188} INFO - [2024-10-01T00:00:39.908+0000] {dag.py:3823} INFO - Setting next_dagrun for example_params_trigger_ui to None, run_after=None
[2024-10-01T00:00:39.970+0000] {processor.py:183} INFO - Processing /home/airflow/.local/lib/python3.8/site-packages/airflow/example_dags/example_params_trigger_ui.py took 0.308 seconds
[2024-10-01T00:01:10.414+0000] {processor.py:161} INFO - Started process (PID=888) to work on /home/airflow/.local/lib/python3.8/site-packages/airflow/example_dags/example_params_trigger_ui.py
[2024-10-01T00:01:10.417+0000] {processor.py:830} INFO - Processing file /home/airflow/.local/lib/python3.8/site-packages/airflow/example_dags/example_params_trigger_ui.py for tasks to queue
[2024-10-01T00:01:10.419+0000] {logging_mixin.py:188} INFO - [2024-10-01T00:01:10.419+0000] {dagbag.py:538} INFO - Filling up the DagBag from /home/airflow/.local/lib/python3.8/site-packages/airflow/example_dags/example_params_trigger_ui.py
[2024-10-01T00:01:10.441+0000] {processor.py:840} INFO - DAG(s) 'example_params_trigger_ui' retrieved from /home/airflow/.local/lib/python3.8/site-packages/airflow/example_dags/example_params_trigger_ui.py
[2024-10-01T00:01:10.536+0000] {logging_mixin.py:188} INFO - [2024-10-01T00:01:10.535+0000] {dag.py:3036} INFO - Sync 1 DAGs
[2024-10-01T00:01:10.558+0000] {logging_mixin.py:188} INFO - [2024-10-01T00:01:10.557+0000] {dag.py:3823} INFO - Setting next_dagrun for example_params_trigger_ui to None, run_after=None
[2024-10-01T00:01:10.590+0000] {processor.py:183} INFO - Processing /home/airflow/.local/lib/python3.8/site-packages/airflow/example_dags/example_params_trigger_ui.py took 0.181 seconds
[2024-10-01T00:01:41.377+0000] {processor.py:161} INFO - Started process (PID=954) to work on /home/airflow/.local/lib/python3.8/site-packages/airflow/example_dags/example_params_trigger_ui.py
[2024-10-01T00:01:41.382+0000] {processor.py:830} INFO - Processing file /home/airflow/.local/lib/python3.8/site-packages/airflow/example_dags/example_params_trigger_ui.py for tasks to queue
[2024-10-01T00:01:41.389+0000] {logging_mixin.py:188} INFO - [2024-10-01T00:01:41.387+0000] {dagbag.py:538} INFO - Filling up the DagBag from /home/airflow/.local/lib/python3.8/site-packages/airflow/example_dags/example_params_trigger_ui.py
[2024-10-01T00:01:41.428+0000] {processor.py:840} INFO - DAG(s) 'example_params_trigger_ui' retrieved from /home/airflow/.local/lib/python3.8/site-packages/airflow/example_dags/example_params_trigger_ui.py
[2024-10-01T00:01:41.582+0000] {logging_mixin.py:188} INFO - [2024-10-01T00:01:41.582+0000] {dag.py:3036} INFO - Sync 1 DAGs
[2024-10-01T00:01:41.616+0000] {logging_mixin.py:188} INFO - [2024-10-01T00:01:41.616+0000] {dag.py:3823} INFO - Setting next_dagrun for example_params_trigger_ui to None, run_after=None
[2024-10-01T00:01:41.667+0000] {processor.py:183} INFO - Processing /home/airflow/.local/lib/python3.8/site-packages/airflow/example_dags/example_params_trigger_ui.py took 0.299 seconds
[2024-10-01T00:02:11.870+0000] {processor.py:161} INFO - Started process (PID=1020) to work on /home/airflow/.local/lib/python3.8/site-packages/airflow/example_dags/example_params_trigger_ui.py
[2024-10-01T00:02:11.873+0000] {processor.py:830} INFO - Processing file /home/airflow/.local/lib/python3.8/site-packages/airflow/example_dags/example_params_trigger_ui.py for tasks to queue
[2024-10-01T00:02:11.877+0000] {logging_mixin.py:188} INFO - [2024-10-01T00:02:11.876+0000] {dagbag.py:538} INFO - Filling up the DagBag from /home/airflow/.local/lib/python3.8/site-packages/airflow/example_dags/example_params_trigger_ui.py
[2024-10-01T00:02:11.914+0000] {processor.py:840} INFO - DAG(s) 'example_params_trigger_ui' retrieved from /home/airflow/.local/lib/python3.8/site-packages/airflow/example_dags/example_params_trigger_ui.py
[2024-10-01T00:02:12.064+0000] {logging_mixin.py:188} INFO - [2024-10-01T00:02:12.063+0000] {dag.py:3036} INFO - Sync 1 DAGs
[2024-10-01T00:02:12.099+0000] {logging_mixin.py:188} INFO - [2024-10-01T00:02:12.099+0000] {dag.py:3823} INFO - Setting next_dagrun for example_params_trigger_ui to None, run_after=None
[2024-10-01T00:02:12.157+0000] {processor.py:183} INFO - Processing /home/airflow/.local/lib/python3.8/site-packages/airflow/example_dags/example_params_trigger_ui.py took 0.296 seconds
[2024-10-01T00:02:42.225+0000] {processor.py:161} INFO - Started process (PID=1086) to work on /home/airflow/.local/lib/python3.8/site-packages/airflow/example_dags/example_params_trigger_ui.py
[2024-10-01T00:02:42.228+0000] {processor.py:830} INFO - Processing file /home/airflow/.local/lib/python3.8/site-packages/airflow/example_dags/example_params_trigger_ui.py for tasks to queue
[2024-10-01T00:02:42.232+0000] {logging_mixin.py:188} INFO - [2024-10-01T00:02:42.232+0000] {dagbag.py:538} INFO - Filling up the DagBag from /home/airflow/.local/lib/python3.8/site-packages/airflow/example_dags/example_params_trigger_ui.py
[2024-10-01T00:02:42.267+0000] {processor.py:840} INFO - DAG(s) 'example_params_trigger_ui' retrieved from /home/airflow/.local/lib/python3.8/site-packages/airflow/example_dags/example_params_trigger_ui.py
[2024-10-01T00:02:42.407+0000] {logging_mixin.py:188} INFO - [2024-10-01T00:02:42.406+0000] {dag.py:3036} INFO - Sync 1 DAGs
[2024-10-01T00:02:42.440+0000] {logging_mixin.py:188} INFO - [2024-10-01T00:02:42.439+0000] {dag.py:3823} INFO - Setting next_dagrun for example_params_trigger_ui to None, run_after=None
[2024-10-01T00:02:42.490+0000] {processor.py:183} INFO - Processing /home/airflow/.local/lib/python3.8/site-packages/airflow/example_dags/example_params_trigger_ui.py took 0.275 seconds
[2024-10-01T00:03:12.685+0000] {processor.py:161} INFO - Started process (PID=1153) to work on /home/airflow/.local/lib/python3.8/site-packages/airflow/example_dags/example_params_trigger_ui.py
[2024-10-01T00:03:12.688+0000] {processor.py:830} INFO - Processing file /home/airflow/.local/lib/python3.8/site-packages/airflow/example_dags/example_params_trigger_ui.py for tasks to queue
[2024-10-01T00:03:12.691+0000] {logging_mixin.py:188} INFO - [2024-10-01T00:03:12.691+0000] {dagbag.py:538} INFO - Filling up the DagBag from /home/airflow/.local/lib/python3.8/site-packages/airflow/example_dags/example_params_trigger_ui.py
[2024-10-01T00:03:12.718+0000] {processor.py:840} INFO - DAG(s) 'example_params_trigger_ui' retrieved from /home/airflow/.local/lib/python3.8/site-packages/airflow/example_dags/example_params_trigger_ui.py
[2024-10-01T00:03:12.845+0000] {logging_mixin.py:188} INFO - [2024-10-01T00:03:12.845+0000] {dag.py:3036} INFO - Sync 1 DAGs
[2024-10-01T00:03:12.872+0000] {logging_mixin.py:188} INFO - [2024-10-01T00:03:12.871+0000] {dag.py:3823} INFO - Setting next_dagrun for example_params_trigger_ui to None, run_after=None
[2024-10-01T00:03:12.913+0000] {processor.py:183} INFO - Processing /home/airflow/.local/lib/python3.8/site-packages/airflow/example_dags/example_params_trigger_ui.py took 0.235 seconds
[2024-10-01T00:03:43.244+0000] {processor.py:161} INFO - Started process (PID=1218) to work on /home/airflow/.local/lib/python3.8/site-packages/airflow/example_dags/example_params_trigger_ui.py
[2024-10-01T00:03:43.248+0000] {processor.py:830} INFO - Processing file /home/airflow/.local/lib/python3.8/site-packages/airflow/example_dags/example_params_trigger_ui.py for tasks to queue
[2024-10-01T00:03:43.253+0000] {logging_mixin.py:188} INFO - [2024-10-01T00:03:43.252+0000] {dagbag.py:538} INFO - Filling up the DagBag from /home/airflow/.local/lib/python3.8/site-packages/airflow/example_dags/example_params_trigger_ui.py
[2024-10-01T00:03:43.295+0000] {processor.py:840} INFO - DAG(s) 'example_params_trigger_ui' retrieved from /home/airflow/.local/lib/python3.8/site-packages/airflow/example_dags/example_params_trigger_ui.py
[2024-10-01T00:03:43.485+0000] {logging_mixin.py:188} INFO - [2024-10-01T00:03:43.484+0000] {dag.py:3036} INFO - Sync 1 DAGs
[2024-10-01T00:03:43.533+0000] {logging_mixin.py:188} INFO - [2024-10-01T00:03:43.533+0000] {dag.py:3823} INFO - Setting next_dagrun for example_params_trigger_ui to None, run_after=None
[2024-10-01T00:03:43.595+0000] {processor.py:183} INFO - Processing /home/airflow/.local/lib/python3.8/site-packages/airflow/example_dags/example_params_trigger_ui.py took 0.361 seconds
[2024-10-01T00:04:13.646+0000] {processor.py:161} INFO - Started process (PID=1283) to work on /home/airflow/.local/lib/python3.8/site-packages/airflow/example_dags/example_params_trigger_ui.py
[2024-10-01T00:04:13.649+0000] {processor.py:830} INFO - Processing file /home/airflow/.local/lib/python3.8/site-packages/airflow/example_dags/example_params_trigger_ui.py for tasks to queue
[2024-10-01T00:04:13.654+0000] {logging_mixin.py:188} INFO - [2024-10-01T00:04:13.653+0000] {dagbag.py:538} INFO - Filling up the DagBag from /home/airflow/.local/lib/python3.8/site-packages/airflow/example_dags/example_params_trigger_ui.py
[2024-10-01T00:04:13.687+0000] {processor.py:840} INFO - DAG(s) 'example_params_trigger_ui' retrieved from /home/airflow/.local/lib/python3.8/site-packages/airflow/example_dags/example_params_trigger_ui.py
[2024-10-01T00:04:13.829+0000] {logging_mixin.py:188} INFO - [2024-10-01T00:04:13.828+0000] {dag.py:3036} INFO - Sync 1 DAGs
[2024-10-01T00:04:13.853+0000] {logging_mixin.py:188} INFO - [2024-10-01T00:04:13.853+0000] {dag.py:3823} INFO - Setting next_dagrun for example_params_trigger_ui to None, run_after=None
[2024-10-01T00:04:13.888+0000] {processor.py:183} INFO - Processing /home/airflow/.local/lib/python3.8/site-packages/airflow/example_dags/example_params_trigger_ui.py took 0.250 seconds
[2024-10-01T00:04:44.728+0000] {processor.py:161} INFO - Started process (PID=1349) to work on /home/airflow/.local/lib/python3.8/site-packages/airflow/example_dags/example_params_trigger_ui.py
[2024-10-01T00:04:44.739+0000] {processor.py:830} INFO - Processing file /home/airflow/.local/lib/python3.8/site-packages/airflow/example_dags/example_params_trigger_ui.py for tasks to queue
[2024-10-01T00:04:44.762+0000] {logging_mixin.py:188} INFO - [2024-10-01T00:04:44.759+0000] {dagbag.py:538} INFO - Filling up the DagBag from /home/airflow/.local/lib/python3.8/site-packages/airflow/example_dags/example_params_trigger_ui.py
[2024-10-01T00:04:44.880+0000] {processor.py:840} INFO - DAG(s) 'example_params_trigger_ui' retrieved from /home/airflow/.local/lib/python3.8/site-packages/airflow/example_dags/example_params_trigger_ui.py
[2024-10-01T00:04:45.501+0000] {logging_mixin.py:188} INFO - [2024-10-01T00:04:45.500+0000] {dag.py:3036} INFO - Sync 1 DAGs
[2024-10-01T00:04:45.669+0000] {logging_mixin.py:188} INFO - [2024-10-01T00:04:45.667+0000] {dag.py:3823} INFO - Setting next_dagrun for example_params_trigger_ui to None, run_after=None
[2024-10-01T00:04:45.839+0000] {processor.py:183} INFO - Processing /home/airflow/.local/lib/python3.8/site-packages/airflow/example_dags/example_params_trigger_ui.py took 1.150 seconds
[2024-10-01T00:05:16.704+0000] {processor.py:161} INFO - Started process (PID=1407) to work on /home/airflow/.local/lib/python3.8/site-packages/airflow/example_dags/example_params_trigger_ui.py
[2024-10-01T00:05:16.710+0000] {processor.py:830} INFO - Processing file /home/airflow/.local/lib/python3.8/site-packages/airflow/example_dags/example_params_trigger_ui.py for tasks to queue
[2024-10-01T00:05:16.713+0000] {logging_mixin.py:188} INFO - [2024-10-01T00:05:16.713+0000] {dagbag.py:538} INFO - Filling up the DagBag from /home/airflow/.local/lib/python3.8/site-packages/airflow/example_dags/example_params_trigger_ui.py
[2024-10-01T00:05:16.742+0000] {processor.py:840} INFO - DAG(s) 'example_params_trigger_ui' retrieved from /home/airflow/.local/lib/python3.8/site-packages/airflow/example_dags/example_params_trigger_ui.py
[2024-10-01T00:05:16.852+0000] {logging_mixin.py:188} INFO - [2024-10-01T00:05:16.852+0000] {dag.py:3036} INFO - Sync 1 DAGs
[2024-10-01T00:05:16.877+0000] {logging_mixin.py:188} INFO - [2024-10-01T00:05:16.877+0000] {dag.py:3823} INFO - Setting next_dagrun for example_params_trigger_ui to None, run_after=None
[2024-10-01T00:05:16.924+0000] {processor.py:183} INFO - Processing /home/airflow/.local/lib/python3.8/site-packages/airflow/example_dags/example_params_trigger_ui.py took 0.228 seconds
[2024-10-01T00:05:47.732+0000] {processor.py:161} INFO - Started process (PID=1473) to work on /home/airflow/.local/lib/python3.8/site-packages/airflow/example_dags/example_params_trigger_ui.py
[2024-10-01T00:05:47.734+0000] {processor.py:830} INFO - Processing file /home/airflow/.local/lib/python3.8/site-packages/airflow/example_dags/example_params_trigger_ui.py for tasks to queue
[2024-10-01T00:05:47.739+0000] {logging_mixin.py:188} INFO - [2024-10-01T00:05:47.738+0000] {dagbag.py:538} INFO - Filling up the DagBag from /home/airflow/.local/lib/python3.8/site-packages/airflow/example_dags/example_params_trigger_ui.py
[2024-10-01T00:05:47.774+0000] {processor.py:840} INFO - DAG(s) 'example_params_trigger_ui' retrieved from /home/airflow/.local/lib/python3.8/site-packages/airflow/example_dags/example_params_trigger_ui.py
[2024-10-01T00:05:47.913+0000] {logging_mixin.py:188} INFO - [2024-10-01T00:05:47.913+0000] {dag.py:3036} INFO - Sync 1 DAGs
[2024-10-01T00:05:47.945+0000] {logging_mixin.py:188} INFO - [2024-10-01T00:05:47.945+0000] {dag.py:3823} INFO - Setting next_dagrun for example_params_trigger_ui to None, run_after=None
[2024-10-01T00:05:47.993+0000] {processor.py:183} INFO - Processing /home/airflow/.local/lib/python3.8/site-packages/airflow/example_dags/example_params_trigger_ui.py took 0.271 seconds
[2024-10-01T00:06:18.212+0000] {processor.py:161} INFO - Started process (PID=1539) to work on /home/airflow/.local/lib/python3.8/site-packages/airflow/example_dags/example_params_trigger_ui.py
[2024-10-01T00:06:18.218+0000] {processor.py:830} INFO - Processing file /home/airflow/.local/lib/python3.8/site-packages/airflow/example_dags/example_params_trigger_ui.py for tasks to queue
[2024-10-01T00:06:18.229+0000] {logging_mixin.py:188} INFO - [2024-10-01T00:06:18.227+0000] {dagbag.py:538} INFO - Filling up the DagBag from /home/airflow/.local/lib/python3.8/site-packages/airflow/example_dags/example_params_trigger_ui.py
[2024-10-01T00:06:18.318+0000] {processor.py:840} INFO - DAG(s) 'example_params_trigger_ui' retrieved from /home/airflow/.local/lib/python3.8/site-packages/airflow/example_dags/example_params_trigger_ui.py
[2024-10-01T00:06:18.573+0000] {logging_mixin.py:188} INFO - [2024-10-01T00:06:18.571+0000] {dag.py:3036} INFO - Sync 1 DAGs
[2024-10-01T00:06:18.631+0000] {logging_mixin.py:188} INFO - [2024-10-01T00:06:18.630+0000] {dag.py:3823} INFO - Setting next_dagrun for example_params_trigger_ui to None, run_after=None
[2024-10-01T00:06:18.730+0000] {processor.py:183} INFO - Processing /home/airflow/.local/lib/python3.8/site-packages/airflow/example_dags/example_params_trigger_ui.py took 0.539 seconds
[2024-10-01T00:06:48.841+0000] {processor.py:161} INFO - Started process (PID=1606) to work on /home/airflow/.local/lib/python3.8/site-packages/airflow/example_dags/example_params_trigger_ui.py
[2024-10-01T00:06:48.844+0000] {processor.py:830} INFO - Processing file /home/airflow/.local/lib/python3.8/site-packages/airflow/example_dags/example_params_trigger_ui.py for tasks to queue
[2024-10-01T00:06:48.848+0000] {logging_mixin.py:188} INFO - [2024-10-01T00:06:48.847+0000] {dagbag.py:538} INFO - Filling up the DagBag from /home/airflow/.local/lib/python3.8/site-packages/airflow/example_dags/example_params_trigger_ui.py
[2024-10-01T00:06:48.896+0000] {processor.py:840} INFO - DAG(s) 'example_params_trigger_ui' retrieved from /home/airflow/.local/lib/python3.8/site-packages/airflow/example_dags/example_params_trigger_ui.py
[2024-10-01T00:06:49.087+0000] {logging_mixin.py:188} INFO - [2024-10-01T00:06:49.086+0000] {dag.py:3036} INFO - Sync 1 DAGs
[2024-10-01T00:06:49.124+0000] {logging_mixin.py:188} INFO - [2024-10-01T00:06:49.123+0000] {dag.py:3823} INFO - Setting next_dagrun for example_params_trigger_ui to None, run_after=None
[2024-10-01T00:06:49.185+0000] {processor.py:183} INFO - Processing /home/airflow/.local/lib/python3.8/site-packages/airflow/example_dags/example_params_trigger_ui.py took 0.354 seconds
[2024-10-01T00:07:19.366+0000] {processor.py:161} INFO - Started process (PID=1670) to work on /home/airflow/.local/lib/python3.8/site-packages/airflow/example_dags/example_params_trigger_ui.py
[2024-10-01T00:07:19.370+0000] {processor.py:830} INFO - Processing file /home/airflow/.local/lib/python3.8/site-packages/airflow/example_dags/example_params_trigger_ui.py for tasks to queue
[2024-10-01T00:07:19.374+0000] {logging_mixin.py:188} INFO - [2024-10-01T00:07:19.373+0000] {dagbag.py:538} INFO - Filling up the DagBag from /home/airflow/.local/lib/python3.8/site-packages/airflow/example_dags/example_params_trigger_ui.py
[2024-10-01T00:07:19.402+0000] {processor.py:840} INFO - DAG(s) 'example_params_trigger_ui' retrieved from /home/airflow/.local/lib/python3.8/site-packages/airflow/example_dags/example_params_trigger_ui.py
[2024-10-01T00:07:19.528+0000] {logging_mixin.py:188} INFO - [2024-10-01T00:07:19.527+0000] {dag.py:3036} INFO - Sync 1 DAGs
[2024-10-01T00:07:19.556+0000] {logging_mixin.py:188} INFO - [2024-10-01T00:07:19.555+0000] {dag.py:3823} INFO - Setting next_dagrun for example_params_trigger_ui to None, run_after=None
[2024-10-01T00:07:19.599+0000] {processor.py:183} INFO - Processing /home/airflow/.local/lib/python3.8/site-packages/airflow/example_dags/example_params_trigger_ui.py took 0.240 seconds
[2024-10-01T00:07:50.210+0000] {processor.py:161} INFO - Started process (PID=1736) to work on /home/airflow/.local/lib/python3.8/site-packages/airflow/example_dags/example_params_trigger_ui.py
[2024-10-01T00:07:50.213+0000] {processor.py:830} INFO - Processing file /home/airflow/.local/lib/python3.8/site-packages/airflow/example_dags/example_params_trigger_ui.py for tasks to queue
[2024-10-01T00:07:50.217+0000] {logging_mixin.py:188} INFO - [2024-10-01T00:07:50.216+0000] {dagbag.py:538} INFO - Filling up the DagBag from /home/airflow/.local/lib/python3.8/site-packages/airflow/example_dags/example_params_trigger_ui.py
[2024-10-01T00:07:50.245+0000] {processor.py:840} INFO - DAG(s) 'example_params_trigger_ui' retrieved from /home/airflow/.local/lib/python3.8/site-packages/airflow/example_dags/example_params_trigger_ui.py
[2024-10-01T00:07:50.362+0000] {logging_mixin.py:188} INFO - [2024-10-01T00:07:50.361+0000] {dag.py:3036} INFO - Sync 1 DAGs
[2024-10-01T00:07:50.390+0000] {logging_mixin.py:188} INFO - [2024-10-01T00:07:50.389+0000] {dag.py:3823} INFO - Setting next_dagrun for example_params_trigger_ui to None, run_after=None
[2024-10-01T00:07:50.432+0000] {processor.py:183} INFO - Processing /home/airflow/.local/lib/python3.8/site-packages/airflow/example_dags/example_params_trigger_ui.py took 0.229 seconds
[2024-10-01T00:08:20.676+0000] {processor.py:161} INFO - Started process (PID=1802) to work on /home/airflow/.local/lib/python3.8/site-packages/airflow/example_dags/example_params_trigger_ui.py
[2024-10-01T00:08:20.679+0000] {processor.py:830} INFO - Processing file /home/airflow/.local/lib/python3.8/site-packages/airflow/example_dags/example_params_trigger_ui.py for tasks to queue
[2024-10-01T00:08:20.682+0000] {logging_mixin.py:188} INFO - [2024-10-01T00:08:20.681+0000] {dagbag.py:538} INFO - Filling up the DagBag from /home/airflow/.local/lib/python3.8/site-packages/airflow/example_dags/example_params_trigger_ui.py
[2024-10-01T00:08:20.709+0000] {processor.py:840} INFO - DAG(s) 'example_params_trigger_ui' retrieved from /home/airflow/.local/lib/python3.8/site-packages/airflow/example_dags/example_params_trigger_ui.py
[2024-10-01T00:08:20.845+0000] {logging_mixin.py:188} INFO - [2024-10-01T00:08:20.844+0000] {dag.py:3036} INFO - Sync 1 DAGs
[2024-10-01T00:08:20.873+0000] {logging_mixin.py:188} INFO - [2024-10-01T00:08:20.873+0000] {dag.py:3823} INFO - Setting next_dagrun for example_params_trigger_ui to None, run_after=None
[2024-10-01T00:08:20.921+0000] {processor.py:183} INFO - Processing /home/airflow/.local/lib/python3.8/site-packages/airflow/example_dags/example_params_trigger_ui.py took 0.251 seconds
[2024-10-01T00:08:50.972+0000] {processor.py:161} INFO - Started process (PID=1868) to work on /home/airflow/.local/lib/python3.8/site-packages/airflow/example_dags/example_params_trigger_ui.py
[2024-10-01T00:08:50.974+0000] {processor.py:830} INFO - Processing file /home/airflow/.local/lib/python3.8/site-packages/airflow/example_dags/example_params_trigger_ui.py for tasks to queue
[2024-10-01T00:08:50.978+0000] {logging_mixin.py:188} INFO - [2024-10-01T00:08:50.977+0000] {dagbag.py:538} INFO - Filling up the DagBag from /home/airflow/.local/lib/python3.8/site-packages/airflow/example_dags/example_params_trigger_ui.py
[2024-10-01T00:08:51.008+0000] {processor.py:840} INFO - DAG(s) 'example_params_trigger_ui' retrieved from /home/airflow/.local/lib/python3.8/site-packages/airflow/example_dags/example_params_trigger_ui.py
[2024-10-01T00:08:51.133+0000] {logging_mixin.py:188} INFO - [2024-10-01T00:08:51.132+0000] {dag.py:3036} INFO - Sync 1 DAGs
[2024-10-01T00:08:51.165+0000] {logging_mixin.py:188} INFO - [2024-10-01T00:08:51.165+0000] {dag.py:3823} INFO - Setting next_dagrun for example_params_trigger_ui to None, run_after=None
[2024-10-01T00:08:51.210+0000] {processor.py:183} INFO - Processing /home/airflow/.local/lib/python3.8/site-packages/airflow/example_dags/example_params_trigger_ui.py took 0.245 seconds
[2024-10-01T00:09:21.426+0000] {processor.py:161} INFO - Started process (PID=1932) to work on /home/airflow/.local/lib/python3.8/site-packages/airflow/example_dags/example_params_trigger_ui.py
[2024-10-01T00:09:21.435+0000] {processor.py:830} INFO - Processing file /home/airflow/.local/lib/python3.8/site-packages/airflow/example_dags/example_params_trigger_ui.py for tasks to queue
[2024-10-01T00:09:21.451+0000] {logging_mixin.py:188} INFO - [2024-10-01T00:09:21.448+0000] {dagbag.py:538} INFO - Filling up the DagBag from /home/airflow/.local/lib/python3.8/site-packages/airflow/example_dags/example_params_trigger_ui.py
[2024-10-01T00:09:21.603+0000] {processor.py:840} INFO - DAG(s) 'example_params_trigger_ui' retrieved from /home/airflow/.local/lib/python3.8/site-packages/airflow/example_dags/example_params_trigger_ui.py
[2024-10-01T00:09:22.154+0000] {logging_mixin.py:188} INFO - [2024-10-01T00:09:22.152+0000] {dag.py:3036} INFO - Sync 1 DAGs
[2024-10-01T00:09:22.244+0000] {logging_mixin.py:188} INFO - [2024-10-01T00:09:22.242+0000] {dag.py:3823} INFO - Setting next_dagrun for example_params_trigger_ui to None, run_after=None
[2024-10-01T00:09:22.355+0000] {processor.py:183} INFO - Processing /home/airflow/.local/lib/python3.8/site-packages/airflow/example_dags/example_params_trigger_ui.py took 0.963 seconds
[2024-10-01T00:09:52.719+0000] {processor.py:161} INFO - Started process (PID=1992) to work on /home/airflow/.local/lib/python3.8/site-packages/airflow/example_dags/example_params_trigger_ui.py
[2024-10-01T00:09:52.735+0000] {processor.py:830} INFO - Processing file /home/airflow/.local/lib/python3.8/site-packages/airflow/example_dags/example_params_trigger_ui.py for tasks to queue
[2024-10-01T00:09:52.777+0000] {logging_mixin.py:188} INFO - [2024-10-01T00:09:52.763+0000] {dagbag.py:538} INFO - Filling up the DagBag from /home/airflow/.local/lib/python3.8/site-packages/airflow/example_dags/example_params_trigger_ui.py
[2024-10-01T00:09:52.987+0000] {processor.py:840} INFO - DAG(s) 'example_params_trigger_ui' retrieved from /home/airflow/.local/lib/python3.8/site-packages/airflow/example_dags/example_params_trigger_ui.py
[2024-10-01T00:09:54.054+0000] {logging_mixin.py:188} INFO - [2024-10-01T00:09:54.039+0000] {dag.py:3036} INFO - Sync 1 DAGs
[2024-10-01T00:09:54.344+0000] {logging_mixin.py:188} INFO - [2024-10-01T00:09:54.339+0000] {dag.py:3823} INFO - Setting next_dagrun for example_params_trigger_ui to None, run_after=None
[2024-10-01T00:09:54.737+0000] {processor.py:183} INFO - Processing /home/airflow/.local/lib/python3.8/site-packages/airflow/example_dags/example_params_trigger_ui.py took 2.062 seconds
[2024-10-01T00:10:37.642+0000] {processor.py:161} INFO - Started process (PID=2056) to work on /home/airflow/.local/lib/python3.8/site-packages/airflow/example_dags/example_params_trigger_ui.py
[2024-10-01T00:10:37.656+0000] {processor.py:830} INFO - Processing file /home/airflow/.local/lib/python3.8/site-packages/airflow/example_dags/example_params_trigger_ui.py for tasks to queue
[2024-10-01T00:10:37.675+0000] {logging_mixin.py:188} INFO - [2024-10-01T00:10:37.672+0000] {dagbag.py:538} INFO - Filling up the DagBag from /home/airflow/.local/lib/python3.8/site-packages/airflow/example_dags/example_params_trigger_ui.py
[2024-10-01T00:10:37.973+0000] {processor.py:840} INFO - DAG(s) 'example_params_trigger_ui' retrieved from /home/airflow/.local/lib/python3.8/site-packages/airflow/example_dags/example_params_trigger_ui.py
[2024-10-01T00:10:39.076+0000] {logging_mixin.py:188} INFO - [2024-10-01T00:10:39.074+0000] {dag.py:3036} INFO - Sync 1 DAGs
[2024-10-01T00:10:39.310+0000] {logging_mixin.py:188} INFO - [2024-10-01T00:10:39.308+0000] {dag.py:3823} INFO - Setting next_dagrun for example_params_trigger_ui to None, run_after=None
[2024-10-01T00:10:39.563+0000] {processor.py:183} INFO - Processing /home/airflow/.local/lib/python3.8/site-packages/airflow/example_dags/example_params_trigger_ui.py took 1.980 seconds
[2024-10-01T00:11:20.917+0000] {processor.py:161} INFO - Started process (PID=2118) to work on /home/airflow/.local/lib/python3.8/site-packages/airflow/example_dags/example_params_trigger_ui.py
[2024-10-01T00:11:20.931+0000] {processor.py:830} INFO - Processing file /home/airflow/.local/lib/python3.8/site-packages/airflow/example_dags/example_params_trigger_ui.py for tasks to queue
[2024-10-01T00:11:20.958+0000] {logging_mixin.py:188} INFO - [2024-10-01T00:11:20.955+0000] {dagbag.py:538} INFO - Filling up the DagBag from /home/airflow/.local/lib/python3.8/site-packages/airflow/example_dags/example_params_trigger_ui.py
[2024-10-01T00:11:21.272+0000] {processor.py:840} INFO - DAG(s) 'example_params_trigger_ui' retrieved from /home/airflow/.local/lib/python3.8/site-packages/airflow/example_dags/example_params_trigger_ui.py
[2024-10-01T00:11:22.213+0000] {logging_mixin.py:188} INFO - [2024-10-01T00:11:22.210+0000] {dag.py:3036} INFO - Sync 1 DAGs
[2024-10-01T00:11:22.379+0000] {logging_mixin.py:188} INFO - [2024-10-01T00:11:22.377+0000] {dag.py:3823} INFO - Setting next_dagrun for example_params_trigger_ui to None, run_after=None
[2024-10-01T00:11:22.665+0000] {processor.py:183} INFO - Processing /home/airflow/.local/lib/python3.8/site-packages/airflow/example_dags/example_params_trigger_ui.py took 1.786 seconds
[2024-10-01T00:11:52.924+0000] {processor.py:161} INFO - Started process (PID=2184) to work on /home/airflow/.local/lib/python3.8/site-packages/airflow/example_dags/example_params_trigger_ui.py
[2024-10-01T00:11:52.935+0000] {processor.py:830} INFO - Processing file /home/airflow/.local/lib/python3.8/site-packages/airflow/example_dags/example_params_trigger_ui.py for tasks to queue
[2024-10-01T00:11:52.955+0000] {logging_mixin.py:188} INFO - [2024-10-01T00:11:52.952+0000] {dagbag.py:538} INFO - Filling up the DagBag from /home/airflow/.local/lib/python3.8/site-packages/airflow/example_dags/example_params_trigger_ui.py
[2024-10-01T00:11:53.140+0000] {processor.py:840} INFO - DAG(s) 'example_params_trigger_ui' retrieved from /home/airflow/.local/lib/python3.8/site-packages/airflow/example_dags/example_params_trigger_ui.py
[2024-10-01T00:11:53.674+0000] {logging_mixin.py:188} INFO - [2024-10-01T00:11:53.672+0000] {dag.py:3036} INFO - Sync 1 DAGs
[2024-10-01T00:11:53.781+0000] {logging_mixin.py:188} INFO - [2024-10-01T00:11:53.779+0000] {dag.py:3823} INFO - Setting next_dagrun for example_params_trigger_ui to None, run_after=None
[2024-10-01T00:11:53.932+0000] {processor.py:183} INFO - Processing /home/airflow/.local/lib/python3.8/site-packages/airflow/example_dags/example_params_trigger_ui.py took 1.045 seconds
[2024-10-01T00:12:24.177+0000] {processor.py:161} INFO - Started process (PID=2242) to work on /home/airflow/.local/lib/python3.8/site-packages/airflow/example_dags/example_params_trigger_ui.py
[2024-10-01T00:12:24.185+0000] {processor.py:830} INFO - Processing file /home/airflow/.local/lib/python3.8/site-packages/airflow/example_dags/example_params_trigger_ui.py for tasks to queue
[2024-10-01T00:12:24.193+0000] {logging_mixin.py:188} INFO - [2024-10-01T00:12:24.191+0000] {dagbag.py:538} INFO - Filling up the DagBag from /home/airflow/.local/lib/python3.8/site-packages/airflow/example_dags/example_params_trigger_ui.py
[2024-10-01T00:12:24.256+0000] {processor.py:840} INFO - DAG(s) 'example_params_trigger_ui' retrieved from /home/airflow/.local/lib/python3.8/site-packages/airflow/example_dags/example_params_trigger_ui.py
[2024-10-01T00:12:24.521+0000] {logging_mixin.py:188} INFO - [2024-10-01T00:12:24.520+0000] {dag.py:3036} INFO - Sync 1 DAGs
[2024-10-01T00:12:24.582+0000] {logging_mixin.py:188} INFO - [2024-10-01T00:12:24.581+0000] {dag.py:3823} INFO - Setting next_dagrun for example_params_trigger_ui to None, run_after=None
[2024-10-01T00:12:25.110+0000] {processor.py:183} INFO - Processing /home/airflow/.local/lib/python3.8/site-packages/airflow/example_dags/example_params_trigger_ui.py took 0.947 seconds
[2024-10-01T00:12:55.757+0000] {processor.py:161} INFO - Started process (PID=2308) to work on /home/airflow/.local/lib/python3.8/site-packages/airflow/example_dags/example_params_trigger_ui.py
[2024-10-01T00:12:55.760+0000] {processor.py:830} INFO - Processing file /home/airflow/.local/lib/python3.8/site-packages/airflow/example_dags/example_params_trigger_ui.py for tasks to queue
[2024-10-01T00:12:55.763+0000] {logging_mixin.py:188} INFO - [2024-10-01T00:12:55.763+0000] {dagbag.py:538} INFO - Filling up the DagBag from /home/airflow/.local/lib/python3.8/site-packages/airflow/example_dags/example_params_trigger_ui.py
[2024-10-01T00:12:55.793+0000] {processor.py:840} INFO - DAG(s) 'example_params_trigger_ui' retrieved from /home/airflow/.local/lib/python3.8/site-packages/airflow/example_dags/example_params_trigger_ui.py
[2024-10-01T00:12:55.916+0000] {logging_mixin.py:188} INFO - [2024-10-01T00:12:55.916+0000] {dag.py:3036} INFO - Sync 1 DAGs
[2024-10-01T00:12:55.945+0000] {logging_mixin.py:188} INFO - [2024-10-01T00:12:55.944+0000] {dag.py:3823} INFO - Setting next_dagrun for example_params_trigger_ui to None, run_after=None
[2024-10-01T00:12:55.986+0000] {processor.py:183} INFO - Processing /home/airflow/.local/lib/python3.8/site-packages/airflow/example_dags/example_params_trigger_ui.py took 0.237 seconds
[2024-10-01T00:13:26.146+0000] {processor.py:161} INFO - Started process (PID=2374) to work on /home/airflow/.local/lib/python3.8/site-packages/airflow/example_dags/example_params_trigger_ui.py
[2024-10-01T00:13:26.151+0000] {processor.py:830} INFO - Processing file /home/airflow/.local/lib/python3.8/site-packages/airflow/example_dags/example_params_trigger_ui.py for tasks to queue
[2024-10-01T00:13:26.157+0000] {logging_mixin.py:188} INFO - [2024-10-01T00:13:26.156+0000] {dagbag.py:538} INFO - Filling up the DagBag from /home/airflow/.local/lib/python3.8/site-packages/airflow/example_dags/example_params_trigger_ui.py
[2024-10-01T00:13:26.216+0000] {processor.py:840} INFO - DAG(s) 'example_params_trigger_ui' retrieved from /home/airflow/.local/lib/python3.8/site-packages/airflow/example_dags/example_params_trigger_ui.py
[2024-10-01T00:13:26.475+0000] {logging_mixin.py:188} INFO - [2024-10-01T00:13:26.474+0000] {dag.py:3036} INFO - Sync 1 DAGs
[2024-10-01T00:13:26.534+0000] {logging_mixin.py:188} INFO - [2024-10-01T00:13:26.533+0000] {dag.py:3823} INFO - Setting next_dagrun for example_params_trigger_ui to None, run_after=None
[2024-10-01T00:13:26.627+0000] {processor.py:183} INFO - Processing /home/airflow/.local/lib/python3.8/site-packages/airflow/example_dags/example_params_trigger_ui.py took 0.497 seconds
[2024-10-01T00:13:57.403+0000] {processor.py:161} INFO - Started process (PID=2440) to work on /home/airflow/.local/lib/python3.8/site-packages/airflow/example_dags/example_params_trigger_ui.py
[2024-10-01T00:13:57.405+0000] {processor.py:830} INFO - Processing file /home/airflow/.local/lib/python3.8/site-packages/airflow/example_dags/example_params_trigger_ui.py for tasks to queue
[2024-10-01T00:13:57.407+0000] {logging_mixin.py:188} INFO - [2024-10-01T00:13:57.407+0000] {dagbag.py:538} INFO - Filling up the DagBag from /home/airflow/.local/lib/python3.8/site-packages/airflow/example_dags/example_params_trigger_ui.py
[2024-10-01T00:13:57.429+0000] {processor.py:840} INFO - DAG(s) 'example_params_trigger_ui' retrieved from /home/airflow/.local/lib/python3.8/site-packages/airflow/example_dags/example_params_trigger_ui.py
[2024-10-01T00:13:57.523+0000] {logging_mixin.py:188} INFO - [2024-10-01T00:13:57.523+0000] {dag.py:3036} INFO - Sync 1 DAGs
[2024-10-01T00:13:57.549+0000] {logging_mixin.py:188} INFO - [2024-10-01T00:13:57.548+0000] {dag.py:3823} INFO - Setting next_dagrun for example_params_trigger_ui to None, run_after=None
[2024-10-01T00:13:57.770+0000] {processor.py:183} INFO - Processing /home/airflow/.local/lib/python3.8/site-packages/airflow/example_dags/example_params_trigger_ui.py took 0.372 seconds
[2024-10-01T00:14:28.074+0000] {processor.py:161} INFO - Started process (PID=2506) to work on /home/airflow/.local/lib/python3.8/site-packages/airflow/example_dags/example_params_trigger_ui.py
[2024-10-01T00:14:28.076+0000] {processor.py:830} INFO - Processing file /home/airflow/.local/lib/python3.8/site-packages/airflow/example_dags/example_params_trigger_ui.py for tasks to queue
[2024-10-01T00:14:28.081+0000] {logging_mixin.py:188} INFO - [2024-10-01T00:14:28.080+0000] {dagbag.py:538} INFO - Filling up the DagBag from /home/airflow/.local/lib/python3.8/site-packages/airflow/example_dags/example_params_trigger_ui.py
[2024-10-01T00:14:28.117+0000] {processor.py:840} INFO - DAG(s) 'example_params_trigger_ui' retrieved from /home/airflow/.local/lib/python3.8/site-packages/airflow/example_dags/example_params_trigger_ui.py
[2024-10-01T00:14:28.252+0000] {logging_mixin.py:188} INFO - [2024-10-01T00:14:28.252+0000] {dag.py:3036} INFO - Sync 1 DAGs
[2024-10-01T00:14:28.277+0000] {logging_mixin.py:188} INFO - [2024-10-01T00:14:28.276+0000] {dag.py:3823} INFO - Setting next_dagrun for example_params_trigger_ui to None, run_after=None
[2024-10-01T00:14:28.312+0000] {processor.py:183} INFO - Processing /home/airflow/.local/lib/python3.8/site-packages/airflow/example_dags/example_params_trigger_ui.py took 0.244 seconds
[2024-10-01T00:14:58.690+0000] {processor.py:161} INFO - Started process (PID=2573) to work on /home/airflow/.local/lib/python3.8/site-packages/airflow/example_dags/example_params_trigger_ui.py
[2024-10-01T00:14:58.693+0000] {processor.py:830} INFO - Processing file /home/airflow/.local/lib/python3.8/site-packages/airflow/example_dags/example_params_trigger_ui.py for tasks to queue
[2024-10-01T00:14:58.697+0000] {logging_mixin.py:188} INFO - [2024-10-01T00:14:58.696+0000] {dagbag.py:538} INFO - Filling up the DagBag from /home/airflow/.local/lib/python3.8/site-packages/airflow/example_dags/example_params_trigger_ui.py
[2024-10-01T00:14:58.730+0000] {processor.py:840} INFO - DAG(s) 'example_params_trigger_ui' retrieved from /home/airflow/.local/lib/python3.8/site-packages/airflow/example_dags/example_params_trigger_ui.py
[2024-10-01T00:14:58.896+0000] {logging_mixin.py:188} INFO - [2024-10-01T00:14:58.895+0000] {dag.py:3036} INFO - Sync 1 DAGs
[2024-10-01T00:14:58.939+0000] {logging_mixin.py:188} INFO - [2024-10-01T00:14:58.938+0000] {dag.py:3823} INFO - Setting next_dagrun for example_params_trigger_ui to None, run_after=None
[2024-10-01T00:14:59.002+0000] {processor.py:183} INFO - Processing /home/airflow/.local/lib/python3.8/site-packages/airflow/example_dags/example_params_trigger_ui.py took 0.321 seconds
[2024-10-01T00:15:29.191+0000] {processor.py:161} INFO - Started process (PID=2639) to work on /home/airflow/.local/lib/python3.8/site-packages/airflow/example_dags/example_params_trigger_ui.py
[2024-10-01T00:15:29.194+0000] {processor.py:830} INFO - Processing file /home/airflow/.local/lib/python3.8/site-packages/airflow/example_dags/example_params_trigger_ui.py for tasks to queue
[2024-10-01T00:15:29.198+0000] {logging_mixin.py:188} INFO - [2024-10-01T00:15:29.197+0000] {dagbag.py:538} INFO - Filling up the DagBag from /home/airflow/.local/lib/python3.8/site-packages/airflow/example_dags/example_params_trigger_ui.py
[2024-10-01T00:15:29.227+0000] {processor.py:840} INFO - DAG(s) 'example_params_trigger_ui' retrieved from /home/airflow/.local/lib/python3.8/site-packages/airflow/example_dags/example_params_trigger_ui.py
[2024-10-01T00:15:29.350+0000] {logging_mixin.py:188} INFO - [2024-10-01T00:15:29.349+0000] {dag.py:3036} INFO - Sync 1 DAGs
[2024-10-01T00:15:29.628+0000] {logging_mixin.py:188} INFO - [2024-10-01T00:15:29.628+0000] {dag.py:3823} INFO - Setting next_dagrun for example_params_trigger_ui to None, run_after=None
[2024-10-01T00:15:29.666+0000] {processor.py:183} INFO - Processing /home/airflow/.local/lib/python3.8/site-packages/airflow/example_dags/example_params_trigger_ui.py took 0.482 seconds
[2024-10-01T00:16:02.269+0000] {processor.py:161} INFO - Started process (PID=2703) to work on /home/airflow/.local/lib/python3.8/site-packages/airflow/example_dags/example_params_trigger_ui.py
[2024-10-01T00:16:02.279+0000] {processor.py:830} INFO - Processing file /home/airflow/.local/lib/python3.8/site-packages/airflow/example_dags/example_params_trigger_ui.py for tasks to queue
[2024-10-01T00:16:02.299+0000] {logging_mixin.py:188} INFO - [2024-10-01T00:16:02.295+0000] {dagbag.py:538} INFO - Filling up the DagBag from /home/airflow/.local/lib/python3.8/site-packages/airflow/example_dags/example_params_trigger_ui.py
[2024-10-01T00:16:02.674+0000] {processor.py:840} INFO - DAG(s) 'example_params_trigger_ui' retrieved from /home/airflow/.local/lib/python3.8/site-packages/airflow/example_dags/example_params_trigger_ui.py
[2024-10-01T00:16:04.689+0000] {logging_mixin.py:188} INFO - [2024-10-01T00:16:04.687+0000] {dag.py:3036} INFO - Sync 1 DAGs
[2024-10-01T00:16:05.217+0000] {logging_mixin.py:188} INFO - [2024-10-01T00:16:05.207+0000] {dag.py:3823} INFO - Setting next_dagrun for example_params_trigger_ui to None, run_after=None
[2024-10-01T00:16:05.786+0000] {processor.py:183} INFO - Processing /home/airflow/.local/lib/python3.8/site-packages/airflow/example_dags/example_params_trigger_ui.py took 3.554 seconds
[2024-10-01T00:16:40.641+0000] {processor.py:161} INFO - Started process (PID=2768) to work on /home/airflow/.local/lib/python3.8/site-packages/airflow/example_dags/example_params_trigger_ui.py
[2024-10-01T00:16:40.643+0000] {processor.py:830} INFO - Processing file /home/airflow/.local/lib/python3.8/site-packages/airflow/example_dags/example_params_trigger_ui.py for tasks to queue
[2024-10-01T00:16:40.647+0000] {logging_mixin.py:188} INFO - [2024-10-01T00:16:40.646+0000] {dagbag.py:538} INFO - Filling up the DagBag from /home/airflow/.local/lib/python3.8/site-packages/airflow/example_dags/example_params_trigger_ui.py
[2024-10-01T00:16:40.678+0000] {processor.py:840} INFO - DAG(s) 'example_params_trigger_ui' retrieved from /home/airflow/.local/lib/python3.8/site-packages/airflow/example_dags/example_params_trigger_ui.py
[2024-10-01T00:16:40.805+0000] {logging_mixin.py:188} INFO - [2024-10-01T00:16:40.805+0000] {dag.py:3036} INFO - Sync 1 DAGs
[2024-10-01T00:16:40.837+0000] {logging_mixin.py:188} INFO - [2024-10-01T00:16:40.836+0000] {dag.py:3823} INFO - Setting next_dagrun for example_params_trigger_ui to None, run_after=None
[2024-10-01T00:16:40.885+0000] {processor.py:183} INFO - Processing /home/airflow/.local/lib/python3.8/site-packages/airflow/example_dags/example_params_trigger_ui.py took 0.250 seconds
[2024-10-01T00:17:11.272+0000] {processor.py:161} INFO - Started process (PID=2831) to work on /home/airflow/.local/lib/python3.8/site-packages/airflow/example_dags/example_params_trigger_ui.py
[2024-10-01T00:17:11.275+0000] {processor.py:830} INFO - Processing file /home/airflow/.local/lib/python3.8/site-packages/airflow/example_dags/example_params_trigger_ui.py for tasks to queue
[2024-10-01T00:17:11.279+0000] {logging_mixin.py:188} INFO - [2024-10-01T00:17:11.279+0000] {dagbag.py:538} INFO - Filling up the DagBag from /home/airflow/.local/lib/python3.8/site-packages/airflow/example_dags/example_params_trigger_ui.py
[2024-10-01T00:17:11.319+0000] {processor.py:840} INFO - DAG(s) 'example_params_trigger_ui' retrieved from /home/airflow/.local/lib/python3.8/site-packages/airflow/example_dags/example_params_trigger_ui.py
[2024-10-01T00:17:11.508+0000] {logging_mixin.py:188} INFO - [2024-10-01T00:17:11.507+0000] {dag.py:3036} INFO - Sync 1 DAGs
[2024-10-01T00:17:11.547+0000] {logging_mixin.py:188} INFO - [2024-10-01T00:17:11.546+0000] {dag.py:3823} INFO - Setting next_dagrun for example_params_trigger_ui to None, run_after=None
[2024-10-01T00:17:11.596+0000] {processor.py:183} INFO - Processing /home/airflow/.local/lib/python3.8/site-packages/airflow/example_dags/example_params_trigger_ui.py took 0.334 seconds
[2024-10-01T00:17:41.912+0000] {processor.py:161} INFO - Started process (PID=2894) to work on /home/airflow/.local/lib/python3.8/site-packages/airflow/example_dags/example_params_trigger_ui.py
[2024-10-01T00:17:41.913+0000] {processor.py:830} INFO - Processing file /home/airflow/.local/lib/python3.8/site-packages/airflow/example_dags/example_params_trigger_ui.py for tasks to queue
[2024-10-01T00:17:41.915+0000] {logging_mixin.py:188} INFO - [2024-10-01T00:17:41.914+0000] {dagbag.py:538} INFO - Filling up the DagBag from /home/airflow/.local/lib/python3.8/site-packages/airflow/example_dags/example_params_trigger_ui.py
[2024-10-01T00:17:41.930+0000] {processor.py:840} INFO - DAG(s) 'example_params_trigger_ui' retrieved from /home/airflow/.local/lib/python3.8/site-packages/airflow/example_dags/example_params_trigger_ui.py
[2024-10-01T00:17:42.019+0000] {logging_mixin.py:188} INFO - [2024-10-01T00:17:42.019+0000] {dag.py:3036} INFO - Sync 1 DAGs
[2024-10-01T00:17:42.040+0000] {logging_mixin.py:188} INFO - [2024-10-01T00:17:42.040+0000] {dag.py:3823} INFO - Setting next_dagrun for example_params_trigger_ui to None, run_after=None
[2024-10-01T00:17:42.069+0000] {processor.py:183} INFO - Processing /home/airflow/.local/lib/python3.8/site-packages/airflow/example_dags/example_params_trigger_ui.py took 0.160 seconds
[2024-10-01T00:18:12.134+0000] {processor.py:161} INFO - Started process (PID=2960) to work on /home/airflow/.local/lib/python3.8/site-packages/airflow/example_dags/example_params_trigger_ui.py
[2024-10-01T00:18:12.136+0000] {processor.py:830} INFO - Processing file /home/airflow/.local/lib/python3.8/site-packages/airflow/example_dags/example_params_trigger_ui.py for tasks to queue
[2024-10-01T00:18:12.138+0000] {logging_mixin.py:188} INFO - [2024-10-01T00:18:12.137+0000] {dagbag.py:538} INFO - Filling up the DagBag from /home/airflow/.local/lib/python3.8/site-packages/airflow/example_dags/example_params_trigger_ui.py
[2024-10-01T00:18:12.159+0000] {processor.py:840} INFO - DAG(s) 'example_params_trigger_ui' retrieved from /home/airflow/.local/lib/python3.8/site-packages/airflow/example_dags/example_params_trigger_ui.py
[2024-10-01T00:18:12.256+0000] {logging_mixin.py:188} INFO - [2024-10-01T00:18:12.256+0000] {dag.py:3036} INFO - Sync 1 DAGs
[2024-10-01T00:18:12.280+0000] {logging_mixin.py:188} INFO - [2024-10-01T00:18:12.280+0000] {dag.py:3823} INFO - Setting next_dagrun for example_params_trigger_ui to None, run_after=None
[2024-10-01T00:18:12.317+0000] {processor.py:183} INFO - Processing /home/airflow/.local/lib/python3.8/site-packages/airflow/example_dags/example_params_trigger_ui.py took 0.188 seconds
[2024-10-01T00:18:42.386+0000] {processor.py:161} INFO - Started process (PID=3034) to work on /home/airflow/.local/lib/python3.8/site-packages/airflow/example_dags/example_params_trigger_ui.py
[2024-10-01T00:18:42.388+0000] {processor.py:830} INFO - Processing file /home/airflow/.local/lib/python3.8/site-packages/airflow/example_dags/example_params_trigger_ui.py for tasks to queue
[2024-10-01T00:18:42.391+0000] {logging_mixin.py:188} INFO - [2024-10-01T00:18:42.390+0000] {dagbag.py:538} INFO - Filling up the DagBag from /home/airflow/.local/lib/python3.8/site-packages/airflow/example_dags/example_params_trigger_ui.py
[2024-10-01T00:18:42.422+0000] {processor.py:840} INFO - DAG(s) 'example_params_trigger_ui' retrieved from /home/airflow/.local/lib/python3.8/site-packages/airflow/example_dags/example_params_trigger_ui.py
[2024-10-01T00:18:42.524+0000] {logging_mixin.py:188} INFO - [2024-10-01T00:18:42.523+0000] {dag.py:3036} INFO - Sync 1 DAGs
[2024-10-01T00:18:42.548+0000] {logging_mixin.py:188} INFO - [2024-10-01T00:18:42.547+0000] {dag.py:3823} INFO - Setting next_dagrun for example_params_trigger_ui to None, run_after=None
[2024-10-01T00:18:42.584+0000] {processor.py:183} INFO - Processing /home/airflow/.local/lib/python3.8/site-packages/airflow/example_dags/example_params_trigger_ui.py took 0.204 seconds
[2024-10-01T00:19:12.944+0000] {processor.py:161} INFO - Started process (PID=3101) to work on /home/airflow/.local/lib/python3.8/site-packages/airflow/example_dags/example_params_trigger_ui.py
[2024-10-01T00:19:12.946+0000] {processor.py:830} INFO - Processing file /home/airflow/.local/lib/python3.8/site-packages/airflow/example_dags/example_params_trigger_ui.py for tasks to queue
[2024-10-01T00:19:12.950+0000] {logging_mixin.py:188} INFO - [2024-10-01T00:19:12.950+0000] {dagbag.py:538} INFO - Filling up the DagBag from /home/airflow/.local/lib/python3.8/site-packages/airflow/example_dags/example_params_trigger_ui.py
[2024-10-01T00:19:12.993+0000] {processor.py:840} INFO - DAG(s) 'example_params_trigger_ui' retrieved from /home/airflow/.local/lib/python3.8/site-packages/airflow/example_dags/example_params_trigger_ui.py
[2024-10-01T00:19:13.145+0000] {logging_mixin.py:188} INFO - [2024-10-01T00:19:13.144+0000] {dag.py:3036} INFO - Sync 1 DAGs
[2024-10-01T00:19:13.169+0000] {logging_mixin.py:188} INFO - [2024-10-01T00:19:13.169+0000] {dag.py:3823} INFO - Setting next_dagrun for example_params_trigger_ui to None, run_after=None
[2024-10-01T00:19:13.202+0000] {processor.py:183} INFO - Processing /home/airflow/.local/lib/python3.8/site-packages/airflow/example_dags/example_params_trigger_ui.py took 0.266 seconds
[2024-10-01T00:19:43.547+0000] {processor.py:161} INFO - Started process (PID=3168) to work on /home/airflow/.local/lib/python3.8/site-packages/airflow/example_dags/example_params_trigger_ui.py
[2024-10-01T00:19:43.549+0000] {processor.py:830} INFO - Processing file /home/airflow/.local/lib/python3.8/site-packages/airflow/example_dags/example_params_trigger_ui.py for tasks to queue
[2024-10-01T00:19:43.553+0000] {logging_mixin.py:188} INFO - [2024-10-01T00:19:43.552+0000] {dagbag.py:538} INFO - Filling up the DagBag from /home/airflow/.local/lib/python3.8/site-packages/airflow/example_dags/example_params_trigger_ui.py
[2024-10-01T00:19:43.584+0000] {processor.py:840} INFO - DAG(s) 'example_params_trigger_ui' retrieved from /home/airflow/.local/lib/python3.8/site-packages/airflow/example_dags/example_params_trigger_ui.py
[2024-10-01T00:19:43.732+0000] {logging_mixin.py:188} INFO - [2024-10-01T00:19:43.731+0000] {dag.py:3036} INFO - Sync 1 DAGs
[2024-10-01T00:19:43.768+0000] {logging_mixin.py:188} INFO - [2024-10-01T00:19:43.767+0000] {dag.py:3823} INFO - Setting next_dagrun for example_params_trigger_ui to None, run_after=None
[2024-10-01T00:19:43.824+0000] {processor.py:183} INFO - Processing /home/airflow/.local/lib/python3.8/site-packages/airflow/example_dags/example_params_trigger_ui.py took 0.285 seconds
[2024-10-01T00:20:14.110+0000] {processor.py:161} INFO - Started process (PID=3234) to work on /home/airflow/.local/lib/python3.8/site-packages/airflow/example_dags/example_params_trigger_ui.py
[2024-10-01T00:20:14.111+0000] {processor.py:830} INFO - Processing file /home/airflow/.local/lib/python3.8/site-packages/airflow/example_dags/example_params_trigger_ui.py for tasks to queue
[2024-10-01T00:20:14.113+0000] {logging_mixin.py:188} INFO - [2024-10-01T00:20:14.113+0000] {dagbag.py:538} INFO - Filling up the DagBag from /home/airflow/.local/lib/python3.8/site-packages/airflow/example_dags/example_params_trigger_ui.py
[2024-10-01T00:20:14.132+0000] {processor.py:840} INFO - DAG(s) 'example_params_trigger_ui' retrieved from /home/airflow/.local/lib/python3.8/site-packages/airflow/example_dags/example_params_trigger_ui.py
[2024-10-01T00:20:14.227+0000] {logging_mixin.py:188} INFO - [2024-10-01T00:20:14.226+0000] {dag.py:3036} INFO - Sync 1 DAGs
[2024-10-01T00:20:14.254+0000] {logging_mixin.py:188} INFO - [2024-10-01T00:20:14.254+0000] {dag.py:3823} INFO - Setting next_dagrun for example_params_trigger_ui to None, run_after=None
[2024-10-01T00:20:14.296+0000] {processor.py:183} INFO - Processing /home/airflow/.local/lib/python3.8/site-packages/airflow/example_dags/example_params_trigger_ui.py took 0.189 seconds
[2024-10-01T00:20:44.476+0000] {processor.py:161} INFO - Started process (PID=3300) to work on /home/airflow/.local/lib/python3.8/site-packages/airflow/example_dags/example_params_trigger_ui.py
[2024-10-01T00:20:44.478+0000] {processor.py:830} INFO - Processing file /home/airflow/.local/lib/python3.8/site-packages/airflow/example_dags/example_params_trigger_ui.py for tasks to queue
[2024-10-01T00:20:44.480+0000] {logging_mixin.py:188} INFO - [2024-10-01T00:20:44.480+0000] {dagbag.py:538} INFO - Filling up the DagBag from /home/airflow/.local/lib/python3.8/site-packages/airflow/example_dags/example_params_trigger_ui.py
[2024-10-01T00:20:44.500+0000] {processor.py:840} INFO - DAG(s) 'example_params_trigger_ui' retrieved from /home/airflow/.local/lib/python3.8/site-packages/airflow/example_dags/example_params_trigger_ui.py
[2024-10-01T00:20:44.615+0000] {logging_mixin.py:188} INFO - [2024-10-01T00:20:44.614+0000] {dag.py:3036} INFO - Sync 1 DAGs
[2024-10-01T00:20:44.640+0000] {logging_mixin.py:188} INFO - [2024-10-01T00:20:44.640+0000] {dag.py:3823} INFO - Setting next_dagrun for example_params_trigger_ui to None, run_after=None
[2024-10-01T00:20:44.680+0000] {processor.py:183} INFO - Processing /home/airflow/.local/lib/python3.8/site-packages/airflow/example_dags/example_params_trigger_ui.py took 0.208 seconds
[2024-10-01T00:21:15.278+0000] {processor.py:161} INFO - Started process (PID=3366) to work on /home/airflow/.local/lib/python3.8/site-packages/airflow/example_dags/example_params_trigger_ui.py
[2024-10-01T00:21:15.279+0000] {processor.py:830} INFO - Processing file /home/airflow/.local/lib/python3.8/site-packages/airflow/example_dags/example_params_trigger_ui.py for tasks to queue
[2024-10-01T00:21:15.281+0000] {logging_mixin.py:188} INFO - [2024-10-01T00:21:15.281+0000] {dagbag.py:538} INFO - Filling up the DagBag from /home/airflow/.local/lib/python3.8/site-packages/airflow/example_dags/example_params_trigger_ui.py
[2024-10-01T00:21:15.299+0000] {processor.py:840} INFO - DAG(s) 'example_params_trigger_ui' retrieved from /home/airflow/.local/lib/python3.8/site-packages/airflow/example_dags/example_params_trigger_ui.py
[2024-10-01T00:21:15.393+0000] {logging_mixin.py:188} INFO - [2024-10-01T00:21:15.393+0000] {dag.py:3036} INFO - Sync 1 DAGs
[2024-10-01T00:21:15.414+0000] {logging_mixin.py:188} INFO - [2024-10-01T00:21:15.413+0000] {dag.py:3823} INFO - Setting next_dagrun for example_params_trigger_ui to None, run_after=None
[2024-10-01T00:21:15.445+0000] {processor.py:183} INFO - Processing /home/airflow/.local/lib/python3.8/site-packages/airflow/example_dags/example_params_trigger_ui.py took 0.171 seconds
[2024-10-01T00:21:45.932+0000] {processor.py:161} INFO - Started process (PID=3432) to work on /home/airflow/.local/lib/python3.8/site-packages/airflow/example_dags/example_params_trigger_ui.py
[2024-10-01T00:21:45.934+0000] {processor.py:830} INFO - Processing file /home/airflow/.local/lib/python3.8/site-packages/airflow/example_dags/example_params_trigger_ui.py for tasks to queue
[2024-10-01T00:21:45.936+0000] {logging_mixin.py:188} INFO - [2024-10-01T00:21:45.935+0000] {dagbag.py:538} INFO - Filling up the DagBag from /home/airflow/.local/lib/python3.8/site-packages/airflow/example_dags/example_params_trigger_ui.py
[2024-10-01T00:21:45.956+0000] {processor.py:840} INFO - DAG(s) 'example_params_trigger_ui' retrieved from /home/airflow/.local/lib/python3.8/site-packages/airflow/example_dags/example_params_trigger_ui.py
[2024-10-01T00:21:46.057+0000] {logging_mixin.py:188} INFO - [2024-10-01T00:21:46.057+0000] {dag.py:3036} INFO - Sync 1 DAGs
[2024-10-01T00:21:46.077+0000] {logging_mixin.py:188} INFO - [2024-10-01T00:21:46.077+0000] {dag.py:3823} INFO - Setting next_dagrun for example_params_trigger_ui to None, run_after=None
[2024-10-01T00:21:46.104+0000] {processor.py:183} INFO - Processing /home/airflow/.local/lib/python3.8/site-packages/airflow/example_dags/example_params_trigger_ui.py took 0.176 seconds
[2024-10-01T00:22:16.578+0000] {processor.py:161} INFO - Started process (PID=3506) to work on /home/airflow/.local/lib/python3.8/site-packages/airflow/example_dags/example_params_trigger_ui.py
[2024-10-01T00:22:16.580+0000] {processor.py:830} INFO - Processing file /home/airflow/.local/lib/python3.8/site-packages/airflow/example_dags/example_params_trigger_ui.py for tasks to queue
[2024-10-01T00:22:16.582+0000] {logging_mixin.py:188} INFO - [2024-10-01T00:22:16.582+0000] {dagbag.py:538} INFO - Filling up the DagBag from /home/airflow/.local/lib/python3.8/site-packages/airflow/example_dags/example_params_trigger_ui.py
[2024-10-01T00:22:16.605+0000] {processor.py:840} INFO - DAG(s) 'example_params_trigger_ui' retrieved from /home/airflow/.local/lib/python3.8/site-packages/airflow/example_dags/example_params_trigger_ui.py
[2024-10-01T00:22:16.719+0000] {logging_mixin.py:188} INFO - [2024-10-01T00:22:16.718+0000] {dag.py:3036} INFO - Sync 1 DAGs
[2024-10-01T00:22:16.747+0000] {logging_mixin.py:188} INFO - [2024-10-01T00:22:16.747+0000] {dag.py:3823} INFO - Setting next_dagrun for example_params_trigger_ui to None, run_after=None
[2024-10-01T00:22:16.785+0000] {processor.py:183} INFO - Processing /home/airflow/.local/lib/python3.8/site-packages/airflow/example_dags/example_params_trigger_ui.py took 0.213 seconds
[2024-10-01T00:22:46.956+0000] {processor.py:161} INFO - Started process (PID=3573) to work on /home/airflow/.local/lib/python3.8/site-packages/airflow/example_dags/example_params_trigger_ui.py
[2024-10-01T00:22:46.960+0000] {processor.py:830} INFO - Processing file /home/airflow/.local/lib/python3.8/site-packages/airflow/example_dags/example_params_trigger_ui.py for tasks to queue
[2024-10-01T00:22:46.965+0000] {logging_mixin.py:188} INFO - [2024-10-01T00:22:46.964+0000] {dagbag.py:538} INFO - Filling up the DagBag from /home/airflow/.local/lib/python3.8/site-packages/airflow/example_dags/example_params_trigger_ui.py
[2024-10-01T00:22:47.000+0000] {processor.py:840} INFO - DAG(s) 'example_params_trigger_ui' retrieved from /home/airflow/.local/lib/python3.8/site-packages/airflow/example_dags/example_params_trigger_ui.py
[2024-10-01T00:22:47.122+0000] {logging_mixin.py:188} INFO - [2024-10-01T00:22:47.121+0000] {dag.py:3036} INFO - Sync 1 DAGs
[2024-10-01T00:22:47.151+0000] {logging_mixin.py:188} INFO - [2024-10-01T00:22:47.150+0000] {dag.py:3823} INFO - Setting next_dagrun for example_params_trigger_ui to None, run_after=None
[2024-10-01T00:22:47.194+0000] {processor.py:183} INFO - Processing /home/airflow/.local/lib/python3.8/site-packages/airflow/example_dags/example_params_trigger_ui.py took 0.247 seconds
[2024-10-01T00:23:17.287+0000] {processor.py:161} INFO - Started process (PID=3640) to work on /home/airflow/.local/lib/python3.8/site-packages/airflow/example_dags/example_params_trigger_ui.py
[2024-10-01T00:23:17.289+0000] {processor.py:830} INFO - Processing file /home/airflow/.local/lib/python3.8/site-packages/airflow/example_dags/example_params_trigger_ui.py for tasks to queue
[2024-10-01T00:23:17.293+0000] {logging_mixin.py:188} INFO - [2024-10-01T00:23:17.293+0000] {dagbag.py:538} INFO - Filling up the DagBag from /home/airflow/.local/lib/python3.8/site-packages/airflow/example_dags/example_params_trigger_ui.py
[2024-10-01T00:23:17.341+0000] {processor.py:840} INFO - DAG(s) 'example_params_trigger_ui' retrieved from /home/airflow/.local/lib/python3.8/site-packages/airflow/example_dags/example_params_trigger_ui.py
[2024-10-01T00:23:17.567+0000] {logging_mixin.py:188} INFO - [2024-10-01T00:23:17.567+0000] {dag.py:3036} INFO - Sync 1 DAGs
[2024-10-01T00:23:17.600+0000] {logging_mixin.py:188} INFO - [2024-10-01T00:23:17.599+0000] {dag.py:3823} INFO - Setting next_dagrun for example_params_trigger_ui to None, run_after=None
[2024-10-01T00:23:17.641+0000] {processor.py:183} INFO - Processing /home/airflow/.local/lib/python3.8/site-packages/airflow/example_dags/example_params_trigger_ui.py took 0.363 seconds
[2024-10-01T00:23:48.148+0000] {processor.py:161} INFO - Started process (PID=3706) to work on /home/airflow/.local/lib/python3.8/site-packages/airflow/example_dags/example_params_trigger_ui.py
[2024-10-01T00:23:48.152+0000] {processor.py:830} INFO - Processing file /home/airflow/.local/lib/python3.8/site-packages/airflow/example_dags/example_params_trigger_ui.py for tasks to queue
[2024-10-01T00:23:48.159+0000] {logging_mixin.py:188} INFO - [2024-10-01T00:23:48.157+0000] {dagbag.py:538} INFO - Filling up the DagBag from /home/airflow/.local/lib/python3.8/site-packages/airflow/example_dags/example_params_trigger_ui.py
[2024-10-01T00:23:48.205+0000] {processor.py:840} INFO - DAG(s) 'example_params_trigger_ui' retrieved from /home/airflow/.local/lib/python3.8/site-packages/airflow/example_dags/example_params_trigger_ui.py
[2024-10-01T00:23:48.380+0000] {logging_mixin.py:188} INFO - [2024-10-01T00:23:48.379+0000] {dag.py:3036} INFO - Sync 1 DAGs
[2024-10-01T00:23:48.427+0000] {logging_mixin.py:188} INFO - [2024-10-01T00:23:48.426+0000] {dag.py:3823} INFO - Setting next_dagrun for example_params_trigger_ui to None, run_after=None
[2024-10-01T00:23:48.489+0000] {processor.py:183} INFO - Processing /home/airflow/.local/lib/python3.8/site-packages/airflow/example_dags/example_params_trigger_ui.py took 0.350 seconds
[2024-10-01T00:24:18.957+0000] {processor.py:161} INFO - Started process (PID=3772) to work on /home/airflow/.local/lib/python3.8/site-packages/airflow/example_dags/example_params_trigger_ui.py
[2024-10-01T00:24:18.961+0000] {processor.py:830} INFO - Processing file /home/airflow/.local/lib/python3.8/site-packages/airflow/example_dags/example_params_trigger_ui.py for tasks to queue
[2024-10-01T00:24:18.968+0000] {logging_mixin.py:188} INFO - [2024-10-01T00:24:18.966+0000] {dagbag.py:538} INFO - Filling up the DagBag from /home/airflow/.local/lib/python3.8/site-packages/airflow/example_dags/example_params_trigger_ui.py
[2024-10-01T00:24:19.022+0000] {processor.py:840} INFO - DAG(s) 'example_params_trigger_ui' retrieved from /home/airflow/.local/lib/python3.8/site-packages/airflow/example_dags/example_params_trigger_ui.py
[2024-10-01T00:24:19.228+0000] {logging_mixin.py:188} INFO - [2024-10-01T00:24:19.227+0000] {dag.py:3036} INFO - Sync 1 DAGs
[2024-10-01T00:24:19.275+0000] {logging_mixin.py:188} INFO - [2024-10-01T00:24:19.274+0000] {dag.py:3823} INFO - Setting next_dagrun for example_params_trigger_ui to None, run_after=None
[2024-10-01T00:24:19.349+0000] {processor.py:183} INFO - Processing /home/airflow/.local/lib/python3.8/site-packages/airflow/example_dags/example_params_trigger_ui.py took 0.404 seconds
[2024-10-01T00:24:49.523+0000] {processor.py:161} INFO - Started process (PID=3837) to work on /home/airflow/.local/lib/python3.8/site-packages/airflow/example_dags/example_params_trigger_ui.py
[2024-10-01T00:24:49.527+0000] {processor.py:830} INFO - Processing file /home/airflow/.local/lib/python3.8/site-packages/airflow/example_dags/example_params_trigger_ui.py for tasks to queue
[2024-10-01T00:24:49.533+0000] {logging_mixin.py:188} INFO - [2024-10-01T00:24:49.532+0000] {dagbag.py:538} INFO - Filling up the DagBag from /home/airflow/.local/lib/python3.8/site-packages/airflow/example_dags/example_params_trigger_ui.py
[2024-10-01T00:24:49.577+0000] {processor.py:840} INFO - DAG(s) 'example_params_trigger_ui' retrieved from /home/airflow/.local/lib/python3.8/site-packages/airflow/example_dags/example_params_trigger_ui.py
[2024-10-01T00:24:49.723+0000] {logging_mixin.py:188} INFO - [2024-10-01T00:24:49.722+0000] {dag.py:3036} INFO - Sync 1 DAGs
[2024-10-01T00:24:49.755+0000] {logging_mixin.py:188} INFO - [2024-10-01T00:24:49.754+0000] {dag.py:3823} INFO - Setting next_dagrun for example_params_trigger_ui to None, run_after=None
[2024-10-01T00:24:49.803+0000] {processor.py:183} INFO - Processing /home/airflow/.local/lib/python3.8/site-packages/airflow/example_dags/example_params_trigger_ui.py took 0.291 seconds
[2024-10-01T00:25:20.353+0000] {processor.py:161} INFO - Started process (PID=3903) to work on /home/airflow/.local/lib/python3.8/site-packages/airflow/example_dags/example_params_trigger_ui.py
[2024-10-01T00:25:20.356+0000] {processor.py:830} INFO - Processing file /home/airflow/.local/lib/python3.8/site-packages/airflow/example_dags/example_params_trigger_ui.py for tasks to queue
[2024-10-01T00:25:20.360+0000] {logging_mixin.py:188} INFO - [2024-10-01T00:25:20.360+0000] {dagbag.py:538} INFO - Filling up the DagBag from /home/airflow/.local/lib/python3.8/site-packages/airflow/example_dags/example_params_trigger_ui.py
[2024-10-01T00:25:20.397+0000] {processor.py:840} INFO - DAG(s) 'example_params_trigger_ui' retrieved from /home/airflow/.local/lib/python3.8/site-packages/airflow/example_dags/example_params_trigger_ui.py
[2024-10-01T00:25:20.566+0000] {logging_mixin.py:188} INFO - [2024-10-01T00:25:20.565+0000] {dag.py:3036} INFO - Sync 1 DAGs
[2024-10-01T00:25:20.601+0000] {logging_mixin.py:188} INFO - [2024-10-01T00:25:20.601+0000] {dag.py:3823} INFO - Setting next_dagrun for example_params_trigger_ui to None, run_after=None
[2024-10-01T00:25:20.654+0000] {processor.py:183} INFO - Processing /home/airflow/.local/lib/python3.8/site-packages/airflow/example_dags/example_params_trigger_ui.py took 0.310 seconds
[2024-10-01T00:25:50.948+0000] {processor.py:161} INFO - Started process (PID=3969) to work on /home/airflow/.local/lib/python3.8/site-packages/airflow/example_dags/example_params_trigger_ui.py
[2024-10-01T00:25:50.951+0000] {processor.py:830} INFO - Processing file /home/airflow/.local/lib/python3.8/site-packages/airflow/example_dags/example_params_trigger_ui.py for tasks to queue
[2024-10-01T00:25:50.957+0000] {logging_mixin.py:188} INFO - [2024-10-01T00:25:50.956+0000] {dagbag.py:538} INFO - Filling up the DagBag from /home/airflow/.local/lib/python3.8/site-packages/airflow/example_dags/example_params_trigger_ui.py
[2024-10-01T00:25:51.012+0000] {processor.py:840} INFO - DAG(s) 'example_params_trigger_ui' retrieved from /home/airflow/.local/lib/python3.8/site-packages/airflow/example_dags/example_params_trigger_ui.py
[2024-10-01T00:25:51.216+0000] {logging_mixin.py:188} INFO - [2024-10-01T00:25:51.215+0000] {dag.py:3036} INFO - Sync 1 DAGs
[2024-10-01T00:25:51.267+0000] {logging_mixin.py:188} INFO - [2024-10-01T00:25:51.266+0000] {dag.py:3823} INFO - Setting next_dagrun for example_params_trigger_ui to None, run_after=None
[2024-10-01T00:25:51.356+0000] {processor.py:183} INFO - Processing /home/airflow/.local/lib/python3.8/site-packages/airflow/example_dags/example_params_trigger_ui.py took 0.419 seconds
[2024-10-01T00:26:21.634+0000] {processor.py:161} INFO - Started process (PID=4028) to work on /home/airflow/.local/lib/python3.8/site-packages/airflow/example_dags/example_params_trigger_ui.py
[2024-10-01T00:26:21.654+0000] {processor.py:830} INFO - Processing file /home/airflow/.local/lib/python3.8/site-packages/airflow/example_dags/example_params_trigger_ui.py for tasks to queue
[2024-10-01T00:26:21.658+0000] {logging_mixin.py:188} INFO - [2024-10-01T00:26:21.658+0000] {dagbag.py:538} INFO - Filling up the DagBag from /home/airflow/.local/lib/python3.8/site-packages/airflow/example_dags/example_params_trigger_ui.py
[2024-10-01T00:26:21.692+0000] {processor.py:840} INFO - DAG(s) 'example_params_trigger_ui' retrieved from /home/airflow/.local/lib/python3.8/site-packages/airflow/example_dags/example_params_trigger_ui.py
[2024-10-01T00:26:21.833+0000] {logging_mixin.py:188} INFO - [2024-10-01T00:26:21.832+0000] {dag.py:3036} INFO - Sync 1 DAGs
[2024-10-01T00:26:21.865+0000] {logging_mixin.py:188} INFO - [2024-10-01T00:26:21.864+0000] {dag.py:3823} INFO - Setting next_dagrun for example_params_trigger_ui to None, run_after=None
[2024-10-01T00:26:21.912+0000] {processor.py:183} INFO - Processing /home/airflow/.local/lib/python3.8/site-packages/airflow/example_dags/example_params_trigger_ui.py took 0.285 seconds
[2024-10-01T00:26:52.214+0000] {processor.py:161} INFO - Started process (PID=4094) to work on /home/airflow/.local/lib/python3.8/site-packages/airflow/example_dags/example_params_trigger_ui.py
[2024-10-01T00:26:52.218+0000] {processor.py:830} INFO - Processing file /home/airflow/.local/lib/python3.8/site-packages/airflow/example_dags/example_params_trigger_ui.py for tasks to queue
[2024-10-01T00:26:52.225+0000] {logging_mixin.py:188} INFO - [2024-10-01T00:26:52.223+0000] {dagbag.py:538} INFO - Filling up the DagBag from /home/airflow/.local/lib/python3.8/site-packages/airflow/example_dags/example_params_trigger_ui.py
[2024-10-01T00:26:52.286+0000] {processor.py:840} INFO - DAG(s) 'example_params_trigger_ui' retrieved from /home/airflow/.local/lib/python3.8/site-packages/airflow/example_dags/example_params_trigger_ui.py
[2024-10-01T00:26:52.490+0000] {logging_mixin.py:188} INFO - [2024-10-01T00:26:52.489+0000] {dag.py:3036} INFO - Sync 1 DAGs
[2024-10-01T00:26:52.535+0000] {logging_mixin.py:188} INFO - [2024-10-01T00:26:52.534+0000] {dag.py:3823} INFO - Setting next_dagrun for example_params_trigger_ui to None, run_after=None
[2024-10-01T00:26:52.611+0000] {processor.py:183} INFO - Processing /home/airflow/.local/lib/python3.8/site-packages/airflow/example_dags/example_params_trigger_ui.py took 0.412 seconds
[2024-10-01T00:27:22.793+0000] {processor.py:161} INFO - Started process (PID=4160) to work on /home/airflow/.local/lib/python3.8/site-packages/airflow/example_dags/example_params_trigger_ui.py
[2024-10-01T00:27:22.796+0000] {processor.py:830} INFO - Processing file /home/airflow/.local/lib/python3.8/site-packages/airflow/example_dags/example_params_trigger_ui.py for tasks to queue
[2024-10-01T00:27:22.800+0000] {logging_mixin.py:188} INFO - [2024-10-01T00:27:22.800+0000] {dagbag.py:538} INFO - Filling up the DagBag from /home/airflow/.local/lib/python3.8/site-packages/airflow/example_dags/example_params_trigger_ui.py
[2024-10-01T00:27:22.836+0000] {processor.py:840} INFO - DAG(s) 'example_params_trigger_ui' retrieved from /home/airflow/.local/lib/python3.8/site-packages/airflow/example_dags/example_params_trigger_ui.py
[2024-10-01T00:27:22.993+0000] {logging_mixin.py:188} INFO - [2024-10-01T00:27:22.992+0000] {dag.py:3036} INFO - Sync 1 DAGs
[2024-10-01T00:27:23.035+0000] {logging_mixin.py:188} INFO - [2024-10-01T00:27:23.034+0000] {dag.py:3823} INFO - Setting next_dagrun for example_params_trigger_ui to None, run_after=None
[2024-10-01T00:27:23.091+0000] {processor.py:183} INFO - Processing /home/airflow/.local/lib/python3.8/site-packages/airflow/example_dags/example_params_trigger_ui.py took 0.306 seconds
[2024-10-01T00:27:53.592+0000] {processor.py:161} INFO - Started process (PID=4226) to work on /home/airflow/.local/lib/python3.8/site-packages/airflow/example_dags/example_params_trigger_ui.py
[2024-10-01T00:27:53.596+0000] {processor.py:830} INFO - Processing file /home/airflow/.local/lib/python3.8/site-packages/airflow/example_dags/example_params_trigger_ui.py for tasks to queue
[2024-10-01T00:27:53.603+0000] {logging_mixin.py:188} INFO - [2024-10-01T00:27:53.602+0000] {dagbag.py:538} INFO - Filling up the DagBag from /home/airflow/.local/lib/python3.8/site-packages/airflow/example_dags/example_params_trigger_ui.py
[2024-10-01T00:27:53.663+0000] {processor.py:840} INFO - DAG(s) 'example_params_trigger_ui' retrieved from /home/airflow/.local/lib/python3.8/site-packages/airflow/example_dags/example_params_trigger_ui.py
[2024-10-01T00:27:53.863+0000] {logging_mixin.py:188} INFO - [2024-10-01T00:27:53.862+0000] {dag.py:3036} INFO - Sync 1 DAGs
[2024-10-01T00:27:53.906+0000] {logging_mixin.py:188} INFO - [2024-10-01T00:27:53.905+0000] {dag.py:3823} INFO - Setting next_dagrun for example_params_trigger_ui to None, run_after=None
[2024-10-01T00:27:53.964+0000] {processor.py:183} INFO - Processing /home/airflow/.local/lib/python3.8/site-packages/airflow/example_dags/example_params_trigger_ui.py took 0.386 seconds
[2024-10-01T00:28:24.644+0000] {processor.py:161} INFO - Started process (PID=4292) to work on /home/airflow/.local/lib/python3.8/site-packages/airflow/example_dags/example_params_trigger_ui.py
[2024-10-01T00:28:24.650+0000] {processor.py:830} INFO - Processing file /home/airflow/.local/lib/python3.8/site-packages/airflow/example_dags/example_params_trigger_ui.py for tasks to queue
[2024-10-01T00:28:24.656+0000] {logging_mixin.py:188} INFO - [2024-10-01T00:28:24.655+0000] {dagbag.py:538} INFO - Filling up the DagBag from /home/airflow/.local/lib/python3.8/site-packages/airflow/example_dags/example_params_trigger_ui.py
[2024-10-01T00:28:24.721+0000] {processor.py:840} INFO - DAG(s) 'example_params_trigger_ui' retrieved from /home/airflow/.local/lib/python3.8/site-packages/airflow/example_dags/example_params_trigger_ui.py
[2024-10-01T00:28:24.962+0000] {logging_mixin.py:188} INFO - [2024-10-01T00:28:24.961+0000] {dag.py:3036} INFO - Sync 1 DAGs
[2024-10-01T00:28:24.999+0000] {logging_mixin.py:188} INFO - [2024-10-01T00:28:24.999+0000] {dag.py:3823} INFO - Setting next_dagrun for example_params_trigger_ui to None, run_after=None
[2024-10-01T00:28:25.056+0000] {processor.py:183} INFO - Processing /home/airflow/.local/lib/python3.8/site-packages/airflow/example_dags/example_params_trigger_ui.py took 0.424 seconds
[2024-10-01T00:28:55.933+0000] {processor.py:161} INFO - Started process (PID=4358) to work on /home/airflow/.local/lib/python3.8/site-packages/airflow/example_dags/example_params_trigger_ui.py
[2024-10-01T00:28:55.939+0000] {processor.py:830} INFO - Processing file /home/airflow/.local/lib/python3.8/site-packages/airflow/example_dags/example_params_trigger_ui.py for tasks to queue
[2024-10-01T00:28:55.945+0000] {logging_mixin.py:188} INFO - [2024-10-01T00:28:55.944+0000] {dagbag.py:538} INFO - Filling up the DagBag from /home/airflow/.local/lib/python3.8/site-packages/airflow/example_dags/example_params_trigger_ui.py
[2024-10-01T00:28:56.007+0000] {processor.py:840} INFO - DAG(s) 'example_params_trigger_ui' retrieved from /home/airflow/.local/lib/python3.8/site-packages/airflow/example_dags/example_params_trigger_ui.py
[2024-10-01T00:28:56.232+0000] {logging_mixin.py:188} INFO - [2024-10-01T00:28:56.232+0000] {dag.py:3036} INFO - Sync 1 DAGs
[2024-10-01T00:28:56.291+0000] {logging_mixin.py:188} INFO - [2024-10-01T00:28:56.290+0000] {dag.py:3823} INFO - Setting next_dagrun for example_params_trigger_ui to None, run_after=None
[2024-10-01T00:28:56.372+0000] {processor.py:183} INFO - Processing /home/airflow/.local/lib/python3.8/site-packages/airflow/example_dags/example_params_trigger_ui.py took 0.453 seconds
[2024-10-01T00:29:26.619+0000] {processor.py:161} INFO - Started process (PID=4422) to work on /home/airflow/.local/lib/python3.8/site-packages/airflow/example_dags/example_params_trigger_ui.py
[2024-10-01T00:29:26.622+0000] {processor.py:830} INFO - Processing file /home/airflow/.local/lib/python3.8/site-packages/airflow/example_dags/example_params_trigger_ui.py for tasks to queue
[2024-10-01T00:29:26.627+0000] {logging_mixin.py:188} INFO - [2024-10-01T00:29:26.626+0000] {dagbag.py:538} INFO - Filling up the DagBag from /home/airflow/.local/lib/python3.8/site-packages/airflow/example_dags/example_params_trigger_ui.py
[2024-10-01T00:29:26.665+0000] {processor.py:840} INFO - DAG(s) 'example_params_trigger_ui' retrieved from /home/airflow/.local/lib/python3.8/site-packages/airflow/example_dags/example_params_trigger_ui.py
[2024-10-01T00:29:26.846+0000] {logging_mixin.py:188} INFO - [2024-10-01T00:29:26.846+0000] {dag.py:3036} INFO - Sync 1 DAGs
[2024-10-01T00:29:26.885+0000] {logging_mixin.py:188} INFO - [2024-10-01T00:29:26.885+0000] {dag.py:3823} INFO - Setting next_dagrun for example_params_trigger_ui to None, run_after=None
[2024-10-01T00:29:26.935+0000] {processor.py:183} INFO - Processing /home/airflow/.local/lib/python3.8/site-packages/airflow/example_dags/example_params_trigger_ui.py took 0.326 seconds
[2024-10-01T00:29:57.005+0000] {processor.py:161} INFO - Started process (PID=4480) to work on /home/airflow/.local/lib/python3.8/site-packages/airflow/example_dags/example_params_trigger_ui.py
[2024-10-01T00:29:57.009+0000] {processor.py:830} INFO - Processing file /home/airflow/.local/lib/python3.8/site-packages/airflow/example_dags/example_params_trigger_ui.py for tasks to queue
[2024-10-01T00:29:57.012+0000] {logging_mixin.py:188} INFO - [2024-10-01T00:29:57.011+0000] {dagbag.py:538} INFO - Filling up the DagBag from /home/airflow/.local/lib/python3.8/site-packages/airflow/example_dags/example_params_trigger_ui.py
[2024-10-01T00:29:57.046+0000] {processor.py:840} INFO - DAG(s) 'example_params_trigger_ui' retrieved from /home/airflow/.local/lib/python3.8/site-packages/airflow/example_dags/example_params_trigger_ui.py
[2024-10-01T00:29:57.172+0000] {logging_mixin.py:188} INFO - [2024-10-01T00:29:57.172+0000] {dag.py:3036} INFO - Sync 1 DAGs
[2024-10-01T00:29:57.203+0000] {logging_mixin.py:188} INFO - [2024-10-01T00:29:57.202+0000] {dag.py:3823} INFO - Setting next_dagrun for example_params_trigger_ui to None, run_after=None
[2024-10-01T00:29:57.247+0000] {processor.py:183} INFO - Processing /home/airflow/.local/lib/python3.8/site-packages/airflow/example_dags/example_params_trigger_ui.py took 0.248 seconds
[2024-10-01T00:30:27.686+0000] {processor.py:161} INFO - Started process (PID=4546) to work on /home/airflow/.local/lib/python3.8/site-packages/airflow/example_dags/example_params_trigger_ui.py
[2024-10-01T00:30:27.703+0000] {processor.py:830} INFO - Processing file /home/airflow/.local/lib/python3.8/site-packages/airflow/example_dags/example_params_trigger_ui.py for tasks to queue
[2024-10-01T00:30:27.708+0000] {logging_mixin.py:188} INFO - [2024-10-01T00:30:27.707+0000] {dagbag.py:538} INFO - Filling up the DagBag from /home/airflow/.local/lib/python3.8/site-packages/airflow/example_dags/example_params_trigger_ui.py
[2024-10-01T00:30:27.742+0000] {processor.py:840} INFO - DAG(s) 'example_params_trigger_ui' retrieved from /home/airflow/.local/lib/python3.8/site-packages/airflow/example_dags/example_params_trigger_ui.py
[2024-10-01T00:30:27.907+0000] {logging_mixin.py:188} INFO - [2024-10-01T00:30:27.906+0000] {dag.py:3036} INFO - Sync 1 DAGs
[2024-10-01T00:30:27.950+0000] {logging_mixin.py:188} INFO - [2024-10-01T00:30:27.949+0000] {dag.py:3823} INFO - Setting next_dagrun for example_params_trigger_ui to None, run_after=None
[2024-10-01T00:30:28.025+0000] {processor.py:183} INFO - Processing /home/airflow/.local/lib/python3.8/site-packages/airflow/example_dags/example_params_trigger_ui.py took 0.347 seconds
[2024-10-01T00:30:58.211+0000] {processor.py:161} INFO - Started process (PID=4612) to work on /home/airflow/.local/lib/python3.8/site-packages/airflow/example_dags/example_params_trigger_ui.py
[2024-10-01T00:30:58.214+0000] {processor.py:830} INFO - Processing file /home/airflow/.local/lib/python3.8/site-packages/airflow/example_dags/example_params_trigger_ui.py for tasks to queue
[2024-10-01T00:30:58.218+0000] {logging_mixin.py:188} INFO - [2024-10-01T00:30:58.217+0000] {dagbag.py:538} INFO - Filling up the DagBag from /home/airflow/.local/lib/python3.8/site-packages/airflow/example_dags/example_params_trigger_ui.py
[2024-10-01T00:30:58.253+0000] {processor.py:840} INFO - DAG(s) 'example_params_trigger_ui' retrieved from /home/airflow/.local/lib/python3.8/site-packages/airflow/example_dags/example_params_trigger_ui.py
[2024-10-01T00:30:58.415+0000] {logging_mixin.py:188} INFO - [2024-10-01T00:30:58.415+0000] {dag.py:3036} INFO - Sync 1 DAGs
[2024-10-01T00:30:58.448+0000] {logging_mixin.py:188} INFO - [2024-10-01T00:30:58.447+0000] {dag.py:3823} INFO - Setting next_dagrun for example_params_trigger_ui to None, run_after=None
[2024-10-01T00:30:58.494+0000] {processor.py:183} INFO - Processing /home/airflow/.local/lib/python3.8/site-packages/airflow/example_dags/example_params_trigger_ui.py took 0.292 seconds
[2024-10-01T00:31:28.902+0000] {processor.py:161} INFO - Started process (PID=4678) to work on /home/airflow/.local/lib/python3.8/site-packages/airflow/example_dags/example_params_trigger_ui.py
[2024-10-01T00:31:28.921+0000] {processor.py:830} INFO - Processing file /home/airflow/.local/lib/python3.8/site-packages/airflow/example_dags/example_params_trigger_ui.py for tasks to queue
[2024-10-01T00:31:28.927+0000] {logging_mixin.py:188} INFO - [2024-10-01T00:31:28.926+0000] {dagbag.py:538} INFO - Filling up the DagBag from /home/airflow/.local/lib/python3.8/site-packages/airflow/example_dags/example_params_trigger_ui.py
[2024-10-01T00:31:28.976+0000] {processor.py:840} INFO - DAG(s) 'example_params_trigger_ui' retrieved from /home/airflow/.local/lib/python3.8/site-packages/airflow/example_dags/example_params_trigger_ui.py
[2024-10-01T00:31:29.172+0000] {logging_mixin.py:188} INFO - [2024-10-01T00:31:29.172+0000] {dag.py:3036} INFO - Sync 1 DAGs
[2024-10-01T00:31:29.218+0000] {logging_mixin.py:188} INFO - [2024-10-01T00:31:29.218+0000] {dag.py:3823} INFO - Setting next_dagrun for example_params_trigger_ui to None, run_after=None
[2024-10-01T00:31:29.282+0000] {processor.py:183} INFO - Processing /home/airflow/.local/lib/python3.8/site-packages/airflow/example_dags/example_params_trigger_ui.py took 0.393 seconds
[2024-10-01T00:32:00.649+0000] {processor.py:161} INFO - Started process (PID=4739) to work on /home/airflow/.local/lib/python3.8/site-packages/airflow/example_dags/example_params_trigger_ui.py
[2024-10-01T00:32:00.654+0000] {processor.py:830} INFO - Processing file /home/airflow/.local/lib/python3.8/site-packages/airflow/example_dags/example_params_trigger_ui.py for tasks to queue
[2024-10-01T00:32:00.665+0000] {logging_mixin.py:188} INFO - [2024-10-01T00:32:00.663+0000] {dagbag.py:538} INFO - Filling up the DagBag from /home/airflow/.local/lib/python3.8/site-packages/airflow/example_dags/example_params_trigger_ui.py
[2024-10-01T00:32:00.749+0000] {processor.py:840} INFO - DAG(s) 'example_params_trigger_ui' retrieved from /home/airflow/.local/lib/python3.8/site-packages/airflow/example_dags/example_params_trigger_ui.py
[2024-10-01T00:32:01.161+0000] {logging_mixin.py:188} INFO - [2024-10-01T00:32:01.159+0000] {dag.py:3036} INFO - Sync 1 DAGs
[2024-10-01T00:32:01.261+0000] {logging_mixin.py:188} INFO - [2024-10-01T00:32:01.260+0000] {dag.py:3823} INFO - Setting next_dagrun for example_params_trigger_ui to None, run_after=None
[2024-10-01T00:32:01.400+0000] {processor.py:183} INFO - Processing /home/airflow/.local/lib/python3.8/site-packages/airflow/example_dags/example_params_trigger_ui.py took 0.774 seconds
[2024-10-01T00:32:31.524+0000] {processor.py:161} INFO - Started process (PID=4797) to work on /home/airflow/.local/lib/python3.8/site-packages/airflow/example_dags/example_params_trigger_ui.py
[2024-10-01T00:32:31.527+0000] {processor.py:830} INFO - Processing file /home/airflow/.local/lib/python3.8/site-packages/airflow/example_dags/example_params_trigger_ui.py for tasks to queue
[2024-10-01T00:32:31.532+0000] {logging_mixin.py:188} INFO - [2024-10-01T00:32:31.531+0000] {dagbag.py:538} INFO - Filling up the DagBag from /home/airflow/.local/lib/python3.8/site-packages/airflow/example_dags/example_params_trigger_ui.py
[2024-10-01T00:32:31.569+0000] {processor.py:840} INFO - DAG(s) 'example_params_trigger_ui' retrieved from /home/airflow/.local/lib/python3.8/site-packages/airflow/example_dags/example_params_trigger_ui.py
[2024-10-01T00:32:31.721+0000] {logging_mixin.py:188} INFO - [2024-10-01T00:32:31.720+0000] {dag.py:3036} INFO - Sync 1 DAGs
[2024-10-01T00:32:31.754+0000] {logging_mixin.py:188} INFO - [2024-10-01T00:32:31.754+0000] {dag.py:3823} INFO - Setting next_dagrun for example_params_trigger_ui to None, run_after=None
[2024-10-01T00:32:31.803+0000] {processor.py:183} INFO - Processing /home/airflow/.local/lib/python3.8/site-packages/airflow/example_dags/example_params_trigger_ui.py took 0.288 seconds
[2024-10-01T00:33:01.974+0000] {processor.py:161} INFO - Started process (PID=4861) to work on /home/airflow/.local/lib/python3.8/site-packages/airflow/example_dags/example_params_trigger_ui.py
[2024-10-01T00:33:01.981+0000] {processor.py:830} INFO - Processing file /home/airflow/.local/lib/python3.8/site-packages/airflow/example_dags/example_params_trigger_ui.py for tasks to queue
[2024-10-01T00:33:01.991+0000] {logging_mixin.py:188} INFO - [2024-10-01T00:33:01.989+0000] {dagbag.py:538} INFO - Filling up the DagBag from /home/airflow/.local/lib/python3.8/site-packages/airflow/example_dags/example_params_trigger_ui.py
[2024-10-01T00:33:02.058+0000] {processor.py:840} INFO - DAG(s) 'example_params_trigger_ui' retrieved from /home/airflow/.local/lib/python3.8/site-packages/airflow/example_dags/example_params_trigger_ui.py
[2024-10-01T00:33:02.314+0000] {logging_mixin.py:188} INFO - [2024-10-01T00:33:02.313+0000] {dag.py:3036} INFO - Sync 1 DAGs
[2024-10-01T00:33:02.363+0000] {logging_mixin.py:188} INFO - [2024-10-01T00:33:02.363+0000] {dag.py:3823} INFO - Setting next_dagrun for example_params_trigger_ui to None, run_after=None
[2024-10-01T00:33:02.439+0000] {processor.py:183} INFO - Processing /home/airflow/.local/lib/python3.8/site-packages/airflow/example_dags/example_params_trigger_ui.py took 0.480 seconds
[2024-10-01T00:33:33.263+0000] {processor.py:161} INFO - Started process (PID=4927) to work on /home/airflow/.local/lib/python3.8/site-packages/airflow/example_dags/example_params_trigger_ui.py
[2024-10-01T00:33:33.275+0000] {processor.py:830} INFO - Processing file /home/airflow/.local/lib/python3.8/site-packages/airflow/example_dags/example_params_trigger_ui.py for tasks to queue
[2024-10-01T00:33:33.301+0000] {logging_mixin.py:188} INFO - [2024-10-01T00:33:33.298+0000] {dagbag.py:538} INFO - Filling up the DagBag from /home/airflow/.local/lib/python3.8/site-packages/airflow/example_dags/example_params_trigger_ui.py
[2024-10-01T00:33:33.602+0000] {processor.py:840} INFO - DAG(s) 'example_params_trigger_ui' retrieved from /home/airflow/.local/lib/python3.8/site-packages/airflow/example_dags/example_params_trigger_ui.py
[2024-10-01T00:33:34.687+0000] {logging_mixin.py:188} INFO - [2024-10-01T00:33:34.685+0000] {dag.py:3036} INFO - Sync 1 DAGs
[2024-10-01T00:33:34.802+0000] {logging_mixin.py:188} INFO - [2024-10-01T00:33:34.801+0000] {dag.py:3823} INFO - Setting next_dagrun for example_params_trigger_ui to None, run_after=None
[2024-10-01T00:33:34.978+0000] {processor.py:183} INFO - Processing /home/airflow/.local/lib/python3.8/site-packages/airflow/example_dags/example_params_trigger_ui.py took 1.785 seconds
[2024-10-01T00:34:05.077+0000] {processor.py:161} INFO - Started process (PID=4985) to work on /home/airflow/.local/lib/python3.8/site-packages/airflow/example_dags/example_params_trigger_ui.py
[2024-10-01T00:34:05.080+0000] {processor.py:830} INFO - Processing file /home/airflow/.local/lib/python3.8/site-packages/airflow/example_dags/example_params_trigger_ui.py for tasks to queue
[2024-10-01T00:34:05.085+0000] {logging_mixin.py:188} INFO - [2024-10-01T00:34:05.084+0000] {dagbag.py:538} INFO - Filling up the DagBag from /home/airflow/.local/lib/python3.8/site-packages/airflow/example_dags/example_params_trigger_ui.py
[2024-10-01T00:34:05.124+0000] {processor.py:840} INFO - DAG(s) 'example_params_trigger_ui' retrieved from /home/airflow/.local/lib/python3.8/site-packages/airflow/example_dags/example_params_trigger_ui.py
[2024-10-01T00:34:05.278+0000] {logging_mixin.py:188} INFO - [2024-10-01T00:34:05.278+0000] {dag.py:3036} INFO - Sync 1 DAGs
[2024-10-01T00:34:05.312+0000] {logging_mixin.py:188} INFO - [2024-10-01T00:34:05.312+0000] {dag.py:3823} INFO - Setting next_dagrun for example_params_trigger_ui to None, run_after=None
[2024-10-01T00:34:05.362+0000] {processor.py:183} INFO - Processing /home/airflow/.local/lib/python3.8/site-packages/airflow/example_dags/example_params_trigger_ui.py took 0.295 seconds
[2024-10-01T00:34:36.257+0000] {processor.py:161} INFO - Started process (PID=5051) to work on /home/airflow/.local/lib/python3.8/site-packages/airflow/example_dags/example_params_trigger_ui.py
[2024-10-01T00:34:36.259+0000] {processor.py:830} INFO - Processing file /home/airflow/.local/lib/python3.8/site-packages/airflow/example_dags/example_params_trigger_ui.py for tasks to queue
[2024-10-01T00:34:36.261+0000] {logging_mixin.py:188} INFO - [2024-10-01T00:34:36.261+0000] {dagbag.py:538} INFO - Filling up the DagBag from /home/airflow/.local/lib/python3.8/site-packages/airflow/example_dags/example_params_trigger_ui.py
[2024-10-01T00:34:36.284+0000] {processor.py:840} INFO - DAG(s) 'example_params_trigger_ui' retrieved from /home/airflow/.local/lib/python3.8/site-packages/airflow/example_dags/example_params_trigger_ui.py
[2024-10-01T00:34:36.368+0000] {logging_mixin.py:188} INFO - [2024-10-01T00:34:36.368+0000] {dag.py:3036} INFO - Sync 1 DAGs
[2024-10-01T00:34:36.388+0000] {logging_mixin.py:188} INFO - [2024-10-01T00:34:36.387+0000] {dag.py:3823} INFO - Setting next_dagrun for example_params_trigger_ui to None, run_after=None
[2024-10-01T00:34:36.417+0000] {processor.py:183} INFO - Processing /home/airflow/.local/lib/python3.8/site-packages/airflow/example_dags/example_params_trigger_ui.py took 0.166 seconds
