[2024-10-01T00:00:12.706+0000] {processor.py:161} INFO - Started process (PID=770) to work on /home/airflow/.local/lib/python3.8/site-packages/airflow/example_dags/example_setup_teardown.py
[2024-10-01T00:00:12.711+0000] {processor.py:830} INFO - Processing file /home/airflow/.local/lib/python3.8/site-packages/airflow/example_dags/example_setup_teardown.py for tasks to queue
[2024-10-01T00:00:12.725+0000] {logging_mixin.py:188} INFO - [2024-10-01T00:00:12.723+0000] {dagbag.py:538} INFO - Filling up the DagBag from /home/airflow/.local/lib/python3.8/site-packages/airflow/example_dags/example_setup_teardown.py
[2024-10-01T00:00:12.766+0000] {processor.py:840} INFO - DAG(s) 'example_setup_teardown' retrieved from /home/airflow/.local/lib/python3.8/site-packages/airflow/example_dags/example_setup_teardown.py
[2024-10-01T00:00:12.892+0000] {logging_mixin.py:188} INFO - [2024-10-01T00:00:12.891+0000] {dag.py:3036} INFO - Sync 1 DAGs
[2024-10-01T00:00:13.065+0000] {logging_mixin.py:188} INFO - [2024-10-01T00:00:13.064+0000] {dag.py:3823} INFO - Setting next_dagrun for example_setup_teardown to 2024-09-30 00:00:00+00:00, run_after=2024-10-01 00:00:00+00:00
[2024-10-01T00:00:13.241+0000] {processor.py:183} INFO - Processing /home/airflow/.local/lib/python3.8/site-packages/airflow/example_dags/example_setup_teardown.py took 0.556 seconds
[2024-10-01T00:00:43.555+0000] {processor.py:161} INFO - Started process (PID=836) to work on /home/airflow/.local/lib/python3.8/site-packages/airflow/example_dags/example_setup_teardown.py
[2024-10-01T00:00:43.560+0000] {processor.py:830} INFO - Processing file /home/airflow/.local/lib/python3.8/site-packages/airflow/example_dags/example_setup_teardown.py for tasks to queue
[2024-10-01T00:00:43.568+0000] {logging_mixin.py:188} INFO - [2024-10-01T00:00:43.566+0000] {dagbag.py:538} INFO - Filling up the DagBag from /home/airflow/.local/lib/python3.8/site-packages/airflow/example_dags/example_setup_teardown.py
[2024-10-01T00:00:43.598+0000] {processor.py:840} INFO - DAG(s) 'example_setup_teardown' retrieved from /home/airflow/.local/lib/python3.8/site-packages/airflow/example_dags/example_setup_teardown.py
[2024-10-01T00:00:43.692+0000] {logging_mixin.py:188} INFO - [2024-10-01T00:00:43.691+0000] {dag.py:3036} INFO - Sync 1 DAGs
[2024-10-01T00:00:43.789+0000] {logging_mixin.py:188} INFO - [2024-10-01T00:00:43.788+0000] {dag.py:3823} INFO - Setting next_dagrun for example_setup_teardown to 2024-09-30 00:00:00+00:00, run_after=2024-10-01 00:00:00+00:00
[2024-10-01T00:00:43.867+0000] {processor.py:183} INFO - Processing /home/airflow/.local/lib/python3.8/site-packages/airflow/example_dags/example_setup_teardown.py took 0.327 seconds
[2024-10-01T00:01:13.994+0000] {processor.py:161} INFO - Started process (PID=900) to work on /home/airflow/.local/lib/python3.8/site-packages/airflow/example_dags/example_setup_teardown.py
[2024-10-01T00:01:13.997+0000] {processor.py:830} INFO - Processing file /home/airflow/.local/lib/python3.8/site-packages/airflow/example_dags/example_setup_teardown.py for tasks to queue
[2024-10-01T00:01:14.003+0000] {logging_mixin.py:188} INFO - [2024-10-01T00:01:14.002+0000] {dagbag.py:538} INFO - Filling up the DagBag from /home/airflow/.local/lib/python3.8/site-packages/airflow/example_dags/example_setup_teardown.py
[2024-10-01T00:01:14.025+0000] {processor.py:840} INFO - DAG(s) 'example_setup_teardown' retrieved from /home/airflow/.local/lib/python3.8/site-packages/airflow/example_dags/example_setup_teardown.py
[2024-10-01T00:01:14.080+0000] {logging_mixin.py:188} INFO - [2024-10-01T00:01:14.079+0000] {dag.py:3036} INFO - Sync 1 DAGs
[2024-10-01T00:01:14.147+0000] {logging_mixin.py:188} INFO - [2024-10-01T00:01:14.147+0000] {dag.py:3823} INFO - Setting next_dagrun for example_setup_teardown to 2024-09-30 00:00:00+00:00, run_after=2024-10-01 00:00:00+00:00
[2024-10-01T00:01:14.198+0000] {processor.py:183} INFO - Processing /home/airflow/.local/lib/python3.8/site-packages/airflow/example_dags/example_setup_teardown.py took 0.214 seconds
[2024-10-01T00:01:45.170+0000] {processor.py:161} INFO - Started process (PID=960) to work on /home/airflow/.local/lib/python3.8/site-packages/airflow/example_dags/example_setup_teardown.py
[2024-10-01T00:01:45.175+0000] {processor.py:830} INFO - Processing file /home/airflow/.local/lib/python3.8/site-packages/airflow/example_dags/example_setup_teardown.py for tasks to queue
[2024-10-01T00:01:45.183+0000] {logging_mixin.py:188} INFO - [2024-10-01T00:01:45.182+0000] {dagbag.py:538} INFO - Filling up the DagBag from /home/airflow/.local/lib/python3.8/site-packages/airflow/example_dags/example_setup_teardown.py
[2024-10-01T00:01:45.210+0000] {processor.py:840} INFO - DAG(s) 'example_setup_teardown' retrieved from /home/airflow/.local/lib/python3.8/site-packages/airflow/example_dags/example_setup_teardown.py
[2024-10-01T00:01:45.293+0000] {logging_mixin.py:188} INFO - [2024-10-01T00:01:45.292+0000] {dag.py:3036} INFO - Sync 1 DAGs
[2024-10-01T00:01:45.404+0000] {logging_mixin.py:188} INFO - [2024-10-01T00:01:45.403+0000] {dag.py:3823} INFO - Setting next_dagrun for example_setup_teardown to 2024-09-30 00:00:00+00:00, run_after=2024-10-01 00:00:00+00:00
[2024-10-01T00:01:45.485+0000] {processor.py:183} INFO - Processing /home/airflow/.local/lib/python3.8/site-packages/airflow/example_dags/example_setup_teardown.py took 0.329 seconds
[2024-10-01T00:02:15.543+0000] {processor.py:161} INFO - Started process (PID=1026) to work on /home/airflow/.local/lib/python3.8/site-packages/airflow/example_dags/example_setup_teardown.py
[2024-10-01T00:02:15.546+0000] {processor.py:830} INFO - Processing file /home/airflow/.local/lib/python3.8/site-packages/airflow/example_dags/example_setup_teardown.py for tasks to queue
[2024-10-01T00:02:15.550+0000] {logging_mixin.py:188} INFO - [2024-10-01T00:02:15.550+0000] {dagbag.py:538} INFO - Filling up the DagBag from /home/airflow/.local/lib/python3.8/site-packages/airflow/example_dags/example_setup_teardown.py
[2024-10-01T00:02:15.567+0000] {processor.py:840} INFO - DAG(s) 'example_setup_teardown' retrieved from /home/airflow/.local/lib/python3.8/site-packages/airflow/example_dags/example_setup_teardown.py
[2024-10-01T00:02:15.618+0000] {logging_mixin.py:188} INFO - [2024-10-01T00:02:15.618+0000] {dag.py:3036} INFO - Sync 1 DAGs
[2024-10-01T00:02:15.672+0000] {logging_mixin.py:188} INFO - [2024-10-01T00:02:15.671+0000] {dag.py:3823} INFO - Setting next_dagrun for example_setup_teardown to 2024-09-30 00:00:00+00:00, run_after=2024-10-01 00:00:00+00:00
[2024-10-01T00:02:15.714+0000] {processor.py:183} INFO - Processing /home/airflow/.local/lib/python3.8/site-packages/airflow/example_dags/example_setup_teardown.py took 0.179 seconds
[2024-10-01T00:02:45.866+0000] {processor.py:161} INFO - Started process (PID=1092) to work on /home/airflow/.local/lib/python3.8/site-packages/airflow/example_dags/example_setup_teardown.py
[2024-10-01T00:02:45.869+0000] {processor.py:830} INFO - Processing file /home/airflow/.local/lib/python3.8/site-packages/airflow/example_dags/example_setup_teardown.py for tasks to queue
[2024-10-01T00:02:45.874+0000] {logging_mixin.py:188} INFO - [2024-10-01T00:02:45.873+0000] {dagbag.py:538} INFO - Filling up the DagBag from /home/airflow/.local/lib/python3.8/site-packages/airflow/example_dags/example_setup_teardown.py
[2024-10-01T00:02:45.892+0000] {processor.py:840} INFO - DAG(s) 'example_setup_teardown' retrieved from /home/airflow/.local/lib/python3.8/site-packages/airflow/example_dags/example_setup_teardown.py
[2024-10-01T00:02:45.951+0000] {logging_mixin.py:188} INFO - [2024-10-01T00:02:45.951+0000] {dag.py:3036} INFO - Sync 1 DAGs
[2024-10-01T00:02:46.019+0000] {logging_mixin.py:188} INFO - [2024-10-01T00:02:46.019+0000] {dag.py:3823} INFO - Setting next_dagrun for example_setup_teardown to 2024-09-30 00:00:00+00:00, run_after=2024-10-01 00:00:00+00:00
[2024-10-01T00:02:46.075+0000] {processor.py:183} INFO - Processing /home/airflow/.local/lib/python3.8/site-packages/airflow/example_dags/example_setup_teardown.py took 0.219 seconds
[2024-10-01T00:03:16.287+0000] {processor.py:161} INFO - Started process (PID=1158) to work on /home/airflow/.local/lib/python3.8/site-packages/airflow/example_dags/example_setup_teardown.py
[2024-10-01T00:03:16.291+0000] {processor.py:830} INFO - Processing file /home/airflow/.local/lib/python3.8/site-packages/airflow/example_dags/example_setup_teardown.py for tasks to queue
[2024-10-01T00:03:16.298+0000] {logging_mixin.py:188} INFO - [2024-10-01T00:03:16.297+0000] {dagbag.py:538} INFO - Filling up the DagBag from /home/airflow/.local/lib/python3.8/site-packages/airflow/example_dags/example_setup_teardown.py
[2024-10-01T00:03:16.319+0000] {processor.py:840} INFO - DAG(s) 'example_setup_teardown' retrieved from /home/airflow/.local/lib/python3.8/site-packages/airflow/example_dags/example_setup_teardown.py
[2024-10-01T00:03:16.377+0000] {logging_mixin.py:188} INFO - [2024-10-01T00:03:16.377+0000] {dag.py:3036} INFO - Sync 1 DAGs
[2024-10-01T00:03:16.449+0000] {logging_mixin.py:188} INFO - [2024-10-01T00:03:16.448+0000] {dag.py:3823} INFO - Setting next_dagrun for example_setup_teardown to 2024-09-30 00:00:00+00:00, run_after=2024-10-01 00:00:00+00:00
[2024-10-01T00:03:16.502+0000] {processor.py:183} INFO - Processing /home/airflow/.local/lib/python3.8/site-packages/airflow/example_dags/example_setup_teardown.py took 0.224 seconds
[2024-10-01T00:03:46.919+0000] {processor.py:161} INFO - Started process (PID=1224) to work on /home/airflow/.local/lib/python3.8/site-packages/airflow/example_dags/example_setup_teardown.py
[2024-10-01T00:03:46.922+0000] {processor.py:830} INFO - Processing file /home/airflow/.local/lib/python3.8/site-packages/airflow/example_dags/example_setup_teardown.py for tasks to queue
[2024-10-01T00:03:46.926+0000] {logging_mixin.py:188} INFO - [2024-10-01T00:03:46.925+0000] {dagbag.py:538} INFO - Filling up the DagBag from /home/airflow/.local/lib/python3.8/site-packages/airflow/example_dags/example_setup_teardown.py
[2024-10-01T00:03:46.945+0000] {processor.py:840} INFO - DAG(s) 'example_setup_teardown' retrieved from /home/airflow/.local/lib/python3.8/site-packages/airflow/example_dags/example_setup_teardown.py
[2024-10-01T00:03:46.994+0000] {logging_mixin.py:188} INFO - [2024-10-01T00:03:46.993+0000] {dag.py:3036} INFO - Sync 1 DAGs
[2024-10-01T00:03:47.052+0000] {logging_mixin.py:188} INFO - [2024-10-01T00:03:47.051+0000] {dag.py:3823} INFO - Setting next_dagrun for example_setup_teardown to 2024-09-30 00:00:00+00:00, run_after=2024-10-01 00:00:00+00:00
[2024-10-01T00:03:47.104+0000] {processor.py:183} INFO - Processing /home/airflow/.local/lib/python3.8/site-packages/airflow/example_dags/example_setup_teardown.py took 0.194 seconds
[2024-10-01T00:04:17.534+0000] {processor.py:161} INFO - Started process (PID=1290) to work on /home/airflow/.local/lib/python3.8/site-packages/airflow/example_dags/example_setup_teardown.py
[2024-10-01T00:04:17.536+0000] {processor.py:830} INFO - Processing file /home/airflow/.local/lib/python3.8/site-packages/airflow/example_dags/example_setup_teardown.py for tasks to queue
[2024-10-01T00:04:17.541+0000] {logging_mixin.py:188} INFO - [2024-10-01T00:04:17.540+0000] {dagbag.py:538} INFO - Filling up the DagBag from /home/airflow/.local/lib/python3.8/site-packages/airflow/example_dags/example_setup_teardown.py
[2024-10-01T00:04:17.556+0000] {processor.py:840} INFO - DAG(s) 'example_setup_teardown' retrieved from /home/airflow/.local/lib/python3.8/site-packages/airflow/example_dags/example_setup_teardown.py
[2024-10-01T00:04:17.604+0000] {logging_mixin.py:188} INFO - [2024-10-01T00:04:17.603+0000] {dag.py:3036} INFO - Sync 1 DAGs
[2024-10-01T00:04:17.659+0000] {logging_mixin.py:188} INFO - [2024-10-01T00:04:17.658+0000] {dag.py:3823} INFO - Setting next_dagrun for example_setup_teardown to 2024-09-30 00:00:00+00:00, run_after=2024-10-01 00:00:00+00:00
[2024-10-01T00:04:17.715+0000] {processor.py:183} INFO - Processing /home/airflow/.local/lib/python3.8/site-packages/airflow/example_dags/example_setup_teardown.py took 0.189 seconds
[2024-10-01T00:04:49.878+0000] {processor.py:161} INFO - Started process (PID=1356) to work on /home/airflow/.local/lib/python3.8/site-packages/airflow/example_dags/example_setup_teardown.py
[2024-10-01T00:04:49.887+0000] {processor.py:830} INFO - Processing file /home/airflow/.local/lib/python3.8/site-packages/airflow/example_dags/example_setup_teardown.py for tasks to queue
[2024-10-01T00:04:49.899+0000] {logging_mixin.py:188} INFO - [2024-10-01T00:04:49.897+0000] {dagbag.py:538} INFO - Filling up the DagBag from /home/airflow/.local/lib/python3.8/site-packages/airflow/example_dags/example_setup_teardown.py
[2024-10-01T00:04:49.944+0000] {processor.py:840} INFO - DAG(s) 'example_setup_teardown' retrieved from /home/airflow/.local/lib/python3.8/site-packages/airflow/example_dags/example_setup_teardown.py
[2024-10-01T00:04:50.077+0000] {logging_mixin.py:188} INFO - [2024-10-01T00:04:50.076+0000] {dag.py:3036} INFO - Sync 1 DAGs
[2024-10-01T00:04:50.255+0000] {logging_mixin.py:188} INFO - [2024-10-01T00:04:50.252+0000] {dag.py:3823} INFO - Setting next_dagrun for example_setup_teardown to 2024-09-30 00:00:00+00:00, run_after=2024-10-01 00:00:00+00:00
[2024-10-01T00:04:50.430+0000] {processor.py:183} INFO - Processing /home/airflow/.local/lib/python3.8/site-packages/airflow/example_dags/example_setup_teardown.py took 0.575 seconds
[2024-10-01T00:05:20.880+0000] {processor.py:161} INFO - Started process (PID=1422) to work on /home/airflow/.local/lib/python3.8/site-packages/airflow/example_dags/example_setup_teardown.py
[2024-10-01T00:05:20.883+0000] {processor.py:830} INFO - Processing file /home/airflow/.local/lib/python3.8/site-packages/airflow/example_dags/example_setup_teardown.py for tasks to queue
[2024-10-01T00:05:20.888+0000] {logging_mixin.py:188} INFO - [2024-10-01T00:05:20.887+0000] {dagbag.py:538} INFO - Filling up the DagBag from /home/airflow/.local/lib/python3.8/site-packages/airflow/example_dags/example_setup_teardown.py
[2024-10-01T00:05:20.905+0000] {processor.py:840} INFO - DAG(s) 'example_setup_teardown' retrieved from /home/airflow/.local/lib/python3.8/site-packages/airflow/example_dags/example_setup_teardown.py
[2024-10-01T00:05:20.958+0000] {logging_mixin.py:188} INFO - [2024-10-01T00:05:20.957+0000] {dag.py:3036} INFO - Sync 1 DAGs
[2024-10-01T00:05:21.027+0000] {logging_mixin.py:188} INFO - [2024-10-01T00:05:21.026+0000] {dag.py:3823} INFO - Setting next_dagrun for example_setup_teardown to 2024-09-30 00:00:00+00:00, run_after=2024-10-01 00:00:00+00:00
[2024-10-01T00:05:21.074+0000] {processor.py:183} INFO - Processing /home/airflow/.local/lib/python3.8/site-packages/airflow/example_dags/example_setup_teardown.py took 0.203 seconds
[2024-10-01T00:05:51.214+0000] {processor.py:161} INFO - Started process (PID=1488) to work on /home/airflow/.local/lib/python3.8/site-packages/airflow/example_dags/example_setup_teardown.py
[2024-10-01T00:05:51.217+0000] {processor.py:830} INFO - Processing file /home/airflow/.local/lib/python3.8/site-packages/airflow/example_dags/example_setup_teardown.py for tasks to queue
[2024-10-01T00:05:51.221+0000] {logging_mixin.py:188} INFO - [2024-10-01T00:05:51.220+0000] {dagbag.py:538} INFO - Filling up the DagBag from /home/airflow/.local/lib/python3.8/site-packages/airflow/example_dags/example_setup_teardown.py
[2024-10-01T00:05:51.238+0000] {processor.py:840} INFO - DAG(s) 'example_setup_teardown' retrieved from /home/airflow/.local/lib/python3.8/site-packages/airflow/example_dags/example_setup_teardown.py
[2024-10-01T00:05:51.290+0000] {logging_mixin.py:188} INFO - [2024-10-01T00:05:51.289+0000] {dag.py:3036} INFO - Sync 1 DAGs
[2024-10-01T00:05:51.351+0000] {logging_mixin.py:188} INFO - [2024-10-01T00:05:51.350+0000] {dag.py:3823} INFO - Setting next_dagrun for example_setup_teardown to 2024-09-30 00:00:00+00:00, run_after=2024-10-01 00:00:00+00:00
[2024-10-01T00:05:51.397+0000] {processor.py:183} INFO - Processing /home/airflow/.local/lib/python3.8/site-packages/airflow/example_dags/example_setup_teardown.py took 0.192 seconds
[2024-10-01T00:06:22.170+0000] {processor.py:161} INFO - Started process (PID=1554) to work on /home/airflow/.local/lib/python3.8/site-packages/airflow/example_dags/example_setup_teardown.py
[2024-10-01T00:06:22.176+0000] {processor.py:830} INFO - Processing file /home/airflow/.local/lib/python3.8/site-packages/airflow/example_dags/example_setup_teardown.py for tasks to queue
[2024-10-01T00:06:22.184+0000] {logging_mixin.py:188} INFO - [2024-10-01T00:06:22.182+0000] {dagbag.py:538} INFO - Filling up the DagBag from /home/airflow/.local/lib/python3.8/site-packages/airflow/example_dags/example_setup_teardown.py
[2024-10-01T00:06:22.214+0000] {processor.py:840} INFO - DAG(s) 'example_setup_teardown' retrieved from /home/airflow/.local/lib/python3.8/site-packages/airflow/example_dags/example_setup_teardown.py
[2024-10-01T00:06:22.315+0000] {logging_mixin.py:188} INFO - [2024-10-01T00:06:22.314+0000] {dag.py:3036} INFO - Sync 1 DAGs
[2024-10-01T00:06:22.425+0000] {logging_mixin.py:188} INFO - [2024-10-01T00:06:22.424+0000] {dag.py:3823} INFO - Setting next_dagrun for example_setup_teardown to 2024-09-30 00:00:00+00:00, run_after=2024-10-01 00:00:00+00:00
[2024-10-01T00:06:22.513+0000] {processor.py:183} INFO - Processing /home/airflow/.local/lib/python3.8/site-packages/airflow/example_dags/example_setup_teardown.py took 0.359 seconds
[2024-10-01T00:06:53.316+0000] {processor.py:161} INFO - Started process (PID=1611) to work on /home/airflow/.local/lib/python3.8/site-packages/airflow/example_dags/example_setup_teardown.py
[2024-10-01T00:06:53.321+0000] {processor.py:830} INFO - Processing file /home/airflow/.local/lib/python3.8/site-packages/airflow/example_dags/example_setup_teardown.py for tasks to queue
[2024-10-01T00:06:53.324+0000] {logging_mixin.py:188} INFO - [2024-10-01T00:06:53.323+0000] {dagbag.py:538} INFO - Filling up the DagBag from /home/airflow/.local/lib/python3.8/site-packages/airflow/example_dags/example_setup_teardown.py
[2024-10-01T00:06:53.336+0000] {processor.py:840} INFO - DAG(s) 'example_setup_teardown' retrieved from /home/airflow/.local/lib/python3.8/site-packages/airflow/example_dags/example_setup_teardown.py
[2024-10-01T00:06:53.371+0000] {logging_mixin.py:188} INFO - [2024-10-01T00:06:53.371+0000] {dag.py:3036} INFO - Sync 1 DAGs
[2024-10-01T00:06:53.408+0000] {logging_mixin.py:188} INFO - [2024-10-01T00:06:53.408+0000] {dag.py:3823} INFO - Setting next_dagrun for example_setup_teardown to 2024-09-30 00:00:00+00:00, run_after=2024-10-01 00:00:00+00:00
[2024-10-01T00:06:53.442+0000] {processor.py:183} INFO - Processing /home/airflow/.local/lib/python3.8/site-packages/airflow/example_dags/example_setup_teardown.py took 0.134 seconds
[2024-10-01T00:07:23.758+0000] {processor.py:161} INFO - Started process (PID=1678) to work on /home/airflow/.local/lib/python3.8/site-packages/airflow/example_dags/example_setup_teardown.py
[2024-10-01T00:07:23.760+0000] {processor.py:830} INFO - Processing file /home/airflow/.local/lib/python3.8/site-packages/airflow/example_dags/example_setup_teardown.py for tasks to queue
[2024-10-01T00:07:23.763+0000] {logging_mixin.py:188} INFO - [2024-10-01T00:07:23.762+0000] {dagbag.py:538} INFO - Filling up the DagBag from /home/airflow/.local/lib/python3.8/site-packages/airflow/example_dags/example_setup_teardown.py
[2024-10-01T00:07:23.774+0000] {processor.py:840} INFO - DAG(s) 'example_setup_teardown' retrieved from /home/airflow/.local/lib/python3.8/site-packages/airflow/example_dags/example_setup_teardown.py
[2024-10-01T00:07:23.809+0000] {logging_mixin.py:188} INFO - [2024-10-01T00:07:23.808+0000] {dag.py:3036} INFO - Sync 1 DAGs
[2024-10-01T00:07:23.849+0000] {logging_mixin.py:188} INFO - [2024-10-01T00:07:23.848+0000] {dag.py:3823} INFO - Setting next_dagrun for example_setup_teardown to 2024-09-30 00:00:00+00:00, run_after=2024-10-01 00:00:00+00:00
[2024-10-01T00:07:23.880+0000] {processor.py:183} INFO - Processing /home/airflow/.local/lib/python3.8/site-packages/airflow/example_dags/example_setup_teardown.py took 0.128 seconds
[2024-10-01T00:07:54.463+0000] {processor.py:161} INFO - Started process (PID=1744) to work on /home/airflow/.local/lib/python3.8/site-packages/airflow/example_dags/example_setup_teardown.py
[2024-10-01T00:07:54.468+0000] {processor.py:830} INFO - Processing file /home/airflow/.local/lib/python3.8/site-packages/airflow/example_dags/example_setup_teardown.py for tasks to queue
[2024-10-01T00:07:54.471+0000] {logging_mixin.py:188} INFO - [2024-10-01T00:07:54.470+0000] {dagbag.py:538} INFO - Filling up the DagBag from /home/airflow/.local/lib/python3.8/site-packages/airflow/example_dags/example_setup_teardown.py
[2024-10-01T00:07:54.481+0000] {processor.py:840} INFO - DAG(s) 'example_setup_teardown' retrieved from /home/airflow/.local/lib/python3.8/site-packages/airflow/example_dags/example_setup_teardown.py
[2024-10-01T00:07:54.516+0000] {logging_mixin.py:188} INFO - [2024-10-01T00:07:54.515+0000] {dag.py:3036} INFO - Sync 1 DAGs
[2024-10-01T00:07:54.551+0000] {logging_mixin.py:188} INFO - [2024-10-01T00:07:54.550+0000] {dag.py:3823} INFO - Setting next_dagrun for example_setup_teardown to 2024-09-30 00:00:00+00:00, run_after=2024-10-01 00:00:00+00:00
[2024-10-01T00:07:54.581+0000] {processor.py:183} INFO - Processing /home/airflow/.local/lib/python3.8/site-packages/airflow/example_dags/example_setup_teardown.py took 0.124 seconds
[2024-10-01T00:08:24.833+0000] {processor.py:161} INFO - Started process (PID=1810) to work on /home/airflow/.local/lib/python3.8/site-packages/airflow/example_dags/example_setup_teardown.py
[2024-10-01T00:08:24.835+0000] {processor.py:830} INFO - Processing file /home/airflow/.local/lib/python3.8/site-packages/airflow/example_dags/example_setup_teardown.py for tasks to queue
[2024-10-01T00:08:24.838+0000] {logging_mixin.py:188} INFO - [2024-10-01T00:08:24.838+0000] {dagbag.py:538} INFO - Filling up the DagBag from /home/airflow/.local/lib/python3.8/site-packages/airflow/example_dags/example_setup_teardown.py
[2024-10-01T00:08:24.851+0000] {processor.py:840} INFO - DAG(s) 'example_setup_teardown' retrieved from /home/airflow/.local/lib/python3.8/site-packages/airflow/example_dags/example_setup_teardown.py
[2024-10-01T00:08:24.892+0000] {logging_mixin.py:188} INFO - [2024-10-01T00:08:24.891+0000] {dag.py:3036} INFO - Sync 1 DAGs
[2024-10-01T00:08:24.932+0000] {logging_mixin.py:188} INFO - [2024-10-01T00:08:24.932+0000] {dag.py:3823} INFO - Setting next_dagrun for example_setup_teardown to 2024-09-30 00:00:00+00:00, run_after=2024-10-01 00:00:00+00:00
[2024-10-01T00:08:24.965+0000] {processor.py:183} INFO - Processing /home/airflow/.local/lib/python3.8/site-packages/airflow/example_dags/example_setup_teardown.py took 0.138 seconds
[2024-10-01T00:08:55.124+0000] {processor.py:161} INFO - Started process (PID=1876) to work on /home/airflow/.local/lib/python3.8/site-packages/airflow/example_dags/example_setup_teardown.py
[2024-10-01T00:08:55.127+0000] {processor.py:830} INFO - Processing file /home/airflow/.local/lib/python3.8/site-packages/airflow/example_dags/example_setup_teardown.py for tasks to queue
[2024-10-01T00:08:55.131+0000] {logging_mixin.py:188} INFO - [2024-10-01T00:08:55.131+0000] {dagbag.py:538} INFO - Filling up the DagBag from /home/airflow/.local/lib/python3.8/site-packages/airflow/example_dags/example_setup_teardown.py
[2024-10-01T00:08:55.146+0000] {processor.py:840} INFO - DAG(s) 'example_setup_teardown' retrieved from /home/airflow/.local/lib/python3.8/site-packages/airflow/example_dags/example_setup_teardown.py
[2024-10-01T00:08:55.188+0000] {logging_mixin.py:188} INFO - [2024-10-01T00:08:55.188+0000] {dag.py:3036} INFO - Sync 1 DAGs
[2024-10-01T00:08:55.234+0000] {logging_mixin.py:188} INFO - [2024-10-01T00:08:55.234+0000] {dag.py:3823} INFO - Setting next_dagrun for example_setup_teardown to 2024-09-30 00:00:00+00:00, run_after=2024-10-01 00:00:00+00:00
[2024-10-01T00:08:55.272+0000] {processor.py:183} INFO - Processing /home/airflow/.local/lib/python3.8/site-packages/airflow/example_dags/example_setup_teardown.py took 0.155 seconds
[2024-10-01T00:09:25.593+0000] {processor.py:161} INFO - Started process (PID=1940) to work on /home/airflow/.local/lib/python3.8/site-packages/airflow/example_dags/example_setup_teardown.py
[2024-10-01T00:09:25.598+0000] {processor.py:830} INFO - Processing file /home/airflow/.local/lib/python3.8/site-packages/airflow/example_dags/example_setup_teardown.py for tasks to queue
[2024-10-01T00:09:25.605+0000] {logging_mixin.py:188} INFO - [2024-10-01T00:09:25.603+0000] {dagbag.py:538} INFO - Filling up the DagBag from /home/airflow/.local/lib/python3.8/site-packages/airflow/example_dags/example_setup_teardown.py
[2024-10-01T00:09:25.632+0000] {processor.py:840} INFO - DAG(s) 'example_setup_teardown' retrieved from /home/airflow/.local/lib/python3.8/site-packages/airflow/example_dags/example_setup_teardown.py
[2024-10-01T00:09:25.719+0000] {logging_mixin.py:188} INFO - [2024-10-01T00:09:25.718+0000] {dag.py:3036} INFO - Sync 1 DAGs
[2024-10-01T00:09:25.821+0000] {logging_mixin.py:188} INFO - [2024-10-01T00:09:25.820+0000] {dag.py:3823} INFO - Setting next_dagrun for example_setup_teardown to 2024-09-30 00:00:00+00:00, run_after=2024-10-01 00:00:00+00:00
[2024-10-01T00:09:25.909+0000] {processor.py:183} INFO - Processing /home/airflow/.local/lib/python3.8/site-packages/airflow/example_dags/example_setup_teardown.py took 0.337 seconds
[2024-10-01T00:09:56.509+0000] {processor.py:161} INFO - Started process (PID=1997) to work on /home/airflow/.local/lib/python3.8/site-packages/airflow/example_dags/example_setup_teardown.py
[2024-10-01T00:09:56.517+0000] {processor.py:830} INFO - Processing file /home/airflow/.local/lib/python3.8/site-packages/airflow/example_dags/example_setup_teardown.py for tasks to queue
[2024-10-01T00:09:56.531+0000] {logging_mixin.py:188} INFO - [2024-10-01T00:09:56.528+0000] {dagbag.py:538} INFO - Filling up the DagBag from /home/airflow/.local/lib/python3.8/site-packages/airflow/example_dags/example_setup_teardown.py
[2024-10-01T00:09:56.580+0000] {processor.py:840} INFO - DAG(s) 'example_setup_teardown' retrieved from /home/airflow/.local/lib/python3.8/site-packages/airflow/example_dags/example_setup_teardown.py
[2024-10-01T00:09:56.742+0000] {logging_mixin.py:188} INFO - [2024-10-01T00:09:56.741+0000] {dag.py:3036} INFO - Sync 1 DAGs
[2024-10-01T00:09:56.954+0000] {logging_mixin.py:188} INFO - [2024-10-01T00:09:56.952+0000] {dag.py:3823} INFO - Setting next_dagrun for example_setup_teardown to 2024-09-30 00:00:00+00:00, run_after=2024-10-01 00:00:00+00:00
[2024-10-01T00:09:57.156+0000] {processor.py:183} INFO - Processing /home/airflow/.local/lib/python3.8/site-packages/airflow/example_dags/example_setup_teardown.py took 0.680 seconds
[2024-10-01T00:10:39.921+0000] {processor.py:161} INFO - Started process (PID=2059) to work on /home/airflow/.local/lib/python3.8/site-packages/airflow/example_dags/example_setup_teardown.py
[2024-10-01T00:10:39.936+0000] {processor.py:830} INFO - Processing file /home/airflow/.local/lib/python3.8/site-packages/airflow/example_dags/example_setup_teardown.py for tasks to queue
[2024-10-01T00:10:39.973+0000] {logging_mixin.py:188} INFO - [2024-10-01T00:10:39.968+0000] {dagbag.py:538} INFO - Filling up the DagBag from /home/airflow/.local/lib/python3.8/site-packages/airflow/example_dags/example_setup_teardown.py
[2024-10-01T00:10:40.073+0000] {processor.py:840} INFO - DAG(s) 'example_setup_teardown' retrieved from /home/airflow/.local/lib/python3.8/site-packages/airflow/example_dags/example_setup_teardown.py
[2024-10-01T00:10:40.428+0000] {logging_mixin.py:188} INFO - [2024-10-01T00:10:40.421+0000] {dag.py:3036} INFO - Sync 1 DAGs
[2024-10-01T00:10:40.845+0000] {logging_mixin.py:188} INFO - [2024-10-01T00:10:40.840+0000] {dag.py:3823} INFO - Setting next_dagrun for example_setup_teardown to 2024-09-30 00:00:00+00:00, run_after=2024-10-01 00:00:00+00:00
[2024-10-01T00:10:41.119+0000] {processor.py:183} INFO - Processing /home/airflow/.local/lib/python3.8/site-packages/airflow/example_dags/example_setup_teardown.py took 1.249 seconds
[2024-10-01T00:11:23.134+0000] {processor.py:161} INFO - Started process (PID=2121) to work on /home/airflow/.local/lib/python3.8/site-packages/airflow/example_dags/example_setup_teardown.py
[2024-10-01T00:11:23.147+0000] {processor.py:830} INFO - Processing file /home/airflow/.local/lib/python3.8/site-packages/airflow/example_dags/example_setup_teardown.py for tasks to queue
[2024-10-01T00:11:23.162+0000] {logging_mixin.py:188} INFO - [2024-10-01T00:11:23.158+0000] {dagbag.py:538} INFO - Filling up the DagBag from /home/airflow/.local/lib/python3.8/site-packages/airflow/example_dags/example_setup_teardown.py
[2024-10-01T00:11:23.222+0000] {processor.py:840} INFO - DAG(s) 'example_setup_teardown' retrieved from /home/airflow/.local/lib/python3.8/site-packages/airflow/example_dags/example_setup_teardown.py
[2024-10-01T00:11:23.479+0000] {logging_mixin.py:188} INFO - [2024-10-01T00:11:23.476+0000] {dag.py:3036} INFO - Sync 1 DAGs
[2024-10-01T00:11:23.764+0000] {logging_mixin.py:188} INFO - [2024-10-01T00:11:23.763+0000] {dag.py:3823} INFO - Setting next_dagrun for example_setup_teardown to 2024-09-30 00:00:00+00:00, run_after=2024-10-01 00:00:00+00:00
[2024-10-01T00:11:24.018+0000] {processor.py:183} INFO - Processing /home/airflow/.local/lib/python3.8/site-packages/airflow/example_dags/example_setup_teardown.py took 0.918 seconds
[2024-10-01T00:11:55.314+0000] {processor.py:161} INFO - Started process (PID=2187) to work on /home/airflow/.local/lib/python3.8/site-packages/airflow/example_dags/example_setup_teardown.py
[2024-10-01T00:11:55.330+0000] {processor.py:830} INFO - Processing file /home/airflow/.local/lib/python3.8/site-packages/airflow/example_dags/example_setup_teardown.py for tasks to queue
[2024-10-01T00:11:55.358+0000] {logging_mixin.py:188} INFO - [2024-10-01T00:11:55.355+0000] {dagbag.py:538} INFO - Filling up the DagBag from /home/airflow/.local/lib/python3.8/site-packages/airflow/example_dags/example_setup_teardown.py
[2024-10-01T00:11:55.512+0000] {processor.py:840} INFO - DAG(s) 'example_setup_teardown' retrieved from /home/airflow/.local/lib/python3.8/site-packages/airflow/example_dags/example_setup_teardown.py
[2024-10-01T00:11:55.868+0000] {logging_mixin.py:188} INFO - [2024-10-01T00:11:55.859+0000] {dag.py:3036} INFO - Sync 1 DAGs
[2024-10-01T00:11:56.184+0000] {logging_mixin.py:188} INFO - [2024-10-01T00:11:56.182+0000] {dag.py:3823} INFO - Setting next_dagrun for example_setup_teardown to 2024-09-30 00:00:00+00:00, run_after=2024-10-01 00:00:00+00:00
[2024-10-01T00:11:56.404+0000] {processor.py:183} INFO - Processing /home/airflow/.local/lib/python3.8/site-packages/airflow/example_dags/example_setup_teardown.py took 1.201 seconds
[2024-10-01T00:12:27.038+0000] {processor.py:161} INFO - Started process (PID=2253) to work on /home/airflow/.local/lib/python3.8/site-packages/airflow/example_dags/example_setup_teardown.py
[2024-10-01T00:12:27.043+0000] {processor.py:830} INFO - Processing file /home/airflow/.local/lib/python3.8/site-packages/airflow/example_dags/example_setup_teardown.py for tasks to queue
[2024-10-01T00:12:27.051+0000] {logging_mixin.py:188} INFO - [2024-10-01T00:12:27.050+0000] {dagbag.py:538} INFO - Filling up the DagBag from /home/airflow/.local/lib/python3.8/site-packages/airflow/example_dags/example_setup_teardown.py
[2024-10-01T00:12:27.077+0000] {processor.py:840} INFO - DAG(s) 'example_setup_teardown' retrieved from /home/airflow/.local/lib/python3.8/site-packages/airflow/example_dags/example_setup_teardown.py
[2024-10-01T00:12:27.144+0000] {logging_mixin.py:188} INFO - [2024-10-01T00:12:27.143+0000] {dag.py:3036} INFO - Sync 1 DAGs
[2024-10-01T00:12:27.229+0000] {logging_mixin.py:188} INFO - [2024-10-01T00:12:27.228+0000] {dag.py:3823} INFO - Setting next_dagrun for example_setup_teardown to 2024-09-30 00:00:00+00:00, run_after=2024-10-01 00:00:00+00:00
[2024-10-01T00:12:27.768+0000] {processor.py:183} INFO - Processing /home/airflow/.local/lib/python3.8/site-packages/airflow/example_dags/example_setup_teardown.py took 0.752 seconds
[2024-10-01T00:12:58.047+0000] {processor.py:161} INFO - Started process (PID=2311) to work on /home/airflow/.local/lib/python3.8/site-packages/airflow/example_dags/example_setup_teardown.py
[2024-10-01T00:12:58.050+0000] {processor.py:830} INFO - Processing file /home/airflow/.local/lib/python3.8/site-packages/airflow/example_dags/example_setup_teardown.py for tasks to queue
[2024-10-01T00:12:58.054+0000] {logging_mixin.py:188} INFO - [2024-10-01T00:12:58.053+0000] {dagbag.py:538} INFO - Filling up the DagBag from /home/airflow/.local/lib/python3.8/site-packages/airflow/example_dags/example_setup_teardown.py
[2024-10-01T00:12:58.070+0000] {processor.py:840} INFO - DAG(s) 'example_setup_teardown' retrieved from /home/airflow/.local/lib/python3.8/site-packages/airflow/example_dags/example_setup_teardown.py
[2024-10-01T00:12:58.127+0000] {logging_mixin.py:188} INFO - [2024-10-01T00:12:58.126+0000] {dag.py:3036} INFO - Sync 1 DAGs
[2024-10-01T00:12:58.191+0000] {logging_mixin.py:188} INFO - [2024-10-01T00:12:58.190+0000] {dag.py:3823} INFO - Setting next_dagrun for example_setup_teardown to 2024-09-30 00:00:00+00:00, run_after=2024-10-01 00:00:00+00:00
[2024-10-01T00:12:58.240+0000] {processor.py:183} INFO - Processing /home/airflow/.local/lib/python3.8/site-packages/airflow/example_dags/example_setup_teardown.py took 0.200 seconds
[2024-10-01T00:13:28.717+0000] {processor.py:161} INFO - Started process (PID=2377) to work on /home/airflow/.local/lib/python3.8/site-packages/airflow/example_dags/example_setup_teardown.py
[2024-10-01T00:13:28.722+0000] {processor.py:830} INFO - Processing file /home/airflow/.local/lib/python3.8/site-packages/airflow/example_dags/example_setup_teardown.py for tasks to queue
[2024-10-01T00:13:28.733+0000] {logging_mixin.py:188} INFO - [2024-10-01T00:13:28.731+0000] {dagbag.py:538} INFO - Filling up the DagBag from /home/airflow/.local/lib/python3.8/site-packages/airflow/example_dags/example_setup_teardown.py
[2024-10-01T00:13:28.763+0000] {processor.py:840} INFO - DAG(s) 'example_setup_teardown' retrieved from /home/airflow/.local/lib/python3.8/site-packages/airflow/example_dags/example_setup_teardown.py
[2024-10-01T00:13:28.841+0000] {logging_mixin.py:188} INFO - [2024-10-01T00:13:28.840+0000] {dag.py:3036} INFO - Sync 1 DAGs
[2024-10-01T00:13:28.927+0000] {logging_mixin.py:188} INFO - [2024-10-01T00:13:28.927+0000] {dag.py:3823} INFO - Setting next_dagrun for example_setup_teardown to 2024-09-30 00:00:00+00:00, run_after=2024-10-01 00:00:00+00:00
[2024-10-01T00:13:28.995+0000] {processor.py:183} INFO - Processing /home/airflow/.local/lib/python3.8/site-packages/airflow/example_dags/example_setup_teardown.py took 0.291 seconds
[2024-10-01T00:13:59.162+0000] {processor.py:161} INFO - Started process (PID=2443) to work on /home/airflow/.local/lib/python3.8/site-packages/airflow/example_dags/example_setup_teardown.py
[2024-10-01T00:13:59.164+0000] {processor.py:830} INFO - Processing file /home/airflow/.local/lib/python3.8/site-packages/airflow/example_dags/example_setup_teardown.py for tasks to queue
[2024-10-01T00:13:59.168+0000] {logging_mixin.py:188} INFO - [2024-10-01T00:13:59.167+0000] {dagbag.py:538} INFO - Filling up the DagBag from /home/airflow/.local/lib/python3.8/site-packages/airflow/example_dags/example_setup_teardown.py
[2024-10-01T00:13:59.180+0000] {processor.py:840} INFO - DAG(s) 'example_setup_teardown' retrieved from /home/airflow/.local/lib/python3.8/site-packages/airflow/example_dags/example_setup_teardown.py
[2024-10-01T00:13:59.220+0000] {logging_mixin.py:188} INFO - [2024-10-01T00:13:59.220+0000] {dag.py:3036} INFO - Sync 1 DAGs
[2024-10-01T00:13:59.265+0000] {logging_mixin.py:188} INFO - [2024-10-01T00:13:59.264+0000] {dag.py:3823} INFO - Setting next_dagrun for example_setup_teardown to 2024-09-30 00:00:00+00:00, run_after=2024-10-01 00:00:00+00:00
[2024-10-01T00:13:59.555+0000] {processor.py:183} INFO - Processing /home/airflow/.local/lib/python3.8/site-packages/airflow/example_dags/example_setup_teardown.py took 0.400 seconds
[2024-10-01T00:14:30.370+0000] {processor.py:161} INFO - Started process (PID=2509) to work on /home/airflow/.local/lib/python3.8/site-packages/airflow/example_dags/example_setup_teardown.py
[2024-10-01T00:14:30.372+0000] {processor.py:830} INFO - Processing file /home/airflow/.local/lib/python3.8/site-packages/airflow/example_dags/example_setup_teardown.py for tasks to queue
[2024-10-01T00:14:30.376+0000] {logging_mixin.py:188} INFO - [2024-10-01T00:14:30.375+0000] {dagbag.py:538} INFO - Filling up the DagBag from /home/airflow/.local/lib/python3.8/site-packages/airflow/example_dags/example_setup_teardown.py
[2024-10-01T00:14:30.389+0000] {processor.py:840} INFO - DAG(s) 'example_setup_teardown' retrieved from /home/airflow/.local/lib/python3.8/site-packages/airflow/example_dags/example_setup_teardown.py
[2024-10-01T00:14:30.431+0000] {logging_mixin.py:188} INFO - [2024-10-01T00:14:30.431+0000] {dag.py:3036} INFO - Sync 1 DAGs
[2024-10-01T00:14:30.478+0000] {logging_mixin.py:188} INFO - [2024-10-01T00:14:30.477+0000] {dag.py:3823} INFO - Setting next_dagrun for example_setup_teardown to 2024-09-30 00:00:00+00:00, run_after=2024-10-01 00:00:00+00:00
[2024-10-01T00:14:30.518+0000] {processor.py:183} INFO - Processing /home/airflow/.local/lib/python3.8/site-packages/airflow/example_dags/example_setup_teardown.py took 0.156 seconds
[2024-10-01T00:15:01.073+0000] {processor.py:161} INFO - Started process (PID=2576) to work on /home/airflow/.local/lib/python3.8/site-packages/airflow/example_dags/example_setup_teardown.py
[2024-10-01T00:15:01.075+0000] {processor.py:830} INFO - Processing file /home/airflow/.local/lib/python3.8/site-packages/airflow/example_dags/example_setup_teardown.py for tasks to queue
[2024-10-01T00:15:01.079+0000] {logging_mixin.py:188} INFO - [2024-10-01T00:15:01.078+0000] {dagbag.py:538} INFO - Filling up the DagBag from /home/airflow/.local/lib/python3.8/site-packages/airflow/example_dags/example_setup_teardown.py
[2024-10-01T00:15:01.094+0000] {processor.py:840} INFO - DAG(s) 'example_setup_teardown' retrieved from /home/airflow/.local/lib/python3.8/site-packages/airflow/example_dags/example_setup_teardown.py
[2024-10-01T00:15:01.141+0000] {logging_mixin.py:188} INFO - [2024-10-01T00:15:01.140+0000] {dag.py:3036} INFO - Sync 1 DAGs
[2024-10-01T00:15:01.191+0000] {logging_mixin.py:188} INFO - [2024-10-01T00:15:01.190+0000] {dag.py:3823} INFO - Setting next_dagrun for example_setup_teardown to 2024-09-30 00:00:00+00:00, run_after=2024-10-01 00:00:00+00:00
[2024-10-01T00:15:01.233+0000] {processor.py:183} INFO - Processing /home/airflow/.local/lib/python3.8/site-packages/airflow/example_dags/example_setup_teardown.py took 0.168 seconds
[2024-10-01T00:15:31.727+0000] {processor.py:161} INFO - Started process (PID=2642) to work on /home/airflow/.local/lib/python3.8/site-packages/airflow/example_dags/example_setup_teardown.py
[2024-10-01T00:15:31.732+0000] {processor.py:830} INFO - Processing file /home/airflow/.local/lib/python3.8/site-packages/airflow/example_dags/example_setup_teardown.py for tasks to queue
[2024-10-01T00:15:31.734+0000] {logging_mixin.py:188} INFO - [2024-10-01T00:15:31.734+0000] {dagbag.py:538} INFO - Filling up the DagBag from /home/airflow/.local/lib/python3.8/site-packages/airflow/example_dags/example_setup_teardown.py
[2024-10-01T00:15:31.744+0000] {processor.py:840} INFO - DAG(s) 'example_setup_teardown' retrieved from /home/airflow/.local/lib/python3.8/site-packages/airflow/example_dags/example_setup_teardown.py
[2024-10-01T00:15:31.778+0000] {logging_mixin.py:188} INFO - [2024-10-01T00:15:31.777+0000] {dag.py:3036} INFO - Sync 1 DAGs
[2024-10-01T00:15:31.976+0000] {logging_mixin.py:188} INFO - [2024-10-01T00:15:31.975+0000] {dag.py:3823} INFO - Setting next_dagrun for example_setup_teardown to 2024-09-30 00:00:00+00:00, run_after=2024-10-01 00:00:00+00:00
[2024-10-01T00:15:32.004+0000] {processor.py:183} INFO - Processing /home/airflow/.local/lib/python3.8/site-packages/airflow/example_dags/example_setup_teardown.py took 0.281 seconds
[2024-10-01T00:16:11.791+0000] {processor.py:161} INFO - Started process (PID=2707) to work on /home/airflow/.local/lib/python3.8/site-packages/airflow/example_dags/example_setup_teardown.py
[2024-10-01T00:16:11.820+0000] {processor.py:830} INFO - Processing file /home/airflow/.local/lib/python3.8/site-packages/airflow/example_dags/example_setup_teardown.py for tasks to queue
[2024-10-01T00:16:11.869+0000] {logging_mixin.py:188} INFO - [2024-10-01T00:16:11.855+0000] {dagbag.py:538} INFO - Filling up the DagBag from /home/airflow/.local/lib/python3.8/site-packages/airflow/example_dags/example_setup_teardown.py
[2024-10-01T00:16:12.043+0000] {processor.py:840} INFO - DAG(s) 'example_setup_teardown' retrieved from /home/airflow/.local/lib/python3.8/site-packages/airflow/example_dags/example_setup_teardown.py
[2024-10-01T00:16:12.467+0000] {logging_mixin.py:188} INFO - [2024-10-01T00:16:12.463+0000] {dag.py:3036} INFO - Sync 1 DAGs
[2024-10-01T00:16:13.194+0000] {logging_mixin.py:188} INFO - [2024-10-01T00:16:13.189+0000] {dag.py:3823} INFO - Setting next_dagrun for example_setup_teardown to 2024-09-30 00:00:00+00:00, run_after=2024-10-01 00:00:00+00:00
[2024-10-01T00:16:16.882+0000] {processor.py:183} INFO - Processing /home/airflow/.local/lib/python3.8/site-packages/airflow/example_dags/example_setup_teardown.py took 5.176 seconds
[2024-10-01T00:16:47.966+0000] {processor.py:161} INFO - Started process (PID=2771) to work on /home/airflow/.local/lib/python3.8/site-packages/airflow/example_dags/example_setup_teardown.py
[2024-10-01T00:16:47.968+0000] {processor.py:830} INFO - Processing file /home/airflow/.local/lib/python3.8/site-packages/airflow/example_dags/example_setup_teardown.py for tasks to queue
[2024-10-01T00:16:47.970+0000] {logging_mixin.py:188} INFO - [2024-10-01T00:16:47.969+0000] {dagbag.py:538} INFO - Filling up the DagBag from /home/airflow/.local/lib/python3.8/site-packages/airflow/example_dags/example_setup_teardown.py
[2024-10-01T00:16:47.977+0000] {processor.py:840} INFO - DAG(s) 'example_setup_teardown' retrieved from /home/airflow/.local/lib/python3.8/site-packages/airflow/example_dags/example_setup_teardown.py
[2024-10-01T00:16:48.002+0000] {logging_mixin.py:188} INFO - [2024-10-01T00:16:48.002+0000] {dag.py:3036} INFO - Sync 1 DAGs
[2024-10-01T00:16:48.038+0000] {logging_mixin.py:188} INFO - [2024-10-01T00:16:48.038+0000] {dag.py:3823} INFO - Setting next_dagrun for example_setup_teardown to 2024-09-30 00:00:00+00:00, run_after=2024-10-01 00:00:00+00:00
[2024-10-01T00:16:48.073+0000] {processor.py:183} INFO - Processing /home/airflow/.local/lib/python3.8/site-packages/airflow/example_dags/example_setup_teardown.py took 0.111 seconds
[2024-10-01T00:17:18.128+0000] {processor.py:161} INFO - Started process (PID=2837) to work on /home/airflow/.local/lib/python3.8/site-packages/airflow/example_dags/example_setup_teardown.py
[2024-10-01T00:17:18.130+0000] {processor.py:830} INFO - Processing file /home/airflow/.local/lib/python3.8/site-packages/airflow/example_dags/example_setup_teardown.py for tasks to queue
[2024-10-01T00:17:18.132+0000] {logging_mixin.py:188} INFO - [2024-10-01T00:17:18.131+0000] {dagbag.py:538} INFO - Filling up the DagBag from /home/airflow/.local/lib/python3.8/site-packages/airflow/example_dags/example_setup_teardown.py
[2024-10-01T00:17:18.139+0000] {processor.py:840} INFO - DAG(s) 'example_setup_teardown' retrieved from /home/airflow/.local/lib/python3.8/site-packages/airflow/example_dags/example_setup_teardown.py
[2024-10-01T00:17:18.162+0000] {logging_mixin.py:188} INFO - [2024-10-01T00:17:18.161+0000] {dag.py:3036} INFO - Sync 1 DAGs
[2024-10-01T00:17:18.193+0000] {logging_mixin.py:188} INFO - [2024-10-01T00:17:18.193+0000] {dag.py:3823} INFO - Setting next_dagrun for example_setup_teardown to 2024-09-30 00:00:00+00:00, run_after=2024-10-01 00:00:00+00:00
[2024-10-01T00:17:18.219+0000] {processor.py:183} INFO - Processing /home/airflow/.local/lib/python3.8/site-packages/airflow/example_dags/example_setup_teardown.py took 0.094 seconds
[2024-10-01T00:17:48.833+0000] {processor.py:161} INFO - Started process (PID=2911) to work on /home/airflow/.local/lib/python3.8/site-packages/airflow/example_dags/example_setup_teardown.py
[2024-10-01T00:17:48.835+0000] {processor.py:830} INFO - Processing file /home/airflow/.local/lib/python3.8/site-packages/airflow/example_dags/example_setup_teardown.py for tasks to queue
[2024-10-01T00:17:48.838+0000] {logging_mixin.py:188} INFO - [2024-10-01T00:17:48.837+0000] {dagbag.py:538} INFO - Filling up the DagBag from /home/airflow/.local/lib/python3.8/site-packages/airflow/example_dags/example_setup_teardown.py
[2024-10-01T00:17:48.850+0000] {processor.py:840} INFO - DAG(s) 'example_setup_teardown' retrieved from /home/airflow/.local/lib/python3.8/site-packages/airflow/example_dags/example_setup_teardown.py
[2024-10-01T00:17:48.885+0000] {logging_mixin.py:188} INFO - [2024-10-01T00:17:48.885+0000] {dag.py:3036} INFO - Sync 1 DAGs
[2024-10-01T00:17:48.922+0000] {logging_mixin.py:188} INFO - [2024-10-01T00:17:48.922+0000] {dag.py:3823} INFO - Setting next_dagrun for example_setup_teardown to 2024-09-30 00:00:00+00:00, run_after=2024-10-01 00:00:00+00:00
[2024-10-01T00:17:48.966+0000] {processor.py:183} INFO - Processing /home/airflow/.local/lib/python3.8/site-packages/airflow/example_dags/example_setup_teardown.py took 0.139 seconds
[2024-10-01T00:18:19.176+0000] {processor.py:161} INFO - Started process (PID=2977) to work on /home/airflow/.local/lib/python3.8/site-packages/airflow/example_dags/example_setup_teardown.py
[2024-10-01T00:18:19.180+0000] {processor.py:830} INFO - Processing file /home/airflow/.local/lib/python3.8/site-packages/airflow/example_dags/example_setup_teardown.py for tasks to queue
[2024-10-01T00:18:19.184+0000] {logging_mixin.py:188} INFO - [2024-10-01T00:18:19.183+0000] {dagbag.py:538} INFO - Filling up the DagBag from /home/airflow/.local/lib/python3.8/site-packages/airflow/example_dags/example_setup_teardown.py
[2024-10-01T00:18:19.198+0000] {processor.py:840} INFO - DAG(s) 'example_setup_teardown' retrieved from /home/airflow/.local/lib/python3.8/site-packages/airflow/example_dags/example_setup_teardown.py
[2024-10-01T00:18:19.247+0000] {logging_mixin.py:188} INFO - [2024-10-01T00:18:19.246+0000] {dag.py:3036} INFO - Sync 1 DAGs
[2024-10-01T00:18:19.304+0000] {logging_mixin.py:188} INFO - [2024-10-01T00:18:19.304+0000] {dag.py:3823} INFO - Setting next_dagrun for example_setup_teardown to 2024-09-30 00:00:00+00:00, run_after=2024-10-01 00:00:00+00:00
[2024-10-01T00:18:19.343+0000] {processor.py:183} INFO - Processing /home/airflow/.local/lib/python3.8/site-packages/airflow/example_dags/example_setup_teardown.py took 0.175 seconds
[2024-10-01T00:18:49.478+0000] {processor.py:161} INFO - Started process (PID=3043) to work on /home/airflow/.local/lib/python3.8/site-packages/airflow/example_dags/example_setup_teardown.py
[2024-10-01T00:18:49.479+0000] {processor.py:830} INFO - Processing file /home/airflow/.local/lib/python3.8/site-packages/airflow/example_dags/example_setup_teardown.py for tasks to queue
[2024-10-01T00:18:49.481+0000] {logging_mixin.py:188} INFO - [2024-10-01T00:18:49.481+0000] {dagbag.py:538} INFO - Filling up the DagBag from /home/airflow/.local/lib/python3.8/site-packages/airflow/example_dags/example_setup_teardown.py
[2024-10-01T00:18:49.487+0000] {processor.py:840} INFO - DAG(s) 'example_setup_teardown' retrieved from /home/airflow/.local/lib/python3.8/site-packages/airflow/example_dags/example_setup_teardown.py
[2024-10-01T00:18:49.509+0000] {logging_mixin.py:188} INFO - [2024-10-01T00:18:49.509+0000] {dag.py:3036} INFO - Sync 1 DAGs
[2024-10-01T00:18:49.534+0000] {logging_mixin.py:188} INFO - [2024-10-01T00:18:49.534+0000] {dag.py:3823} INFO - Setting next_dagrun for example_setup_teardown to 2024-09-30 00:00:00+00:00, run_after=2024-10-01 00:00:00+00:00
[2024-10-01T00:18:49.560+0000] {processor.py:183} INFO - Processing /home/airflow/.local/lib/python3.8/site-packages/airflow/example_dags/example_setup_teardown.py took 0.085 seconds
[2024-10-01T00:19:19.747+0000] {processor.py:161} INFO - Started process (PID=3110) to work on /home/airflow/.local/lib/python3.8/site-packages/airflow/example_dags/example_setup_teardown.py
[2024-10-01T00:19:19.749+0000] {processor.py:830} INFO - Processing file /home/airflow/.local/lib/python3.8/site-packages/airflow/example_dags/example_setup_teardown.py for tasks to queue
[2024-10-01T00:19:19.752+0000] {logging_mixin.py:188} INFO - [2024-10-01T00:19:19.751+0000] {dagbag.py:538} INFO - Filling up the DagBag from /home/airflow/.local/lib/python3.8/site-packages/airflow/example_dags/example_setup_teardown.py
[2024-10-01T00:19:19.761+0000] {processor.py:840} INFO - DAG(s) 'example_setup_teardown' retrieved from /home/airflow/.local/lib/python3.8/site-packages/airflow/example_dags/example_setup_teardown.py
[2024-10-01T00:19:19.794+0000] {logging_mixin.py:188} INFO - [2024-10-01T00:19:19.794+0000] {dag.py:3036} INFO - Sync 1 DAGs
[2024-10-01T00:19:19.856+0000] {logging_mixin.py:188} INFO - [2024-10-01T00:19:19.856+0000] {dag.py:3823} INFO - Setting next_dagrun for example_setup_teardown to 2024-09-30 00:00:00+00:00, run_after=2024-10-01 00:00:00+00:00
[2024-10-01T00:19:19.901+0000] {processor.py:183} INFO - Processing /home/airflow/.local/lib/python3.8/site-packages/airflow/example_dags/example_setup_teardown.py took 0.158 seconds
[2024-10-01T00:19:50.013+0000] {processor.py:161} INFO - Started process (PID=3177) to work on /home/airflow/.local/lib/python3.8/site-packages/airflow/example_dags/example_setup_teardown.py
[2024-10-01T00:19:50.015+0000] {processor.py:830} INFO - Processing file /home/airflow/.local/lib/python3.8/site-packages/airflow/example_dags/example_setup_teardown.py for tasks to queue
[2024-10-01T00:19:50.017+0000] {logging_mixin.py:188} INFO - [2024-10-01T00:19:50.016+0000] {dagbag.py:538} INFO - Filling up the DagBag from /home/airflow/.local/lib/python3.8/site-packages/airflow/example_dags/example_setup_teardown.py
[2024-10-01T00:19:50.023+0000] {processor.py:840} INFO - DAG(s) 'example_setup_teardown' retrieved from /home/airflow/.local/lib/python3.8/site-packages/airflow/example_dags/example_setup_teardown.py
[2024-10-01T00:19:50.045+0000] {logging_mixin.py:188} INFO - [2024-10-01T00:19:50.044+0000] {dag.py:3036} INFO - Sync 1 DAGs
[2024-10-01T00:19:50.068+0000] {logging_mixin.py:188} INFO - [2024-10-01T00:19:50.068+0000] {dag.py:3823} INFO - Setting next_dagrun for example_setup_teardown to 2024-09-30 00:00:00+00:00, run_after=2024-10-01 00:00:00+00:00
[2024-10-01T00:19:50.090+0000] {processor.py:183} INFO - Processing /home/airflow/.local/lib/python3.8/site-packages/airflow/example_dags/example_setup_teardown.py took 0.080 seconds
[2024-10-01T00:20:20.223+0000] {processor.py:161} INFO - Started process (PID=3251) to work on /home/airflow/.local/lib/python3.8/site-packages/airflow/example_dags/example_setup_teardown.py
[2024-10-01T00:20:20.228+0000] {processor.py:830} INFO - Processing file /home/airflow/.local/lib/python3.8/site-packages/airflow/example_dags/example_setup_teardown.py for tasks to queue
[2024-10-01T00:20:20.231+0000] {logging_mixin.py:188} INFO - [2024-10-01T00:20:20.230+0000] {dagbag.py:538} INFO - Filling up the DagBag from /home/airflow/.local/lib/python3.8/site-packages/airflow/example_dags/example_setup_teardown.py
[2024-10-01T00:20:20.245+0000] {processor.py:840} INFO - DAG(s) 'example_setup_teardown' retrieved from /home/airflow/.local/lib/python3.8/site-packages/airflow/example_dags/example_setup_teardown.py
[2024-10-01T00:20:20.280+0000] {logging_mixin.py:188} INFO - [2024-10-01T00:20:20.280+0000] {dag.py:3036} INFO - Sync 1 DAGs
[2024-10-01T00:20:20.320+0000] {logging_mixin.py:188} INFO - [2024-10-01T00:20:20.320+0000] {dag.py:3823} INFO - Setting next_dagrun for example_setup_teardown to 2024-09-30 00:00:00+00:00, run_after=2024-10-01 00:00:00+00:00
[2024-10-01T00:20:20.360+0000] {processor.py:183} INFO - Processing /home/airflow/.local/lib/python3.8/site-packages/airflow/example_dags/example_setup_teardown.py took 0.144 seconds
[2024-10-01T00:20:50.741+0000] {processor.py:161} INFO - Started process (PID=3317) to work on /home/airflow/.local/lib/python3.8/site-packages/airflow/example_dags/example_setup_teardown.py
[2024-10-01T00:20:50.746+0000] {processor.py:830} INFO - Processing file /home/airflow/.local/lib/python3.8/site-packages/airflow/example_dags/example_setup_teardown.py for tasks to queue
[2024-10-01T00:20:50.749+0000] {logging_mixin.py:188} INFO - [2024-10-01T00:20:50.748+0000] {dagbag.py:538} INFO - Filling up the DagBag from /home/airflow/.local/lib/python3.8/site-packages/airflow/example_dags/example_setup_teardown.py
[2024-10-01T00:20:50.761+0000] {processor.py:840} INFO - DAG(s) 'example_setup_teardown' retrieved from /home/airflow/.local/lib/python3.8/site-packages/airflow/example_dags/example_setup_teardown.py
[2024-10-01T00:20:50.800+0000] {logging_mixin.py:188} INFO - [2024-10-01T00:20:50.800+0000] {dag.py:3036} INFO - Sync 1 DAGs
[2024-10-01T00:20:50.844+0000] {logging_mixin.py:188} INFO - [2024-10-01T00:20:50.843+0000] {dag.py:3823} INFO - Setting next_dagrun for example_setup_teardown to 2024-09-30 00:00:00+00:00, run_after=2024-10-01 00:00:00+00:00
[2024-10-01T00:20:50.878+0000] {processor.py:183} INFO - Processing /home/airflow/.local/lib/python3.8/site-packages/airflow/example_dags/example_setup_teardown.py took 0.143 seconds
[2024-10-01T00:21:21.106+0000] {processor.py:161} INFO - Started process (PID=3383) to work on /home/airflow/.local/lib/python3.8/site-packages/airflow/example_dags/example_setup_teardown.py
[2024-10-01T00:21:21.109+0000] {processor.py:830} INFO - Processing file /home/airflow/.local/lib/python3.8/site-packages/airflow/example_dags/example_setup_teardown.py for tasks to queue
[2024-10-01T00:21:21.113+0000] {logging_mixin.py:188} INFO - [2024-10-01T00:21:21.112+0000] {dagbag.py:538} INFO - Filling up the DagBag from /home/airflow/.local/lib/python3.8/site-packages/airflow/example_dags/example_setup_teardown.py
[2024-10-01T00:21:21.131+0000] {processor.py:840} INFO - DAG(s) 'example_setup_teardown' retrieved from /home/airflow/.local/lib/python3.8/site-packages/airflow/example_dags/example_setup_teardown.py
[2024-10-01T00:21:21.175+0000] {logging_mixin.py:188} INFO - [2024-10-01T00:21:21.174+0000] {dag.py:3036} INFO - Sync 1 DAGs
[2024-10-01T00:21:21.222+0000] {logging_mixin.py:188} INFO - [2024-10-01T00:21:21.222+0000] {dag.py:3823} INFO - Setting next_dagrun for example_setup_teardown to 2024-09-30 00:00:00+00:00, run_after=2024-10-01 00:00:00+00:00
[2024-10-01T00:21:21.259+0000] {processor.py:183} INFO - Processing /home/airflow/.local/lib/python3.8/site-packages/airflow/example_dags/example_setup_teardown.py took 0.162 seconds
[2024-10-01T00:21:51.690+0000] {processor.py:161} INFO - Started process (PID=3449) to work on /home/airflow/.local/lib/python3.8/site-packages/airflow/example_dags/example_setup_teardown.py
[2024-10-01T00:21:51.693+0000] {processor.py:830} INFO - Processing file /home/airflow/.local/lib/python3.8/site-packages/airflow/example_dags/example_setup_teardown.py for tasks to queue
[2024-10-01T00:21:51.696+0000] {logging_mixin.py:188} INFO - [2024-10-01T00:21:51.695+0000] {dagbag.py:538} INFO - Filling up the DagBag from /home/airflow/.local/lib/python3.8/site-packages/airflow/example_dags/example_setup_teardown.py
[2024-10-01T00:21:51.708+0000] {processor.py:840} INFO - DAG(s) 'example_setup_teardown' retrieved from /home/airflow/.local/lib/python3.8/site-packages/airflow/example_dags/example_setup_teardown.py
[2024-10-01T00:21:51.753+0000] {logging_mixin.py:188} INFO - [2024-10-01T00:21:51.753+0000] {dag.py:3036} INFO - Sync 1 DAGs
[2024-10-01T00:21:51.818+0000] {logging_mixin.py:188} INFO - [2024-10-01T00:21:51.817+0000] {dag.py:3823} INFO - Setting next_dagrun for example_setup_teardown to 2024-09-30 00:00:00+00:00, run_after=2024-10-01 00:00:00+00:00
[2024-10-01T00:21:51.861+0000] {processor.py:183} INFO - Processing /home/airflow/.local/lib/python3.8/site-packages/airflow/example_dags/example_setup_teardown.py took 0.177 seconds
[2024-10-01T00:22:22.128+0000] {processor.py:161} INFO - Started process (PID=3516) to work on /home/airflow/.local/lib/python3.8/site-packages/airflow/example_dags/example_setup_teardown.py
[2024-10-01T00:22:22.129+0000] {processor.py:830} INFO - Processing file /home/airflow/.local/lib/python3.8/site-packages/airflow/example_dags/example_setup_teardown.py for tasks to queue
[2024-10-01T00:22:22.132+0000] {logging_mixin.py:188} INFO - [2024-10-01T00:22:22.131+0000] {dagbag.py:538} INFO - Filling up the DagBag from /home/airflow/.local/lib/python3.8/site-packages/airflow/example_dags/example_setup_teardown.py
[2024-10-01T00:22:22.140+0000] {processor.py:840} INFO - DAG(s) 'example_setup_teardown' retrieved from /home/airflow/.local/lib/python3.8/site-packages/airflow/example_dags/example_setup_teardown.py
[2024-10-01T00:22:22.170+0000] {logging_mixin.py:188} INFO - [2024-10-01T00:22:22.169+0000] {dag.py:3036} INFO - Sync 1 DAGs
[2024-10-01T00:22:22.205+0000] {logging_mixin.py:188} INFO - [2024-10-01T00:22:22.205+0000] {dag.py:3823} INFO - Setting next_dagrun for example_setup_teardown to 2024-09-30 00:00:00+00:00, run_after=2024-10-01 00:00:00+00:00
[2024-10-01T00:22:22.239+0000] {processor.py:183} INFO - Processing /home/airflow/.local/lib/python3.8/site-packages/airflow/example_dags/example_setup_teardown.py took 0.115 seconds
[2024-10-01T00:22:52.277+0000] {processor.py:161} INFO - Started process (PID=3582) to work on /home/airflow/.local/lib/python3.8/site-packages/airflow/example_dags/example_setup_teardown.py
[2024-10-01T00:22:52.279+0000] {processor.py:830} INFO - Processing file /home/airflow/.local/lib/python3.8/site-packages/airflow/example_dags/example_setup_teardown.py for tasks to queue
[2024-10-01T00:22:52.281+0000] {logging_mixin.py:188} INFO - [2024-10-01T00:22:52.281+0000] {dagbag.py:538} INFO - Filling up the DagBag from /home/airflow/.local/lib/python3.8/site-packages/airflow/example_dags/example_setup_teardown.py
[2024-10-01T00:22:52.288+0000] {processor.py:840} INFO - DAG(s) 'example_setup_teardown' retrieved from /home/airflow/.local/lib/python3.8/site-packages/airflow/example_dags/example_setup_teardown.py
[2024-10-01T00:22:52.312+0000] {logging_mixin.py:188} INFO - [2024-10-01T00:22:52.312+0000] {dag.py:3036} INFO - Sync 1 DAGs
[2024-10-01T00:22:52.344+0000] {logging_mixin.py:188} INFO - [2024-10-01T00:22:52.344+0000] {dag.py:3823} INFO - Setting next_dagrun for example_setup_teardown to 2024-09-30 00:00:00+00:00, run_after=2024-10-01 00:00:00+00:00
[2024-10-01T00:22:52.372+0000] {processor.py:183} INFO - Processing /home/airflow/.local/lib/python3.8/site-packages/airflow/example_dags/example_setup_teardown.py took 0.099 seconds
[2024-10-01T00:23:22.635+0000] {processor.py:161} INFO - Started process (PID=3649) to work on /home/airflow/.local/lib/python3.8/site-packages/airflow/example_dags/example_setup_teardown.py
[2024-10-01T00:23:22.636+0000] {processor.py:830} INFO - Processing file /home/airflow/.local/lib/python3.8/site-packages/airflow/example_dags/example_setup_teardown.py for tasks to queue
[2024-10-01T00:23:22.639+0000] {logging_mixin.py:188} INFO - [2024-10-01T00:23:22.638+0000] {dagbag.py:538} INFO - Filling up the DagBag from /home/airflow/.local/lib/python3.8/site-packages/airflow/example_dags/example_setup_teardown.py
[2024-10-01T00:23:22.648+0000] {processor.py:840} INFO - DAG(s) 'example_setup_teardown' retrieved from /home/airflow/.local/lib/python3.8/site-packages/airflow/example_dags/example_setup_teardown.py
[2024-10-01T00:23:22.679+0000] {logging_mixin.py:188} INFO - [2024-10-01T00:23:22.679+0000] {dag.py:3036} INFO - Sync 1 DAGs
[2024-10-01T00:23:22.717+0000] {logging_mixin.py:188} INFO - [2024-10-01T00:23:22.717+0000] {dag.py:3823} INFO - Setting next_dagrun for example_setup_teardown to 2024-09-30 00:00:00+00:00, run_after=2024-10-01 00:00:00+00:00
[2024-10-01T00:23:22.744+0000] {processor.py:183} INFO - Processing /home/airflow/.local/lib/python3.8/site-packages/airflow/example_dags/example_setup_teardown.py took 0.113 seconds
[2024-10-01T00:23:53.142+0000] {processor.py:161} INFO - Started process (PID=3715) to work on /home/airflow/.local/lib/python3.8/site-packages/airflow/example_dags/example_setup_teardown.py
[2024-10-01T00:23:53.145+0000] {processor.py:830} INFO - Processing file /home/airflow/.local/lib/python3.8/site-packages/airflow/example_dags/example_setup_teardown.py for tasks to queue
[2024-10-01T00:23:53.150+0000] {logging_mixin.py:188} INFO - [2024-10-01T00:23:53.149+0000] {dagbag.py:538} INFO - Filling up the DagBag from /home/airflow/.local/lib/python3.8/site-packages/airflow/example_dags/example_setup_teardown.py
[2024-10-01T00:23:53.177+0000] {processor.py:840} INFO - DAG(s) 'example_setup_teardown' retrieved from /home/airflow/.local/lib/python3.8/site-packages/airflow/example_dags/example_setup_teardown.py
[2024-10-01T00:23:53.240+0000] {logging_mixin.py:188} INFO - [2024-10-01T00:23:53.240+0000] {dag.py:3036} INFO - Sync 1 DAGs
[2024-10-01T00:23:53.293+0000] {logging_mixin.py:188} INFO - [2024-10-01T00:23:53.292+0000] {dag.py:3823} INFO - Setting next_dagrun for example_setup_teardown to 2024-09-30 00:00:00+00:00, run_after=2024-10-01 00:00:00+00:00
[2024-10-01T00:23:53.341+0000] {processor.py:183} INFO - Processing /home/airflow/.local/lib/python3.8/site-packages/airflow/example_dags/example_setup_teardown.py took 0.212 seconds
[2024-10-01T00:24:23.627+0000] {processor.py:161} INFO - Started process (PID=3781) to work on /home/airflow/.local/lib/python3.8/site-packages/airflow/example_dags/example_setup_teardown.py
[2024-10-01T00:24:23.641+0000] {processor.py:830} INFO - Processing file /home/airflow/.local/lib/python3.8/site-packages/airflow/example_dags/example_setup_teardown.py for tasks to queue
[2024-10-01T00:24:23.645+0000] {logging_mixin.py:188} INFO - [2024-10-01T00:24:23.644+0000] {dagbag.py:538} INFO - Filling up the DagBag from /home/airflow/.local/lib/python3.8/site-packages/airflow/example_dags/example_setup_teardown.py
[2024-10-01T00:24:23.657+0000] {processor.py:840} INFO - DAG(s) 'example_setup_teardown' retrieved from /home/airflow/.local/lib/python3.8/site-packages/airflow/example_dags/example_setup_teardown.py
[2024-10-01T00:24:23.694+0000] {logging_mixin.py:188} INFO - [2024-10-01T00:24:23.694+0000] {dag.py:3036} INFO - Sync 1 DAGs
[2024-10-01T00:24:23.736+0000] {logging_mixin.py:188} INFO - [2024-10-01T00:24:23.736+0000] {dag.py:3823} INFO - Setting next_dagrun for example_setup_teardown to 2024-09-30 00:00:00+00:00, run_after=2024-10-01 00:00:00+00:00
[2024-10-01T00:24:23.772+0000] {processor.py:183} INFO - Processing /home/airflow/.local/lib/python3.8/site-packages/airflow/example_dags/example_setup_teardown.py took 0.152 seconds
[2024-10-01T00:24:53.835+0000] {processor.py:161} INFO - Started process (PID=3847) to work on /home/airflow/.local/lib/python3.8/site-packages/airflow/example_dags/example_setup_teardown.py
[2024-10-01T00:24:53.838+0000] {processor.py:830} INFO - Processing file /home/airflow/.local/lib/python3.8/site-packages/airflow/example_dags/example_setup_teardown.py for tasks to queue
[2024-10-01T00:24:53.842+0000] {logging_mixin.py:188} INFO - [2024-10-01T00:24:53.842+0000] {dagbag.py:538} INFO - Filling up the DagBag from /home/airflow/.local/lib/python3.8/site-packages/airflow/example_dags/example_setup_teardown.py
[2024-10-01T00:24:53.860+0000] {processor.py:840} INFO - DAG(s) 'example_setup_teardown' retrieved from /home/airflow/.local/lib/python3.8/site-packages/airflow/example_dags/example_setup_teardown.py
[2024-10-01T00:24:53.925+0000] {logging_mixin.py:188} INFO - [2024-10-01T00:24:53.924+0000] {dag.py:3036} INFO - Sync 1 DAGs
[2024-10-01T00:24:53.984+0000] {logging_mixin.py:188} INFO - [2024-10-01T00:24:53.983+0000] {dag.py:3823} INFO - Setting next_dagrun for example_setup_teardown to 2024-09-30 00:00:00+00:00, run_after=2024-10-01 00:00:00+00:00
[2024-10-01T00:24:54.036+0000] {processor.py:183} INFO - Processing /home/airflow/.local/lib/python3.8/site-packages/airflow/example_dags/example_setup_teardown.py took 0.212 seconds
[2024-10-01T00:25:24.623+0000] {processor.py:161} INFO - Started process (PID=3912) to work on /home/airflow/.local/lib/python3.8/site-packages/airflow/example_dags/example_setup_teardown.py
[2024-10-01T00:25:24.625+0000] {processor.py:830} INFO - Processing file /home/airflow/.local/lib/python3.8/site-packages/airflow/example_dags/example_setup_teardown.py for tasks to queue
[2024-10-01T00:25:24.628+0000] {logging_mixin.py:188} INFO - [2024-10-01T00:25:24.628+0000] {dagbag.py:538} INFO - Filling up the DagBag from /home/airflow/.local/lib/python3.8/site-packages/airflow/example_dags/example_setup_teardown.py
[2024-10-01T00:25:24.640+0000] {processor.py:840} INFO - DAG(s) 'example_setup_teardown' retrieved from /home/airflow/.local/lib/python3.8/site-packages/airflow/example_dags/example_setup_teardown.py
[2024-10-01T00:25:24.680+0000] {logging_mixin.py:188} INFO - [2024-10-01T00:25:24.680+0000] {dag.py:3036} INFO - Sync 1 DAGs
[2024-10-01T00:25:24.725+0000] {logging_mixin.py:188} INFO - [2024-10-01T00:25:24.725+0000] {dag.py:3823} INFO - Setting next_dagrun for example_setup_teardown to 2024-09-30 00:00:00+00:00, run_after=2024-10-01 00:00:00+00:00
[2024-10-01T00:25:24.763+0000] {processor.py:183} INFO - Processing /home/airflow/.local/lib/python3.8/site-packages/airflow/example_dags/example_setup_teardown.py took 0.146 seconds
[2024-10-01T00:25:54.815+0000] {processor.py:161} INFO - Started process (PID=3978) to work on /home/airflow/.local/lib/python3.8/site-packages/airflow/example_dags/example_setup_teardown.py
[2024-10-01T00:25:54.818+0000] {processor.py:830} INFO - Processing file /home/airflow/.local/lib/python3.8/site-packages/airflow/example_dags/example_setup_teardown.py for tasks to queue
[2024-10-01T00:25:54.822+0000] {logging_mixin.py:188} INFO - [2024-10-01T00:25:54.821+0000] {dagbag.py:538} INFO - Filling up the DagBag from /home/airflow/.local/lib/python3.8/site-packages/airflow/example_dags/example_setup_teardown.py
[2024-10-01T00:25:54.839+0000] {processor.py:840} INFO - DAG(s) 'example_setup_teardown' retrieved from /home/airflow/.local/lib/python3.8/site-packages/airflow/example_dags/example_setup_teardown.py
[2024-10-01T00:25:54.889+0000] {logging_mixin.py:188} INFO - [2024-10-01T00:25:54.889+0000] {dag.py:3036} INFO - Sync 1 DAGs
[2024-10-01T00:25:54.946+0000] {logging_mixin.py:188} INFO - [2024-10-01T00:25:54.945+0000] {dag.py:3823} INFO - Setting next_dagrun for example_setup_teardown to 2024-09-30 00:00:00+00:00, run_after=2024-10-01 00:00:00+00:00
[2024-10-01T00:25:54.993+0000] {processor.py:183} INFO - Processing /home/airflow/.local/lib/python3.8/site-packages/airflow/example_dags/example_setup_teardown.py took 0.187 seconds
[2024-10-01T00:26:25.293+0000] {processor.py:161} INFO - Started process (PID=4044) to work on /home/airflow/.local/lib/python3.8/site-packages/airflow/example_dags/example_setup_teardown.py
[2024-10-01T00:26:25.304+0000] {processor.py:830} INFO - Processing file /home/airflow/.local/lib/python3.8/site-packages/airflow/example_dags/example_setup_teardown.py for tasks to queue
[2024-10-01T00:26:25.321+0000] {logging_mixin.py:188} INFO - [2024-10-01T00:26:25.317+0000] {dagbag.py:538} INFO - Filling up the DagBag from /home/airflow/.local/lib/python3.8/site-packages/airflow/example_dags/example_setup_teardown.py
[2024-10-01T00:26:25.380+0000] {processor.py:840} INFO - DAG(s) 'example_setup_teardown' retrieved from /home/airflow/.local/lib/python3.8/site-packages/airflow/example_dags/example_setup_teardown.py
[2024-10-01T00:26:25.516+0000] {logging_mixin.py:188} INFO - [2024-10-01T00:26:25.514+0000] {dag.py:3036} INFO - Sync 1 DAGs
[2024-10-01T00:26:25.675+0000] {logging_mixin.py:188} INFO - [2024-10-01T00:26:25.673+0000] {dag.py:3823} INFO - Setting next_dagrun for example_setup_teardown to 2024-09-30 00:00:00+00:00, run_after=2024-10-01 00:00:00+00:00
[2024-10-01T00:26:25.793+0000] {processor.py:183} INFO - Processing /home/airflow/.local/lib/python3.8/site-packages/airflow/example_dags/example_setup_teardown.py took 0.533 seconds
[2024-10-01T00:26:55.872+0000] {processor.py:161} INFO - Started process (PID=4109) to work on /home/airflow/.local/lib/python3.8/site-packages/airflow/example_dags/example_setup_teardown.py
[2024-10-01T00:26:55.878+0000] {processor.py:830} INFO - Processing file /home/airflow/.local/lib/python3.8/site-packages/airflow/example_dags/example_setup_teardown.py for tasks to queue
[2024-10-01T00:26:55.883+0000] {logging_mixin.py:188} INFO - [2024-10-01T00:26:55.882+0000] {dagbag.py:538} INFO - Filling up the DagBag from /home/airflow/.local/lib/python3.8/site-packages/airflow/example_dags/example_setup_teardown.py
[2024-10-01T00:26:55.907+0000] {processor.py:840} INFO - DAG(s) 'example_setup_teardown' retrieved from /home/airflow/.local/lib/python3.8/site-packages/airflow/example_dags/example_setup_teardown.py
[2024-10-01T00:26:55.964+0000] {logging_mixin.py:188} INFO - [2024-10-01T00:26:55.963+0000] {dag.py:3036} INFO - Sync 1 DAGs
[2024-10-01T00:26:56.028+0000] {logging_mixin.py:188} INFO - [2024-10-01T00:26:56.027+0000] {dag.py:3823} INFO - Setting next_dagrun for example_setup_teardown to 2024-09-30 00:00:00+00:00, run_after=2024-10-01 00:00:00+00:00
[2024-10-01T00:26:56.090+0000] {processor.py:183} INFO - Processing /home/airflow/.local/lib/python3.8/site-packages/airflow/example_dags/example_setup_teardown.py took 0.228 seconds
[2024-10-01T00:27:26.335+0000] {processor.py:161} INFO - Started process (PID=4174) to work on /home/airflow/.local/lib/python3.8/site-packages/airflow/example_dags/example_setup_teardown.py
[2024-10-01T00:27:26.341+0000] {processor.py:830} INFO - Processing file /home/airflow/.local/lib/python3.8/site-packages/airflow/example_dags/example_setup_teardown.py for tasks to queue
[2024-10-01T00:27:26.351+0000] {logging_mixin.py:188} INFO - [2024-10-01T00:27:26.350+0000] {dagbag.py:538} INFO - Filling up the DagBag from /home/airflow/.local/lib/python3.8/site-packages/airflow/example_dags/example_setup_teardown.py
[2024-10-01T00:27:26.386+0000] {processor.py:840} INFO - DAG(s) 'example_setup_teardown' retrieved from /home/airflow/.local/lib/python3.8/site-packages/airflow/example_dags/example_setup_teardown.py
[2024-10-01T00:27:26.470+0000] {logging_mixin.py:188} INFO - [2024-10-01T00:27:26.469+0000] {dag.py:3036} INFO - Sync 1 DAGs
[2024-10-01T00:27:26.570+0000] {logging_mixin.py:188} INFO - [2024-10-01T00:27:26.569+0000] {dag.py:3823} INFO - Setting next_dagrun for example_setup_teardown to 2024-09-30 00:00:00+00:00, run_after=2024-10-01 00:00:00+00:00
[2024-10-01T00:27:26.652+0000] {processor.py:183} INFO - Processing /home/airflow/.local/lib/python3.8/site-packages/airflow/example_dags/example_setup_teardown.py took 0.335 seconds
[2024-10-01T00:27:56.868+0000] {processor.py:161} INFO - Started process (PID=4234) to work on /home/airflow/.local/lib/python3.8/site-packages/airflow/example_dags/example_setup_teardown.py
[2024-10-01T00:27:56.882+0000] {processor.py:830} INFO - Processing file /home/airflow/.local/lib/python3.8/site-packages/airflow/example_dags/example_setup_teardown.py for tasks to queue
[2024-10-01T00:27:56.885+0000] {logging_mixin.py:188} INFO - [2024-10-01T00:27:56.884+0000] {dagbag.py:538} INFO - Filling up the DagBag from /home/airflow/.local/lib/python3.8/site-packages/airflow/example_dags/example_setup_teardown.py
[2024-10-01T00:27:56.898+0000] {processor.py:840} INFO - DAG(s) 'example_setup_teardown' retrieved from /home/airflow/.local/lib/python3.8/site-packages/airflow/example_dags/example_setup_teardown.py
[2024-10-01T00:27:56.938+0000] {logging_mixin.py:188} INFO - [2024-10-01T00:27:56.938+0000] {dag.py:3036} INFO - Sync 1 DAGs
[2024-10-01T00:27:56.980+0000] {logging_mixin.py:188} INFO - [2024-10-01T00:27:56.980+0000] {dag.py:3823} INFO - Setting next_dagrun for example_setup_teardown to 2024-09-30 00:00:00+00:00, run_after=2024-10-01 00:00:00+00:00
[2024-10-01T00:27:57.015+0000] {processor.py:183} INFO - Processing /home/airflow/.local/lib/python3.8/site-packages/airflow/example_dags/example_setup_teardown.py took 0.154 seconds
[2024-10-01T00:28:27.068+0000] {processor.py:161} INFO - Started process (PID=4300) to work on /home/airflow/.local/lib/python3.8/site-packages/airflow/example_dags/example_setup_teardown.py
[2024-10-01T00:28:27.071+0000] {processor.py:830} INFO - Processing file /home/airflow/.local/lib/python3.8/site-packages/airflow/example_dags/example_setup_teardown.py for tasks to queue
[2024-10-01T00:28:27.076+0000] {logging_mixin.py:188} INFO - [2024-10-01T00:28:27.075+0000] {dagbag.py:538} INFO - Filling up the DagBag from /home/airflow/.local/lib/python3.8/site-packages/airflow/example_dags/example_setup_teardown.py
[2024-10-01T00:28:27.094+0000] {processor.py:840} INFO - DAG(s) 'example_setup_teardown' retrieved from /home/airflow/.local/lib/python3.8/site-packages/airflow/example_dags/example_setup_teardown.py
[2024-10-01T00:28:27.152+0000] {logging_mixin.py:188} INFO - [2024-10-01T00:28:27.151+0000] {dag.py:3036} INFO - Sync 1 DAGs
[2024-10-01T00:28:27.215+0000] {logging_mixin.py:188} INFO - [2024-10-01T00:28:27.214+0000] {dag.py:3823} INFO - Setting next_dagrun for example_setup_teardown to 2024-09-30 00:00:00+00:00, run_after=2024-10-01 00:00:00+00:00
[2024-10-01T00:28:27.265+0000] {processor.py:183} INFO - Processing /home/airflow/.local/lib/python3.8/site-packages/airflow/example_dags/example_setup_teardown.py took 0.206 seconds
[2024-10-01T00:28:57.552+0000] {processor.py:161} INFO - Started process (PID=4366) to work on /home/airflow/.local/lib/python3.8/site-packages/airflow/example_dags/example_setup_teardown.py
[2024-10-01T00:28:57.564+0000] {processor.py:830} INFO - Processing file /home/airflow/.local/lib/python3.8/site-packages/airflow/example_dags/example_setup_teardown.py for tasks to queue
[2024-10-01T00:28:57.574+0000] {logging_mixin.py:188} INFO - [2024-10-01T00:28:57.571+0000] {dagbag.py:538} INFO - Filling up the DagBag from /home/airflow/.local/lib/python3.8/site-packages/airflow/example_dags/example_setup_teardown.py
[2024-10-01T00:28:57.623+0000] {processor.py:840} INFO - DAG(s) 'example_setup_teardown' retrieved from /home/airflow/.local/lib/python3.8/site-packages/airflow/example_dags/example_setup_teardown.py
[2024-10-01T00:28:57.796+0000] {logging_mixin.py:188} INFO - [2024-10-01T00:28:57.794+0000] {dag.py:3036} INFO - Sync 1 DAGs
[2024-10-01T00:28:57.941+0000] {logging_mixin.py:188} INFO - [2024-10-01T00:28:57.940+0000] {dag.py:3823} INFO - Setting next_dagrun for example_setup_teardown to 2024-09-30 00:00:00+00:00, run_after=2024-10-01 00:00:00+00:00
[2024-10-01T00:28:58.133+0000] {processor.py:183} INFO - Processing /home/airflow/.local/lib/python3.8/site-packages/airflow/example_dags/example_setup_teardown.py took 0.606 seconds
[2024-10-01T00:29:28.706+0000] {processor.py:161} INFO - Started process (PID=4431) to work on /home/airflow/.local/lib/python3.8/site-packages/airflow/example_dags/example_setup_teardown.py
[2024-10-01T00:29:28.712+0000] {processor.py:830} INFO - Processing file /home/airflow/.local/lib/python3.8/site-packages/airflow/example_dags/example_setup_teardown.py for tasks to queue
[2024-10-01T00:29:28.722+0000] {logging_mixin.py:188} INFO - [2024-10-01T00:29:28.720+0000] {dagbag.py:538} INFO - Filling up the DagBag from /home/airflow/.local/lib/python3.8/site-packages/airflow/example_dags/example_setup_teardown.py
[2024-10-01T00:29:28.757+0000] {processor.py:840} INFO - DAG(s) 'example_setup_teardown' retrieved from /home/airflow/.local/lib/python3.8/site-packages/airflow/example_dags/example_setup_teardown.py
[2024-10-01T00:29:28.883+0000] {logging_mixin.py:188} INFO - [2024-10-01T00:29:28.882+0000] {dag.py:3036} INFO - Sync 1 DAGs
[2024-10-01T00:29:29.066+0000] {logging_mixin.py:188} INFO - [2024-10-01T00:29:29.064+0000] {dag.py:3823} INFO - Setting next_dagrun for example_setup_teardown to 2024-09-30 00:00:00+00:00, run_after=2024-10-01 00:00:00+00:00
[2024-10-01T00:29:29.213+0000] {processor.py:183} INFO - Processing /home/airflow/.local/lib/python3.8/site-packages/airflow/example_dags/example_setup_teardown.py took 0.527 seconds
[2024-10-01T00:29:59.360+0000] {processor.py:161} INFO - Started process (PID=4497) to work on /home/airflow/.local/lib/python3.8/site-packages/airflow/example_dags/example_setup_teardown.py
[2024-10-01T00:29:59.363+0000] {processor.py:830} INFO - Processing file /home/airflow/.local/lib/python3.8/site-packages/airflow/example_dags/example_setup_teardown.py for tasks to queue
[2024-10-01T00:29:59.368+0000] {logging_mixin.py:188} INFO - [2024-10-01T00:29:59.367+0000] {dagbag.py:538} INFO - Filling up the DagBag from /home/airflow/.local/lib/python3.8/site-packages/airflow/example_dags/example_setup_teardown.py
[2024-10-01T00:29:59.387+0000] {processor.py:840} INFO - DAG(s) 'example_setup_teardown' retrieved from /home/airflow/.local/lib/python3.8/site-packages/airflow/example_dags/example_setup_teardown.py
[2024-10-01T00:29:59.463+0000] {logging_mixin.py:188} INFO - [2024-10-01T00:29:59.462+0000] {dag.py:3036} INFO - Sync 1 DAGs
[2024-10-01T00:29:59.538+0000] {logging_mixin.py:188} INFO - [2024-10-01T00:29:59.537+0000] {dag.py:3823} INFO - Setting next_dagrun for example_setup_teardown to 2024-09-30 00:00:00+00:00, run_after=2024-10-01 00:00:00+00:00
[2024-10-01T00:29:59.596+0000] {processor.py:183} INFO - Processing /home/airflow/.local/lib/python3.8/site-packages/airflow/example_dags/example_setup_teardown.py took 0.246 seconds
[2024-10-01T00:30:30.096+0000] {processor.py:161} INFO - Started process (PID=4562) to work on /home/airflow/.local/lib/python3.8/site-packages/airflow/example_dags/example_setup_teardown.py
[2024-10-01T00:30:30.109+0000] {processor.py:830} INFO - Processing file /home/airflow/.local/lib/python3.8/site-packages/airflow/example_dags/example_setup_teardown.py for tasks to queue
[2024-10-01T00:30:30.117+0000] {logging_mixin.py:188} INFO - [2024-10-01T00:30:30.116+0000] {dagbag.py:538} INFO - Filling up the DagBag from /home/airflow/.local/lib/python3.8/site-packages/airflow/example_dags/example_setup_teardown.py
[2024-10-01T00:30:30.145+0000] {processor.py:840} INFO - DAG(s) 'example_setup_teardown' retrieved from /home/airflow/.local/lib/python3.8/site-packages/airflow/example_dags/example_setup_teardown.py
[2024-10-01T00:30:30.235+0000] {logging_mixin.py:188} INFO - [2024-10-01T00:30:30.234+0000] {dag.py:3036} INFO - Sync 1 DAGs
[2024-10-01T00:30:30.346+0000] {logging_mixin.py:188} INFO - [2024-10-01T00:30:30.345+0000] {dag.py:3823} INFO - Setting next_dagrun for example_setup_teardown to 2024-09-30 00:00:00+00:00, run_after=2024-10-01 00:00:00+00:00
[2024-10-01T00:30:30.430+0000] {processor.py:183} INFO - Processing /home/airflow/.local/lib/python3.8/site-packages/airflow/example_dags/example_setup_teardown.py took 0.348 seconds
[2024-10-01T00:31:01.104+0000] {processor.py:161} INFO - Started process (PID=4619) to work on /home/airflow/.local/lib/python3.8/site-packages/airflow/example_dags/example_setup_teardown.py
[2024-10-01T00:31:01.109+0000] {processor.py:830} INFO - Processing file /home/airflow/.local/lib/python3.8/site-packages/airflow/example_dags/example_setup_teardown.py for tasks to queue
[2024-10-01T00:31:01.123+0000] {logging_mixin.py:188} INFO - [2024-10-01T00:31:01.121+0000] {dagbag.py:538} INFO - Filling up the DagBag from /home/airflow/.local/lib/python3.8/site-packages/airflow/example_dags/example_setup_teardown.py
[2024-10-01T00:31:01.162+0000] {processor.py:840} INFO - DAG(s) 'example_setup_teardown' retrieved from /home/airflow/.local/lib/python3.8/site-packages/airflow/example_dags/example_setup_teardown.py
[2024-10-01T00:31:01.251+0000] {logging_mixin.py:188} INFO - [2024-10-01T00:31:01.250+0000] {dag.py:3036} INFO - Sync 1 DAGs
[2024-10-01T00:31:01.337+0000] {logging_mixin.py:188} INFO - [2024-10-01T00:31:01.336+0000] {dag.py:3823} INFO - Setting next_dagrun for example_setup_teardown to 2024-09-30 00:00:00+00:00, run_after=2024-10-01 00:00:00+00:00
[2024-10-01T00:31:01.406+0000] {processor.py:183} INFO - Processing /home/airflow/.local/lib/python3.8/site-packages/airflow/example_dags/example_setup_teardown.py took 0.330 seconds
[2024-10-01T00:31:31.481+0000] {processor.py:161} INFO - Started process (PID=4684) to work on /home/airflow/.local/lib/python3.8/site-packages/airflow/example_dags/example_setup_teardown.py
[2024-10-01T00:31:31.485+0000] {processor.py:830} INFO - Processing file /home/airflow/.local/lib/python3.8/site-packages/airflow/example_dags/example_setup_teardown.py for tasks to queue
[2024-10-01T00:31:31.492+0000] {logging_mixin.py:188} INFO - [2024-10-01T00:31:31.492+0000] {dagbag.py:538} INFO - Filling up the DagBag from /home/airflow/.local/lib/python3.8/site-packages/airflow/example_dags/example_setup_teardown.py
[2024-10-01T00:31:31.521+0000] {processor.py:840} INFO - DAG(s) 'example_setup_teardown' retrieved from /home/airflow/.local/lib/python3.8/site-packages/airflow/example_dags/example_setup_teardown.py
[2024-10-01T00:31:31.611+0000] {logging_mixin.py:188} INFO - [2024-10-01T00:31:31.611+0000] {dag.py:3036} INFO - Sync 1 DAGs
[2024-10-01T00:31:31.699+0000] {logging_mixin.py:188} INFO - [2024-10-01T00:31:31.698+0000] {dag.py:3823} INFO - Setting next_dagrun for example_setup_teardown to 2024-09-30 00:00:00+00:00, run_after=2024-10-01 00:00:00+00:00
[2024-10-01T00:31:31.783+0000] {processor.py:183} INFO - Processing /home/airflow/.local/lib/python3.8/site-packages/airflow/example_dags/example_setup_teardown.py took 0.314 seconds
[2024-10-01T00:32:03.045+0000] {processor.py:161} INFO - Started process (PID=4749) to work on /home/airflow/.local/lib/python3.8/site-packages/airflow/example_dags/example_setup_teardown.py
[2024-10-01T00:32:03.048+0000] {processor.py:830} INFO - Processing file /home/airflow/.local/lib/python3.8/site-packages/airflow/example_dags/example_setup_teardown.py for tasks to queue
[2024-10-01T00:32:03.053+0000] {logging_mixin.py:188} INFO - [2024-10-01T00:32:03.052+0000] {dagbag.py:538} INFO - Filling up the DagBag from /home/airflow/.local/lib/python3.8/site-packages/airflow/example_dags/example_setup_teardown.py
[2024-10-01T00:32:03.072+0000] {processor.py:840} INFO - DAG(s) 'example_setup_teardown' retrieved from /home/airflow/.local/lib/python3.8/site-packages/airflow/example_dags/example_setup_teardown.py
[2024-10-01T00:32:03.136+0000] {logging_mixin.py:188} INFO - [2024-10-01T00:32:03.135+0000] {dag.py:3036} INFO - Sync 1 DAGs
[2024-10-01T00:32:03.211+0000] {logging_mixin.py:188} INFO - [2024-10-01T00:32:03.211+0000] {dag.py:3823} INFO - Setting next_dagrun for example_setup_teardown to 2024-09-30 00:00:00+00:00, run_after=2024-10-01 00:00:00+00:00
[2024-10-01T00:32:03.276+0000] {processor.py:183} INFO - Processing /home/airflow/.local/lib/python3.8/site-packages/airflow/example_dags/example_setup_teardown.py took 0.243 seconds
[2024-10-01T00:32:33.696+0000] {processor.py:161} INFO - Started process (PID=4814) to work on /home/airflow/.local/lib/python3.8/site-packages/airflow/example_dags/example_setup_teardown.py
[2024-10-01T00:32:33.699+0000] {processor.py:830} INFO - Processing file /home/airflow/.local/lib/python3.8/site-packages/airflow/example_dags/example_setup_teardown.py for tasks to queue
[2024-10-01T00:32:33.705+0000] {logging_mixin.py:188} INFO - [2024-10-01T00:32:33.704+0000] {dagbag.py:538} INFO - Filling up the DagBag from /home/airflow/.local/lib/python3.8/site-packages/airflow/example_dags/example_setup_teardown.py
[2024-10-01T00:32:33.731+0000] {processor.py:840} INFO - DAG(s) 'example_setup_teardown' retrieved from /home/airflow/.local/lib/python3.8/site-packages/airflow/example_dags/example_setup_teardown.py
[2024-10-01T00:32:33.801+0000] {logging_mixin.py:188} INFO - [2024-10-01T00:32:33.801+0000] {dag.py:3036} INFO - Sync 1 DAGs
[2024-10-01T00:32:33.877+0000] {logging_mixin.py:188} INFO - [2024-10-01T00:32:33.876+0000] {dag.py:3823} INFO - Setting next_dagrun for example_setup_teardown to 2024-09-30 00:00:00+00:00, run_after=2024-10-01 00:00:00+00:00
[2024-10-01T00:32:33.941+0000] {processor.py:183} INFO - Processing /home/airflow/.local/lib/python3.8/site-packages/airflow/example_dags/example_setup_teardown.py took 0.258 seconds
[2024-10-01T00:33:04.603+0000] {processor.py:161} INFO - Started process (PID=4870) to work on /home/airflow/.local/lib/python3.8/site-packages/airflow/example_dags/example_setup_teardown.py
[2024-10-01T00:33:04.607+0000] {processor.py:830} INFO - Processing file /home/airflow/.local/lib/python3.8/site-packages/airflow/example_dags/example_setup_teardown.py for tasks to queue
[2024-10-01T00:33:04.613+0000] {logging_mixin.py:188} INFO - [2024-10-01T00:33:04.612+0000] {dagbag.py:538} INFO - Filling up the DagBag from /home/airflow/.local/lib/python3.8/site-packages/airflow/example_dags/example_setup_teardown.py
[2024-10-01T00:33:04.638+0000] {processor.py:840} INFO - DAG(s) 'example_setup_teardown' retrieved from /home/airflow/.local/lib/python3.8/site-packages/airflow/example_dags/example_setup_teardown.py
[2024-10-01T00:33:04.714+0000] {logging_mixin.py:188} INFO - [2024-10-01T00:33:04.713+0000] {dag.py:3036} INFO - Sync 1 DAGs
[2024-10-01T00:33:04.806+0000] {logging_mixin.py:188} INFO - [2024-10-01T00:33:04.805+0000] {dag.py:3823} INFO - Setting next_dagrun for example_setup_teardown to 2024-09-30 00:00:00+00:00, run_after=2024-10-01 00:00:00+00:00
[2024-10-01T00:33:04.877+0000] {processor.py:183} INFO - Processing /home/airflow/.local/lib/python3.8/site-packages/airflow/example_dags/example_setup_teardown.py took 0.291 seconds
[2024-10-01T00:33:36.806+0000] {processor.py:161} INFO - Started process (PID=4932) to work on /home/airflow/.local/lib/python3.8/site-packages/airflow/example_dags/example_setup_teardown.py
[2024-10-01T00:33:36.812+0000] {processor.py:830} INFO - Processing file /home/airflow/.local/lib/python3.8/site-packages/airflow/example_dags/example_setup_teardown.py for tasks to queue
[2024-10-01T00:33:36.821+0000] {logging_mixin.py:188} INFO - [2024-10-01T00:33:36.819+0000] {dagbag.py:538} INFO - Filling up the DagBag from /home/airflow/.local/lib/python3.8/site-packages/airflow/example_dags/example_setup_teardown.py
[2024-10-01T00:33:36.859+0000] {processor.py:840} INFO - DAG(s) 'example_setup_teardown' retrieved from /home/airflow/.local/lib/python3.8/site-packages/airflow/example_dags/example_setup_teardown.py
[2024-10-01T00:33:36.970+0000] {logging_mixin.py:188} INFO - [2024-10-01T00:33:36.969+0000] {dag.py:3036} INFO - Sync 1 DAGs
[2024-10-01T00:33:37.073+0000] {logging_mixin.py:188} INFO - [2024-10-01T00:33:37.072+0000] {dag.py:3823} INFO - Setting next_dagrun for example_setup_teardown to 2024-09-30 00:00:00+00:00, run_after=2024-10-01 00:00:00+00:00
[2024-10-01T00:33:37.148+0000] {processor.py:183} INFO - Processing /home/airflow/.local/lib/python3.8/site-packages/airflow/example_dags/example_setup_teardown.py took 0.360 seconds
[2024-10-01T00:34:07.529+0000] {processor.py:161} INFO - Started process (PID=4998) to work on /home/airflow/.local/lib/python3.8/site-packages/airflow/example_dags/example_setup_teardown.py
[2024-10-01T00:34:07.532+0000] {processor.py:830} INFO - Processing file /home/airflow/.local/lib/python3.8/site-packages/airflow/example_dags/example_setup_teardown.py for tasks to queue
[2024-10-01T00:34:07.536+0000] {logging_mixin.py:188} INFO - [2024-10-01T00:34:07.535+0000] {dagbag.py:538} INFO - Filling up the DagBag from /home/airflow/.local/lib/python3.8/site-packages/airflow/example_dags/example_setup_teardown.py
[2024-10-01T00:34:07.553+0000] {processor.py:840} INFO - DAG(s) 'example_setup_teardown' retrieved from /home/airflow/.local/lib/python3.8/site-packages/airflow/example_dags/example_setup_teardown.py
[2024-10-01T00:34:07.602+0000] {logging_mixin.py:188} INFO - [2024-10-01T00:34:07.602+0000] {dag.py:3036} INFO - Sync 1 DAGs
[2024-10-01T00:34:07.658+0000] {logging_mixin.py:188} INFO - [2024-10-01T00:34:07.658+0000] {dag.py:3823} INFO - Setting next_dagrun for example_setup_teardown to 2024-09-30 00:00:00+00:00, run_after=2024-10-01 00:00:00+00:00
[2024-10-01T00:34:07.705+0000] {processor.py:183} INFO - Processing /home/airflow/.local/lib/python3.8/site-packages/airflow/example_dags/example_setup_teardown.py took 0.184 seconds
[2024-10-01T00:34:37.738+0000] {processor.py:161} INFO - Started process (PID=5056) to work on /home/airflow/.local/lib/python3.8/site-packages/airflow/example_dags/example_setup_teardown.py
[2024-10-01T00:34:37.739+0000] {processor.py:830} INFO - Processing file /home/airflow/.local/lib/python3.8/site-packages/airflow/example_dags/example_setup_teardown.py for tasks to queue
[2024-10-01T00:34:37.742+0000] {logging_mixin.py:188} INFO - [2024-10-01T00:34:37.741+0000] {dagbag.py:538} INFO - Filling up the DagBag from /home/airflow/.local/lib/python3.8/site-packages/airflow/example_dags/example_setup_teardown.py
[2024-10-01T00:34:37.754+0000] {processor.py:840} INFO - DAG(s) 'example_setup_teardown' retrieved from /home/airflow/.local/lib/python3.8/site-packages/airflow/example_dags/example_setup_teardown.py
[2024-10-01T00:34:37.783+0000] {logging_mixin.py:188} INFO - [2024-10-01T00:34:37.783+0000] {dag.py:3036} INFO - Sync 1 DAGs
[2024-10-01T00:34:37.816+0000] {logging_mixin.py:188} INFO - [2024-10-01T00:34:37.815+0000] {dag.py:3823} INFO - Setting next_dagrun for example_setup_teardown to 2024-09-30 00:00:00+00:00, run_after=2024-10-01 00:00:00+00:00
[2024-10-01T00:34:37.846+0000] {processor.py:183} INFO - Processing /home/airflow/.local/lib/python3.8/site-packages/airflow/example_dags/example_setup_teardown.py took 0.113 seconds
