[2024-10-01T00:00:28.137+0000] {processor.py:161} INFO - Started process (PID=807) to work on /home/airflow/.local/lib/python3.8/site-packages/airflow/example_dags/example_branch_labels.py
[2024-10-01T00:00:28.139+0000] {processor.py:830} INFO - Processing file /home/airflow/.local/lib/python3.8/site-packages/airflow/example_dags/example_branch_labels.py for tasks to queue
[2024-10-01T00:00:28.143+0000] {logging_mixin.py:188} INFO - [2024-10-01T00:00:28.142+0000] {dagbag.py:538} INFO - Filling up the DagBag from /home/airflow/.local/lib/python3.8/site-packages/airflow/example_dags/example_branch_labels.py
[2024-10-01T00:00:28.163+0000] {processor.py:840} INFO - DAG(s) 'example_branch_labels' retrieved from /home/airflow/.local/lib/python3.8/site-packages/airflow/example_dags/example_branch_labels.py
[2024-10-01T00:00:28.216+0000] {logging_mixin.py:188} INFO - [2024-10-01T00:00:28.215+0000] {dag.py:3036} INFO - Sync 1 DAGs
[2024-10-01T00:00:28.275+0000] {logging_mixin.py:188} INFO - [2024-10-01T00:00:28.274+0000] {dag.py:3823} INFO - Setting next_dagrun for example_branch_labels to 2024-09-30 00:00:00+00:00, run_after=2024-10-01 00:00:00+00:00
[2024-10-01T00:00:28.326+0000] {processor.py:183} INFO - Processing /home/airflow/.local/lib/python3.8/site-packages/airflow/example_dags/example_branch_labels.py took 0.197 seconds
[2024-10-01T00:00:58.918+0000] {processor.py:161} INFO - Started process (PID=874) to work on /home/airflow/.local/lib/python3.8/site-packages/airflow/example_dags/example_branch_labels.py
[2024-10-01T00:00:58.922+0000] {processor.py:830} INFO - Processing file /home/airflow/.local/lib/python3.8/site-packages/airflow/example_dags/example_branch_labels.py for tasks to queue
[2024-10-01T00:00:58.927+0000] {logging_mixin.py:188} INFO - [2024-10-01T00:00:58.926+0000] {dagbag.py:538} INFO - Filling up the DagBag from /home/airflow/.local/lib/python3.8/site-packages/airflow/example_dags/example_branch_labels.py
[2024-10-01T00:00:58.950+0000] {processor.py:840} INFO - DAG(s) 'example_branch_labels' retrieved from /home/airflow/.local/lib/python3.8/site-packages/airflow/example_dags/example_branch_labels.py
[2024-10-01T00:00:59.016+0000] {logging_mixin.py:188} INFO - [2024-10-01T00:00:59.015+0000] {dag.py:3036} INFO - Sync 1 DAGs
[2024-10-01T00:00:59.086+0000] {logging_mixin.py:188} INFO - [2024-10-01T00:00:59.085+0000] {dag.py:3823} INFO - Setting next_dagrun for example_branch_labels to 2024-09-30 00:00:00+00:00, run_after=2024-10-01 00:00:00+00:00
[2024-10-01T00:00:59.137+0000] {processor.py:183} INFO - Processing /home/airflow/.local/lib/python3.8/site-packages/airflow/example_dags/example_branch_labels.py took 0.229 seconds
[2024-10-01T00:01:29.360+0000] {processor.py:161} INFO - Started process (PID=930) to work on /home/airflow/.local/lib/python3.8/site-packages/airflow/example_dags/example_branch_labels.py
[2024-10-01T00:01:29.362+0000] {processor.py:830} INFO - Processing file /home/airflow/.local/lib/python3.8/site-packages/airflow/example_dags/example_branch_labels.py for tasks to queue
[2024-10-01T00:01:29.365+0000] {logging_mixin.py:188} INFO - [2024-10-01T00:01:29.365+0000] {dagbag.py:538} INFO - Filling up the DagBag from /home/airflow/.local/lib/python3.8/site-packages/airflow/example_dags/example_branch_labels.py
[2024-10-01T00:01:29.379+0000] {processor.py:840} INFO - DAG(s) 'example_branch_labels' retrieved from /home/airflow/.local/lib/python3.8/site-packages/airflow/example_dags/example_branch_labels.py
[2024-10-01T00:01:29.416+0000] {logging_mixin.py:188} INFO - [2024-10-01T00:01:29.415+0000] {dag.py:3036} INFO - Sync 1 DAGs
[2024-10-01T00:01:29.459+0000] {logging_mixin.py:188} INFO - [2024-10-01T00:01:29.459+0000] {dag.py:3823} INFO - Setting next_dagrun for example_branch_labels to 2024-09-30 00:00:00+00:00, run_after=2024-10-01 00:00:00+00:00
[2024-10-01T00:01:29.492+0000] {processor.py:183} INFO - Processing /home/airflow/.local/lib/python3.8/site-packages/airflow/example_dags/example_branch_labels.py took 0.137 seconds
[2024-10-01T00:01:59.648+0000] {processor.py:161} INFO - Started process (PID=996) to work on /home/airflow/.local/lib/python3.8/site-packages/airflow/example_dags/example_branch_labels.py
[2024-10-01T00:01:59.652+0000] {processor.py:830} INFO - Processing file /home/airflow/.local/lib/python3.8/site-packages/airflow/example_dags/example_branch_labels.py for tasks to queue
[2024-10-01T00:01:59.657+0000] {logging_mixin.py:188} INFO - [2024-10-01T00:01:59.656+0000] {dagbag.py:538} INFO - Filling up the DagBag from /home/airflow/.local/lib/python3.8/site-packages/airflow/example_dags/example_branch_labels.py
[2024-10-01T00:01:59.684+0000] {processor.py:840} INFO - DAG(s) 'example_branch_labels' retrieved from /home/airflow/.local/lib/python3.8/site-packages/airflow/example_dags/example_branch_labels.py
[2024-10-01T00:01:59.751+0000] {logging_mixin.py:188} INFO - [2024-10-01T00:01:59.750+0000] {dag.py:3036} INFO - Sync 1 DAGs
[2024-10-01T00:01:59.830+0000] {logging_mixin.py:188} INFO - [2024-10-01T00:01:59.829+0000] {dag.py:3823} INFO - Setting next_dagrun for example_branch_labels to 2024-09-30 00:00:00+00:00, run_after=2024-10-01 00:00:00+00:00
[2024-10-01T00:01:59.886+0000] {processor.py:183} INFO - Processing /home/airflow/.local/lib/python3.8/site-packages/airflow/example_dags/example_branch_labels.py took 0.249 seconds
[2024-10-01T00:02:29.955+0000] {processor.py:161} INFO - Started process (PID=1061) to work on /home/airflow/.local/lib/python3.8/site-packages/airflow/example_dags/example_branch_labels.py
[2024-10-01T00:02:29.959+0000] {processor.py:830} INFO - Processing file /home/airflow/.local/lib/python3.8/site-packages/airflow/example_dags/example_branch_labels.py for tasks to queue
[2024-10-01T00:02:29.965+0000] {logging_mixin.py:188} INFO - [2024-10-01T00:02:29.964+0000] {dagbag.py:538} INFO - Filling up the DagBag from /home/airflow/.local/lib/python3.8/site-packages/airflow/example_dags/example_branch_labels.py
[2024-10-01T00:02:29.992+0000] {processor.py:840} INFO - DAG(s) 'example_branch_labels' retrieved from /home/airflow/.local/lib/python3.8/site-packages/airflow/example_dags/example_branch_labels.py
[2024-10-01T00:02:30.069+0000] {logging_mixin.py:188} INFO - [2024-10-01T00:02:30.068+0000] {dag.py:3036} INFO - Sync 1 DAGs
[2024-10-01T00:02:30.155+0000] {logging_mixin.py:188} INFO - [2024-10-01T00:02:30.154+0000] {dag.py:3823} INFO - Setting next_dagrun for example_branch_labels to 2024-09-30 00:00:00+00:00, run_after=2024-10-01 00:00:00+00:00
[2024-10-01T00:02:30.220+0000] {processor.py:183} INFO - Processing /home/airflow/.local/lib/python3.8/site-packages/airflow/example_dags/example_branch_labels.py took 0.277 seconds
[2024-10-01T00:03:00.710+0000] {processor.py:161} INFO - Started process (PID=1127) to work on /home/airflow/.local/lib/python3.8/site-packages/airflow/example_dags/example_branch_labels.py
[2024-10-01T00:03:00.721+0000] {processor.py:830} INFO - Processing file /home/airflow/.local/lib/python3.8/site-packages/airflow/example_dags/example_branch_labels.py for tasks to queue
[2024-10-01T00:03:00.738+0000] {logging_mixin.py:188} INFO - [2024-10-01T00:03:00.736+0000] {dagbag.py:538} INFO - Filling up the DagBag from /home/airflow/.local/lib/python3.8/site-packages/airflow/example_dags/example_branch_labels.py
[2024-10-01T00:03:00.798+0000] {processor.py:840} INFO - DAG(s) 'example_branch_labels' retrieved from /home/airflow/.local/lib/python3.8/site-packages/airflow/example_dags/example_branch_labels.py
[2024-10-01T00:03:00.957+0000] {logging_mixin.py:188} INFO - [2024-10-01T00:03:00.956+0000] {dag.py:3036} INFO - Sync 1 DAGs
[2024-10-01T00:03:01.107+0000] {logging_mixin.py:188} INFO - [2024-10-01T00:03:01.106+0000] {dag.py:3823} INFO - Setting next_dagrun for example_branch_labels to 2024-09-30 00:00:00+00:00, run_after=2024-10-01 00:00:00+00:00
[2024-10-01T00:03:01.209+0000] {processor.py:183} INFO - Processing /home/airflow/.local/lib/python3.8/site-packages/airflow/example_dags/example_branch_labels.py took 0.540 seconds
[2024-10-01T00:03:31.281+0000] {processor.py:161} INFO - Started process (PID=1193) to work on /home/airflow/.local/lib/python3.8/site-packages/airflow/example_dags/example_branch_labels.py
[2024-10-01T00:03:31.284+0000] {processor.py:830} INFO - Processing file /home/airflow/.local/lib/python3.8/site-packages/airflow/example_dags/example_branch_labels.py for tasks to queue
[2024-10-01T00:03:31.288+0000] {logging_mixin.py:188} INFO - [2024-10-01T00:03:31.288+0000] {dagbag.py:538} INFO - Filling up the DagBag from /home/airflow/.local/lib/python3.8/site-packages/airflow/example_dags/example_branch_labels.py
[2024-10-01T00:03:31.311+0000] {processor.py:840} INFO - DAG(s) 'example_branch_labels' retrieved from /home/airflow/.local/lib/python3.8/site-packages/airflow/example_dags/example_branch_labels.py
[2024-10-01T00:03:31.379+0000] {logging_mixin.py:188} INFO - [2024-10-01T00:03:31.379+0000] {dag.py:3036} INFO - Sync 1 DAGs
[2024-10-01T00:03:31.445+0000] {logging_mixin.py:188} INFO - [2024-10-01T00:03:31.445+0000] {dag.py:3823} INFO - Setting next_dagrun for example_branch_labels to 2024-09-30 00:00:00+00:00, run_after=2024-10-01 00:00:00+00:00
[2024-10-01T00:03:31.495+0000] {processor.py:183} INFO - Processing /home/airflow/.local/lib/python3.8/site-packages/airflow/example_dags/example_branch_labels.py took 0.224 seconds
[2024-10-01T00:04:01.887+0000] {processor.py:161} INFO - Started process (PID=1259) to work on /home/airflow/.local/lib/python3.8/site-packages/airflow/example_dags/example_branch_labels.py
[2024-10-01T00:04:01.891+0000] {processor.py:830} INFO - Processing file /home/airflow/.local/lib/python3.8/site-packages/airflow/example_dags/example_branch_labels.py for tasks to queue
[2024-10-01T00:04:01.898+0000] {logging_mixin.py:188} INFO - [2024-10-01T00:04:01.897+0000] {dagbag.py:538} INFO - Filling up the DagBag from /home/airflow/.local/lib/python3.8/site-packages/airflow/example_dags/example_branch_labels.py
[2024-10-01T00:04:01.928+0000] {processor.py:840} INFO - DAG(s) 'example_branch_labels' retrieved from /home/airflow/.local/lib/python3.8/site-packages/airflow/example_dags/example_branch_labels.py
[2024-10-01T00:04:02.008+0000] {logging_mixin.py:188} INFO - [2024-10-01T00:04:02.007+0000] {dag.py:3036} INFO - Sync 1 DAGs
[2024-10-01T00:04:02.098+0000] {logging_mixin.py:188} INFO - [2024-10-01T00:04:02.097+0000] {dag.py:3823} INFO - Setting next_dagrun for example_branch_labels to 2024-09-30 00:00:00+00:00, run_after=2024-10-01 00:00:00+00:00
[2024-10-01T00:04:02.163+0000] {processor.py:183} INFO - Processing /home/airflow/.local/lib/python3.8/site-packages/airflow/example_dags/example_branch_labels.py took 0.289 seconds
[2024-10-01T00:04:32.553+0000] {processor.py:161} INFO - Started process (PID=1325) to work on /home/airflow/.local/lib/python3.8/site-packages/airflow/example_dags/example_branch_labels.py
[2024-10-01T00:04:32.562+0000] {processor.py:830} INFO - Processing file /home/airflow/.local/lib/python3.8/site-packages/airflow/example_dags/example_branch_labels.py for tasks to queue
[2024-10-01T00:04:32.574+0000] {logging_mixin.py:188} INFO - [2024-10-01T00:04:32.571+0000] {dagbag.py:538} INFO - Filling up the DagBag from /home/airflow/.local/lib/python3.8/site-packages/airflow/example_dags/example_branch_labels.py
[2024-10-01T00:04:32.627+0000] {processor.py:840} INFO - DAG(s) 'example_branch_labels' retrieved from /home/airflow/.local/lib/python3.8/site-packages/airflow/example_dags/example_branch_labels.py
[2024-10-01T00:04:32.783+0000] {logging_mixin.py:188} INFO - [2024-10-01T00:04:32.782+0000] {dag.py:3036} INFO - Sync 1 DAGs
[2024-10-01T00:04:33.049+0000] {logging_mixin.py:188} INFO - [2024-10-01T00:04:33.046+0000] {dag.py:3823} INFO - Setting next_dagrun for example_branch_labels to 2024-09-30 00:00:00+00:00, run_after=2024-10-01 00:00:00+00:00
[2024-10-01T00:04:33.268+0000] {processor.py:183} INFO - Processing /home/airflow/.local/lib/python3.8/site-packages/airflow/example_dags/example_branch_labels.py took 0.738 seconds
[2024-10-01T00:05:05.413+0000] {processor.py:161} INFO - Started process (PID=1391) to work on /home/airflow/.local/lib/python3.8/site-packages/airflow/example_dags/example_branch_labels.py
[2024-10-01T00:05:05.422+0000] {processor.py:830} INFO - Processing file /home/airflow/.local/lib/python3.8/site-packages/airflow/example_dags/example_branch_labels.py for tasks to queue
[2024-10-01T00:05:05.431+0000] {logging_mixin.py:188} INFO - [2024-10-01T00:05:05.429+0000] {dagbag.py:538} INFO - Filling up the DagBag from /home/airflow/.local/lib/python3.8/site-packages/airflow/example_dags/example_branch_labels.py
[2024-10-01T00:05:05.482+0000] {processor.py:840} INFO - DAG(s) 'example_branch_labels' retrieved from /home/airflow/.local/lib/python3.8/site-packages/airflow/example_dags/example_branch_labels.py
[2024-10-01T00:05:05.606+0000] {logging_mixin.py:188} INFO - [2024-10-01T00:05:05.605+0000] {dag.py:3036} INFO - Sync 1 DAGs
[2024-10-01T00:05:05.795+0000] {logging_mixin.py:188} INFO - [2024-10-01T00:05:05.793+0000] {dag.py:3823} INFO - Setting next_dagrun for example_branch_labels to 2024-09-30 00:00:00+00:00, run_after=2024-10-01 00:00:00+00:00
[2024-10-01T00:05:05.906+0000] {processor.py:183} INFO - Processing /home/airflow/.local/lib/python3.8/site-packages/airflow/example_dags/example_branch_labels.py took 0.515 seconds
[2024-10-01T00:05:36.048+0000] {processor.py:161} INFO - Started process (PID=1457) to work on /home/airflow/.local/lib/python3.8/site-packages/airflow/example_dags/example_branch_labels.py
[2024-10-01T00:05:36.052+0000] {processor.py:830} INFO - Processing file /home/airflow/.local/lib/python3.8/site-packages/airflow/example_dags/example_branch_labels.py for tasks to queue
[2024-10-01T00:05:36.057+0000] {logging_mixin.py:188} INFO - [2024-10-01T00:05:36.056+0000] {dagbag.py:538} INFO - Filling up the DagBag from /home/airflow/.local/lib/python3.8/site-packages/airflow/example_dags/example_branch_labels.py
[2024-10-01T00:05:36.082+0000] {processor.py:840} INFO - DAG(s) 'example_branch_labels' retrieved from /home/airflow/.local/lib/python3.8/site-packages/airflow/example_dags/example_branch_labels.py
[2024-10-01T00:05:36.147+0000] {logging_mixin.py:188} INFO - [2024-10-01T00:05:36.146+0000] {dag.py:3036} INFO - Sync 1 DAGs
[2024-10-01T00:05:36.217+0000] {logging_mixin.py:188} INFO - [2024-10-01T00:05:36.217+0000] {dag.py:3823} INFO - Setting next_dagrun for example_branch_labels to 2024-09-30 00:00:00+00:00, run_after=2024-10-01 00:00:00+00:00
[2024-10-01T00:05:36.269+0000] {processor.py:183} INFO - Processing /home/airflow/.local/lib/python3.8/site-packages/airflow/example_dags/example_branch_labels.py took 0.232 seconds
[2024-10-01T00:06:06.742+0000] {processor.py:161} INFO - Started process (PID=1523) to work on /home/airflow/.local/lib/python3.8/site-packages/airflow/example_dags/example_branch_labels.py
[2024-10-01T00:06:06.746+0000] {processor.py:830} INFO - Processing file /home/airflow/.local/lib/python3.8/site-packages/airflow/example_dags/example_branch_labels.py for tasks to queue
[2024-10-01T00:06:06.752+0000] {logging_mixin.py:188} INFO - [2024-10-01T00:06:06.751+0000] {dagbag.py:538} INFO - Filling up the DagBag from /home/airflow/.local/lib/python3.8/site-packages/airflow/example_dags/example_branch_labels.py
[2024-10-01T00:06:06.778+0000] {processor.py:840} INFO - DAG(s) 'example_branch_labels' retrieved from /home/airflow/.local/lib/python3.8/site-packages/airflow/example_dags/example_branch_labels.py
[2024-10-01T00:06:06.847+0000] {logging_mixin.py:188} INFO - [2024-10-01T00:06:06.846+0000] {dag.py:3036} INFO - Sync 1 DAGs
[2024-10-01T00:06:06.921+0000] {logging_mixin.py:188} INFO - [2024-10-01T00:06:06.920+0000] {dag.py:3823} INFO - Setting next_dagrun for example_branch_labels to 2024-09-30 00:00:00+00:00, run_after=2024-10-01 00:00:00+00:00
[2024-10-01T00:06:06.978+0000] {processor.py:183} INFO - Processing /home/airflow/.local/lib/python3.8/site-packages/airflow/example_dags/example_branch_labels.py took 0.246 seconds
[2024-10-01T00:06:37.418+0000] {processor.py:161} INFO - Started process (PID=1581) to work on /home/airflow/.local/lib/python3.8/site-packages/airflow/example_dags/example_branch_labels.py
[2024-10-01T00:06:37.420+0000] {processor.py:830} INFO - Processing file /home/airflow/.local/lib/python3.8/site-packages/airflow/example_dags/example_branch_labels.py for tasks to queue
[2024-10-01T00:06:37.424+0000] {logging_mixin.py:188} INFO - [2024-10-01T00:06:37.423+0000] {dagbag.py:538} INFO - Filling up the DagBag from /home/airflow/.local/lib/python3.8/site-packages/airflow/example_dags/example_branch_labels.py
[2024-10-01T00:06:37.440+0000] {processor.py:840} INFO - DAG(s) 'example_branch_labels' retrieved from /home/airflow/.local/lib/python3.8/site-packages/airflow/example_dags/example_branch_labels.py
[2024-10-01T00:06:37.481+0000] {logging_mixin.py:188} INFO - [2024-10-01T00:06:37.481+0000] {dag.py:3036} INFO - Sync 1 DAGs
[2024-10-01T00:06:37.528+0000] {logging_mixin.py:188} INFO - [2024-10-01T00:06:37.528+0000] {dag.py:3823} INFO - Setting next_dagrun for example_branch_labels to 2024-09-30 00:00:00+00:00, run_after=2024-10-01 00:00:00+00:00
[2024-10-01T00:06:37.564+0000] {processor.py:183} INFO - Processing /home/airflow/.local/lib/python3.8/site-packages/airflow/example_dags/example_branch_labels.py took 0.153 seconds
[2024-10-01T00:07:08.131+0000] {processor.py:161} INFO - Started process (PID=1647) to work on /home/airflow/.local/lib/python3.8/site-packages/airflow/example_dags/example_branch_labels.py
[2024-10-01T00:07:08.134+0000] {processor.py:830} INFO - Processing file /home/airflow/.local/lib/python3.8/site-packages/airflow/example_dags/example_branch_labels.py for tasks to queue
[2024-10-01T00:07:08.137+0000] {logging_mixin.py:188} INFO - [2024-10-01T00:07:08.136+0000] {dagbag.py:538} INFO - Filling up the DagBag from /home/airflow/.local/lib/python3.8/site-packages/airflow/example_dags/example_branch_labels.py
[2024-10-01T00:07:08.152+0000] {processor.py:840} INFO - DAG(s) 'example_branch_labels' retrieved from /home/airflow/.local/lib/python3.8/site-packages/airflow/example_dags/example_branch_labels.py
[2024-10-01T00:07:08.191+0000] {logging_mixin.py:188} INFO - [2024-10-01T00:07:08.191+0000] {dag.py:3036} INFO - Sync 1 DAGs
[2024-10-01T00:07:08.237+0000] {logging_mixin.py:188} INFO - [2024-10-01T00:07:08.237+0000] {dag.py:3823} INFO - Setting next_dagrun for example_branch_labels to 2024-09-30 00:00:00+00:00, run_after=2024-10-01 00:00:00+00:00
[2024-10-01T00:07:08.271+0000] {processor.py:183} INFO - Processing /home/airflow/.local/lib/python3.8/site-packages/airflow/example_dags/example_branch_labels.py took 0.146 seconds
[2024-10-01T00:07:39.008+0000] {processor.py:161} INFO - Started process (PID=1714) to work on /home/airflow/.local/lib/python3.8/site-packages/airflow/example_dags/example_branch_labels.py
[2024-10-01T00:07:39.012+0000] {processor.py:830} INFO - Processing file /home/airflow/.local/lib/python3.8/site-packages/airflow/example_dags/example_branch_labels.py for tasks to queue
[2024-10-01T00:07:39.017+0000] {logging_mixin.py:188} INFO - [2024-10-01T00:07:39.016+0000] {dagbag.py:538} INFO - Filling up the DagBag from /home/airflow/.local/lib/python3.8/site-packages/airflow/example_dags/example_branch_labels.py
[2024-10-01T00:07:39.043+0000] {processor.py:840} INFO - DAG(s) 'example_branch_labels' retrieved from /home/airflow/.local/lib/python3.8/site-packages/airflow/example_dags/example_branch_labels.py
[2024-10-01T00:07:39.109+0000] {logging_mixin.py:188} INFO - [2024-10-01T00:07:39.109+0000] {dag.py:3036} INFO - Sync 1 DAGs
[2024-10-01T00:07:39.179+0000] {logging_mixin.py:188} INFO - [2024-10-01T00:07:39.178+0000] {dag.py:3823} INFO - Setting next_dagrun for example_branch_labels to 2024-09-30 00:00:00+00:00, run_after=2024-10-01 00:00:00+00:00
[2024-10-01T00:07:39.229+0000] {processor.py:183} INFO - Processing /home/airflow/.local/lib/python3.8/site-packages/airflow/example_dags/example_branch_labels.py took 0.232 seconds
[2024-10-01T00:08:09.277+0000] {processor.py:161} INFO - Started process (PID=1780) to work on /home/airflow/.local/lib/python3.8/site-packages/airflow/example_dags/example_branch_labels.py
[2024-10-01T00:08:09.279+0000] {processor.py:830} INFO - Processing file /home/airflow/.local/lib/python3.8/site-packages/airflow/example_dags/example_branch_labels.py for tasks to queue
[2024-10-01T00:08:09.282+0000] {logging_mixin.py:188} INFO - [2024-10-01T00:08:09.282+0000] {dagbag.py:538} INFO - Filling up the DagBag from /home/airflow/.local/lib/python3.8/site-packages/airflow/example_dags/example_branch_labels.py
[2024-10-01T00:08:09.298+0000] {processor.py:840} INFO - DAG(s) 'example_branch_labels' retrieved from /home/airflow/.local/lib/python3.8/site-packages/airflow/example_dags/example_branch_labels.py
[2024-10-01T00:08:09.341+0000] {logging_mixin.py:188} INFO - [2024-10-01T00:08:09.340+0000] {dag.py:3036} INFO - Sync 1 DAGs
[2024-10-01T00:08:09.391+0000] {logging_mixin.py:188} INFO - [2024-10-01T00:08:09.390+0000] {dag.py:3823} INFO - Setting next_dagrun for example_branch_labels to 2024-09-30 00:00:00+00:00, run_after=2024-10-01 00:00:00+00:00
[2024-10-01T00:08:09.427+0000] {processor.py:183} INFO - Processing /home/airflow/.local/lib/python3.8/site-packages/airflow/example_dags/example_branch_labels.py took 0.156 seconds
[2024-10-01T00:08:39.672+0000] {processor.py:161} INFO - Started process (PID=1846) to work on /home/airflow/.local/lib/python3.8/site-packages/airflow/example_dags/example_branch_labels.py
[2024-10-01T00:08:39.675+0000] {processor.py:830} INFO - Processing file /home/airflow/.local/lib/python3.8/site-packages/airflow/example_dags/example_branch_labels.py for tasks to queue
[2024-10-01T00:08:39.678+0000] {logging_mixin.py:188} INFO - [2024-10-01T00:08:39.677+0000] {dagbag.py:538} INFO - Filling up the DagBag from /home/airflow/.local/lib/python3.8/site-packages/airflow/example_dags/example_branch_labels.py
[2024-10-01T00:08:39.693+0000] {processor.py:840} INFO - DAG(s) 'example_branch_labels' retrieved from /home/airflow/.local/lib/python3.8/site-packages/airflow/example_dags/example_branch_labels.py
[2024-10-01T00:08:39.733+0000] {logging_mixin.py:188} INFO - [2024-10-01T00:08:39.733+0000] {dag.py:3036} INFO - Sync 1 DAGs
[2024-10-01T00:08:39.778+0000] {logging_mixin.py:188} INFO - [2024-10-01T00:08:39.778+0000] {dag.py:3823} INFO - Setting next_dagrun for example_branch_labels to 2024-09-30 00:00:00+00:00, run_after=2024-10-01 00:00:00+00:00
[2024-10-01T00:08:39.811+0000] {processor.py:183} INFO - Processing /home/airflow/.local/lib/python3.8/site-packages/airflow/example_dags/example_branch_labels.py took 0.145 seconds
[2024-10-01T00:09:11.538+0000] {processor.py:161} INFO - Started process (PID=1913) to work on /home/airflow/.local/lib/python3.8/site-packages/airflow/example_dags/example_branch_labels.py
[2024-10-01T00:09:11.550+0000] {processor.py:830} INFO - Processing file /home/airflow/.local/lib/python3.8/site-packages/airflow/example_dags/example_branch_labels.py for tasks to queue
[2024-10-01T00:09:11.573+0000] {logging_mixin.py:188} INFO - [2024-10-01T00:09:11.569+0000] {dagbag.py:538} INFO - Filling up the DagBag from /home/airflow/.local/lib/python3.8/site-packages/airflow/example_dags/example_branch_labels.py
[2024-10-01T00:09:11.651+0000] {processor.py:840} INFO - DAG(s) 'example_branch_labels' retrieved from /home/airflow/.local/lib/python3.8/site-packages/airflow/example_dags/example_branch_labels.py
[2024-10-01T00:09:11.823+0000] {logging_mixin.py:188} INFO - [2024-10-01T00:09:11.821+0000] {dag.py:3036} INFO - Sync 1 DAGs
[2024-10-01T00:09:12.031+0000] {logging_mixin.py:188} INFO - [2024-10-01T00:09:12.029+0000] {dag.py:3823} INFO - Setting next_dagrun for example_branch_labels to 2024-09-30 00:00:00+00:00, run_after=2024-10-01 00:00:00+00:00
[2024-10-01T00:09:12.144+0000] {processor.py:183} INFO - Processing /home/airflow/.local/lib/python3.8/site-packages/airflow/example_dags/example_branch_labels.py took 0.641 seconds
[2024-10-01T00:09:43.027+0000] {processor.py:161} INFO - Started process (PID=1978) to work on /home/airflow/.local/lib/python3.8/site-packages/airflow/example_dags/example_branch_labels.py
[2024-10-01T00:09:43.037+0000] {processor.py:830} INFO - Processing file /home/airflow/.local/lib/python3.8/site-packages/airflow/example_dags/example_branch_labels.py for tasks to queue
[2024-10-01T00:09:43.056+0000] {logging_mixin.py:188} INFO - [2024-10-01T00:09:43.053+0000] {dagbag.py:538} INFO - Filling up the DagBag from /home/airflow/.local/lib/python3.8/site-packages/airflow/example_dags/example_branch_labels.py
[2024-10-01T00:09:43.142+0000] {processor.py:840} INFO - DAG(s) 'example_branch_labels' retrieved from /home/airflow/.local/lib/python3.8/site-packages/airflow/example_dags/example_branch_labels.py
[2024-10-01T00:09:43.377+0000] {logging_mixin.py:188} INFO - [2024-10-01T00:09:43.375+0000] {dag.py:3036} INFO - Sync 1 DAGs
[2024-10-01T00:09:43.741+0000] {logging_mixin.py:188} INFO - [2024-10-01T00:09:43.738+0000] {dag.py:3823} INFO - Setting next_dagrun for example_branch_labels to 2024-09-30 00:00:00+00:00, run_after=2024-10-01 00:00:00+00:00
[2024-10-01T00:09:43.983+0000] {processor.py:183} INFO - Processing /home/airflow/.local/lib/python3.8/site-packages/airflow/example_dags/example_branch_labels.py took 0.999 seconds
[2024-10-01T00:10:24.548+0000] {processor.py:161} INFO - Started process (PID=2043) to work on /home/airflow/.local/lib/python3.8/site-packages/airflow/example_dags/example_branch_labels.py
[2024-10-01T00:10:24.589+0000] {processor.py:830} INFO - Processing file /home/airflow/.local/lib/python3.8/site-packages/airflow/example_dags/example_branch_labels.py for tasks to queue
[2024-10-01T00:10:24.619+0000] {logging_mixin.py:188} INFO - [2024-10-01T00:10:24.615+0000] {dagbag.py:538} INFO - Filling up the DagBag from /home/airflow/.local/lib/python3.8/site-packages/airflow/example_dags/example_branch_labels.py
[2024-10-01T00:10:24.746+0000] {processor.py:840} INFO - DAG(s) 'example_branch_labels' retrieved from /home/airflow/.local/lib/python3.8/site-packages/airflow/example_dags/example_branch_labels.py
[2024-10-01T00:10:25.095+0000] {logging_mixin.py:188} INFO - [2024-10-01T00:10:25.093+0000] {dag.py:3036} INFO - Sync 1 DAGs
[2024-10-01T00:10:25.587+0000] {logging_mixin.py:188} INFO - [2024-10-01T00:10:25.583+0000] {dag.py:3823} INFO - Setting next_dagrun for example_branch_labels to 2024-09-30 00:00:00+00:00, run_after=2024-10-01 00:00:00+00:00
[2024-10-01T00:10:25.908+0000] {processor.py:183} INFO - Processing /home/airflow/.local/lib/python3.8/site-packages/airflow/example_dags/example_branch_labels.py took 1.442 seconds
[2024-10-01T00:11:15.449+0000] {processor.py:161} INFO - Started process (PID=2110) to work on /home/airflow/.local/lib/python3.8/site-packages/airflow/example_dags/example_branch_labels.py
[2024-10-01T00:11:15.461+0000] {processor.py:830} INFO - Processing file /home/airflow/.local/lib/python3.8/site-packages/airflow/example_dags/example_branch_labels.py for tasks to queue
[2024-10-01T00:11:15.489+0000] {logging_mixin.py:188} INFO - [2024-10-01T00:11:15.486+0000] {dagbag.py:538} INFO - Filling up the DagBag from /home/airflow/.local/lib/python3.8/site-packages/airflow/example_dags/example_branch_labels.py
[2024-10-01T00:11:15.631+0000] {processor.py:840} INFO - DAG(s) 'example_branch_labels' retrieved from /home/airflow/.local/lib/python3.8/site-packages/airflow/example_dags/example_branch_labels.py
[2024-10-01T00:11:15.849+0000] {logging_mixin.py:188} INFO - [2024-10-01T00:11:15.847+0000] {dag.py:3036} INFO - Sync 1 DAGs
[2024-10-01T00:11:16.064+0000] {logging_mixin.py:188} INFO - [2024-10-01T00:11:16.063+0000] {dag.py:3823} INFO - Setting next_dagrun for example_branch_labels to 2024-09-30 00:00:00+00:00, run_after=2024-10-01 00:00:00+00:00
[2024-10-01T00:11:16.226+0000] {processor.py:183} INFO - Processing /home/airflow/.local/lib/python3.8/site-packages/airflow/example_dags/example_branch_labels.py took 0.816 seconds
[2024-10-01T00:11:47.143+0000] {processor.py:161} INFO - Started process (PID=2175) to work on /home/airflow/.local/lib/python3.8/site-packages/airflow/example_dags/example_branch_labels.py
[2024-10-01T00:11:47.153+0000] {processor.py:830} INFO - Processing file /home/airflow/.local/lib/python3.8/site-packages/airflow/example_dags/example_branch_labels.py for tasks to queue
[2024-10-01T00:11:47.169+0000] {logging_mixin.py:188} INFO - [2024-10-01T00:11:47.166+0000] {dagbag.py:538} INFO - Filling up the DagBag from /home/airflow/.local/lib/python3.8/site-packages/airflow/example_dags/example_branch_labels.py
[2024-10-01T00:11:47.251+0000] {processor.py:840} INFO - DAG(s) 'example_branch_labels' retrieved from /home/airflow/.local/lib/python3.8/site-packages/airflow/example_dags/example_branch_labels.py
[2024-10-01T00:11:47.570+0000] {logging_mixin.py:188} INFO - [2024-10-01T00:11:47.567+0000] {dag.py:3036} INFO - Sync 1 DAGs
[2024-10-01T00:11:47.986+0000] {logging_mixin.py:188} INFO - [2024-10-01T00:11:47.984+0000] {dag.py:3823} INFO - Setting next_dagrun for example_branch_labels to 2024-09-30 00:00:00+00:00, run_after=2024-10-01 00:00:00+00:00
[2024-10-01T00:11:48.197+0000] {processor.py:183} INFO - Processing /home/airflow/.local/lib/python3.8/site-packages/airflow/example_dags/example_branch_labels.py took 1.095 seconds
[2024-10-01T00:12:19.373+0000] {processor.py:161} INFO - Started process (PID=2234) to work on /home/airflow/.local/lib/python3.8/site-packages/airflow/example_dags/example_branch_labels.py
[2024-10-01T00:12:19.380+0000] {processor.py:830} INFO - Processing file /home/airflow/.local/lib/python3.8/site-packages/airflow/example_dags/example_branch_labels.py for tasks to queue
[2024-10-01T00:12:19.391+0000] {logging_mixin.py:188} INFO - [2024-10-01T00:12:19.389+0000] {dagbag.py:538} INFO - Filling up the DagBag from /home/airflow/.local/lib/python3.8/site-packages/airflow/example_dags/example_branch_labels.py
[2024-10-01T00:12:19.453+0000] {processor.py:840} INFO - DAG(s) 'example_branch_labels' retrieved from /home/airflow/.local/lib/python3.8/site-packages/airflow/example_dags/example_branch_labels.py
[2024-10-01T00:12:19.590+0000] {logging_mixin.py:188} INFO - [2024-10-01T00:12:19.588+0000] {dag.py:3036} INFO - Sync 1 DAGs
[2024-10-01T00:12:19.724+0000] {logging_mixin.py:188} INFO - [2024-10-01T00:12:19.723+0000] {dag.py:3823} INFO - Setting next_dagrun for example_branch_labels to 2024-09-30 00:00:00+00:00, run_after=2024-10-01 00:00:00+00:00
[2024-10-01T00:12:19.816+0000] {processor.py:183} INFO - Processing /home/airflow/.local/lib/python3.8/site-packages/airflow/example_dags/example_branch_labels.py took 0.464 seconds
[2024-10-01T00:12:50.292+0000] {processor.py:161} INFO - Started process (PID=2300) to work on /home/airflow/.local/lib/python3.8/site-packages/airflow/example_dags/example_branch_labels.py
[2024-10-01T00:12:50.299+0000] {processor.py:830} INFO - Processing file /home/airflow/.local/lib/python3.8/site-packages/airflow/example_dags/example_branch_labels.py for tasks to queue
[2024-10-01T00:12:50.308+0000] {logging_mixin.py:188} INFO - [2024-10-01T00:12:50.306+0000] {dagbag.py:538} INFO - Filling up the DagBag from /home/airflow/.local/lib/python3.8/site-packages/airflow/example_dags/example_branch_labels.py
[2024-10-01T00:12:50.355+0000] {processor.py:840} INFO - DAG(s) 'example_branch_labels' retrieved from /home/airflow/.local/lib/python3.8/site-packages/airflow/example_dags/example_branch_labels.py
[2024-10-01T00:12:50.465+0000] {logging_mixin.py:188} INFO - [2024-10-01T00:12:50.464+0000] {dag.py:3036} INFO - Sync 1 DAGs
[2024-10-01T00:12:50.586+0000] {logging_mixin.py:188} INFO - [2024-10-01T00:12:50.584+0000] {dag.py:3823} INFO - Setting next_dagrun for example_branch_labels to 2024-09-30 00:00:00+00:00, run_after=2024-10-01 00:00:00+00:00
[2024-10-01T00:12:50.671+0000] {processor.py:183} INFO - Processing /home/airflow/.local/lib/python3.8/site-packages/airflow/example_dags/example_branch_labels.py took 0.396 seconds
[2024-10-01T00:13:21.047+0000] {processor.py:161} INFO - Started process (PID=2365) to work on /home/airflow/.local/lib/python3.8/site-packages/airflow/example_dags/example_branch_labels.py
[2024-10-01T00:13:21.051+0000] {processor.py:830} INFO - Processing file /home/airflow/.local/lib/python3.8/site-packages/airflow/example_dags/example_branch_labels.py for tasks to queue
[2024-10-01T00:13:21.055+0000] {logging_mixin.py:188} INFO - [2024-10-01T00:13:21.055+0000] {dagbag.py:538} INFO - Filling up the DagBag from /home/airflow/.local/lib/python3.8/site-packages/airflow/example_dags/example_branch_labels.py
[2024-10-01T00:13:21.081+0000] {processor.py:840} INFO - DAG(s) 'example_branch_labels' retrieved from /home/airflow/.local/lib/python3.8/site-packages/airflow/example_dags/example_branch_labels.py
[2024-10-01T00:13:21.137+0000] {logging_mixin.py:188} INFO - [2024-10-01T00:13:21.136+0000] {dag.py:3036} INFO - Sync 1 DAGs
[2024-10-01T00:13:21.203+0000] {logging_mixin.py:188} INFO - [2024-10-01T00:13:21.202+0000] {dag.py:3823} INFO - Setting next_dagrun for example_branch_labels to 2024-09-30 00:00:00+00:00, run_after=2024-10-01 00:00:00+00:00
[2024-10-01T00:13:21.544+0000] {processor.py:183} INFO - Processing /home/airflow/.local/lib/python3.8/site-packages/airflow/example_dags/example_branch_labels.py took 0.506 seconds
[2024-10-01T00:13:52.125+0000] {processor.py:161} INFO - Started process (PID=2422) to work on /home/airflow/.local/lib/python3.8/site-packages/airflow/example_dags/example_branch_labels.py
[2024-10-01T00:13:52.127+0000] {processor.py:830} INFO - Processing file /home/airflow/.local/lib/python3.8/site-packages/airflow/example_dags/example_branch_labels.py for tasks to queue
[2024-10-01T00:13:52.131+0000] {logging_mixin.py:188} INFO - [2024-10-01T00:13:52.130+0000] {dagbag.py:538} INFO - Filling up the DagBag from /home/airflow/.local/lib/python3.8/site-packages/airflow/example_dags/example_branch_labels.py
[2024-10-01T00:13:52.145+0000] {processor.py:840} INFO - DAG(s) 'example_branch_labels' retrieved from /home/airflow/.local/lib/python3.8/site-packages/airflow/example_dags/example_branch_labels.py
[2024-10-01T00:13:52.197+0000] {logging_mixin.py:188} INFO - [2024-10-01T00:13:52.196+0000] {dag.py:3036} INFO - Sync 1 DAGs
[2024-10-01T00:13:52.249+0000] {logging_mixin.py:188} INFO - [2024-10-01T00:13:52.249+0000] {dag.py:3823} INFO - Setting next_dagrun for example_branch_labels to 2024-09-30 00:00:00+00:00, run_after=2024-10-01 00:00:00+00:00
[2024-10-01T00:13:52.289+0000] {processor.py:183} INFO - Processing /home/airflow/.local/lib/python3.8/site-packages/airflow/example_dags/example_branch_labels.py took 0.172 seconds
[2024-10-01T00:14:22.425+0000] {processor.py:161} INFO - Started process (PID=2496) to work on /home/airflow/.local/lib/python3.8/site-packages/airflow/example_dags/example_branch_labels.py
[2024-10-01T00:14:22.430+0000] {processor.py:830} INFO - Processing file /home/airflow/.local/lib/python3.8/site-packages/airflow/example_dags/example_branch_labels.py for tasks to queue
[2024-10-01T00:14:22.433+0000] {logging_mixin.py:188} INFO - [2024-10-01T00:14:22.432+0000] {dagbag.py:538} INFO - Filling up the DagBag from /home/airflow/.local/lib/python3.8/site-packages/airflow/example_dags/example_branch_labels.py
[2024-10-01T00:14:22.445+0000] {processor.py:840} INFO - DAG(s) 'example_branch_labels' retrieved from /home/airflow/.local/lib/python3.8/site-packages/airflow/example_dags/example_branch_labels.py
[2024-10-01T00:14:22.481+0000] {logging_mixin.py:188} INFO - [2024-10-01T00:14:22.480+0000] {dag.py:3036} INFO - Sync 1 DAGs
[2024-10-01T00:14:22.519+0000] {logging_mixin.py:188} INFO - [2024-10-01T00:14:22.519+0000] {dag.py:3823} INFO - Setting next_dagrun for example_branch_labels to 2024-09-30 00:00:00+00:00, run_after=2024-10-01 00:00:00+00:00
[2024-10-01T00:14:22.548+0000] {processor.py:183} INFO - Processing /home/airflow/.local/lib/python3.8/site-packages/airflow/example_dags/example_branch_labels.py took 0.129 seconds
[2024-10-01T00:14:53.170+0000] {processor.py:161} INFO - Started process (PID=2563) to work on /home/airflow/.local/lib/python3.8/site-packages/airflow/example_dags/example_branch_labels.py
[2024-10-01T00:14:53.172+0000] {processor.py:830} INFO - Processing file /home/airflow/.local/lib/python3.8/site-packages/airflow/example_dags/example_branch_labels.py for tasks to queue
[2024-10-01T00:14:53.175+0000] {logging_mixin.py:188} INFO - [2024-10-01T00:14:53.175+0000] {dagbag.py:538} INFO - Filling up the DagBag from /home/airflow/.local/lib/python3.8/site-packages/airflow/example_dags/example_branch_labels.py
[2024-10-01T00:14:53.190+0000] {processor.py:840} INFO - DAG(s) 'example_branch_labels' retrieved from /home/airflow/.local/lib/python3.8/site-packages/airflow/example_dags/example_branch_labels.py
[2024-10-01T00:14:53.234+0000] {logging_mixin.py:188} INFO - [2024-10-01T00:14:53.233+0000] {dag.py:3036} INFO - Sync 1 DAGs
[2024-10-01T00:14:53.491+0000] {logging_mixin.py:188} INFO - [2024-10-01T00:14:53.490+0000] {dag.py:3823} INFO - Setting next_dagrun for example_branch_labels to 2024-09-30 00:00:00+00:00, run_after=2024-10-01 00:00:00+00:00
[2024-10-01T00:14:53.559+0000] {processor.py:183} INFO - Processing /home/airflow/.local/lib/python3.8/site-packages/airflow/example_dags/example_branch_labels.py took 0.395 seconds
[2024-10-01T00:15:24.394+0000] {processor.py:161} INFO - Started process (PID=2629) to work on /home/airflow/.local/lib/python3.8/site-packages/airflow/example_dags/example_branch_labels.py
[2024-10-01T00:15:24.398+0000] {processor.py:830} INFO - Processing file /home/airflow/.local/lib/python3.8/site-packages/airflow/example_dags/example_branch_labels.py for tasks to queue
[2024-10-01T00:15:24.401+0000] {logging_mixin.py:188} INFO - [2024-10-01T00:15:24.401+0000] {dagbag.py:538} INFO - Filling up the DagBag from /home/airflow/.local/lib/python3.8/site-packages/airflow/example_dags/example_branch_labels.py
[2024-10-01T00:15:24.412+0000] {processor.py:840} INFO - DAG(s) 'example_branch_labels' retrieved from /home/airflow/.local/lib/python3.8/site-packages/airflow/example_dags/example_branch_labels.py
[2024-10-01T00:15:24.443+0000] {logging_mixin.py:188} INFO - [2024-10-01T00:15:24.443+0000] {dag.py:3036} INFO - Sync 1 DAGs
[2024-10-01T00:15:24.475+0000] {logging_mixin.py:188} INFO - [2024-10-01T00:15:24.475+0000] {dag.py:3823} INFO - Setting next_dagrun for example_branch_labels to 2024-09-30 00:00:00+00:00, run_after=2024-10-01 00:00:00+00:00
[2024-10-01T00:15:24.501+0000] {processor.py:183} INFO - Processing /home/airflow/.local/lib/python3.8/site-packages/airflow/example_dags/example_branch_labels.py took 0.113 seconds
[2024-10-01T00:15:54.741+0000] {processor.py:161} INFO - Started process (PID=2694) to work on /home/airflow/.local/lib/python3.8/site-packages/airflow/example_dags/example_branch_labels.py
[2024-10-01T00:15:54.750+0000] {processor.py:830} INFO - Processing file /home/airflow/.local/lib/python3.8/site-packages/airflow/example_dags/example_branch_labels.py for tasks to queue
[2024-10-01T00:15:54.767+0000] {logging_mixin.py:188} INFO - [2024-10-01T00:15:54.764+0000] {dagbag.py:538} INFO - Filling up the DagBag from /home/airflow/.local/lib/python3.8/site-packages/airflow/example_dags/example_branch_labels.py
[2024-10-01T00:15:54.846+0000] {processor.py:840} INFO - DAG(s) 'example_branch_labels' retrieved from /home/airflow/.local/lib/python3.8/site-packages/airflow/example_dags/example_branch_labels.py
[2024-10-01T00:15:55.061+0000] {logging_mixin.py:188} INFO - [2024-10-01T00:15:55.060+0000] {dag.py:3036} INFO - Sync 1 DAGs
[2024-10-01T00:15:55.286+0000] {logging_mixin.py:188} INFO - [2024-10-01T00:15:55.283+0000] {dag.py:3823} INFO - Setting next_dagrun for example_branch_labels to 2024-09-30 00:00:00+00:00, run_after=2024-10-01 00:00:00+00:00
[2024-10-01T00:15:55.438+0000] {processor.py:183} INFO - Processing /home/airflow/.local/lib/python3.8/site-packages/airflow/example_dags/example_branch_labels.py took 0.732 seconds
[2024-10-01T00:16:38.331+0000] {processor.py:161} INFO - Started process (PID=2758) to work on /home/airflow/.local/lib/python3.8/site-packages/airflow/example_dags/example_branch_labels.py
[2024-10-01T00:16:38.333+0000] {processor.py:830} INFO - Processing file /home/airflow/.local/lib/python3.8/site-packages/airflow/example_dags/example_branch_labels.py for tasks to queue
[2024-10-01T00:16:38.336+0000] {logging_mixin.py:188} INFO - [2024-10-01T00:16:38.336+0000] {dagbag.py:538} INFO - Filling up the DagBag from /home/airflow/.local/lib/python3.8/site-packages/airflow/example_dags/example_branch_labels.py
[2024-10-01T00:16:38.550+0000] {processor.py:840} INFO - DAG(s) 'example_branch_labels' retrieved from /home/airflow/.local/lib/python3.8/site-packages/airflow/example_dags/example_branch_labels.py
[2024-10-01T00:16:38.580+0000] {logging_mixin.py:188} INFO - [2024-10-01T00:16:38.579+0000] {dag.py:3036} INFO - Sync 1 DAGs
[2024-10-01T00:16:38.624+0000] {logging_mixin.py:188} INFO - [2024-10-01T00:16:38.624+0000] {dag.py:3823} INFO - Setting next_dagrun for example_branch_labels to 2024-09-30 00:00:00+00:00, run_after=2024-10-01 00:00:00+00:00
[2024-10-01T00:16:38.662+0000] {processor.py:183} INFO - Processing /home/airflow/.local/lib/python3.8/site-packages/airflow/example_dags/example_branch_labels.py took 0.337 seconds
[2024-10-01T00:17:09.108+0000] {processor.py:161} INFO - Started process (PID=2824) to work on /home/airflow/.local/lib/python3.8/site-packages/airflow/example_dags/example_branch_labels.py
[2024-10-01T00:17:09.111+0000] {processor.py:830} INFO - Processing file /home/airflow/.local/lib/python3.8/site-packages/airflow/example_dags/example_branch_labels.py for tasks to queue
[2024-10-01T00:17:09.114+0000] {logging_mixin.py:188} INFO - [2024-10-01T00:17:09.113+0000] {dagbag.py:538} INFO - Filling up the DagBag from /home/airflow/.local/lib/python3.8/site-packages/airflow/example_dags/example_branch_labels.py
[2024-10-01T00:17:09.128+0000] {processor.py:840} INFO - DAG(s) 'example_branch_labels' retrieved from /home/airflow/.local/lib/python3.8/site-packages/airflow/example_dags/example_branch_labels.py
[2024-10-01T00:17:09.172+0000] {logging_mixin.py:188} INFO - [2024-10-01T00:17:09.171+0000] {dag.py:3036} INFO - Sync 1 DAGs
[2024-10-01T00:17:09.228+0000] {logging_mixin.py:188} INFO - [2024-10-01T00:17:09.228+0000] {dag.py:3823} INFO - Setting next_dagrun for example_branch_labels to 2024-09-30 00:00:00+00:00, run_after=2024-10-01 00:00:00+00:00
[2024-10-01T00:17:09.266+0000] {processor.py:183} INFO - Processing /home/airflow/.local/lib/python3.8/site-packages/airflow/example_dags/example_branch_labels.py took 0.166 seconds
[2024-10-01T00:17:39.605+0000] {processor.py:161} INFO - Started process (PID=2890) to work on /home/airflow/.local/lib/python3.8/site-packages/airflow/example_dags/example_branch_labels.py
[2024-10-01T00:17:39.608+0000] {processor.py:830} INFO - Processing file /home/airflow/.local/lib/python3.8/site-packages/airflow/example_dags/example_branch_labels.py for tasks to queue
[2024-10-01T00:17:39.612+0000] {logging_mixin.py:188} INFO - [2024-10-01T00:17:39.611+0000] {dagbag.py:538} INFO - Filling up the DagBag from /home/airflow/.local/lib/python3.8/site-packages/airflow/example_dags/example_branch_labels.py
[2024-10-01T00:17:39.629+0000] {processor.py:840} INFO - DAG(s) 'example_branch_labels' retrieved from /home/airflow/.local/lib/python3.8/site-packages/airflow/example_dags/example_branch_labels.py
[2024-10-01T00:17:39.673+0000] {logging_mixin.py:188} INFO - [2024-10-01T00:17:39.672+0000] {dag.py:3036} INFO - Sync 1 DAGs
[2024-10-01T00:17:39.719+0000] {logging_mixin.py:188} INFO - [2024-10-01T00:17:39.718+0000] {dag.py:3823} INFO - Setting next_dagrun for example_branch_labels to 2024-09-30 00:00:00+00:00, run_after=2024-10-01 00:00:00+00:00
[2024-10-01T00:17:39.751+0000] {processor.py:183} INFO - Processing /home/airflow/.local/lib/python3.8/site-packages/airflow/example_dags/example_branch_labels.py took 0.155 seconds
[2024-10-01T00:18:09.872+0000] {processor.py:161} INFO - Started process (PID=2956) to work on /home/airflow/.local/lib/python3.8/site-packages/airflow/example_dags/example_branch_labels.py
[2024-10-01T00:18:09.874+0000] {processor.py:830} INFO - Processing file /home/airflow/.local/lib/python3.8/site-packages/airflow/example_dags/example_branch_labels.py for tasks to queue
[2024-10-01T00:18:09.876+0000] {logging_mixin.py:188} INFO - [2024-10-01T00:18:09.875+0000] {dagbag.py:538} INFO - Filling up the DagBag from /home/airflow/.local/lib/python3.8/site-packages/airflow/example_dags/example_branch_labels.py
[2024-10-01T00:18:09.885+0000] {processor.py:840} INFO - DAG(s) 'example_branch_labels' retrieved from /home/airflow/.local/lib/python3.8/site-packages/airflow/example_dags/example_branch_labels.py
[2024-10-01T00:18:09.911+0000] {logging_mixin.py:188} INFO - [2024-10-01T00:18:09.911+0000] {dag.py:3036} INFO - Sync 1 DAGs
[2024-10-01T00:18:09.944+0000] {logging_mixin.py:188} INFO - [2024-10-01T00:18:09.944+0000] {dag.py:3823} INFO - Setting next_dagrun for example_branch_labels to 2024-09-30 00:00:00+00:00, run_after=2024-10-01 00:00:00+00:00
[2024-10-01T00:18:09.973+0000] {processor.py:183} INFO - Processing /home/airflow/.local/lib/python3.8/site-packages/airflow/example_dags/example_branch_labels.py took 0.105 seconds
[2024-10-01T00:18:40.077+0000] {processor.py:161} INFO - Started process (PID=3022) to work on /home/airflow/.local/lib/python3.8/site-packages/airflow/example_dags/example_branch_labels.py
[2024-10-01T00:18:40.079+0000] {processor.py:830} INFO - Processing file /home/airflow/.local/lib/python3.8/site-packages/airflow/example_dags/example_branch_labels.py for tasks to queue
[2024-10-01T00:18:40.081+0000] {logging_mixin.py:188} INFO - [2024-10-01T00:18:40.080+0000] {dagbag.py:538} INFO - Filling up the DagBag from /home/airflow/.local/lib/python3.8/site-packages/airflow/example_dags/example_branch_labels.py
[2024-10-01T00:18:40.091+0000] {processor.py:840} INFO - DAG(s) 'example_branch_labels' retrieved from /home/airflow/.local/lib/python3.8/site-packages/airflow/example_dags/example_branch_labels.py
[2024-10-01T00:18:40.120+0000] {logging_mixin.py:188} INFO - [2024-10-01T00:18:40.120+0000] {dag.py:3036} INFO - Sync 1 DAGs
[2024-10-01T00:18:40.154+0000] {logging_mixin.py:188} INFO - [2024-10-01T00:18:40.153+0000] {dag.py:3823} INFO - Setting next_dagrun for example_branch_labels to 2024-09-30 00:00:00+00:00, run_after=2024-10-01 00:00:00+00:00
[2024-10-01T00:18:40.180+0000] {processor.py:183} INFO - Processing /home/airflow/.local/lib/python3.8/site-packages/airflow/example_dags/example_branch_labels.py took 0.106 seconds
[2024-10-01T00:19:10.532+0000] {processor.py:161} INFO - Started process (PID=3097) to work on /home/airflow/.local/lib/python3.8/site-packages/airflow/example_dags/example_branch_labels.py
[2024-10-01T00:19:10.534+0000] {processor.py:830} INFO - Processing file /home/airflow/.local/lib/python3.8/site-packages/airflow/example_dags/example_branch_labels.py for tasks to queue
[2024-10-01T00:19:10.538+0000] {logging_mixin.py:188} INFO - [2024-10-01T00:19:10.537+0000] {dagbag.py:538} INFO - Filling up the DagBag from /home/airflow/.local/lib/python3.8/site-packages/airflow/example_dags/example_branch_labels.py
[2024-10-01T00:19:10.553+0000] {processor.py:840} INFO - DAG(s) 'example_branch_labels' retrieved from /home/airflow/.local/lib/python3.8/site-packages/airflow/example_dags/example_branch_labels.py
[2024-10-01T00:19:10.604+0000] {logging_mixin.py:188} INFO - [2024-10-01T00:19:10.604+0000] {dag.py:3036} INFO - Sync 1 DAGs
[2024-10-01T00:19:10.667+0000] {logging_mixin.py:188} INFO - [2024-10-01T00:19:10.667+0000] {dag.py:3823} INFO - Setting next_dagrun for example_branch_labels to 2024-09-30 00:00:00+00:00, run_after=2024-10-01 00:00:00+00:00
[2024-10-01T00:19:10.713+0000] {processor.py:183} INFO - Processing /home/airflow/.local/lib/python3.8/site-packages/airflow/example_dags/example_branch_labels.py took 0.189 seconds
[2024-10-01T00:19:41.080+0000] {processor.py:161} INFO - Started process (PID=3164) to work on /home/airflow/.local/lib/python3.8/site-packages/airflow/example_dags/example_branch_labels.py
[2024-10-01T00:19:41.084+0000] {processor.py:830} INFO - Processing file /home/airflow/.local/lib/python3.8/site-packages/airflow/example_dags/example_branch_labels.py for tasks to queue
[2024-10-01T00:19:41.091+0000] {logging_mixin.py:188} INFO - [2024-10-01T00:19:41.091+0000] {dagbag.py:538} INFO - Filling up the DagBag from /home/airflow/.local/lib/python3.8/site-packages/airflow/example_dags/example_branch_labels.py
[2024-10-01T00:19:41.117+0000] {processor.py:840} INFO - DAG(s) 'example_branch_labels' retrieved from /home/airflow/.local/lib/python3.8/site-packages/airflow/example_dags/example_branch_labels.py
[2024-10-01T00:19:41.184+0000] {logging_mixin.py:188} INFO - [2024-10-01T00:19:41.183+0000] {dag.py:3036} INFO - Sync 1 DAGs
[2024-10-01T00:19:41.257+0000] {logging_mixin.py:188} INFO - [2024-10-01T00:19:41.257+0000] {dag.py:3823} INFO - Setting next_dagrun for example_branch_labels to 2024-09-30 00:00:00+00:00, run_after=2024-10-01 00:00:00+00:00
[2024-10-01T00:19:41.305+0000] {processor.py:183} INFO - Processing /home/airflow/.local/lib/python3.8/site-packages/airflow/example_dags/example_branch_labels.py took 0.238 seconds
[2024-10-01T00:20:11.761+0000] {processor.py:161} INFO - Started process (PID=3230) to work on /home/airflow/.local/lib/python3.8/site-packages/airflow/example_dags/example_branch_labels.py
[2024-10-01T00:20:11.764+0000] {processor.py:830} INFO - Processing file /home/airflow/.local/lib/python3.8/site-packages/airflow/example_dags/example_branch_labels.py for tasks to queue
[2024-10-01T00:20:11.767+0000] {logging_mixin.py:188} INFO - [2024-10-01T00:20:11.767+0000] {dagbag.py:538} INFO - Filling up the DagBag from /home/airflow/.local/lib/python3.8/site-packages/airflow/example_dags/example_branch_labels.py
[2024-10-01T00:20:11.783+0000] {processor.py:840} INFO - DAG(s) 'example_branch_labels' retrieved from /home/airflow/.local/lib/python3.8/site-packages/airflow/example_dags/example_branch_labels.py
[2024-10-01T00:20:11.835+0000] {logging_mixin.py:188} INFO - [2024-10-01T00:20:11.835+0000] {dag.py:3036} INFO - Sync 1 DAGs
[2024-10-01T00:20:11.910+0000] {logging_mixin.py:188} INFO - [2024-10-01T00:20:11.909+0000] {dag.py:3823} INFO - Setting next_dagrun for example_branch_labels to 2024-09-30 00:00:00+00:00, run_after=2024-10-01 00:00:00+00:00
[2024-10-01T00:20:11.956+0000] {processor.py:183} INFO - Processing /home/airflow/.local/lib/python3.8/site-packages/airflow/example_dags/example_branch_labels.py took 0.202 seconds
[2024-10-01T00:20:42.210+0000] {processor.py:161} INFO - Started process (PID=3296) to work on /home/airflow/.local/lib/python3.8/site-packages/airflow/example_dags/example_branch_labels.py
[2024-10-01T00:20:42.212+0000] {processor.py:830} INFO - Processing file /home/airflow/.local/lib/python3.8/site-packages/airflow/example_dags/example_branch_labels.py for tasks to queue
[2024-10-01T00:20:42.215+0000] {logging_mixin.py:188} INFO - [2024-10-01T00:20:42.214+0000] {dagbag.py:538} INFO - Filling up the DagBag from /home/airflow/.local/lib/python3.8/site-packages/airflow/example_dags/example_branch_labels.py
[2024-10-01T00:20:42.228+0000] {processor.py:840} INFO - DAG(s) 'example_branch_labels' retrieved from /home/airflow/.local/lib/python3.8/site-packages/airflow/example_dags/example_branch_labels.py
[2024-10-01T00:20:42.261+0000] {logging_mixin.py:188} INFO - [2024-10-01T00:20:42.261+0000] {dag.py:3036} INFO - Sync 1 DAGs
[2024-10-01T00:20:42.298+0000] {logging_mixin.py:188} INFO - [2024-10-01T00:20:42.298+0000] {dag.py:3823} INFO - Setting next_dagrun for example_branch_labels to 2024-09-30 00:00:00+00:00, run_after=2024-10-01 00:00:00+00:00
[2024-10-01T00:20:42.328+0000] {processor.py:183} INFO - Processing /home/airflow/.local/lib/python3.8/site-packages/airflow/example_dags/example_branch_labels.py took 0.123 seconds
[2024-10-01T00:21:12.995+0000] {processor.py:161} INFO - Started process (PID=3362) to work on /home/airflow/.local/lib/python3.8/site-packages/airflow/example_dags/example_branch_labels.py
[2024-10-01T00:21:12.997+0000] {processor.py:830} INFO - Processing file /home/airflow/.local/lib/python3.8/site-packages/airflow/example_dags/example_branch_labels.py for tasks to queue
[2024-10-01T00:21:13.001+0000] {logging_mixin.py:188} INFO - [2024-10-01T00:21:13.001+0000] {dagbag.py:538} INFO - Filling up the DagBag from /home/airflow/.local/lib/python3.8/site-packages/airflow/example_dags/example_branch_labels.py
[2024-10-01T00:21:13.022+0000] {processor.py:840} INFO - DAG(s) 'example_branch_labels' retrieved from /home/airflow/.local/lib/python3.8/site-packages/airflow/example_dags/example_branch_labels.py
[2024-10-01T00:21:13.061+0000] {logging_mixin.py:188} INFO - [2024-10-01T00:21:13.061+0000] {dag.py:3036} INFO - Sync 1 DAGs
[2024-10-01T00:21:13.098+0000] {logging_mixin.py:188} INFO - [2024-10-01T00:21:13.097+0000] {dag.py:3823} INFO - Setting next_dagrun for example_branch_labels to 2024-09-30 00:00:00+00:00, run_after=2024-10-01 00:00:00+00:00
[2024-10-01T00:21:13.125+0000] {processor.py:183} INFO - Processing /home/airflow/.local/lib/python3.8/site-packages/airflow/example_dags/example_branch_labels.py took 0.136 seconds
[2024-10-01T00:21:43.667+0000] {processor.py:161} INFO - Started process (PID=3428) to work on /home/airflow/.local/lib/python3.8/site-packages/airflow/example_dags/example_branch_labels.py
[2024-10-01T00:21:43.669+0000] {processor.py:830} INFO - Processing file /home/airflow/.local/lib/python3.8/site-packages/airflow/example_dags/example_branch_labels.py for tasks to queue
[2024-10-01T00:21:43.672+0000] {logging_mixin.py:188} INFO - [2024-10-01T00:21:43.672+0000] {dagbag.py:538} INFO - Filling up the DagBag from /home/airflow/.local/lib/python3.8/site-packages/airflow/example_dags/example_branch_labels.py
[2024-10-01T00:21:43.685+0000] {processor.py:840} INFO - DAG(s) 'example_branch_labels' retrieved from /home/airflow/.local/lib/python3.8/site-packages/airflow/example_dags/example_branch_labels.py
[2024-10-01T00:21:43.717+0000] {logging_mixin.py:188} INFO - [2024-10-01T00:21:43.716+0000] {dag.py:3036} INFO - Sync 1 DAGs
[2024-10-01T00:21:43.757+0000] {logging_mixin.py:188} INFO - [2024-10-01T00:21:43.757+0000] {dag.py:3823} INFO - Setting next_dagrun for example_branch_labels to 2024-09-30 00:00:00+00:00, run_after=2024-10-01 00:00:00+00:00
[2024-10-01T00:21:43.791+0000] {processor.py:183} INFO - Processing /home/airflow/.local/lib/python3.8/site-packages/airflow/example_dags/example_branch_labels.py took 0.129 seconds
[2024-10-01T00:22:14.291+0000] {processor.py:161} INFO - Started process (PID=3494) to work on /home/airflow/.local/lib/python3.8/site-packages/airflow/example_dags/example_branch_labels.py
[2024-10-01T00:22:14.293+0000] {processor.py:830} INFO - Processing file /home/airflow/.local/lib/python3.8/site-packages/airflow/example_dags/example_branch_labels.py for tasks to queue
[2024-10-01T00:22:14.296+0000] {logging_mixin.py:188} INFO - [2024-10-01T00:22:14.295+0000] {dagbag.py:538} INFO - Filling up the DagBag from /home/airflow/.local/lib/python3.8/site-packages/airflow/example_dags/example_branch_labels.py
[2024-10-01T00:22:14.312+0000] {processor.py:840} INFO - DAG(s) 'example_branch_labels' retrieved from /home/airflow/.local/lib/python3.8/site-packages/airflow/example_dags/example_branch_labels.py
[2024-10-01T00:22:14.351+0000] {logging_mixin.py:188} INFO - [2024-10-01T00:22:14.351+0000] {dag.py:3036} INFO - Sync 1 DAGs
[2024-10-01T00:22:14.392+0000] {logging_mixin.py:188} INFO - [2024-10-01T00:22:14.391+0000] {dag.py:3823} INFO - Setting next_dagrun for example_branch_labels to 2024-09-30 00:00:00+00:00, run_after=2024-10-01 00:00:00+00:00
[2024-10-01T00:22:14.420+0000] {processor.py:183} INFO - Processing /home/airflow/.local/lib/python3.8/site-packages/airflow/example_dags/example_branch_labels.py took 0.136 seconds
[2024-10-01T00:22:45.212+0000] {processor.py:161} INFO - Started process (PID=3561) to work on /home/airflow/.local/lib/python3.8/site-packages/airflow/example_dags/example_branch_labels.py
[2024-10-01T00:22:45.214+0000] {processor.py:830} INFO - Processing file /home/airflow/.local/lib/python3.8/site-packages/airflow/example_dags/example_branch_labels.py for tasks to queue
[2024-10-01T00:22:45.218+0000] {logging_mixin.py:188} INFO - [2024-10-01T00:22:45.218+0000] {dagbag.py:538} INFO - Filling up the DagBag from /home/airflow/.local/lib/python3.8/site-packages/airflow/example_dags/example_branch_labels.py
[2024-10-01T00:22:45.245+0000] {processor.py:840} INFO - DAG(s) 'example_branch_labels' retrieved from /home/airflow/.local/lib/python3.8/site-packages/airflow/example_dags/example_branch_labels.py
[2024-10-01T00:22:45.309+0000] {logging_mixin.py:188} INFO - [2024-10-01T00:22:45.308+0000] {dag.py:3036} INFO - Sync 1 DAGs
[2024-10-01T00:22:45.386+0000] {logging_mixin.py:188} INFO - [2024-10-01T00:22:45.386+0000] {dag.py:3823} INFO - Setting next_dagrun for example_branch_labels to 2024-09-30 00:00:00+00:00, run_after=2024-10-01 00:00:00+00:00
[2024-10-01T00:22:45.442+0000] {processor.py:183} INFO - Processing /home/airflow/.local/lib/python3.8/site-packages/airflow/example_dags/example_branch_labels.py took 0.239 seconds
[2024-10-01T00:23:15.776+0000] {processor.py:161} INFO - Started process (PID=3636) to work on /home/airflow/.local/lib/python3.8/site-packages/airflow/example_dags/example_branch_labels.py
[2024-10-01T00:23:15.778+0000] {processor.py:830} INFO - Processing file /home/airflow/.local/lib/python3.8/site-packages/airflow/example_dags/example_branch_labels.py for tasks to queue
[2024-10-01T00:23:15.782+0000] {logging_mixin.py:188} INFO - [2024-10-01T00:23:15.781+0000] {dagbag.py:538} INFO - Filling up the DagBag from /home/airflow/.local/lib/python3.8/site-packages/airflow/example_dags/example_branch_labels.py
[2024-10-01T00:23:15.801+0000] {processor.py:840} INFO - DAG(s) 'example_branch_labels' retrieved from /home/airflow/.local/lib/python3.8/site-packages/airflow/example_dags/example_branch_labels.py
[2024-10-01T00:23:15.851+0000] {logging_mixin.py:188} INFO - [2024-10-01T00:23:15.851+0000] {dag.py:3036} INFO - Sync 1 DAGs
[2024-10-01T00:23:15.928+0000] {logging_mixin.py:188} INFO - [2024-10-01T00:23:15.927+0000] {dag.py:3823} INFO - Setting next_dagrun for example_branch_labels to 2024-09-30 00:00:00+00:00, run_after=2024-10-01 00:00:00+00:00
[2024-10-01T00:23:15.985+0000] {processor.py:183} INFO - Processing /home/airflow/.local/lib/python3.8/site-packages/airflow/example_dags/example_branch_labels.py took 0.218 seconds
[2024-10-01T00:23:46.509+0000] {processor.py:161} INFO - Started process (PID=3702) to work on /home/airflow/.local/lib/python3.8/site-packages/airflow/example_dags/example_branch_labels.py
[2024-10-01T00:23:46.513+0000] {processor.py:830} INFO - Processing file /home/airflow/.local/lib/python3.8/site-packages/airflow/example_dags/example_branch_labels.py for tasks to queue
[2024-10-01T00:23:46.521+0000] {logging_mixin.py:188} INFO - [2024-10-01T00:23:46.519+0000] {dagbag.py:538} INFO - Filling up the DagBag from /home/airflow/.local/lib/python3.8/site-packages/airflow/example_dags/example_branch_labels.py
[2024-10-01T00:23:46.554+0000] {processor.py:840} INFO - DAG(s) 'example_branch_labels' retrieved from /home/airflow/.local/lib/python3.8/site-packages/airflow/example_dags/example_branch_labels.py
[2024-10-01T00:23:46.624+0000] {logging_mixin.py:188} INFO - [2024-10-01T00:23:46.623+0000] {dag.py:3036} INFO - Sync 1 DAGs
[2024-10-01T00:23:46.725+0000] {logging_mixin.py:188} INFO - [2024-10-01T00:23:46.723+0000] {dag.py:3823} INFO - Setting next_dagrun for example_branch_labels to 2024-09-30 00:00:00+00:00, run_after=2024-10-01 00:00:00+00:00
[2024-10-01T00:23:46.799+0000] {processor.py:183} INFO - Processing /home/airflow/.local/lib/python3.8/site-packages/airflow/example_dags/example_branch_labels.py took 0.302 seconds
[2024-10-01T00:24:17.330+0000] {processor.py:161} INFO - Started process (PID=3767) to work on /home/airflow/.local/lib/python3.8/site-packages/airflow/example_dags/example_branch_labels.py
[2024-10-01T00:24:17.334+0000] {processor.py:830} INFO - Processing file /home/airflow/.local/lib/python3.8/site-packages/airflow/example_dags/example_branch_labels.py for tasks to queue
[2024-10-01T00:24:17.339+0000] {logging_mixin.py:188} INFO - [2024-10-01T00:24:17.338+0000] {dagbag.py:538} INFO - Filling up the DagBag from /home/airflow/.local/lib/python3.8/site-packages/airflow/example_dags/example_branch_labels.py
[2024-10-01T00:24:17.376+0000] {processor.py:840} INFO - DAG(s) 'example_branch_labels' retrieved from /home/airflow/.local/lib/python3.8/site-packages/airflow/example_dags/example_branch_labels.py
[2024-10-01T00:24:17.452+0000] {logging_mixin.py:188} INFO - [2024-10-01T00:24:17.451+0000] {dag.py:3036} INFO - Sync 1 DAGs
[2024-10-01T00:24:17.549+0000] {logging_mixin.py:188} INFO - [2024-10-01T00:24:17.548+0000] {dag.py:3823} INFO - Setting next_dagrun for example_branch_labels to 2024-09-30 00:00:00+00:00, run_after=2024-10-01 00:00:00+00:00
[2024-10-01T00:24:17.608+0000] {processor.py:183} INFO - Processing /home/airflow/.local/lib/python3.8/site-packages/airflow/example_dags/example_branch_labels.py took 0.290 seconds
[2024-10-01T00:24:48.012+0000] {processor.py:161} INFO - Started process (PID=3826) to work on /home/airflow/.local/lib/python3.8/site-packages/airflow/example_dags/example_branch_labels.py
[2024-10-01T00:24:48.015+0000] {processor.py:830} INFO - Processing file /home/airflow/.local/lib/python3.8/site-packages/airflow/example_dags/example_branch_labels.py for tasks to queue
[2024-10-01T00:24:48.021+0000] {logging_mixin.py:188} INFO - [2024-10-01T00:24:48.020+0000] {dagbag.py:538} INFO - Filling up the DagBag from /home/airflow/.local/lib/python3.8/site-packages/airflow/example_dags/example_branch_labels.py
[2024-10-01T00:24:48.050+0000] {processor.py:840} INFO - DAG(s) 'example_branch_labels' retrieved from /home/airflow/.local/lib/python3.8/site-packages/airflow/example_dags/example_branch_labels.py
[2024-10-01T00:24:48.121+0000] {logging_mixin.py:188} INFO - [2024-10-01T00:24:48.120+0000] {dag.py:3036} INFO - Sync 1 DAGs
[2024-10-01T00:24:48.205+0000] {logging_mixin.py:188} INFO - [2024-10-01T00:24:48.204+0000] {dag.py:3823} INFO - Setting next_dagrun for example_branch_labels to 2024-09-30 00:00:00+00:00, run_after=2024-10-01 00:00:00+00:00
[2024-10-01T00:24:48.261+0000] {processor.py:183} INFO - Processing /home/airflow/.local/lib/python3.8/site-packages/airflow/example_dags/example_branch_labels.py took 0.261 seconds
[2024-10-01T00:25:18.745+0000] {processor.py:161} INFO - Started process (PID=3892) to work on /home/airflow/.local/lib/python3.8/site-packages/airflow/example_dags/example_branch_labels.py
[2024-10-01T00:25:18.749+0000] {processor.py:830} INFO - Processing file /home/airflow/.local/lib/python3.8/site-packages/airflow/example_dags/example_branch_labels.py for tasks to queue
[2024-10-01T00:25:18.757+0000] {logging_mixin.py:188} INFO - [2024-10-01T00:25:18.756+0000] {dagbag.py:538} INFO - Filling up the DagBag from /home/airflow/.local/lib/python3.8/site-packages/airflow/example_dags/example_branch_labels.py
[2024-10-01T00:25:18.797+0000] {processor.py:840} INFO - DAG(s) 'example_branch_labels' retrieved from /home/airflow/.local/lib/python3.8/site-packages/airflow/example_dags/example_branch_labels.py
[2024-10-01T00:25:18.878+0000] {logging_mixin.py:188} INFO - [2024-10-01T00:25:18.877+0000] {dag.py:3036} INFO - Sync 1 DAGs
[2024-10-01T00:25:18.965+0000] {logging_mixin.py:188} INFO - [2024-10-01T00:25:18.964+0000] {dag.py:3823} INFO - Setting next_dagrun for example_branch_labels to 2024-09-30 00:00:00+00:00, run_after=2024-10-01 00:00:00+00:00
[2024-10-01T00:25:19.043+0000] {processor.py:183} INFO - Processing /home/airflow/.local/lib/python3.8/site-packages/airflow/example_dags/example_branch_labels.py took 0.316 seconds
[2024-10-01T00:25:49.229+0000] {processor.py:161} INFO - Started process (PID=3958) to work on /home/airflow/.local/lib/python3.8/site-packages/airflow/example_dags/example_branch_labels.py
[2024-10-01T00:25:49.233+0000] {processor.py:830} INFO - Processing file /home/airflow/.local/lib/python3.8/site-packages/airflow/example_dags/example_branch_labels.py for tasks to queue
[2024-10-01T00:25:49.239+0000] {logging_mixin.py:188} INFO - [2024-10-01T00:25:49.238+0000] {dagbag.py:538} INFO - Filling up the DagBag from /home/airflow/.local/lib/python3.8/site-packages/airflow/example_dags/example_branch_labels.py
[2024-10-01T00:25:49.269+0000] {processor.py:840} INFO - DAG(s) 'example_branch_labels' retrieved from /home/airflow/.local/lib/python3.8/site-packages/airflow/example_dags/example_branch_labels.py
[2024-10-01T00:25:49.357+0000] {logging_mixin.py:188} INFO - [2024-10-01T00:25:49.356+0000] {dag.py:3036} INFO - Sync 1 DAGs
[2024-10-01T00:25:49.451+0000] {logging_mixin.py:188} INFO - [2024-10-01T00:25:49.451+0000] {dag.py:3823} INFO - Setting next_dagrun for example_branch_labels to 2024-09-30 00:00:00+00:00, run_after=2024-10-01 00:00:00+00:00
[2024-10-01T00:25:49.514+0000] {processor.py:183} INFO - Processing /home/airflow/.local/lib/python3.8/site-packages/airflow/example_dags/example_branch_labels.py took 0.301 seconds
[2024-10-01T00:26:20.117+0000] {processor.py:161} INFO - Started process (PID=4024) to work on /home/airflow/.local/lib/python3.8/site-packages/airflow/example_dags/example_branch_labels.py
[2024-10-01T00:26:20.120+0000] {processor.py:830} INFO - Processing file /home/airflow/.local/lib/python3.8/site-packages/airflow/example_dags/example_branch_labels.py for tasks to queue
[2024-10-01T00:26:20.126+0000] {logging_mixin.py:188} INFO - [2024-10-01T00:26:20.125+0000] {dagbag.py:538} INFO - Filling up the DagBag from /home/airflow/.local/lib/python3.8/site-packages/airflow/example_dags/example_branch_labels.py
[2024-10-01T00:26:20.154+0000] {processor.py:840} INFO - DAG(s) 'example_branch_labels' retrieved from /home/airflow/.local/lib/python3.8/site-packages/airflow/example_dags/example_branch_labels.py
[2024-10-01T00:26:20.226+0000] {logging_mixin.py:188} INFO - [2024-10-01T00:26:20.225+0000] {dag.py:3036} INFO - Sync 1 DAGs
[2024-10-01T00:26:20.308+0000] {logging_mixin.py:188} INFO - [2024-10-01T00:26:20.307+0000] {dag.py:3823} INFO - Setting next_dagrun for example_branch_labels to 2024-09-30 00:00:00+00:00, run_after=2024-10-01 00:00:00+00:00
[2024-10-01T00:26:20.360+0000] {processor.py:183} INFO - Processing /home/airflow/.local/lib/python3.8/site-packages/airflow/example_dags/example_branch_labels.py took 0.253 seconds
[2024-10-01T00:26:50.525+0000] {processor.py:161} INFO - Started process (PID=4090) to work on /home/airflow/.local/lib/python3.8/site-packages/airflow/example_dags/example_branch_labels.py
[2024-10-01T00:26:50.529+0000] {processor.py:830} INFO - Processing file /home/airflow/.local/lib/python3.8/site-packages/airflow/example_dags/example_branch_labels.py for tasks to queue
[2024-10-01T00:26:50.533+0000] {logging_mixin.py:188} INFO - [2024-10-01T00:26:50.532+0000] {dagbag.py:538} INFO - Filling up the DagBag from /home/airflow/.local/lib/python3.8/site-packages/airflow/example_dags/example_branch_labels.py
[2024-10-01T00:26:50.552+0000] {processor.py:840} INFO - DAG(s) 'example_branch_labels' retrieved from /home/airflow/.local/lib/python3.8/site-packages/airflow/example_dags/example_branch_labels.py
[2024-10-01T00:26:50.610+0000] {logging_mixin.py:188} INFO - [2024-10-01T00:26:50.609+0000] {dag.py:3036} INFO - Sync 1 DAGs
[2024-10-01T00:26:50.678+0000] {logging_mixin.py:188} INFO - [2024-10-01T00:26:50.677+0000] {dag.py:3823} INFO - Setting next_dagrun for example_branch_labels to 2024-09-30 00:00:00+00:00, run_after=2024-10-01 00:00:00+00:00
[2024-10-01T00:26:50.733+0000] {processor.py:183} INFO - Processing /home/airflow/.local/lib/python3.8/site-packages/airflow/example_dags/example_branch_labels.py took 0.216 seconds
[2024-10-01T00:27:21.052+0000] {processor.py:161} INFO - Started process (PID=4156) to work on /home/airflow/.local/lib/python3.8/site-packages/airflow/example_dags/example_branch_labels.py
[2024-10-01T00:27:21.054+0000] {processor.py:830} INFO - Processing file /home/airflow/.local/lib/python3.8/site-packages/airflow/example_dags/example_branch_labels.py for tasks to queue
[2024-10-01T00:27:21.060+0000] {logging_mixin.py:188} INFO - [2024-10-01T00:27:21.059+0000] {dagbag.py:538} INFO - Filling up the DagBag from /home/airflow/.local/lib/python3.8/site-packages/airflow/example_dags/example_branch_labels.py
[2024-10-01T00:27:21.087+0000] {processor.py:840} INFO - DAG(s) 'example_branch_labels' retrieved from /home/airflow/.local/lib/python3.8/site-packages/airflow/example_dags/example_branch_labels.py
[2024-10-01T00:27:21.147+0000] {logging_mixin.py:188} INFO - [2024-10-01T00:27:21.147+0000] {dag.py:3036} INFO - Sync 1 DAGs
[2024-10-01T00:27:21.229+0000] {logging_mixin.py:188} INFO - [2024-10-01T00:27:21.229+0000] {dag.py:3823} INFO - Setting next_dagrun for example_branch_labels to 2024-09-30 00:00:00+00:00, run_after=2024-10-01 00:00:00+00:00
[2024-10-01T00:27:21.285+0000] {processor.py:183} INFO - Processing /home/airflow/.local/lib/python3.8/site-packages/airflow/example_dags/example_branch_labels.py took 0.245 seconds
[2024-10-01T00:27:52.628+0000] {processor.py:161} INFO - Started process (PID=4222) to work on /home/airflow/.local/lib/python3.8/site-packages/airflow/example_dags/example_branch_labels.py
[2024-10-01T00:27:52.632+0000] {processor.py:830} INFO - Processing file /home/airflow/.local/lib/python3.8/site-packages/airflow/example_dags/example_branch_labels.py for tasks to queue
[2024-10-01T00:27:52.640+0000] {logging_mixin.py:188} INFO - [2024-10-01T00:27:52.639+0000] {dagbag.py:538} INFO - Filling up the DagBag from /home/airflow/.local/lib/python3.8/site-packages/airflow/example_dags/example_branch_labels.py
[2024-10-01T00:27:52.674+0000] {processor.py:840} INFO - DAG(s) 'example_branch_labels' retrieved from /home/airflow/.local/lib/python3.8/site-packages/airflow/example_dags/example_branch_labels.py
[2024-10-01T00:27:52.749+0000] {logging_mixin.py:188} INFO - [2024-10-01T00:27:52.748+0000] {dag.py:3036} INFO - Sync 1 DAGs
[2024-10-01T00:27:52.833+0000] {logging_mixin.py:188} INFO - [2024-10-01T00:27:52.832+0000] {dag.py:3823} INFO - Setting next_dagrun for example_branch_labels to 2024-09-30 00:00:00+00:00, run_after=2024-10-01 00:00:00+00:00
[2024-10-01T00:27:52.900+0000] {processor.py:183} INFO - Processing /home/airflow/.local/lib/python3.8/site-packages/airflow/example_dags/example_branch_labels.py took 0.285 seconds
[2024-10-01T00:28:22.989+0000] {processor.py:161} INFO - Started process (PID=4286) to work on /home/airflow/.local/lib/python3.8/site-packages/airflow/example_dags/example_branch_labels.py
[2024-10-01T00:28:22.993+0000] {processor.py:830} INFO - Processing file /home/airflow/.local/lib/python3.8/site-packages/airflow/example_dags/example_branch_labels.py for tasks to queue
[2024-10-01T00:28:22.998+0000] {logging_mixin.py:188} INFO - [2024-10-01T00:28:22.997+0000] {dagbag.py:538} INFO - Filling up the DagBag from /home/airflow/.local/lib/python3.8/site-packages/airflow/example_dags/example_branch_labels.py
[2024-10-01T00:28:23.027+0000] {processor.py:840} INFO - DAG(s) 'example_branch_labels' retrieved from /home/airflow/.local/lib/python3.8/site-packages/airflow/example_dags/example_branch_labels.py
[2024-10-01T00:28:23.107+0000] {logging_mixin.py:188} INFO - [2024-10-01T00:28:23.106+0000] {dag.py:3036} INFO - Sync 1 DAGs
[2024-10-01T00:28:23.226+0000] {logging_mixin.py:188} INFO - [2024-10-01T00:28:23.225+0000] {dag.py:3823} INFO - Setting next_dagrun for example_branch_labels to 2024-09-30 00:00:00+00:00, run_after=2024-10-01 00:00:00+00:00
[2024-10-01T00:28:23.308+0000] {processor.py:183} INFO - Processing /home/airflow/.local/lib/python3.8/site-packages/airflow/example_dags/example_branch_labels.py took 0.329 seconds
[2024-10-01T00:28:53.434+0000] {processor.py:161} INFO - Started process (PID=4352) to work on /home/airflow/.local/lib/python3.8/site-packages/airflow/example_dags/example_branch_labels.py
[2024-10-01T00:28:53.438+0000] {processor.py:830} INFO - Processing file /home/airflow/.local/lib/python3.8/site-packages/airflow/example_dags/example_branch_labels.py for tasks to queue
[2024-10-01T00:28:53.444+0000] {logging_mixin.py:188} INFO - [2024-10-01T00:28:53.443+0000] {dagbag.py:538} INFO - Filling up the DagBag from /home/airflow/.local/lib/python3.8/site-packages/airflow/example_dags/example_branch_labels.py
[2024-10-01T00:28:53.475+0000] {processor.py:840} INFO - DAG(s) 'example_branch_labels' retrieved from /home/airflow/.local/lib/python3.8/site-packages/airflow/example_dags/example_branch_labels.py
[2024-10-01T00:28:53.551+0000] {logging_mixin.py:188} INFO - [2024-10-01T00:28:53.550+0000] {dag.py:3036} INFO - Sync 1 DAGs
[2024-10-01T00:28:53.635+0000] {logging_mixin.py:188} INFO - [2024-10-01T00:28:53.634+0000] {dag.py:3823} INFO - Setting next_dagrun for example_branch_labels to 2024-09-30 00:00:00+00:00, run_after=2024-10-01 00:00:00+00:00
[2024-10-01T00:28:53.692+0000] {processor.py:183} INFO - Processing /home/airflow/.local/lib/python3.8/site-packages/airflow/example_dags/example_branch_labels.py took 0.271 seconds
[2024-10-01T00:29:24.059+0000] {processor.py:161} INFO - Started process (PID=4410) to work on /home/airflow/.local/lib/python3.8/site-packages/airflow/example_dags/example_branch_labels.py
[2024-10-01T00:29:24.062+0000] {processor.py:830} INFO - Processing file /home/airflow/.local/lib/python3.8/site-packages/airflow/example_dags/example_branch_labels.py for tasks to queue
[2024-10-01T00:29:24.068+0000] {logging_mixin.py:188} INFO - [2024-10-01T00:29:24.067+0000] {dagbag.py:538} INFO - Filling up the DagBag from /home/airflow/.local/lib/python3.8/site-packages/airflow/example_dags/example_branch_labels.py
[2024-10-01T00:29:24.095+0000] {processor.py:840} INFO - DAG(s) 'example_branch_labels' retrieved from /home/airflow/.local/lib/python3.8/site-packages/airflow/example_dags/example_branch_labels.py
[2024-10-01T00:29:24.161+0000] {logging_mixin.py:188} INFO - [2024-10-01T00:29:24.161+0000] {dag.py:3036} INFO - Sync 1 DAGs
[2024-10-01T00:29:24.242+0000] {logging_mixin.py:188} INFO - [2024-10-01T00:29:24.241+0000] {dag.py:3823} INFO - Setting next_dagrun for example_branch_labels to 2024-09-30 00:00:00+00:00, run_after=2024-10-01 00:00:00+00:00
[2024-10-01T00:29:24.297+0000] {processor.py:183} INFO - Processing /home/airflow/.local/lib/python3.8/site-packages/airflow/example_dags/example_branch_labels.py took 0.249 seconds
[2024-10-01T00:29:54.770+0000] {processor.py:161} INFO - Started process (PID=4476) to work on /home/airflow/.local/lib/python3.8/site-packages/airflow/example_dags/example_branch_labels.py
[2024-10-01T00:29:54.773+0000] {processor.py:830} INFO - Processing file /home/airflow/.local/lib/python3.8/site-packages/airflow/example_dags/example_branch_labels.py for tasks to queue
[2024-10-01T00:29:54.778+0000] {logging_mixin.py:188} INFO - [2024-10-01T00:29:54.777+0000] {dagbag.py:538} INFO - Filling up the DagBag from /home/airflow/.local/lib/python3.8/site-packages/airflow/example_dags/example_branch_labels.py
[2024-10-01T00:29:54.801+0000] {processor.py:840} INFO - DAG(s) 'example_branch_labels' retrieved from /home/airflow/.local/lib/python3.8/site-packages/airflow/example_dags/example_branch_labels.py
[2024-10-01T00:29:54.858+0000] {logging_mixin.py:188} INFO - [2024-10-01T00:29:54.858+0000] {dag.py:3036} INFO - Sync 1 DAGs
[2024-10-01T00:29:54.920+0000] {logging_mixin.py:188} INFO - [2024-10-01T00:29:54.920+0000] {dag.py:3823} INFO - Setting next_dagrun for example_branch_labels to 2024-09-30 00:00:00+00:00, run_after=2024-10-01 00:00:00+00:00
[2024-10-01T00:29:54.965+0000] {processor.py:183} INFO - Processing /home/airflow/.local/lib/python3.8/site-packages/airflow/example_dags/example_branch_labels.py took 0.205 seconds
[2024-10-01T00:30:25.433+0000] {processor.py:161} INFO - Started process (PID=4542) to work on /home/airflow/.local/lib/python3.8/site-packages/airflow/example_dags/example_branch_labels.py
[2024-10-01T00:30:25.436+0000] {processor.py:830} INFO - Processing file /home/airflow/.local/lib/python3.8/site-packages/airflow/example_dags/example_branch_labels.py for tasks to queue
[2024-10-01T00:30:25.439+0000] {logging_mixin.py:188} INFO - [2024-10-01T00:30:25.439+0000] {dagbag.py:538} INFO - Filling up the DagBag from /home/airflow/.local/lib/python3.8/site-packages/airflow/example_dags/example_branch_labels.py
[2024-10-01T00:30:25.457+0000] {processor.py:840} INFO - DAG(s) 'example_branch_labels' retrieved from /home/airflow/.local/lib/python3.8/site-packages/airflow/example_dags/example_branch_labels.py
[2024-10-01T00:30:25.500+0000] {logging_mixin.py:188} INFO - [2024-10-01T00:30:25.500+0000] {dag.py:3036} INFO - Sync 1 DAGs
[2024-10-01T00:30:25.548+0000] {logging_mixin.py:188} INFO - [2024-10-01T00:30:25.547+0000] {dag.py:3823} INFO - Setting next_dagrun for example_branch_labels to 2024-09-30 00:00:00+00:00, run_after=2024-10-01 00:00:00+00:00
[2024-10-01T00:30:25.584+0000] {processor.py:183} INFO - Processing /home/airflow/.local/lib/python3.8/site-packages/airflow/example_dags/example_branch_labels.py took 0.159 seconds
[2024-10-01T00:30:56.469+0000] {processor.py:161} INFO - Started process (PID=4608) to work on /home/airflow/.local/lib/python3.8/site-packages/airflow/example_dags/example_branch_labels.py
[2024-10-01T00:30:56.473+0000] {processor.py:830} INFO - Processing file /home/airflow/.local/lib/python3.8/site-packages/airflow/example_dags/example_branch_labels.py for tasks to queue
[2024-10-01T00:30:56.480+0000] {logging_mixin.py:188} INFO - [2024-10-01T00:30:56.479+0000] {dagbag.py:538} INFO - Filling up the DagBag from /home/airflow/.local/lib/python3.8/site-packages/airflow/example_dags/example_branch_labels.py
[2024-10-01T00:30:56.519+0000] {processor.py:840} INFO - DAG(s) 'example_branch_labels' retrieved from /home/airflow/.local/lib/python3.8/site-packages/airflow/example_dags/example_branch_labels.py
[2024-10-01T00:30:56.610+0000] {logging_mixin.py:188} INFO - [2024-10-01T00:30:56.609+0000] {dag.py:3036} INFO - Sync 1 DAGs
[2024-10-01T00:30:56.702+0000] {logging_mixin.py:188} INFO - [2024-10-01T00:30:56.702+0000] {dag.py:3823} INFO - Setting next_dagrun for example_branch_labels to 2024-09-30 00:00:00+00:00, run_after=2024-10-01 00:00:00+00:00
[2024-10-01T00:30:56.771+0000] {processor.py:183} INFO - Processing /home/airflow/.local/lib/python3.8/site-packages/airflow/example_dags/example_branch_labels.py took 0.317 seconds
[2024-10-01T00:31:28.196+0000] {processor.py:161} INFO - Started process (PID=4675) to work on /home/airflow/.local/lib/python3.8/site-packages/airflow/example_dags/example_branch_labels.py
[2024-10-01T00:31:28.201+0000] {processor.py:830} INFO - Processing file /home/airflow/.local/lib/python3.8/site-packages/airflow/example_dags/example_branch_labels.py for tasks to queue
[2024-10-01T00:31:28.209+0000] {logging_mixin.py:188} INFO - [2024-10-01T00:31:28.207+0000] {dagbag.py:538} INFO - Filling up the DagBag from /home/airflow/.local/lib/python3.8/site-packages/airflow/example_dags/example_branch_labels.py
[2024-10-01T00:31:28.248+0000] {processor.py:840} INFO - DAG(s) 'example_branch_labels' retrieved from /home/airflow/.local/lib/python3.8/site-packages/airflow/example_dags/example_branch_labels.py
[2024-10-01T00:31:28.327+0000] {logging_mixin.py:188} INFO - [2024-10-01T00:31:28.326+0000] {dag.py:3036} INFO - Sync 1 DAGs
[2024-10-01T00:31:28.425+0000] {logging_mixin.py:188} INFO - [2024-10-01T00:31:28.424+0000] {dag.py:3823} INFO - Setting next_dagrun for example_branch_labels to 2024-09-30 00:00:00+00:00, run_after=2024-10-01 00:00:00+00:00
[2024-10-01T00:31:28.499+0000] {processor.py:183} INFO - Processing /home/airflow/.local/lib/python3.8/site-packages/airflow/example_dags/example_branch_labels.py took 0.319 seconds
[2024-10-01T00:32:02.325+0000] {processor.py:161} INFO - Started process (PID=4744) to work on /home/airflow/.local/lib/python3.8/site-packages/airflow/example_dags/example_branch_labels.py
[2024-10-01T00:32:02.329+0000] {processor.py:830} INFO - Processing file /home/airflow/.local/lib/python3.8/site-packages/airflow/example_dags/example_branch_labels.py for tasks to queue
[2024-10-01T00:32:02.336+0000] {logging_mixin.py:188} INFO - [2024-10-01T00:32:02.335+0000] {dagbag.py:538} INFO - Filling up the DagBag from /home/airflow/.local/lib/python3.8/site-packages/airflow/example_dags/example_branch_labels.py
[2024-10-01T00:32:02.368+0000] {processor.py:840} INFO - DAG(s) 'example_branch_labels' retrieved from /home/airflow/.local/lib/python3.8/site-packages/airflow/example_dags/example_branch_labels.py
[2024-10-01T00:32:02.461+0000] {logging_mixin.py:188} INFO - [2024-10-01T00:32:02.460+0000] {dag.py:3036} INFO - Sync 1 DAGs
[2024-10-01T00:32:02.561+0000] {logging_mixin.py:188} INFO - [2024-10-01T00:32:02.560+0000] {dag.py:3823} INFO - Setting next_dagrun for example_branch_labels to 2024-09-30 00:00:00+00:00, run_after=2024-10-01 00:00:00+00:00
[2024-10-01T00:32:02.620+0000] {processor.py:183} INFO - Processing /home/airflow/.local/lib/python3.8/site-packages/airflow/example_dags/example_branch_labels.py took 0.308 seconds
[2024-10-01T00:32:33.084+0000] {processor.py:161} INFO - Started process (PID=4809) to work on /home/airflow/.local/lib/python3.8/site-packages/airflow/example_dags/example_branch_labels.py
[2024-10-01T00:32:33.098+0000] {processor.py:830} INFO - Processing file /home/airflow/.local/lib/python3.8/site-packages/airflow/example_dags/example_branch_labels.py for tasks to queue
[2024-10-01T00:32:33.103+0000] {logging_mixin.py:188} INFO - [2024-10-01T00:32:33.102+0000] {dagbag.py:538} INFO - Filling up the DagBag from /home/airflow/.local/lib/python3.8/site-packages/airflow/example_dags/example_branch_labels.py
[2024-10-01T00:32:33.126+0000] {processor.py:840} INFO - DAG(s) 'example_branch_labels' retrieved from /home/airflow/.local/lib/python3.8/site-packages/airflow/example_dags/example_branch_labels.py
[2024-10-01T00:32:33.196+0000] {logging_mixin.py:188} INFO - [2024-10-01T00:32:33.196+0000] {dag.py:3036} INFO - Sync 1 DAGs
[2024-10-01T00:32:33.268+0000] {logging_mixin.py:188} INFO - [2024-10-01T00:32:33.267+0000] {dag.py:3823} INFO - Setting next_dagrun for example_branch_labels to 2024-09-30 00:00:00+00:00, run_after=2024-10-01 00:00:00+00:00
[2024-10-01T00:32:33.325+0000] {processor.py:183} INFO - Processing /home/airflow/.local/lib/python3.8/site-packages/airflow/example_dags/example_branch_labels.py took 0.251 seconds
[2024-10-01T00:33:04.223+0000] {processor.py:161} INFO - Started process (PID=4868) to work on /home/airflow/.local/lib/python3.8/site-packages/airflow/example_dags/example_branch_labels.py
[2024-10-01T00:33:04.228+0000] {processor.py:830} INFO - Processing file /home/airflow/.local/lib/python3.8/site-packages/airflow/example_dags/example_branch_labels.py for tasks to queue
[2024-10-01T00:33:04.234+0000] {logging_mixin.py:188} INFO - [2024-10-01T00:33:04.233+0000] {dagbag.py:538} INFO - Filling up the DagBag from /home/airflow/.local/lib/python3.8/site-packages/airflow/example_dags/example_branch_labels.py
[2024-10-01T00:33:04.265+0000] {processor.py:840} INFO - DAG(s) 'example_branch_labels' retrieved from /home/airflow/.local/lib/python3.8/site-packages/airflow/example_dags/example_branch_labels.py
[2024-10-01T00:33:04.342+0000] {logging_mixin.py:188} INFO - [2024-10-01T00:33:04.341+0000] {dag.py:3036} INFO - Sync 1 DAGs
[2024-10-01T00:33:04.437+0000] {logging_mixin.py:188} INFO - [2024-10-01T00:33:04.436+0000] {dag.py:3823} INFO - Setting next_dagrun for example_branch_labels to 2024-09-30 00:00:00+00:00, run_after=2024-10-01 00:00:00+00:00
[2024-10-01T00:33:04.513+0000] {processor.py:183} INFO - Processing /home/airflow/.local/lib/python3.8/site-packages/airflow/example_dags/example_branch_labels.py took 0.305 seconds
[2024-10-01T00:33:37.285+0000] {processor.py:161} INFO - Started process (PID=4935) to work on /home/airflow/.local/lib/python3.8/site-packages/airflow/example_dags/example_branch_labels.py
[2024-10-01T00:33:37.289+0000] {processor.py:830} INFO - Processing file /home/airflow/.local/lib/python3.8/site-packages/airflow/example_dags/example_branch_labels.py for tasks to queue
[2024-10-01T00:33:37.297+0000] {logging_mixin.py:188} INFO - [2024-10-01T00:33:37.295+0000] {dagbag.py:538} INFO - Filling up the DagBag from /home/airflow/.local/lib/python3.8/site-packages/airflow/example_dags/example_branch_labels.py
[2024-10-01T00:33:37.336+0000] {processor.py:840} INFO - DAG(s) 'example_branch_labels' retrieved from /home/airflow/.local/lib/python3.8/site-packages/airflow/example_dags/example_branch_labels.py
[2024-10-01T00:33:37.431+0000] {logging_mixin.py:188} INFO - [2024-10-01T00:33:37.429+0000] {dag.py:3036} INFO - Sync 1 DAGs
[2024-10-01T00:33:37.538+0000] {logging_mixin.py:188} INFO - [2024-10-01T00:33:37.537+0000] {dag.py:3823} INFO - Setting next_dagrun for example_branch_labels to 2024-09-30 00:00:00+00:00, run_after=2024-10-01 00:00:00+00:00
[2024-10-01T00:33:37.603+0000] {processor.py:183} INFO - Processing /home/airflow/.local/lib/python3.8/site-packages/airflow/example_dags/example_branch_labels.py took 0.338 seconds
[2024-10-01T00:34:07.802+0000] {processor.py:161} INFO - Started process (PID=5001) to work on /home/airflow/.local/lib/python3.8/site-packages/airflow/example_dags/example_branch_labels.py
[2024-10-01T00:34:07.806+0000] {processor.py:830} INFO - Processing file /home/airflow/.local/lib/python3.8/site-packages/airflow/example_dags/example_branch_labels.py for tasks to queue
[2024-10-01T00:34:07.812+0000] {logging_mixin.py:188} INFO - [2024-10-01T00:34:07.811+0000] {dagbag.py:538} INFO - Filling up the DagBag from /home/airflow/.local/lib/python3.8/site-packages/airflow/example_dags/example_branch_labels.py
[2024-10-01T00:34:07.844+0000] {processor.py:840} INFO - DAG(s) 'example_branch_labels' retrieved from /home/airflow/.local/lib/python3.8/site-packages/airflow/example_dags/example_branch_labels.py
[2024-10-01T00:34:07.921+0000] {logging_mixin.py:188} INFO - [2024-10-01T00:34:07.920+0000] {dag.py:3036} INFO - Sync 1 DAGs
[2024-10-01T00:34:08.010+0000] {logging_mixin.py:188} INFO - [2024-10-01T00:34:08.009+0000] {dag.py:3823} INFO - Setting next_dagrun for example_branch_labels to 2024-09-30 00:00:00+00:00, run_after=2024-10-01 00:00:00+00:00
[2024-10-01T00:34:08.077+0000] {processor.py:183} INFO - Processing /home/airflow/.local/lib/python3.8/site-packages/airflow/example_dags/example_branch_labels.py took 0.286 seconds
[2024-10-01T00:34:38.903+0000] {processor.py:161} INFO - Started process (PID=5059) to work on /home/airflow/.local/lib/python3.8/site-packages/airflow/example_dags/example_branch_labels.py
[2024-10-01T00:34:38.905+0000] {processor.py:830} INFO - Processing file /home/airflow/.local/lib/python3.8/site-packages/airflow/example_dags/example_branch_labels.py for tasks to queue
[2024-10-01T00:34:38.908+0000] {logging_mixin.py:188} INFO - [2024-10-01T00:34:38.907+0000] {dagbag.py:538} INFO - Filling up the DagBag from /home/airflow/.local/lib/python3.8/site-packages/airflow/example_dags/example_branch_labels.py
[2024-10-01T00:34:38.921+0000] {processor.py:840} INFO - DAG(s) 'example_branch_labels' retrieved from /home/airflow/.local/lib/python3.8/site-packages/airflow/example_dags/example_branch_labels.py
[2024-10-01T00:34:38.956+0000] {logging_mixin.py:188} INFO - [2024-10-01T00:34:38.956+0000] {dag.py:3036} INFO - Sync 1 DAGs
[2024-10-01T00:34:38.995+0000] {logging_mixin.py:188} INFO - [2024-10-01T00:34:38.995+0000] {dag.py:3823} INFO - Setting next_dagrun for example_branch_labels to 2024-09-30 00:00:00+00:00, run_after=2024-10-01 00:00:00+00:00
[2024-10-01T00:34:39.027+0000] {processor.py:183} INFO - Processing /home/airflow/.local/lib/python3.8/site-packages/airflow/example_dags/example_branch_labels.py took 0.129 seconds
