[2024-10-01T00:00:13.423+0000] {processor.py:161} INFO - Started process (PID=771) to work on /home/airflow/.local/lib/python3.8/site-packages/airflow/example_dags/example_latest_only_with_trigger.py
[2024-10-01T00:00:13.440+0000] {processor.py:830} INFO - Processing file /home/airflow/.local/lib/python3.8/site-packages/airflow/example_dags/example_latest_only_with_trigger.py for tasks to queue
[2024-10-01T00:00:13.475+0000] {logging_mixin.py:188} INFO - [2024-10-01T00:00:13.468+0000] {dagbag.py:538} INFO - Filling up the DagBag from /home/airflow/.local/lib/python3.8/site-packages/airflow/example_dags/example_latest_only_with_trigger.py
[2024-10-01T00:00:13.572+0000] {processor.py:840} INFO - DAG(s) 'latest_only_with_trigger' retrieved from /home/airflow/.local/lib/python3.8/site-packages/airflow/example_dags/example_latest_only_with_trigger.py
[2024-10-01T00:00:13.765+0000] {logging_mixin.py:188} INFO - [2024-10-01T00:00:13.763+0000] {dag.py:3036} INFO - Sync 1 DAGs
[2024-10-01T00:00:13.999+0000] {logging_mixin.py:188} INFO - [2024-10-01T00:00:13.997+0000] {dag.py:3823} INFO - Setting next_dagrun for latest_only_with_trigger to 2024-09-30 20:00:00+00:00, run_after=2024-10-01 00:00:00+00:00
[2024-10-01T00:00:14.173+0000] {processor.py:183} INFO - Processing /home/airflow/.local/lib/python3.8/site-packages/airflow/example_dags/example_latest_only_with_trigger.py took 0.803 seconds
[2024-10-01T00:00:44.685+0000] {processor.py:161} INFO - Started process (PID=837) to work on /home/airflow/.local/lib/python3.8/site-packages/airflow/example_dags/example_latest_only_with_trigger.py
[2024-10-01T00:00:44.690+0000] {processor.py:830} INFO - Processing file /home/airflow/.local/lib/python3.8/site-packages/airflow/example_dags/example_latest_only_with_trigger.py for tasks to queue
[2024-10-01T00:00:44.695+0000] {logging_mixin.py:188} INFO - [2024-10-01T00:00:44.694+0000] {dagbag.py:538} INFO - Filling up the DagBag from /home/airflow/.local/lib/python3.8/site-packages/airflow/example_dags/example_latest_only_with_trigger.py
[2024-10-01T00:00:44.713+0000] {processor.py:840} INFO - DAG(s) 'latest_only_with_trigger' retrieved from /home/airflow/.local/lib/python3.8/site-packages/airflow/example_dags/example_latest_only_with_trigger.py
[2024-10-01T00:00:44.792+0000] {logging_mixin.py:188} INFO - [2024-10-01T00:00:44.792+0000] {dag.py:3036} INFO - Sync 1 DAGs
[2024-10-01T00:00:44.867+0000] {logging_mixin.py:188} INFO - [2024-10-01T00:00:44.867+0000] {dag.py:3823} INFO - Setting next_dagrun for latest_only_with_trigger to 2024-09-30 20:00:00+00:00, run_after=2024-10-01 00:00:00+00:00
[2024-10-01T00:00:44.935+0000] {processor.py:183} INFO - Processing /home/airflow/.local/lib/python3.8/site-packages/airflow/example_dags/example_latest_only_with_trigger.py took 0.264 seconds
[2024-10-01T00:01:15.080+0000] {processor.py:161} INFO - Started process (PID=902) to work on /home/airflow/.local/lib/python3.8/site-packages/airflow/example_dags/example_latest_only_with_trigger.py
[2024-10-01T00:01:15.084+0000] {processor.py:830} INFO - Processing file /home/airflow/.local/lib/python3.8/site-packages/airflow/example_dags/example_latest_only_with_trigger.py for tasks to queue
[2024-10-01T00:01:15.090+0000] {logging_mixin.py:188} INFO - [2024-10-01T00:01:15.089+0000] {dagbag.py:538} INFO - Filling up the DagBag from /home/airflow/.local/lib/python3.8/site-packages/airflow/example_dags/example_latest_only_with_trigger.py
[2024-10-01T00:01:15.111+0000] {processor.py:840} INFO - DAG(s) 'latest_only_with_trigger' retrieved from /home/airflow/.local/lib/python3.8/site-packages/airflow/example_dags/example_latest_only_with_trigger.py
[2024-10-01T00:01:15.191+0000] {logging_mixin.py:188} INFO - [2024-10-01T00:01:15.190+0000] {dag.py:3036} INFO - Sync 1 DAGs
[2024-10-01T00:01:15.300+0000] {logging_mixin.py:188} INFO - [2024-10-01T00:01:15.299+0000] {dag.py:3823} INFO - Setting next_dagrun for latest_only_with_trigger to 2024-09-30 20:00:00+00:00, run_after=2024-10-01 00:00:00+00:00
[2024-10-01T00:01:15.379+0000] {processor.py:183} INFO - Processing /home/airflow/.local/lib/python3.8/site-packages/airflow/example_dags/example_latest_only_with_trigger.py took 0.313 seconds
[2024-10-01T00:01:45.550+0000] {processor.py:161} INFO - Started process (PID=961) to work on /home/airflow/.local/lib/python3.8/site-packages/airflow/example_dags/example_latest_only_with_trigger.py
[2024-10-01T00:01:45.554+0000] {processor.py:830} INFO - Processing file /home/airflow/.local/lib/python3.8/site-packages/airflow/example_dags/example_latest_only_with_trigger.py for tasks to queue
[2024-10-01T00:01:45.561+0000] {logging_mixin.py:188} INFO - [2024-10-01T00:01:45.559+0000] {dagbag.py:538} INFO - Filling up the DagBag from /home/airflow/.local/lib/python3.8/site-packages/airflow/example_dags/example_latest_only_with_trigger.py
[2024-10-01T00:01:45.583+0000] {processor.py:840} INFO - DAG(s) 'latest_only_with_trigger' retrieved from /home/airflow/.local/lib/python3.8/site-packages/airflow/example_dags/example_latest_only_with_trigger.py
[2024-10-01T00:01:45.664+0000] {logging_mixin.py:188} INFO - [2024-10-01T00:01:45.663+0000] {dag.py:3036} INFO - Sync 1 DAGs
[2024-10-01T00:01:45.748+0000] {logging_mixin.py:188} INFO - [2024-10-01T00:01:45.747+0000] {dag.py:3823} INFO - Setting next_dagrun for latest_only_with_trigger to 2024-09-30 20:00:00+00:00, run_after=2024-10-01 00:00:00+00:00
[2024-10-01T00:01:45.813+0000] {processor.py:183} INFO - Processing /home/airflow/.local/lib/python3.8/site-packages/airflow/example_dags/example_latest_only_with_trigger.py took 0.276 seconds
[2024-10-01T00:02:16.557+0000] {processor.py:161} INFO - Started process (PID=1027) to work on /home/airflow/.local/lib/python3.8/site-packages/airflow/example_dags/example_latest_only_with_trigger.py
[2024-10-01T00:02:16.560+0000] {processor.py:830} INFO - Processing file /home/airflow/.local/lib/python3.8/site-packages/airflow/example_dags/example_latest_only_with_trigger.py for tasks to queue
[2024-10-01T00:02:16.565+0000] {logging_mixin.py:188} INFO - [2024-10-01T00:02:16.564+0000] {dagbag.py:538} INFO - Filling up the DagBag from /home/airflow/.local/lib/python3.8/site-packages/airflow/example_dags/example_latest_only_with_trigger.py
[2024-10-01T00:02:16.577+0000] {processor.py:840} INFO - DAG(s) 'latest_only_with_trigger' retrieved from /home/airflow/.local/lib/python3.8/site-packages/airflow/example_dags/example_latest_only_with_trigger.py
[2024-10-01T00:02:16.615+0000] {logging_mixin.py:188} INFO - [2024-10-01T00:02:16.615+0000] {dag.py:3036} INFO - Sync 1 DAGs
[2024-10-01T00:02:16.656+0000] {logging_mixin.py:188} INFO - [2024-10-01T00:02:16.656+0000] {dag.py:3823} INFO - Setting next_dagrun for latest_only_with_trigger to 2024-09-30 20:00:00+00:00, run_after=2024-10-01 00:00:00+00:00
[2024-10-01T00:02:16.690+0000] {processor.py:183} INFO - Processing /home/airflow/.local/lib/python3.8/site-packages/airflow/example_dags/example_latest_only_with_trigger.py took 0.141 seconds
[2024-10-01T00:02:46.916+0000] {processor.py:161} INFO - Started process (PID=1093) to work on /home/airflow/.local/lib/python3.8/site-packages/airflow/example_dags/example_latest_only_with_trigger.py
[2024-10-01T00:02:46.918+0000] {processor.py:830} INFO - Processing file /home/airflow/.local/lib/python3.8/site-packages/airflow/example_dags/example_latest_only_with_trigger.py for tasks to queue
[2024-10-01T00:02:46.922+0000] {logging_mixin.py:188} INFO - [2024-10-01T00:02:46.921+0000] {dagbag.py:538} INFO - Filling up the DagBag from /home/airflow/.local/lib/python3.8/site-packages/airflow/example_dags/example_latest_only_with_trigger.py
[2024-10-01T00:02:46.934+0000] {processor.py:840} INFO - DAG(s) 'latest_only_with_trigger' retrieved from /home/airflow/.local/lib/python3.8/site-packages/airflow/example_dags/example_latest_only_with_trigger.py
[2024-10-01T00:02:46.982+0000] {logging_mixin.py:188} INFO - [2024-10-01T00:02:46.981+0000] {dag.py:3036} INFO - Sync 1 DAGs
[2024-10-01T00:02:47.032+0000] {logging_mixin.py:188} INFO - [2024-10-01T00:02:47.032+0000] {dag.py:3823} INFO - Setting next_dagrun for latest_only_with_trigger to 2024-09-30 20:00:00+00:00, run_after=2024-10-01 00:00:00+00:00
[2024-10-01T00:02:47.074+0000] {processor.py:183} INFO - Processing /home/airflow/.local/lib/python3.8/site-packages/airflow/example_dags/example_latest_only_with_trigger.py took 0.165 seconds
[2024-10-01T00:03:17.302+0000] {processor.py:161} INFO - Started process (PID=1159) to work on /home/airflow/.local/lib/python3.8/site-packages/airflow/example_dags/example_latest_only_with_trigger.py
[2024-10-01T00:03:17.306+0000] {processor.py:830} INFO - Processing file /home/airflow/.local/lib/python3.8/site-packages/airflow/example_dags/example_latest_only_with_trigger.py for tasks to queue
[2024-10-01T00:03:17.311+0000] {logging_mixin.py:188} INFO - [2024-10-01T00:03:17.310+0000] {dagbag.py:538} INFO - Filling up the DagBag from /home/airflow/.local/lib/python3.8/site-packages/airflow/example_dags/example_latest_only_with_trigger.py
[2024-10-01T00:03:17.329+0000] {processor.py:840} INFO - DAG(s) 'latest_only_with_trigger' retrieved from /home/airflow/.local/lib/python3.8/site-packages/airflow/example_dags/example_latest_only_with_trigger.py
[2024-10-01T00:03:17.382+0000] {logging_mixin.py:188} INFO - [2024-10-01T00:03:17.382+0000] {dag.py:3036} INFO - Sync 1 DAGs
[2024-10-01T00:03:17.442+0000] {logging_mixin.py:188} INFO - [2024-10-01T00:03:17.441+0000] {dag.py:3823} INFO - Setting next_dagrun for latest_only_with_trigger to 2024-09-30 20:00:00+00:00, run_after=2024-10-01 00:00:00+00:00
[2024-10-01T00:03:17.492+0000] {processor.py:183} INFO - Processing /home/airflow/.local/lib/python3.8/site-packages/airflow/example_dags/example_latest_only_with_trigger.py took 0.199 seconds
[2024-10-01T00:03:47.980+0000] {processor.py:161} INFO - Started process (PID=1225) to work on /home/airflow/.local/lib/python3.8/site-packages/airflow/example_dags/example_latest_only_with_trigger.py
[2024-10-01T00:03:47.983+0000] {processor.py:830} INFO - Processing file /home/airflow/.local/lib/python3.8/site-packages/airflow/example_dags/example_latest_only_with_trigger.py for tasks to queue
[2024-10-01T00:03:47.986+0000] {logging_mixin.py:188} INFO - [2024-10-01T00:03:47.986+0000] {dagbag.py:538} INFO - Filling up the DagBag from /home/airflow/.local/lib/python3.8/site-packages/airflow/example_dags/example_latest_only_with_trigger.py
[2024-10-01T00:03:47.999+0000] {processor.py:840} INFO - DAG(s) 'latest_only_with_trigger' retrieved from /home/airflow/.local/lib/python3.8/site-packages/airflow/example_dags/example_latest_only_with_trigger.py
[2024-10-01T00:03:48.046+0000] {logging_mixin.py:188} INFO - [2024-10-01T00:03:48.045+0000] {dag.py:3036} INFO - Sync 1 DAGs
[2024-10-01T00:03:48.097+0000] {logging_mixin.py:188} INFO - [2024-10-01T00:03:48.097+0000] {dag.py:3823} INFO - Setting next_dagrun for latest_only_with_trigger to 2024-09-30 20:00:00+00:00, run_after=2024-10-01 00:00:00+00:00
[2024-10-01T00:03:48.141+0000] {processor.py:183} INFO - Processing /home/airflow/.local/lib/python3.8/site-packages/airflow/example_dags/example_latest_only_with_trigger.py took 0.169 seconds
[2024-10-01T00:04:18.588+0000] {processor.py:161} INFO - Started process (PID=1291) to work on /home/airflow/.local/lib/python3.8/site-packages/airflow/example_dags/example_latest_only_with_trigger.py
[2024-10-01T00:04:18.591+0000] {processor.py:830} INFO - Processing file /home/airflow/.local/lib/python3.8/site-packages/airflow/example_dags/example_latest_only_with_trigger.py for tasks to queue
[2024-10-01T00:04:18.595+0000] {logging_mixin.py:188} INFO - [2024-10-01T00:04:18.594+0000] {dagbag.py:538} INFO - Filling up the DagBag from /home/airflow/.local/lib/python3.8/site-packages/airflow/example_dags/example_latest_only_with_trigger.py
[2024-10-01T00:04:18.607+0000] {processor.py:840} INFO - DAG(s) 'latest_only_with_trigger' retrieved from /home/airflow/.local/lib/python3.8/site-packages/airflow/example_dags/example_latest_only_with_trigger.py
[2024-10-01T00:04:18.654+0000] {logging_mixin.py:188} INFO - [2024-10-01T00:04:18.654+0000] {dag.py:3036} INFO - Sync 1 DAGs
[2024-10-01T00:04:18.704+0000] {logging_mixin.py:188} INFO - [2024-10-01T00:04:18.703+0000] {dag.py:3823} INFO - Setting next_dagrun for latest_only_with_trigger to 2024-09-30 20:00:00+00:00, run_after=2024-10-01 00:00:00+00:00
[2024-10-01T00:04:18.748+0000] {processor.py:183} INFO - Processing /home/airflow/.local/lib/python3.8/site-packages/airflow/example_dags/example_latest_only_with_trigger.py took 0.168 seconds
[2024-10-01T00:04:50.593+0000] {processor.py:161} INFO - Started process (PID=1357) to work on /home/airflow/.local/lib/python3.8/site-packages/airflow/example_dags/example_latest_only_with_trigger.py
[2024-10-01T00:04:50.602+0000] {processor.py:830} INFO - Processing file /home/airflow/.local/lib/python3.8/site-packages/airflow/example_dags/example_latest_only_with_trigger.py for tasks to queue
[2024-10-01T00:04:50.622+0000] {logging_mixin.py:188} INFO - [2024-10-01T00:04:50.616+0000] {dagbag.py:538} INFO - Filling up the DagBag from /home/airflow/.local/lib/python3.8/site-packages/airflow/example_dags/example_latest_only_with_trigger.py
[2024-10-01T00:04:50.688+0000] {processor.py:840} INFO - DAG(s) 'latest_only_with_trigger' retrieved from /home/airflow/.local/lib/python3.8/site-packages/airflow/example_dags/example_latest_only_with_trigger.py
[2024-10-01T00:04:51.032+0000] {logging_mixin.py:188} INFO - [2024-10-01T00:04:51.030+0000] {dag.py:3036} INFO - Sync 1 DAGs
[2024-10-01T00:04:51.369+0000] {logging_mixin.py:188} INFO - [2024-10-01T00:04:51.367+0000] {dag.py:3823} INFO - Setting next_dagrun for latest_only_with_trigger to 2024-09-30 20:00:00+00:00, run_after=2024-10-01 00:00:00+00:00
[2024-10-01T00:04:51.557+0000] {processor.py:183} INFO - Processing /home/airflow/.local/lib/python3.8/site-packages/airflow/example_dags/example_latest_only_with_trigger.py took 1.001 seconds
[2024-10-01T00:05:21.960+0000] {processor.py:161} INFO - Started process (PID=1423) to work on /home/airflow/.local/lib/python3.8/site-packages/airflow/example_dags/example_latest_only_with_trigger.py
[2024-10-01T00:05:21.964+0000] {processor.py:830} INFO - Processing file /home/airflow/.local/lib/python3.8/site-packages/airflow/example_dags/example_latest_only_with_trigger.py for tasks to queue
[2024-10-01T00:05:21.968+0000] {logging_mixin.py:188} INFO - [2024-10-01T00:05:21.967+0000] {dagbag.py:538} INFO - Filling up the DagBag from /home/airflow/.local/lib/python3.8/site-packages/airflow/example_dags/example_latest_only_with_trigger.py
[2024-10-01T00:05:21.984+0000] {processor.py:840} INFO - DAG(s) 'latest_only_with_trigger' retrieved from /home/airflow/.local/lib/python3.8/site-packages/airflow/example_dags/example_latest_only_with_trigger.py
[2024-10-01T00:05:22.041+0000] {logging_mixin.py:188} INFO - [2024-10-01T00:05:22.041+0000] {dag.py:3036} INFO - Sync 1 DAGs
[2024-10-01T00:05:22.100+0000] {logging_mixin.py:188} INFO - [2024-10-01T00:05:22.099+0000] {dag.py:3823} INFO - Setting next_dagrun for latest_only_with_trigger to 2024-09-30 20:00:00+00:00, run_after=2024-10-01 00:00:00+00:00
[2024-10-01T00:05:22.148+0000] {processor.py:183} INFO - Processing /home/airflow/.local/lib/python3.8/site-packages/airflow/example_dags/example_latest_only_with_trigger.py took 0.196 seconds
[2024-10-01T00:05:52.440+0000] {processor.py:161} INFO - Started process (PID=1489) to work on /home/airflow/.local/lib/python3.8/site-packages/airflow/example_dags/example_latest_only_with_trigger.py
[2024-10-01T00:05:52.444+0000] {processor.py:830} INFO - Processing file /home/airflow/.local/lib/python3.8/site-packages/airflow/example_dags/example_latest_only_with_trigger.py for tasks to queue
[2024-10-01T00:05:52.448+0000] {logging_mixin.py:188} INFO - [2024-10-01T00:05:52.447+0000] {dagbag.py:538} INFO - Filling up the DagBag from /home/airflow/.local/lib/python3.8/site-packages/airflow/example_dags/example_latest_only_with_trigger.py
[2024-10-01T00:05:52.465+0000] {processor.py:840} INFO - DAG(s) 'latest_only_with_trigger' retrieved from /home/airflow/.local/lib/python3.8/site-packages/airflow/example_dags/example_latest_only_with_trigger.py
[2024-10-01T00:05:52.521+0000] {logging_mixin.py:188} INFO - [2024-10-01T00:05:52.520+0000] {dag.py:3036} INFO - Sync 1 DAGs
[2024-10-01T00:05:52.581+0000] {logging_mixin.py:188} INFO - [2024-10-01T00:05:52.580+0000] {dag.py:3823} INFO - Setting next_dagrun for latest_only_with_trigger to 2024-09-30 20:00:00+00:00, run_after=2024-10-01 00:00:00+00:00
[2024-10-01T00:05:52.628+0000] {processor.py:183} INFO - Processing /home/airflow/.local/lib/python3.8/site-packages/airflow/example_dags/example_latest_only_with_trigger.py took 0.199 seconds
[2024-10-01T00:06:22.886+0000] {processor.py:161} INFO - Started process (PID=1555) to work on /home/airflow/.local/lib/python3.8/site-packages/airflow/example_dags/example_latest_only_with_trigger.py
[2024-10-01T00:06:22.892+0000] {processor.py:830} INFO - Processing file /home/airflow/.local/lib/python3.8/site-packages/airflow/example_dags/example_latest_only_with_trigger.py for tasks to queue
[2024-10-01T00:06:22.899+0000] {logging_mixin.py:188} INFO - [2024-10-01T00:06:22.897+0000] {dagbag.py:538} INFO - Filling up the DagBag from /home/airflow/.local/lib/python3.8/site-packages/airflow/example_dags/example_latest_only_with_trigger.py
[2024-10-01T00:06:22.931+0000] {processor.py:840} INFO - DAG(s) 'latest_only_with_trigger' retrieved from /home/airflow/.local/lib/python3.8/site-packages/airflow/example_dags/example_latest_only_with_trigger.py
[2024-10-01T00:06:23.064+0000] {logging_mixin.py:188} INFO - [2024-10-01T00:06:23.062+0000] {dag.py:3036} INFO - Sync 1 DAGs
[2024-10-01T00:06:23.209+0000] {logging_mixin.py:188} INFO - [2024-10-01T00:06:23.208+0000] {dag.py:3823} INFO - Setting next_dagrun for latest_only_with_trigger to 2024-09-30 20:00:00+00:00, run_after=2024-10-01 00:00:00+00:00
[2024-10-01T00:06:23.321+0000] {processor.py:183} INFO - Processing /home/airflow/.local/lib/python3.8/site-packages/airflow/example_dags/example_latest_only_with_trigger.py took 0.453 seconds
[2024-10-01T00:06:53.482+0000] {processor.py:161} INFO - Started process (PID=1613) to work on /home/airflow/.local/lib/python3.8/site-packages/airflow/example_dags/example_latest_only_with_trigger.py
[2024-10-01T00:06:53.487+0000] {processor.py:830} INFO - Processing file /home/airflow/.local/lib/python3.8/site-packages/airflow/example_dags/example_latest_only_with_trigger.py for tasks to queue
[2024-10-01T00:06:53.490+0000] {logging_mixin.py:188} INFO - [2024-10-01T00:06:53.490+0000] {dagbag.py:538} INFO - Filling up the DagBag from /home/airflow/.local/lib/python3.8/site-packages/airflow/example_dags/example_latest_only_with_trigger.py
[2024-10-01T00:06:53.499+0000] {processor.py:840} INFO - DAG(s) 'latest_only_with_trigger' retrieved from /home/airflow/.local/lib/python3.8/site-packages/airflow/example_dags/example_latest_only_with_trigger.py
[2024-10-01T00:06:53.534+0000] {logging_mixin.py:188} INFO - [2024-10-01T00:06:53.534+0000] {dag.py:3036} INFO - Sync 1 DAGs
[2024-10-01T00:06:53.570+0000] {logging_mixin.py:188} INFO - [2024-10-01T00:06:53.569+0000] {dag.py:3823} INFO - Setting next_dagrun for latest_only_with_trigger to 2024-09-30 20:00:00+00:00, run_after=2024-10-01 00:00:00+00:00
[2024-10-01T00:06:53.600+0000] {processor.py:183} INFO - Processing /home/airflow/.local/lib/python3.8/site-packages/airflow/example_dags/example_latest_only_with_trigger.py took 0.123 seconds
[2024-10-01T00:07:23.767+0000] {processor.py:161} INFO - Started process (PID=1679) to work on /home/airflow/.local/lib/python3.8/site-packages/airflow/example_dags/example_latest_only_with_trigger.py
[2024-10-01T00:07:23.768+0000] {processor.py:830} INFO - Processing file /home/airflow/.local/lib/python3.8/site-packages/airflow/example_dags/example_latest_only_with_trigger.py for tasks to queue
[2024-10-01T00:07:23.771+0000] {logging_mixin.py:188} INFO - [2024-10-01T00:07:23.771+0000] {dagbag.py:538} INFO - Filling up the DagBag from /home/airflow/.local/lib/python3.8/site-packages/airflow/example_dags/example_latest_only_with_trigger.py
[2024-10-01T00:07:23.781+0000] {processor.py:840} INFO - DAG(s) 'latest_only_with_trigger' retrieved from /home/airflow/.local/lib/python3.8/site-packages/airflow/example_dags/example_latest_only_with_trigger.py
[2024-10-01T00:07:23.813+0000] {logging_mixin.py:188} INFO - [2024-10-01T00:07:23.812+0000] {dag.py:3036} INFO - Sync 1 DAGs
[2024-10-01T00:07:23.853+0000] {logging_mixin.py:188} INFO - [2024-10-01T00:07:23.853+0000] {dag.py:3823} INFO - Setting next_dagrun for latest_only_with_trigger to 2024-09-30 20:00:00+00:00, run_after=2024-10-01 00:00:00+00:00
[2024-10-01T00:07:23.884+0000] {processor.py:183} INFO - Processing /home/airflow/.local/lib/python3.8/site-packages/airflow/example_dags/example_latest_only_with_trigger.py took 0.122 seconds
[2024-10-01T00:07:54.471+0000] {processor.py:161} INFO - Started process (PID=1745) to work on /home/airflow/.local/lib/python3.8/site-packages/airflow/example_dags/example_latest_only_with_trigger.py
[2024-10-01T00:07:54.472+0000] {processor.py:830} INFO - Processing file /home/airflow/.local/lib/python3.8/site-packages/airflow/example_dags/example_latest_only_with_trigger.py for tasks to queue
[2024-10-01T00:07:54.475+0000] {logging_mixin.py:188} INFO - [2024-10-01T00:07:54.474+0000] {dagbag.py:538} INFO - Filling up the DagBag from /home/airflow/.local/lib/python3.8/site-packages/airflow/example_dags/example_latest_only_with_trigger.py
[2024-10-01T00:07:54.483+0000] {processor.py:840} INFO - DAG(s) 'latest_only_with_trigger' retrieved from /home/airflow/.local/lib/python3.8/site-packages/airflow/example_dags/example_latest_only_with_trigger.py
[2024-10-01T00:07:54.516+0000] {logging_mixin.py:188} INFO - [2024-10-01T00:07:54.515+0000] {dag.py:3036} INFO - Sync 1 DAGs
[2024-10-01T00:07:54.551+0000] {logging_mixin.py:188} INFO - [2024-10-01T00:07:54.550+0000] {dag.py:3823} INFO - Setting next_dagrun for latest_only_with_trigger to 2024-09-30 20:00:00+00:00, run_after=2024-10-01 00:00:00+00:00
[2024-10-01T00:07:54.583+0000] {processor.py:183} INFO - Processing /home/airflow/.local/lib/python3.8/site-packages/airflow/example_dags/example_latest_only_with_trigger.py took 0.117 seconds
[2024-10-01T00:08:24.844+0000] {processor.py:161} INFO - Started process (PID=1811) to work on /home/airflow/.local/lib/python3.8/site-packages/airflow/example_dags/example_latest_only_with_trigger.py
[2024-10-01T00:08:24.847+0000] {processor.py:830} INFO - Processing file /home/airflow/.local/lib/python3.8/site-packages/airflow/example_dags/example_latest_only_with_trigger.py for tasks to queue
[2024-10-01T00:08:24.850+0000] {logging_mixin.py:188} INFO - [2024-10-01T00:08:24.849+0000] {dagbag.py:538} INFO - Filling up the DagBag from /home/airflow/.local/lib/python3.8/site-packages/airflow/example_dags/example_latest_only_with_trigger.py
[2024-10-01T00:08:24.861+0000] {processor.py:840} INFO - DAG(s) 'latest_only_with_trigger' retrieved from /home/airflow/.local/lib/python3.8/site-packages/airflow/example_dags/example_latest_only_with_trigger.py
[2024-10-01T00:08:24.900+0000] {logging_mixin.py:188} INFO - [2024-10-01T00:08:24.899+0000] {dag.py:3036} INFO - Sync 1 DAGs
[2024-10-01T00:08:24.935+0000] {logging_mixin.py:188} INFO - [2024-10-01T00:08:24.935+0000] {dag.py:3823} INFO - Setting next_dagrun for latest_only_with_trigger to 2024-09-30 20:00:00+00:00, run_after=2024-10-01 00:00:00+00:00
[2024-10-01T00:08:24.966+0000] {processor.py:183} INFO - Processing /home/airflow/.local/lib/python3.8/site-packages/airflow/example_dags/example_latest_only_with_trigger.py took 0.128 seconds
[2024-10-01T00:08:55.132+0000] {processor.py:161} INFO - Started process (PID=1877) to work on /home/airflow/.local/lib/python3.8/site-packages/airflow/example_dags/example_latest_only_with_trigger.py
[2024-10-01T00:08:55.134+0000] {processor.py:830} INFO - Processing file /home/airflow/.local/lib/python3.8/site-packages/airflow/example_dags/example_latest_only_with_trigger.py for tasks to queue
[2024-10-01T00:08:55.137+0000] {logging_mixin.py:188} INFO - [2024-10-01T00:08:55.137+0000] {dagbag.py:538} INFO - Filling up the DagBag from /home/airflow/.local/lib/python3.8/site-packages/airflow/example_dags/example_latest_only_with_trigger.py
[2024-10-01T00:08:55.147+0000] {processor.py:840} INFO - DAG(s) 'latest_only_with_trigger' retrieved from /home/airflow/.local/lib/python3.8/site-packages/airflow/example_dags/example_latest_only_with_trigger.py
[2024-10-01T00:08:55.185+0000] {logging_mixin.py:188} INFO - [2024-10-01T00:08:55.185+0000] {dag.py:3036} INFO - Sync 1 DAGs
[2024-10-01T00:08:55.227+0000] {logging_mixin.py:188} INFO - [2024-10-01T00:08:55.226+0000] {dag.py:3823} INFO - Setting next_dagrun for latest_only_with_trigger to 2024-09-30 20:00:00+00:00, run_after=2024-10-01 00:00:00+00:00
[2024-10-01T00:08:55.261+0000] {processor.py:183} INFO - Processing /home/airflow/.local/lib/python3.8/site-packages/airflow/example_dags/example_latest_only_with_trigger.py took 0.135 seconds
[2024-10-01T00:09:25.999+0000] {processor.py:161} INFO - Started process (PID=1942) to work on /home/airflow/.local/lib/python3.8/site-packages/airflow/example_dags/example_latest_only_with_trigger.py
[2024-10-01T00:09:26.005+0000] {processor.py:830} INFO - Processing file /home/airflow/.local/lib/python3.8/site-packages/airflow/example_dags/example_latest_only_with_trigger.py for tasks to queue
[2024-10-01T00:09:26.016+0000] {logging_mixin.py:188} INFO - [2024-10-01T00:09:26.013+0000] {dagbag.py:538} INFO - Filling up the DagBag from /home/airflow/.local/lib/python3.8/site-packages/airflow/example_dags/example_latest_only_with_trigger.py
[2024-10-01T00:09:26.046+0000] {processor.py:840} INFO - DAG(s) 'latest_only_with_trigger' retrieved from /home/airflow/.local/lib/python3.8/site-packages/airflow/example_dags/example_latest_only_with_trigger.py
[2024-10-01T00:09:26.160+0000] {logging_mixin.py:188} INFO - [2024-10-01T00:09:26.159+0000] {dag.py:3036} INFO - Sync 1 DAGs
[2024-10-01T00:09:26.371+0000] {logging_mixin.py:188} INFO - [2024-10-01T00:09:26.369+0000] {dag.py:3823} INFO - Setting next_dagrun for latest_only_with_trigger to 2024-09-30 20:00:00+00:00, run_after=2024-10-01 00:00:00+00:00
[2024-10-01T00:09:26.576+0000] {processor.py:183} INFO - Processing /home/airflow/.local/lib/python3.8/site-packages/airflow/example_dags/example_latest_only_with_trigger.py took 0.599 seconds
[2024-10-01T00:09:57.373+0000] {processor.py:161} INFO - Started process (PID=1998) to work on /home/airflow/.local/lib/python3.8/site-packages/airflow/example_dags/example_latest_only_with_trigger.py
[2024-10-01T00:09:57.388+0000] {processor.py:830} INFO - Processing file /home/airflow/.local/lib/python3.8/site-packages/airflow/example_dags/example_latest_only_with_trigger.py for tasks to queue
[2024-10-01T00:09:57.407+0000] {logging_mixin.py:188} INFO - [2024-10-01T00:09:57.404+0000] {dagbag.py:538} INFO - Filling up the DagBag from /home/airflow/.local/lib/python3.8/site-packages/airflow/example_dags/example_latest_only_with_trigger.py
[2024-10-01T00:09:57.476+0000] {processor.py:840} INFO - DAG(s) 'latest_only_with_trigger' retrieved from /home/airflow/.local/lib/python3.8/site-packages/airflow/example_dags/example_latest_only_with_trigger.py
[2024-10-01T00:09:57.726+0000] {logging_mixin.py:188} INFO - [2024-10-01T00:09:57.724+0000] {dag.py:3036} INFO - Sync 1 DAGs
[2024-10-01T00:09:58.031+0000] {logging_mixin.py:188} INFO - [2024-10-01T00:09:58.029+0000] {dag.py:3823} INFO - Setting next_dagrun for latest_only_with_trigger to 2024-09-30 20:00:00+00:00, run_after=2024-10-01 00:00:00+00:00
[2024-10-01T00:09:58.324+0000] {processor.py:183} INFO - Processing /home/airflow/.local/lib/python3.8/site-packages/airflow/example_dags/example_latest_only_with_trigger.py took 0.984 seconds
[2024-10-01T00:10:41.211+0000] {processor.py:161} INFO - Started process (PID=2060) to work on /home/airflow/.local/lib/python3.8/site-packages/airflow/example_dags/example_latest_only_with_trigger.py
[2024-10-01T00:10:41.238+0000] {processor.py:830} INFO - Processing file /home/airflow/.local/lib/python3.8/site-packages/airflow/example_dags/example_latest_only_with_trigger.py for tasks to queue
[2024-10-01T00:10:41.264+0000] {logging_mixin.py:188} INFO - [2024-10-01T00:10:41.259+0000] {dagbag.py:538} INFO - Filling up the DagBag from /home/airflow/.local/lib/python3.8/site-packages/airflow/example_dags/example_latest_only_with_trigger.py
[2024-10-01T00:10:41.349+0000] {processor.py:840} INFO - DAG(s) 'latest_only_with_trigger' retrieved from /home/airflow/.local/lib/python3.8/site-packages/airflow/example_dags/example_latest_only_with_trigger.py
[2024-10-01T00:10:41.723+0000] {logging_mixin.py:188} INFO - [2024-10-01T00:10:41.720+0000] {dag.py:3036} INFO - Sync 1 DAGs
[2024-10-01T00:10:42.245+0000] {logging_mixin.py:188} INFO - [2024-10-01T00:10:42.242+0000] {dag.py:3823} INFO - Setting next_dagrun for latest_only_with_trigger to 2024-09-30 20:00:00+00:00, run_after=2024-10-01 00:00:00+00:00
[2024-10-01T00:10:42.622+0000] {processor.py:183} INFO - Processing /home/airflow/.local/lib/python3.8/site-packages/airflow/example_dags/example_latest_only_with_trigger.py took 1.467 seconds
[2024-10-01T00:11:23.809+0000] {processor.py:161} INFO - Started process (PID=2129) to work on /home/airflow/.local/lib/python3.8/site-packages/airflow/example_dags/example_latest_only_with_trigger.py
[2024-10-01T00:11:23.823+0000] {processor.py:830} INFO - Processing file /home/airflow/.local/lib/python3.8/site-packages/airflow/example_dags/example_latest_only_with_trigger.py for tasks to queue
[2024-10-01T00:11:23.849+0000] {logging_mixin.py:188} INFO - [2024-10-01T00:11:23.846+0000] {dagbag.py:538} INFO - Filling up the DagBag from /home/airflow/.local/lib/python3.8/site-packages/airflow/example_dags/example_latest_only_with_trigger.py
[2024-10-01T00:11:23.950+0000] {processor.py:840} INFO - DAG(s) 'latest_only_with_trigger' retrieved from /home/airflow/.local/lib/python3.8/site-packages/airflow/example_dags/example_latest_only_with_trigger.py
[2024-10-01T00:11:24.200+0000] {logging_mixin.py:188} INFO - [2024-10-01T00:11:24.198+0000] {dag.py:3036} INFO - Sync 1 DAGs
[2024-10-01T00:11:24.415+0000] {logging_mixin.py:188} INFO - [2024-10-01T00:11:24.413+0000] {dag.py:3823} INFO - Setting next_dagrun for latest_only_with_trigger to 2024-09-30 20:00:00+00:00, run_after=2024-10-01 00:00:00+00:00
[2024-10-01T00:11:24.573+0000] {processor.py:183} INFO - Processing /home/airflow/.local/lib/python3.8/site-packages/airflow/example_dags/example_latest_only_with_trigger.py took 0.808 seconds
[2024-10-01T00:11:55.449+0000] {processor.py:161} INFO - Started process (PID=2188) to work on /home/airflow/.local/lib/python3.8/site-packages/airflow/example_dags/example_latest_only_with_trigger.py
[2024-10-01T00:11:55.462+0000] {processor.py:830} INFO - Processing file /home/airflow/.local/lib/python3.8/site-packages/airflow/example_dags/example_latest_only_with_trigger.py for tasks to queue
[2024-10-01T00:11:55.494+0000] {logging_mixin.py:188} INFO - [2024-10-01T00:11:55.485+0000] {dagbag.py:538} INFO - Filling up the DagBag from /home/airflow/.local/lib/python3.8/site-packages/airflow/example_dags/example_latest_only_with_trigger.py
[2024-10-01T00:11:55.578+0000] {processor.py:840} INFO - DAG(s) 'latest_only_with_trigger' retrieved from /home/airflow/.local/lib/python3.8/site-packages/airflow/example_dags/example_latest_only_with_trigger.py
[2024-10-01T00:11:55.925+0000] {logging_mixin.py:188} INFO - [2024-10-01T00:11:55.923+0000] {dag.py:3036} INFO - Sync 1 DAGs
[2024-10-01T00:11:56.251+0000] {logging_mixin.py:188} INFO - [2024-10-01T00:11:56.249+0000] {dag.py:3823} INFO - Setting next_dagrun for latest_only_with_trigger to 2024-09-30 20:00:00+00:00, run_after=2024-10-01 00:00:00+00:00
[2024-10-01T00:11:56.442+0000] {processor.py:183} INFO - Processing /home/airflow/.local/lib/python3.8/site-packages/airflow/example_dags/example_latest_only_with_trigger.py took 1.054 seconds
[2024-10-01T00:12:27.058+0000] {processor.py:161} INFO - Started process (PID=2254) to work on /home/airflow/.local/lib/python3.8/site-packages/airflow/example_dags/example_latest_only_with_trigger.py
[2024-10-01T00:12:27.062+0000] {processor.py:830} INFO - Processing file /home/airflow/.local/lib/python3.8/site-packages/airflow/example_dags/example_latest_only_with_trigger.py for tasks to queue
[2024-10-01T00:12:27.067+0000] {logging_mixin.py:188} INFO - [2024-10-01T00:12:27.066+0000] {dagbag.py:538} INFO - Filling up the DagBag from /home/airflow/.local/lib/python3.8/site-packages/airflow/example_dags/example_latest_only_with_trigger.py
[2024-10-01T00:12:27.084+0000] {processor.py:840} INFO - DAG(s) 'latest_only_with_trigger' retrieved from /home/airflow/.local/lib/python3.8/site-packages/airflow/example_dags/example_latest_only_with_trigger.py
[2024-10-01T00:12:27.164+0000] {logging_mixin.py:188} INFO - [2024-10-01T00:12:27.164+0000] {dag.py:3036} INFO - Sync 1 DAGs
[2024-10-01T00:12:27.257+0000] {logging_mixin.py:188} INFO - [2024-10-01T00:12:27.257+0000] {dag.py:3823} INFO - Setting next_dagrun for latest_only_with_trigger to 2024-09-30 20:00:00+00:00, run_after=2024-10-01 00:00:00+00:00
[2024-10-01T00:12:27.765+0000] {processor.py:183} INFO - Processing /home/airflow/.local/lib/python3.8/site-packages/airflow/example_dags/example_latest_only_with_trigger.py took 0.716 seconds
[2024-10-01T00:12:58.060+0000] {processor.py:161} INFO - Started process (PID=2312) to work on /home/airflow/.local/lib/python3.8/site-packages/airflow/example_dags/example_latest_only_with_trigger.py
[2024-10-01T00:12:58.064+0000] {processor.py:830} INFO - Processing file /home/airflow/.local/lib/python3.8/site-packages/airflow/example_dags/example_latest_only_with_trigger.py for tasks to queue
[2024-10-01T00:12:58.069+0000] {logging_mixin.py:188} INFO - [2024-10-01T00:12:58.068+0000] {dagbag.py:538} INFO - Filling up the DagBag from /home/airflow/.local/lib/python3.8/site-packages/airflow/example_dags/example_latest_only_with_trigger.py
[2024-10-01T00:12:58.083+0000] {processor.py:840} INFO - DAG(s) 'latest_only_with_trigger' retrieved from /home/airflow/.local/lib/python3.8/site-packages/airflow/example_dags/example_latest_only_with_trigger.py
[2024-10-01T00:12:58.139+0000] {logging_mixin.py:188} INFO - [2024-10-01T00:12:58.138+0000] {dag.py:3036} INFO - Sync 1 DAGs
[2024-10-01T00:12:58.204+0000] {logging_mixin.py:188} INFO - [2024-10-01T00:12:58.204+0000] {dag.py:3823} INFO - Setting next_dagrun for latest_only_with_trigger to 2024-09-30 20:00:00+00:00, run_after=2024-10-01 00:00:00+00:00
[2024-10-01T00:12:58.255+0000] {processor.py:183} INFO - Processing /home/airflow/.local/lib/python3.8/site-packages/airflow/example_dags/example_latest_only_with_trigger.py took 0.201 seconds
[2024-10-01T00:13:28.744+0000] {processor.py:161} INFO - Started process (PID=2378) to work on /home/airflow/.local/lib/python3.8/site-packages/airflow/example_dags/example_latest_only_with_trigger.py
[2024-10-01T00:13:28.748+0000] {processor.py:830} INFO - Processing file /home/airflow/.local/lib/python3.8/site-packages/airflow/example_dags/example_latest_only_with_trigger.py for tasks to queue
[2024-10-01T00:13:28.755+0000] {logging_mixin.py:188} INFO - [2024-10-01T00:13:28.754+0000] {dagbag.py:538} INFO - Filling up the DagBag from /home/airflow/.local/lib/python3.8/site-packages/airflow/example_dags/example_latest_only_with_trigger.py
[2024-10-01T00:13:28.779+0000] {processor.py:840} INFO - DAG(s) 'latest_only_with_trigger' retrieved from /home/airflow/.local/lib/python3.8/site-packages/airflow/example_dags/example_latest_only_with_trigger.py
[2024-10-01T00:13:28.857+0000] {logging_mixin.py:188} INFO - [2024-10-01T00:13:28.857+0000] {dag.py:3036} INFO - Sync 1 DAGs
[2024-10-01T00:13:28.943+0000] {logging_mixin.py:188} INFO - [2024-10-01T00:13:28.942+0000] {dag.py:3823} INFO - Setting next_dagrun for latest_only_with_trigger to 2024-09-30 20:00:00+00:00, run_after=2024-10-01 00:00:00+00:00
[2024-10-01T00:13:29.010+0000] {processor.py:183} INFO - Processing /home/airflow/.local/lib/python3.8/site-packages/airflow/example_dags/example_latest_only_with_trigger.py took 0.284 seconds
[2024-10-01T00:13:59.174+0000] {processor.py:161} INFO - Started process (PID=2444) to work on /home/airflow/.local/lib/python3.8/site-packages/airflow/example_dags/example_latest_only_with_trigger.py
[2024-10-01T00:13:59.176+0000] {processor.py:830} INFO - Processing file /home/airflow/.local/lib/python3.8/site-packages/airflow/example_dags/example_latest_only_with_trigger.py for tasks to queue
[2024-10-01T00:13:59.180+0000] {logging_mixin.py:188} INFO - [2024-10-01T00:13:59.179+0000] {dagbag.py:538} INFO - Filling up the DagBag from /home/airflow/.local/lib/python3.8/site-packages/airflow/example_dags/example_latest_only_with_trigger.py
[2024-10-01T00:13:59.191+0000] {processor.py:840} INFO - DAG(s) 'latest_only_with_trigger' retrieved from /home/airflow/.local/lib/python3.8/site-packages/airflow/example_dags/example_latest_only_with_trigger.py
[2024-10-01T00:13:59.232+0000] {logging_mixin.py:188} INFO - [2024-10-01T00:13:59.232+0000] {dag.py:3036} INFO - Sync 1 DAGs
[2024-10-01T00:13:59.277+0000] {logging_mixin.py:188} INFO - [2024-10-01T00:13:59.277+0000] {dag.py:3823} INFO - Setting next_dagrun for latest_only_with_trigger to 2024-09-30 20:00:00+00:00, run_after=2024-10-01 00:00:00+00:00
[2024-10-01T00:13:59.606+0000] {processor.py:183} INFO - Processing /home/airflow/.local/lib/python3.8/site-packages/airflow/example_dags/example_latest_only_with_trigger.py took 0.438 seconds
[2024-10-01T00:14:30.378+0000] {processor.py:161} INFO - Started process (PID=2510) to work on /home/airflow/.local/lib/python3.8/site-packages/airflow/example_dags/example_latest_only_with_trigger.py
[2024-10-01T00:14:30.381+0000] {processor.py:830} INFO - Processing file /home/airflow/.local/lib/python3.8/site-packages/airflow/example_dags/example_latest_only_with_trigger.py for tasks to queue
[2024-10-01T00:14:30.384+0000] {logging_mixin.py:188} INFO - [2024-10-01T00:14:30.383+0000] {dagbag.py:538} INFO - Filling up the DagBag from /home/airflow/.local/lib/python3.8/site-packages/airflow/example_dags/example_latest_only_with_trigger.py
[2024-10-01T00:14:30.395+0000] {processor.py:840} INFO - DAG(s) 'latest_only_with_trigger' retrieved from /home/airflow/.local/lib/python3.8/site-packages/airflow/example_dags/example_latest_only_with_trigger.py
[2024-10-01T00:14:30.436+0000] {logging_mixin.py:188} INFO - [2024-10-01T00:14:30.436+0000] {dag.py:3036} INFO - Sync 1 DAGs
[2024-10-01T00:14:30.483+0000] {logging_mixin.py:188} INFO - [2024-10-01T00:14:30.483+0000] {dag.py:3823} INFO - Setting next_dagrun for latest_only_with_trigger to 2024-09-30 20:00:00+00:00, run_after=2024-10-01 00:00:00+00:00
[2024-10-01T00:14:30.524+0000] {processor.py:183} INFO - Processing /home/airflow/.local/lib/python3.8/site-packages/airflow/example_dags/example_latest_only_with_trigger.py took 0.152 seconds
[2024-10-01T00:15:01.085+0000] {processor.py:161} INFO - Started process (PID=2577) to work on /home/airflow/.local/lib/python3.8/site-packages/airflow/example_dags/example_latest_only_with_trigger.py
[2024-10-01T00:15:01.088+0000] {processor.py:830} INFO - Processing file /home/airflow/.local/lib/python3.8/site-packages/airflow/example_dags/example_latest_only_with_trigger.py for tasks to queue
[2024-10-01T00:15:01.092+0000] {logging_mixin.py:188} INFO - [2024-10-01T00:15:01.091+0000] {dagbag.py:538} INFO - Filling up the DagBag from /home/airflow/.local/lib/python3.8/site-packages/airflow/example_dags/example_latest_only_with_trigger.py
[2024-10-01T00:15:01.105+0000] {processor.py:840} INFO - DAG(s) 'latest_only_with_trigger' retrieved from /home/airflow/.local/lib/python3.8/site-packages/airflow/example_dags/example_latest_only_with_trigger.py
[2024-10-01T00:15:01.157+0000] {logging_mixin.py:188} INFO - [2024-10-01T00:15:01.156+0000] {dag.py:3036} INFO - Sync 1 DAGs
[2024-10-01T00:15:01.208+0000] {logging_mixin.py:188} INFO - [2024-10-01T00:15:01.207+0000] {dag.py:3823} INFO - Setting next_dagrun for latest_only_with_trigger to 2024-09-30 20:00:00+00:00, run_after=2024-10-01 00:00:00+00:00
[2024-10-01T00:15:01.250+0000] {processor.py:183} INFO - Processing /home/airflow/.local/lib/python3.8/site-packages/airflow/example_dags/example_latest_only_with_trigger.py took 0.172 seconds
[2024-10-01T00:15:31.736+0000] {processor.py:161} INFO - Started process (PID=2643) to work on /home/airflow/.local/lib/python3.8/site-packages/airflow/example_dags/example_latest_only_with_trigger.py
[2024-10-01T00:15:31.737+0000] {processor.py:830} INFO - Processing file /home/airflow/.local/lib/python3.8/site-packages/airflow/example_dags/example_latest_only_with_trigger.py for tasks to queue
[2024-10-01T00:15:31.740+0000] {logging_mixin.py:188} INFO - [2024-10-01T00:15:31.739+0000] {dagbag.py:538} INFO - Filling up the DagBag from /home/airflow/.local/lib/python3.8/site-packages/airflow/example_dags/example_latest_only_with_trigger.py
[2024-10-01T00:15:31.748+0000] {processor.py:840} INFO - DAG(s) 'latest_only_with_trigger' retrieved from /home/airflow/.local/lib/python3.8/site-packages/airflow/example_dags/example_latest_only_with_trigger.py
[2024-10-01T00:15:31.780+0000] {logging_mixin.py:188} INFO - [2024-10-01T00:15:31.779+0000] {dag.py:3036} INFO - Sync 1 DAGs
[2024-10-01T00:15:31.975+0000] {logging_mixin.py:188} INFO - [2024-10-01T00:15:31.975+0000] {dag.py:3823} INFO - Setting next_dagrun for latest_only_with_trigger to 2024-09-30 20:00:00+00:00, run_after=2024-10-01 00:00:00+00:00
[2024-10-01T00:15:32.003+0000] {processor.py:183} INFO - Processing /home/airflow/.local/lib/python3.8/site-packages/airflow/example_dags/example_latest_only_with_trigger.py took 0.271 seconds
[2024-10-01T00:16:17.418+0000] {processor.py:161} INFO - Started process (PID=2715) to work on /home/airflow/.local/lib/python3.8/site-packages/airflow/example_dags/example_latest_only_with_trigger.py
[2024-10-01T00:16:17.433+0000] {processor.py:830} INFO - Processing file /home/airflow/.local/lib/python3.8/site-packages/airflow/example_dags/example_latest_only_with_trigger.py for tasks to queue
[2024-10-01T00:16:17.463+0000] {logging_mixin.py:188} INFO - [2024-10-01T00:16:17.452+0000] {dagbag.py:538} INFO - Filling up the DagBag from /home/airflow/.local/lib/python3.8/site-packages/airflow/example_dags/example_latest_only_with_trigger.py
[2024-10-01T00:16:17.598+0000] {processor.py:840} INFO - DAG(s) 'latest_only_with_trigger' retrieved from /home/airflow/.local/lib/python3.8/site-packages/airflow/example_dags/example_latest_only_with_trigger.py
[2024-10-01T00:16:18.266+0000] {logging_mixin.py:188} INFO - [2024-10-01T00:16:18.264+0000] {dag.py:3036} INFO - Sync 1 DAGs
[2024-10-01T00:16:22.294+0000] {logging_mixin.py:188} INFO - [2024-10-01T00:16:22.279+0000] {dag.py:3823} INFO - Setting next_dagrun for latest_only_with_trigger to 2024-09-30 20:00:00+00:00, run_after=2024-10-01 00:00:00+00:00
[2024-10-01T00:16:22.894+0000] {processor.py:183} INFO - Processing /home/airflow/.local/lib/python3.8/site-packages/airflow/example_dags/example_latest_only_with_trigger.py took 5.559 seconds
[2024-10-01T00:16:53.138+0000] {processor.py:161} INFO - Started process (PID=2780) to work on /home/airflow/.local/lib/python3.8/site-packages/airflow/example_dags/example_latest_only_with_trigger.py
[2024-10-01T00:16:53.140+0000] {processor.py:830} INFO - Processing file /home/airflow/.local/lib/python3.8/site-packages/airflow/example_dags/example_latest_only_with_trigger.py for tasks to queue
[2024-10-01T00:16:53.144+0000] {logging_mixin.py:188} INFO - [2024-10-01T00:16:53.143+0000] {dagbag.py:538} INFO - Filling up the DagBag from /home/airflow/.local/lib/python3.8/site-packages/airflow/example_dags/example_latest_only_with_trigger.py
[2024-10-01T00:16:53.156+0000] {processor.py:840} INFO - DAG(s) 'latest_only_with_trigger' retrieved from /home/airflow/.local/lib/python3.8/site-packages/airflow/example_dags/example_latest_only_with_trigger.py
[2024-10-01T00:16:53.207+0000] {logging_mixin.py:188} INFO - [2024-10-01T00:16:53.207+0000] {dag.py:3036} INFO - Sync 1 DAGs
[2024-10-01T00:16:53.278+0000] {logging_mixin.py:188} INFO - [2024-10-01T00:16:53.278+0000] {dag.py:3823} INFO - Setting next_dagrun for latest_only_with_trigger to 2024-09-30 20:00:00+00:00, run_after=2024-10-01 00:00:00+00:00
[2024-10-01T00:16:53.323+0000] {processor.py:183} INFO - Processing /home/airflow/.local/lib/python3.8/site-packages/airflow/example_dags/example_latest_only_with_trigger.py took 0.193 seconds
[2024-10-01T00:17:24.171+0000] {processor.py:161} INFO - Started process (PID=2846) to work on /home/airflow/.local/lib/python3.8/site-packages/airflow/example_dags/example_latest_only_with_trigger.py
[2024-10-01T00:17:24.173+0000] {processor.py:830} INFO - Processing file /home/airflow/.local/lib/python3.8/site-packages/airflow/example_dags/example_latest_only_with_trigger.py for tasks to queue
[2024-10-01T00:17:24.175+0000] {logging_mixin.py:188} INFO - [2024-10-01T00:17:24.174+0000] {dagbag.py:538} INFO - Filling up the DagBag from /home/airflow/.local/lib/python3.8/site-packages/airflow/example_dags/example_latest_only_with_trigger.py
[2024-10-01T00:17:24.181+0000] {processor.py:840} INFO - DAG(s) 'latest_only_with_trigger' retrieved from /home/airflow/.local/lib/python3.8/site-packages/airflow/example_dags/example_latest_only_with_trigger.py
[2024-10-01T00:17:24.206+0000] {logging_mixin.py:188} INFO - [2024-10-01T00:17:24.205+0000] {dag.py:3036} INFO - Sync 1 DAGs
[2024-10-01T00:17:24.232+0000] {logging_mixin.py:188} INFO - [2024-10-01T00:17:24.231+0000] {dag.py:3823} INFO - Setting next_dagrun for latest_only_with_trigger to 2024-09-30 20:00:00+00:00, run_after=2024-10-01 00:00:00+00:00
[2024-10-01T00:17:24.258+0000] {processor.py:183} INFO - Processing /home/airflow/.local/lib/python3.8/site-packages/airflow/example_dags/example_latest_only_with_trigger.py took 0.092 seconds
[2024-10-01T00:17:54.945+0000] {processor.py:161} INFO - Started process (PID=2912) to work on /home/airflow/.local/lib/python3.8/site-packages/airflow/example_dags/example_latest_only_with_trigger.py
[2024-10-01T00:17:54.947+0000] {processor.py:830} INFO - Processing file /home/airflow/.local/lib/python3.8/site-packages/airflow/example_dags/example_latest_only_with_trigger.py for tasks to queue
[2024-10-01T00:17:54.949+0000] {logging_mixin.py:188} INFO - [2024-10-01T00:17:54.948+0000] {dagbag.py:538} INFO - Filling up the DagBag from /home/airflow/.local/lib/python3.8/site-packages/airflow/example_dags/example_latest_only_with_trigger.py
[2024-10-01T00:17:54.954+0000] {processor.py:840} INFO - DAG(s) 'latest_only_with_trigger' retrieved from /home/airflow/.local/lib/python3.8/site-packages/airflow/example_dags/example_latest_only_with_trigger.py
[2024-10-01T00:17:54.977+0000] {logging_mixin.py:188} INFO - [2024-10-01T00:17:54.977+0000] {dag.py:3036} INFO - Sync 1 DAGs
[2024-10-01T00:17:55.002+0000] {logging_mixin.py:188} INFO - [2024-10-01T00:17:55.001+0000] {dag.py:3823} INFO - Setting next_dagrun for latest_only_with_trigger to 2024-09-30 20:00:00+00:00, run_after=2024-10-01 00:00:00+00:00
[2024-10-01T00:17:55.023+0000] {processor.py:183} INFO - Processing /home/airflow/.local/lib/python3.8/site-packages/airflow/example_dags/example_latest_only_with_trigger.py took 0.082 seconds
[2024-10-01T00:18:25.296+0000] {processor.py:161} INFO - Started process (PID=2978) to work on /home/airflow/.local/lib/python3.8/site-packages/airflow/example_dags/example_latest_only_with_trigger.py
[2024-10-01T00:18:25.298+0000] {processor.py:830} INFO - Processing file /home/airflow/.local/lib/python3.8/site-packages/airflow/example_dags/example_latest_only_with_trigger.py for tasks to queue
[2024-10-01T00:18:25.300+0000] {logging_mixin.py:188} INFO - [2024-10-01T00:18:25.300+0000] {dagbag.py:538} INFO - Filling up the DagBag from /home/airflow/.local/lib/python3.8/site-packages/airflow/example_dags/example_latest_only_with_trigger.py
[2024-10-01T00:18:25.305+0000] {processor.py:840} INFO - DAG(s) 'latest_only_with_trigger' retrieved from /home/airflow/.local/lib/python3.8/site-packages/airflow/example_dags/example_latest_only_with_trigger.py
[2024-10-01T00:18:25.328+0000] {logging_mixin.py:188} INFO - [2024-10-01T00:18:25.328+0000] {dag.py:3036} INFO - Sync 1 DAGs
[2024-10-01T00:18:25.352+0000] {logging_mixin.py:188} INFO - [2024-10-01T00:18:25.352+0000] {dag.py:3823} INFO - Setting next_dagrun for latest_only_with_trigger to 2024-09-30 20:00:00+00:00, run_after=2024-10-01 00:00:00+00:00
[2024-10-01T00:18:25.376+0000] {processor.py:183} INFO - Processing /home/airflow/.local/lib/python3.8/site-packages/airflow/example_dags/example_latest_only_with_trigger.py took 0.083 seconds
[2024-10-01T00:18:55.515+0000] {processor.py:161} INFO - Started process (PID=3053) to work on /home/airflow/.local/lib/python3.8/site-packages/airflow/example_dags/example_latest_only_with_trigger.py
[2024-10-01T00:18:55.520+0000] {processor.py:830} INFO - Processing file /home/airflow/.local/lib/python3.8/site-packages/airflow/example_dags/example_latest_only_with_trigger.py for tasks to queue
[2024-10-01T00:18:55.522+0000] {logging_mixin.py:188} INFO - [2024-10-01T00:18:55.522+0000] {dagbag.py:538} INFO - Filling up the DagBag from /home/airflow/.local/lib/python3.8/site-packages/airflow/example_dags/example_latest_only_with_trigger.py
[2024-10-01T00:18:55.529+0000] {processor.py:840} INFO - DAG(s) 'latest_only_with_trigger' retrieved from /home/airflow/.local/lib/python3.8/site-packages/airflow/example_dags/example_latest_only_with_trigger.py
[2024-10-01T00:18:55.558+0000] {logging_mixin.py:188} INFO - [2024-10-01T00:18:55.558+0000] {dag.py:3036} INFO - Sync 1 DAGs
[2024-10-01T00:18:55.589+0000] {logging_mixin.py:188} INFO - [2024-10-01T00:18:55.589+0000] {dag.py:3823} INFO - Setting next_dagrun for latest_only_with_trigger to 2024-09-30 20:00:00+00:00, run_after=2024-10-01 00:00:00+00:00
[2024-10-01T00:18:55.616+0000] {processor.py:183} INFO - Processing /home/airflow/.local/lib/python3.8/site-packages/airflow/example_dags/example_latest_only_with_trigger.py took 0.105 seconds
[2024-10-01T00:19:25.926+0000] {processor.py:161} INFO - Started process (PID=3119) to work on /home/airflow/.local/lib/python3.8/site-packages/airflow/example_dags/example_latest_only_with_trigger.py
[2024-10-01T00:19:25.927+0000] {processor.py:830} INFO - Processing file /home/airflow/.local/lib/python3.8/site-packages/airflow/example_dags/example_latest_only_with_trigger.py for tasks to queue
[2024-10-01T00:19:25.930+0000] {logging_mixin.py:188} INFO - [2024-10-01T00:19:25.930+0000] {dagbag.py:538} INFO - Filling up the DagBag from /home/airflow/.local/lib/python3.8/site-packages/airflow/example_dags/example_latest_only_with_trigger.py
[2024-10-01T00:19:25.939+0000] {processor.py:840} INFO - DAG(s) 'latest_only_with_trigger' retrieved from /home/airflow/.local/lib/python3.8/site-packages/airflow/example_dags/example_latest_only_with_trigger.py
[2024-10-01T00:19:25.971+0000] {logging_mixin.py:188} INFO - [2024-10-01T00:19:25.971+0000] {dag.py:3036} INFO - Sync 1 DAGs
[2024-10-01T00:19:26.004+0000] {logging_mixin.py:188} INFO - [2024-10-01T00:19:26.004+0000] {dag.py:3823} INFO - Setting next_dagrun for latest_only_with_trigger to 2024-09-30 20:00:00+00:00, run_after=2024-10-01 00:00:00+00:00
[2024-10-01T00:19:26.031+0000] {processor.py:183} INFO - Processing /home/airflow/.local/lib/python3.8/site-packages/airflow/example_dags/example_latest_only_with_trigger.py took 0.111 seconds
[2024-10-01T00:19:56.109+0000] {processor.py:161} INFO - Started process (PID=3186) to work on /home/airflow/.local/lib/python3.8/site-packages/airflow/example_dags/example_latest_only_with_trigger.py
[2024-10-01T00:19:56.111+0000] {processor.py:830} INFO - Processing file /home/airflow/.local/lib/python3.8/site-packages/airflow/example_dags/example_latest_only_with_trigger.py for tasks to queue
[2024-10-01T00:19:56.113+0000] {logging_mixin.py:188} INFO - [2024-10-01T00:19:56.113+0000] {dagbag.py:538} INFO - Filling up the DagBag from /home/airflow/.local/lib/python3.8/site-packages/airflow/example_dags/example_latest_only_with_trigger.py
[2024-10-01T00:19:56.122+0000] {processor.py:840} INFO - DAG(s) 'latest_only_with_trigger' retrieved from /home/airflow/.local/lib/python3.8/site-packages/airflow/example_dags/example_latest_only_with_trigger.py
[2024-10-01T00:19:56.153+0000] {logging_mixin.py:188} INFO - [2024-10-01T00:19:56.152+0000] {dag.py:3036} INFO - Sync 1 DAGs
[2024-10-01T00:19:56.191+0000] {logging_mixin.py:188} INFO - [2024-10-01T00:19:56.191+0000] {dag.py:3823} INFO - Setting next_dagrun for latest_only_with_trigger to 2024-09-30 20:00:00+00:00, run_after=2024-10-01 00:00:00+00:00
[2024-10-01T00:19:56.222+0000] {processor.py:183} INFO - Processing /home/airflow/.local/lib/python3.8/site-packages/airflow/example_dags/example_latest_only_with_trigger.py took 0.118 seconds
[2024-10-01T00:20:26.266+0000] {processor.py:161} INFO - Started process (PID=3252) to work on /home/airflow/.local/lib/python3.8/site-packages/airflow/example_dags/example_latest_only_with_trigger.py
[2024-10-01T00:20:26.288+0000] {processor.py:830} INFO - Processing file /home/airflow/.local/lib/python3.8/site-packages/airflow/example_dags/example_latest_only_with_trigger.py for tasks to queue
[2024-10-01T00:20:26.291+0000] {logging_mixin.py:188} INFO - [2024-10-01T00:20:26.290+0000] {dagbag.py:538} INFO - Filling up the DagBag from /home/airflow/.local/lib/python3.8/site-packages/airflow/example_dags/example_latest_only_with_trigger.py
[2024-10-01T00:20:26.299+0000] {processor.py:840} INFO - DAG(s) 'latest_only_with_trigger' retrieved from /home/airflow/.local/lib/python3.8/site-packages/airflow/example_dags/example_latest_only_with_trigger.py
[2024-10-01T00:20:26.329+0000] {logging_mixin.py:188} INFO - [2024-10-01T00:20:26.329+0000] {dag.py:3036} INFO - Sync 1 DAGs
[2024-10-01T00:20:26.362+0000] {logging_mixin.py:188} INFO - [2024-10-01T00:20:26.362+0000] {dag.py:3823} INFO - Setting next_dagrun for latest_only_with_trigger to 2024-09-30 20:00:00+00:00, run_after=2024-10-01 00:00:00+00:00
[2024-10-01T00:20:26.388+0000] {processor.py:183} INFO - Processing /home/airflow/.local/lib/python3.8/site-packages/airflow/example_dags/example_latest_only_with_trigger.py took 0.127 seconds
[2024-10-01T00:20:56.773+0000] {processor.py:161} INFO - Started process (PID=3318) to work on /home/airflow/.local/lib/python3.8/site-packages/airflow/example_dags/example_latest_only_with_trigger.py
[2024-10-01T00:20:56.775+0000] {processor.py:830} INFO - Processing file /home/airflow/.local/lib/python3.8/site-packages/airflow/example_dags/example_latest_only_with_trigger.py for tasks to queue
[2024-10-01T00:20:56.777+0000] {logging_mixin.py:188} INFO - [2024-10-01T00:20:56.777+0000] {dagbag.py:538} INFO - Filling up the DagBag from /home/airflow/.local/lib/python3.8/site-packages/airflow/example_dags/example_latest_only_with_trigger.py
[2024-10-01T00:20:56.782+0000] {processor.py:840} INFO - DAG(s) 'latest_only_with_trigger' retrieved from /home/airflow/.local/lib/python3.8/site-packages/airflow/example_dags/example_latest_only_with_trigger.py
[2024-10-01T00:20:56.805+0000] {logging_mixin.py:188} INFO - [2024-10-01T00:20:56.804+0000] {dag.py:3036} INFO - Sync 1 DAGs
[2024-10-01T00:20:56.830+0000] {logging_mixin.py:188} INFO - [2024-10-01T00:20:56.829+0000] {dag.py:3823} INFO - Setting next_dagrun for latest_only_with_trigger to 2024-09-30 20:00:00+00:00, run_after=2024-10-01 00:00:00+00:00
[2024-10-01T00:20:56.852+0000] {processor.py:183} INFO - Processing /home/airflow/.local/lib/python3.8/site-packages/airflow/example_dags/example_latest_only_with_trigger.py took 0.082 seconds
[2024-10-01T00:21:27.139+0000] {processor.py:161} INFO - Started process (PID=3384) to work on /home/airflow/.local/lib/python3.8/site-packages/airflow/example_dags/example_latest_only_with_trigger.py
[2024-10-01T00:21:27.140+0000] {processor.py:830} INFO - Processing file /home/airflow/.local/lib/python3.8/site-packages/airflow/example_dags/example_latest_only_with_trigger.py for tasks to queue
[2024-10-01T00:21:27.143+0000] {logging_mixin.py:188} INFO - [2024-10-01T00:21:27.142+0000] {dagbag.py:538} INFO - Filling up the DagBag from /home/airflow/.local/lib/python3.8/site-packages/airflow/example_dags/example_latest_only_with_trigger.py
[2024-10-01T00:21:27.150+0000] {processor.py:840} INFO - DAG(s) 'latest_only_with_trigger' retrieved from /home/airflow/.local/lib/python3.8/site-packages/airflow/example_dags/example_latest_only_with_trigger.py
[2024-10-01T00:21:27.181+0000] {logging_mixin.py:188} INFO - [2024-10-01T00:21:27.181+0000] {dag.py:3036} INFO - Sync 1 DAGs
[2024-10-01T00:21:27.213+0000] {logging_mixin.py:188} INFO - [2024-10-01T00:21:27.212+0000] {dag.py:3823} INFO - Setting next_dagrun for latest_only_with_trigger to 2024-09-30 20:00:00+00:00, run_after=2024-10-01 00:00:00+00:00
[2024-10-01T00:21:27.238+0000] {processor.py:183} INFO - Processing /home/airflow/.local/lib/python3.8/site-packages/airflow/example_dags/example_latest_only_with_trigger.py took 0.103 seconds
[2024-10-01T00:21:57.720+0000] {processor.py:161} INFO - Started process (PID=3450) to work on /home/airflow/.local/lib/python3.8/site-packages/airflow/example_dags/example_latest_only_with_trigger.py
[2024-10-01T00:21:57.722+0000] {processor.py:830} INFO - Processing file /home/airflow/.local/lib/python3.8/site-packages/airflow/example_dags/example_latest_only_with_trigger.py for tasks to queue
[2024-10-01T00:21:57.724+0000] {logging_mixin.py:188} INFO - [2024-10-01T00:21:57.723+0000] {dagbag.py:538} INFO - Filling up the DagBag from /home/airflow/.local/lib/python3.8/site-packages/airflow/example_dags/example_latest_only_with_trigger.py
[2024-10-01T00:21:57.729+0000] {processor.py:840} INFO - DAG(s) 'latest_only_with_trigger' retrieved from /home/airflow/.local/lib/python3.8/site-packages/airflow/example_dags/example_latest_only_with_trigger.py
[2024-10-01T00:21:57.752+0000] {logging_mixin.py:188} INFO - [2024-10-01T00:21:57.752+0000] {dag.py:3036} INFO - Sync 1 DAGs
[2024-10-01T00:21:57.777+0000] {logging_mixin.py:188} INFO - [2024-10-01T00:21:57.776+0000] {dag.py:3823} INFO - Setting next_dagrun for latest_only_with_trigger to 2024-09-30 20:00:00+00:00, run_after=2024-10-01 00:00:00+00:00
[2024-10-01T00:21:57.806+0000] {processor.py:183} INFO - Processing /home/airflow/.local/lib/python3.8/site-packages/airflow/example_dags/example_latest_only_with_trigger.py took 0.090 seconds
[2024-10-01T00:22:28.161+0000] {processor.py:161} INFO - Started process (PID=3517) to work on /home/airflow/.local/lib/python3.8/site-packages/airflow/example_dags/example_latest_only_with_trigger.py
[2024-10-01T00:22:28.164+0000] {processor.py:830} INFO - Processing file /home/airflow/.local/lib/python3.8/site-packages/airflow/example_dags/example_latest_only_with_trigger.py for tasks to queue
[2024-10-01T00:22:28.166+0000] {logging_mixin.py:188} INFO - [2024-10-01T00:22:28.165+0000] {dagbag.py:538} INFO - Filling up the DagBag from /home/airflow/.local/lib/python3.8/site-packages/airflow/example_dags/example_latest_only_with_trigger.py
[2024-10-01T00:22:28.172+0000] {processor.py:840} INFO - DAG(s) 'latest_only_with_trigger' retrieved from /home/airflow/.local/lib/python3.8/site-packages/airflow/example_dags/example_latest_only_with_trigger.py
[2024-10-01T00:22:28.209+0000] {logging_mixin.py:188} INFO - [2024-10-01T00:22:28.208+0000] {dag.py:3036} INFO - Sync 1 DAGs
[2024-10-01T00:22:28.295+0000] {logging_mixin.py:188} INFO - [2024-10-01T00:22:28.295+0000] {dag.py:3823} INFO - Setting next_dagrun for latest_only_with_trigger to 2024-09-30 20:00:00+00:00, run_after=2024-10-01 00:00:00+00:00
[2024-10-01T00:22:28.340+0000] {processor.py:183} INFO - Processing /home/airflow/.local/lib/python3.8/site-packages/airflow/example_dags/example_latest_only_with_trigger.py took 0.183 seconds
[2024-10-01T00:22:58.428+0000] {processor.py:161} INFO - Started process (PID=3583) to work on /home/airflow/.local/lib/python3.8/site-packages/airflow/example_dags/example_latest_only_with_trigger.py
[2024-10-01T00:22:58.430+0000] {processor.py:830} INFO - Processing file /home/airflow/.local/lib/python3.8/site-packages/airflow/example_dags/example_latest_only_with_trigger.py for tasks to queue
[2024-10-01T00:22:58.432+0000] {logging_mixin.py:188} INFO - [2024-10-01T00:22:58.432+0000] {dagbag.py:538} INFO - Filling up the DagBag from /home/airflow/.local/lib/python3.8/site-packages/airflow/example_dags/example_latest_only_with_trigger.py
[2024-10-01T00:22:58.439+0000] {processor.py:840} INFO - DAG(s) 'latest_only_with_trigger' retrieved from /home/airflow/.local/lib/python3.8/site-packages/airflow/example_dags/example_latest_only_with_trigger.py
[2024-10-01T00:22:58.471+0000] {logging_mixin.py:188} INFO - [2024-10-01T00:22:58.470+0000] {dag.py:3036} INFO - Sync 1 DAGs
[2024-10-01T00:22:58.504+0000] {logging_mixin.py:188} INFO - [2024-10-01T00:22:58.504+0000] {dag.py:3823} INFO - Setting next_dagrun for latest_only_with_trigger to 2024-09-30 20:00:00+00:00, run_after=2024-10-01 00:00:00+00:00
[2024-10-01T00:22:58.542+0000] {processor.py:183} INFO - Processing /home/airflow/.local/lib/python3.8/site-packages/airflow/example_dags/example_latest_only_with_trigger.py took 0.118 seconds
[2024-10-01T00:23:28.674+0000] {processor.py:161} INFO - Started process (PID=3650) to work on /home/airflow/.local/lib/python3.8/site-packages/airflow/example_dags/example_latest_only_with_trigger.py
[2024-10-01T00:23:28.677+0000] {processor.py:830} INFO - Processing file /home/airflow/.local/lib/python3.8/site-packages/airflow/example_dags/example_latest_only_with_trigger.py for tasks to queue
[2024-10-01T00:23:28.679+0000] {logging_mixin.py:188} INFO - [2024-10-01T00:23:28.679+0000] {dagbag.py:538} INFO - Filling up the DagBag from /home/airflow/.local/lib/python3.8/site-packages/airflow/example_dags/example_latest_only_with_trigger.py
[2024-10-01T00:23:28.686+0000] {processor.py:840} INFO - DAG(s) 'latest_only_with_trigger' retrieved from /home/airflow/.local/lib/python3.8/site-packages/airflow/example_dags/example_latest_only_with_trigger.py
[2024-10-01T00:23:28.717+0000] {logging_mixin.py:188} INFO - [2024-10-01T00:23:28.716+0000] {dag.py:3036} INFO - Sync 1 DAGs
[2024-10-01T00:23:28.759+0000] {logging_mixin.py:188} INFO - [2024-10-01T00:23:28.759+0000] {dag.py:3823} INFO - Setting next_dagrun for latest_only_with_trigger to 2024-09-30 20:00:00+00:00, run_after=2024-10-01 00:00:00+00:00
[2024-10-01T00:23:28.798+0000] {processor.py:183} INFO - Processing /home/airflow/.local/lib/python3.8/site-packages/airflow/example_dags/example_latest_only_with_trigger.py took 0.128 seconds
[2024-10-01T00:23:59.189+0000] {processor.py:161} INFO - Started process (PID=3716) to work on /home/airflow/.local/lib/python3.8/site-packages/airflow/example_dags/example_latest_only_with_trigger.py
[2024-10-01T00:23:59.207+0000] {processor.py:830} INFO - Processing file /home/airflow/.local/lib/python3.8/site-packages/airflow/example_dags/example_latest_only_with_trigger.py for tasks to queue
[2024-10-01T00:23:59.212+0000] {logging_mixin.py:188} INFO - [2024-10-01T00:23:59.211+0000] {dagbag.py:538} INFO - Filling up the DagBag from /home/airflow/.local/lib/python3.8/site-packages/airflow/example_dags/example_latest_only_with_trigger.py
[2024-10-01T00:23:59.227+0000] {processor.py:840} INFO - DAG(s) 'latest_only_with_trigger' retrieved from /home/airflow/.local/lib/python3.8/site-packages/airflow/example_dags/example_latest_only_with_trigger.py
[2024-10-01T00:23:59.283+0000] {logging_mixin.py:188} INFO - [2024-10-01T00:23:59.283+0000] {dag.py:3036} INFO - Sync 1 DAGs
[2024-10-01T00:23:59.345+0000] {logging_mixin.py:188} INFO - [2024-10-01T00:23:59.344+0000] {dag.py:3823} INFO - Setting next_dagrun for latest_only_with_trigger to 2024-09-30 20:00:00+00:00, run_after=2024-10-01 00:00:00+00:00
[2024-10-01T00:23:59.400+0000] {processor.py:183} INFO - Processing /home/airflow/.local/lib/python3.8/site-packages/airflow/example_dags/example_latest_only_with_trigger.py took 0.221 seconds
[2024-10-01T00:24:29.681+0000] {processor.py:161} INFO - Started process (PID=3782) to work on /home/airflow/.local/lib/python3.8/site-packages/airflow/example_dags/example_latest_only_with_trigger.py
[2024-10-01T00:24:29.686+0000] {processor.py:830} INFO - Processing file /home/airflow/.local/lib/python3.8/site-packages/airflow/example_dags/example_latest_only_with_trigger.py for tasks to queue
[2024-10-01T00:24:29.693+0000] {logging_mixin.py:188} INFO - [2024-10-01T00:24:29.692+0000] {dagbag.py:538} INFO - Filling up the DagBag from /home/airflow/.local/lib/python3.8/site-packages/airflow/example_dags/example_latest_only_with_trigger.py
[2024-10-01T00:24:29.706+0000] {processor.py:840} INFO - DAG(s) 'latest_only_with_trigger' retrieved from /home/airflow/.local/lib/python3.8/site-packages/airflow/example_dags/example_latest_only_with_trigger.py
[2024-10-01T00:24:29.761+0000] {logging_mixin.py:188} INFO - [2024-10-01T00:24:29.760+0000] {dag.py:3036} INFO - Sync 1 DAGs
[2024-10-01T00:24:29.822+0000] {logging_mixin.py:188} INFO - [2024-10-01T00:24:29.821+0000] {dag.py:3823} INFO - Setting next_dagrun for latest_only_with_trigger to 2024-09-30 20:00:00+00:00, run_after=2024-10-01 00:00:00+00:00
[2024-10-01T00:24:29.869+0000] {processor.py:183} INFO - Processing /home/airflow/.local/lib/python3.8/site-packages/airflow/example_dags/example_latest_only_with_trigger.py took 0.197 seconds
[2024-10-01T00:25:00.119+0000] {processor.py:161} INFO - Started process (PID=3848) to work on /home/airflow/.local/lib/python3.8/site-packages/airflow/example_dags/example_latest_only_with_trigger.py
[2024-10-01T00:25:00.122+0000] {processor.py:830} INFO - Processing file /home/airflow/.local/lib/python3.8/site-packages/airflow/example_dags/example_latest_only_with_trigger.py for tasks to queue
[2024-10-01T00:25:00.128+0000] {logging_mixin.py:188} INFO - [2024-10-01T00:25:00.128+0000] {dagbag.py:538} INFO - Filling up the DagBag from /home/airflow/.local/lib/python3.8/site-packages/airflow/example_dags/example_latest_only_with_trigger.py
[2024-10-01T00:25:00.142+0000] {processor.py:840} INFO - DAG(s) 'latest_only_with_trigger' retrieved from /home/airflow/.local/lib/python3.8/site-packages/airflow/example_dags/example_latest_only_with_trigger.py
[2024-10-01T00:25:00.202+0000] {logging_mixin.py:188} INFO - [2024-10-01T00:25:00.201+0000] {dag.py:3036} INFO - Sync 1 DAGs
[2024-10-01T00:25:00.271+0000] {logging_mixin.py:188} INFO - [2024-10-01T00:25:00.270+0000] {dag.py:3823} INFO - Setting next_dagrun for latest_only_with_trigger to 2024-09-30 20:00:00+00:00, run_after=2024-10-01 00:00:00+00:00
[2024-10-01T00:25:00.327+0000] {processor.py:183} INFO - Processing /home/airflow/.local/lib/python3.8/site-packages/airflow/example_dags/example_latest_only_with_trigger.py took 0.217 seconds
[2024-10-01T00:25:30.910+0000] {processor.py:161} INFO - Started process (PID=3914) to work on /home/airflow/.local/lib/python3.8/site-packages/airflow/example_dags/example_latest_only_with_trigger.py
[2024-10-01T00:25:30.918+0000] {processor.py:830} INFO - Processing file /home/airflow/.local/lib/python3.8/site-packages/airflow/example_dags/example_latest_only_with_trigger.py for tasks to queue
[2024-10-01T00:25:30.939+0000] {logging_mixin.py:188} INFO - [2024-10-01T00:25:30.935+0000] {dagbag.py:538} INFO - Filling up the DagBag from /home/airflow/.local/lib/python3.8/site-packages/airflow/example_dags/example_latest_only_with_trigger.py
[2024-10-01T00:25:30.990+0000] {processor.py:840} INFO - DAG(s) 'latest_only_with_trigger' retrieved from /home/airflow/.local/lib/python3.8/site-packages/airflow/example_dags/example_latest_only_with_trigger.py
[2024-10-01T00:25:31.184+0000] {logging_mixin.py:188} INFO - [2024-10-01T00:25:31.183+0000] {dag.py:3036} INFO - Sync 1 DAGs
[2024-10-01T00:25:31.341+0000] {logging_mixin.py:188} INFO - [2024-10-01T00:25:31.340+0000] {dag.py:3823} INFO - Setting next_dagrun for latest_only_with_trigger to 2024-09-30 20:00:00+00:00, run_after=2024-10-01 00:00:00+00:00
[2024-10-01T00:25:31.458+0000] {processor.py:183} INFO - Processing /home/airflow/.local/lib/python3.8/site-packages/airflow/example_dags/example_latest_only_with_trigger.py took 0.575 seconds
[2024-10-01T00:26:02.065+0000] {processor.py:161} INFO - Started process (PID=3980) to work on /home/airflow/.local/lib/python3.8/site-packages/airflow/example_dags/example_latest_only_with_trigger.py
[2024-10-01T00:26:02.067+0000] {processor.py:830} INFO - Processing file /home/airflow/.local/lib/python3.8/site-packages/airflow/example_dags/example_latest_only_with_trigger.py for tasks to queue
[2024-10-01T00:26:02.069+0000] {logging_mixin.py:188} INFO - [2024-10-01T00:26:02.069+0000] {dagbag.py:538} INFO - Filling up the DagBag from /home/airflow/.local/lib/python3.8/site-packages/airflow/example_dags/example_latest_only_with_trigger.py
[2024-10-01T00:26:02.075+0000] {processor.py:840} INFO - DAG(s) 'latest_only_with_trigger' retrieved from /home/airflow/.local/lib/python3.8/site-packages/airflow/example_dags/example_latest_only_with_trigger.py
[2024-10-01T00:26:02.099+0000] {logging_mixin.py:188} INFO - [2024-10-01T00:26:02.099+0000] {dag.py:3036} INFO - Sync 1 DAGs
[2024-10-01T00:26:02.123+0000] {logging_mixin.py:188} INFO - [2024-10-01T00:26:02.123+0000] {dag.py:3823} INFO - Setting next_dagrun for latest_only_with_trigger to 2024-09-30 20:00:00+00:00, run_after=2024-10-01 00:00:00+00:00
[2024-10-01T00:26:02.146+0000] {processor.py:183} INFO - Processing /home/airflow/.local/lib/python3.8/site-packages/airflow/example_dags/example_latest_only_with_trigger.py took 0.085 seconds
[2024-10-01T00:26:32.486+0000] {processor.py:161} INFO - Started process (PID=4046) to work on /home/airflow/.local/lib/python3.8/site-packages/airflow/example_dags/example_latest_only_with_trigger.py
[2024-10-01T00:26:32.488+0000] {processor.py:830} INFO - Processing file /home/airflow/.local/lib/python3.8/site-packages/airflow/example_dags/example_latest_only_with_trigger.py for tasks to queue
[2024-10-01T00:26:32.492+0000] {logging_mixin.py:188} INFO - [2024-10-01T00:26:32.491+0000] {dagbag.py:538} INFO - Filling up the DagBag from /home/airflow/.local/lib/python3.8/site-packages/airflow/example_dags/example_latest_only_with_trigger.py
[2024-10-01T00:26:32.502+0000] {processor.py:840} INFO - DAG(s) 'latest_only_with_trigger' retrieved from /home/airflow/.local/lib/python3.8/site-packages/airflow/example_dags/example_latest_only_with_trigger.py
[2024-10-01T00:26:32.551+0000] {logging_mixin.py:188} INFO - [2024-10-01T00:26:32.550+0000] {dag.py:3036} INFO - Sync 1 DAGs
[2024-10-01T00:26:32.619+0000] {logging_mixin.py:188} INFO - [2024-10-01T00:26:32.618+0000] {dag.py:3823} INFO - Setting next_dagrun for latest_only_with_trigger to 2024-09-30 20:00:00+00:00, run_after=2024-10-01 00:00:00+00:00
[2024-10-01T00:26:32.669+0000] {processor.py:183} INFO - Processing /home/airflow/.local/lib/python3.8/site-packages/airflow/example_dags/example_latest_only_with_trigger.py took 0.190 seconds
[2024-10-01T00:27:03.234+0000] {processor.py:161} INFO - Started process (PID=4112) to work on /home/airflow/.local/lib/python3.8/site-packages/airflow/example_dags/example_latest_only_with_trigger.py
[2024-10-01T00:27:03.237+0000] {processor.py:830} INFO - Processing file /home/airflow/.local/lib/python3.8/site-packages/airflow/example_dags/example_latest_only_with_trigger.py for tasks to queue
[2024-10-01T00:27:03.245+0000] {logging_mixin.py:188} INFO - [2024-10-01T00:27:03.245+0000] {dagbag.py:538} INFO - Filling up the DagBag from /home/airflow/.local/lib/python3.8/site-packages/airflow/example_dags/example_latest_only_with_trigger.py
[2024-10-01T00:27:03.263+0000] {processor.py:840} INFO - DAG(s) 'latest_only_with_trigger' retrieved from /home/airflow/.local/lib/python3.8/site-packages/airflow/example_dags/example_latest_only_with_trigger.py
[2024-10-01T00:27:03.327+0000] {logging_mixin.py:188} INFO - [2024-10-01T00:27:03.326+0000] {dag.py:3036} INFO - Sync 1 DAGs
[2024-10-01T00:27:03.397+0000] {logging_mixin.py:188} INFO - [2024-10-01T00:27:03.396+0000] {dag.py:3823} INFO - Setting next_dagrun for latest_only_with_trigger to 2024-09-30 20:00:00+00:00, run_after=2024-10-01 00:00:00+00:00
[2024-10-01T00:27:03.452+0000] {processor.py:183} INFO - Processing /home/airflow/.local/lib/python3.8/site-packages/airflow/example_dags/example_latest_only_with_trigger.py took 0.231 seconds
[2024-10-01T00:27:33.766+0000] {processor.py:161} INFO - Started process (PID=4178) to work on /home/airflow/.local/lib/python3.8/site-packages/airflow/example_dags/example_latest_only_with_trigger.py
[2024-10-01T00:27:33.774+0000] {processor.py:830} INFO - Processing file /home/airflow/.local/lib/python3.8/site-packages/airflow/example_dags/example_latest_only_with_trigger.py for tasks to queue
[2024-10-01T00:27:33.779+0000] {logging_mixin.py:188} INFO - [2024-10-01T00:27:33.779+0000] {dagbag.py:538} INFO - Filling up the DagBag from /home/airflow/.local/lib/python3.8/site-packages/airflow/example_dags/example_latest_only_with_trigger.py
[2024-10-01T00:27:33.789+0000] {processor.py:840} INFO - DAG(s) 'latest_only_with_trigger' retrieved from /home/airflow/.local/lib/python3.8/site-packages/airflow/example_dags/example_latest_only_with_trigger.py
[2024-10-01T00:27:33.827+0000] {logging_mixin.py:188} INFO - [2024-10-01T00:27:33.827+0000] {dag.py:3036} INFO - Sync 1 DAGs
[2024-10-01T00:27:33.868+0000] {logging_mixin.py:188} INFO - [2024-10-01T00:27:33.867+0000] {dag.py:3823} INFO - Setting next_dagrun for latest_only_with_trigger to 2024-09-30 20:00:00+00:00, run_after=2024-10-01 00:00:00+00:00
[2024-10-01T00:27:33.900+0000] {processor.py:183} INFO - Processing /home/airflow/.local/lib/python3.8/site-packages/airflow/example_dags/example_latest_only_with_trigger.py took 0.140 seconds
[2024-10-01T00:28:04.115+0000] {processor.py:161} INFO - Started process (PID=4244) to work on /home/airflow/.local/lib/python3.8/site-packages/airflow/example_dags/example_latest_only_with_trigger.py
[2024-10-01T00:28:04.118+0000] {processor.py:830} INFO - Processing file /home/airflow/.local/lib/python3.8/site-packages/airflow/example_dags/example_latest_only_with_trigger.py for tasks to queue
[2024-10-01T00:28:04.125+0000] {logging_mixin.py:188} INFO - [2024-10-01T00:28:04.124+0000] {dagbag.py:538} INFO - Filling up the DagBag from /home/airflow/.local/lib/python3.8/site-packages/airflow/example_dags/example_latest_only_with_trigger.py
[2024-10-01T00:28:04.141+0000] {processor.py:840} INFO - DAG(s) 'latest_only_with_trigger' retrieved from /home/airflow/.local/lib/python3.8/site-packages/airflow/example_dags/example_latest_only_with_trigger.py
[2024-10-01T00:28:04.199+0000] {logging_mixin.py:188} INFO - [2024-10-01T00:28:04.198+0000] {dag.py:3036} INFO - Sync 1 DAGs
[2024-10-01T00:28:04.263+0000] {logging_mixin.py:188} INFO - [2024-10-01T00:28:04.262+0000] {dag.py:3823} INFO - Setting next_dagrun for latest_only_with_trigger to 2024-09-30 20:00:00+00:00, run_after=2024-10-01 00:00:00+00:00
[2024-10-01T00:28:04.316+0000] {processor.py:183} INFO - Processing /home/airflow/.local/lib/python3.8/site-packages/airflow/example_dags/example_latest_only_with_trigger.py took 0.210 seconds
[2024-10-01T00:28:34.363+0000] {processor.py:161} INFO - Started process (PID=4302) to work on /home/airflow/.local/lib/python3.8/site-packages/airflow/example_dags/example_latest_only_with_trigger.py
[2024-10-01T00:28:34.370+0000] {processor.py:830} INFO - Processing file /home/airflow/.local/lib/python3.8/site-packages/airflow/example_dags/example_latest_only_with_trigger.py for tasks to queue
[2024-10-01T00:28:34.376+0000] {logging_mixin.py:188} INFO - [2024-10-01T00:28:34.375+0000] {dagbag.py:538} INFO - Filling up the DagBag from /home/airflow/.local/lib/python3.8/site-packages/airflow/example_dags/example_latest_only_with_trigger.py
[2024-10-01T00:28:34.389+0000] {processor.py:840} INFO - DAG(s) 'latest_only_with_trigger' retrieved from /home/airflow/.local/lib/python3.8/site-packages/airflow/example_dags/example_latest_only_with_trigger.py
[2024-10-01T00:28:34.443+0000] {logging_mixin.py:188} INFO - [2024-10-01T00:28:34.442+0000] {dag.py:3036} INFO - Sync 1 DAGs
[2024-10-01T00:28:34.500+0000] {logging_mixin.py:188} INFO - [2024-10-01T00:28:34.499+0000] {dag.py:3823} INFO - Setting next_dagrun for latest_only_with_trigger to 2024-09-30 20:00:00+00:00, run_after=2024-10-01 00:00:00+00:00
[2024-10-01T00:28:34.545+0000] {processor.py:183} INFO - Processing /home/airflow/.local/lib/python3.8/site-packages/airflow/example_dags/example_latest_only_with_trigger.py took 0.191 seconds
[2024-10-01T00:29:05.282+0000] {processor.py:161} INFO - Started process (PID=4368) to work on /home/airflow/.local/lib/python3.8/site-packages/airflow/example_dags/example_latest_only_with_trigger.py
[2024-10-01T00:29:05.285+0000] {processor.py:830} INFO - Processing file /home/airflow/.local/lib/python3.8/site-packages/airflow/example_dags/example_latest_only_with_trigger.py for tasks to queue
[2024-10-01T00:29:05.290+0000] {logging_mixin.py:188} INFO - [2024-10-01T00:29:05.290+0000] {dagbag.py:538} INFO - Filling up the DagBag from /home/airflow/.local/lib/python3.8/site-packages/airflow/example_dags/example_latest_only_with_trigger.py
[2024-10-01T00:29:05.302+0000] {processor.py:840} INFO - DAG(s) 'latest_only_with_trigger' retrieved from /home/airflow/.local/lib/python3.8/site-packages/airflow/example_dags/example_latest_only_with_trigger.py
[2024-10-01T00:29:05.349+0000] {logging_mixin.py:188} INFO - [2024-10-01T00:29:05.348+0000] {dag.py:3036} INFO - Sync 1 DAGs
[2024-10-01T00:29:05.398+0000] {logging_mixin.py:188} INFO - [2024-10-01T00:29:05.397+0000] {dag.py:3823} INFO - Setting next_dagrun for latest_only_with_trigger to 2024-09-30 20:00:00+00:00, run_after=2024-10-01 00:00:00+00:00
[2024-10-01T00:29:05.442+0000] {processor.py:183} INFO - Processing /home/airflow/.local/lib/python3.8/site-packages/airflow/example_dags/example_latest_only_with_trigger.py took 0.167 seconds
[2024-10-01T00:29:36.224+0000] {processor.py:161} INFO - Started process (PID=4434) to work on /home/airflow/.local/lib/python3.8/site-packages/airflow/example_dags/example_latest_only_with_trigger.py
[2024-10-01T00:29:36.228+0000] {processor.py:830} INFO - Processing file /home/airflow/.local/lib/python3.8/site-packages/airflow/example_dags/example_latest_only_with_trigger.py for tasks to queue
[2024-10-01T00:29:36.237+0000] {logging_mixin.py:188} INFO - [2024-10-01T00:29:36.236+0000] {dagbag.py:538} INFO - Filling up the DagBag from /home/airflow/.local/lib/python3.8/site-packages/airflow/example_dags/example_latest_only_with_trigger.py
[2024-10-01T00:29:36.256+0000] {processor.py:840} INFO - DAG(s) 'latest_only_with_trigger' retrieved from /home/airflow/.local/lib/python3.8/site-packages/airflow/example_dags/example_latest_only_with_trigger.py
[2024-10-01T00:29:36.335+0000] {logging_mixin.py:188} INFO - [2024-10-01T00:29:36.334+0000] {dag.py:3036} INFO - Sync 1 DAGs
[2024-10-01T00:29:36.409+0000] {logging_mixin.py:188} INFO - [2024-10-01T00:29:36.408+0000] {dag.py:3823} INFO - Setting next_dagrun for latest_only_with_trigger to 2024-09-30 20:00:00+00:00, run_after=2024-10-01 00:00:00+00:00
[2024-10-01T00:29:36.473+0000] {processor.py:183} INFO - Processing /home/airflow/.local/lib/python3.8/site-packages/airflow/example_dags/example_latest_only_with_trigger.py took 0.263 seconds
[2024-10-01T00:30:06.824+0000] {processor.py:161} INFO - Started process (PID=4500) to work on /home/airflow/.local/lib/python3.8/site-packages/airflow/example_dags/example_latest_only_with_trigger.py
[2024-10-01T00:30:06.827+0000] {processor.py:830} INFO - Processing file /home/airflow/.local/lib/python3.8/site-packages/airflow/example_dags/example_latest_only_with_trigger.py for tasks to queue
[2024-10-01T00:30:06.835+0000] {logging_mixin.py:188} INFO - [2024-10-01T00:30:06.834+0000] {dagbag.py:538} INFO - Filling up the DagBag from /home/airflow/.local/lib/python3.8/site-packages/airflow/example_dags/example_latest_only_with_trigger.py
[2024-10-01T00:30:06.852+0000] {processor.py:840} INFO - DAG(s) 'latest_only_with_trigger' retrieved from /home/airflow/.local/lib/python3.8/site-packages/airflow/example_dags/example_latest_only_with_trigger.py
[2024-10-01T00:30:06.943+0000] {logging_mixin.py:188} INFO - [2024-10-01T00:30:06.942+0000] {dag.py:3036} INFO - Sync 1 DAGs
[2024-10-01T00:30:07.020+0000] {logging_mixin.py:188} INFO - [2024-10-01T00:30:07.019+0000] {dag.py:3823} INFO - Setting next_dagrun for latest_only_with_trigger to 2024-09-30 20:00:00+00:00, run_after=2024-10-01 00:00:00+00:00
[2024-10-01T00:30:07.079+0000] {processor.py:183} INFO - Processing /home/airflow/.local/lib/python3.8/site-packages/airflow/example_dags/example_latest_only_with_trigger.py took 0.267 seconds
[2024-10-01T00:30:37.831+0000] {processor.py:161} INFO - Started process (PID=4566) to work on /home/airflow/.local/lib/python3.8/site-packages/airflow/example_dags/example_latest_only_with_trigger.py
[2024-10-01T00:30:37.836+0000] {processor.py:830} INFO - Processing file /home/airflow/.local/lib/python3.8/site-packages/airflow/example_dags/example_latest_only_with_trigger.py for tasks to queue
[2024-10-01T00:30:37.846+0000] {logging_mixin.py:188} INFO - [2024-10-01T00:30:37.845+0000] {dagbag.py:538} INFO - Filling up the DagBag from /home/airflow/.local/lib/python3.8/site-packages/airflow/example_dags/example_latest_only_with_trigger.py
[2024-10-01T00:30:37.872+0000] {processor.py:840} INFO - DAG(s) 'latest_only_with_trigger' retrieved from /home/airflow/.local/lib/python3.8/site-packages/airflow/example_dags/example_latest_only_with_trigger.py
[2024-10-01T00:30:38.006+0000] {logging_mixin.py:188} INFO - [2024-10-01T00:30:38.005+0000] {dag.py:3036} INFO - Sync 1 DAGs
[2024-10-01T00:30:38.231+0000] {logging_mixin.py:188} INFO - [2024-10-01T00:30:38.228+0000] {dag.py:3823} INFO - Setting next_dagrun for latest_only_with_trigger to 2024-09-30 20:00:00+00:00, run_after=2024-10-01 00:00:00+00:00
[2024-10-01T00:30:38.411+0000] {processor.py:183} INFO - Processing /home/airflow/.local/lib/python3.8/site-packages/airflow/example_dags/example_latest_only_with_trigger.py took 0.594 seconds
[2024-10-01T00:31:08.559+0000] {processor.py:161} INFO - Started process (PID=4632) to work on /home/airflow/.local/lib/python3.8/site-packages/airflow/example_dags/example_latest_only_with_trigger.py
[2024-10-01T00:31:08.564+0000] {processor.py:830} INFO - Processing file /home/airflow/.local/lib/python3.8/site-packages/airflow/example_dags/example_latest_only_with_trigger.py for tasks to queue
[2024-10-01T00:31:08.569+0000] {logging_mixin.py:188} INFO - [2024-10-01T00:31:08.568+0000] {dagbag.py:538} INFO - Filling up the DagBag from /home/airflow/.local/lib/python3.8/site-packages/airflow/example_dags/example_latest_only_with_trigger.py
[2024-10-01T00:31:08.579+0000] {processor.py:840} INFO - DAG(s) 'latest_only_with_trigger' retrieved from /home/airflow/.local/lib/python3.8/site-packages/airflow/example_dags/example_latest_only_with_trigger.py
[2024-10-01T00:31:08.622+0000] {logging_mixin.py:188} INFO - [2024-10-01T00:31:08.621+0000] {dag.py:3036} INFO - Sync 1 DAGs
[2024-10-01T00:31:08.666+0000] {logging_mixin.py:188} INFO - [2024-10-01T00:31:08.665+0000] {dag.py:3823} INFO - Setting next_dagrun for latest_only_with_trigger to 2024-09-30 20:00:00+00:00, run_after=2024-10-01 00:00:00+00:00
[2024-10-01T00:31:08.702+0000] {processor.py:183} INFO - Processing /home/airflow/.local/lib/python3.8/site-packages/airflow/example_dags/example_latest_only_with_trigger.py took 0.150 seconds
[2024-10-01T00:31:39.140+0000] {processor.py:161} INFO - Started process (PID=4697) to work on /home/airflow/.local/lib/python3.8/site-packages/airflow/example_dags/example_latest_only_with_trigger.py
[2024-10-01T00:31:39.146+0000] {processor.py:830} INFO - Processing file /home/airflow/.local/lib/python3.8/site-packages/airflow/example_dags/example_latest_only_with_trigger.py for tasks to queue
[2024-10-01T00:31:39.153+0000] {logging_mixin.py:188} INFO - [2024-10-01T00:31:39.152+0000] {dagbag.py:538} INFO - Filling up the DagBag from /home/airflow/.local/lib/python3.8/site-packages/airflow/example_dags/example_latest_only_with_trigger.py
[2024-10-01T00:31:39.179+0000] {processor.py:840} INFO - DAG(s) 'latest_only_with_trigger' retrieved from /home/airflow/.local/lib/python3.8/site-packages/airflow/example_dags/example_latest_only_with_trigger.py
[2024-10-01T00:31:39.276+0000] {logging_mixin.py:188} INFO - [2024-10-01T00:31:39.275+0000] {dag.py:3036} INFO - Sync 1 DAGs
[2024-10-01T00:31:39.394+0000] {logging_mixin.py:188} INFO - [2024-10-01T00:31:39.393+0000] {dag.py:3823} INFO - Setting next_dagrun for latest_only_with_trigger to 2024-09-30 20:00:00+00:00, run_after=2024-10-01 00:00:00+00:00
[2024-10-01T00:31:39.471+0000] {processor.py:183} INFO - Processing /home/airflow/.local/lib/python3.8/site-packages/airflow/example_dags/example_latest_only_with_trigger.py took 0.350 seconds
[2024-10-01T00:32:09.817+0000] {processor.py:161} INFO - Started process (PID=4755) to work on /home/airflow/.local/lib/python3.8/site-packages/airflow/example_dags/example_latest_only_with_trigger.py
[2024-10-01T00:32:09.831+0000] {processor.py:830} INFO - Processing file /home/airflow/.local/lib/python3.8/site-packages/airflow/example_dags/example_latest_only_with_trigger.py for tasks to queue
[2024-10-01T00:32:09.836+0000] {logging_mixin.py:188} INFO - [2024-10-01T00:32:09.835+0000] {dagbag.py:538} INFO - Filling up the DagBag from /home/airflow/.local/lib/python3.8/site-packages/airflow/example_dags/example_latest_only_with_trigger.py
[2024-10-01T00:32:09.851+0000] {processor.py:840} INFO - DAG(s) 'latest_only_with_trigger' retrieved from /home/airflow/.local/lib/python3.8/site-packages/airflow/example_dags/example_latest_only_with_trigger.py
[2024-10-01T00:32:09.925+0000] {logging_mixin.py:188} INFO - [2024-10-01T00:32:09.924+0000] {dag.py:3036} INFO - Sync 1 DAGs
[2024-10-01T00:32:09.996+0000] {logging_mixin.py:188} INFO - [2024-10-01T00:32:09.996+0000] {dag.py:3823} INFO - Setting next_dagrun for latest_only_with_trigger to 2024-09-30 20:00:00+00:00, run_after=2024-10-01 00:00:00+00:00
[2024-10-01T00:32:10.057+0000] {processor.py:183} INFO - Processing /home/airflow/.local/lib/python3.8/site-packages/airflow/example_dags/example_latest_only_with_trigger.py took 0.250 seconds
[2024-10-01T00:32:40.574+0000] {processor.py:161} INFO - Started process (PID=4821) to work on /home/airflow/.local/lib/python3.8/site-packages/airflow/example_dags/example_latest_only_with_trigger.py
[2024-10-01T00:32:40.577+0000] {processor.py:830} INFO - Processing file /home/airflow/.local/lib/python3.8/site-packages/airflow/example_dags/example_latest_only_with_trigger.py for tasks to queue
[2024-10-01T00:32:40.584+0000] {logging_mixin.py:188} INFO - [2024-10-01T00:32:40.583+0000] {dagbag.py:538} INFO - Filling up the DagBag from /home/airflow/.local/lib/python3.8/site-packages/airflow/example_dags/example_latest_only_with_trigger.py
[2024-10-01T00:32:40.606+0000] {processor.py:840} INFO - DAG(s) 'latest_only_with_trigger' retrieved from /home/airflow/.local/lib/python3.8/site-packages/airflow/example_dags/example_latest_only_with_trigger.py
[2024-10-01T00:32:40.682+0000] {logging_mixin.py:188} INFO - [2024-10-01T00:32:40.681+0000] {dag.py:3036} INFO - Sync 1 DAGs
[2024-10-01T00:32:40.792+0000] {logging_mixin.py:188} INFO - [2024-10-01T00:32:40.791+0000] {dag.py:3823} INFO - Setting next_dagrun for latest_only_with_trigger to 2024-09-30 20:00:00+00:00, run_after=2024-10-01 00:00:00+00:00
[2024-10-01T00:32:40.912+0000] {processor.py:183} INFO - Processing /home/airflow/.local/lib/python3.8/site-packages/airflow/example_dags/example_latest_only_with_trigger.py took 0.351 seconds
[2024-10-01T00:33:11.133+0000] {processor.py:161} INFO - Started process (PID=4887) to work on /home/airflow/.local/lib/python3.8/site-packages/airflow/example_dags/example_latest_only_with_trigger.py
[2024-10-01T00:33:11.135+0000] {processor.py:830} INFO - Processing file /home/airflow/.local/lib/python3.8/site-packages/airflow/example_dags/example_latest_only_with_trigger.py for tasks to queue
[2024-10-01T00:33:11.139+0000] {logging_mixin.py:188} INFO - [2024-10-01T00:33:11.138+0000] {dagbag.py:538} INFO - Filling up the DagBag from /home/airflow/.local/lib/python3.8/site-packages/airflow/example_dags/example_latest_only_with_trigger.py
[2024-10-01T00:33:11.152+0000] {processor.py:840} INFO - DAG(s) 'latest_only_with_trigger' retrieved from /home/airflow/.local/lib/python3.8/site-packages/airflow/example_dags/example_latest_only_with_trigger.py
[2024-10-01T00:33:11.197+0000] {logging_mixin.py:188} INFO - [2024-10-01T00:33:11.197+0000] {dag.py:3036} INFO - Sync 1 DAGs
[2024-10-01T00:33:11.246+0000] {logging_mixin.py:188} INFO - [2024-10-01T00:33:11.245+0000] {dag.py:3823} INFO - Setting next_dagrun for latest_only_with_trigger to 2024-09-30 20:00:00+00:00, run_after=2024-10-01 00:00:00+00:00
[2024-10-01T00:33:11.284+0000] {processor.py:183} INFO - Processing /home/airflow/.local/lib/python3.8/site-packages/airflow/example_dags/example_latest_only_with_trigger.py took 0.159 seconds
[2024-10-01T00:33:41.569+0000] {processor.py:161} INFO - Started process (PID=4945) to work on /home/airflow/.local/lib/python3.8/site-packages/airflow/example_dags/example_latest_only_with_trigger.py
[2024-10-01T00:33:41.572+0000] {processor.py:830} INFO - Processing file /home/airflow/.local/lib/python3.8/site-packages/airflow/example_dags/example_latest_only_with_trigger.py for tasks to queue
[2024-10-01T00:33:41.577+0000] {logging_mixin.py:188} INFO - [2024-10-01T00:33:41.576+0000] {dagbag.py:538} INFO - Filling up the DagBag from /home/airflow/.local/lib/python3.8/site-packages/airflow/example_dags/example_latest_only_with_trigger.py
[2024-10-01T00:33:41.595+0000] {processor.py:840} INFO - DAG(s) 'latest_only_with_trigger' retrieved from /home/airflow/.local/lib/python3.8/site-packages/airflow/example_dags/example_latest_only_with_trigger.py
[2024-10-01T00:33:41.693+0000] {logging_mixin.py:188} INFO - [2024-10-01T00:33:41.692+0000] {dag.py:3036} INFO - Sync 1 DAGs
[2024-10-01T00:33:41.772+0000] {logging_mixin.py:188} INFO - [2024-10-01T00:33:41.772+0000] {dag.py:3823} INFO - Setting next_dagrun for latest_only_with_trigger to 2024-09-30 20:00:00+00:00, run_after=2024-10-01 00:00:00+00:00
[2024-10-01T00:33:41.838+0000] {processor.py:183} INFO - Processing /home/airflow/.local/lib/python3.8/site-packages/airflow/example_dags/example_latest_only_with_trigger.py took 0.280 seconds
[2024-10-01T00:34:11.948+0000] {processor.py:161} INFO - Started process (PID=5011) to work on /home/airflow/.local/lib/python3.8/site-packages/airflow/example_dags/example_latest_only_with_trigger.py
[2024-10-01T00:34:11.959+0000] {processor.py:830} INFO - Processing file /home/airflow/.local/lib/python3.8/site-packages/airflow/example_dags/example_latest_only_with_trigger.py for tasks to queue
[2024-10-01T00:34:11.964+0000] {logging_mixin.py:188} INFO - [2024-10-01T00:34:11.963+0000] {dagbag.py:538} INFO - Filling up the DagBag from /home/airflow/.local/lib/python3.8/site-packages/airflow/example_dags/example_latest_only_with_trigger.py
[2024-10-01T00:34:11.978+0000] {processor.py:840} INFO - DAG(s) 'latest_only_with_trigger' retrieved from /home/airflow/.local/lib/python3.8/site-packages/airflow/example_dags/example_latest_only_with_trigger.py
[2024-10-01T00:34:12.035+0000] {logging_mixin.py:188} INFO - [2024-10-01T00:34:12.034+0000] {dag.py:3036} INFO - Sync 1 DAGs
[2024-10-01T00:34:12.092+0000] {logging_mixin.py:188} INFO - [2024-10-01T00:34:12.092+0000] {dag.py:3823} INFO - Setting next_dagrun for latest_only_with_trigger to 2024-09-30 20:00:00+00:00, run_after=2024-10-01 00:00:00+00:00
[2024-10-01T00:34:12.147+0000] {processor.py:183} INFO - Processing /home/airflow/.local/lib/python3.8/site-packages/airflow/example_dags/example_latest_only_with_trigger.py took 0.208 seconds
[2024-10-01T00:34:42.788+0000] {processor.py:161} INFO - Started process (PID=5075) to work on /home/airflow/.local/lib/python3.8/site-packages/airflow/example_dags/example_latest_only_with_trigger.py
[2024-10-01T00:34:42.792+0000] {processor.py:830} INFO - Processing file /home/airflow/.local/lib/python3.8/site-packages/airflow/example_dags/example_latest_only_with_trigger.py for tasks to queue
[2024-10-01T00:34:42.797+0000] {logging_mixin.py:188} INFO - [2024-10-01T00:34:42.796+0000] {dagbag.py:538} INFO - Filling up the DagBag from /home/airflow/.local/lib/python3.8/site-packages/airflow/example_dags/example_latest_only_with_trigger.py
[2024-10-01T00:34:42.821+0000] {processor.py:840} INFO - DAG(s) 'latest_only_with_trigger' retrieved from /home/airflow/.local/lib/python3.8/site-packages/airflow/example_dags/example_latest_only_with_trigger.py
[2024-10-01T00:34:42.883+0000] {logging_mixin.py:188} INFO - [2024-10-01T00:34:42.883+0000] {dag.py:3036} INFO - Sync 1 DAGs
[2024-10-01T00:34:42.958+0000] {logging_mixin.py:188} INFO - [2024-10-01T00:34:42.957+0000] {dag.py:3823} INFO - Setting next_dagrun for latest_only_with_trigger to 2024-09-30 20:00:00+00:00, run_after=2024-10-01 00:00:00+00:00
[2024-10-01T00:34:43.042+0000] {processor.py:183} INFO - Processing /home/airflow/.local/lib/python3.8/site-packages/airflow/example_dags/example_latest_only_with_trigger.py took 0.266 seconds
