[2024-10-01T00:00:15.748+0000] {processor.py:161} INFO - Started process (PID=776) to work on /home/airflow/.local/lib/python3.8/site-packages/airflow/example_dags/example_sensors.py
[2024-10-01T00:00:15.754+0000] {processor.py:830} INFO - Processing file /home/airflow/.local/lib/python3.8/site-packages/airflow/example_dags/example_sensors.py for tasks to queue
[2024-10-01T00:00:15.770+0000] {logging_mixin.py:188} INFO - [2024-10-01T00:00:15.767+0000] {dagbag.py:538} INFO - Filling up the DagBag from /home/airflow/.local/lib/python3.8/site-packages/airflow/example_dags/example_sensors.py
[2024-10-01T00:00:15.850+0000] {processor.py:840} INFO - DAG(s) 'example_sensors' retrieved from /home/airflow/.local/lib/python3.8/site-packages/airflow/example_dags/example_sensors.py
[2024-10-01T00:00:16.023+0000] {logging_mixin.py:188} INFO - [2024-10-01T00:00:16.022+0000] {dag.py:3036} INFO - Sync 1 DAGs
[2024-10-01T00:00:16.121+0000] {logging_mixin.py:188} INFO - [2024-10-01T00:00:16.119+0000] {dag.py:3823} INFO - Setting next_dagrun for example_sensors to None, run_after=None
[2024-10-01T00:00:16.276+0000] {processor.py:183} INFO - Processing /home/airflow/.local/lib/python3.8/site-packages/airflow/example_dags/example_sensors.py took 0.564 seconds
[2024-10-01T00:00:46.680+0000] {processor.py:161} INFO - Started process (PID=842) to work on /home/airflow/.local/lib/python3.8/site-packages/airflow/example_dags/example_sensors.py
[2024-10-01T00:00:46.694+0000] {processor.py:830} INFO - Processing file /home/airflow/.local/lib/python3.8/site-packages/airflow/example_dags/example_sensors.py for tasks to queue
[2024-10-01T00:00:46.711+0000] {logging_mixin.py:188} INFO - [2024-10-01T00:00:46.709+0000] {dagbag.py:538} INFO - Filling up the DagBag from /home/airflow/.local/lib/python3.8/site-packages/airflow/example_dags/example_sensors.py
[2024-10-01T00:00:46.777+0000] {processor.py:840} INFO - DAG(s) 'example_sensors' retrieved from /home/airflow/.local/lib/python3.8/site-packages/airflow/example_dags/example_sensors.py
[2024-10-01T00:00:46.974+0000] {logging_mixin.py:188} INFO - [2024-10-01T00:00:46.972+0000] {dag.py:3036} INFO - Sync 1 DAGs
[2024-10-01T00:00:47.099+0000] {logging_mixin.py:188} INFO - [2024-10-01T00:00:47.098+0000] {dag.py:3823} INFO - Setting next_dagrun for example_sensors to None, run_after=None
[2024-10-01T00:00:47.272+0000] {processor.py:183} INFO - Processing /home/airflow/.local/lib/python3.8/site-packages/airflow/example_dags/example_sensors.py took 0.616 seconds
[2024-10-01T00:01:17.547+0000] {processor.py:161} INFO - Started process (PID=908) to work on /home/airflow/.local/lib/python3.8/site-packages/airflow/example_dags/example_sensors.py
[2024-10-01T00:01:17.557+0000] {processor.py:830} INFO - Processing file /home/airflow/.local/lib/python3.8/site-packages/airflow/example_dags/example_sensors.py for tasks to queue
[2024-10-01T00:01:17.577+0000] {logging_mixin.py:188} INFO - [2024-10-01T00:01:17.574+0000] {dagbag.py:538} INFO - Filling up the DagBag from /home/airflow/.local/lib/python3.8/site-packages/airflow/example_dags/example_sensors.py
[2024-10-01T00:01:17.683+0000] {processor.py:840} INFO - DAG(s) 'example_sensors' retrieved from /home/airflow/.local/lib/python3.8/site-packages/airflow/example_dags/example_sensors.py
[2024-10-01T00:01:17.916+0000] {logging_mixin.py:188} INFO - [2024-10-01T00:01:17.914+0000] {dag.py:3036} INFO - Sync 1 DAGs
[2024-10-01T00:01:18.028+0000] {logging_mixin.py:188} INFO - [2024-10-01T00:01:18.026+0000] {dag.py:3823} INFO - Setting next_dagrun for example_sensors to None, run_after=None
[2024-10-01T00:01:18.153+0000] {processor.py:183} INFO - Processing /home/airflow/.local/lib/python3.8/site-packages/airflow/example_dags/example_sensors.py took 0.639 seconds
[2024-10-01T00:01:49.067+0000] {processor.py:161} INFO - Started process (PID=966) to work on /home/airflow/.local/lib/python3.8/site-packages/airflow/example_dags/example_sensors.py
[2024-10-01T00:01:49.069+0000] {processor.py:830} INFO - Processing file /home/airflow/.local/lib/python3.8/site-packages/airflow/example_dags/example_sensors.py for tasks to queue
[2024-10-01T00:01:49.072+0000] {logging_mixin.py:188} INFO - [2024-10-01T00:01:49.071+0000] {dagbag.py:538} INFO - Filling up the DagBag from /home/airflow/.local/lib/python3.8/site-packages/airflow/example_dags/example_sensors.py
[2024-10-01T00:01:49.086+0000] {processor.py:840} INFO - DAG(s) 'example_sensors' retrieved from /home/airflow/.local/lib/python3.8/site-packages/airflow/example_dags/example_sensors.py
[2024-10-01T00:01:49.132+0000] {logging_mixin.py:188} INFO - [2024-10-01T00:01:49.132+0000] {dag.py:3036} INFO - Sync 1 DAGs
[2024-10-01T00:01:49.152+0000] {logging_mixin.py:188} INFO - [2024-10-01T00:01:49.152+0000] {dag.py:3823} INFO - Setting next_dagrun for example_sensors to None, run_after=None
[2024-10-01T00:01:49.182+0000] {processor.py:183} INFO - Processing /home/airflow/.local/lib/python3.8/site-packages/airflow/example_dags/example_sensors.py took 0.120 seconds
[2024-10-01T00:02:19.899+0000] {processor.py:161} INFO - Started process (PID=1032) to work on /home/airflow/.local/lib/python3.8/site-packages/airflow/example_dags/example_sensors.py
[2024-10-01T00:02:19.902+0000] {processor.py:830} INFO - Processing file /home/airflow/.local/lib/python3.8/site-packages/airflow/example_dags/example_sensors.py for tasks to queue
[2024-10-01T00:02:19.904+0000] {logging_mixin.py:188} INFO - [2024-10-01T00:02:19.904+0000] {dagbag.py:538} INFO - Filling up the DagBag from /home/airflow/.local/lib/python3.8/site-packages/airflow/example_dags/example_sensors.py
[2024-10-01T00:02:19.919+0000] {processor.py:840} INFO - DAG(s) 'example_sensors' retrieved from /home/airflow/.local/lib/python3.8/site-packages/airflow/example_dags/example_sensors.py
[2024-10-01T00:02:19.960+0000] {logging_mixin.py:188} INFO - [2024-10-01T00:02:19.960+0000] {dag.py:3036} INFO - Sync 1 DAGs
[2024-10-01T00:02:19.980+0000] {logging_mixin.py:188} INFO - [2024-10-01T00:02:19.979+0000] {dag.py:3823} INFO - Setting next_dagrun for example_sensors to None, run_after=None
[2024-10-01T00:02:20.015+0000] {processor.py:183} INFO - Processing /home/airflow/.local/lib/python3.8/site-packages/airflow/example_dags/example_sensors.py took 0.120 seconds
[2024-10-01T00:02:50.313+0000] {processor.py:161} INFO - Started process (PID=1098) to work on /home/airflow/.local/lib/python3.8/site-packages/airflow/example_dags/example_sensors.py
[2024-10-01T00:02:50.315+0000] {processor.py:830} INFO - Processing file /home/airflow/.local/lib/python3.8/site-packages/airflow/example_dags/example_sensors.py for tasks to queue
[2024-10-01T00:02:50.318+0000] {logging_mixin.py:188} INFO - [2024-10-01T00:02:50.317+0000] {dagbag.py:538} INFO - Filling up the DagBag from /home/airflow/.local/lib/python3.8/site-packages/airflow/example_dags/example_sensors.py
[2024-10-01T00:02:50.336+0000] {processor.py:840} INFO - DAG(s) 'example_sensors' retrieved from /home/airflow/.local/lib/python3.8/site-packages/airflow/example_dags/example_sensors.py
[2024-10-01T00:02:50.382+0000] {logging_mixin.py:188} INFO - [2024-10-01T00:02:50.382+0000] {dag.py:3036} INFO - Sync 1 DAGs
[2024-10-01T00:02:50.405+0000] {logging_mixin.py:188} INFO - [2024-10-01T00:02:50.404+0000] {dag.py:3823} INFO - Setting next_dagrun for example_sensors to None, run_after=None
[2024-10-01T00:02:50.439+0000] {processor.py:183} INFO - Processing /home/airflow/.local/lib/python3.8/site-packages/airflow/example_dags/example_sensors.py took 0.131 seconds
[2024-10-01T00:03:20.693+0000] {processor.py:161} INFO - Started process (PID=1164) to work on /home/airflow/.local/lib/python3.8/site-packages/airflow/example_dags/example_sensors.py
[2024-10-01T00:03:20.695+0000] {processor.py:830} INFO - Processing file /home/airflow/.local/lib/python3.8/site-packages/airflow/example_dags/example_sensors.py for tasks to queue
[2024-10-01T00:03:20.698+0000] {logging_mixin.py:188} INFO - [2024-10-01T00:03:20.697+0000] {dagbag.py:538} INFO - Filling up the DagBag from /home/airflow/.local/lib/python3.8/site-packages/airflow/example_dags/example_sensors.py
[2024-10-01T00:03:20.712+0000] {processor.py:840} INFO - DAG(s) 'example_sensors' retrieved from /home/airflow/.local/lib/python3.8/site-packages/airflow/example_dags/example_sensors.py
[2024-10-01T00:03:20.755+0000] {logging_mixin.py:188} INFO - [2024-10-01T00:03:20.755+0000] {dag.py:3036} INFO - Sync 1 DAGs
[2024-10-01T00:03:20.776+0000] {logging_mixin.py:188} INFO - [2024-10-01T00:03:20.775+0000] {dag.py:3823} INFO - Setting next_dagrun for example_sensors to None, run_after=None
[2024-10-01T00:03:20.811+0000] {processor.py:183} INFO - Processing /home/airflow/.local/lib/python3.8/site-packages/airflow/example_dags/example_sensors.py took 0.123 seconds
[2024-10-01T00:03:51.389+0000] {processor.py:161} INFO - Started process (PID=1230) to work on /home/airflow/.local/lib/python3.8/site-packages/airflow/example_dags/example_sensors.py
[2024-10-01T00:03:51.391+0000] {processor.py:830} INFO - Processing file /home/airflow/.local/lib/python3.8/site-packages/airflow/example_dags/example_sensors.py for tasks to queue
[2024-10-01T00:03:51.395+0000] {logging_mixin.py:188} INFO - [2024-10-01T00:03:51.395+0000] {dagbag.py:538} INFO - Filling up the DagBag from /home/airflow/.local/lib/python3.8/site-packages/airflow/example_dags/example_sensors.py
[2024-10-01T00:03:51.414+0000] {processor.py:840} INFO - DAG(s) 'example_sensors' retrieved from /home/airflow/.local/lib/python3.8/site-packages/airflow/example_dags/example_sensors.py
[2024-10-01T00:03:51.466+0000] {logging_mixin.py:188} INFO - [2024-10-01T00:03:51.466+0000] {dag.py:3036} INFO - Sync 1 DAGs
[2024-10-01T00:03:51.490+0000] {logging_mixin.py:188} INFO - [2024-10-01T00:03:51.490+0000] {dag.py:3823} INFO - Setting next_dagrun for example_sensors to None, run_after=None
[2024-10-01T00:03:51.531+0000] {processor.py:183} INFO - Processing /home/airflow/.local/lib/python3.8/site-packages/airflow/example_dags/example_sensors.py took 0.150 seconds
[2024-10-01T00:04:22.005+0000] {processor.py:161} INFO - Started process (PID=1296) to work on /home/airflow/.local/lib/python3.8/site-packages/airflow/example_dags/example_sensors.py
[2024-10-01T00:04:22.007+0000] {processor.py:830} INFO - Processing file /home/airflow/.local/lib/python3.8/site-packages/airflow/example_dags/example_sensors.py for tasks to queue
[2024-10-01T00:04:22.010+0000] {logging_mixin.py:188} INFO - [2024-10-01T00:04:22.009+0000] {dagbag.py:538} INFO - Filling up the DagBag from /home/airflow/.local/lib/python3.8/site-packages/airflow/example_dags/example_sensors.py
[2024-10-01T00:04:22.024+0000] {processor.py:840} INFO - DAG(s) 'example_sensors' retrieved from /home/airflow/.local/lib/python3.8/site-packages/airflow/example_dags/example_sensors.py
[2024-10-01T00:04:22.067+0000] {logging_mixin.py:188} INFO - [2024-10-01T00:04:22.066+0000] {dag.py:3036} INFO - Sync 1 DAGs
[2024-10-01T00:04:22.087+0000] {logging_mixin.py:188} INFO - [2024-10-01T00:04:22.086+0000] {dag.py:3823} INFO - Setting next_dagrun for example_sensors to None, run_after=None
[2024-10-01T00:04:22.125+0000] {processor.py:183} INFO - Processing /home/airflow/.local/lib/python3.8/site-packages/airflow/example_dags/example_sensors.py took 0.125 seconds
[2024-10-01T00:04:54.148+0000] {processor.py:161} INFO - Started process (PID=1362) to work on /home/airflow/.local/lib/python3.8/site-packages/airflow/example_dags/example_sensors.py
[2024-10-01T00:04:54.156+0000] {processor.py:830} INFO - Processing file /home/airflow/.local/lib/python3.8/site-packages/airflow/example_dags/example_sensors.py for tasks to queue
[2024-10-01T00:04:54.173+0000] {logging_mixin.py:188} INFO - [2024-10-01T00:04:54.170+0000] {dagbag.py:538} INFO - Filling up the DagBag from /home/airflow/.local/lib/python3.8/site-packages/airflow/example_dags/example_sensors.py
[2024-10-01T00:04:54.277+0000] {processor.py:840} INFO - DAG(s) 'example_sensors' retrieved from /home/airflow/.local/lib/python3.8/site-packages/airflow/example_dags/example_sensors.py
[2024-10-01T00:04:54.537+0000] {logging_mixin.py:188} INFO - [2024-10-01T00:04:54.535+0000] {dag.py:3036} INFO - Sync 1 DAGs
[2024-10-01T00:04:54.716+0000] {logging_mixin.py:188} INFO - [2024-10-01T00:04:54.714+0000] {dag.py:3823} INFO - Setting next_dagrun for example_sensors to None, run_after=None
[2024-10-01T00:04:54.930+0000] {processor.py:183} INFO - Processing /home/airflow/.local/lib/python3.8/site-packages/airflow/example_dags/example_sensors.py took 0.813 seconds
[2024-10-01T00:05:25.422+0000] {processor.py:161} INFO - Started process (PID=1428) to work on /home/airflow/.local/lib/python3.8/site-packages/airflow/example_dags/example_sensors.py
[2024-10-01T00:05:25.426+0000] {processor.py:830} INFO - Processing file /home/airflow/.local/lib/python3.8/site-packages/airflow/example_dags/example_sensors.py for tasks to queue
[2024-10-01T00:05:25.429+0000] {logging_mixin.py:188} INFO - [2024-10-01T00:05:25.429+0000] {dagbag.py:538} INFO - Filling up the DagBag from /home/airflow/.local/lib/python3.8/site-packages/airflow/example_dags/example_sensors.py
[2024-10-01T00:05:25.446+0000] {processor.py:840} INFO - DAG(s) 'example_sensors' retrieved from /home/airflow/.local/lib/python3.8/site-packages/airflow/example_dags/example_sensors.py
[2024-10-01T00:05:25.491+0000] {logging_mixin.py:188} INFO - [2024-10-01T00:05:25.490+0000] {dag.py:3036} INFO - Sync 1 DAGs
[2024-10-01T00:05:25.513+0000] {logging_mixin.py:188} INFO - [2024-10-01T00:05:25.513+0000] {dag.py:3823} INFO - Setting next_dagrun for example_sensors to None, run_after=None
[2024-10-01T00:05:25.548+0000] {processor.py:183} INFO - Processing /home/airflow/.local/lib/python3.8/site-packages/airflow/example_dags/example_sensors.py took 0.131 seconds
[2024-10-01T00:05:55.904+0000] {processor.py:161} INFO - Started process (PID=1494) to work on /home/airflow/.local/lib/python3.8/site-packages/airflow/example_dags/example_sensors.py
[2024-10-01T00:05:55.906+0000] {processor.py:830} INFO - Processing file /home/airflow/.local/lib/python3.8/site-packages/airflow/example_dags/example_sensors.py for tasks to queue
[2024-10-01T00:05:55.909+0000] {logging_mixin.py:188} INFO - [2024-10-01T00:05:55.909+0000] {dagbag.py:538} INFO - Filling up the DagBag from /home/airflow/.local/lib/python3.8/site-packages/airflow/example_dags/example_sensors.py
[2024-10-01T00:05:55.926+0000] {processor.py:840} INFO - DAG(s) 'example_sensors' retrieved from /home/airflow/.local/lib/python3.8/site-packages/airflow/example_dags/example_sensors.py
[2024-10-01T00:05:55.976+0000] {logging_mixin.py:188} INFO - [2024-10-01T00:05:55.975+0000] {dag.py:3036} INFO - Sync 1 DAGs
[2024-10-01T00:05:55.999+0000] {logging_mixin.py:188} INFO - [2024-10-01T00:05:55.999+0000] {dag.py:3823} INFO - Setting next_dagrun for example_sensors to None, run_after=None
[2024-10-01T00:05:56.038+0000] {processor.py:183} INFO - Processing /home/airflow/.local/lib/python3.8/site-packages/airflow/example_dags/example_sensors.py took 0.140 seconds
[2024-10-01T00:06:26.958+0000] {processor.py:161} INFO - Started process (PID=1560) to work on /home/airflow/.local/lib/python3.8/site-packages/airflow/example_dags/example_sensors.py
[2024-10-01T00:06:26.964+0000] {processor.py:830} INFO - Processing file /home/airflow/.local/lib/python3.8/site-packages/airflow/example_dags/example_sensors.py for tasks to queue
[2024-10-01T00:06:26.972+0000] {logging_mixin.py:188} INFO - [2024-10-01T00:06:26.970+0000] {dagbag.py:538} INFO - Filling up the DagBag from /home/airflow/.local/lib/python3.8/site-packages/airflow/example_dags/example_sensors.py
[2024-10-01T00:06:27.018+0000] {processor.py:840} INFO - DAG(s) 'example_sensors' retrieved from /home/airflow/.local/lib/python3.8/site-packages/airflow/example_dags/example_sensors.py
[2024-10-01T00:06:27.123+0000] {logging_mixin.py:188} INFO - [2024-10-01T00:06:27.122+0000] {dag.py:3036} INFO - Sync 1 DAGs
[2024-10-01T00:06:27.175+0000] {logging_mixin.py:188} INFO - [2024-10-01T00:06:27.175+0000] {dag.py:3823} INFO - Setting next_dagrun for example_sensors to None, run_after=None
[2024-10-01T00:06:27.249+0000] {processor.py:183} INFO - Processing /home/airflow/.local/lib/python3.8/site-packages/airflow/example_dags/example_sensors.py took 0.304 seconds
[2024-10-01T00:06:58.128+0000] {processor.py:161} INFO - Started process (PID=1626) to work on /home/airflow/.local/lib/python3.8/site-packages/airflow/example_dags/example_sensors.py
[2024-10-01T00:06:58.131+0000] {processor.py:830} INFO - Processing file /home/airflow/.local/lib/python3.8/site-packages/airflow/example_dags/example_sensors.py for tasks to queue
[2024-10-01T00:06:58.135+0000] {logging_mixin.py:188} INFO - [2024-10-01T00:06:58.134+0000] {dagbag.py:538} INFO - Filling up the DagBag from /home/airflow/.local/lib/python3.8/site-packages/airflow/example_dags/example_sensors.py
[2024-10-01T00:06:58.164+0000] {processor.py:840} INFO - DAG(s) 'example_sensors' retrieved from /home/airflow/.local/lib/python3.8/site-packages/airflow/example_dags/example_sensors.py
[2024-10-01T00:06:58.223+0000] {logging_mixin.py:188} INFO - [2024-10-01T00:06:58.223+0000] {dag.py:3036} INFO - Sync 1 DAGs
[2024-10-01T00:06:58.253+0000] {logging_mixin.py:188} INFO - [2024-10-01T00:06:58.252+0000] {dag.py:3823} INFO - Setting next_dagrun for example_sensors to None, run_after=None
[2024-10-01T00:06:58.297+0000] {processor.py:183} INFO - Processing /home/airflow/.local/lib/python3.8/site-packages/airflow/example_dags/example_sensors.py took 0.176 seconds
[2024-10-01T00:07:28.421+0000] {processor.py:161} INFO - Started process (PID=1693) to work on /home/airflow/.local/lib/python3.8/site-packages/airflow/example_dags/example_sensors.py
[2024-10-01T00:07:28.427+0000] {processor.py:830} INFO - Processing file /home/airflow/.local/lib/python3.8/site-packages/airflow/example_dags/example_sensors.py for tasks to queue
[2024-10-01T00:07:28.431+0000] {logging_mixin.py:188} INFO - [2024-10-01T00:07:28.430+0000] {dagbag.py:538} INFO - Filling up the DagBag from /home/airflow/.local/lib/python3.8/site-packages/airflow/example_dags/example_sensors.py
[2024-10-01T00:07:28.451+0000] {processor.py:840} INFO - DAG(s) 'example_sensors' retrieved from /home/airflow/.local/lib/python3.8/site-packages/airflow/example_dags/example_sensors.py
[2024-10-01T00:07:28.511+0000] {logging_mixin.py:188} INFO - [2024-10-01T00:07:28.510+0000] {dag.py:3036} INFO - Sync 1 DAGs
[2024-10-01T00:07:28.543+0000] {logging_mixin.py:188} INFO - [2024-10-01T00:07:28.543+0000] {dag.py:3823} INFO - Setting next_dagrun for example_sensors to None, run_after=None
[2024-10-01T00:07:28.592+0000] {processor.py:183} INFO - Processing /home/airflow/.local/lib/python3.8/site-packages/airflow/example_dags/example_sensors.py took 0.179 seconds
[2024-10-01T00:07:58.679+0000] {processor.py:161} INFO - Started process (PID=1759) to work on /home/airflow/.local/lib/python3.8/site-packages/airflow/example_dags/example_sensors.py
[2024-10-01T00:07:58.681+0000] {processor.py:830} INFO - Processing file /home/airflow/.local/lib/python3.8/site-packages/airflow/example_dags/example_sensors.py for tasks to queue
[2024-10-01T00:07:58.686+0000] {logging_mixin.py:188} INFO - [2024-10-01T00:07:58.686+0000] {dagbag.py:538} INFO - Filling up the DagBag from /home/airflow/.local/lib/python3.8/site-packages/airflow/example_dags/example_sensors.py
[2024-10-01T00:07:58.716+0000] {processor.py:840} INFO - DAG(s) 'example_sensors' retrieved from /home/airflow/.local/lib/python3.8/site-packages/airflow/example_dags/example_sensors.py
[2024-10-01T00:07:58.779+0000] {logging_mixin.py:188} INFO - [2024-10-01T00:07:58.779+0000] {dag.py:3036} INFO - Sync 1 DAGs
[2024-10-01T00:07:58.811+0000] {logging_mixin.py:188} INFO - [2024-10-01T00:07:58.810+0000] {dag.py:3823} INFO - Setting next_dagrun for example_sensors to None, run_after=None
[2024-10-01T00:07:58.856+0000] {processor.py:183} INFO - Processing /home/airflow/.local/lib/python3.8/site-packages/airflow/example_dags/example_sensors.py took 0.185 seconds
[2024-10-01T00:08:29.328+0000] {processor.py:161} INFO - Started process (PID=1825) to work on /home/airflow/.local/lib/python3.8/site-packages/airflow/example_dags/example_sensors.py
[2024-10-01T00:08:29.331+0000] {processor.py:830} INFO - Processing file /home/airflow/.local/lib/python3.8/site-packages/airflow/example_dags/example_sensors.py for tasks to queue
[2024-10-01T00:08:29.334+0000] {logging_mixin.py:188} INFO - [2024-10-01T00:08:29.333+0000] {dagbag.py:538} INFO - Filling up the DagBag from /home/airflow/.local/lib/python3.8/site-packages/airflow/example_dags/example_sensors.py
[2024-10-01T00:08:29.351+0000] {processor.py:840} INFO - DAG(s) 'example_sensors' retrieved from /home/airflow/.local/lib/python3.8/site-packages/airflow/example_dags/example_sensors.py
[2024-10-01T00:08:29.402+0000] {logging_mixin.py:188} INFO - [2024-10-01T00:08:29.402+0000] {dag.py:3036} INFO - Sync 1 DAGs
[2024-10-01T00:08:29.430+0000] {logging_mixin.py:188} INFO - [2024-10-01T00:08:29.430+0000] {dag.py:3823} INFO - Setting next_dagrun for example_sensors to None, run_after=None
[2024-10-01T00:08:29.470+0000] {processor.py:183} INFO - Processing /home/airflow/.local/lib/python3.8/site-packages/airflow/example_dags/example_sensors.py took 0.148 seconds
[2024-10-01T00:08:59.581+0000] {processor.py:161} INFO - Started process (PID=1891) to work on /home/airflow/.local/lib/python3.8/site-packages/airflow/example_dags/example_sensors.py
[2024-10-01T00:08:59.586+0000] {processor.py:830} INFO - Processing file /home/airflow/.local/lib/python3.8/site-packages/airflow/example_dags/example_sensors.py for tasks to queue
[2024-10-01T00:08:59.591+0000] {logging_mixin.py:188} INFO - [2024-10-01T00:08:59.591+0000] {dagbag.py:538} INFO - Filling up the DagBag from /home/airflow/.local/lib/python3.8/site-packages/airflow/example_dags/example_sensors.py
[2024-10-01T00:08:59.621+0000] {processor.py:840} INFO - DAG(s) 'example_sensors' retrieved from /home/airflow/.local/lib/python3.8/site-packages/airflow/example_dags/example_sensors.py
[2024-10-01T00:08:59.716+0000] {logging_mixin.py:188} INFO - [2024-10-01T00:08:59.715+0000] {dag.py:3036} INFO - Sync 1 DAGs
[2024-10-01T00:08:59.766+0000] {logging_mixin.py:188} INFO - [2024-10-01T00:08:59.765+0000] {dag.py:3823} INFO - Setting next_dagrun for example_sensors to None, run_after=None
[2024-10-01T00:08:59.840+0000] {processor.py:183} INFO - Processing /home/airflow/.local/lib/python3.8/site-packages/airflow/example_dags/example_sensors.py took 0.269 seconds
[2024-10-01T00:09:30.066+0000] {processor.py:161} INFO - Started process (PID=1948) to work on /home/airflow/.local/lib/python3.8/site-packages/airflow/example_dags/example_sensors.py
[2024-10-01T00:09:30.070+0000] {processor.py:830} INFO - Processing file /home/airflow/.local/lib/python3.8/site-packages/airflow/example_dags/example_sensors.py for tasks to queue
[2024-10-01T00:09:30.076+0000] {logging_mixin.py:188} INFO - [2024-10-01T00:09:30.075+0000] {dagbag.py:538} INFO - Filling up the DagBag from /home/airflow/.local/lib/python3.8/site-packages/airflow/example_dags/example_sensors.py
[2024-10-01T00:09:30.116+0000] {processor.py:840} INFO - DAG(s) 'example_sensors' retrieved from /home/airflow/.local/lib/python3.8/site-packages/airflow/example_dags/example_sensors.py
[2024-10-01T00:09:30.207+0000] {logging_mixin.py:188} INFO - [2024-10-01T00:09:30.206+0000] {dag.py:3036} INFO - Sync 1 DAGs
[2024-10-01T00:09:30.259+0000] {logging_mixin.py:188} INFO - [2024-10-01T00:09:30.259+0000] {dag.py:3823} INFO - Setting next_dagrun for example_sensors to None, run_after=None
[2024-10-01T00:09:30.329+0000] {processor.py:183} INFO - Processing /home/airflow/.local/lib/python3.8/site-packages/airflow/example_dags/example_sensors.py took 0.274 seconds
[2024-10-01T00:10:02.042+0000] {processor.py:161} INFO - Started process (PID=2012) to work on /home/airflow/.local/lib/python3.8/site-packages/airflow/example_dags/example_sensors.py
[2024-10-01T00:10:02.049+0000] {processor.py:830} INFO - Processing file /home/airflow/.local/lib/python3.8/site-packages/airflow/example_dags/example_sensors.py for tasks to queue
[2024-10-01T00:10:02.062+0000] {logging_mixin.py:188} INFO - [2024-10-01T00:10:02.060+0000] {dagbag.py:538} INFO - Filling up the DagBag from /home/airflow/.local/lib/python3.8/site-packages/airflow/example_dags/example_sensors.py
[2024-10-01T00:10:02.167+0000] {processor.py:840} INFO - DAG(s) 'example_sensors' retrieved from /home/airflow/.local/lib/python3.8/site-packages/airflow/example_dags/example_sensors.py
[2024-10-01T00:10:02.436+0000] {logging_mixin.py:188} INFO - [2024-10-01T00:10:02.434+0000] {dag.py:3036} INFO - Sync 1 DAGs
[2024-10-01T00:10:02.607+0000] {logging_mixin.py:188} INFO - [2024-10-01T00:10:02.605+0000] {dag.py:3823} INFO - Setting next_dagrun for example_sensors to None, run_after=None
[2024-10-01T00:10:02.853+0000] {processor.py:183} INFO - Processing /home/airflow/.local/lib/python3.8/site-packages/airflow/example_dags/example_sensors.py took 0.846 seconds
[2024-10-01T00:10:45.095+0000] {processor.py:161} INFO - Started process (PID=2072) to work on /home/airflow/.local/lib/python3.8/site-packages/airflow/example_dags/example_sensors.py
[2024-10-01T00:10:45.118+0000] {processor.py:830} INFO - Processing file /home/airflow/.local/lib/python3.8/site-packages/airflow/example_dags/example_sensors.py for tasks to queue
[2024-10-01T00:10:45.146+0000] {logging_mixin.py:188} INFO - [2024-10-01T00:10:45.142+0000] {dagbag.py:538} INFO - Filling up the DagBag from /home/airflow/.local/lib/python3.8/site-packages/airflow/example_dags/example_sensors.py
[2024-10-01T00:10:45.307+0000] {processor.py:840} INFO - DAG(s) 'example_sensors' retrieved from /home/airflow/.local/lib/python3.8/site-packages/airflow/example_dags/example_sensors.py
[2024-10-01T00:10:45.731+0000] {logging_mixin.py:188} INFO - [2024-10-01T00:10:45.725+0000] {dag.py:3036} INFO - Sync 1 DAGs
[2024-10-01T00:10:45.931+0000] {logging_mixin.py:188} INFO - [2024-10-01T00:10:45.928+0000] {dag.py:3823} INFO - Setting next_dagrun for example_sensors to None, run_after=None
[2024-10-01T00:10:46.162+0000] {processor.py:183} INFO - Processing /home/airflow/.local/lib/python3.8/site-packages/airflow/example_dags/example_sensors.py took 1.135 seconds
[2024-10-01T00:11:25.798+0000] {processor.py:161} INFO - Started process (PID=2134) to work on /home/airflow/.local/lib/python3.8/site-packages/airflow/example_dags/example_sensors.py
[2024-10-01T00:11:25.807+0000] {processor.py:830} INFO - Processing file /home/airflow/.local/lib/python3.8/site-packages/airflow/example_dags/example_sensors.py for tasks to queue
[2024-10-01T00:11:25.828+0000] {logging_mixin.py:188} INFO - [2024-10-01T00:11:25.826+0000] {dagbag.py:538} INFO - Filling up the DagBag from /home/airflow/.local/lib/python3.8/site-packages/airflow/example_dags/example_sensors.py
[2024-10-01T00:11:25.915+0000] {processor.py:840} INFO - DAG(s) 'example_sensors' retrieved from /home/airflow/.local/lib/python3.8/site-packages/airflow/example_dags/example_sensors.py
[2024-10-01T00:11:26.172+0000] {logging_mixin.py:188} INFO - [2024-10-01T00:11:26.170+0000] {dag.py:3036} INFO - Sync 1 DAGs
[2024-10-01T00:11:26.294+0000] {logging_mixin.py:188} INFO - [2024-10-01T00:11:26.293+0000] {dag.py:3823} INFO - Setting next_dagrun for example_sensors to None, run_after=None
[2024-10-01T00:11:26.456+0000] {processor.py:183} INFO - Processing /home/airflow/.local/lib/python3.8/site-packages/airflow/example_dags/example_sensors.py took 0.691 seconds
[2024-10-01T00:11:58.255+0000] {processor.py:161} INFO - Started process (PID=2193) to work on /home/airflow/.local/lib/python3.8/site-packages/airflow/example_dags/example_sensors.py
[2024-10-01T00:11:58.265+0000] {processor.py:830} INFO - Processing file /home/airflow/.local/lib/python3.8/site-packages/airflow/example_dags/example_sensors.py for tasks to queue
[2024-10-01T00:11:58.277+0000] {logging_mixin.py:188} INFO - [2024-10-01T00:11:58.275+0000] {dagbag.py:538} INFO - Filling up the DagBag from /home/airflow/.local/lib/python3.8/site-packages/airflow/example_dags/example_sensors.py
[2024-10-01T00:11:58.355+0000] {processor.py:840} INFO - DAG(s) 'example_sensors' retrieved from /home/airflow/.local/lib/python3.8/site-packages/airflow/example_dags/example_sensors.py
[2024-10-01T00:11:58.548+0000] {logging_mixin.py:188} INFO - [2024-10-01T00:11:58.547+0000] {dag.py:3036} INFO - Sync 1 DAGs
[2024-10-01T00:11:58.642+0000] {logging_mixin.py:188} INFO - [2024-10-01T00:11:58.641+0000] {dag.py:3823} INFO - Setting next_dagrun for example_sensors to None, run_after=None
[2024-10-01T00:11:58.817+0000] {processor.py:183} INFO - Processing /home/airflow/.local/lib/python3.8/site-packages/airflow/example_dags/example_sensors.py took 0.589 seconds
[2024-10-01T00:12:29.096+0000] {processor.py:161} INFO - Started process (PID=2259) to work on /home/airflow/.local/lib/python3.8/site-packages/airflow/example_dags/example_sensors.py
[2024-10-01T00:12:29.103+0000] {processor.py:830} INFO - Processing file /home/airflow/.local/lib/python3.8/site-packages/airflow/example_dags/example_sensors.py for tasks to queue
[2024-10-01T00:12:29.109+0000] {logging_mixin.py:188} INFO - [2024-10-01T00:12:29.108+0000] {dagbag.py:538} INFO - Filling up the DagBag from /home/airflow/.local/lib/python3.8/site-packages/airflow/example_dags/example_sensors.py
[2024-10-01T00:12:29.144+0000] {processor.py:840} INFO - DAG(s) 'example_sensors' retrieved from /home/airflow/.local/lib/python3.8/site-packages/airflow/example_dags/example_sensors.py
[2024-10-01T00:12:29.235+0000] {logging_mixin.py:188} INFO - [2024-10-01T00:12:29.234+0000] {dag.py:3036} INFO - Sync 1 DAGs
[2024-10-01T00:12:29.279+0000] {logging_mixin.py:188} INFO - [2024-10-01T00:12:29.279+0000] {dag.py:3823} INFO - Setting next_dagrun for example_sensors to None, run_after=None
[2024-10-01T00:12:29.663+0000] {processor.py:183} INFO - Processing /home/airflow/.local/lib/python3.8/site-packages/airflow/example_dags/example_sensors.py took 0.579 seconds
[2024-10-01T00:13:00.479+0000] {processor.py:161} INFO - Started process (PID=2317) to work on /home/airflow/.local/lib/python3.8/site-packages/airflow/example_dags/example_sensors.py
[2024-10-01T00:13:00.482+0000] {processor.py:830} INFO - Processing file /home/airflow/.local/lib/python3.8/site-packages/airflow/example_dags/example_sensors.py for tasks to queue
[2024-10-01T00:13:00.485+0000] {logging_mixin.py:188} INFO - [2024-10-01T00:13:00.485+0000] {dagbag.py:538} INFO - Filling up the DagBag from /home/airflow/.local/lib/python3.8/site-packages/airflow/example_dags/example_sensors.py
[2024-10-01T00:13:00.505+0000] {processor.py:840} INFO - DAG(s) 'example_sensors' retrieved from /home/airflow/.local/lib/python3.8/site-packages/airflow/example_dags/example_sensors.py
[2024-10-01T00:13:00.557+0000] {logging_mixin.py:188} INFO - [2024-10-01T00:13:00.557+0000] {dag.py:3036} INFO - Sync 1 DAGs
[2024-10-01T00:13:00.586+0000] {logging_mixin.py:188} INFO - [2024-10-01T00:13:00.585+0000] {dag.py:3823} INFO - Setting next_dagrun for example_sensors to None, run_after=None
[2024-10-01T00:13:00.627+0000] {processor.py:183} INFO - Processing /home/airflow/.local/lib/python3.8/site-packages/airflow/example_dags/example_sensors.py took 0.156 seconds
[2024-10-01T00:13:31.153+0000] {processor.py:161} INFO - Started process (PID=2383) to work on /home/airflow/.local/lib/python3.8/site-packages/airflow/example_dags/example_sensors.py
[2024-10-01T00:13:31.160+0000] {processor.py:830} INFO - Processing file /home/airflow/.local/lib/python3.8/site-packages/airflow/example_dags/example_sensors.py for tasks to queue
[2024-10-01T00:13:31.174+0000] {logging_mixin.py:188} INFO - [2024-10-01T00:13:31.172+0000] {dagbag.py:538} INFO - Filling up the DagBag from /home/airflow/.local/lib/python3.8/site-packages/airflow/example_dags/example_sensors.py
[2024-10-01T00:13:31.256+0000] {processor.py:840} INFO - DAG(s) 'example_sensors' retrieved from /home/airflow/.local/lib/python3.8/site-packages/airflow/example_dags/example_sensors.py
[2024-10-01T00:13:31.406+0000] {logging_mixin.py:188} INFO - [2024-10-01T00:13:31.405+0000] {dag.py:3036} INFO - Sync 1 DAGs
[2024-10-01T00:13:31.474+0000] {logging_mixin.py:188} INFO - [2024-10-01T00:13:31.473+0000] {dag.py:3823} INFO - Setting next_dagrun for example_sensors to None, run_after=None
[2024-10-01T00:13:31.575+0000] {processor.py:183} INFO - Processing /home/airflow/.local/lib/python3.8/site-packages/airflow/example_dags/example_sensors.py took 0.446 seconds
[2024-10-01T00:14:01.979+0000] {processor.py:161} INFO - Started process (PID=2449) to work on /home/airflow/.local/lib/python3.8/site-packages/airflow/example_dags/example_sensors.py
[2024-10-01T00:14:01.981+0000] {processor.py:830} INFO - Processing file /home/airflow/.local/lib/python3.8/site-packages/airflow/example_dags/example_sensors.py for tasks to queue
[2024-10-01T00:14:01.985+0000] {logging_mixin.py:188} INFO - [2024-10-01T00:14:01.985+0000] {dagbag.py:538} INFO - Filling up the DagBag from /home/airflow/.local/lib/python3.8/site-packages/airflow/example_dags/example_sensors.py
[2024-10-01T00:14:02.006+0000] {processor.py:840} INFO - DAG(s) 'example_sensors' retrieved from /home/airflow/.local/lib/python3.8/site-packages/airflow/example_dags/example_sensors.py
[2024-10-01T00:14:02.063+0000] {logging_mixin.py:188} INFO - [2024-10-01T00:14:02.062+0000] {dag.py:3036} INFO - Sync 1 DAGs
[2024-10-01T00:14:02.092+0000] {logging_mixin.py:188} INFO - [2024-10-01T00:14:02.092+0000] {dag.py:3823} INFO - Setting next_dagrun for example_sensors to None, run_after=None
[2024-10-01T00:14:02.359+0000] {processor.py:183} INFO - Processing /home/airflow/.local/lib/python3.8/site-packages/airflow/example_dags/example_sensors.py took 0.388 seconds
[2024-10-01T00:14:32.791+0000] {processor.py:161} INFO - Started process (PID=2515) to work on /home/airflow/.local/lib/python3.8/site-packages/airflow/example_dags/example_sensors.py
[2024-10-01T00:14:32.793+0000] {processor.py:830} INFO - Processing file /home/airflow/.local/lib/python3.8/site-packages/airflow/example_dags/example_sensors.py for tasks to queue
[2024-10-01T00:14:32.796+0000] {logging_mixin.py:188} INFO - [2024-10-01T00:14:32.795+0000] {dagbag.py:538} INFO - Filling up the DagBag from /home/airflow/.local/lib/python3.8/site-packages/airflow/example_dags/example_sensors.py
[2024-10-01T00:14:32.808+0000] {processor.py:840} INFO - DAG(s) 'example_sensors' retrieved from /home/airflow/.local/lib/python3.8/site-packages/airflow/example_dags/example_sensors.py
[2024-10-01T00:14:32.841+0000] {logging_mixin.py:188} INFO - [2024-10-01T00:14:32.840+0000] {dag.py:3036} INFO - Sync 1 DAGs
[2024-10-01T00:14:32.857+0000] {logging_mixin.py:188} INFO - [2024-10-01T00:14:32.857+0000] {dag.py:3823} INFO - Setting next_dagrun for example_sensors to None, run_after=None
[2024-10-01T00:14:32.881+0000] {processor.py:183} INFO - Processing /home/airflow/.local/lib/python3.8/site-packages/airflow/example_dags/example_sensors.py took 0.096 seconds
[2024-10-01T00:15:03.569+0000] {processor.py:161} INFO - Started process (PID=2582) to work on /home/airflow/.local/lib/python3.8/site-packages/airflow/example_dags/example_sensors.py
[2024-10-01T00:15:03.571+0000] {processor.py:830} INFO - Processing file /home/airflow/.local/lib/python3.8/site-packages/airflow/example_dags/example_sensors.py for tasks to queue
[2024-10-01T00:15:03.575+0000] {logging_mixin.py:188} INFO - [2024-10-01T00:15:03.574+0000] {dagbag.py:538} INFO - Filling up the DagBag from /home/airflow/.local/lib/python3.8/site-packages/airflow/example_dags/example_sensors.py
[2024-10-01T00:15:03.589+0000] {processor.py:840} INFO - DAG(s) 'example_sensors' retrieved from /home/airflow/.local/lib/python3.8/site-packages/airflow/example_dags/example_sensors.py
[2024-10-01T00:15:03.625+0000] {logging_mixin.py:188} INFO - [2024-10-01T00:15:03.625+0000] {dag.py:3036} INFO - Sync 1 DAGs
[2024-10-01T00:15:03.644+0000] {logging_mixin.py:188} INFO - [2024-10-01T00:15:03.644+0000] {dag.py:3823} INFO - Setting next_dagrun for example_sensors to None, run_after=None
[2024-10-01T00:15:03.672+0000] {processor.py:183} INFO - Processing /home/airflow/.local/lib/python3.8/site-packages/airflow/example_dags/example_sensors.py took 0.109 seconds
[2024-10-01T00:15:34.499+0000] {processor.py:161} INFO - Started process (PID=2656) to work on /home/airflow/.local/lib/python3.8/site-packages/airflow/example_dags/example_sensors.py
[2024-10-01T00:15:34.502+0000] {processor.py:830} INFO - Processing file /home/airflow/.local/lib/python3.8/site-packages/airflow/example_dags/example_sensors.py for tasks to queue
[2024-10-01T00:15:34.506+0000] {logging_mixin.py:188} INFO - [2024-10-01T00:15:34.505+0000] {dagbag.py:538} INFO - Filling up the DagBag from /home/airflow/.local/lib/python3.8/site-packages/airflow/example_dags/example_sensors.py
[2024-10-01T00:15:34.528+0000] {processor.py:840} INFO - DAG(s) 'example_sensors' retrieved from /home/airflow/.local/lib/python3.8/site-packages/airflow/example_dags/example_sensors.py
[2024-10-01T00:15:34.592+0000] {logging_mixin.py:188} INFO - [2024-10-01T00:15:34.591+0000] {dag.py:3036} INFO - Sync 1 DAGs
[2024-10-01T00:15:34.911+0000] {logging_mixin.py:188} INFO - [2024-10-01T00:15:34.910+0000] {dag.py:3823} INFO - Setting next_dagrun for example_sensors to None, run_after=None
[2024-10-01T00:15:34.982+0000] {processor.py:183} INFO - Processing /home/airflow/.local/lib/python3.8/site-packages/airflow/example_dags/example_sensors.py took 0.492 seconds
[2024-10-01T00:16:30.227+0000] {processor.py:161} INFO - Started process (PID=2721) to work on /home/airflow/.local/lib/python3.8/site-packages/airflow/example_dags/example_sensors.py
[2024-10-01T00:16:30.231+0000] {processor.py:830} INFO - Processing file /home/airflow/.local/lib/python3.8/site-packages/airflow/example_dags/example_sensors.py for tasks to queue
[2024-10-01T00:16:30.237+0000] {logging_mixin.py:188} INFO - [2024-10-01T00:16:30.236+0000] {dagbag.py:538} INFO - Filling up the DagBag from /home/airflow/.local/lib/python3.8/site-packages/airflow/example_dags/example_sensors.py
[2024-10-01T00:16:30.274+0000] {processor.py:840} INFO - DAG(s) 'example_sensors' retrieved from /home/airflow/.local/lib/python3.8/site-packages/airflow/example_dags/example_sensors.py
[2024-10-01T00:16:30.370+0000] {logging_mixin.py:188} INFO - [2024-10-01T00:16:30.369+0000] {dag.py:3036} INFO - Sync 1 DAGs
[2024-10-01T00:16:30.780+0000] {logging_mixin.py:188} INFO - [2024-10-01T00:16:30.779+0000] {dag.py:3823} INFO - Setting next_dagrun for example_sensors to None, run_after=None
[2024-10-01T00:16:30.846+0000] {processor.py:183} INFO - Processing /home/airflow/.local/lib/python3.8/site-packages/airflow/example_dags/example_sensors.py took 0.631 seconds
[2024-10-01T00:17:01.813+0000] {processor.py:161} INFO - Started process (PID=2787) to work on /home/airflow/.local/lib/python3.8/site-packages/airflow/example_dags/example_sensors.py
[2024-10-01T00:17:01.815+0000] {processor.py:830} INFO - Processing file /home/airflow/.local/lib/python3.8/site-packages/airflow/example_dags/example_sensors.py for tasks to queue
[2024-10-01T00:17:01.817+0000] {logging_mixin.py:188} INFO - [2024-10-01T00:17:01.817+0000] {dagbag.py:538} INFO - Filling up the DagBag from /home/airflow/.local/lib/python3.8/site-packages/airflow/example_dags/example_sensors.py
[2024-10-01T00:17:01.826+0000] {processor.py:840} INFO - DAG(s) 'example_sensors' retrieved from /home/airflow/.local/lib/python3.8/site-packages/airflow/example_dags/example_sensors.py
[2024-10-01T00:17:01.859+0000] {logging_mixin.py:188} INFO - [2024-10-01T00:17:01.859+0000] {dag.py:3036} INFO - Sync 1 DAGs
[2024-10-01T00:17:01.880+0000] {logging_mixin.py:188} INFO - [2024-10-01T00:17:01.879+0000] {dag.py:3823} INFO - Setting next_dagrun for example_sensors to None, run_after=None
[2024-10-01T00:17:01.914+0000] {processor.py:183} INFO - Processing /home/airflow/.local/lib/python3.8/site-packages/airflow/example_dags/example_sensors.py took 0.105 seconds
[2024-10-01T00:17:32.105+0000] {processor.py:161} INFO - Started process (PID=2853) to work on /home/airflow/.local/lib/python3.8/site-packages/airflow/example_dags/example_sensors.py
[2024-10-01T00:17:32.118+0000] {processor.py:830} INFO - Processing file /home/airflow/.local/lib/python3.8/site-packages/airflow/example_dags/example_sensors.py for tasks to queue
[2024-10-01T00:17:32.120+0000] {logging_mixin.py:188} INFO - [2024-10-01T00:17:32.119+0000] {dagbag.py:538} INFO - Filling up the DagBag from /home/airflow/.local/lib/python3.8/site-packages/airflow/example_dags/example_sensors.py
[2024-10-01T00:17:32.128+0000] {processor.py:840} INFO - DAG(s) 'example_sensors' retrieved from /home/airflow/.local/lib/python3.8/site-packages/airflow/example_dags/example_sensors.py
[2024-10-01T00:17:32.158+0000] {logging_mixin.py:188} INFO - [2024-10-01T00:17:32.157+0000] {dag.py:3036} INFO - Sync 1 DAGs
[2024-10-01T00:17:32.176+0000] {logging_mixin.py:188} INFO - [2024-10-01T00:17:32.175+0000] {dag.py:3823} INFO - Setting next_dagrun for example_sensors to None, run_after=None
[2024-10-01T00:17:32.203+0000] {processor.py:183} INFO - Processing /home/airflow/.local/lib/python3.8/site-packages/airflow/example_dags/example_sensors.py took 0.102 seconds
[2024-10-01T00:18:02.445+0000] {processor.py:161} INFO - Started process (PID=2927) to work on /home/airflow/.local/lib/python3.8/site-packages/airflow/example_dags/example_sensors.py
[2024-10-01T00:18:02.456+0000] {processor.py:830} INFO - Processing file /home/airflow/.local/lib/python3.8/site-packages/airflow/example_dags/example_sensors.py for tasks to queue
[2024-10-01T00:18:02.458+0000] {logging_mixin.py:188} INFO - [2024-10-01T00:18:02.458+0000] {dagbag.py:538} INFO - Filling up the DagBag from /home/airflow/.local/lib/python3.8/site-packages/airflow/example_dags/example_sensors.py
[2024-10-01T00:18:02.471+0000] {processor.py:840} INFO - DAG(s) 'example_sensors' retrieved from /home/airflow/.local/lib/python3.8/site-packages/airflow/example_dags/example_sensors.py
[2024-10-01T00:18:02.518+0000] {logging_mixin.py:188} INFO - [2024-10-01T00:18:02.518+0000] {dag.py:3036} INFO - Sync 1 DAGs
[2024-10-01T00:18:02.550+0000] {logging_mixin.py:188} INFO - [2024-10-01T00:18:02.550+0000] {dag.py:3823} INFO - Setting next_dagrun for example_sensors to None, run_after=None
[2024-10-01T00:18:02.594+0000] {processor.py:183} INFO - Processing /home/airflow/.local/lib/python3.8/site-packages/airflow/example_dags/example_sensors.py took 0.153 seconds
[2024-10-01T00:18:32.723+0000] {processor.py:161} INFO - Started process (PID=2993) to work on /home/airflow/.local/lib/python3.8/site-packages/airflow/example_dags/example_sensors.py
[2024-10-01T00:18:32.726+0000] {processor.py:830} INFO - Processing file /home/airflow/.local/lib/python3.8/site-packages/airflow/example_dags/example_sensors.py for tasks to queue
[2024-10-01T00:18:32.728+0000] {logging_mixin.py:188} INFO - [2024-10-01T00:18:32.728+0000] {dagbag.py:538} INFO - Filling up the DagBag from /home/airflow/.local/lib/python3.8/site-packages/airflow/example_dags/example_sensors.py
[2024-10-01T00:18:32.743+0000] {processor.py:840} INFO - DAG(s) 'example_sensors' retrieved from /home/airflow/.local/lib/python3.8/site-packages/airflow/example_dags/example_sensors.py
[2024-10-01T00:18:32.781+0000] {logging_mixin.py:188} INFO - [2024-10-01T00:18:32.780+0000] {dag.py:3036} INFO - Sync 1 DAGs
[2024-10-01T00:18:32.801+0000] {logging_mixin.py:188} INFO - [2024-10-01T00:18:32.800+0000] {dag.py:3823} INFO - Setting next_dagrun for example_sensors to None, run_after=None
[2024-10-01T00:18:32.834+0000] {processor.py:183} INFO - Processing /home/airflow/.local/lib/python3.8/site-packages/airflow/example_dags/example_sensors.py took 0.116 seconds
[2024-10-01T00:19:03.039+0000] {processor.py:161} INFO - Started process (PID=3060) to work on /home/airflow/.local/lib/python3.8/site-packages/airflow/example_dags/example_sensors.py
[2024-10-01T00:19:03.040+0000] {processor.py:830} INFO - Processing file /home/airflow/.local/lib/python3.8/site-packages/airflow/example_dags/example_sensors.py for tasks to queue
[2024-10-01T00:19:03.042+0000] {logging_mixin.py:188} INFO - [2024-10-01T00:19:03.042+0000] {dagbag.py:538} INFO - Filling up the DagBag from /home/airflow/.local/lib/python3.8/site-packages/airflow/example_dags/example_sensors.py
[2024-10-01T00:19:03.052+0000] {processor.py:840} INFO - DAG(s) 'example_sensors' retrieved from /home/airflow/.local/lib/python3.8/site-packages/airflow/example_dags/example_sensors.py
[2024-10-01T00:19:03.089+0000] {logging_mixin.py:188} INFO - [2024-10-01T00:19:03.089+0000] {dag.py:3036} INFO - Sync 1 DAGs
[2024-10-01T00:19:03.112+0000] {logging_mixin.py:188} INFO - [2024-10-01T00:19:03.112+0000] {dag.py:3823} INFO - Setting next_dagrun for example_sensors to None, run_after=None
[2024-10-01T00:19:03.146+0000] {processor.py:183} INFO - Processing /home/airflow/.local/lib/python3.8/site-packages/airflow/example_dags/example_sensors.py took 0.111 seconds
[2024-10-01T00:19:33.363+0000] {processor.py:161} INFO - Started process (PID=3126) to work on /home/airflow/.local/lib/python3.8/site-packages/airflow/example_dags/example_sensors.py
[2024-10-01T00:19:33.364+0000] {processor.py:830} INFO - Processing file /home/airflow/.local/lib/python3.8/site-packages/airflow/example_dags/example_sensors.py for tasks to queue
[2024-10-01T00:19:33.366+0000] {logging_mixin.py:188} INFO - [2024-10-01T00:19:33.366+0000] {dagbag.py:538} INFO - Filling up the DagBag from /home/airflow/.local/lib/python3.8/site-packages/airflow/example_dags/example_sensors.py
[2024-10-01T00:19:33.377+0000] {processor.py:840} INFO - DAG(s) 'example_sensors' retrieved from /home/airflow/.local/lib/python3.8/site-packages/airflow/example_dags/example_sensors.py
[2024-10-01T00:19:33.419+0000] {logging_mixin.py:188} INFO - [2024-10-01T00:19:33.418+0000] {dag.py:3036} INFO - Sync 1 DAGs
[2024-10-01T00:19:33.446+0000] {logging_mixin.py:188} INFO - [2024-10-01T00:19:33.445+0000] {dag.py:3823} INFO - Setting next_dagrun for example_sensors to None, run_after=None
[2024-10-01T00:19:33.484+0000] {processor.py:183} INFO - Processing /home/airflow/.local/lib/python3.8/site-packages/airflow/example_dags/example_sensors.py took 0.125 seconds
[2024-10-01T00:20:03.527+0000] {processor.py:161} INFO - Started process (PID=3193) to work on /home/airflow/.local/lib/python3.8/site-packages/airflow/example_dags/example_sensors.py
[2024-10-01T00:20:03.528+0000] {processor.py:830} INFO - Processing file /home/airflow/.local/lib/python3.8/site-packages/airflow/example_dags/example_sensors.py for tasks to queue
[2024-10-01T00:20:03.530+0000] {logging_mixin.py:188} INFO - [2024-10-01T00:20:03.530+0000] {dagbag.py:538} INFO - Filling up the DagBag from /home/airflow/.local/lib/python3.8/site-packages/airflow/example_dags/example_sensors.py
[2024-10-01T00:20:03.539+0000] {processor.py:840} INFO - DAG(s) 'example_sensors' retrieved from /home/airflow/.local/lib/python3.8/site-packages/airflow/example_dags/example_sensors.py
[2024-10-01T00:20:03.568+0000] {logging_mixin.py:188} INFO - [2024-10-01T00:20:03.568+0000] {dag.py:3036} INFO - Sync 1 DAGs
[2024-10-01T00:20:03.585+0000] {logging_mixin.py:188} INFO - [2024-10-01T00:20:03.585+0000] {dag.py:3823} INFO - Setting next_dagrun for example_sensors to None, run_after=None
[2024-10-01T00:20:03.614+0000] {processor.py:183} INFO - Processing /home/airflow/.local/lib/python3.8/site-packages/airflow/example_dags/example_sensors.py took 0.091 seconds
[2024-10-01T00:20:34.000+0000] {processor.py:161} INFO - Started process (PID=3266) to work on /home/airflow/.local/lib/python3.8/site-packages/airflow/example_dags/example_sensors.py
[2024-10-01T00:20:34.002+0000] {processor.py:830} INFO - Processing file /home/airflow/.local/lib/python3.8/site-packages/airflow/example_dags/example_sensors.py for tasks to queue
[2024-10-01T00:20:34.004+0000] {logging_mixin.py:188} INFO - [2024-10-01T00:20:34.004+0000] {dagbag.py:538} INFO - Filling up the DagBag from /home/airflow/.local/lib/python3.8/site-packages/airflow/example_dags/example_sensors.py
[2024-10-01T00:20:34.020+0000] {processor.py:840} INFO - DAG(s) 'example_sensors' retrieved from /home/airflow/.local/lib/python3.8/site-packages/airflow/example_dags/example_sensors.py
[2024-10-01T00:20:34.077+0000] {logging_mixin.py:188} INFO - [2024-10-01T00:20:34.076+0000] {dag.py:3036} INFO - Sync 1 DAGs
[2024-10-01T00:20:34.113+0000] {logging_mixin.py:188} INFO - [2024-10-01T00:20:34.113+0000] {dag.py:3823} INFO - Setting next_dagrun for example_sensors to None, run_after=None
[2024-10-01T00:20:34.166+0000] {processor.py:183} INFO - Processing /home/airflow/.local/lib/python3.8/site-packages/airflow/example_dags/example_sensors.py took 0.170 seconds
[2024-10-01T00:21:04.458+0000] {processor.py:161} INFO - Started process (PID=3333) to work on /home/airflow/.local/lib/python3.8/site-packages/airflow/example_dags/example_sensors.py
[2024-10-01T00:21:04.464+0000] {processor.py:830} INFO - Processing file /home/airflow/.local/lib/python3.8/site-packages/airflow/example_dags/example_sensors.py for tasks to queue
[2024-10-01T00:21:04.467+0000] {logging_mixin.py:188} INFO - [2024-10-01T00:21:04.466+0000] {dagbag.py:538} INFO - Filling up the DagBag from /home/airflow/.local/lib/python3.8/site-packages/airflow/example_dags/example_sensors.py
[2024-10-01T00:21:04.486+0000] {processor.py:840} INFO - DAG(s) 'example_sensors' retrieved from /home/airflow/.local/lib/python3.8/site-packages/airflow/example_dags/example_sensors.py
[2024-10-01T00:21:04.563+0000] {logging_mixin.py:188} INFO - [2024-10-01T00:21:04.562+0000] {dag.py:3036} INFO - Sync 1 DAGs
[2024-10-01T00:21:04.603+0000] {logging_mixin.py:188} INFO - [2024-10-01T00:21:04.603+0000] {dag.py:3823} INFO - Setting next_dagrun for example_sensors to None, run_after=None
[2024-10-01T00:21:04.646+0000] {processor.py:183} INFO - Processing /home/airflow/.local/lib/python3.8/site-packages/airflow/example_dags/example_sensors.py took 0.194 seconds
[2024-10-01T00:21:35.398+0000] {processor.py:161} INFO - Started process (PID=3399) to work on /home/airflow/.local/lib/python3.8/site-packages/airflow/example_dags/example_sensors.py
[2024-10-01T00:21:35.402+0000] {processor.py:830} INFO - Processing file /home/airflow/.local/lib/python3.8/site-packages/airflow/example_dags/example_sensors.py for tasks to queue
[2024-10-01T00:21:35.407+0000] {logging_mixin.py:188} INFO - [2024-10-01T00:21:35.406+0000] {dagbag.py:538} INFO - Filling up the DagBag from /home/airflow/.local/lib/python3.8/site-packages/airflow/example_dags/example_sensors.py
[2024-10-01T00:21:35.432+0000] {processor.py:840} INFO - DAG(s) 'example_sensors' retrieved from /home/airflow/.local/lib/python3.8/site-packages/airflow/example_dags/example_sensors.py
[2024-10-01T00:21:35.507+0000] {logging_mixin.py:188} INFO - [2024-10-01T00:21:35.506+0000] {dag.py:3036} INFO - Sync 1 DAGs
[2024-10-01T00:21:35.545+0000] {logging_mixin.py:188} INFO - [2024-10-01T00:21:35.545+0000] {dag.py:3823} INFO - Setting next_dagrun for example_sensors to None, run_after=None
[2024-10-01T00:21:35.584+0000] {processor.py:183} INFO - Processing /home/airflow/.local/lib/python3.8/site-packages/airflow/example_dags/example_sensors.py took 0.194 seconds
[2024-10-01T00:22:06.129+0000] {processor.py:161} INFO - Started process (PID=3463) to work on /home/airflow/.local/lib/python3.8/site-packages/airflow/example_dags/example_sensors.py
[2024-10-01T00:22:06.130+0000] {processor.py:830} INFO - Processing file /home/airflow/.local/lib/python3.8/site-packages/airflow/example_dags/example_sensors.py for tasks to queue
[2024-10-01T00:22:06.133+0000] {logging_mixin.py:188} INFO - [2024-10-01T00:22:06.133+0000] {dagbag.py:538} INFO - Filling up the DagBag from /home/airflow/.local/lib/python3.8/site-packages/airflow/example_dags/example_sensors.py
[2024-10-01T00:22:06.147+0000] {processor.py:840} INFO - DAG(s) 'example_sensors' retrieved from /home/airflow/.local/lib/python3.8/site-packages/airflow/example_dags/example_sensors.py
[2024-10-01T00:22:06.190+0000] {logging_mixin.py:188} INFO - [2024-10-01T00:22:06.189+0000] {dag.py:3036} INFO - Sync 1 DAGs
[2024-10-01T00:22:06.213+0000] {logging_mixin.py:188} INFO - [2024-10-01T00:22:06.213+0000] {dag.py:3823} INFO - Setting next_dagrun for example_sensors to None, run_after=None
[2024-10-01T00:22:06.247+0000] {processor.py:183} INFO - Processing /home/airflow/.local/lib/python3.8/site-packages/airflow/example_dags/example_sensors.py took 0.122 seconds
[2024-10-01T00:22:36.697+0000] {processor.py:161} INFO - Started process (PID=3530) to work on /home/airflow/.local/lib/python3.8/site-packages/airflow/example_dags/example_sensors.py
[2024-10-01T00:22:36.708+0000] {processor.py:830} INFO - Processing file /home/airflow/.local/lib/python3.8/site-packages/airflow/example_dags/example_sensors.py for tasks to queue
[2024-10-01T00:22:36.710+0000] {logging_mixin.py:188} INFO - [2024-10-01T00:22:36.710+0000] {dagbag.py:538} INFO - Filling up the DagBag from /home/airflow/.local/lib/python3.8/site-packages/airflow/example_dags/example_sensors.py
[2024-10-01T00:22:36.720+0000] {processor.py:840} INFO - DAG(s) 'example_sensors' retrieved from /home/airflow/.local/lib/python3.8/site-packages/airflow/example_dags/example_sensors.py
[2024-10-01T00:22:36.762+0000] {logging_mixin.py:188} INFO - [2024-10-01T00:22:36.762+0000] {dag.py:3036} INFO - Sync 1 DAGs
[2024-10-01T00:22:36.787+0000] {logging_mixin.py:188} INFO - [2024-10-01T00:22:36.786+0000] {dag.py:3823} INFO - Setting next_dagrun for example_sensors to None, run_after=None
[2024-10-01T00:22:36.822+0000] {processor.py:183} INFO - Processing /home/airflow/.local/lib/python3.8/site-packages/airflow/example_dags/example_sensors.py took 0.128 seconds
[2024-10-01T00:23:06.937+0000] {processor.py:161} INFO - Started process (PID=3597) to work on /home/airflow/.local/lib/python3.8/site-packages/airflow/example_dags/example_sensors.py
[2024-10-01T00:23:06.940+0000] {processor.py:830} INFO - Processing file /home/airflow/.local/lib/python3.8/site-packages/airflow/example_dags/example_sensors.py for tasks to queue
[2024-10-01T00:23:06.942+0000] {logging_mixin.py:188} INFO - [2024-10-01T00:23:06.942+0000] {dagbag.py:538} INFO - Filling up the DagBag from /home/airflow/.local/lib/python3.8/site-packages/airflow/example_dags/example_sensors.py
[2024-10-01T00:23:06.955+0000] {processor.py:840} INFO - DAG(s) 'example_sensors' retrieved from /home/airflow/.local/lib/python3.8/site-packages/airflow/example_dags/example_sensors.py
[2024-10-01T00:23:07.000+0000] {logging_mixin.py:188} INFO - [2024-10-01T00:23:06.999+0000] {dag.py:3036} INFO - Sync 1 DAGs
[2024-10-01T00:23:07.029+0000] {logging_mixin.py:188} INFO - [2024-10-01T00:23:07.029+0000] {dag.py:3823} INFO - Setting next_dagrun for example_sensors to None, run_after=None
[2024-10-01T00:23:07.063+0000] {processor.py:183} INFO - Processing /home/airflow/.local/lib/python3.8/site-packages/airflow/example_dags/example_sensors.py took 0.130 seconds
[2024-10-01T00:23:37.105+0000] {processor.py:161} INFO - Started process (PID=3663) to work on /home/airflow/.local/lib/python3.8/site-packages/airflow/example_dags/example_sensors.py
[2024-10-01T00:23:37.111+0000] {processor.py:830} INFO - Processing file /home/airflow/.local/lib/python3.8/site-packages/airflow/example_dags/example_sensors.py for tasks to queue
[2024-10-01T00:23:37.115+0000] {logging_mixin.py:188} INFO - [2024-10-01T00:23:37.114+0000] {dagbag.py:538} INFO - Filling up the DagBag from /home/airflow/.local/lib/python3.8/site-packages/airflow/example_dags/example_sensors.py
[2024-10-01T00:23:37.132+0000] {processor.py:840} INFO - DAG(s) 'example_sensors' retrieved from /home/airflow/.local/lib/python3.8/site-packages/airflow/example_dags/example_sensors.py
[2024-10-01T00:23:37.185+0000] {logging_mixin.py:188} INFO - [2024-10-01T00:23:37.185+0000] {dag.py:3036} INFO - Sync 1 DAGs
[2024-10-01T00:23:37.211+0000] {logging_mixin.py:188} INFO - [2024-10-01T00:23:37.211+0000] {dag.py:3823} INFO - Setting next_dagrun for example_sensors to None, run_after=None
[2024-10-01T00:23:37.247+0000] {processor.py:183} INFO - Processing /home/airflow/.local/lib/python3.8/site-packages/airflow/example_dags/example_sensors.py took 0.148 seconds
[2024-10-01T00:24:07.912+0000] {processor.py:161} INFO - Started process (PID=3729) to work on /home/airflow/.local/lib/python3.8/site-packages/airflow/example_dags/example_sensors.py
[2024-10-01T00:24:07.914+0000] {processor.py:830} INFO - Processing file /home/airflow/.local/lib/python3.8/site-packages/airflow/example_dags/example_sensors.py for tasks to queue
[2024-10-01T00:24:07.917+0000] {logging_mixin.py:188} INFO - [2024-10-01T00:24:07.916+0000] {dagbag.py:538} INFO - Filling up the DagBag from /home/airflow/.local/lib/python3.8/site-packages/airflow/example_dags/example_sensors.py
[2024-10-01T00:24:07.932+0000] {processor.py:840} INFO - DAG(s) 'example_sensors' retrieved from /home/airflow/.local/lib/python3.8/site-packages/airflow/example_dags/example_sensors.py
[2024-10-01T00:24:07.974+0000] {logging_mixin.py:188} INFO - [2024-10-01T00:24:07.973+0000] {dag.py:3036} INFO - Sync 1 DAGs
[2024-10-01T00:24:07.996+0000] {logging_mixin.py:188} INFO - [2024-10-01T00:24:07.995+0000] {dag.py:3823} INFO - Setting next_dagrun for example_sensors to None, run_after=None
[2024-10-01T00:24:08.028+0000] {processor.py:183} INFO - Processing /home/airflow/.local/lib/python3.8/site-packages/airflow/example_dags/example_sensors.py took 0.122 seconds
[2024-10-01T00:24:38.278+0000] {processor.py:161} INFO - Started process (PID=3795) to work on /home/airflow/.local/lib/python3.8/site-packages/airflow/example_dags/example_sensors.py
[2024-10-01T00:24:38.281+0000] {processor.py:830} INFO - Processing file /home/airflow/.local/lib/python3.8/site-packages/airflow/example_dags/example_sensors.py for tasks to queue
[2024-10-01T00:24:38.288+0000] {logging_mixin.py:188} INFO - [2024-10-01T00:24:38.287+0000] {dagbag.py:538} INFO - Filling up the DagBag from /home/airflow/.local/lib/python3.8/site-packages/airflow/example_dags/example_sensors.py
[2024-10-01T00:24:38.323+0000] {processor.py:840} INFO - DAG(s) 'example_sensors' retrieved from /home/airflow/.local/lib/python3.8/site-packages/airflow/example_dags/example_sensors.py
[2024-10-01T00:24:38.434+0000] {logging_mixin.py:188} INFO - [2024-10-01T00:24:38.433+0000] {dag.py:3036} INFO - Sync 1 DAGs
[2024-10-01T00:24:38.494+0000] {logging_mixin.py:188} INFO - [2024-10-01T00:24:38.493+0000] {dag.py:3823} INFO - Setting next_dagrun for example_sensors to None, run_after=None
[2024-10-01T00:24:38.578+0000] {processor.py:183} INFO - Processing /home/airflow/.local/lib/python3.8/site-packages/airflow/example_dags/example_sensors.py took 0.311 seconds
[2024-10-01T00:25:09.564+0000] {processor.py:161} INFO - Started process (PID=3861) to work on /home/airflow/.local/lib/python3.8/site-packages/airflow/example_dags/example_sensors.py
[2024-10-01T00:25:09.570+0000] {processor.py:830} INFO - Processing file /home/airflow/.local/lib/python3.8/site-packages/airflow/example_dags/example_sensors.py for tasks to queue
[2024-10-01T00:25:09.573+0000] {logging_mixin.py:188} INFO - [2024-10-01T00:25:09.573+0000] {dagbag.py:538} INFO - Filling up the DagBag from /home/airflow/.local/lib/python3.8/site-packages/airflow/example_dags/example_sensors.py
[2024-10-01T00:25:09.592+0000] {processor.py:840} INFO - DAG(s) 'example_sensors' retrieved from /home/airflow/.local/lib/python3.8/site-packages/airflow/example_dags/example_sensors.py
[2024-10-01T00:25:09.652+0000] {logging_mixin.py:188} INFO - [2024-10-01T00:25:09.651+0000] {dag.py:3036} INFO - Sync 1 DAGs
[2024-10-01T00:25:09.686+0000] {logging_mixin.py:188} INFO - [2024-10-01T00:25:09.686+0000] {dag.py:3823} INFO - Setting next_dagrun for example_sensors to None, run_after=None
[2024-10-01T00:25:09.732+0000] {processor.py:183} INFO - Processing /home/airflow/.local/lib/python3.8/site-packages/airflow/example_dags/example_sensors.py took 0.175 seconds
[2024-10-01T00:25:39.992+0000] {processor.py:161} INFO - Started process (PID=3927) to work on /home/airflow/.local/lib/python3.8/site-packages/airflow/example_dags/example_sensors.py
[2024-10-01T00:25:39.994+0000] {processor.py:830} INFO - Processing file /home/airflow/.local/lib/python3.8/site-packages/airflow/example_dags/example_sensors.py for tasks to queue
[2024-10-01T00:25:39.997+0000] {logging_mixin.py:188} INFO - [2024-10-01T00:25:39.997+0000] {dagbag.py:538} INFO - Filling up the DagBag from /home/airflow/.local/lib/python3.8/site-packages/airflow/example_dags/example_sensors.py
[2024-10-01T00:25:40.015+0000] {processor.py:840} INFO - DAG(s) 'example_sensors' retrieved from /home/airflow/.local/lib/python3.8/site-packages/airflow/example_dags/example_sensors.py
[2024-10-01T00:25:40.067+0000] {logging_mixin.py:188} INFO - [2024-10-01T00:25:40.066+0000] {dag.py:3036} INFO - Sync 1 DAGs
[2024-10-01T00:25:40.094+0000] {logging_mixin.py:188} INFO - [2024-10-01T00:25:40.093+0000] {dag.py:3823} INFO - Setting next_dagrun for example_sensors to None, run_after=None
[2024-10-01T00:25:40.134+0000] {processor.py:183} INFO - Processing /home/airflow/.local/lib/python3.8/site-packages/airflow/example_dags/example_sensors.py took 0.149 seconds
[2024-10-01T00:26:10.462+0000] {processor.py:161} INFO - Started process (PID=3993) to work on /home/airflow/.local/lib/python3.8/site-packages/airflow/example_dags/example_sensors.py
[2024-10-01T00:26:10.465+0000] {processor.py:830} INFO - Processing file /home/airflow/.local/lib/python3.8/site-packages/airflow/example_dags/example_sensors.py for tasks to queue
[2024-10-01T00:26:10.468+0000] {logging_mixin.py:188} INFO - [2024-10-01T00:26:10.467+0000] {dagbag.py:538} INFO - Filling up the DagBag from /home/airflow/.local/lib/python3.8/site-packages/airflow/example_dags/example_sensors.py
[2024-10-01T00:26:10.488+0000] {processor.py:840} INFO - DAG(s) 'example_sensors' retrieved from /home/airflow/.local/lib/python3.8/site-packages/airflow/example_dags/example_sensors.py
[2024-10-01T00:26:10.542+0000] {logging_mixin.py:188} INFO - [2024-10-01T00:26:10.542+0000] {dag.py:3036} INFO - Sync 1 DAGs
[2024-10-01T00:26:10.571+0000] {logging_mixin.py:188} INFO - [2024-10-01T00:26:10.570+0000] {dag.py:3823} INFO - Setting next_dagrun for example_sensors to None, run_after=None
[2024-10-01T00:26:10.614+0000] {processor.py:183} INFO - Processing /home/airflow/.local/lib/python3.8/site-packages/airflow/example_dags/example_sensors.py took 0.159 seconds
[2024-10-01T00:26:41.004+0000] {processor.py:161} INFO - Started process (PID=4059) to work on /home/airflow/.local/lib/python3.8/site-packages/airflow/example_dags/example_sensors.py
[2024-10-01T00:26:41.008+0000] {processor.py:830} INFO - Processing file /home/airflow/.local/lib/python3.8/site-packages/airflow/example_dags/example_sensors.py for tasks to queue
[2024-10-01T00:26:41.014+0000] {logging_mixin.py:188} INFO - [2024-10-01T00:26:41.013+0000] {dagbag.py:538} INFO - Filling up the DagBag from /home/airflow/.local/lib/python3.8/site-packages/airflow/example_dags/example_sensors.py
[2024-10-01T00:26:41.045+0000] {processor.py:840} INFO - DAG(s) 'example_sensors' retrieved from /home/airflow/.local/lib/python3.8/site-packages/airflow/example_dags/example_sensors.py
[2024-10-01T00:26:41.127+0000] {logging_mixin.py:188} INFO - [2024-10-01T00:26:41.126+0000] {dag.py:3036} INFO - Sync 1 DAGs
[2024-10-01T00:26:41.169+0000] {logging_mixin.py:188} INFO - [2024-10-01T00:26:41.168+0000] {dag.py:3823} INFO - Setting next_dagrun for example_sensors to None, run_after=None
[2024-10-01T00:26:41.239+0000] {processor.py:183} INFO - Processing /home/airflow/.local/lib/python3.8/site-packages/airflow/example_dags/example_sensors.py took 0.246 seconds
[2024-10-01T00:27:11.912+0000] {processor.py:161} INFO - Started process (PID=4124) to work on /home/airflow/.local/lib/python3.8/site-packages/airflow/example_dags/example_sensors.py
[2024-10-01T00:27:11.914+0000] {processor.py:830} INFO - Processing file /home/airflow/.local/lib/python3.8/site-packages/airflow/example_dags/example_sensors.py for tasks to queue
[2024-10-01T00:27:11.917+0000] {logging_mixin.py:188} INFO - [2024-10-01T00:27:11.916+0000] {dagbag.py:538} INFO - Filling up the DagBag from /home/airflow/.local/lib/python3.8/site-packages/airflow/example_dags/example_sensors.py
[2024-10-01T00:27:11.931+0000] {processor.py:840} INFO - DAG(s) 'example_sensors' retrieved from /home/airflow/.local/lib/python3.8/site-packages/airflow/example_dags/example_sensors.py
[2024-10-01T00:27:11.984+0000] {logging_mixin.py:188} INFO - [2024-10-01T00:27:11.984+0000] {dag.py:3036} INFO - Sync 1 DAGs
[2024-10-01T00:27:12.006+0000] {logging_mixin.py:188} INFO - [2024-10-01T00:27:12.005+0000] {dag.py:3823} INFO - Setting next_dagrun for example_sensors to None, run_after=None
[2024-10-01T00:27:12.040+0000] {processor.py:183} INFO - Processing /home/airflow/.local/lib/python3.8/site-packages/airflow/example_dags/example_sensors.py took 0.134 seconds
[2024-10-01T00:27:42.461+0000] {processor.py:161} INFO - Started process (PID=4189) to work on /home/airflow/.local/lib/python3.8/site-packages/airflow/example_dags/example_sensors.py
[2024-10-01T00:27:42.465+0000] {processor.py:830} INFO - Processing file /home/airflow/.local/lib/python3.8/site-packages/airflow/example_dags/example_sensors.py for tasks to queue
[2024-10-01T00:27:42.471+0000] {logging_mixin.py:188} INFO - [2024-10-01T00:27:42.470+0000] {dagbag.py:538} INFO - Filling up the DagBag from /home/airflow/.local/lib/python3.8/site-packages/airflow/example_dags/example_sensors.py
[2024-10-01T00:27:42.508+0000] {processor.py:840} INFO - DAG(s) 'example_sensors' retrieved from /home/airflow/.local/lib/python3.8/site-packages/airflow/example_dags/example_sensors.py
[2024-10-01T00:27:42.614+0000] {logging_mixin.py:188} INFO - [2024-10-01T00:27:42.613+0000] {dag.py:3036} INFO - Sync 1 DAGs
[2024-10-01T00:27:42.666+0000] {logging_mixin.py:188} INFO - [2024-10-01T00:27:42.666+0000] {dag.py:3823} INFO - Setting next_dagrun for example_sensors to None, run_after=None
[2024-10-01T00:27:42.736+0000] {processor.py:183} INFO - Processing /home/airflow/.local/lib/python3.8/site-packages/airflow/example_dags/example_sensors.py took 0.288 seconds
[2024-10-01T00:28:13.727+0000] {processor.py:161} INFO - Started process (PID=4249) to work on /home/airflow/.local/lib/python3.8/site-packages/airflow/example_dags/example_sensors.py
[2024-10-01T00:28:13.734+0000] {processor.py:830} INFO - Processing file /home/airflow/.local/lib/python3.8/site-packages/airflow/example_dags/example_sensors.py for tasks to queue
[2024-10-01T00:28:13.740+0000] {logging_mixin.py:188} INFO - [2024-10-01T00:28:13.739+0000] {dagbag.py:538} INFO - Filling up the DagBag from /home/airflow/.local/lib/python3.8/site-packages/airflow/example_dags/example_sensors.py
[2024-10-01T00:28:13.779+0000] {processor.py:840} INFO - DAG(s) 'example_sensors' retrieved from /home/airflow/.local/lib/python3.8/site-packages/airflow/example_dags/example_sensors.py
[2024-10-01T00:28:13.878+0000] {logging_mixin.py:188} INFO - [2024-10-01T00:28:13.877+0000] {dag.py:3036} INFO - Sync 1 DAGs
[2024-10-01T00:28:13.923+0000] {logging_mixin.py:188} INFO - [2024-10-01T00:28:13.923+0000] {dag.py:3823} INFO - Setting next_dagrun for example_sensors to None, run_after=None
[2024-10-01T00:28:13.982+0000] {processor.py:183} INFO - Processing /home/airflow/.local/lib/python3.8/site-packages/airflow/example_dags/example_sensors.py took 0.268 seconds
[2024-10-01T00:28:44.926+0000] {processor.py:161} INFO - Started process (PID=4315) to work on /home/airflow/.local/lib/python3.8/site-packages/airflow/example_dags/example_sensors.py
[2024-10-01T00:28:44.932+0000] {processor.py:830} INFO - Processing file /home/airflow/.local/lib/python3.8/site-packages/airflow/example_dags/example_sensors.py for tasks to queue
[2024-10-01T00:28:44.939+0000] {logging_mixin.py:188} INFO - [2024-10-01T00:28:44.938+0000] {dagbag.py:538} INFO - Filling up the DagBag from /home/airflow/.local/lib/python3.8/site-packages/airflow/example_dags/example_sensors.py
[2024-10-01T00:28:44.965+0000] {processor.py:840} INFO - DAG(s) 'example_sensors' retrieved from /home/airflow/.local/lib/python3.8/site-packages/airflow/example_dags/example_sensors.py
[2024-10-01T00:28:45.042+0000] {logging_mixin.py:188} INFO - [2024-10-01T00:28:45.042+0000] {dag.py:3036} INFO - Sync 1 DAGs
[2024-10-01T00:28:45.088+0000] {logging_mixin.py:188} INFO - [2024-10-01T00:28:45.088+0000] {dag.py:3823} INFO - Setting next_dagrun for example_sensors to None, run_after=None
[2024-10-01T00:28:45.159+0000] {processor.py:183} INFO - Processing /home/airflow/.local/lib/python3.8/site-packages/airflow/example_dags/example_sensors.py took 0.242 seconds
[2024-10-01T00:29:15.334+0000] {processor.py:161} INFO - Started process (PID=4381) to work on /home/airflow/.local/lib/python3.8/site-packages/airflow/example_dags/example_sensors.py
[2024-10-01T00:29:15.336+0000] {processor.py:830} INFO - Processing file /home/airflow/.local/lib/python3.8/site-packages/airflow/example_dags/example_sensors.py for tasks to queue
[2024-10-01T00:29:15.340+0000] {logging_mixin.py:188} INFO - [2024-10-01T00:29:15.339+0000] {dagbag.py:538} INFO - Filling up the DagBag from /home/airflow/.local/lib/python3.8/site-packages/airflow/example_dags/example_sensors.py
[2024-10-01T00:29:15.359+0000] {processor.py:840} INFO - DAG(s) 'example_sensors' retrieved from /home/airflow/.local/lib/python3.8/site-packages/airflow/example_dags/example_sensors.py
[2024-10-01T00:29:15.422+0000] {logging_mixin.py:188} INFO - [2024-10-01T00:29:15.421+0000] {dag.py:3036} INFO - Sync 1 DAGs
[2024-10-01T00:29:15.450+0000] {logging_mixin.py:188} INFO - [2024-10-01T00:29:15.450+0000] {dag.py:3823} INFO - Setting next_dagrun for example_sensors to None, run_after=None
[2024-10-01T00:29:15.512+0000] {processor.py:183} INFO - Processing /home/airflow/.local/lib/python3.8/site-packages/airflow/example_dags/example_sensors.py took 0.185 seconds
[2024-10-01T00:29:45.738+0000] {processor.py:161} INFO - Started process (PID=4447) to work on /home/airflow/.local/lib/python3.8/site-packages/airflow/example_dags/example_sensors.py
[2024-10-01T00:29:45.741+0000] {processor.py:830} INFO - Processing file /home/airflow/.local/lib/python3.8/site-packages/airflow/example_dags/example_sensors.py for tasks to queue
[2024-10-01T00:29:45.745+0000] {logging_mixin.py:188} INFO - [2024-10-01T00:29:45.744+0000] {dagbag.py:538} INFO - Filling up the DagBag from /home/airflow/.local/lib/python3.8/site-packages/airflow/example_dags/example_sensors.py
[2024-10-01T00:29:45.765+0000] {processor.py:840} INFO - DAG(s) 'example_sensors' retrieved from /home/airflow/.local/lib/python3.8/site-packages/airflow/example_dags/example_sensors.py
[2024-10-01T00:29:45.828+0000] {logging_mixin.py:188} INFO - [2024-10-01T00:29:45.827+0000] {dag.py:3036} INFO - Sync 1 DAGs
[2024-10-01T00:29:45.860+0000] {logging_mixin.py:188} INFO - [2024-10-01T00:29:45.859+0000] {dag.py:3823} INFO - Setting next_dagrun for example_sensors to None, run_after=None
[2024-10-01T00:29:45.920+0000] {processor.py:183} INFO - Processing /home/airflow/.local/lib/python3.8/site-packages/airflow/example_dags/example_sensors.py took 0.190 seconds
[2024-10-01T00:30:16.253+0000] {processor.py:161} INFO - Started process (PID=4513) to work on /home/airflow/.local/lib/python3.8/site-packages/airflow/example_dags/example_sensors.py
[2024-10-01T00:30:16.257+0000] {processor.py:830} INFO - Processing file /home/airflow/.local/lib/python3.8/site-packages/airflow/example_dags/example_sensors.py for tasks to queue
[2024-10-01T00:30:16.261+0000] {logging_mixin.py:188} INFO - [2024-10-01T00:30:16.261+0000] {dagbag.py:538} INFO - Filling up the DagBag from /home/airflow/.local/lib/python3.8/site-packages/airflow/example_dags/example_sensors.py
[2024-10-01T00:30:16.282+0000] {processor.py:840} INFO - DAG(s) 'example_sensors' retrieved from /home/airflow/.local/lib/python3.8/site-packages/airflow/example_dags/example_sensors.py
[2024-10-01T00:30:16.342+0000] {logging_mixin.py:188} INFO - [2024-10-01T00:30:16.342+0000] {dag.py:3036} INFO - Sync 1 DAGs
[2024-10-01T00:30:16.381+0000] {logging_mixin.py:188} INFO - [2024-10-01T00:30:16.381+0000] {dag.py:3823} INFO - Setting next_dagrun for example_sensors to None, run_after=None
[2024-10-01T00:30:16.427+0000] {processor.py:183} INFO - Processing /home/airflow/.local/lib/python3.8/site-packages/airflow/example_dags/example_sensors.py took 0.182 seconds
[2024-10-01T00:30:47.373+0000] {processor.py:161} INFO - Started process (PID=4579) to work on /home/airflow/.local/lib/python3.8/site-packages/airflow/example_dags/example_sensors.py
[2024-10-01T00:30:47.375+0000] {processor.py:830} INFO - Processing file /home/airflow/.local/lib/python3.8/site-packages/airflow/example_dags/example_sensors.py for tasks to queue
[2024-10-01T00:30:47.379+0000] {logging_mixin.py:188} INFO - [2024-10-01T00:30:47.378+0000] {dagbag.py:538} INFO - Filling up the DagBag from /home/airflow/.local/lib/python3.8/site-packages/airflow/example_dags/example_sensors.py
[2024-10-01T00:30:47.400+0000] {processor.py:840} INFO - DAG(s) 'example_sensors' retrieved from /home/airflow/.local/lib/python3.8/site-packages/airflow/example_dags/example_sensors.py
[2024-10-01T00:30:47.465+0000] {logging_mixin.py:188} INFO - [2024-10-01T00:30:47.464+0000] {dag.py:3036} INFO - Sync 1 DAGs
[2024-10-01T00:30:47.495+0000] {logging_mixin.py:188} INFO - [2024-10-01T00:30:47.495+0000] {dag.py:3823} INFO - Setting next_dagrun for example_sensors to None, run_after=None
[2024-10-01T00:30:47.542+0000] {processor.py:183} INFO - Processing /home/airflow/.local/lib/python3.8/site-packages/airflow/example_dags/example_sensors.py took 0.177 seconds
[2024-10-01T00:31:18.225+0000] {processor.py:161} INFO - Started process (PID=4643) to work on /home/airflow/.local/lib/python3.8/site-packages/airflow/example_dags/example_sensors.py
[2024-10-01T00:31:18.230+0000] {processor.py:830} INFO - Processing file /home/airflow/.local/lib/python3.8/site-packages/airflow/example_dags/example_sensors.py for tasks to queue
[2024-10-01T00:31:18.237+0000] {logging_mixin.py:188} INFO - [2024-10-01T00:31:18.236+0000] {dagbag.py:538} INFO - Filling up the DagBag from /home/airflow/.local/lib/python3.8/site-packages/airflow/example_dags/example_sensors.py
[2024-10-01T00:31:18.277+0000] {processor.py:840} INFO - DAG(s) 'example_sensors' retrieved from /home/airflow/.local/lib/python3.8/site-packages/airflow/example_dags/example_sensors.py
[2024-10-01T00:31:18.384+0000] {logging_mixin.py:188} INFO - [2024-10-01T00:31:18.383+0000] {dag.py:3036} INFO - Sync 1 DAGs
[2024-10-01T00:31:18.449+0000] {logging_mixin.py:188} INFO - [2024-10-01T00:31:18.448+0000] {dag.py:3823} INFO - Setting next_dagrun for example_sensors to None, run_after=None
[2024-10-01T00:31:18.549+0000] {processor.py:183} INFO - Processing /home/airflow/.local/lib/python3.8/site-packages/airflow/example_dags/example_sensors.py took 0.339 seconds
[2024-10-01T00:31:49.207+0000] {processor.py:161} INFO - Started process (PID=4703) to work on /home/airflow/.local/lib/python3.8/site-packages/airflow/example_dags/example_sensors.py
[2024-10-01T00:31:49.210+0000] {processor.py:830} INFO - Processing file /home/airflow/.local/lib/python3.8/site-packages/airflow/example_dags/example_sensors.py for tasks to queue
[2024-10-01T00:31:49.213+0000] {logging_mixin.py:188} INFO - [2024-10-01T00:31:49.213+0000] {dagbag.py:538} INFO - Filling up the DagBag from /home/airflow/.local/lib/python3.8/site-packages/airflow/example_dags/example_sensors.py
[2024-10-01T00:31:49.230+0000] {processor.py:840} INFO - DAG(s) 'example_sensors' retrieved from /home/airflow/.local/lib/python3.8/site-packages/airflow/example_dags/example_sensors.py
[2024-10-01T00:31:49.283+0000] {logging_mixin.py:188} INFO - [2024-10-01T00:31:49.282+0000] {dag.py:3036} INFO - Sync 1 DAGs
[2024-10-01T00:31:49.308+0000] {logging_mixin.py:188} INFO - [2024-10-01T00:31:49.308+0000] {dag.py:3823} INFO - Setting next_dagrun for example_sensors to None, run_after=None
[2024-10-01T00:31:49.356+0000] {processor.py:183} INFO - Processing /home/airflow/.local/lib/python3.8/site-packages/airflow/example_dags/example_sensors.py took 0.156 seconds
[2024-10-01T00:32:19.546+0000] {processor.py:161} INFO - Started process (PID=4769) to work on /home/airflow/.local/lib/python3.8/site-packages/airflow/example_dags/example_sensors.py
[2024-10-01T00:32:19.561+0000] {processor.py:830} INFO - Processing file /home/airflow/.local/lib/python3.8/site-packages/airflow/example_dags/example_sensors.py for tasks to queue
[2024-10-01T00:32:19.566+0000] {logging_mixin.py:188} INFO - [2024-10-01T00:32:19.565+0000] {dagbag.py:538} INFO - Filling up the DagBag from /home/airflow/.local/lib/python3.8/site-packages/airflow/example_dags/example_sensors.py
[2024-10-01T00:32:19.594+0000] {processor.py:840} INFO - DAG(s) 'example_sensors' retrieved from /home/airflow/.local/lib/python3.8/site-packages/airflow/example_dags/example_sensors.py
[2024-10-01T00:32:19.679+0000] {logging_mixin.py:188} INFO - [2024-10-01T00:32:19.679+0000] {dag.py:3036} INFO - Sync 1 DAGs
[2024-10-01T00:32:19.724+0000] {logging_mixin.py:188} INFO - [2024-10-01T00:32:19.723+0000] {dag.py:3823} INFO - Setting next_dagrun for example_sensors to None, run_after=None
[2024-10-01T00:32:19.787+0000] {processor.py:183} INFO - Processing /home/airflow/.local/lib/python3.8/site-packages/airflow/example_dags/example_sensors.py took 0.250 seconds
[2024-10-01T00:32:50.002+0000] {processor.py:161} INFO - Started process (PID=4827) to work on /home/airflow/.local/lib/python3.8/site-packages/airflow/example_dags/example_sensors.py
[2024-10-01T00:32:50.004+0000] {processor.py:830} INFO - Processing file /home/airflow/.local/lib/python3.8/site-packages/airflow/example_dags/example_sensors.py for tasks to queue
[2024-10-01T00:32:50.006+0000] {logging_mixin.py:188} INFO - [2024-10-01T00:32:50.006+0000] {dagbag.py:538} INFO - Filling up the DagBag from /home/airflow/.local/lib/python3.8/site-packages/airflow/example_dags/example_sensors.py
[2024-10-01T00:32:50.024+0000] {processor.py:840} INFO - DAG(s) 'example_sensors' retrieved from /home/airflow/.local/lib/python3.8/site-packages/airflow/example_dags/example_sensors.py
[2024-10-01T00:32:50.073+0000] {logging_mixin.py:188} INFO - [2024-10-01T00:32:50.072+0000] {dag.py:3036} INFO - Sync 1 DAGs
[2024-10-01T00:32:50.095+0000] {logging_mixin.py:188} INFO - [2024-10-01T00:32:50.095+0000] {dag.py:3823} INFO - Setting next_dagrun for example_sensors to None, run_after=None
[2024-10-01T00:32:50.128+0000] {processor.py:183} INFO - Processing /home/airflow/.local/lib/python3.8/site-packages/airflow/example_dags/example_sensors.py took 0.132 seconds
[2024-10-01T00:33:20.379+0000] {processor.py:161} INFO - Started process (PID=4893) to work on /home/airflow/.local/lib/python3.8/site-packages/airflow/example_dags/example_sensors.py
[2024-10-01T00:33:20.381+0000] {processor.py:830} INFO - Processing file /home/airflow/.local/lib/python3.8/site-packages/airflow/example_dags/example_sensors.py for tasks to queue
[2024-10-01T00:33:20.385+0000] {logging_mixin.py:188} INFO - [2024-10-01T00:33:20.384+0000] {dagbag.py:538} INFO - Filling up the DagBag from /home/airflow/.local/lib/python3.8/site-packages/airflow/example_dags/example_sensors.py
[2024-10-01T00:33:20.410+0000] {processor.py:840} INFO - DAG(s) 'example_sensors' retrieved from /home/airflow/.local/lib/python3.8/site-packages/airflow/example_dags/example_sensors.py
[2024-10-01T00:33:20.475+0000] {logging_mixin.py:188} INFO - [2024-10-01T00:33:20.475+0000] {dag.py:3036} INFO - Sync 1 DAGs
[2024-10-01T00:33:20.502+0000] {logging_mixin.py:188} INFO - [2024-10-01T00:33:20.501+0000] {dag.py:3823} INFO - Setting next_dagrun for example_sensors to None, run_after=None
[2024-10-01T00:33:20.551+0000] {processor.py:183} INFO - Processing /home/airflow/.local/lib/python3.8/site-packages/airflow/example_dags/example_sensors.py took 0.179 seconds
[2024-10-01T00:33:50.872+0000] {processor.py:161} INFO - Started process (PID=4959) to work on /home/airflow/.local/lib/python3.8/site-packages/airflow/example_dags/example_sensors.py
[2024-10-01T00:33:50.879+0000] {processor.py:830} INFO - Processing file /home/airflow/.local/lib/python3.8/site-packages/airflow/example_dags/example_sensors.py for tasks to queue
[2024-10-01T00:33:50.898+0000] {logging_mixin.py:188} INFO - [2024-10-01T00:33:50.896+0000] {dagbag.py:538} INFO - Filling up the DagBag from /home/airflow/.local/lib/python3.8/site-packages/airflow/example_dags/example_sensors.py
[2024-10-01T00:33:50.962+0000] {processor.py:840} INFO - DAG(s) 'example_sensors' retrieved from /home/airflow/.local/lib/python3.8/site-packages/airflow/example_dags/example_sensors.py
[2024-10-01T00:33:51.103+0000] {logging_mixin.py:188} INFO - [2024-10-01T00:33:51.102+0000] {dag.py:3036} INFO - Sync 1 DAGs
[2024-10-01T00:33:51.272+0000] {logging_mixin.py:188} INFO - [2024-10-01T00:33:51.269+0000] {dag.py:3823} INFO - Setting next_dagrun for example_sensors to None, run_after=None
[2024-10-01T00:33:51.431+0000] {processor.py:183} INFO - Processing /home/airflow/.local/lib/python3.8/site-packages/airflow/example_dags/example_sensors.py took 0.587 seconds
[2024-10-01T00:34:22.403+0000] {processor.py:161} INFO - Started process (PID=5017) to work on /home/airflow/.local/lib/python3.8/site-packages/airflow/example_dags/example_sensors.py
[2024-10-01T00:34:22.404+0000] {processor.py:830} INFO - Processing file /home/airflow/.local/lib/python3.8/site-packages/airflow/example_dags/example_sensors.py for tasks to queue
[2024-10-01T00:34:22.406+0000] {logging_mixin.py:188} INFO - [2024-10-01T00:34:22.406+0000] {dagbag.py:538} INFO - Filling up the DagBag from /home/airflow/.local/lib/python3.8/site-packages/airflow/example_dags/example_sensors.py
[2024-10-01T00:34:22.419+0000] {processor.py:840} INFO - DAG(s) 'example_sensors' retrieved from /home/airflow/.local/lib/python3.8/site-packages/airflow/example_dags/example_sensors.py
[2024-10-01T00:34:22.457+0000] {logging_mixin.py:188} INFO - [2024-10-01T00:34:22.457+0000] {dag.py:3036} INFO - Sync 1 DAGs
[2024-10-01T00:34:22.475+0000] {logging_mixin.py:188} INFO - [2024-10-01T00:34:22.475+0000] {dag.py:3823} INFO - Setting next_dagrun for example_sensors to None, run_after=None
[2024-10-01T00:34:22.503+0000] {processor.py:183} INFO - Processing /home/airflow/.local/lib/python3.8/site-packages/airflow/example_dags/example_sensors.py took 0.105 seconds
