[2024-10-01T00:00:08.509+0000] {processor.py:161} INFO - Started process (PID=765) to work on /home/airflow/.local/lib/python3.8/site-packages/airflow/example_dags/example_branch_day_of_week_operator.py
[2024-10-01T00:00:08.512+0000] {processor.py:830} INFO - Processing file /home/airflow/.local/lib/python3.8/site-packages/airflow/example_dags/example_branch_day_of_week_operator.py for tasks to queue
[2024-10-01T00:00:08.519+0000] {logging_mixin.py:188} INFO - [2024-10-01T00:00:08.517+0000] {dagbag.py:538} INFO - Filling up the DagBag from /home/airflow/.local/lib/python3.8/site-packages/airflow/example_dags/example_branch_day_of_week_operator.py
[2024-10-01T00:00:08.549+0000] {processor.py:840} INFO - DAG(s) 'example_weekday_branch_operator' retrieved from /home/airflow/.local/lib/python3.8/site-packages/airflow/example_dags/example_branch_day_of_week_operator.py
[2024-10-01T00:00:08.642+0000] {logging_mixin.py:188} INFO - [2024-10-01T00:00:08.641+0000] {dag.py:3036} INFO - Sync 1 DAGs
[2024-10-01T00:00:08.750+0000] {logging_mixin.py:188} INFO - [2024-10-01T00:00:08.748+0000] {dag.py:3823} INFO - Setting next_dagrun for example_weekday_branch_operator to 2024-09-30 00:00:00+00:00, run_after=2024-10-01 00:00:00+00:00
[2024-10-01T00:00:08.845+0000] {processor.py:183} INFO - Processing /home/airflow/.local/lib/python3.8/site-packages/airflow/example_dags/example_branch_day_of_week_operator.py took 0.351 seconds
[2024-10-01T00:00:39.682+0000] {processor.py:161} INFO - Started process (PID=831) to work on /home/airflow/.local/lib/python3.8/site-packages/airflow/example_dags/example_branch_day_of_week_operator.py
[2024-10-01T00:00:39.685+0000] {processor.py:830} INFO - Processing file /home/airflow/.local/lib/python3.8/site-packages/airflow/example_dags/example_branch_day_of_week_operator.py for tasks to queue
[2024-10-01T00:00:39.688+0000] {logging_mixin.py:188} INFO - [2024-10-01T00:00:39.688+0000] {dagbag.py:538} INFO - Filling up the DagBag from /home/airflow/.local/lib/python3.8/site-packages/airflow/example_dags/example_branch_day_of_week_operator.py
[2024-10-01T00:00:39.705+0000] {processor.py:840} INFO - DAG(s) 'example_weekday_branch_operator' retrieved from /home/airflow/.local/lib/python3.8/site-packages/airflow/example_dags/example_branch_day_of_week_operator.py
[2024-10-01T00:00:39.763+0000] {logging_mixin.py:188} INFO - [2024-10-01T00:00:39.762+0000] {dag.py:3036} INFO - Sync 1 DAGs
[2024-10-01T00:00:39.831+0000] {logging_mixin.py:188} INFO - [2024-10-01T00:00:39.830+0000] {dag.py:3823} INFO - Setting next_dagrun for example_weekday_branch_operator to 2024-09-30 00:00:00+00:00, run_after=2024-10-01 00:00:00+00:00
[2024-10-01T00:00:39.881+0000] {processor.py:183} INFO - Processing /home/airflow/.local/lib/python3.8/site-packages/airflow/example_dags/example_branch_day_of_week_operator.py took 0.207 seconds
[2024-10-01T00:01:10.423+0000] {processor.py:161} INFO - Started process (PID=889) to work on /home/airflow/.local/lib/python3.8/site-packages/airflow/example_dags/example_branch_day_of_week_operator.py
[2024-10-01T00:01:10.425+0000] {processor.py:830} INFO - Processing file /home/airflow/.local/lib/python3.8/site-packages/airflow/example_dags/example_branch_day_of_week_operator.py for tasks to queue
[2024-10-01T00:01:10.428+0000] {logging_mixin.py:188} INFO - [2024-10-01T00:01:10.427+0000] {dagbag.py:538} INFO - Filling up the DagBag from /home/airflow/.local/lib/python3.8/site-packages/airflow/example_dags/example_branch_day_of_week_operator.py
[2024-10-01T00:01:10.439+0000] {processor.py:840} INFO - DAG(s) 'example_weekday_branch_operator' retrieved from /home/airflow/.local/lib/python3.8/site-packages/airflow/example_dags/example_branch_day_of_week_operator.py
[2024-10-01T00:01:10.475+0000] {logging_mixin.py:188} INFO - [2024-10-01T00:01:10.474+0000] {dag.py:3036} INFO - Sync 1 DAGs
[2024-10-01T00:01:10.520+0000] {logging_mixin.py:188} INFO - [2024-10-01T00:01:10.519+0000] {dag.py:3823} INFO - Setting next_dagrun for example_weekday_branch_operator to 2024-09-30 00:00:00+00:00, run_after=2024-10-01 00:00:00+00:00
[2024-10-01T00:01:10.553+0000] {processor.py:183} INFO - Processing /home/airflow/.local/lib/python3.8/site-packages/airflow/example_dags/example_branch_day_of_week_operator.py took 0.134 seconds
[2024-10-01T00:01:41.389+0000] {processor.py:161} INFO - Started process (PID=955) to work on /home/airflow/.local/lib/python3.8/site-packages/airflow/example_dags/example_branch_day_of_week_operator.py
[2024-10-01T00:01:41.391+0000] {processor.py:830} INFO - Processing file /home/airflow/.local/lib/python3.8/site-packages/airflow/example_dags/example_branch_day_of_week_operator.py for tasks to queue
[2024-10-01T00:01:41.395+0000] {logging_mixin.py:188} INFO - [2024-10-01T00:01:41.394+0000] {dagbag.py:538} INFO - Filling up the DagBag from /home/airflow/.local/lib/python3.8/site-packages/airflow/example_dags/example_branch_day_of_week_operator.py
[2024-10-01T00:01:41.413+0000] {processor.py:840} INFO - DAG(s) 'example_weekday_branch_operator' retrieved from /home/airflow/.local/lib/python3.8/site-packages/airflow/example_dags/example_branch_day_of_week_operator.py
[2024-10-01T00:01:41.467+0000] {logging_mixin.py:188} INFO - [2024-10-01T00:01:41.467+0000] {dag.py:3036} INFO - Sync 1 DAGs
[2024-10-01T00:01:41.539+0000] {logging_mixin.py:188} INFO - [2024-10-01T00:01:41.538+0000] {dag.py:3823} INFO - Setting next_dagrun for example_weekday_branch_operator to 2024-09-30 00:00:00+00:00, run_after=2024-10-01 00:00:00+00:00
[2024-10-01T00:01:41.590+0000] {processor.py:183} INFO - Processing /home/airflow/.local/lib/python3.8/site-packages/airflow/example_dags/example_branch_day_of_week_operator.py took 0.209 seconds
[2024-10-01T00:02:11.889+0000] {processor.py:161} INFO - Started process (PID=1021) to work on /home/airflow/.local/lib/python3.8/site-packages/airflow/example_dags/example_branch_day_of_week_operator.py
[2024-10-01T00:02:11.892+0000] {processor.py:830} INFO - Processing file /home/airflow/.local/lib/python3.8/site-packages/airflow/example_dags/example_branch_day_of_week_operator.py for tasks to queue
[2024-10-01T00:02:11.896+0000] {logging_mixin.py:188} INFO - [2024-10-01T00:02:11.895+0000] {dagbag.py:538} INFO - Filling up the DagBag from /home/airflow/.local/lib/python3.8/site-packages/airflow/example_dags/example_branch_day_of_week_operator.py
[2024-10-01T00:02:11.917+0000] {processor.py:840} INFO - DAG(s) 'example_weekday_branch_operator' retrieved from /home/airflow/.local/lib/python3.8/site-packages/airflow/example_dags/example_branch_day_of_week_operator.py
[2024-10-01T00:02:11.973+0000] {logging_mixin.py:188} INFO - [2024-10-01T00:02:11.972+0000] {dag.py:3036} INFO - Sync 1 DAGs
[2024-10-01T00:02:12.040+0000] {logging_mixin.py:188} INFO - [2024-10-01T00:02:12.039+0000] {dag.py:3823} INFO - Setting next_dagrun for example_weekday_branch_operator to 2024-09-30 00:00:00+00:00, run_after=2024-10-01 00:00:00+00:00
[2024-10-01T00:02:12.092+0000] {processor.py:183} INFO - Processing /home/airflow/.local/lib/python3.8/site-packages/airflow/example_dags/example_branch_day_of_week_operator.py took 0.214 seconds
[2024-10-01T00:02:42.238+0000] {processor.py:161} INFO - Started process (PID=1087) to work on /home/airflow/.local/lib/python3.8/site-packages/airflow/example_dags/example_branch_day_of_week_operator.py
[2024-10-01T00:02:42.240+0000] {processor.py:830} INFO - Processing file /home/airflow/.local/lib/python3.8/site-packages/airflow/example_dags/example_branch_day_of_week_operator.py for tasks to queue
[2024-10-01T00:02:42.244+0000] {logging_mixin.py:188} INFO - [2024-10-01T00:02:42.244+0000] {dagbag.py:538} INFO - Filling up the DagBag from /home/airflow/.local/lib/python3.8/site-packages/airflow/example_dags/example_branch_day_of_week_operator.py
[2024-10-01T00:02:42.264+0000] {processor.py:840} INFO - DAG(s) 'example_weekday_branch_operator' retrieved from /home/airflow/.local/lib/python3.8/site-packages/airflow/example_dags/example_branch_day_of_week_operator.py
[2024-10-01T00:02:42.318+0000] {logging_mixin.py:188} INFO - [2024-10-01T00:02:42.318+0000] {dag.py:3036} INFO - Sync 1 DAGs
[2024-10-01T00:02:42.378+0000] {logging_mixin.py:188} INFO - [2024-10-01T00:02:42.377+0000] {dag.py:3823} INFO - Setting next_dagrun for example_weekday_branch_operator to 2024-09-30 00:00:00+00:00, run_after=2024-10-01 00:00:00+00:00
[2024-10-01T00:02:42.425+0000] {processor.py:183} INFO - Processing /home/airflow/.local/lib/python3.8/site-packages/airflow/example_dags/example_branch_day_of_week_operator.py took 0.196 seconds
[2024-10-01T00:03:12.499+0000] {processor.py:161} INFO - Started process (PID=1152) to work on /home/airflow/.local/lib/python3.8/site-packages/airflow/example_dags/example_branch_day_of_week_operator.py
[2024-10-01T00:03:12.502+0000] {processor.py:830} INFO - Processing file /home/airflow/.local/lib/python3.8/site-packages/airflow/example_dags/example_branch_day_of_week_operator.py for tasks to queue
[2024-10-01T00:03:12.505+0000] {logging_mixin.py:188} INFO - [2024-10-01T00:03:12.504+0000] {dagbag.py:538} INFO - Filling up the DagBag from /home/airflow/.local/lib/python3.8/site-packages/airflow/example_dags/example_branch_day_of_week_operator.py
[2024-10-01T00:03:12.521+0000] {processor.py:840} INFO - DAG(s) 'example_weekday_branch_operator' retrieved from /home/airflow/.local/lib/python3.8/site-packages/airflow/example_dags/example_branch_day_of_week_operator.py
[2024-10-01T00:03:12.558+0000] {logging_mixin.py:188} INFO - [2024-10-01T00:03:12.558+0000] {dag.py:3036} INFO - Sync 1 DAGs
[2024-10-01T00:03:12.609+0000] {logging_mixin.py:188} INFO - [2024-10-01T00:03:12.609+0000] {dag.py:3823} INFO - Setting next_dagrun for example_weekday_branch_operator to 2024-09-30 00:00:00+00:00, run_after=2024-10-01 00:00:00+00:00
[2024-10-01T00:03:12.648+0000] {processor.py:183} INFO - Processing /home/airflow/.local/lib/python3.8/site-packages/airflow/example_dags/example_branch_day_of_week_operator.py took 0.154 seconds
[2024-10-01T00:03:43.259+0000] {processor.py:161} INFO - Started process (PID=1219) to work on /home/airflow/.local/lib/python3.8/site-packages/airflow/example_dags/example_branch_day_of_week_operator.py
[2024-10-01T00:03:43.262+0000] {processor.py:830} INFO - Processing file /home/airflow/.local/lib/python3.8/site-packages/airflow/example_dags/example_branch_day_of_week_operator.py for tasks to queue
[2024-10-01T00:03:43.267+0000] {logging_mixin.py:188} INFO - [2024-10-01T00:03:43.266+0000] {dagbag.py:538} INFO - Filling up the DagBag from /home/airflow/.local/lib/python3.8/site-packages/airflow/example_dags/example_branch_day_of_week_operator.py
[2024-10-01T00:03:43.289+0000] {processor.py:840} INFO - DAG(s) 'example_weekday_branch_operator' retrieved from /home/airflow/.local/lib/python3.8/site-packages/airflow/example_dags/example_branch_day_of_week_operator.py
[2024-10-01T00:03:43.357+0000] {logging_mixin.py:188} INFO - [2024-10-01T00:03:43.356+0000] {dag.py:3036} INFO - Sync 1 DAGs
[2024-10-01T00:03:43.440+0000] {logging_mixin.py:188} INFO - [2024-10-01T00:03:43.439+0000] {dag.py:3823} INFO - Setting next_dagrun for example_weekday_branch_operator to 2024-09-30 00:00:00+00:00, run_after=2024-10-01 00:00:00+00:00
[2024-10-01T00:03:43.500+0000] {processor.py:183} INFO - Processing /home/airflow/.local/lib/python3.8/site-packages/airflow/example_dags/example_branch_day_of_week_operator.py took 0.250 seconds
[2024-10-01T00:04:13.925+0000] {processor.py:161} INFO - Started process (PID=1285) to work on /home/airflow/.local/lib/python3.8/site-packages/airflow/example_dags/example_branch_day_of_week_operator.py
[2024-10-01T00:04:13.927+0000] {processor.py:830} INFO - Processing file /home/airflow/.local/lib/python3.8/site-packages/airflow/example_dags/example_branch_day_of_week_operator.py for tasks to queue
[2024-10-01T00:04:13.931+0000] {logging_mixin.py:188} INFO - [2024-10-01T00:04:13.930+0000] {dagbag.py:538} INFO - Filling up the DagBag from /home/airflow/.local/lib/python3.8/site-packages/airflow/example_dags/example_branch_day_of_week_operator.py
[2024-10-01T00:04:13.946+0000] {processor.py:840} INFO - DAG(s) 'example_weekday_branch_operator' retrieved from /home/airflow/.local/lib/python3.8/site-packages/airflow/example_dags/example_branch_day_of_week_operator.py
[2024-10-01T00:04:13.989+0000] {logging_mixin.py:188} INFO - [2024-10-01T00:04:13.989+0000] {dag.py:3036} INFO - Sync 1 DAGs
[2024-10-01T00:04:14.038+0000] {logging_mixin.py:188} INFO - [2024-10-01T00:04:14.038+0000] {dag.py:3823} INFO - Setting next_dagrun for example_weekday_branch_operator to 2024-09-30 00:00:00+00:00, run_after=2024-10-01 00:00:00+00:00
[2024-10-01T00:04:14.078+0000] {processor.py:183} INFO - Processing /home/airflow/.local/lib/python3.8/site-packages/airflow/example_dags/example_branch_day_of_week_operator.py took 0.161 seconds
[2024-10-01T00:04:46.043+0000] {processor.py:161} INFO - Started process (PID=1351) to work on /home/airflow/.local/lib/python3.8/site-packages/airflow/example_dags/example_branch_day_of_week_operator.py
[2024-10-01T00:04:46.053+0000] {processor.py:830} INFO - Processing file /home/airflow/.local/lib/python3.8/site-packages/airflow/example_dags/example_branch_day_of_week_operator.py for tasks to queue
[2024-10-01T00:04:46.075+0000] {logging_mixin.py:188} INFO - [2024-10-01T00:04:46.070+0000] {dagbag.py:538} INFO - Filling up the DagBag from /home/airflow/.local/lib/python3.8/site-packages/airflow/example_dags/example_branch_day_of_week_operator.py
[2024-10-01T00:04:46.184+0000] {processor.py:840} INFO - DAG(s) 'example_weekday_branch_operator' retrieved from /home/airflow/.local/lib/python3.8/site-packages/airflow/example_dags/example_branch_day_of_week_operator.py
[2024-10-01T00:04:46.422+0000] {logging_mixin.py:188} INFO - [2024-10-01T00:04:46.420+0000] {dag.py:3036} INFO - Sync 1 DAGs
[2024-10-01T00:04:46.888+0000] {logging_mixin.py:188} INFO - [2024-10-01T00:04:46.886+0000] {dag.py:3823} INFO - Setting next_dagrun for example_weekday_branch_operator to 2024-09-30 00:00:00+00:00, run_after=2024-10-01 00:00:00+00:00
[2024-10-01T00:04:47.107+0000] {processor.py:183} INFO - Processing /home/airflow/.local/lib/python3.8/site-packages/airflow/example_dags/example_branch_day_of_week_operator.py took 1.115 seconds
[2024-10-01T00:05:17.753+0000] {processor.py:161} INFO - Started process (PID=1408) to work on /home/airflow/.local/lib/python3.8/site-packages/airflow/example_dags/example_branch_day_of_week_operator.py
[2024-10-01T00:05:17.755+0000] {processor.py:830} INFO - Processing file /home/airflow/.local/lib/python3.8/site-packages/airflow/example_dags/example_branch_day_of_week_operator.py for tasks to queue
[2024-10-01T00:05:17.757+0000] {logging_mixin.py:188} INFO - [2024-10-01T00:05:17.757+0000] {dagbag.py:538} INFO - Filling up the DagBag from /home/airflow/.local/lib/python3.8/site-packages/airflow/example_dags/example_branch_day_of_week_operator.py
[2024-10-01T00:05:17.769+0000] {processor.py:840} INFO - DAG(s) 'example_weekday_branch_operator' retrieved from /home/airflow/.local/lib/python3.8/site-packages/airflow/example_dags/example_branch_day_of_week_operator.py
[2024-10-01T00:05:17.804+0000] {logging_mixin.py:188} INFO - [2024-10-01T00:05:17.803+0000] {dag.py:3036} INFO - Sync 1 DAGs
[2024-10-01T00:05:17.841+0000] {logging_mixin.py:188} INFO - [2024-10-01T00:05:17.840+0000] {dag.py:3823} INFO - Setting next_dagrun for example_weekday_branch_operator to 2024-09-30 00:00:00+00:00, run_after=2024-10-01 00:00:00+00:00
[2024-10-01T00:05:17.871+0000] {processor.py:183} INFO - Processing /home/airflow/.local/lib/python3.8/site-packages/airflow/example_dags/example_branch_day_of_week_operator.py took 0.123 seconds
[2024-10-01T00:05:47.926+0000] {processor.py:161} INFO - Started process (PID=1474) to work on /home/airflow/.local/lib/python3.8/site-packages/airflow/example_dags/example_branch_day_of_week_operator.py
[2024-10-01T00:05:47.929+0000] {processor.py:830} INFO - Processing file /home/airflow/.local/lib/python3.8/site-packages/airflow/example_dags/example_branch_day_of_week_operator.py for tasks to queue
[2024-10-01T00:05:47.933+0000] {logging_mixin.py:188} INFO - [2024-10-01T00:05:47.933+0000] {dagbag.py:538} INFO - Filling up the DagBag from /home/airflow/.local/lib/python3.8/site-packages/airflow/example_dags/example_branch_day_of_week_operator.py
[2024-10-01T00:05:47.953+0000] {processor.py:840} INFO - DAG(s) 'example_weekday_branch_operator' retrieved from /home/airflow/.local/lib/python3.8/site-packages/airflow/example_dags/example_branch_day_of_week_operator.py
[2024-10-01T00:05:48.005+0000] {logging_mixin.py:188} INFO - [2024-10-01T00:05:48.004+0000] {dag.py:3036} INFO - Sync 1 DAGs
[2024-10-01T00:05:48.063+0000] {logging_mixin.py:188} INFO - [2024-10-01T00:05:48.063+0000] {dag.py:3823} INFO - Setting next_dagrun for example_weekday_branch_operator to 2024-09-30 00:00:00+00:00, run_after=2024-10-01 00:00:00+00:00
[2024-10-01T00:05:48.111+0000] {processor.py:183} INFO - Processing /home/airflow/.local/lib/python3.8/site-packages/airflow/example_dags/example_branch_day_of_week_operator.py took 0.193 seconds
[2024-10-01T00:06:18.225+0000] {processor.py:161} INFO - Started process (PID=1540) to work on /home/airflow/.local/lib/python3.8/site-packages/airflow/example_dags/example_branch_day_of_week_operator.py
[2024-10-01T00:06:18.230+0000] {processor.py:830} INFO - Processing file /home/airflow/.local/lib/python3.8/site-packages/airflow/example_dags/example_branch_day_of_week_operator.py for tasks to queue
[2024-10-01T00:06:18.239+0000] {logging_mixin.py:188} INFO - [2024-10-01T00:06:18.238+0000] {dagbag.py:538} INFO - Filling up the DagBag from /home/airflow/.local/lib/python3.8/site-packages/airflow/example_dags/example_branch_day_of_week_operator.py
[2024-10-01T00:06:18.285+0000] {processor.py:840} INFO - DAG(s) 'example_weekday_branch_operator' retrieved from /home/airflow/.local/lib/python3.8/site-packages/airflow/example_dags/example_branch_day_of_week_operator.py
[2024-10-01T00:06:18.379+0000] {logging_mixin.py:188} INFO - [2024-10-01T00:06:18.378+0000] {dag.py:3036} INFO - Sync 1 DAGs
[2024-10-01T00:06:18.489+0000] {logging_mixin.py:188} INFO - [2024-10-01T00:06:18.487+0000] {dag.py:3823} INFO - Setting next_dagrun for example_weekday_branch_operator to 2024-09-30 00:00:00+00:00, run_after=2024-10-01 00:00:00+00:00
[2024-10-01T00:06:18.567+0000] {processor.py:183} INFO - Processing /home/airflow/.local/lib/python3.8/site-packages/airflow/example_dags/example_branch_day_of_week_operator.py took 0.358 seconds
[2024-10-01T00:06:48.638+0000] {processor.py:161} INFO - Started process (PID=1605) to work on /home/airflow/.local/lib/python3.8/site-packages/airflow/example_dags/example_branch_day_of_week_operator.py
[2024-10-01T00:06:48.641+0000] {processor.py:830} INFO - Processing file /home/airflow/.local/lib/python3.8/site-packages/airflow/example_dags/example_branch_day_of_week_operator.py for tasks to queue
[2024-10-01T00:06:48.646+0000] {logging_mixin.py:188} INFO - [2024-10-01T00:06:48.645+0000] {dagbag.py:538} INFO - Filling up the DagBag from /home/airflow/.local/lib/python3.8/site-packages/airflow/example_dags/example_branch_day_of_week_operator.py
[2024-10-01T00:06:48.667+0000] {processor.py:840} INFO - DAG(s) 'example_weekday_branch_operator' retrieved from /home/airflow/.local/lib/python3.8/site-packages/airflow/example_dags/example_branch_day_of_week_operator.py
[2024-10-01T00:06:48.725+0000] {logging_mixin.py:188} INFO - [2024-10-01T00:06:48.725+0000] {dag.py:3036} INFO - Sync 1 DAGs
[2024-10-01T00:06:48.791+0000] {logging_mixin.py:188} INFO - [2024-10-01T00:06:48.791+0000] {dag.py:3823} INFO - Setting next_dagrun for example_weekday_branch_operator to 2024-09-30 00:00:00+00:00, run_after=2024-10-01 00:00:00+00:00
[2024-10-01T00:06:48.843+0000] {processor.py:183} INFO - Processing /home/airflow/.local/lib/python3.8/site-packages/airflow/example_dags/example_branch_day_of_week_operator.py took 0.215 seconds
[2024-10-01T00:07:19.377+0000] {processor.py:161} INFO - Started process (PID=1671) to work on /home/airflow/.local/lib/python3.8/site-packages/airflow/example_dags/example_branch_day_of_week_operator.py
[2024-10-01T00:07:19.380+0000] {processor.py:830} INFO - Processing file /home/airflow/.local/lib/python3.8/site-packages/airflow/example_dags/example_branch_day_of_week_operator.py for tasks to queue
[2024-10-01T00:07:19.383+0000] {logging_mixin.py:188} INFO - [2024-10-01T00:07:19.383+0000] {dagbag.py:538} INFO - Filling up the DagBag from /home/airflow/.local/lib/python3.8/site-packages/airflow/example_dags/example_branch_day_of_week_operator.py
[2024-10-01T00:07:19.399+0000] {processor.py:840} INFO - DAG(s) 'example_weekday_branch_operator' retrieved from /home/airflow/.local/lib/python3.8/site-packages/airflow/example_dags/example_branch_day_of_week_operator.py
[2024-10-01T00:07:19.442+0000] {logging_mixin.py:188} INFO - [2024-10-01T00:07:19.441+0000] {dag.py:3036} INFO - Sync 1 DAGs
[2024-10-01T00:07:19.492+0000] {logging_mixin.py:188} INFO - [2024-10-01T00:07:19.491+0000] {dag.py:3823} INFO - Setting next_dagrun for example_weekday_branch_operator to 2024-09-30 00:00:00+00:00, run_after=2024-10-01 00:00:00+00:00
[2024-10-01T00:07:19.532+0000] {processor.py:183} INFO - Processing /home/airflow/.local/lib/python3.8/site-packages/airflow/example_dags/example_branch_day_of_week_operator.py took 0.162 seconds
[2024-10-01T00:07:50.222+0000] {processor.py:161} INFO - Started process (PID=1737) to work on /home/airflow/.local/lib/python3.8/site-packages/airflow/example_dags/example_branch_day_of_week_operator.py
[2024-10-01T00:07:50.225+0000] {processor.py:830} INFO - Processing file /home/airflow/.local/lib/python3.8/site-packages/airflow/example_dags/example_branch_day_of_week_operator.py for tasks to queue
[2024-10-01T00:07:50.228+0000] {logging_mixin.py:188} INFO - [2024-10-01T00:07:50.228+0000] {dagbag.py:538} INFO - Filling up the DagBag from /home/airflow/.local/lib/python3.8/site-packages/airflow/example_dags/example_branch_day_of_week_operator.py
[2024-10-01T00:07:50.244+0000] {processor.py:840} INFO - DAG(s) 'example_weekday_branch_operator' retrieved from /home/airflow/.local/lib/python3.8/site-packages/airflow/example_dags/example_branch_day_of_week_operator.py
[2024-10-01T00:07:50.289+0000] {logging_mixin.py:188} INFO - [2024-10-01T00:07:50.289+0000] {dag.py:3036} INFO - Sync 1 DAGs
[2024-10-01T00:07:50.341+0000] {logging_mixin.py:188} INFO - [2024-10-01T00:07:50.340+0000] {dag.py:3823} INFO - Setting next_dagrun for example_weekday_branch_operator to 2024-09-30 00:00:00+00:00, run_after=2024-10-01 00:00:00+00:00
[2024-10-01T00:07:50.382+0000] {processor.py:183} INFO - Processing /home/airflow/.local/lib/python3.8/site-packages/airflow/example_dags/example_branch_day_of_week_operator.py took 0.168 seconds
[2024-10-01T00:08:20.688+0000] {processor.py:161} INFO - Started process (PID=1803) to work on /home/airflow/.local/lib/python3.8/site-packages/airflow/example_dags/example_branch_day_of_week_operator.py
[2024-10-01T00:08:20.690+0000] {processor.py:830} INFO - Processing file /home/airflow/.local/lib/python3.8/site-packages/airflow/example_dags/example_branch_day_of_week_operator.py for tasks to queue
[2024-10-01T00:08:20.693+0000] {logging_mixin.py:188} INFO - [2024-10-01T00:08:20.693+0000] {dagbag.py:538} INFO - Filling up the DagBag from /home/airflow/.local/lib/python3.8/site-packages/airflow/example_dags/example_branch_day_of_week_operator.py
[2024-10-01T00:08:20.708+0000] {processor.py:840} INFO - DAG(s) 'example_weekday_branch_operator' retrieved from /home/airflow/.local/lib/python3.8/site-packages/airflow/example_dags/example_branch_day_of_week_operator.py
[2024-10-01T00:08:20.754+0000] {logging_mixin.py:188} INFO - [2024-10-01T00:08:20.753+0000] {dag.py:3036} INFO - Sync 1 DAGs
[2024-10-01T00:08:20.803+0000] {logging_mixin.py:188} INFO - [2024-10-01T00:08:20.803+0000] {dag.py:3823} INFO - Setting next_dagrun for example_weekday_branch_operator to 2024-09-30 00:00:00+00:00, run_after=2024-10-01 00:00:00+00:00
[2024-10-01T00:08:20.846+0000] {processor.py:183} INFO - Processing /home/airflow/.local/lib/python3.8/site-packages/airflow/example_dags/example_branch_day_of_week_operator.py took 0.165 seconds
[2024-10-01T00:08:50.985+0000] {processor.py:161} INFO - Started process (PID=1869) to work on /home/airflow/.local/lib/python3.8/site-packages/airflow/example_dags/example_branch_day_of_week_operator.py
[2024-10-01T00:08:50.988+0000] {processor.py:830} INFO - Processing file /home/airflow/.local/lib/python3.8/site-packages/airflow/example_dags/example_branch_day_of_week_operator.py for tasks to queue
[2024-10-01T00:08:50.991+0000] {logging_mixin.py:188} INFO - [2024-10-01T00:08:50.991+0000] {dagbag.py:538} INFO - Filling up the DagBag from /home/airflow/.local/lib/python3.8/site-packages/airflow/example_dags/example_branch_day_of_week_operator.py
[2024-10-01T00:08:51.008+0000] {processor.py:840} INFO - DAG(s) 'example_weekday_branch_operator' retrieved from /home/airflow/.local/lib/python3.8/site-packages/airflow/example_dags/example_branch_day_of_week_operator.py
[2024-10-01T00:08:51.055+0000] {logging_mixin.py:188} INFO - [2024-10-01T00:08:51.054+0000] {dag.py:3036} INFO - Sync 1 DAGs
[2024-10-01T00:08:51.107+0000] {logging_mixin.py:188} INFO - [2024-10-01T00:08:51.106+0000] {dag.py:3823} INFO - Setting next_dagrun for example_weekday_branch_operator to 2024-09-30 00:00:00+00:00, run_after=2024-10-01 00:00:00+00:00
[2024-10-01T00:08:51.150+0000] {processor.py:183} INFO - Processing /home/airflow/.local/lib/python3.8/site-packages/airflow/example_dags/example_branch_day_of_week_operator.py took 0.172 seconds
[2024-10-01T00:09:21.464+0000] {processor.py:161} INFO - Started process (PID=1933) to work on /home/airflow/.local/lib/python3.8/site-packages/airflow/example_dags/example_branch_day_of_week_operator.py
[2024-10-01T00:09:21.481+0000] {processor.py:830} INFO - Processing file /home/airflow/.local/lib/python3.8/site-packages/airflow/example_dags/example_branch_day_of_week_operator.py for tasks to queue
[2024-10-01T00:09:21.501+0000] {logging_mixin.py:188} INFO - [2024-10-01T00:09:21.497+0000] {dagbag.py:538} INFO - Filling up the DagBag from /home/airflow/.local/lib/python3.8/site-packages/airflow/example_dags/example_branch_day_of_week_operator.py
[2024-10-01T00:09:21.589+0000] {processor.py:840} INFO - DAG(s) 'example_weekday_branch_operator' retrieved from /home/airflow/.local/lib/python3.8/site-packages/airflow/example_dags/example_branch_day_of_week_operator.py
[2024-10-01T00:09:21.782+0000] {logging_mixin.py:188} INFO - [2024-10-01T00:09:21.780+0000] {dag.py:3036} INFO - Sync 1 DAGs
[2024-10-01T00:09:22.008+0000] {logging_mixin.py:188} INFO - [2024-10-01T00:09:22.006+0000] {dag.py:3823} INFO - Setting next_dagrun for example_weekday_branch_operator to 2024-09-30 00:00:00+00:00, run_after=2024-10-01 00:00:00+00:00
[2024-10-01T00:09:22.180+0000] {processor.py:183} INFO - Processing /home/airflow/.local/lib/python3.8/site-packages/airflow/example_dags/example_branch_day_of_week_operator.py took 0.751 seconds
[2024-10-01T00:09:52.554+0000] {processor.py:161} INFO - Started process (PID=1991) to work on /home/airflow/.local/lib/python3.8/site-packages/airflow/example_dags/example_branch_day_of_week_operator.py
[2024-10-01T00:09:52.571+0000] {processor.py:830} INFO - Processing file /home/airflow/.local/lib/python3.8/site-packages/airflow/example_dags/example_branch_day_of_week_operator.py for tasks to queue
[2024-10-01T00:09:52.593+0000] {logging_mixin.py:188} INFO - [2024-10-01T00:09:52.590+0000] {dagbag.py:538} INFO - Filling up the DagBag from /home/airflow/.local/lib/python3.8/site-packages/airflow/example_dags/example_branch_day_of_week_operator.py
[2024-10-01T00:09:52.690+0000] {processor.py:840} INFO - DAG(s) 'example_weekday_branch_operator' retrieved from /home/airflow/.local/lib/python3.8/site-packages/airflow/example_dags/example_branch_day_of_week_operator.py
[2024-10-01T00:09:52.953+0000] {logging_mixin.py:188} INFO - [2024-10-01T00:09:52.951+0000] {dag.py:3036} INFO - Sync 1 DAGs
[2024-10-01T00:09:53.271+0000] {logging_mixin.py:188} INFO - [2024-10-01T00:09:53.268+0000] {dag.py:3823} INFO - Setting next_dagrun for example_weekday_branch_operator to 2024-09-30 00:00:00+00:00, run_after=2024-10-01 00:00:00+00:00
[2024-10-01T00:09:53.467+0000] {processor.py:183} INFO - Processing /home/airflow/.local/lib/python3.8/site-packages/airflow/example_dags/example_branch_day_of_week_operator.py took 0.970 seconds
[2024-10-01T00:10:46.368+0000] {processor.py:161} INFO - Started process (PID=2074) to work on /home/airflow/.local/lib/python3.8/site-packages/airflow/example_dags/example_branch_day_of_week_operator.py
[2024-10-01T00:10:46.379+0000] {processor.py:830} INFO - Processing file /home/airflow/.local/lib/python3.8/site-packages/airflow/example_dags/example_branch_day_of_week_operator.py for tasks to queue
[2024-10-01T00:10:46.401+0000] {logging_mixin.py:188} INFO - [2024-10-01T00:10:46.397+0000] {dagbag.py:538} INFO - Filling up the DagBag from /home/airflow/.local/lib/python3.8/site-packages/airflow/example_dags/example_branch_day_of_week_operator.py
[2024-10-01T00:10:46.498+0000] {processor.py:840} INFO - DAG(s) 'example_weekday_branch_operator' retrieved from /home/airflow/.local/lib/python3.8/site-packages/airflow/example_dags/example_branch_day_of_week_operator.py
[2024-10-01T00:10:46.825+0000] {logging_mixin.py:188} INFO - [2024-10-01T00:10:46.823+0000] {dag.py:3036} INFO - Sync 1 DAGs
[2024-10-01T00:10:47.227+0000] {logging_mixin.py:188} INFO - [2024-10-01T00:10:47.225+0000] {dag.py:3823} INFO - Setting next_dagrun for example_weekday_branch_operator to 2024-09-30 00:00:00+00:00, run_after=2024-10-01 00:00:00+00:00
[2024-10-01T00:10:47.428+0000] {processor.py:183} INFO - Processing /home/airflow/.local/lib/python3.8/site-packages/airflow/example_dags/example_branch_day_of_week_operator.py took 1.109 seconds
[2024-10-01T00:11:36.256+0000] {processor.py:161} INFO - Started process (PID=2154) to work on /home/airflow/.local/lib/python3.8/site-packages/airflow/example_dags/example_branch_day_of_week_operator.py
[2024-10-01T00:11:36.267+0000] {processor.py:830} INFO - Processing file /home/airflow/.local/lib/python3.8/site-packages/airflow/example_dags/example_branch_day_of_week_operator.py for tasks to queue
[2024-10-01T00:11:36.283+0000] {logging_mixin.py:188} INFO - [2024-10-01T00:11:36.280+0000] {dagbag.py:538} INFO - Filling up the DagBag from /home/airflow/.local/lib/python3.8/site-packages/airflow/example_dags/example_branch_day_of_week_operator.py
[2024-10-01T00:11:36.368+0000] {processor.py:840} INFO - DAG(s) 'example_weekday_branch_operator' retrieved from /home/airflow/.local/lib/python3.8/site-packages/airflow/example_dags/example_branch_day_of_week_operator.py
[2024-10-01T00:11:36.545+0000] {logging_mixin.py:188} INFO - [2024-10-01T00:11:36.544+0000] {dag.py:3036} INFO - Sync 1 DAGs
[2024-10-01T00:11:36.763+0000] {logging_mixin.py:188} INFO - [2024-10-01T00:11:36.762+0000] {dag.py:3823} INFO - Setting next_dagrun for example_weekday_branch_operator to 2024-09-30 00:00:00+00:00, run_after=2024-10-01 00:00:00+00:00
[2024-10-01T00:11:36.942+0000] {processor.py:183} INFO - Processing /home/airflow/.local/lib/python3.8/site-packages/airflow/example_dags/example_branch_day_of_week_operator.py took 0.729 seconds
[2024-10-01T00:12:08.633+0000] {processor.py:161} INFO - Started process (PID=2219) to work on /home/airflow/.local/lib/python3.8/site-packages/airflow/example_dags/example_branch_day_of_week_operator.py
[2024-10-01T00:12:08.642+0000] {processor.py:830} INFO - Processing file /home/airflow/.local/lib/python3.8/site-packages/airflow/example_dags/example_branch_day_of_week_operator.py for tasks to queue
[2024-10-01T00:12:08.656+0000] {logging_mixin.py:188} INFO - [2024-10-01T00:12:08.654+0000] {dagbag.py:538} INFO - Filling up the DagBag from /home/airflow/.local/lib/python3.8/site-packages/airflow/example_dags/example_branch_day_of_week_operator.py
[2024-10-01T00:12:08.744+0000] {processor.py:840} INFO - DAG(s) 'example_weekday_branch_operator' retrieved from /home/airflow/.local/lib/python3.8/site-packages/airflow/example_dags/example_branch_day_of_week_operator.py
[2024-10-01T00:12:08.925+0000] {logging_mixin.py:188} INFO - [2024-10-01T00:12:08.923+0000] {dag.py:3036} INFO - Sync 1 DAGs
[2024-10-01T00:12:09.148+0000] {logging_mixin.py:188} INFO - [2024-10-01T00:12:09.146+0000] {dag.py:3823} INFO - Setting next_dagrun for example_weekday_branch_operator to 2024-09-30 00:00:00+00:00, run_after=2024-10-01 00:00:00+00:00
[2024-10-01T00:12:09.358+0000] {processor.py:183} INFO - Processing /home/airflow/.local/lib/python3.8/site-packages/airflow/example_dags/example_branch_day_of_week_operator.py took 0.764 seconds
[2024-10-01T00:12:39.665+0000] {processor.py:161} INFO - Started process (PID=2278) to work on /home/airflow/.local/lib/python3.8/site-packages/airflow/example_dags/example_branch_day_of_week_operator.py
[2024-10-01T00:12:39.667+0000] {processor.py:830} INFO - Processing file /home/airflow/.local/lib/python3.8/site-packages/airflow/example_dags/example_branch_day_of_week_operator.py for tasks to queue
[2024-10-01T00:12:39.671+0000] {logging_mixin.py:188} INFO - [2024-10-01T00:12:39.670+0000] {dagbag.py:538} INFO - Filling up the DagBag from /home/airflow/.local/lib/python3.8/site-packages/airflow/example_dags/example_branch_day_of_week_operator.py
[2024-10-01T00:12:39.688+0000] {processor.py:840} INFO - DAG(s) 'example_weekday_branch_operator' retrieved from /home/airflow/.local/lib/python3.8/site-packages/airflow/example_dags/example_branch_day_of_week_operator.py
[2024-10-01T00:12:39.733+0000] {logging_mixin.py:188} INFO - [2024-10-01T00:12:39.733+0000] {dag.py:3036} INFO - Sync 1 DAGs
[2024-10-01T00:12:39.784+0000] {logging_mixin.py:188} INFO - [2024-10-01T00:12:39.783+0000] {dag.py:3823} INFO - Setting next_dagrun for example_weekday_branch_operator to 2024-09-30 00:00:00+00:00, run_after=2024-10-01 00:00:00+00:00
[2024-10-01T00:12:39.826+0000] {processor.py:183} INFO - Processing /home/airflow/.local/lib/python3.8/site-packages/airflow/example_dags/example_branch_day_of_week_operator.py took 0.168 seconds
[2024-10-01T00:13:10.490+0000] {processor.py:161} INFO - Started process (PID=2344) to work on /home/airflow/.local/lib/python3.8/site-packages/airflow/example_dags/example_branch_day_of_week_operator.py
[2024-10-01T00:13:10.494+0000] {processor.py:830} INFO - Processing file /home/airflow/.local/lib/python3.8/site-packages/airflow/example_dags/example_branch_day_of_week_operator.py for tasks to queue
[2024-10-01T00:13:10.499+0000] {logging_mixin.py:188} INFO - [2024-10-01T00:13:10.498+0000] {dagbag.py:538} INFO - Filling up the DagBag from /home/airflow/.local/lib/python3.8/site-packages/airflow/example_dags/example_branch_day_of_week_operator.py
[2024-10-01T00:13:10.526+0000] {processor.py:840} INFO - DAG(s) 'example_weekday_branch_operator' retrieved from /home/airflow/.local/lib/python3.8/site-packages/airflow/example_dags/example_branch_day_of_week_operator.py
[2024-10-01T00:13:10.604+0000] {logging_mixin.py:188} INFO - [2024-10-01T00:13:10.604+0000] {dag.py:3036} INFO - Sync 1 DAGs
[2024-10-01T00:13:10.691+0000] {logging_mixin.py:188} INFO - [2024-10-01T00:13:10.690+0000] {dag.py:3823} INFO - Setting next_dagrun for example_weekday_branch_operator to 2024-09-30 00:00:00+00:00, run_after=2024-10-01 00:00:00+00:00
[2024-10-01T00:13:10.763+0000] {processor.py:183} INFO - Processing /home/airflow/.local/lib/python3.8/site-packages/airflow/example_dags/example_branch_day_of_week_operator.py took 0.284 seconds
[2024-10-01T00:13:41.372+0000] {processor.py:161} INFO - Started process (PID=2410) to work on /home/airflow/.local/lib/python3.8/site-packages/airflow/example_dags/example_branch_day_of_week_operator.py
[2024-10-01T00:13:41.374+0000] {processor.py:830} INFO - Processing file /home/airflow/.local/lib/python3.8/site-packages/airflow/example_dags/example_branch_day_of_week_operator.py for tasks to queue
[2024-10-01T00:13:41.379+0000] {logging_mixin.py:188} INFO - [2024-10-01T00:13:41.378+0000] {dagbag.py:538} INFO - Filling up the DagBag from /home/airflow/.local/lib/python3.8/site-packages/airflow/example_dags/example_branch_day_of_week_operator.py
[2024-10-01T00:13:41.396+0000] {processor.py:840} INFO - DAG(s) 'example_weekday_branch_operator' retrieved from /home/airflow/.local/lib/python3.8/site-packages/airflow/example_dags/example_branch_day_of_week_operator.py
[2024-10-01T00:13:41.443+0000] {logging_mixin.py:188} INFO - [2024-10-01T00:13:41.442+0000] {dag.py:3036} INFO - Sync 1 DAGs
[2024-10-01T00:13:41.495+0000] {logging_mixin.py:188} INFO - [2024-10-01T00:13:41.495+0000] {dag.py:3823} INFO - Setting next_dagrun for example_weekday_branch_operator to 2024-09-30 00:00:00+00:00, run_after=2024-10-01 00:00:00+00:00
[2024-10-01T00:13:41.538+0000] {processor.py:183} INFO - Processing /home/airflow/.local/lib/python3.8/site-packages/airflow/example_dags/example_branch_day_of_week_operator.py took 0.173 seconds
[2024-10-01T00:14:12.026+0000] {processor.py:161} INFO - Started process (PID=2476) to work on /home/airflow/.local/lib/python3.8/site-packages/airflow/example_dags/example_branch_day_of_week_operator.py
[2024-10-01T00:14:12.029+0000] {processor.py:830} INFO - Processing file /home/airflow/.local/lib/python3.8/site-packages/airflow/example_dags/example_branch_day_of_week_operator.py for tasks to queue
[2024-10-01T00:14:12.033+0000] {logging_mixin.py:188} INFO - [2024-10-01T00:14:12.033+0000] {dagbag.py:538} INFO - Filling up the DagBag from /home/airflow/.local/lib/python3.8/site-packages/airflow/example_dags/example_branch_day_of_week_operator.py
[2024-10-01T00:14:12.054+0000] {processor.py:840} INFO - DAG(s) 'example_weekday_branch_operator' retrieved from /home/airflow/.local/lib/python3.8/site-packages/airflow/example_dags/example_branch_day_of_week_operator.py
[2024-10-01T00:14:12.116+0000] {logging_mixin.py:188} INFO - [2024-10-01T00:14:12.116+0000] {dag.py:3036} INFO - Sync 1 DAGs
[2024-10-01T00:14:12.190+0000] {logging_mixin.py:188} INFO - [2024-10-01T00:14:12.189+0000] {dag.py:3823} INFO - Setting next_dagrun for example_weekday_branch_operator to 2024-09-30 00:00:00+00:00, run_after=2024-10-01 00:00:00+00:00
[2024-10-01T00:14:12.262+0000] {processor.py:183} INFO - Processing /home/airflow/.local/lib/python3.8/site-packages/airflow/example_dags/example_branch_day_of_week_operator.py took 0.245 seconds
[2024-10-01T00:14:43.217+0000] {processor.py:161} INFO - Started process (PID=2543) to work on /home/airflow/.local/lib/python3.8/site-packages/airflow/example_dags/example_branch_day_of_week_operator.py
[2024-10-01T00:14:43.219+0000] {processor.py:830} INFO - Processing file /home/airflow/.local/lib/python3.8/site-packages/airflow/example_dags/example_branch_day_of_week_operator.py for tasks to queue
[2024-10-01T00:14:43.223+0000] {logging_mixin.py:188} INFO - [2024-10-01T00:14:43.222+0000] {dagbag.py:538} INFO - Filling up the DagBag from /home/airflow/.local/lib/python3.8/site-packages/airflow/example_dags/example_branch_day_of_week_operator.py
[2024-10-01T00:14:43.238+0000] {processor.py:840} INFO - DAG(s) 'example_weekday_branch_operator' retrieved from /home/airflow/.local/lib/python3.8/site-packages/airflow/example_dags/example_branch_day_of_week_operator.py
[2024-10-01T00:14:43.278+0000] {logging_mixin.py:188} INFO - [2024-10-01T00:14:43.277+0000] {dag.py:3036} INFO - Sync 1 DAGs
[2024-10-01T00:14:43.326+0000] {logging_mixin.py:188} INFO - [2024-10-01T00:14:43.325+0000] {dag.py:3823} INFO - Setting next_dagrun for example_weekday_branch_operator to 2024-09-30 00:00:00+00:00, run_after=2024-10-01 00:00:00+00:00
[2024-10-01T00:14:43.364+0000] {processor.py:183} INFO - Processing /home/airflow/.local/lib/python3.8/site-packages/airflow/example_dags/example_branch_day_of_week_operator.py took 0.153 seconds
[2024-10-01T00:15:13.547+0000] {processor.py:161} INFO - Started process (PID=2609) to work on /home/airflow/.local/lib/python3.8/site-packages/airflow/example_dags/example_branch_day_of_week_operator.py
[2024-10-01T00:15:13.549+0000] {processor.py:830} INFO - Processing file /home/airflow/.local/lib/python3.8/site-packages/airflow/example_dags/example_branch_day_of_week_operator.py for tasks to queue
[2024-10-01T00:15:13.553+0000] {logging_mixin.py:188} INFO - [2024-10-01T00:15:13.553+0000] {dagbag.py:538} INFO - Filling up the DagBag from /home/airflow/.local/lib/python3.8/site-packages/airflow/example_dags/example_branch_day_of_week_operator.py
[2024-10-01T00:15:13.571+0000] {processor.py:840} INFO - DAG(s) 'example_weekday_branch_operator' retrieved from /home/airflow/.local/lib/python3.8/site-packages/airflow/example_dags/example_branch_day_of_week_operator.py
[2024-10-01T00:15:13.617+0000] {logging_mixin.py:188} INFO - [2024-10-01T00:15:13.617+0000] {dag.py:3036} INFO - Sync 1 DAGs
[2024-10-01T00:15:13.669+0000] {logging_mixin.py:188} INFO - [2024-10-01T00:15:13.669+0000] {dag.py:3823} INFO - Setting next_dagrun for example_weekday_branch_operator to 2024-09-30 00:00:00+00:00, run_after=2024-10-01 00:00:00+00:00
[2024-10-01T00:15:13.711+0000] {processor.py:183} INFO - Processing /home/airflow/.local/lib/python3.8/site-packages/airflow/example_dags/example_branch_day_of_week_operator.py took 0.171 seconds
[2024-10-01T00:15:51.329+0000] {processor.py:161} INFO - Started process (PID=2678) to work on /home/airflow/.local/lib/python3.8/site-packages/airflow/example_dags/example_branch_day_of_week_operator.py
[2024-10-01T00:15:51.339+0000] {processor.py:830} INFO - Processing file /home/airflow/.local/lib/python3.8/site-packages/airflow/example_dags/example_branch_day_of_week_operator.py for tasks to queue
[2024-10-01T00:15:51.358+0000] {logging_mixin.py:188} INFO - [2024-10-01T00:15:51.355+0000] {dagbag.py:538} INFO - Filling up the DagBag from /home/airflow/.local/lib/python3.8/site-packages/airflow/example_dags/example_branch_day_of_week_operator.py
[2024-10-01T00:15:51.432+0000] {processor.py:840} INFO - DAG(s) 'example_weekday_branch_operator' retrieved from /home/airflow/.local/lib/python3.8/site-packages/airflow/example_dags/example_branch_day_of_week_operator.py
[2024-10-01T00:15:51.603+0000] {logging_mixin.py:188} INFO - [2024-10-01T00:15:51.601+0000] {dag.py:3036} INFO - Sync 1 DAGs
[2024-10-01T00:15:51.837+0000] {logging_mixin.py:188} INFO - [2024-10-01T00:15:51.836+0000] {dag.py:3823} INFO - Setting next_dagrun for example_weekday_branch_operator to 2024-09-30 00:00:00+00:00, run_after=2024-10-01 00:00:00+00:00
[2024-10-01T00:15:51.981+0000] {processor.py:183} INFO - Processing /home/airflow/.local/lib/python3.8/site-packages/airflow/example_dags/example_branch_day_of_week_operator.py took 0.698 seconds
[2024-10-01T00:16:40.043+0000] {processor.py:161} INFO - Started process (PID=2764) to work on /home/airflow/.local/lib/python3.8/site-packages/airflow/example_dags/example_branch_day_of_week_operator.py
[2024-10-01T00:16:40.045+0000] {processor.py:830} INFO - Processing file /home/airflow/.local/lib/python3.8/site-packages/airflow/example_dags/example_branch_day_of_week_operator.py for tasks to queue
[2024-10-01T00:16:40.049+0000] {logging_mixin.py:188} INFO - [2024-10-01T00:16:40.049+0000] {dagbag.py:538} INFO - Filling up the DagBag from /home/airflow/.local/lib/python3.8/site-packages/airflow/example_dags/example_branch_day_of_week_operator.py
[2024-10-01T00:16:40.298+0000] {processor.py:840} INFO - DAG(s) 'example_weekday_branch_operator' retrieved from /home/airflow/.local/lib/python3.8/site-packages/airflow/example_dags/example_branch_day_of_week_operator.py
[2024-10-01T00:16:40.328+0000] {logging_mixin.py:188} INFO - [2024-10-01T00:16:40.327+0000] {dag.py:3036} INFO - Sync 1 DAGs
[2024-10-01T00:16:40.362+0000] {logging_mixin.py:188} INFO - [2024-10-01T00:16:40.361+0000] {dag.py:3823} INFO - Setting next_dagrun for example_weekday_branch_operator to 2024-09-30 00:00:00+00:00, run_after=2024-10-01 00:00:00+00:00
[2024-10-01T00:16:40.392+0000] {processor.py:183} INFO - Processing /home/airflow/.local/lib/python3.8/site-packages/airflow/example_dags/example_branch_day_of_week_operator.py took 0.358 seconds
[2024-10-01T00:17:11.646+0000] {processor.py:161} INFO - Started process (PID=2833) to work on /home/airflow/.local/lib/python3.8/site-packages/airflow/example_dags/example_branch_day_of_week_operator.py
[2024-10-01T00:17:11.650+0000] {processor.py:830} INFO - Processing file /home/airflow/.local/lib/python3.8/site-packages/airflow/example_dags/example_branch_day_of_week_operator.py for tasks to queue
[2024-10-01T00:17:11.656+0000] {logging_mixin.py:188} INFO - [2024-10-01T00:17:11.655+0000] {dagbag.py:538} INFO - Filling up the DagBag from /home/airflow/.local/lib/python3.8/site-packages/airflow/example_dags/example_branch_day_of_week_operator.py
[2024-10-01T00:17:11.680+0000] {processor.py:840} INFO - DAG(s) 'example_weekday_branch_operator' retrieved from /home/airflow/.local/lib/python3.8/site-packages/airflow/example_dags/example_branch_day_of_week_operator.py
[2024-10-01T00:17:11.749+0000] {logging_mixin.py:188} INFO - [2024-10-01T00:17:11.748+0000] {dag.py:3036} INFO - Sync 1 DAGs
[2024-10-01T00:17:11.834+0000] {logging_mixin.py:188} INFO - [2024-10-01T00:17:11.834+0000] {dag.py:3823} INFO - Setting next_dagrun for example_weekday_branch_operator to 2024-09-30 00:00:00+00:00, run_after=2024-10-01 00:00:00+00:00
[2024-10-01T00:17:11.880+0000] {processor.py:183} INFO - Processing /home/airflow/.local/lib/python3.8/site-packages/airflow/example_dags/example_branch_day_of_week_operator.py took 0.245 seconds
[2024-10-01T00:17:42.611+0000] {processor.py:161} INFO - Started process (PID=2900) to work on /home/airflow/.local/lib/python3.8/site-packages/airflow/example_dags/example_branch_day_of_week_operator.py
[2024-10-01T00:17:42.613+0000] {processor.py:830} INFO - Processing file /home/airflow/.local/lib/python3.8/site-packages/airflow/example_dags/example_branch_day_of_week_operator.py for tasks to queue
[2024-10-01T00:17:42.617+0000] {logging_mixin.py:188} INFO - [2024-10-01T00:17:42.616+0000] {dagbag.py:538} INFO - Filling up the DagBag from /home/airflow/.local/lib/python3.8/site-packages/airflow/example_dags/example_branch_day_of_week_operator.py
[2024-10-01T00:17:42.632+0000] {processor.py:840} INFO - DAG(s) 'example_weekday_branch_operator' retrieved from /home/airflow/.local/lib/python3.8/site-packages/airflow/example_dags/example_branch_day_of_week_operator.py
[2024-10-01T00:17:42.673+0000] {logging_mixin.py:188} INFO - [2024-10-01T00:17:42.672+0000] {dag.py:3036} INFO - Sync 1 DAGs
[2024-10-01T00:17:42.724+0000] {logging_mixin.py:188} INFO - [2024-10-01T00:17:42.723+0000] {dag.py:3823} INFO - Setting next_dagrun for example_weekday_branch_operator to 2024-09-30 00:00:00+00:00, run_after=2024-10-01 00:00:00+00:00
[2024-10-01T00:17:42.761+0000] {processor.py:183} INFO - Processing /home/airflow/.local/lib/python3.8/site-packages/airflow/example_dags/example_branch_day_of_week_operator.py took 0.156 seconds
[2024-10-01T00:18:12.921+0000] {processor.py:161} INFO - Started process (PID=2966) to work on /home/airflow/.local/lib/python3.8/site-packages/airflow/example_dags/example_branch_day_of_week_operator.py
[2024-10-01T00:18:12.923+0000] {processor.py:830} INFO - Processing file /home/airflow/.local/lib/python3.8/site-packages/airflow/example_dags/example_branch_day_of_week_operator.py for tasks to queue
[2024-10-01T00:18:12.927+0000] {logging_mixin.py:188} INFO - [2024-10-01T00:18:12.926+0000] {dagbag.py:538} INFO - Filling up the DagBag from /home/airflow/.local/lib/python3.8/site-packages/airflow/example_dags/example_branch_day_of_week_operator.py
[2024-10-01T00:18:12.942+0000] {processor.py:840} INFO - DAG(s) 'example_weekday_branch_operator' retrieved from /home/airflow/.local/lib/python3.8/site-packages/airflow/example_dags/example_branch_day_of_week_operator.py
[2024-10-01T00:18:12.978+0000] {logging_mixin.py:188} INFO - [2024-10-01T00:18:12.977+0000] {dag.py:3036} INFO - Sync 1 DAGs
[2024-10-01T00:18:13.019+0000] {logging_mixin.py:188} INFO - [2024-10-01T00:18:13.019+0000] {dag.py:3823} INFO - Setting next_dagrun for example_weekday_branch_operator to 2024-09-30 00:00:00+00:00, run_after=2024-10-01 00:00:00+00:00
[2024-10-01T00:18:13.050+0000] {processor.py:183} INFO - Processing /home/airflow/.local/lib/python3.8/site-packages/airflow/example_dags/example_branch_day_of_week_operator.py took 0.136 seconds
[2024-10-01T00:18:43.171+0000] {processor.py:161} INFO - Started process (PID=3040) to work on /home/airflow/.local/lib/python3.8/site-packages/airflow/example_dags/example_branch_day_of_week_operator.py
[2024-10-01T00:18:43.173+0000] {processor.py:830} INFO - Processing file /home/airflow/.local/lib/python3.8/site-packages/airflow/example_dags/example_branch_day_of_week_operator.py for tasks to queue
[2024-10-01T00:18:43.175+0000] {logging_mixin.py:188} INFO - [2024-10-01T00:18:43.175+0000] {dagbag.py:538} INFO - Filling up the DagBag from /home/airflow/.local/lib/python3.8/site-packages/airflow/example_dags/example_branch_day_of_week_operator.py
[2024-10-01T00:18:43.193+0000] {processor.py:840} INFO - DAG(s) 'example_weekday_branch_operator' retrieved from /home/airflow/.local/lib/python3.8/site-packages/airflow/example_dags/example_branch_day_of_week_operator.py
[2024-10-01T00:18:43.235+0000] {logging_mixin.py:188} INFO - [2024-10-01T00:18:43.234+0000] {dag.py:3036} INFO - Sync 1 DAGs
[2024-10-01T00:18:43.283+0000] {logging_mixin.py:188} INFO - [2024-10-01T00:18:43.282+0000] {dag.py:3823} INFO - Setting next_dagrun for example_weekday_branch_operator to 2024-09-30 00:00:00+00:00, run_after=2024-10-01 00:00:00+00:00
[2024-10-01T00:18:43.336+0000] {processor.py:183} INFO - Processing /home/airflow/.local/lib/python3.8/site-packages/airflow/example_dags/example_branch_day_of_week_operator.py took 0.171 seconds
[2024-10-01T00:19:13.557+0000] {processor.py:161} INFO - Started process (PID=3106) to work on /home/airflow/.local/lib/python3.8/site-packages/airflow/example_dags/example_branch_day_of_week_operator.py
[2024-10-01T00:19:13.559+0000] {processor.py:830} INFO - Processing file /home/airflow/.local/lib/python3.8/site-packages/airflow/example_dags/example_branch_day_of_week_operator.py for tasks to queue
[2024-10-01T00:19:13.561+0000] {logging_mixin.py:188} INFO - [2024-10-01T00:19:13.561+0000] {dagbag.py:538} INFO - Filling up the DagBag from /home/airflow/.local/lib/python3.8/site-packages/airflow/example_dags/example_branch_day_of_week_operator.py
[2024-10-01T00:19:13.574+0000] {processor.py:840} INFO - DAG(s) 'example_weekday_branch_operator' retrieved from /home/airflow/.local/lib/python3.8/site-packages/airflow/example_dags/example_branch_day_of_week_operator.py
[2024-10-01T00:19:13.608+0000] {logging_mixin.py:188} INFO - [2024-10-01T00:19:13.608+0000] {dag.py:3036} INFO - Sync 1 DAGs
[2024-10-01T00:19:13.645+0000] {logging_mixin.py:188} INFO - [2024-10-01T00:19:13.644+0000] {dag.py:3823} INFO - Setting next_dagrun for example_weekday_branch_operator to 2024-09-30 00:00:00+00:00, run_after=2024-10-01 00:00:00+00:00
[2024-10-01T00:19:13.674+0000] {processor.py:183} INFO - Processing /home/airflow/.local/lib/python3.8/site-packages/airflow/example_dags/example_branch_day_of_week_operator.py took 0.122 seconds
[2024-10-01T00:19:44.108+0000] {processor.py:161} INFO - Started process (PID=3172) to work on /home/airflow/.local/lib/python3.8/site-packages/airflow/example_dags/example_branch_day_of_week_operator.py
[2024-10-01T00:19:44.111+0000] {processor.py:830} INFO - Processing file /home/airflow/.local/lib/python3.8/site-packages/airflow/example_dags/example_branch_day_of_week_operator.py for tasks to queue
[2024-10-01T00:19:44.115+0000] {logging_mixin.py:188} INFO - [2024-10-01T00:19:44.114+0000] {dagbag.py:538} INFO - Filling up the DagBag from /home/airflow/.local/lib/python3.8/site-packages/airflow/example_dags/example_branch_day_of_week_operator.py
[2024-10-01T00:19:44.133+0000] {processor.py:840} INFO - DAG(s) 'example_weekday_branch_operator' retrieved from /home/airflow/.local/lib/python3.8/site-packages/airflow/example_dags/example_branch_day_of_week_operator.py
[2024-10-01T00:19:44.182+0000] {logging_mixin.py:188} INFO - [2024-10-01T00:19:44.181+0000] {dag.py:3036} INFO - Sync 1 DAGs
[2024-10-01T00:19:44.254+0000] {logging_mixin.py:188} INFO - [2024-10-01T00:19:44.253+0000] {dag.py:3823} INFO - Setting next_dagrun for example_weekday_branch_operator to 2024-09-30 00:00:00+00:00, run_after=2024-10-01 00:00:00+00:00
[2024-10-01T00:19:44.307+0000] {processor.py:183} INFO - Processing /home/airflow/.local/lib/python3.8/site-packages/airflow/example_dags/example_branch_day_of_week_operator.py took 0.208 seconds
[2024-10-01T00:20:14.526+0000] {processor.py:161} INFO - Started process (PID=3238) to work on /home/airflow/.local/lib/python3.8/site-packages/airflow/example_dags/example_branch_day_of_week_operator.py
[2024-10-01T00:20:14.528+0000] {processor.py:830} INFO - Processing file /home/airflow/.local/lib/python3.8/site-packages/airflow/example_dags/example_branch_day_of_week_operator.py for tasks to queue
[2024-10-01T00:20:14.530+0000] {logging_mixin.py:188} INFO - [2024-10-01T00:20:14.530+0000] {dagbag.py:538} INFO - Filling up the DagBag from /home/airflow/.local/lib/python3.8/site-packages/airflow/example_dags/example_branch_day_of_week_operator.py
[2024-10-01T00:20:14.543+0000] {processor.py:840} INFO - DAG(s) 'example_weekday_branch_operator' retrieved from /home/airflow/.local/lib/python3.8/site-packages/airflow/example_dags/example_branch_day_of_week_operator.py
[2024-10-01T00:20:14.584+0000] {logging_mixin.py:188} INFO - [2024-10-01T00:20:14.584+0000] {dag.py:3036} INFO - Sync 1 DAGs
[2024-10-01T00:20:14.633+0000] {logging_mixin.py:188} INFO - [2024-10-01T00:20:14.632+0000] {dag.py:3823} INFO - Setting next_dagrun for example_weekday_branch_operator to 2024-09-30 00:00:00+00:00, run_after=2024-10-01 00:00:00+00:00
[2024-10-01T00:20:14.677+0000] {processor.py:183} INFO - Processing /home/airflow/.local/lib/python3.8/site-packages/airflow/example_dags/example_branch_day_of_week_operator.py took 0.156 seconds
[2024-10-01T00:20:44.905+0000] {processor.py:161} INFO - Started process (PID=3304) to work on /home/airflow/.local/lib/python3.8/site-packages/airflow/example_dags/example_branch_day_of_week_operator.py
[2024-10-01T00:20:44.907+0000] {processor.py:830} INFO - Processing file /home/airflow/.local/lib/python3.8/site-packages/airflow/example_dags/example_branch_day_of_week_operator.py for tasks to queue
[2024-10-01T00:20:44.909+0000] {logging_mixin.py:188} INFO - [2024-10-01T00:20:44.909+0000] {dagbag.py:538} INFO - Filling up the DagBag from /home/airflow/.local/lib/python3.8/site-packages/airflow/example_dags/example_branch_day_of_week_operator.py
[2024-10-01T00:20:44.923+0000] {processor.py:840} INFO - DAG(s) 'example_weekday_branch_operator' retrieved from /home/airflow/.local/lib/python3.8/site-packages/airflow/example_dags/example_branch_day_of_week_operator.py
[2024-10-01T00:20:44.961+0000] {logging_mixin.py:188} INFO - [2024-10-01T00:20:44.961+0000] {dag.py:3036} INFO - Sync 1 DAGs
[2024-10-01T00:20:45.001+0000] {logging_mixin.py:188} INFO - [2024-10-01T00:20:45.001+0000] {dag.py:3823} INFO - Setting next_dagrun for example_weekday_branch_operator to 2024-09-30 00:00:00+00:00, run_after=2024-10-01 00:00:00+00:00
[2024-10-01T00:20:45.033+0000] {processor.py:183} INFO - Processing /home/airflow/.local/lib/python3.8/site-packages/airflow/example_dags/example_branch_day_of_week_operator.py took 0.134 seconds
[2024-10-01T00:21:15.673+0000] {processor.py:161} INFO - Started process (PID=3370) to work on /home/airflow/.local/lib/python3.8/site-packages/airflow/example_dags/example_branch_day_of_week_operator.py
[2024-10-01T00:21:15.674+0000] {processor.py:830} INFO - Processing file /home/airflow/.local/lib/python3.8/site-packages/airflow/example_dags/example_branch_day_of_week_operator.py for tasks to queue
[2024-10-01T00:21:15.678+0000] {logging_mixin.py:188} INFO - [2024-10-01T00:21:15.677+0000] {dagbag.py:538} INFO - Filling up the DagBag from /home/airflow/.local/lib/python3.8/site-packages/airflow/example_dags/example_branch_day_of_week_operator.py
[2024-10-01T00:21:15.693+0000] {processor.py:840} INFO - DAG(s) 'example_weekday_branch_operator' retrieved from /home/airflow/.local/lib/python3.8/site-packages/airflow/example_dags/example_branch_day_of_week_operator.py
[2024-10-01T00:21:15.735+0000] {logging_mixin.py:188} INFO - [2024-10-01T00:21:15.734+0000] {dag.py:3036} INFO - Sync 1 DAGs
[2024-10-01T00:21:15.781+0000] {logging_mixin.py:188} INFO - [2024-10-01T00:21:15.781+0000] {dag.py:3823} INFO - Setting next_dagrun for example_weekday_branch_operator to 2024-09-30 00:00:00+00:00, run_after=2024-10-01 00:00:00+00:00
[2024-10-01T00:21:15.817+0000] {processor.py:183} INFO - Processing /home/airflow/.local/lib/python3.8/site-packages/airflow/example_dags/example_branch_day_of_week_operator.py took 0.151 seconds
[2024-10-01T00:21:46.297+0000] {processor.py:161} INFO - Started process (PID=3436) to work on /home/airflow/.local/lib/python3.8/site-packages/airflow/example_dags/example_branch_day_of_week_operator.py
[2024-10-01T00:21:46.299+0000] {processor.py:830} INFO - Processing file /home/airflow/.local/lib/python3.8/site-packages/airflow/example_dags/example_branch_day_of_week_operator.py for tasks to queue
[2024-10-01T00:21:46.301+0000] {logging_mixin.py:188} INFO - [2024-10-01T00:21:46.301+0000] {dagbag.py:538} INFO - Filling up the DagBag from /home/airflow/.local/lib/python3.8/site-packages/airflow/example_dags/example_branch_day_of_week_operator.py
[2024-10-01T00:21:46.312+0000] {processor.py:840} INFO - DAG(s) 'example_weekday_branch_operator' retrieved from /home/airflow/.local/lib/python3.8/site-packages/airflow/example_dags/example_branch_day_of_week_operator.py
[2024-10-01T00:21:46.348+0000] {logging_mixin.py:188} INFO - [2024-10-01T00:21:46.347+0000] {dag.py:3036} INFO - Sync 1 DAGs
[2024-10-01T00:21:46.387+0000] {logging_mixin.py:188} INFO - [2024-10-01T00:21:46.387+0000] {dag.py:3823} INFO - Setting next_dagrun for example_weekday_branch_operator to 2024-09-30 00:00:00+00:00, run_after=2024-10-01 00:00:00+00:00
[2024-10-01T00:21:46.418+0000] {processor.py:183} INFO - Processing /home/airflow/.local/lib/python3.8/site-packages/airflow/example_dags/example_branch_day_of_week_operator.py took 0.125 seconds
[2024-10-01T00:22:17.045+0000] {processor.py:161} INFO - Started process (PID=3511) to work on /home/airflow/.local/lib/python3.8/site-packages/airflow/example_dags/example_branch_day_of_week_operator.py
[2024-10-01T00:22:17.048+0000] {processor.py:830} INFO - Processing file /home/airflow/.local/lib/python3.8/site-packages/airflow/example_dags/example_branch_day_of_week_operator.py for tasks to queue
[2024-10-01T00:22:17.051+0000] {logging_mixin.py:188} INFO - [2024-10-01T00:22:17.051+0000] {dagbag.py:538} INFO - Filling up the DagBag from /home/airflow/.local/lib/python3.8/site-packages/airflow/example_dags/example_branch_day_of_week_operator.py
[2024-10-01T00:22:17.068+0000] {processor.py:840} INFO - DAG(s) 'example_weekday_branch_operator' retrieved from /home/airflow/.local/lib/python3.8/site-packages/airflow/example_dags/example_branch_day_of_week_operator.py
[2024-10-01T00:22:17.108+0000] {logging_mixin.py:188} INFO - [2024-10-01T00:22:17.107+0000] {dag.py:3036} INFO - Sync 1 DAGs
[2024-10-01T00:22:17.156+0000] {logging_mixin.py:188} INFO - [2024-10-01T00:22:17.155+0000] {dag.py:3823} INFO - Setting next_dagrun for example_weekday_branch_operator to 2024-09-30 00:00:00+00:00, run_after=2024-10-01 00:00:00+00:00
[2024-10-01T00:22:17.204+0000] {processor.py:183} INFO - Processing /home/airflow/.local/lib/python3.8/site-packages/airflow/example_dags/example_branch_day_of_week_operator.py took 0.165 seconds
[2024-10-01T00:22:47.475+0000] {processor.py:161} INFO - Started process (PID=3577) to work on /home/airflow/.local/lib/python3.8/site-packages/airflow/example_dags/example_branch_day_of_week_operator.py
[2024-10-01T00:22:47.478+0000] {processor.py:830} INFO - Processing file /home/airflow/.local/lib/python3.8/site-packages/airflow/example_dags/example_branch_day_of_week_operator.py for tasks to queue
[2024-10-01T00:22:47.482+0000] {logging_mixin.py:188} INFO - [2024-10-01T00:22:47.481+0000] {dagbag.py:538} INFO - Filling up the DagBag from /home/airflow/.local/lib/python3.8/site-packages/airflow/example_dags/example_branch_day_of_week_operator.py
[2024-10-01T00:22:47.501+0000] {processor.py:840} INFO - DAG(s) 'example_weekday_branch_operator' retrieved from /home/airflow/.local/lib/python3.8/site-packages/airflow/example_dags/example_branch_day_of_week_operator.py
[2024-10-01T00:22:47.544+0000] {logging_mixin.py:188} INFO - [2024-10-01T00:22:47.544+0000] {dag.py:3036} INFO - Sync 1 DAGs
[2024-10-01T00:22:47.602+0000] {logging_mixin.py:188} INFO - [2024-10-01T00:22:47.602+0000] {dag.py:3823} INFO - Setting next_dagrun for example_weekday_branch_operator to 2024-09-30 00:00:00+00:00, run_after=2024-10-01 00:00:00+00:00
[2024-10-01T00:22:47.644+0000] {processor.py:183} INFO - Processing /home/airflow/.local/lib/python3.8/site-packages/airflow/example_dags/example_branch_day_of_week_operator.py took 0.177 seconds
[2024-10-01T00:23:17.951+0000] {processor.py:161} INFO - Started process (PID=3644) to work on /home/airflow/.local/lib/python3.8/site-packages/airflow/example_dags/example_branch_day_of_week_operator.py
[2024-10-01T00:23:17.953+0000] {processor.py:830} INFO - Processing file /home/airflow/.local/lib/python3.8/site-packages/airflow/example_dags/example_branch_day_of_week_operator.py for tasks to queue
[2024-10-01T00:23:17.957+0000] {logging_mixin.py:188} INFO - [2024-10-01T00:23:17.956+0000] {dagbag.py:538} INFO - Filling up the DagBag from /home/airflow/.local/lib/python3.8/site-packages/airflow/example_dags/example_branch_day_of_week_operator.py
[2024-10-01T00:23:17.978+0000] {processor.py:840} INFO - DAG(s) 'example_weekday_branch_operator' retrieved from /home/airflow/.local/lib/python3.8/site-packages/airflow/example_dags/example_branch_day_of_week_operator.py
[2024-10-01T00:23:18.031+0000] {logging_mixin.py:188} INFO - [2024-10-01T00:23:18.031+0000] {dag.py:3036} INFO - Sync 1 DAGs
[2024-10-01T00:23:18.096+0000] {logging_mixin.py:188} INFO - [2024-10-01T00:23:18.095+0000] {dag.py:3823} INFO - Setting next_dagrun for example_weekday_branch_operator to 2024-09-30 00:00:00+00:00, run_after=2024-10-01 00:00:00+00:00
[2024-10-01T00:23:18.142+0000] {processor.py:183} INFO - Processing /home/airflow/.local/lib/python3.8/site-packages/airflow/example_dags/example_branch_day_of_week_operator.py took 0.201 seconds
[2024-10-01T00:23:48.944+0000] {processor.py:161} INFO - Started process (PID=3710) to work on /home/airflow/.local/lib/python3.8/site-packages/airflow/example_dags/example_branch_day_of_week_operator.py
[2024-10-01T00:23:48.947+0000] {processor.py:830} INFO - Processing file /home/airflow/.local/lib/python3.8/site-packages/airflow/example_dags/example_branch_day_of_week_operator.py for tasks to queue
[2024-10-01T00:23:48.953+0000] {logging_mixin.py:188} INFO - [2024-10-01T00:23:48.952+0000] {dagbag.py:538} INFO - Filling up the DagBag from /home/airflow/.local/lib/python3.8/site-packages/airflow/example_dags/example_branch_day_of_week_operator.py
[2024-10-01T00:23:48.981+0000] {processor.py:840} INFO - DAG(s) 'example_weekday_branch_operator' retrieved from /home/airflow/.local/lib/python3.8/site-packages/airflow/example_dags/example_branch_day_of_week_operator.py
[2024-10-01T00:23:49.052+0000] {logging_mixin.py:188} INFO - [2024-10-01T00:23:49.051+0000] {dag.py:3036} INFO - Sync 1 DAGs
[2024-10-01T00:23:49.136+0000] {logging_mixin.py:188} INFO - [2024-10-01T00:23:49.136+0000] {dag.py:3823} INFO - Setting next_dagrun for example_weekday_branch_operator to 2024-09-30 00:00:00+00:00, run_after=2024-10-01 00:00:00+00:00
[2024-10-01T00:23:49.203+0000] {processor.py:183} INFO - Processing /home/airflow/.local/lib/python3.8/site-packages/airflow/example_dags/example_branch_day_of_week_operator.py took 0.271 seconds
[2024-10-01T00:24:20.255+0000] {processor.py:161} INFO - Started process (PID=3777) to work on /home/airflow/.local/lib/python3.8/site-packages/airflow/example_dags/example_branch_day_of_week_operator.py
[2024-10-01T00:24:20.259+0000] {processor.py:830} INFO - Processing file /home/airflow/.local/lib/python3.8/site-packages/airflow/example_dags/example_branch_day_of_week_operator.py for tasks to queue
[2024-10-01T00:24:20.266+0000] {logging_mixin.py:188} INFO - [2024-10-01T00:24:20.265+0000] {dagbag.py:538} INFO - Filling up the DagBag from /home/airflow/.local/lib/python3.8/site-packages/airflow/example_dags/example_branch_day_of_week_operator.py
[2024-10-01T00:24:20.301+0000] {processor.py:840} INFO - DAG(s) 'example_weekday_branch_operator' retrieved from /home/airflow/.local/lib/python3.8/site-packages/airflow/example_dags/example_branch_day_of_week_operator.py
[2024-10-01T00:24:20.373+0000] {logging_mixin.py:188} INFO - [2024-10-01T00:24:20.372+0000] {dag.py:3036} INFO - Sync 1 DAGs
[2024-10-01T00:24:20.461+0000] {logging_mixin.py:188} INFO - [2024-10-01T00:24:20.460+0000] {dag.py:3823} INFO - Setting next_dagrun for example_weekday_branch_operator to 2024-09-30 00:00:00+00:00, run_after=2024-10-01 00:00:00+00:00
[2024-10-01T00:24:20.529+0000] {processor.py:183} INFO - Processing /home/airflow/.local/lib/python3.8/site-packages/airflow/example_dags/example_branch_day_of_week_operator.py took 0.287 seconds
[2024-10-01T00:24:50.890+0000] {processor.py:161} INFO - Started process (PID=3844) to work on /home/airflow/.local/lib/python3.8/site-packages/airflow/example_dags/example_branch_day_of_week_operator.py
[2024-10-01T00:24:50.894+0000] {processor.py:830} INFO - Processing file /home/airflow/.local/lib/python3.8/site-packages/airflow/example_dags/example_branch_day_of_week_operator.py for tasks to queue
[2024-10-01T00:24:50.899+0000] {logging_mixin.py:188} INFO - [2024-10-01T00:24:50.898+0000] {dagbag.py:538} INFO - Filling up the DagBag from /home/airflow/.local/lib/python3.8/site-packages/airflow/example_dags/example_branch_day_of_week_operator.py
[2024-10-01T00:24:50.927+0000] {processor.py:840} INFO - DAG(s) 'example_weekday_branch_operator' retrieved from /home/airflow/.local/lib/python3.8/site-packages/airflow/example_dags/example_branch_day_of_week_operator.py
[2024-10-01T00:24:50.997+0000] {logging_mixin.py:188} INFO - [2024-10-01T00:24:50.996+0000] {dag.py:3036} INFO - Sync 1 DAGs
[2024-10-01T00:24:51.080+0000] {logging_mixin.py:188} INFO - [2024-10-01T00:24:51.079+0000] {dag.py:3823} INFO - Setting next_dagrun for example_weekday_branch_operator to 2024-09-30 00:00:00+00:00, run_after=2024-10-01 00:00:00+00:00
[2024-10-01T00:24:51.151+0000] {processor.py:183} INFO - Processing /home/airflow/.local/lib/python3.8/site-packages/airflow/example_dags/example_branch_day_of_week_operator.py took 0.274 seconds
[2024-10-01T00:25:21.331+0000] {processor.py:161} INFO - Started process (PID=3910) to work on /home/airflow/.local/lib/python3.8/site-packages/airflow/example_dags/example_branch_day_of_week_operator.py
[2024-10-01T00:25:21.335+0000] {processor.py:830} INFO - Processing file /home/airflow/.local/lib/python3.8/site-packages/airflow/example_dags/example_branch_day_of_week_operator.py for tasks to queue
[2024-10-01T00:25:21.339+0000] {logging_mixin.py:188} INFO - [2024-10-01T00:25:21.338+0000] {dagbag.py:538} INFO - Filling up the DagBag from /home/airflow/.local/lib/python3.8/site-packages/airflow/example_dags/example_branch_day_of_week_operator.py
[2024-10-01T00:25:21.364+0000] {processor.py:840} INFO - DAG(s) 'example_weekday_branch_operator' retrieved from /home/airflow/.local/lib/python3.8/site-packages/airflow/example_dags/example_branch_day_of_week_operator.py
[2024-10-01T00:25:21.432+0000] {logging_mixin.py:188} INFO - [2024-10-01T00:25:21.432+0000] {dag.py:3036} INFO - Sync 1 DAGs
[2024-10-01T00:25:21.498+0000] {logging_mixin.py:188} INFO - [2024-10-01T00:25:21.498+0000] {dag.py:3823} INFO - Setting next_dagrun for example_weekday_branch_operator to 2024-09-30 00:00:00+00:00, run_after=2024-10-01 00:00:00+00:00
[2024-10-01T00:25:21.550+0000] {processor.py:183} INFO - Processing /home/airflow/.local/lib/python3.8/site-packages/airflow/example_dags/example_branch_day_of_week_operator.py took 0.229 seconds
[2024-10-01T00:25:52.397+0000] {processor.py:161} INFO - Started process (PID=3976) to work on /home/airflow/.local/lib/python3.8/site-packages/airflow/example_dags/example_branch_day_of_week_operator.py
[2024-10-01T00:25:52.402+0000] {processor.py:830} INFO - Processing file /home/airflow/.local/lib/python3.8/site-packages/airflow/example_dags/example_branch_day_of_week_operator.py for tasks to queue
[2024-10-01T00:25:52.410+0000] {logging_mixin.py:188} INFO - [2024-10-01T00:25:52.408+0000] {dagbag.py:538} INFO - Filling up the DagBag from /home/airflow/.local/lib/python3.8/site-packages/airflow/example_dags/example_branch_day_of_week_operator.py
[2024-10-01T00:25:52.442+0000] {processor.py:840} INFO - DAG(s) 'example_weekday_branch_operator' retrieved from /home/airflow/.local/lib/python3.8/site-packages/airflow/example_dags/example_branch_day_of_week_operator.py
[2024-10-01T00:25:52.524+0000] {logging_mixin.py:188} INFO - [2024-10-01T00:25:52.523+0000] {dag.py:3036} INFO - Sync 1 DAGs
[2024-10-01T00:25:52.642+0000] {logging_mixin.py:188} INFO - [2024-10-01T00:25:52.640+0000] {dag.py:3823} INFO - Setting next_dagrun for example_weekday_branch_operator to 2024-09-30 00:00:00+00:00, run_after=2024-10-01 00:00:00+00:00
[2024-10-01T00:25:52.732+0000] {processor.py:183} INFO - Processing /home/airflow/.local/lib/python3.8/site-packages/airflow/example_dags/example_branch_day_of_week_operator.py took 0.351 seconds
[2024-10-01T00:26:23.041+0000] {processor.py:161} INFO - Started process (PID=4041) to work on /home/airflow/.local/lib/python3.8/site-packages/airflow/example_dags/example_branch_day_of_week_operator.py
[2024-10-01T00:26:23.045+0000] {processor.py:830} INFO - Processing file /home/airflow/.local/lib/python3.8/site-packages/airflow/example_dags/example_branch_day_of_week_operator.py for tasks to queue
[2024-10-01T00:26:23.053+0000] {logging_mixin.py:188} INFO - [2024-10-01T00:26:23.051+0000] {dagbag.py:538} INFO - Filling up the DagBag from /home/airflow/.local/lib/python3.8/site-packages/airflow/example_dags/example_branch_day_of_week_operator.py
[2024-10-01T00:26:23.085+0000] {processor.py:840} INFO - DAG(s) 'example_weekday_branch_operator' retrieved from /home/airflow/.local/lib/python3.8/site-packages/airflow/example_dags/example_branch_day_of_week_operator.py
[2024-10-01T00:26:23.170+0000] {logging_mixin.py:188} INFO - [2024-10-01T00:26:23.169+0000] {dag.py:3036} INFO - Sync 1 DAGs
[2024-10-01T00:26:23.263+0000] {logging_mixin.py:188} INFO - [2024-10-01T00:26:23.262+0000] {dag.py:3823} INFO - Setting next_dagrun for example_weekday_branch_operator to 2024-09-30 00:00:00+00:00, run_after=2024-10-01 00:00:00+00:00
[2024-10-01T00:26:23.346+0000] {processor.py:183} INFO - Processing /home/airflow/.local/lib/python3.8/site-packages/airflow/example_dags/example_branch_day_of_week_operator.py took 0.318 seconds
[2024-10-01T00:26:53.564+0000] {processor.py:161} INFO - Started process (PID=4100) to work on /home/airflow/.local/lib/python3.8/site-packages/airflow/example_dags/example_branch_day_of_week_operator.py
[2024-10-01T00:26:53.567+0000] {processor.py:830} INFO - Processing file /home/airflow/.local/lib/python3.8/site-packages/airflow/example_dags/example_branch_day_of_week_operator.py for tasks to queue
[2024-10-01T00:26:53.573+0000] {logging_mixin.py:188} INFO - [2024-10-01T00:26:53.572+0000] {dagbag.py:538} INFO - Filling up the DagBag from /home/airflow/.local/lib/python3.8/site-packages/airflow/example_dags/example_branch_day_of_week_operator.py
[2024-10-01T00:26:53.601+0000] {processor.py:840} INFO - DAG(s) 'example_weekday_branch_operator' retrieved from /home/airflow/.local/lib/python3.8/site-packages/airflow/example_dags/example_branch_day_of_week_operator.py
[2024-10-01T00:26:53.670+0000] {logging_mixin.py:188} INFO - [2024-10-01T00:26:53.669+0000] {dag.py:3036} INFO - Sync 1 DAGs
[2024-10-01T00:26:53.745+0000] {logging_mixin.py:188} INFO - [2024-10-01T00:26:53.745+0000] {dag.py:3823} INFO - Setting next_dagrun for example_weekday_branch_operator to 2024-09-30 00:00:00+00:00, run_after=2024-10-01 00:00:00+00:00
[2024-10-01T00:26:53.805+0000] {processor.py:183} INFO - Processing /home/airflow/.local/lib/python3.8/site-packages/airflow/example_dags/example_branch_day_of_week_operator.py took 0.253 seconds
[2024-10-01T00:27:24.093+0000] {processor.py:161} INFO - Started process (PID=4166) to work on /home/airflow/.local/lib/python3.8/site-packages/airflow/example_dags/example_branch_day_of_week_operator.py
[2024-10-01T00:27:24.098+0000] {processor.py:830} INFO - Processing file /home/airflow/.local/lib/python3.8/site-packages/airflow/example_dags/example_branch_day_of_week_operator.py for tasks to queue
[2024-10-01T00:27:24.105+0000] {logging_mixin.py:188} INFO - [2024-10-01T00:27:24.104+0000] {dagbag.py:538} INFO - Filling up the DagBag from /home/airflow/.local/lib/python3.8/site-packages/airflow/example_dags/example_branch_day_of_week_operator.py
[2024-10-01T00:27:24.151+0000] {processor.py:840} INFO - DAG(s) 'example_weekday_branch_operator' retrieved from /home/airflow/.local/lib/python3.8/site-packages/airflow/example_dags/example_branch_day_of_week_operator.py
[2024-10-01T00:27:24.252+0000] {logging_mixin.py:188} INFO - [2024-10-01T00:27:24.251+0000] {dag.py:3036} INFO - Sync 1 DAGs
[2024-10-01T00:27:24.362+0000] {logging_mixin.py:188} INFO - [2024-10-01T00:27:24.361+0000] {dag.py:3823} INFO - Setting next_dagrun for example_weekday_branch_operator to 2024-09-30 00:00:00+00:00, run_after=2024-10-01 00:00:00+00:00
[2024-10-01T00:27:24.439+0000] {processor.py:183} INFO - Processing /home/airflow/.local/lib/python3.8/site-packages/airflow/example_dags/example_branch_day_of_week_operator.py took 0.363 seconds
[2024-10-01T00:27:54.846+0000] {processor.py:161} INFO - Started process (PID=4233) to work on /home/airflow/.local/lib/python3.8/site-packages/airflow/example_dags/example_branch_day_of_week_operator.py
[2024-10-01T00:27:54.849+0000] {processor.py:830} INFO - Processing file /home/airflow/.local/lib/python3.8/site-packages/airflow/example_dags/example_branch_day_of_week_operator.py for tasks to queue
[2024-10-01T00:27:54.853+0000] {logging_mixin.py:188} INFO - [2024-10-01T00:27:54.852+0000] {dagbag.py:538} INFO - Filling up the DagBag from /home/airflow/.local/lib/python3.8/site-packages/airflow/example_dags/example_branch_day_of_week_operator.py
[2024-10-01T00:27:54.872+0000] {processor.py:840} INFO - DAG(s) 'example_weekday_branch_operator' retrieved from /home/airflow/.local/lib/python3.8/site-packages/airflow/example_dags/example_branch_day_of_week_operator.py
[2024-10-01T00:27:54.925+0000] {logging_mixin.py:188} INFO - [2024-10-01T00:27:54.925+0000] {dag.py:3036} INFO - Sync 1 DAGs
[2024-10-01T00:27:54.981+0000] {logging_mixin.py:188} INFO - [2024-10-01T00:27:54.980+0000] {dag.py:3823} INFO - Setting next_dagrun for example_weekday_branch_operator to 2024-09-30 00:00:00+00:00, run_after=2024-10-01 00:00:00+00:00
[2024-10-01T00:27:55.024+0000] {processor.py:183} INFO - Processing /home/airflow/.local/lib/python3.8/site-packages/airflow/example_dags/example_branch_day_of_week_operator.py took 0.186 seconds
[2024-10-01T00:28:25.752+0000] {processor.py:161} INFO - Started process (PID=4298) to work on /home/airflow/.local/lib/python3.8/site-packages/airflow/example_dags/example_branch_day_of_week_operator.py
[2024-10-01T00:28:25.755+0000] {processor.py:830} INFO - Processing file /home/airflow/.local/lib/python3.8/site-packages/airflow/example_dags/example_branch_day_of_week_operator.py for tasks to queue
[2024-10-01T00:28:25.760+0000] {logging_mixin.py:188} INFO - [2024-10-01T00:28:25.759+0000] {dagbag.py:538} INFO - Filling up the DagBag from /home/airflow/.local/lib/python3.8/site-packages/airflow/example_dags/example_branch_day_of_week_operator.py
[2024-10-01T00:28:25.784+0000] {processor.py:840} INFO - DAG(s) 'example_weekday_branch_operator' retrieved from /home/airflow/.local/lib/python3.8/site-packages/airflow/example_dags/example_branch_day_of_week_operator.py
[2024-10-01T00:28:25.848+0000] {logging_mixin.py:188} INFO - [2024-10-01T00:28:25.847+0000] {dag.py:3036} INFO - Sync 1 DAGs
[2024-10-01T00:28:25.931+0000] {logging_mixin.py:188} INFO - [2024-10-01T00:28:25.930+0000] {dag.py:3823} INFO - Setting next_dagrun for example_weekday_branch_operator to 2024-09-30 00:00:00+00:00, run_after=2024-10-01 00:00:00+00:00
[2024-10-01T00:28:25.999+0000] {processor.py:183} INFO - Processing /home/airflow/.local/lib/python3.8/site-packages/airflow/example_dags/example_branch_day_of_week_operator.py took 0.258 seconds
[2024-10-01T00:28:57.375+0000] {processor.py:161} INFO - Started process (PID=4364) to work on /home/airflow/.local/lib/python3.8/site-packages/airflow/example_dags/example_branch_day_of_week_operator.py
[2024-10-01T00:28:57.380+0000] {processor.py:830} INFO - Processing file /home/airflow/.local/lib/python3.8/site-packages/airflow/example_dags/example_branch_day_of_week_operator.py for tasks to queue
[2024-10-01T00:28:57.385+0000] {logging_mixin.py:188} INFO - [2024-10-01T00:28:57.384+0000] {dagbag.py:538} INFO - Filling up the DagBag from /home/airflow/.local/lib/python3.8/site-packages/airflow/example_dags/example_branch_day_of_week_operator.py
[2024-10-01T00:28:57.411+0000] {processor.py:840} INFO - DAG(s) 'example_weekday_branch_operator' retrieved from /home/airflow/.local/lib/python3.8/site-packages/airflow/example_dags/example_branch_day_of_week_operator.py
[2024-10-01T00:28:57.484+0000] {logging_mixin.py:188} INFO - [2024-10-01T00:28:57.484+0000] {dag.py:3036} INFO - Sync 1 DAGs
[2024-10-01T00:28:57.632+0000] {logging_mixin.py:188} INFO - [2024-10-01T00:28:57.629+0000] {dag.py:3823} INFO - Setting next_dagrun for example_weekday_branch_operator to 2024-09-30 00:00:00+00:00, run_after=2024-10-01 00:00:00+00:00
[2024-10-01T00:28:57.766+0000] {processor.py:183} INFO - Processing /home/airflow/.local/lib/python3.8/site-packages/airflow/example_dags/example_branch_day_of_week_operator.py took 0.406 seconds
[2024-10-01T00:29:28.798+0000] {processor.py:161} INFO - Started process (PID=4432) to work on /home/airflow/.local/lib/python3.8/site-packages/airflow/example_dags/example_branch_day_of_week_operator.py
[2024-10-01T00:29:28.804+0000] {processor.py:830} INFO - Processing file /home/airflow/.local/lib/python3.8/site-packages/airflow/example_dags/example_branch_day_of_week_operator.py for tasks to queue
[2024-10-01T00:29:28.815+0000] {logging_mixin.py:188} INFO - [2024-10-01T00:29:28.814+0000] {dagbag.py:538} INFO - Filling up the DagBag from /home/airflow/.local/lib/python3.8/site-packages/airflow/example_dags/example_branch_day_of_week_operator.py
[2024-10-01T00:29:28.865+0000] {processor.py:840} INFO - DAG(s) 'example_weekday_branch_operator' retrieved from /home/airflow/.local/lib/python3.8/site-packages/airflow/example_dags/example_branch_day_of_week_operator.py
[2024-10-01T00:29:29.020+0000] {logging_mixin.py:188} INFO - [2024-10-01T00:29:29.018+0000] {dag.py:3036} INFO - Sync 1 DAGs
[2024-10-01T00:29:29.238+0000] {logging_mixin.py:188} INFO - [2024-10-01T00:29:29.236+0000] {dag.py:3823} INFO - Setting next_dagrun for example_weekday_branch_operator to 2024-09-30 00:00:00+00:00, run_after=2024-10-01 00:00:00+00:00
[2024-10-01T00:29:29.348+0000] {processor.py:183} INFO - Processing /home/airflow/.local/lib/python3.8/site-packages/airflow/example_dags/example_branch_day_of_week_operator.py took 0.573 seconds
[2024-10-01T00:29:59.452+0000] {processor.py:161} INFO - Started process (PID=4498) to work on /home/airflow/.local/lib/python3.8/site-packages/airflow/example_dags/example_branch_day_of_week_operator.py
[2024-10-01T00:29:59.457+0000] {processor.py:830} INFO - Processing file /home/airflow/.local/lib/python3.8/site-packages/airflow/example_dags/example_branch_day_of_week_operator.py for tasks to queue
[2024-10-01T00:29:59.464+0000] {logging_mixin.py:188} INFO - [2024-10-01T00:29:59.463+0000] {dagbag.py:538} INFO - Filling up the DagBag from /home/airflow/.local/lib/python3.8/site-packages/airflow/example_dags/example_branch_day_of_week_operator.py
[2024-10-01T00:29:59.495+0000] {processor.py:840} INFO - DAG(s) 'example_weekday_branch_operator' retrieved from /home/airflow/.local/lib/python3.8/site-packages/airflow/example_dags/example_branch_day_of_week_operator.py
[2024-10-01T00:29:59.565+0000] {logging_mixin.py:188} INFO - [2024-10-01T00:29:59.565+0000] {dag.py:3036} INFO - Sync 1 DAGs
[2024-10-01T00:29:59.650+0000] {logging_mixin.py:188} INFO - [2024-10-01T00:29:59.649+0000] {dag.py:3823} INFO - Setting next_dagrun for example_weekday_branch_operator to 2024-09-30 00:00:00+00:00, run_after=2024-10-01 00:00:00+00:00
[2024-10-01T00:29:59.709+0000] {processor.py:183} INFO - Processing /home/airflow/.local/lib/python3.8/site-packages/airflow/example_dags/example_branch_day_of_week_operator.py took 0.273 seconds
[2024-10-01T00:30:30.508+0000] {processor.py:161} INFO - Started process (PID=4564) to work on /home/airflow/.local/lib/python3.8/site-packages/airflow/example_dags/example_branch_day_of_week_operator.py
[2024-10-01T00:30:30.512+0000] {processor.py:830} INFO - Processing file /home/airflow/.local/lib/python3.8/site-packages/airflow/example_dags/example_branch_day_of_week_operator.py for tasks to queue
[2024-10-01T00:30:30.519+0000] {logging_mixin.py:188} INFO - [2024-10-01T00:30:30.518+0000] {dagbag.py:538} INFO - Filling up the DagBag from /home/airflow/.local/lib/python3.8/site-packages/airflow/example_dags/example_branch_day_of_week_operator.py
[2024-10-01T00:30:30.552+0000] {processor.py:840} INFO - DAG(s) 'example_weekday_branch_operator' retrieved from /home/airflow/.local/lib/python3.8/site-packages/airflow/example_dags/example_branch_day_of_week_operator.py
[2024-10-01T00:30:30.637+0000] {logging_mixin.py:188} INFO - [2024-10-01T00:30:30.636+0000] {dag.py:3036} INFO - Sync 1 DAGs
[2024-10-01T00:30:30.751+0000] {logging_mixin.py:188} INFO - [2024-10-01T00:30:30.750+0000] {dag.py:3823} INFO - Setting next_dagrun for example_weekday_branch_operator to 2024-09-30 00:00:00+00:00, run_after=2024-10-01 00:00:00+00:00
[2024-10-01T00:30:30.838+0000] {processor.py:183} INFO - Processing /home/airflow/.local/lib/python3.8/site-packages/airflow/example_dags/example_branch_day_of_week_operator.py took 0.344 seconds
[2024-10-01T00:31:01.141+0000] {processor.py:161} INFO - Started process (PID=4620) to work on /home/airflow/.local/lib/python3.8/site-packages/airflow/example_dags/example_branch_day_of_week_operator.py
[2024-10-01T00:31:01.146+0000] {processor.py:830} INFO - Processing file /home/airflow/.local/lib/python3.8/site-packages/airflow/example_dags/example_branch_day_of_week_operator.py for tasks to queue
[2024-10-01T00:31:01.156+0000] {logging_mixin.py:188} INFO - [2024-10-01T00:31:01.155+0000] {dagbag.py:538} INFO - Filling up the DagBag from /home/airflow/.local/lib/python3.8/site-packages/airflow/example_dags/example_branch_day_of_week_operator.py
[2024-10-01T00:31:01.192+0000] {processor.py:840} INFO - DAG(s) 'example_weekday_branch_operator' retrieved from /home/airflow/.local/lib/python3.8/site-packages/airflow/example_dags/example_branch_day_of_week_operator.py
[2024-10-01T00:31:01.278+0000] {logging_mixin.py:188} INFO - [2024-10-01T00:31:01.278+0000] {dag.py:3036} INFO - Sync 1 DAGs
[2024-10-01T00:31:01.368+0000] {logging_mixin.py:188} INFO - [2024-10-01T00:31:01.367+0000] {dag.py:3823} INFO - Setting next_dagrun for example_weekday_branch_operator to 2024-09-30 00:00:00+00:00, run_after=2024-10-01 00:00:00+00:00
[2024-10-01T00:31:01.444+0000] {processor.py:183} INFO - Processing /home/airflow/.local/lib/python3.8/site-packages/airflow/example_dags/example_branch_day_of_week_operator.py took 0.326 seconds
[2024-10-01T00:31:31.870+0000] {processor.py:161} INFO - Started process (PID=4686) to work on /home/airflow/.local/lib/python3.8/site-packages/airflow/example_dags/example_branch_day_of_week_operator.py
[2024-10-01T00:31:31.876+0000] {processor.py:830} INFO - Processing file /home/airflow/.local/lib/python3.8/site-packages/airflow/example_dags/example_branch_day_of_week_operator.py for tasks to queue
[2024-10-01T00:31:31.886+0000] {logging_mixin.py:188} INFO - [2024-10-01T00:31:31.885+0000] {dagbag.py:538} INFO - Filling up the DagBag from /home/airflow/.local/lib/python3.8/site-packages/airflow/example_dags/example_branch_day_of_week_operator.py
[2024-10-01T00:31:31.928+0000] {processor.py:840} INFO - DAG(s) 'example_weekday_branch_operator' retrieved from /home/airflow/.local/lib/python3.8/site-packages/airflow/example_dags/example_branch_day_of_week_operator.py
[2024-10-01T00:31:32.009+0000] {logging_mixin.py:188} INFO - [2024-10-01T00:31:32.009+0000] {dag.py:3036} INFO - Sync 1 DAGs
[2024-10-01T00:31:32.101+0000] {logging_mixin.py:188} INFO - [2024-10-01T00:31:32.100+0000] {dag.py:3823} INFO - Setting next_dagrun for example_weekday_branch_operator to 2024-09-30 00:00:00+00:00, run_after=2024-10-01 00:00:00+00:00
[2024-10-01T00:31:32.168+0000] {processor.py:183} INFO - Processing /home/airflow/.local/lib/python3.8/site-packages/airflow/example_dags/example_branch_day_of_week_operator.py took 0.318 seconds
[2024-10-01T00:32:03.435+0000] {processor.py:161} INFO - Started process (PID=4752) to work on /home/airflow/.local/lib/python3.8/site-packages/airflow/example_dags/example_branch_day_of_week_operator.py
[2024-10-01T00:32:03.439+0000] {processor.py:830} INFO - Processing file /home/airflow/.local/lib/python3.8/site-packages/airflow/example_dags/example_branch_day_of_week_operator.py for tasks to queue
[2024-10-01T00:32:03.444+0000] {logging_mixin.py:188} INFO - [2024-10-01T00:32:03.443+0000] {dagbag.py:538} INFO - Filling up the DagBag from /home/airflow/.local/lib/python3.8/site-packages/airflow/example_dags/example_branch_day_of_week_operator.py
[2024-10-01T00:32:03.474+0000] {processor.py:840} INFO - DAG(s) 'example_weekday_branch_operator' retrieved from /home/airflow/.local/lib/python3.8/site-packages/airflow/example_dags/example_branch_day_of_week_operator.py
[2024-10-01T00:32:03.542+0000] {logging_mixin.py:188} INFO - [2024-10-01T00:32:03.541+0000] {dag.py:3036} INFO - Sync 1 DAGs
[2024-10-01T00:32:03.637+0000] {logging_mixin.py:188} INFO - [2024-10-01T00:32:03.636+0000] {dag.py:3823} INFO - Setting next_dagrun for example_weekday_branch_operator to 2024-09-30 00:00:00+00:00, run_after=2024-10-01 00:00:00+00:00
[2024-10-01T00:32:03.697+0000] {processor.py:183} INFO - Processing /home/airflow/.local/lib/python3.8/site-packages/airflow/example_dags/example_branch_day_of_week_operator.py took 0.274 seconds
[2024-10-01T00:32:34.119+0000] {processor.py:161} INFO - Started process (PID=4818) to work on /home/airflow/.local/lib/python3.8/site-packages/airflow/example_dags/example_branch_day_of_week_operator.py
[2024-10-01T00:32:34.123+0000] {processor.py:830} INFO - Processing file /home/airflow/.local/lib/python3.8/site-packages/airflow/example_dags/example_branch_day_of_week_operator.py for tasks to queue
[2024-10-01T00:32:34.130+0000] {logging_mixin.py:188} INFO - [2024-10-01T00:32:34.129+0000] {dagbag.py:538} INFO - Filling up the DagBag from /home/airflow/.local/lib/python3.8/site-packages/airflow/example_dags/example_branch_day_of_week_operator.py
[2024-10-01T00:32:34.168+0000] {processor.py:840} INFO - DAG(s) 'example_weekday_branch_operator' retrieved from /home/airflow/.local/lib/python3.8/site-packages/airflow/example_dags/example_branch_day_of_week_operator.py
[2024-10-01T00:32:34.248+0000] {logging_mixin.py:188} INFO - [2024-10-01T00:32:34.247+0000] {dag.py:3036} INFO - Sync 1 DAGs
[2024-10-01T00:32:34.363+0000] {logging_mixin.py:188} INFO - [2024-10-01T00:32:34.362+0000] {dag.py:3823} INFO - Setting next_dagrun for example_weekday_branch_operator to 2024-09-30 00:00:00+00:00, run_after=2024-10-01 00:00:00+00:00
[2024-10-01T00:32:34.432+0000] {processor.py:183} INFO - Processing /home/airflow/.local/lib/python3.8/site-packages/airflow/example_dags/example_branch_day_of_week_operator.py took 0.326 seconds
[2024-10-01T00:33:05.353+0000] {processor.py:161} INFO - Started process (PID=4874) to work on /home/airflow/.local/lib/python3.8/site-packages/airflow/example_dags/example_branch_day_of_week_operator.py
[2024-10-01T00:33:05.357+0000] {processor.py:830} INFO - Processing file /home/airflow/.local/lib/python3.8/site-packages/airflow/example_dags/example_branch_day_of_week_operator.py for tasks to queue
[2024-10-01T00:33:05.363+0000] {logging_mixin.py:188} INFO - [2024-10-01T00:33:05.362+0000] {dagbag.py:538} INFO - Filling up the DagBag from /home/airflow/.local/lib/python3.8/site-packages/airflow/example_dags/example_branch_day_of_week_operator.py
[2024-10-01T00:33:05.392+0000] {processor.py:840} INFO - DAG(s) 'example_weekday_branch_operator' retrieved from /home/airflow/.local/lib/python3.8/site-packages/airflow/example_dags/example_branch_day_of_week_operator.py
[2024-10-01T00:33:05.467+0000] {logging_mixin.py:188} INFO - [2024-10-01T00:33:05.467+0000] {dag.py:3036} INFO - Sync 1 DAGs
[2024-10-01T00:33:05.555+0000] {logging_mixin.py:188} INFO - [2024-10-01T00:33:05.554+0000] {dag.py:3823} INFO - Setting next_dagrun for example_weekday_branch_operator to 2024-09-30 00:00:00+00:00, run_after=2024-10-01 00:00:00+00:00
[2024-10-01T00:33:05.627+0000] {processor.py:183} INFO - Processing /home/airflow/.local/lib/python3.8/site-packages/airflow/example_dags/example_branch_day_of_week_operator.py took 0.288 seconds
[2024-10-01T00:33:38.806+0000] {processor.py:161} INFO - Started process (PID=4940) to work on /home/airflow/.local/lib/python3.8/site-packages/airflow/example_dags/example_branch_day_of_week_operator.py
[2024-10-01T00:33:38.828+0000] {processor.py:830} INFO - Processing file /home/airflow/.local/lib/python3.8/site-packages/airflow/example_dags/example_branch_day_of_week_operator.py for tasks to queue
[2024-10-01T00:33:38.840+0000] {logging_mixin.py:188} INFO - [2024-10-01T00:33:38.838+0000] {dagbag.py:538} INFO - Filling up the DagBag from /home/airflow/.local/lib/python3.8/site-packages/airflow/example_dags/example_branch_day_of_week_operator.py
[2024-10-01T00:33:38.883+0000] {processor.py:840} INFO - DAG(s) 'example_weekday_branch_operator' retrieved from /home/airflow/.local/lib/python3.8/site-packages/airflow/example_dags/example_branch_day_of_week_operator.py
[2024-10-01T00:33:38.981+0000] {logging_mixin.py:188} INFO - [2024-10-01T00:33:38.980+0000] {dag.py:3036} INFO - Sync 1 DAGs
[2024-10-01T00:33:39.089+0000] {logging_mixin.py:188} INFO - [2024-10-01T00:33:39.088+0000] {dag.py:3823} INFO - Setting next_dagrun for example_weekday_branch_operator to 2024-09-30 00:00:00+00:00, run_after=2024-10-01 00:00:00+00:00
[2024-10-01T00:33:39.205+0000] {processor.py:183} INFO - Processing /home/airflow/.local/lib/python3.8/site-packages/airflow/example_dags/example_branch_day_of_week_operator.py took 0.437 seconds
[2024-10-01T00:34:09.528+0000] {processor.py:161} INFO - Started process (PID=5006) to work on /home/airflow/.local/lib/python3.8/site-packages/airflow/example_dags/example_branch_day_of_week_operator.py
[2024-10-01T00:34:09.533+0000] {processor.py:830} INFO - Processing file /home/airflow/.local/lib/python3.8/site-packages/airflow/example_dags/example_branch_day_of_week_operator.py for tasks to queue
[2024-10-01T00:34:09.539+0000] {logging_mixin.py:188} INFO - [2024-10-01T00:34:09.538+0000] {dagbag.py:538} INFO - Filling up the DagBag from /home/airflow/.local/lib/python3.8/site-packages/airflow/example_dags/example_branch_day_of_week_operator.py
[2024-10-01T00:34:09.577+0000] {processor.py:840} INFO - DAG(s) 'example_weekday_branch_operator' retrieved from /home/airflow/.local/lib/python3.8/site-packages/airflow/example_dags/example_branch_day_of_week_operator.py
[2024-10-01T00:34:09.657+0000] {logging_mixin.py:188} INFO - [2024-10-01T00:34:09.656+0000] {dag.py:3036} INFO - Sync 1 DAGs
[2024-10-01T00:34:09.757+0000] {logging_mixin.py:188} INFO - [2024-10-01T00:34:09.756+0000] {dag.py:3823} INFO - Setting next_dagrun for example_weekday_branch_operator to 2024-09-30 00:00:00+00:00, run_after=2024-10-01 00:00:00+00:00
[2024-10-01T00:34:09.848+0000] {processor.py:183} INFO - Processing /home/airflow/.local/lib/python3.8/site-packages/airflow/example_dags/example_branch_day_of_week_operator.py took 0.332 seconds
[2024-10-01T00:34:40.546+0000] {processor.py:161} INFO - Started process (PID=5072) to work on /home/airflow/.local/lib/python3.8/site-packages/airflow/example_dags/example_branch_day_of_week_operator.py
[2024-10-01T00:34:40.555+0000] {processor.py:830} INFO - Processing file /home/airflow/.local/lib/python3.8/site-packages/airflow/example_dags/example_branch_day_of_week_operator.py for tasks to queue
[2024-10-01T00:34:40.559+0000] {logging_mixin.py:188} INFO - [2024-10-01T00:34:40.558+0000] {dagbag.py:538} INFO - Filling up the DagBag from /home/airflow/.local/lib/python3.8/site-packages/airflow/example_dags/example_branch_day_of_week_operator.py
[2024-10-01T00:34:40.577+0000] {processor.py:840} INFO - DAG(s) 'example_weekday_branch_operator' retrieved from /home/airflow/.local/lib/python3.8/site-packages/airflow/example_dags/example_branch_day_of_week_operator.py
[2024-10-01T00:34:40.628+0000] {logging_mixin.py:188} INFO - [2024-10-01T00:34:40.628+0000] {dag.py:3036} INFO - Sync 1 DAGs
[2024-10-01T00:34:40.700+0000] {logging_mixin.py:188} INFO - [2024-10-01T00:34:40.699+0000] {dag.py:3823} INFO - Setting next_dagrun for example_weekday_branch_operator to 2024-09-30 00:00:00+00:00, run_after=2024-10-01 00:00:00+00:00
[2024-10-01T00:34:40.757+0000] {processor.py:183} INFO - Processing /home/airflow/.local/lib/python3.8/site-packages/airflow/example_dags/example_branch_day_of_week_operator.py took 0.219 seconds
