[2024-10-01T00:00:14.373+0000] {processor.py:161} INFO - Started process (PID=773) to work on /home/airflow/.local/lib/python3.8/site-packages/airflow/example_dags/tutorial_dag.py
[2024-10-01T00:00:14.380+0000] {processor.py:830} INFO - Processing file /home/airflow/.local/lib/python3.8/site-packages/airflow/example_dags/tutorial_dag.py for tasks to queue
[2024-10-01T00:00:14.391+0000] {logging_mixin.py:188} INFO - [2024-10-01T00:00:14.389+0000] {dagbag.py:538} INFO - Filling up the DagBag from /home/airflow/.local/lib/python3.8/site-packages/airflow/example_dags/tutorial_dag.py
[2024-10-01T00:00:14.431+0000] {processor.py:840} INFO - DAG(s) 'tutorial_dag' retrieved from /home/airflow/.local/lib/python3.8/site-packages/airflow/example_dags/tutorial_dag.py
[2024-10-01T00:00:14.585+0000] {logging_mixin.py:188} INFO - [2024-10-01T00:00:14.584+0000] {dag.py:3036} INFO - Sync 1 DAGs
[2024-10-01T00:00:14.692+0000] {logging_mixin.py:188} INFO - [2024-10-01T00:00:14.691+0000] {dag.py:3823} INFO - Setting next_dagrun for tutorial_dag to None, run_after=None
[2024-10-01T00:00:14.844+0000] {processor.py:183} INFO - Processing /home/airflow/.local/lib/python3.8/site-packages/airflow/example_dags/tutorial_dag.py took 0.508 seconds
[2024-10-01T00:00:44.998+0000] {processor.py:161} INFO - Started process (PID=839) to work on /home/airflow/.local/lib/python3.8/site-packages/airflow/example_dags/tutorial_dag.py
[2024-10-01T00:00:45.007+0000] {processor.py:830} INFO - Processing file /home/airflow/.local/lib/python3.8/site-packages/airflow/example_dags/tutorial_dag.py for tasks to queue
[2024-10-01T00:00:45.013+0000] {logging_mixin.py:188} INFO - [2024-10-01T00:00:45.012+0000] {dagbag.py:538} INFO - Filling up the DagBag from /home/airflow/.local/lib/python3.8/site-packages/airflow/example_dags/tutorial_dag.py
[2024-10-01T00:00:45.032+0000] {processor.py:840} INFO - DAG(s) 'tutorial_dag' retrieved from /home/airflow/.local/lib/python3.8/site-packages/airflow/example_dags/tutorial_dag.py
[2024-10-01T00:00:45.107+0000] {logging_mixin.py:188} INFO - [2024-10-01T00:00:45.106+0000] {dag.py:3036} INFO - Sync 1 DAGs
[2024-10-01T00:00:45.163+0000] {logging_mixin.py:188} INFO - [2024-10-01T00:00:45.162+0000] {dag.py:3823} INFO - Setting next_dagrun for tutorial_dag to None, run_after=None
[2024-10-01T00:00:45.230+0000] {processor.py:183} INFO - Processing /home/airflow/.local/lib/python3.8/site-packages/airflow/example_dags/tutorial_dag.py took 0.244 seconds
[2024-10-01T00:01:15.461+0000] {processor.py:161} INFO - Started process (PID=905) to work on /home/airflow/.local/lib/python3.8/site-packages/airflow/example_dags/tutorial_dag.py
[2024-10-01T00:01:15.466+0000] {processor.py:830} INFO - Processing file /home/airflow/.local/lib/python3.8/site-packages/airflow/example_dags/tutorial_dag.py for tasks to queue
[2024-10-01T00:01:15.474+0000] {logging_mixin.py:188} INFO - [2024-10-01T00:01:15.472+0000] {dagbag.py:538} INFO - Filling up the DagBag from /home/airflow/.local/lib/python3.8/site-packages/airflow/example_dags/tutorial_dag.py
[2024-10-01T00:01:15.500+0000] {processor.py:840} INFO - DAG(s) 'tutorial_dag' retrieved from /home/airflow/.local/lib/python3.8/site-packages/airflow/example_dags/tutorial_dag.py
[2024-10-01T00:01:15.592+0000] {logging_mixin.py:188} INFO - [2024-10-01T00:01:15.592+0000] {dag.py:3036} INFO - Sync 1 DAGs
[2024-10-01T00:01:15.666+0000] {logging_mixin.py:188} INFO - [2024-10-01T00:01:15.665+0000] {dag.py:3823} INFO - Setting next_dagrun for tutorial_dag to None, run_after=None
[2024-10-01T00:01:15.759+0000] {processor.py:183} INFO - Processing /home/airflow/.local/lib/python3.8/site-packages/airflow/example_dags/tutorial_dag.py took 0.312 seconds
[2024-10-01T00:01:45.880+0000] {processor.py:161} INFO - Started process (PID=963) to work on /home/airflow/.local/lib/python3.8/site-packages/airflow/example_dags/tutorial_dag.py
[2024-10-01T00:01:45.883+0000] {processor.py:830} INFO - Processing file /home/airflow/.local/lib/python3.8/site-packages/airflow/example_dags/tutorial_dag.py for tasks to queue
[2024-10-01T00:01:45.889+0000] {logging_mixin.py:188} INFO - [2024-10-01T00:01:45.888+0000] {dagbag.py:538} INFO - Filling up the DagBag from /home/airflow/.local/lib/python3.8/site-packages/airflow/example_dags/tutorial_dag.py
[2024-10-01T00:01:45.909+0000] {processor.py:840} INFO - DAG(s) 'tutorial_dag' retrieved from /home/airflow/.local/lib/python3.8/site-packages/airflow/example_dags/tutorial_dag.py
[2024-10-01T00:01:45.974+0000] {logging_mixin.py:188} INFO - [2024-10-01T00:01:45.973+0000] {dag.py:3036} INFO - Sync 1 DAGs
[2024-10-01T00:01:46.016+0000] {logging_mixin.py:188} INFO - [2024-10-01T00:01:46.016+0000] {dag.py:3823} INFO - Setting next_dagrun for tutorial_dag to None, run_after=None
[2024-10-01T00:01:46.072+0000] {processor.py:183} INFO - Processing /home/airflow/.local/lib/python3.8/site-packages/airflow/example_dags/tutorial_dag.py took 0.204 seconds
[2024-10-01T00:02:16.726+0000] {processor.py:161} INFO - Started process (PID=1029) to work on /home/airflow/.local/lib/python3.8/site-packages/airflow/example_dags/tutorial_dag.py
[2024-10-01T00:02:16.728+0000] {processor.py:830} INFO - Processing file /home/airflow/.local/lib/python3.8/site-packages/airflow/example_dags/tutorial_dag.py for tasks to queue
[2024-10-01T00:02:16.731+0000] {logging_mixin.py:188} INFO - [2024-10-01T00:02:16.730+0000] {dagbag.py:538} INFO - Filling up the DagBag from /home/airflow/.local/lib/python3.8/site-packages/airflow/example_dags/tutorial_dag.py
[2024-10-01T00:02:16.740+0000] {processor.py:840} INFO - DAG(s) 'tutorial_dag' retrieved from /home/airflow/.local/lib/python3.8/site-packages/airflow/example_dags/tutorial_dag.py
[2024-10-01T00:02:16.777+0000] {logging_mixin.py:188} INFO - [2024-10-01T00:02:16.776+0000] {dag.py:3036} INFO - Sync 1 DAGs
[2024-10-01T00:02:16.801+0000] {logging_mixin.py:188} INFO - [2024-10-01T00:02:16.801+0000] {dag.py:3823} INFO - Setting next_dagrun for tutorial_dag to None, run_after=None
[2024-10-01T00:02:16.836+0000] {processor.py:183} INFO - Processing /home/airflow/.local/lib/python3.8/site-packages/airflow/example_dags/tutorial_dag.py took 0.116 seconds
[2024-10-01T00:02:47.115+0000] {processor.py:161} INFO - Started process (PID=1095) to work on /home/airflow/.local/lib/python3.8/site-packages/airflow/example_dags/tutorial_dag.py
[2024-10-01T00:02:47.118+0000] {processor.py:830} INFO - Processing file /home/airflow/.local/lib/python3.8/site-packages/airflow/example_dags/tutorial_dag.py for tasks to queue
[2024-10-01T00:02:47.122+0000] {logging_mixin.py:188} INFO - [2024-10-01T00:02:47.121+0000] {dagbag.py:538} INFO - Filling up the DagBag from /home/airflow/.local/lib/python3.8/site-packages/airflow/example_dags/tutorial_dag.py
[2024-10-01T00:02:47.136+0000] {processor.py:840} INFO - DAG(s) 'tutorial_dag' retrieved from /home/airflow/.local/lib/python3.8/site-packages/airflow/example_dags/tutorial_dag.py
[2024-10-01T00:02:47.185+0000] {logging_mixin.py:188} INFO - [2024-10-01T00:02:47.184+0000] {dag.py:3036} INFO - Sync 1 DAGs
[2024-10-01T00:02:47.217+0000] {logging_mixin.py:188} INFO - [2024-10-01T00:02:47.217+0000] {dag.py:3823} INFO - Setting next_dagrun for tutorial_dag to None, run_after=None
[2024-10-01T00:02:47.258+0000] {processor.py:183} INFO - Processing /home/airflow/.local/lib/python3.8/site-packages/airflow/example_dags/tutorial_dag.py took 0.150 seconds
[2024-10-01T00:03:17.539+0000] {processor.py:161} INFO - Started process (PID=1161) to work on /home/airflow/.local/lib/python3.8/site-packages/airflow/example_dags/tutorial_dag.py
[2024-10-01T00:03:17.542+0000] {processor.py:830} INFO - Processing file /home/airflow/.local/lib/python3.8/site-packages/airflow/example_dags/tutorial_dag.py for tasks to queue
[2024-10-01T00:03:17.547+0000] {logging_mixin.py:188} INFO - [2024-10-01T00:03:17.546+0000] {dagbag.py:538} INFO - Filling up the DagBag from /home/airflow/.local/lib/python3.8/site-packages/airflow/example_dags/tutorial_dag.py
[2024-10-01T00:03:17.561+0000] {processor.py:840} INFO - DAG(s) 'tutorial_dag' retrieved from /home/airflow/.local/lib/python3.8/site-packages/airflow/example_dags/tutorial_dag.py
[2024-10-01T00:03:17.611+0000] {logging_mixin.py:188} INFO - [2024-10-01T00:03:17.610+0000] {dag.py:3036} INFO - Sync 1 DAGs
[2024-10-01T00:03:17.645+0000] {logging_mixin.py:188} INFO - [2024-10-01T00:03:17.645+0000] {dag.py:3823} INFO - Setting next_dagrun for tutorial_dag to None, run_after=None
[2024-10-01T00:03:17.695+0000] {processor.py:183} INFO - Processing /home/airflow/.local/lib/python3.8/site-packages/airflow/example_dags/tutorial_dag.py took 0.165 seconds
[2024-10-01T00:03:48.183+0000] {processor.py:161} INFO - Started process (PID=1227) to work on /home/airflow/.local/lib/python3.8/site-packages/airflow/example_dags/tutorial_dag.py
[2024-10-01T00:03:48.185+0000] {processor.py:830} INFO - Processing file /home/airflow/.local/lib/python3.8/site-packages/airflow/example_dags/tutorial_dag.py for tasks to queue
[2024-10-01T00:03:48.189+0000] {logging_mixin.py:188} INFO - [2024-10-01T00:03:48.188+0000] {dagbag.py:538} INFO - Filling up the DagBag from /home/airflow/.local/lib/python3.8/site-packages/airflow/example_dags/tutorial_dag.py
[2024-10-01T00:03:48.200+0000] {processor.py:840} INFO - DAG(s) 'tutorial_dag' retrieved from /home/airflow/.local/lib/python3.8/site-packages/airflow/example_dags/tutorial_dag.py
[2024-10-01T00:03:48.242+0000] {logging_mixin.py:188} INFO - [2024-10-01T00:03:48.242+0000] {dag.py:3036} INFO - Sync 1 DAGs
[2024-10-01T00:03:48.271+0000] {logging_mixin.py:188} INFO - [2024-10-01T00:03:48.270+0000] {dag.py:3823} INFO - Setting next_dagrun for tutorial_dag to None, run_after=None
[2024-10-01T00:03:48.313+0000] {processor.py:183} INFO - Processing /home/airflow/.local/lib/python3.8/site-packages/airflow/example_dags/tutorial_dag.py took 0.138 seconds
[2024-10-01T00:04:18.794+0000] {processor.py:161} INFO - Started process (PID=1293) to work on /home/airflow/.local/lib/python3.8/site-packages/airflow/example_dags/tutorial_dag.py
[2024-10-01T00:04:18.796+0000] {processor.py:830} INFO - Processing file /home/airflow/.local/lib/python3.8/site-packages/airflow/example_dags/tutorial_dag.py for tasks to queue
[2024-10-01T00:04:18.800+0000] {logging_mixin.py:188} INFO - [2024-10-01T00:04:18.800+0000] {dagbag.py:538} INFO - Filling up the DagBag from /home/airflow/.local/lib/python3.8/site-packages/airflow/example_dags/tutorial_dag.py
[2024-10-01T00:04:18.813+0000] {processor.py:840} INFO - DAG(s) 'tutorial_dag' retrieved from /home/airflow/.local/lib/python3.8/site-packages/airflow/example_dags/tutorial_dag.py
[2024-10-01T00:04:18.861+0000] {logging_mixin.py:188} INFO - [2024-10-01T00:04:18.861+0000] {dag.py:3036} INFO - Sync 1 DAGs
[2024-10-01T00:04:18.898+0000] {logging_mixin.py:188} INFO - [2024-10-01T00:04:18.897+0000] {dag.py:3823} INFO - Setting next_dagrun for tutorial_dag to None, run_after=None
[2024-10-01T00:04:18.940+0000] {processor.py:183} INFO - Processing /home/airflow/.local/lib/python3.8/site-packages/airflow/example_dags/tutorial_dag.py took 0.155 seconds
[2024-10-01T00:04:51.888+0000] {processor.py:161} INFO - Started process (PID=1359) to work on /home/airflow/.local/lib/python3.8/site-packages/airflow/example_dags/tutorial_dag.py
[2024-10-01T00:04:51.899+0000] {processor.py:830} INFO - Processing file /home/airflow/.local/lib/python3.8/site-packages/airflow/example_dags/tutorial_dag.py for tasks to queue
[2024-10-01T00:04:51.920+0000] {logging_mixin.py:188} INFO - [2024-10-01T00:04:51.916+0000] {dagbag.py:538} INFO - Filling up the DagBag from /home/airflow/.local/lib/python3.8/site-packages/airflow/example_dags/tutorial_dag.py
[2024-10-01T00:04:51.975+0000] {processor.py:840} INFO - DAG(s) 'tutorial_dag' retrieved from /home/airflow/.local/lib/python3.8/site-packages/airflow/example_dags/tutorial_dag.py
[2024-10-01T00:04:52.222+0000] {logging_mixin.py:188} INFO - [2024-10-01T00:04:52.220+0000] {dag.py:3036} INFO - Sync 1 DAGs
[2024-10-01T00:04:52.355+0000] {logging_mixin.py:188} INFO - [2024-10-01T00:04:52.353+0000] {dag.py:3823} INFO - Setting next_dagrun for tutorial_dag to None, run_after=None
[2024-10-01T00:04:52.670+0000] {processor.py:183} INFO - Processing /home/airflow/.local/lib/python3.8/site-packages/airflow/example_dags/tutorial_dag.py took 0.829 seconds
[2024-10-01T00:05:23.197+0000] {processor.py:161} INFO - Started process (PID=1425) to work on /home/airflow/.local/lib/python3.8/site-packages/airflow/example_dags/tutorial_dag.py
[2024-10-01T00:05:23.200+0000] {processor.py:830} INFO - Processing file /home/airflow/.local/lib/python3.8/site-packages/airflow/example_dags/tutorial_dag.py for tasks to queue
[2024-10-01T00:05:23.204+0000] {logging_mixin.py:188} INFO - [2024-10-01T00:05:23.203+0000] {dagbag.py:538} INFO - Filling up the DagBag from /home/airflow/.local/lib/python3.8/site-packages/airflow/example_dags/tutorial_dag.py
[2024-10-01T00:05:23.216+0000] {processor.py:840} INFO - DAG(s) 'tutorial_dag' retrieved from /home/airflow/.local/lib/python3.8/site-packages/airflow/example_dags/tutorial_dag.py
[2024-10-01T00:05:23.259+0000] {logging_mixin.py:188} INFO - [2024-10-01T00:05:23.259+0000] {dag.py:3036} INFO - Sync 1 DAGs
[2024-10-01T00:05:23.288+0000] {logging_mixin.py:188} INFO - [2024-10-01T00:05:23.288+0000] {dag.py:3823} INFO - Setting next_dagrun for tutorial_dag to None, run_after=None
[2024-10-01T00:05:23.333+0000] {processor.py:183} INFO - Processing /home/airflow/.local/lib/python3.8/site-packages/airflow/example_dags/tutorial_dag.py took 0.143 seconds
[2024-10-01T00:05:53.685+0000] {processor.py:161} INFO - Started process (PID=1491) to work on /home/airflow/.local/lib/python3.8/site-packages/airflow/example_dags/tutorial_dag.py
[2024-10-01T00:05:53.688+0000] {processor.py:830} INFO - Processing file /home/airflow/.local/lib/python3.8/site-packages/airflow/example_dags/tutorial_dag.py for tasks to queue
[2024-10-01T00:05:53.692+0000] {logging_mixin.py:188} INFO - [2024-10-01T00:05:53.692+0000] {dagbag.py:538} INFO - Filling up the DagBag from /home/airflow/.local/lib/python3.8/site-packages/airflow/example_dags/tutorial_dag.py
[2024-10-01T00:05:53.706+0000] {processor.py:840} INFO - DAG(s) 'tutorial_dag' retrieved from /home/airflow/.local/lib/python3.8/site-packages/airflow/example_dags/tutorial_dag.py
[2024-10-01T00:05:53.754+0000] {logging_mixin.py:188} INFO - [2024-10-01T00:05:53.753+0000] {dag.py:3036} INFO - Sync 1 DAGs
[2024-10-01T00:05:53.789+0000] {logging_mixin.py:188} INFO - [2024-10-01T00:05:53.789+0000] {dag.py:3823} INFO - Setting next_dagrun for tutorial_dag to None, run_after=None
[2024-10-01T00:05:53.844+0000] {processor.py:183} INFO - Processing /home/airflow/.local/lib/python3.8/site-packages/airflow/example_dags/tutorial_dag.py took 0.167 seconds
[2024-10-01T00:06:24.435+0000] {processor.py:161} INFO - Started process (PID=1557) to work on /home/airflow/.local/lib/python3.8/site-packages/airflow/example_dags/tutorial_dag.py
[2024-10-01T00:06:24.439+0000] {processor.py:830} INFO - Processing file /home/airflow/.local/lib/python3.8/site-packages/airflow/example_dags/tutorial_dag.py for tasks to queue
[2024-10-01T00:06:24.446+0000] {logging_mixin.py:188} INFO - [2024-10-01T00:06:24.445+0000] {dagbag.py:538} INFO - Filling up the DagBag from /home/airflow/.local/lib/python3.8/site-packages/airflow/example_dags/tutorial_dag.py
[2024-10-01T00:06:24.467+0000] {processor.py:840} INFO - DAG(s) 'tutorial_dag' retrieved from /home/airflow/.local/lib/python3.8/site-packages/airflow/example_dags/tutorial_dag.py
[2024-10-01T00:06:24.552+0000] {logging_mixin.py:188} INFO - [2024-10-01T00:06:24.551+0000] {dag.py:3036} INFO - Sync 1 DAGs
[2024-10-01T00:06:24.609+0000] {logging_mixin.py:188} INFO - [2024-10-01T00:06:24.609+0000] {dag.py:3823} INFO - Setting next_dagrun for tutorial_dag to None, run_after=None
[2024-10-01T00:06:24.700+0000] {processor.py:183} INFO - Processing /home/airflow/.local/lib/python3.8/site-packages/airflow/example_dags/tutorial_dag.py took 0.278 seconds
[2024-10-01T00:06:54.817+0000] {processor.py:161} INFO - Started process (PID=1615) to work on /home/airflow/.local/lib/python3.8/site-packages/airflow/example_dags/tutorial_dag.py
[2024-10-01T00:06:54.820+0000] {processor.py:830} INFO - Processing file /home/airflow/.local/lib/python3.8/site-packages/airflow/example_dags/tutorial_dag.py for tasks to queue
[2024-10-01T00:06:54.823+0000] {logging_mixin.py:188} INFO - [2024-10-01T00:06:54.822+0000] {dagbag.py:538} INFO - Filling up the DagBag from /home/airflow/.local/lib/python3.8/site-packages/airflow/example_dags/tutorial_dag.py
[2024-10-01T00:06:54.832+0000] {processor.py:840} INFO - DAG(s) 'tutorial_dag' retrieved from /home/airflow/.local/lib/python3.8/site-packages/airflow/example_dags/tutorial_dag.py
[2024-10-01T00:06:54.867+0000] {logging_mixin.py:188} INFO - [2024-10-01T00:06:54.867+0000] {dag.py:3036} INFO - Sync 1 DAGs
[2024-10-01T00:06:54.888+0000] {logging_mixin.py:188} INFO - [2024-10-01T00:06:54.888+0000] {dag.py:3823} INFO - Setting next_dagrun for tutorial_dag to None, run_after=None
[2024-10-01T00:06:54.919+0000] {processor.py:183} INFO - Processing /home/airflow/.local/lib/python3.8/site-packages/airflow/example_dags/tutorial_dag.py took 0.108 seconds
[2024-10-01T00:07:25.055+0000] {processor.py:161} INFO - Started process (PID=1689) to work on /home/airflow/.local/lib/python3.8/site-packages/airflow/example_dags/tutorial_dag.py
[2024-10-01T00:07:25.065+0000] {processor.py:830} INFO - Processing file /home/airflow/.local/lib/python3.8/site-packages/airflow/example_dags/tutorial_dag.py for tasks to queue
[2024-10-01T00:07:25.068+0000] {logging_mixin.py:188} INFO - [2024-10-01T00:07:25.067+0000] {dagbag.py:538} INFO - Filling up the DagBag from /home/airflow/.local/lib/python3.8/site-packages/airflow/example_dags/tutorial_dag.py
[2024-10-01T00:07:25.081+0000] {processor.py:840} INFO - DAG(s) 'tutorial_dag' retrieved from /home/airflow/.local/lib/python3.8/site-packages/airflow/example_dags/tutorial_dag.py
[2024-10-01T00:07:25.116+0000] {logging_mixin.py:188} INFO - [2024-10-01T00:07:25.116+0000] {dag.py:3036} INFO - Sync 1 DAGs
[2024-10-01T00:07:25.140+0000] {logging_mixin.py:188} INFO - [2024-10-01T00:07:25.140+0000] {dag.py:3823} INFO - Setting next_dagrun for tutorial_dag to None, run_after=None
[2024-10-01T00:07:25.174+0000] {processor.py:183} INFO - Processing /home/airflow/.local/lib/python3.8/site-packages/airflow/example_dags/tutorial_dag.py took 0.125 seconds
[2024-10-01T00:07:55.329+0000] {processor.py:161} INFO - Started process (PID=1748) to work on /home/airflow/.local/lib/python3.8/site-packages/airflow/example_dags/tutorial_dag.py
[2024-10-01T00:07:55.331+0000] {processor.py:830} INFO - Processing file /home/airflow/.local/lib/python3.8/site-packages/airflow/example_dags/tutorial_dag.py for tasks to queue
[2024-10-01T00:07:55.334+0000] {logging_mixin.py:188} INFO - [2024-10-01T00:07:55.334+0000] {dagbag.py:538} INFO - Filling up the DagBag from /home/airflow/.local/lib/python3.8/site-packages/airflow/example_dags/tutorial_dag.py
[2024-10-01T00:07:55.344+0000] {processor.py:840} INFO - DAG(s) 'tutorial_dag' retrieved from /home/airflow/.local/lib/python3.8/site-packages/airflow/example_dags/tutorial_dag.py
[2024-10-01T00:07:55.382+0000] {logging_mixin.py:188} INFO - [2024-10-01T00:07:55.381+0000] {dag.py:3036} INFO - Sync 1 DAGs
[2024-10-01T00:07:55.407+0000] {logging_mixin.py:188} INFO - [2024-10-01T00:07:55.407+0000] {dag.py:3823} INFO - Setting next_dagrun for tutorial_dag to None, run_after=None
[2024-10-01T00:07:55.444+0000] {processor.py:183} INFO - Processing /home/airflow/.local/lib/python3.8/site-packages/airflow/example_dags/tutorial_dag.py took 0.122 seconds
[2024-10-01T00:08:26.010+0000] {processor.py:161} INFO - Started process (PID=1813) to work on /home/airflow/.local/lib/python3.8/site-packages/airflow/example_dags/tutorial_dag.py
[2024-10-01T00:08:26.012+0000] {processor.py:830} INFO - Processing file /home/airflow/.local/lib/python3.8/site-packages/airflow/example_dags/tutorial_dag.py for tasks to queue
[2024-10-01T00:08:26.014+0000] {logging_mixin.py:188} INFO - [2024-10-01T00:08:26.014+0000] {dagbag.py:538} INFO - Filling up the DagBag from /home/airflow/.local/lib/python3.8/site-packages/airflow/example_dags/tutorial_dag.py
[2024-10-01T00:08:26.021+0000] {processor.py:840} INFO - DAG(s) 'tutorial_dag' retrieved from /home/airflow/.local/lib/python3.8/site-packages/airflow/example_dags/tutorial_dag.py
[2024-10-01T00:08:26.057+0000] {logging_mixin.py:188} INFO - [2024-10-01T00:08:26.056+0000] {dag.py:3036} INFO - Sync 1 DAGs
[2024-10-01T00:08:26.077+0000] {logging_mixin.py:188} INFO - [2024-10-01T00:08:26.077+0000] {dag.py:3823} INFO - Setting next_dagrun for tutorial_dag to None, run_after=None
[2024-10-01T00:08:26.111+0000] {processor.py:183} INFO - Processing /home/airflow/.local/lib/python3.8/site-packages/airflow/example_dags/tutorial_dag.py took 0.106 seconds
[2024-10-01T00:08:56.311+0000] {processor.py:161} INFO - Started process (PID=1879) to work on /home/airflow/.local/lib/python3.8/site-packages/airflow/example_dags/tutorial_dag.py
[2024-10-01T00:08:56.314+0000] {processor.py:830} INFO - Processing file /home/airflow/.local/lib/python3.8/site-packages/airflow/example_dags/tutorial_dag.py for tasks to queue
[2024-10-01T00:08:56.317+0000] {logging_mixin.py:188} INFO - [2024-10-01T00:08:56.316+0000] {dagbag.py:538} INFO - Filling up the DagBag from /home/airflow/.local/lib/python3.8/site-packages/airflow/example_dags/tutorial_dag.py
[2024-10-01T00:08:56.326+0000] {processor.py:840} INFO - DAG(s) 'tutorial_dag' retrieved from /home/airflow/.local/lib/python3.8/site-packages/airflow/example_dags/tutorial_dag.py
[2024-10-01T00:08:56.360+0000] {logging_mixin.py:188} INFO - [2024-10-01T00:08:56.359+0000] {dag.py:3036} INFO - Sync 1 DAGs
[2024-10-01T00:08:56.382+0000] {logging_mixin.py:188} INFO - [2024-10-01T00:08:56.381+0000] {dag.py:3823} INFO - Setting next_dagrun for tutorial_dag to None, run_after=None
[2024-10-01T00:08:56.415+0000] {processor.py:183} INFO - Processing /home/airflow/.local/lib/python3.8/site-packages/airflow/example_dags/tutorial_dag.py took 0.111 seconds
[2024-10-01T00:09:27.683+0000] {processor.py:161} INFO - Started process (PID=1944) to work on /home/airflow/.local/lib/python3.8/site-packages/airflow/example_dags/tutorial_dag.py
[2024-10-01T00:09:27.690+0000] {processor.py:830} INFO - Processing file /home/airflow/.local/lib/python3.8/site-packages/airflow/example_dags/tutorial_dag.py for tasks to queue
[2024-10-01T00:09:27.703+0000] {logging_mixin.py:188} INFO - [2024-10-01T00:09:27.701+0000] {dagbag.py:538} INFO - Filling up the DagBag from /home/airflow/.local/lib/python3.8/site-packages/airflow/example_dags/tutorial_dag.py
[2024-10-01T00:09:27.744+0000] {processor.py:840} INFO - DAG(s) 'tutorial_dag' retrieved from /home/airflow/.local/lib/python3.8/site-packages/airflow/example_dags/tutorial_dag.py
[2024-10-01T00:09:27.894+0000] {logging_mixin.py:188} INFO - [2024-10-01T00:09:27.893+0000] {dag.py:3036} INFO - Sync 1 DAGs
[2024-10-01T00:09:27.980+0000] {logging_mixin.py:188} INFO - [2024-10-01T00:09:27.979+0000] {dag.py:3823} INFO - Setting next_dagrun for tutorial_dag to None, run_after=None
[2024-10-01T00:09:28.089+0000] {processor.py:183} INFO - Processing /home/airflow/.local/lib/python3.8/site-packages/airflow/example_dags/tutorial_dag.py took 0.433 seconds
[2024-10-01T00:09:58.564+0000] {processor.py:161} INFO - Started process (PID=2007) to work on /home/airflow/.local/lib/python3.8/site-packages/airflow/example_dags/tutorial_dag.py
[2024-10-01T00:09:58.573+0000] {processor.py:830} INFO - Processing file /home/airflow/.local/lib/python3.8/site-packages/airflow/example_dags/tutorial_dag.py for tasks to queue
[2024-10-01T00:09:58.595+0000] {logging_mixin.py:188} INFO - [2024-10-01T00:09:58.591+0000] {dagbag.py:538} INFO - Filling up the DagBag from /home/airflow/.local/lib/python3.8/site-packages/airflow/example_dags/tutorial_dag.py
[2024-10-01T00:09:58.652+0000] {processor.py:840} INFO - DAG(s) 'tutorial_dag' retrieved from /home/airflow/.local/lib/python3.8/site-packages/airflow/example_dags/tutorial_dag.py
[2024-10-01T00:09:58.863+0000] {logging_mixin.py:188} INFO - [2024-10-01T00:09:58.862+0000] {dag.py:3036} INFO - Sync 1 DAGs
[2024-10-01T00:09:59.014+0000] {logging_mixin.py:188} INFO - [2024-10-01T00:09:59.012+0000] {dag.py:3823} INFO - Setting next_dagrun for tutorial_dag to None, run_after=None
[2024-10-01T00:09:59.207+0000] {processor.py:183} INFO - Processing /home/airflow/.local/lib/python3.8/site-packages/airflow/example_dags/tutorial_dag.py took 0.705 seconds
[2024-10-01T00:10:43.097+0000] {processor.py:161} INFO - Started process (PID=2069) to work on /home/airflow/.local/lib/python3.8/site-packages/airflow/example_dags/tutorial_dag.py
[2024-10-01T00:10:43.117+0000] {processor.py:830} INFO - Processing file /home/airflow/.local/lib/python3.8/site-packages/airflow/example_dags/tutorial_dag.py for tasks to queue
[2024-10-01T00:10:43.155+0000] {logging_mixin.py:188} INFO - [2024-10-01T00:10:43.148+0000] {dagbag.py:538} INFO - Filling up the DagBag from /home/airflow/.local/lib/python3.8/site-packages/airflow/example_dags/tutorial_dag.py
[2024-10-01T00:10:43.257+0000] {processor.py:840} INFO - DAG(s) 'tutorial_dag' retrieved from /home/airflow/.local/lib/python3.8/site-packages/airflow/example_dags/tutorial_dag.py
[2024-10-01T00:10:43.592+0000] {logging_mixin.py:188} INFO - [2024-10-01T00:10:43.581+0000] {dag.py:3036} INFO - Sync 1 DAGs
[2024-10-01T00:10:43.924+0000] {logging_mixin.py:188} INFO - [2024-10-01T00:10:43.922+0000] {dag.py:3823} INFO - Setting next_dagrun for tutorial_dag to None, run_after=None
[2024-10-01T00:10:44.183+0000] {processor.py:183} INFO - Processing /home/airflow/.local/lib/python3.8/site-packages/airflow/example_dags/tutorial_dag.py took 1.152 seconds
[2024-10-01T00:11:24.722+0000] {processor.py:161} INFO - Started process (PID=2131) to work on /home/airflow/.local/lib/python3.8/site-packages/airflow/example_dags/tutorial_dag.py
[2024-10-01T00:11:24.731+0000] {processor.py:830} INFO - Processing file /home/airflow/.local/lib/python3.8/site-packages/airflow/example_dags/tutorial_dag.py for tasks to queue
[2024-10-01T00:11:24.743+0000] {logging_mixin.py:188} INFO - [2024-10-01T00:11:24.740+0000] {dagbag.py:538} INFO - Filling up the DagBag from /home/airflow/.local/lib/python3.8/site-packages/airflow/example_dags/tutorial_dag.py
[2024-10-01T00:11:24.787+0000] {processor.py:840} INFO - DAG(s) 'tutorial_dag' retrieved from /home/airflow/.local/lib/python3.8/site-packages/airflow/example_dags/tutorial_dag.py
[2024-10-01T00:11:24.932+0000] {logging_mixin.py:188} INFO - [2024-10-01T00:11:24.931+0000] {dag.py:3036} INFO - Sync 1 DAGs
[2024-10-01T00:11:25.035+0000] {logging_mixin.py:188} INFO - [2024-10-01T00:11:25.033+0000] {dag.py:3823} INFO - Setting next_dagrun for tutorial_dag to None, run_after=None
[2024-10-01T00:11:25.178+0000] {processor.py:183} INFO - Processing /home/airflow/.local/lib/python3.8/site-packages/airflow/example_dags/tutorial_dag.py took 0.483 seconds
[2024-10-01T00:11:57.422+0000] {processor.py:161} INFO - Started process (PID=2190) to work on /home/airflow/.local/lib/python3.8/site-packages/airflow/example_dags/tutorial_dag.py
[2024-10-01T00:11:57.432+0000] {processor.py:830} INFO - Processing file /home/airflow/.local/lib/python3.8/site-packages/airflow/example_dags/tutorial_dag.py for tasks to queue
[2024-10-01T00:11:57.446+0000] {logging_mixin.py:188} INFO - [2024-10-01T00:11:57.444+0000] {dagbag.py:538} INFO - Filling up the DagBag from /home/airflow/.local/lib/python3.8/site-packages/airflow/example_dags/tutorial_dag.py
[2024-10-01T00:11:57.494+0000] {processor.py:840} INFO - DAG(s) 'tutorial_dag' retrieved from /home/airflow/.local/lib/python3.8/site-packages/airflow/example_dags/tutorial_dag.py
[2024-10-01T00:11:57.674+0000] {logging_mixin.py:188} INFO - [2024-10-01T00:11:57.672+0000] {dag.py:3036} INFO - Sync 1 DAGs
[2024-10-01T00:11:57.811+0000] {logging_mixin.py:188} INFO - [2024-10-01T00:11:57.809+0000] {dag.py:3823} INFO - Setting next_dagrun for tutorial_dag to None, run_after=None
[2024-10-01T00:11:57.961+0000] {processor.py:183} INFO - Processing /home/airflow/.local/lib/python3.8/site-packages/airflow/example_dags/tutorial_dag.py took 0.570 seconds
[2024-10-01T00:12:28.282+0000] {processor.py:161} INFO - Started process (PID=2256) to work on /home/airflow/.local/lib/python3.8/site-packages/airflow/example_dags/tutorial_dag.py
[2024-10-01T00:12:28.289+0000] {processor.py:830} INFO - Processing file /home/airflow/.local/lib/python3.8/site-packages/airflow/example_dags/tutorial_dag.py for tasks to queue
[2024-10-01T00:12:28.295+0000] {logging_mixin.py:188} INFO - [2024-10-01T00:12:28.294+0000] {dagbag.py:538} INFO - Filling up the DagBag from /home/airflow/.local/lib/python3.8/site-packages/airflow/example_dags/tutorial_dag.py
[2024-10-01T00:12:28.317+0000] {processor.py:840} INFO - DAG(s) 'tutorial_dag' retrieved from /home/airflow/.local/lib/python3.8/site-packages/airflow/example_dags/tutorial_dag.py
[2024-10-01T00:12:28.377+0000] {logging_mixin.py:188} INFO - [2024-10-01T00:12:28.377+0000] {dag.py:3036} INFO - Sync 1 DAGs
[2024-10-01T00:12:28.416+0000] {logging_mixin.py:188} INFO - [2024-10-01T00:12:28.415+0000] {dag.py:3823} INFO - Setting next_dagrun for tutorial_dag to None, run_after=None
[2024-10-01T00:12:28.470+0000] {processor.py:183} INFO - Processing /home/airflow/.local/lib/python3.8/site-packages/airflow/example_dags/tutorial_dag.py took 0.202 seconds
[2024-10-01T00:12:59.301+0000] {processor.py:161} INFO - Started process (PID=2314) to work on /home/airflow/.local/lib/python3.8/site-packages/airflow/example_dags/tutorial_dag.py
[2024-10-01T00:12:59.303+0000] {processor.py:830} INFO - Processing file /home/airflow/.local/lib/python3.8/site-packages/airflow/example_dags/tutorial_dag.py for tasks to queue
[2024-10-01T00:12:59.307+0000] {logging_mixin.py:188} INFO - [2024-10-01T00:12:59.307+0000] {dagbag.py:538} INFO - Filling up the DagBag from /home/airflow/.local/lib/python3.8/site-packages/airflow/example_dags/tutorial_dag.py
[2024-10-01T00:12:59.318+0000] {processor.py:840} INFO - DAG(s) 'tutorial_dag' retrieved from /home/airflow/.local/lib/python3.8/site-packages/airflow/example_dags/tutorial_dag.py
[2024-10-01T00:12:59.350+0000] {logging_mixin.py:188} INFO - [2024-10-01T00:12:59.350+0000] {dag.py:3036} INFO - Sync 1 DAGs
[2024-10-01T00:12:59.372+0000] {logging_mixin.py:188} INFO - [2024-10-01T00:12:59.371+0000] {dag.py:3823} INFO - Setting next_dagrun for tutorial_dag to None, run_after=None
[2024-10-01T00:12:59.401+0000] {processor.py:183} INFO - Processing /home/airflow/.local/lib/python3.8/site-packages/airflow/example_dags/tutorial_dag.py took 0.108 seconds
[2024-10-01T00:13:30.084+0000] {processor.py:161} INFO - Started process (PID=2380) to work on /home/airflow/.local/lib/python3.8/site-packages/airflow/example_dags/tutorial_dag.py
[2024-10-01T00:13:30.088+0000] {processor.py:830} INFO - Processing file /home/airflow/.local/lib/python3.8/site-packages/airflow/example_dags/tutorial_dag.py for tasks to queue
[2024-10-01T00:13:30.093+0000] {logging_mixin.py:188} INFO - [2024-10-01T00:13:30.092+0000] {dagbag.py:538} INFO - Filling up the DagBag from /home/airflow/.local/lib/python3.8/site-packages/airflow/example_dags/tutorial_dag.py
[2024-10-01T00:13:30.109+0000] {processor.py:840} INFO - DAG(s) 'tutorial_dag' retrieved from /home/airflow/.local/lib/python3.8/site-packages/airflow/example_dags/tutorial_dag.py
[2024-10-01T00:13:30.179+0000] {logging_mixin.py:188} INFO - [2024-10-01T00:13:30.179+0000] {dag.py:3036} INFO - Sync 1 DAGs
[2024-10-01T00:13:30.227+0000] {logging_mixin.py:188} INFO - [2024-10-01T00:13:30.226+0000] {dag.py:3823} INFO - Setting next_dagrun for tutorial_dag to None, run_after=None
[2024-10-01T00:13:30.308+0000] {processor.py:183} INFO - Processing /home/airflow/.local/lib/python3.8/site-packages/airflow/example_dags/tutorial_dag.py took 0.236 seconds
[2024-10-01T00:14:00.628+0000] {processor.py:161} INFO - Started process (PID=2446) to work on /home/airflow/.local/lib/python3.8/site-packages/airflow/example_dags/tutorial_dag.py
[2024-10-01T00:14:00.630+0000] {processor.py:830} INFO - Processing file /home/airflow/.local/lib/python3.8/site-packages/airflow/example_dags/tutorial_dag.py for tasks to queue
[2024-10-01T00:14:00.634+0000] {logging_mixin.py:188} INFO - [2024-10-01T00:14:00.634+0000] {dagbag.py:538} INFO - Filling up the DagBag from /home/airflow/.local/lib/python3.8/site-packages/airflow/example_dags/tutorial_dag.py
[2024-10-01T00:14:00.645+0000] {processor.py:840} INFO - DAG(s) 'tutorial_dag' retrieved from /home/airflow/.local/lib/python3.8/site-packages/airflow/example_dags/tutorial_dag.py
[2024-10-01T00:14:00.683+0000] {logging_mixin.py:188} INFO - [2024-10-01T00:14:00.683+0000] {dag.py:3036} INFO - Sync 1 DAGs
[2024-10-01T00:14:00.710+0000] {logging_mixin.py:188} INFO - [2024-10-01T00:14:00.709+0000] {dag.py:3823} INFO - Setting next_dagrun for tutorial_dag to None, run_after=None
[2024-10-01T00:14:00.748+0000] {processor.py:183} INFO - Processing /home/airflow/.local/lib/python3.8/site-packages/airflow/example_dags/tutorial_dag.py took 0.128 seconds
[2024-10-01T00:14:31.526+0000] {processor.py:161} INFO - Started process (PID=2512) to work on /home/airflow/.local/lib/python3.8/site-packages/airflow/example_dags/tutorial_dag.py
[2024-10-01T00:14:31.528+0000] {processor.py:830} INFO - Processing file /home/airflow/.local/lib/python3.8/site-packages/airflow/example_dags/tutorial_dag.py for tasks to queue
[2024-10-01T00:14:31.531+0000] {logging_mixin.py:188} INFO - [2024-10-01T00:14:31.530+0000] {dagbag.py:538} INFO - Filling up the DagBag from /home/airflow/.local/lib/python3.8/site-packages/airflow/example_dags/tutorial_dag.py
[2024-10-01T00:14:31.540+0000] {processor.py:840} INFO - DAG(s) 'tutorial_dag' retrieved from /home/airflow/.local/lib/python3.8/site-packages/airflow/example_dags/tutorial_dag.py
[2024-10-01T00:14:31.571+0000] {logging_mixin.py:188} INFO - [2024-10-01T00:14:31.571+0000] {dag.py:3036} INFO - Sync 1 DAGs
[2024-10-01T00:14:31.594+0000] {logging_mixin.py:188} INFO - [2024-10-01T00:14:31.593+0000] {dag.py:3823} INFO - Setting next_dagrun for tutorial_dag to None, run_after=None
[2024-10-01T00:14:31.628+0000] {processor.py:183} INFO - Processing /home/airflow/.local/lib/python3.8/site-packages/airflow/example_dags/tutorial_dag.py took 0.107 seconds
[2024-10-01T00:15:02.293+0000] {processor.py:161} INFO - Started process (PID=2579) to work on /home/airflow/.local/lib/python3.8/site-packages/airflow/example_dags/tutorial_dag.py
[2024-10-01T00:15:02.295+0000] {processor.py:830} INFO - Processing file /home/airflow/.local/lib/python3.8/site-packages/airflow/example_dags/tutorial_dag.py for tasks to queue
[2024-10-01T00:15:02.298+0000] {logging_mixin.py:188} INFO - [2024-10-01T00:15:02.297+0000] {dagbag.py:538} INFO - Filling up the DagBag from /home/airflow/.local/lib/python3.8/site-packages/airflow/example_dags/tutorial_dag.py
[2024-10-01T00:15:02.308+0000] {processor.py:840} INFO - DAG(s) 'tutorial_dag' retrieved from /home/airflow/.local/lib/python3.8/site-packages/airflow/example_dags/tutorial_dag.py
[2024-10-01T00:15:02.339+0000] {logging_mixin.py:188} INFO - [2024-10-01T00:15:02.339+0000] {dag.py:3036} INFO - Sync 1 DAGs
[2024-10-01T00:15:02.360+0000] {logging_mixin.py:188} INFO - [2024-10-01T00:15:02.360+0000] {dag.py:3823} INFO - Setting next_dagrun for tutorial_dag to None, run_after=None
[2024-10-01T00:15:02.391+0000] {processor.py:183} INFO - Processing /home/airflow/.local/lib/python3.8/site-packages/airflow/example_dags/tutorial_dag.py took 0.106 seconds
[2024-10-01T00:15:32.758+0000] {processor.py:161} INFO - Started process (PID=2645) to work on /home/airflow/.local/lib/python3.8/site-packages/airflow/example_dags/tutorial_dag.py
[2024-10-01T00:15:32.759+0000] {processor.py:830} INFO - Processing file /home/airflow/.local/lib/python3.8/site-packages/airflow/example_dags/tutorial_dag.py for tasks to queue
[2024-10-01T00:15:32.763+0000] {logging_mixin.py:188} INFO - [2024-10-01T00:15:32.762+0000] {dagbag.py:538} INFO - Filling up the DagBag from /home/airflow/.local/lib/python3.8/site-packages/airflow/example_dags/tutorial_dag.py
[2024-10-01T00:15:32.771+0000] {processor.py:840} INFO - DAG(s) 'tutorial_dag' retrieved from /home/airflow/.local/lib/python3.8/site-packages/airflow/example_dags/tutorial_dag.py
[2024-10-01T00:15:32.803+0000] {logging_mixin.py:188} INFO - [2024-10-01T00:15:32.802+0000] {dag.py:3036} INFO - Sync 1 DAGs
[2024-10-01T00:15:32.823+0000] {logging_mixin.py:188} INFO - [2024-10-01T00:15:32.823+0000] {dag.py:3823} INFO - Setting next_dagrun for tutorial_dag to None, run_after=None
[2024-10-01T00:15:33.019+0000] {processor.py:183} INFO - Processing /home/airflow/.local/lib/python3.8/site-packages/airflow/example_dags/tutorial_dag.py took 0.266 seconds
[2024-10-01T00:16:24.541+0000] {processor.py:161} INFO - Started process (PID=2717) to work on /home/airflow/.local/lib/python3.8/site-packages/airflow/example_dags/tutorial_dag.py
[2024-10-01T00:16:24.574+0000] {processor.py:830} INFO - Processing file /home/airflow/.local/lib/python3.8/site-packages/airflow/example_dags/tutorial_dag.py for tasks to queue
[2024-10-01T00:16:24.653+0000] {logging_mixin.py:188} INFO - [2024-10-01T00:16:24.638+0000] {dagbag.py:538} INFO - Filling up the DagBag from /home/airflow/.local/lib/python3.8/site-packages/airflow/example_dags/tutorial_dag.py
[2024-10-01T00:16:24.843+0000] {processor.py:840} INFO - DAG(s) 'tutorial_dag' retrieved from /home/airflow/.local/lib/python3.8/site-packages/airflow/example_dags/tutorial_dag.py
[2024-10-01T00:16:25.683+0000] {logging_mixin.py:188} INFO - [2024-10-01T00:16:25.667+0000] {dag.py:3036} INFO - Sync 1 DAGs
[2024-10-01T00:16:26.169+0000] {logging_mixin.py:188} INFO - [2024-10-01T00:16:26.164+0000] {dag.py:3823} INFO - Setting next_dagrun for tutorial_dag to None, run_after=None
[2024-10-01T00:16:27.826+0000] {processor.py:183} INFO - Processing /home/airflow/.local/lib/python3.8/site-packages/airflow/example_dags/tutorial_dag.py took 3.459 seconds
[2024-10-01T00:16:58.399+0000] {processor.py:161} INFO - Started process (PID=2784) to work on /home/airflow/.local/lib/python3.8/site-packages/airflow/example_dags/tutorial_dag.py
[2024-10-01T00:16:58.401+0000] {processor.py:830} INFO - Processing file /home/airflow/.local/lib/python3.8/site-packages/airflow/example_dags/tutorial_dag.py for tasks to queue
[2024-10-01T00:16:58.403+0000] {logging_mixin.py:188} INFO - [2024-10-01T00:16:58.403+0000] {dagbag.py:538} INFO - Filling up the DagBag from /home/airflow/.local/lib/python3.8/site-packages/airflow/example_dags/tutorial_dag.py
[2024-10-01T00:16:58.411+0000] {processor.py:840} INFO - DAG(s) 'tutorial_dag' retrieved from /home/airflow/.local/lib/python3.8/site-packages/airflow/example_dags/tutorial_dag.py
[2024-10-01T00:16:58.445+0000] {logging_mixin.py:188} INFO - [2024-10-01T00:16:58.444+0000] {dag.py:3036} INFO - Sync 1 DAGs
[2024-10-01T00:16:58.471+0000] {logging_mixin.py:188} INFO - [2024-10-01T00:16:58.471+0000] {dag.py:3823} INFO - Setting next_dagrun for tutorial_dag to None, run_after=None
[2024-10-01T00:16:58.522+0000] {processor.py:183} INFO - Processing /home/airflow/.local/lib/python3.8/site-packages/airflow/example_dags/tutorial_dag.py took 0.128 seconds
[2024-10-01T00:17:28.861+0000] {processor.py:161} INFO - Started process (PID=2850) to work on /home/airflow/.local/lib/python3.8/site-packages/airflow/example_dags/tutorial_dag.py
[2024-10-01T00:17:28.862+0000] {processor.py:830} INFO - Processing file /home/airflow/.local/lib/python3.8/site-packages/airflow/example_dags/tutorial_dag.py for tasks to queue
[2024-10-01T00:17:28.864+0000] {logging_mixin.py:188} INFO - [2024-10-01T00:17:28.864+0000] {dagbag.py:538} INFO - Filling up the DagBag from /home/airflow/.local/lib/python3.8/site-packages/airflow/example_dags/tutorial_dag.py
[2024-10-01T00:17:28.869+0000] {processor.py:840} INFO - DAG(s) 'tutorial_dag' retrieved from /home/airflow/.local/lib/python3.8/site-packages/airflow/example_dags/tutorial_dag.py
[2024-10-01T00:17:28.890+0000] {logging_mixin.py:188} INFO - [2024-10-01T00:17:28.889+0000] {dag.py:3036} INFO - Sync 1 DAGs
[2024-10-01T00:17:28.906+0000] {logging_mixin.py:188} INFO - [2024-10-01T00:17:28.905+0000] {dag.py:3823} INFO - Setting next_dagrun for tutorial_dag to None, run_after=None
[2024-10-01T00:17:28.935+0000] {processor.py:183} INFO - Processing /home/airflow/.local/lib/python3.8/site-packages/airflow/example_dags/tutorial_dag.py took 0.077 seconds
[2024-10-01T00:17:59.074+0000] {processor.py:161} INFO - Started process (PID=2916) to work on /home/airflow/.local/lib/python3.8/site-packages/airflow/example_dags/tutorial_dag.py
[2024-10-01T00:17:59.076+0000] {processor.py:830} INFO - Processing file /home/airflow/.local/lib/python3.8/site-packages/airflow/example_dags/tutorial_dag.py for tasks to queue
[2024-10-01T00:17:59.077+0000] {logging_mixin.py:188} INFO - [2024-10-01T00:17:59.077+0000] {dagbag.py:538} INFO - Filling up the DagBag from /home/airflow/.local/lib/python3.8/site-packages/airflow/example_dags/tutorial_dag.py
[2024-10-01T00:17:59.084+0000] {processor.py:840} INFO - DAG(s) 'tutorial_dag' retrieved from /home/airflow/.local/lib/python3.8/site-packages/airflow/example_dags/tutorial_dag.py
[2024-10-01T00:17:59.110+0000] {logging_mixin.py:188} INFO - [2024-10-01T00:17:59.110+0000] {dag.py:3036} INFO - Sync 1 DAGs
[2024-10-01T00:17:59.132+0000] {logging_mixin.py:188} INFO - [2024-10-01T00:17:59.132+0000] {dag.py:3823} INFO - Setting next_dagrun for tutorial_dag to None, run_after=None
[2024-10-01T00:17:59.169+0000] {processor.py:183} INFO - Processing /home/airflow/.local/lib/python3.8/site-packages/airflow/example_dags/tutorial_dag.py took 0.098 seconds
[2024-10-01T00:18:29.440+0000] {processor.py:161} INFO - Started process (PID=2990) to work on /home/airflow/.local/lib/python3.8/site-packages/airflow/example_dags/tutorial_dag.py
[2024-10-01T00:18:29.442+0000] {processor.py:830} INFO - Processing file /home/airflow/.local/lib/python3.8/site-packages/airflow/example_dags/tutorial_dag.py for tasks to queue
[2024-10-01T00:18:29.445+0000] {logging_mixin.py:188} INFO - [2024-10-01T00:18:29.445+0000] {dagbag.py:538} INFO - Filling up the DagBag from /home/airflow/.local/lib/python3.8/site-packages/airflow/example_dags/tutorial_dag.py
[2024-10-01T00:18:29.454+0000] {processor.py:840} INFO - DAG(s) 'tutorial_dag' retrieved from /home/airflow/.local/lib/python3.8/site-packages/airflow/example_dags/tutorial_dag.py
[2024-10-01T00:18:29.487+0000] {logging_mixin.py:188} INFO - [2024-10-01T00:18:29.486+0000] {dag.py:3036} INFO - Sync 1 DAGs
[2024-10-01T00:18:29.513+0000] {logging_mixin.py:188} INFO - [2024-10-01T00:18:29.513+0000] {dag.py:3823} INFO - Setting next_dagrun for tutorial_dag to None, run_after=None
[2024-10-01T00:18:29.547+0000] {processor.py:183} INFO - Processing /home/airflow/.local/lib/python3.8/site-packages/airflow/example_dags/tutorial_dag.py took 0.113 seconds
[2024-10-01T00:18:59.684+0000] {processor.py:161} INFO - Started process (PID=3057) to work on /home/airflow/.local/lib/python3.8/site-packages/airflow/example_dags/tutorial_dag.py
[2024-10-01T00:18:59.686+0000] {processor.py:830} INFO - Processing file /home/airflow/.local/lib/python3.8/site-packages/airflow/example_dags/tutorial_dag.py for tasks to queue
[2024-10-01T00:18:59.689+0000] {logging_mixin.py:188} INFO - [2024-10-01T00:18:59.689+0000] {dagbag.py:538} INFO - Filling up the DagBag from /home/airflow/.local/lib/python3.8/site-packages/airflow/example_dags/tutorial_dag.py
[2024-10-01T00:18:59.700+0000] {processor.py:840} INFO - DAG(s) 'tutorial_dag' retrieved from /home/airflow/.local/lib/python3.8/site-packages/airflow/example_dags/tutorial_dag.py
[2024-10-01T00:18:59.737+0000] {logging_mixin.py:188} INFO - [2024-10-01T00:18:59.737+0000] {dag.py:3036} INFO - Sync 1 DAGs
[2024-10-01T00:18:59.761+0000] {logging_mixin.py:188} INFO - [2024-10-01T00:18:59.761+0000] {dag.py:3823} INFO - Setting next_dagrun for tutorial_dag to None, run_after=None
[2024-10-01T00:18:59.795+0000] {processor.py:183} INFO - Processing /home/airflow/.local/lib/python3.8/site-packages/airflow/example_dags/tutorial_dag.py took 0.118 seconds
[2024-10-01T00:19:30.003+0000] {processor.py:161} INFO - Started process (PID=3121) to work on /home/airflow/.local/lib/python3.8/site-packages/airflow/example_dags/tutorial_dag.py
[2024-10-01T00:19:30.006+0000] {processor.py:830} INFO - Processing file /home/airflow/.local/lib/python3.8/site-packages/airflow/example_dags/tutorial_dag.py for tasks to queue
[2024-10-01T00:19:30.010+0000] {logging_mixin.py:188} INFO - [2024-10-01T00:19:30.010+0000] {dagbag.py:538} INFO - Filling up the DagBag from /home/airflow/.local/lib/python3.8/site-packages/airflow/example_dags/tutorial_dag.py
[2024-10-01T00:19:30.023+0000] {processor.py:840} INFO - DAG(s) 'tutorial_dag' retrieved from /home/airflow/.local/lib/python3.8/site-packages/airflow/example_dags/tutorial_dag.py
[2024-10-01T00:19:30.073+0000] {logging_mixin.py:188} INFO - [2024-10-01T00:19:30.072+0000] {dag.py:3036} INFO - Sync 1 DAGs
[2024-10-01T00:19:30.103+0000] {logging_mixin.py:188} INFO - [2024-10-01T00:19:30.102+0000] {dag.py:3823} INFO - Setting next_dagrun for tutorial_dag to None, run_after=None
[2024-10-01T00:19:30.147+0000] {processor.py:183} INFO - Processing /home/airflow/.local/lib/python3.8/site-packages/airflow/example_dags/tutorial_dag.py took 0.152 seconds
[2024-10-01T00:20:00.172+0000] {processor.py:161} INFO - Started process (PID=3187) to work on /home/airflow/.local/lib/python3.8/site-packages/airflow/example_dags/tutorial_dag.py
[2024-10-01T00:20:00.174+0000] {processor.py:830} INFO - Processing file /home/airflow/.local/lib/python3.8/site-packages/airflow/example_dags/tutorial_dag.py for tasks to queue
[2024-10-01T00:20:00.176+0000] {logging_mixin.py:188} INFO - [2024-10-01T00:20:00.175+0000] {dagbag.py:538} INFO - Filling up the DagBag from /home/airflow/.local/lib/python3.8/site-packages/airflow/example_dags/tutorial_dag.py
[2024-10-01T00:20:00.181+0000] {processor.py:840} INFO - DAG(s) 'tutorial_dag' retrieved from /home/airflow/.local/lib/python3.8/site-packages/airflow/example_dags/tutorial_dag.py
[2024-10-01T00:20:00.207+0000] {logging_mixin.py:188} INFO - [2024-10-01T00:20:00.207+0000] {dag.py:3036} INFO - Sync 1 DAGs
[2024-10-01T00:20:00.227+0000] {logging_mixin.py:188} INFO - [2024-10-01T00:20:00.226+0000] {dag.py:3823} INFO - Setting next_dagrun for tutorial_dag to None, run_after=None
[2024-10-01T00:20:00.257+0000] {processor.py:183} INFO - Processing /home/airflow/.local/lib/python3.8/site-packages/airflow/example_dags/tutorial_dag.py took 0.088 seconds
[2024-10-01T00:20:30.288+0000] {processor.py:161} INFO - Started process (PID=3253) to work on /home/airflow/.local/lib/python3.8/site-packages/airflow/example_dags/tutorial_dag.py
[2024-10-01T00:20:30.293+0000] {processor.py:830} INFO - Processing file /home/airflow/.local/lib/python3.8/site-packages/airflow/example_dags/tutorial_dag.py for tasks to queue
[2024-10-01T00:20:30.295+0000] {logging_mixin.py:188} INFO - [2024-10-01T00:20:30.295+0000] {dagbag.py:538} INFO - Filling up the DagBag from /home/airflow/.local/lib/python3.8/site-packages/airflow/example_dags/tutorial_dag.py
[2024-10-01T00:20:30.300+0000] {processor.py:840} INFO - DAG(s) 'tutorial_dag' retrieved from /home/airflow/.local/lib/python3.8/site-packages/airflow/example_dags/tutorial_dag.py
[2024-10-01T00:20:30.321+0000] {logging_mixin.py:188} INFO - [2024-10-01T00:20:30.321+0000] {dag.py:3036} INFO - Sync 1 DAGs
[2024-10-01T00:20:30.334+0000] {logging_mixin.py:188} INFO - [2024-10-01T00:20:30.334+0000] {dag.py:3823} INFO - Setting next_dagrun for tutorial_dag to None, run_after=None
[2024-10-01T00:20:30.357+0000] {processor.py:183} INFO - Processing /home/airflow/.local/lib/python3.8/site-packages/airflow/example_dags/tutorial_dag.py took 0.072 seconds
[2024-10-01T00:21:00.800+0000] {processor.py:161} INFO - Started process (PID=3319) to work on /home/airflow/.local/lib/python3.8/site-packages/airflow/example_dags/tutorial_dag.py
[2024-10-01T00:21:00.802+0000] {processor.py:830} INFO - Processing file /home/airflow/.local/lib/python3.8/site-packages/airflow/example_dags/tutorial_dag.py for tasks to queue
[2024-10-01T00:21:00.804+0000] {logging_mixin.py:188} INFO - [2024-10-01T00:21:00.804+0000] {dagbag.py:538} INFO - Filling up the DagBag from /home/airflow/.local/lib/python3.8/site-packages/airflow/example_dags/tutorial_dag.py
[2024-10-01T00:21:00.809+0000] {processor.py:840} INFO - DAG(s) 'tutorial_dag' retrieved from /home/airflow/.local/lib/python3.8/site-packages/airflow/example_dags/tutorial_dag.py
[2024-10-01T00:21:00.830+0000] {logging_mixin.py:188} INFO - [2024-10-01T00:21:00.830+0000] {dag.py:3036} INFO - Sync 1 DAGs
[2024-10-01T00:21:00.844+0000] {logging_mixin.py:188} INFO - [2024-10-01T00:21:00.844+0000] {dag.py:3823} INFO - Setting next_dagrun for tutorial_dag to None, run_after=None
[2024-10-01T00:21:00.869+0000] {processor.py:183} INFO - Processing /home/airflow/.local/lib/python3.8/site-packages/airflow/example_dags/tutorial_dag.py took 0.072 seconds
[2024-10-01T00:21:31.169+0000] {processor.py:161} INFO - Started process (PID=3385) to work on /home/airflow/.local/lib/python3.8/site-packages/airflow/example_dags/tutorial_dag.py
[2024-10-01T00:21:31.174+0000] {processor.py:830} INFO - Processing file /home/airflow/.local/lib/python3.8/site-packages/airflow/example_dags/tutorial_dag.py for tasks to queue
[2024-10-01T00:21:31.176+0000] {logging_mixin.py:188} INFO - [2024-10-01T00:21:31.175+0000] {dagbag.py:538} INFO - Filling up the DagBag from /home/airflow/.local/lib/python3.8/site-packages/airflow/example_dags/tutorial_dag.py
[2024-10-01T00:21:31.182+0000] {processor.py:840} INFO - DAG(s) 'tutorial_dag' retrieved from /home/airflow/.local/lib/python3.8/site-packages/airflow/example_dags/tutorial_dag.py
[2024-10-01T00:21:31.207+0000] {logging_mixin.py:188} INFO - [2024-10-01T00:21:31.207+0000] {dag.py:3036} INFO - Sync 1 DAGs
[2024-10-01T00:21:31.223+0000] {logging_mixin.py:188} INFO - [2024-10-01T00:21:31.223+0000] {dag.py:3823} INFO - Setting next_dagrun for tutorial_dag to None, run_after=None
[2024-10-01T00:21:31.253+0000] {processor.py:183} INFO - Processing /home/airflow/.local/lib/python3.8/site-packages/airflow/example_dags/tutorial_dag.py took 0.089 seconds
[2024-10-01T00:22:01.763+0000] {processor.py:161} INFO - Started process (PID=3451) to work on /home/airflow/.local/lib/python3.8/site-packages/airflow/example_dags/tutorial_dag.py
[2024-10-01T00:22:01.778+0000] {processor.py:830} INFO - Processing file /home/airflow/.local/lib/python3.8/site-packages/airflow/example_dags/tutorial_dag.py for tasks to queue
[2024-10-01T00:22:01.782+0000] {logging_mixin.py:188} INFO - [2024-10-01T00:22:01.781+0000] {dagbag.py:538} INFO - Filling up the DagBag from /home/airflow/.local/lib/python3.8/site-packages/airflow/example_dags/tutorial_dag.py
[2024-10-01T00:22:01.791+0000] {processor.py:840} INFO - DAG(s) 'tutorial_dag' retrieved from /home/airflow/.local/lib/python3.8/site-packages/airflow/example_dags/tutorial_dag.py
[2024-10-01T00:22:01.825+0000] {logging_mixin.py:188} INFO - [2024-10-01T00:22:01.825+0000] {dag.py:3036} INFO - Sync 1 DAGs
[2024-10-01T00:22:01.849+0000] {logging_mixin.py:188} INFO - [2024-10-01T00:22:01.848+0000] {dag.py:3823} INFO - Setting next_dagrun for tutorial_dag to None, run_after=None
[2024-10-01T00:22:01.888+0000] {processor.py:183} INFO - Processing /home/airflow/.local/lib/python3.8/site-packages/airflow/example_dags/tutorial_dag.py took 0.133 seconds
[2024-10-01T00:22:32.327+0000] {processor.py:161} INFO - Started process (PID=3526) to work on /home/airflow/.local/lib/python3.8/site-packages/airflow/example_dags/tutorial_dag.py
[2024-10-01T00:22:32.329+0000] {processor.py:830} INFO - Processing file /home/airflow/.local/lib/python3.8/site-packages/airflow/example_dags/tutorial_dag.py for tasks to queue
[2024-10-01T00:22:32.332+0000] {logging_mixin.py:188} INFO - [2024-10-01T00:22:32.332+0000] {dagbag.py:538} INFO - Filling up the DagBag from /home/airflow/.local/lib/python3.8/site-packages/airflow/example_dags/tutorial_dag.py
[2024-10-01T00:22:32.342+0000] {processor.py:840} INFO - DAG(s) 'tutorial_dag' retrieved from /home/airflow/.local/lib/python3.8/site-packages/airflow/example_dags/tutorial_dag.py
[2024-10-01T00:22:32.394+0000] {logging_mixin.py:188} INFO - [2024-10-01T00:22:32.394+0000] {dag.py:3036} INFO - Sync 1 DAGs
[2024-10-01T00:22:32.432+0000] {logging_mixin.py:188} INFO - [2024-10-01T00:22:32.431+0000] {dag.py:3823} INFO - Setting next_dagrun for tutorial_dag to None, run_after=None
[2024-10-01T00:22:32.476+0000] {processor.py:183} INFO - Processing /home/airflow/.local/lib/python3.8/site-packages/airflow/example_dags/tutorial_dag.py took 0.156 seconds
[2024-10-01T00:23:02.605+0000] {processor.py:161} INFO - Started process (PID=3593) to work on /home/airflow/.local/lib/python3.8/site-packages/airflow/example_dags/tutorial_dag.py
[2024-10-01T00:23:02.610+0000] {processor.py:830} INFO - Processing file /home/airflow/.local/lib/python3.8/site-packages/airflow/example_dags/tutorial_dag.py for tasks to queue
[2024-10-01T00:23:02.614+0000] {logging_mixin.py:188} INFO - [2024-10-01T00:23:02.613+0000] {dagbag.py:538} INFO - Filling up the DagBag from /home/airflow/.local/lib/python3.8/site-packages/airflow/example_dags/tutorial_dag.py
[2024-10-01T00:23:02.627+0000] {processor.py:840} INFO - DAG(s) 'tutorial_dag' retrieved from /home/airflow/.local/lib/python3.8/site-packages/airflow/example_dags/tutorial_dag.py
[2024-10-01T00:23:02.677+0000] {logging_mixin.py:188} INFO - [2024-10-01T00:23:02.677+0000] {dag.py:3036} INFO - Sync 1 DAGs
[2024-10-01T00:23:02.702+0000] {logging_mixin.py:188} INFO - [2024-10-01T00:23:02.702+0000] {dag.py:3823} INFO - Setting next_dagrun for tutorial_dag to None, run_after=None
[2024-10-01T00:23:02.817+0000] {processor.py:183} INFO - Processing /home/airflow/.local/lib/python3.8/site-packages/airflow/example_dags/tutorial_dag.py took 0.221 seconds
[2024-10-01T00:23:32.847+0000] {processor.py:161} INFO - Started process (PID=3659) to work on /home/airflow/.local/lib/python3.8/site-packages/airflow/example_dags/tutorial_dag.py
[2024-10-01T00:23:32.852+0000] {processor.py:830} INFO - Processing file /home/airflow/.local/lib/python3.8/site-packages/airflow/example_dags/tutorial_dag.py for tasks to queue
[2024-10-01T00:23:32.854+0000] {logging_mixin.py:188} INFO - [2024-10-01T00:23:32.854+0000] {dagbag.py:538} INFO - Filling up the DagBag from /home/airflow/.local/lib/python3.8/site-packages/airflow/example_dags/tutorial_dag.py
[2024-10-01T00:23:32.862+0000] {processor.py:840} INFO - DAG(s) 'tutorial_dag' retrieved from /home/airflow/.local/lib/python3.8/site-packages/airflow/example_dags/tutorial_dag.py
[2024-10-01T00:23:32.890+0000] {logging_mixin.py:188} INFO - [2024-10-01T00:23:32.889+0000] {dag.py:3036} INFO - Sync 1 DAGs
[2024-10-01T00:23:32.909+0000] {logging_mixin.py:188} INFO - [2024-10-01T00:23:32.909+0000] {dag.py:3823} INFO - Setting next_dagrun for tutorial_dag to None, run_after=None
[2024-10-01T00:23:32.940+0000] {processor.py:183} INFO - Processing /home/airflow/.local/lib/python3.8/site-packages/airflow/example_dags/tutorial_dag.py took 0.097 seconds
[2024-10-01T00:24:03.465+0000] {processor.py:161} INFO - Started process (PID=3725) to work on /home/airflow/.local/lib/python3.8/site-packages/airflow/example_dags/tutorial_dag.py
[2024-10-01T00:24:03.468+0000] {processor.py:830} INFO - Processing file /home/airflow/.local/lib/python3.8/site-packages/airflow/example_dags/tutorial_dag.py for tasks to queue
[2024-10-01T00:24:03.472+0000] {logging_mixin.py:188} INFO - [2024-10-01T00:24:03.471+0000] {dagbag.py:538} INFO - Filling up the DagBag from /home/airflow/.local/lib/python3.8/site-packages/airflow/example_dags/tutorial_dag.py
[2024-10-01T00:24:03.485+0000] {processor.py:840} INFO - DAG(s) 'tutorial_dag' retrieved from /home/airflow/.local/lib/python3.8/site-packages/airflow/example_dags/tutorial_dag.py
[2024-10-01T00:24:03.532+0000] {logging_mixin.py:188} INFO - [2024-10-01T00:24:03.531+0000] {dag.py:3036} INFO - Sync 1 DAGs
[2024-10-01T00:24:03.564+0000] {logging_mixin.py:188} INFO - [2024-10-01T00:24:03.563+0000] {dag.py:3823} INFO - Setting next_dagrun for tutorial_dag to None, run_after=None
[2024-10-01T00:24:03.617+0000] {processor.py:183} INFO - Processing /home/airflow/.local/lib/python3.8/site-packages/airflow/example_dags/tutorial_dag.py took 0.160 seconds
[2024-10-01T00:24:33.867+0000] {processor.py:161} INFO - Started process (PID=3790) to work on /home/airflow/.local/lib/python3.8/site-packages/airflow/example_dags/tutorial_dag.py
[2024-10-01T00:24:33.870+0000] {processor.py:830} INFO - Processing file /home/airflow/.local/lib/python3.8/site-packages/airflow/example_dags/tutorial_dag.py for tasks to queue
[2024-10-01T00:24:33.873+0000] {logging_mixin.py:188} INFO - [2024-10-01T00:24:33.873+0000] {dagbag.py:538} INFO - Filling up the DagBag from /home/airflow/.local/lib/python3.8/site-packages/airflow/example_dags/tutorial_dag.py
[2024-10-01T00:24:33.883+0000] {processor.py:840} INFO - DAG(s) 'tutorial_dag' retrieved from /home/airflow/.local/lib/python3.8/site-packages/airflow/example_dags/tutorial_dag.py
[2024-10-01T00:24:33.923+0000] {logging_mixin.py:188} INFO - [2024-10-01T00:24:33.923+0000] {dag.py:3036} INFO - Sync 1 DAGs
[2024-10-01T00:24:33.956+0000] {logging_mixin.py:188} INFO - [2024-10-01T00:24:33.956+0000] {dag.py:3823} INFO - Setting next_dagrun for tutorial_dag to None, run_after=None
[2024-10-01T00:24:33.995+0000] {processor.py:183} INFO - Processing /home/airflow/.local/lib/python3.8/site-packages/airflow/example_dags/tutorial_dag.py took 0.134 seconds
[2024-10-01T00:25:04.168+0000] {processor.py:161} INFO - Started process (PID=3849) to work on /home/airflow/.local/lib/python3.8/site-packages/airflow/example_dags/tutorial_dag.py
[2024-10-01T00:25:04.171+0000] {processor.py:830} INFO - Processing file /home/airflow/.local/lib/python3.8/site-packages/airflow/example_dags/tutorial_dag.py for tasks to queue
[2024-10-01T00:25:04.176+0000] {logging_mixin.py:188} INFO - [2024-10-01T00:25:04.175+0000] {dagbag.py:538} INFO - Filling up the DagBag from /home/airflow/.local/lib/python3.8/site-packages/airflow/example_dags/tutorial_dag.py
[2024-10-01T00:25:04.191+0000] {processor.py:840} INFO - DAG(s) 'tutorial_dag' retrieved from /home/airflow/.local/lib/python3.8/site-packages/airflow/example_dags/tutorial_dag.py
[2024-10-01T00:25:04.243+0000] {logging_mixin.py:188} INFO - [2024-10-01T00:25:04.242+0000] {dag.py:3036} INFO - Sync 1 DAGs
[2024-10-01T00:25:04.273+0000] {logging_mixin.py:188} INFO - [2024-10-01T00:25:04.273+0000] {dag.py:3823} INFO - Setting next_dagrun for tutorial_dag to None, run_after=None
[2024-10-01T00:25:04.320+0000] {processor.py:183} INFO - Processing /home/airflow/.local/lib/python3.8/site-packages/airflow/example_dags/tutorial_dag.py took 0.161 seconds
[2024-10-01T00:25:34.559+0000] {processor.py:161} INFO - Started process (PID=3915) to work on /home/airflow/.local/lib/python3.8/site-packages/airflow/example_dags/tutorial_dag.py
[2024-10-01T00:25:34.562+0000] {processor.py:830} INFO - Processing file /home/airflow/.local/lib/python3.8/site-packages/airflow/example_dags/tutorial_dag.py for tasks to queue
[2024-10-01T00:25:34.567+0000] {logging_mixin.py:188} INFO - [2024-10-01T00:25:34.566+0000] {dagbag.py:538} INFO - Filling up the DagBag from /home/airflow/.local/lib/python3.8/site-packages/airflow/example_dags/tutorial_dag.py
[2024-10-01T00:25:34.581+0000] {processor.py:840} INFO - DAG(s) 'tutorial_dag' retrieved from /home/airflow/.local/lib/python3.8/site-packages/airflow/example_dags/tutorial_dag.py
[2024-10-01T00:25:34.636+0000] {logging_mixin.py:188} INFO - [2024-10-01T00:25:34.636+0000] {dag.py:3036} INFO - Sync 1 DAGs
[2024-10-01T00:25:34.672+0000] {logging_mixin.py:188} INFO - [2024-10-01T00:25:34.672+0000] {dag.py:3823} INFO - Setting next_dagrun for tutorial_dag to None, run_after=None
[2024-10-01T00:25:34.723+0000] {processor.py:183} INFO - Processing /home/airflow/.local/lib/python3.8/site-packages/airflow/example_dags/tutorial_dag.py took 0.173 seconds
[2024-10-01T00:26:05.094+0000] {processor.py:161} INFO - Started process (PID=3981) to work on /home/airflow/.local/lib/python3.8/site-packages/airflow/example_dags/tutorial_dag.py
[2024-10-01T00:26:05.097+0000] {processor.py:830} INFO - Processing file /home/airflow/.local/lib/python3.8/site-packages/airflow/example_dags/tutorial_dag.py for tasks to queue
[2024-10-01T00:26:05.099+0000] {logging_mixin.py:188} INFO - [2024-10-01T00:26:05.099+0000] {dagbag.py:538} INFO - Filling up the DagBag from /home/airflow/.local/lib/python3.8/site-packages/airflow/example_dags/tutorial_dag.py
[2024-10-01T00:26:05.109+0000] {processor.py:840} INFO - DAG(s) 'tutorial_dag' retrieved from /home/airflow/.local/lib/python3.8/site-packages/airflow/example_dags/tutorial_dag.py
[2024-10-01T00:26:05.144+0000] {logging_mixin.py:188} INFO - [2024-10-01T00:26:05.143+0000] {dag.py:3036} INFO - Sync 1 DAGs
[2024-10-01T00:26:05.166+0000] {logging_mixin.py:188} INFO - [2024-10-01T00:26:05.165+0000] {dag.py:3823} INFO - Setting next_dagrun for tutorial_dag to None, run_after=None
[2024-10-01T00:26:05.200+0000] {processor.py:183} INFO - Processing /home/airflow/.local/lib/python3.8/site-packages/airflow/example_dags/tutorial_dag.py took 0.112 seconds
[2024-10-01T00:26:35.632+0000] {processor.py:161} INFO - Started process (PID=4047) to work on /home/airflow/.local/lib/python3.8/site-packages/airflow/example_dags/tutorial_dag.py
[2024-10-01T00:26:35.638+0000] {processor.py:830} INFO - Processing file /home/airflow/.local/lib/python3.8/site-packages/airflow/example_dags/tutorial_dag.py for tasks to queue
[2024-10-01T00:26:35.648+0000] {logging_mixin.py:188} INFO - [2024-10-01T00:26:35.647+0000] {dagbag.py:538} INFO - Filling up the DagBag from /home/airflow/.local/lib/python3.8/site-packages/airflow/example_dags/tutorial_dag.py
[2024-10-01T00:26:35.680+0000] {processor.py:840} INFO - DAG(s) 'tutorial_dag' retrieved from /home/airflow/.local/lib/python3.8/site-packages/airflow/example_dags/tutorial_dag.py
[2024-10-01T00:26:35.809+0000] {logging_mixin.py:188} INFO - [2024-10-01T00:26:35.807+0000] {dag.py:3036} INFO - Sync 1 DAGs
[2024-10-01T00:26:35.895+0000] {logging_mixin.py:188} INFO - [2024-10-01T00:26:35.893+0000] {dag.py:3823} INFO - Setting next_dagrun for tutorial_dag to None, run_after=None
[2024-10-01T00:26:36.006+0000] {processor.py:183} INFO - Processing /home/airflow/.local/lib/python3.8/site-packages/airflow/example_dags/tutorial_dag.py took 0.401 seconds
[2024-10-01T00:27:06.504+0000] {processor.py:161} INFO - Started process (PID=4113) to work on /home/airflow/.local/lib/python3.8/site-packages/airflow/example_dags/tutorial_dag.py
[2024-10-01T00:27:06.507+0000] {processor.py:830} INFO - Processing file /home/airflow/.local/lib/python3.8/site-packages/airflow/example_dags/tutorial_dag.py for tasks to queue
[2024-10-01T00:27:06.511+0000] {logging_mixin.py:188} INFO - [2024-10-01T00:27:06.510+0000] {dagbag.py:538} INFO - Filling up the DagBag from /home/airflow/.local/lib/python3.8/site-packages/airflow/example_dags/tutorial_dag.py
[2024-10-01T00:27:06.528+0000] {processor.py:840} INFO - DAG(s) 'tutorial_dag' retrieved from /home/airflow/.local/lib/python3.8/site-packages/airflow/example_dags/tutorial_dag.py
[2024-10-01T00:27:06.584+0000] {logging_mixin.py:188} INFO - [2024-10-01T00:27:06.584+0000] {dag.py:3036} INFO - Sync 1 DAGs
[2024-10-01T00:27:06.618+0000] {logging_mixin.py:188} INFO - [2024-10-01T00:27:06.618+0000] {dag.py:3823} INFO - Setting next_dagrun for tutorial_dag to None, run_after=None
[2024-10-01T00:27:06.664+0000] {processor.py:183} INFO - Processing /home/airflow/.local/lib/python3.8/site-packages/airflow/example_dags/tutorial_dag.py took 0.169 seconds
[2024-10-01T00:27:36.809+0000] {processor.py:161} INFO - Started process (PID=4179) to work on /home/airflow/.local/lib/python3.8/site-packages/airflow/example_dags/tutorial_dag.py
[2024-10-01T00:27:36.812+0000] {processor.py:830} INFO - Processing file /home/airflow/.local/lib/python3.8/site-packages/airflow/example_dags/tutorial_dag.py for tasks to queue
[2024-10-01T00:27:36.817+0000] {logging_mixin.py:188} INFO - [2024-10-01T00:27:36.816+0000] {dagbag.py:538} INFO - Filling up the DagBag from /home/airflow/.local/lib/python3.8/site-packages/airflow/example_dags/tutorial_dag.py
[2024-10-01T00:27:36.831+0000] {processor.py:840} INFO - DAG(s) 'tutorial_dag' retrieved from /home/airflow/.local/lib/python3.8/site-packages/airflow/example_dags/tutorial_dag.py
[2024-10-01T00:27:36.888+0000] {logging_mixin.py:188} INFO - [2024-10-01T00:27:36.887+0000] {dag.py:3036} INFO - Sync 1 DAGs
[2024-10-01T00:27:36.928+0000] {logging_mixin.py:188} INFO - [2024-10-01T00:27:36.927+0000] {dag.py:3823} INFO - Setting next_dagrun for tutorial_dag to None, run_after=None
[2024-10-01T00:27:36.990+0000] {processor.py:183} INFO - Processing /home/airflow/.local/lib/python3.8/site-packages/airflow/example_dags/tutorial_dag.py took 0.192 seconds
[2024-10-01T00:28:07.156+0000] {processor.py:161} INFO - Started process (PID=4245) to work on /home/airflow/.local/lib/python3.8/site-packages/airflow/example_dags/tutorial_dag.py
[2024-10-01T00:28:07.159+0000] {processor.py:830} INFO - Processing file /home/airflow/.local/lib/python3.8/site-packages/airflow/example_dags/tutorial_dag.py for tasks to queue
[2024-10-01T00:28:07.163+0000] {logging_mixin.py:188} INFO - [2024-10-01T00:28:07.162+0000] {dagbag.py:538} INFO - Filling up the DagBag from /home/airflow/.local/lib/python3.8/site-packages/airflow/example_dags/tutorial_dag.py
[2024-10-01T00:28:07.175+0000] {processor.py:840} INFO - DAG(s) 'tutorial_dag' retrieved from /home/airflow/.local/lib/python3.8/site-packages/airflow/example_dags/tutorial_dag.py
[2024-10-01T00:28:07.221+0000] {logging_mixin.py:188} INFO - [2024-10-01T00:28:07.220+0000] {dag.py:3036} INFO - Sync 1 DAGs
[2024-10-01T00:28:07.249+0000] {logging_mixin.py:188} INFO - [2024-10-01T00:28:07.249+0000] {dag.py:3823} INFO - Setting next_dagrun for tutorial_dag to None, run_after=None
[2024-10-01T00:28:07.293+0000] {processor.py:183} INFO - Processing /home/airflow/.local/lib/python3.8/site-packages/airflow/example_dags/tutorial_dag.py took 0.145 seconds
[2024-10-01T00:28:37.388+0000] {processor.py:161} INFO - Started process (PID=4311) to work on /home/airflow/.local/lib/python3.8/site-packages/airflow/example_dags/tutorial_dag.py
[2024-10-01T00:28:37.390+0000] {processor.py:830} INFO - Processing file /home/airflow/.local/lib/python3.8/site-packages/airflow/example_dags/tutorial_dag.py for tasks to queue
[2024-10-01T00:28:37.393+0000] {logging_mixin.py:188} INFO - [2024-10-01T00:28:37.393+0000] {dagbag.py:538} INFO - Filling up the DagBag from /home/airflow/.local/lib/python3.8/site-packages/airflow/example_dags/tutorial_dag.py
[2024-10-01T00:28:37.403+0000] {processor.py:840} INFO - DAG(s) 'tutorial_dag' retrieved from /home/airflow/.local/lib/python3.8/site-packages/airflow/example_dags/tutorial_dag.py
[2024-10-01T00:28:37.443+0000] {logging_mixin.py:188} INFO - [2024-10-01T00:28:37.443+0000] {dag.py:3036} INFO - Sync 1 DAGs
[2024-10-01T00:28:37.466+0000] {logging_mixin.py:188} INFO - [2024-10-01T00:28:37.466+0000] {dag.py:3823} INFO - Setting next_dagrun for tutorial_dag to None, run_after=None
[2024-10-01T00:28:37.501+0000] {processor.py:183} INFO - Processing /home/airflow/.local/lib/python3.8/site-packages/airflow/example_dags/tutorial_dag.py took 0.118 seconds
[2024-10-01T00:29:08.325+0000] {processor.py:161} INFO - Started process (PID=4377) to work on /home/airflow/.local/lib/python3.8/site-packages/airflow/example_dags/tutorial_dag.py
[2024-10-01T00:29:08.331+0000] {processor.py:830} INFO - Processing file /home/airflow/.local/lib/python3.8/site-packages/airflow/example_dags/tutorial_dag.py for tasks to queue
[2024-10-01T00:29:08.335+0000] {logging_mixin.py:188} INFO - [2024-10-01T00:29:08.334+0000] {dagbag.py:538} INFO - Filling up the DagBag from /home/airflow/.local/lib/python3.8/site-packages/airflow/example_dags/tutorial_dag.py
[2024-10-01T00:29:08.346+0000] {processor.py:840} INFO - DAG(s) 'tutorial_dag' retrieved from /home/airflow/.local/lib/python3.8/site-packages/airflow/example_dags/tutorial_dag.py
[2024-10-01T00:29:08.396+0000] {logging_mixin.py:188} INFO - [2024-10-01T00:29:08.395+0000] {dag.py:3036} INFO - Sync 1 DAGs
[2024-10-01T00:29:08.424+0000] {logging_mixin.py:188} INFO - [2024-10-01T00:29:08.424+0000] {dag.py:3823} INFO - Setting next_dagrun for tutorial_dag to None, run_after=None
[2024-10-01T00:29:08.479+0000] {processor.py:183} INFO - Processing /home/airflow/.local/lib/python3.8/site-packages/airflow/example_dags/tutorial_dag.py took 0.165 seconds
[2024-10-01T00:29:38.535+0000] {processor.py:161} INFO - Started process (PID=4435) to work on /home/airflow/.local/lib/python3.8/site-packages/airflow/example_dags/tutorial_dag.py
[2024-10-01T00:29:38.537+0000] {processor.py:830} INFO - Processing file /home/airflow/.local/lib/python3.8/site-packages/airflow/example_dags/tutorial_dag.py for tasks to queue
[2024-10-01T00:29:38.542+0000] {logging_mixin.py:188} INFO - [2024-10-01T00:29:38.541+0000] {dagbag.py:538} INFO - Filling up the DagBag from /home/airflow/.local/lib/python3.8/site-packages/airflow/example_dags/tutorial_dag.py
[2024-10-01T00:29:38.557+0000] {processor.py:840} INFO - DAG(s) 'tutorial_dag' retrieved from /home/airflow/.local/lib/python3.8/site-packages/airflow/example_dags/tutorial_dag.py
[2024-10-01T00:29:38.604+0000] {logging_mixin.py:188} INFO - [2024-10-01T00:29:38.603+0000] {dag.py:3036} INFO - Sync 1 DAGs
[2024-10-01T00:29:38.633+0000] {logging_mixin.py:188} INFO - [2024-10-01T00:29:38.633+0000] {dag.py:3823} INFO - Setting next_dagrun for tutorial_dag to None, run_after=None
[2024-10-01T00:29:38.677+0000] {processor.py:183} INFO - Processing /home/airflow/.local/lib/python3.8/site-packages/airflow/example_dags/tutorial_dag.py took 0.150 seconds
[2024-10-01T00:30:08.850+0000] {processor.py:161} INFO - Started process (PID=4501) to work on /home/airflow/.local/lib/python3.8/site-packages/airflow/example_dags/tutorial_dag.py
[2024-10-01T00:30:08.853+0000] {processor.py:830} INFO - Processing file /home/airflow/.local/lib/python3.8/site-packages/airflow/example_dags/tutorial_dag.py for tasks to queue
[2024-10-01T00:30:08.857+0000] {logging_mixin.py:188} INFO - [2024-10-01T00:30:08.856+0000] {dagbag.py:538} INFO - Filling up the DagBag from /home/airflow/.local/lib/python3.8/site-packages/airflow/example_dags/tutorial_dag.py
[2024-10-01T00:30:08.870+0000] {processor.py:840} INFO - DAG(s) 'tutorial_dag' retrieved from /home/airflow/.local/lib/python3.8/site-packages/airflow/example_dags/tutorial_dag.py
[2024-10-01T00:30:08.925+0000] {logging_mixin.py:188} INFO - [2024-10-01T00:30:08.924+0000] {dag.py:3036} INFO - Sync 1 DAGs
[2024-10-01T00:30:08.958+0000] {logging_mixin.py:188} INFO - [2024-10-01T00:30:08.957+0000] {dag.py:3823} INFO - Setting next_dagrun for tutorial_dag to None, run_after=None
[2024-10-01T00:30:09.007+0000] {processor.py:183} INFO - Processing /home/airflow/.local/lib/python3.8/site-packages/airflow/example_dags/tutorial_dag.py took 0.165 seconds
[2024-10-01T00:30:39.547+0000] {processor.py:161} INFO - Started process (PID=4567) to work on /home/airflow/.local/lib/python3.8/site-packages/airflow/example_dags/tutorial_dag.py
[2024-10-01T00:30:39.552+0000] {processor.py:830} INFO - Processing file /home/airflow/.local/lib/python3.8/site-packages/airflow/example_dags/tutorial_dag.py for tasks to queue
[2024-10-01T00:30:39.562+0000] {logging_mixin.py:188} INFO - [2024-10-01T00:30:39.560+0000] {dagbag.py:538} INFO - Filling up the DagBag from /home/airflow/.local/lib/python3.8/site-packages/airflow/example_dags/tutorial_dag.py
[2024-10-01T00:30:39.591+0000] {processor.py:840} INFO - DAG(s) 'tutorial_dag' retrieved from /home/airflow/.local/lib/python3.8/site-packages/airflow/example_dags/tutorial_dag.py
[2024-10-01T00:30:39.701+0000] {logging_mixin.py:188} INFO - [2024-10-01T00:30:39.700+0000] {dag.py:3036} INFO - Sync 1 DAGs
[2024-10-01T00:30:39.773+0000] {logging_mixin.py:188} INFO - [2024-10-01T00:30:39.772+0000] {dag.py:3823} INFO - Setting next_dagrun for tutorial_dag to None, run_after=None
[2024-10-01T00:30:39.874+0000] {processor.py:183} INFO - Processing /home/airflow/.local/lib/python3.8/site-packages/airflow/example_dags/tutorial_dag.py took 0.345 seconds
[2024-10-01T00:31:10.601+0000] {processor.py:161} INFO - Started process (PID=4633) to work on /home/airflow/.local/lib/python3.8/site-packages/airflow/example_dags/tutorial_dag.py
[2024-10-01T00:31:10.604+0000] {processor.py:830} INFO - Processing file /home/airflow/.local/lib/python3.8/site-packages/airflow/example_dags/tutorial_dag.py for tasks to queue
[2024-10-01T00:31:10.609+0000] {logging_mixin.py:188} INFO - [2024-10-01T00:31:10.608+0000] {dagbag.py:538} INFO - Filling up the DagBag from /home/airflow/.local/lib/python3.8/site-packages/airflow/example_dags/tutorial_dag.py
[2024-10-01T00:31:10.625+0000] {processor.py:840} INFO - DAG(s) 'tutorial_dag' retrieved from /home/airflow/.local/lib/python3.8/site-packages/airflow/example_dags/tutorial_dag.py
[2024-10-01T00:31:10.688+0000] {logging_mixin.py:188} INFO - [2024-10-01T00:31:10.688+0000] {dag.py:3036} INFO - Sync 1 DAGs
[2024-10-01T00:31:10.729+0000] {logging_mixin.py:188} INFO - [2024-10-01T00:31:10.729+0000] {dag.py:3823} INFO - Setting next_dagrun for tutorial_dag to None, run_after=None
[2024-10-01T00:31:10.815+0000] {processor.py:183} INFO - Processing /home/airflow/.local/lib/python3.8/site-packages/airflow/example_dags/tutorial_dag.py took 0.225 seconds
[2024-10-01T00:31:41.579+0000] {processor.py:161} INFO - Started process (PID=4699) to work on /home/airflow/.local/lib/python3.8/site-packages/airflow/example_dags/tutorial_dag.py
[2024-10-01T00:31:41.584+0000] {processor.py:830} INFO - Processing file /home/airflow/.local/lib/python3.8/site-packages/airflow/example_dags/tutorial_dag.py for tasks to queue
[2024-10-01T00:31:41.592+0000] {logging_mixin.py:188} INFO - [2024-10-01T00:31:41.590+0000] {dagbag.py:538} INFO - Filling up the DagBag from /home/airflow/.local/lib/python3.8/site-packages/airflow/example_dags/tutorial_dag.py
[2024-10-01T00:31:41.613+0000] {processor.py:840} INFO - DAG(s) 'tutorial_dag' retrieved from /home/airflow/.local/lib/python3.8/site-packages/airflow/example_dags/tutorial_dag.py
[2024-10-01T00:31:41.683+0000] {logging_mixin.py:188} INFO - [2024-10-01T00:31:41.683+0000] {dag.py:3036} INFO - Sync 1 DAGs
[2024-10-01T00:31:41.728+0000] {logging_mixin.py:188} INFO - [2024-10-01T00:31:41.728+0000] {dag.py:3823} INFO - Setting next_dagrun for tutorial_dag to None, run_after=None
[2024-10-01T00:31:41.789+0000] {processor.py:183} INFO - Processing /home/airflow/.local/lib/python3.8/site-packages/airflow/example_dags/tutorial_dag.py took 0.225 seconds
[2024-10-01T00:32:12.126+0000] {processor.py:161} INFO - Started process (PID=4757) to work on /home/airflow/.local/lib/python3.8/site-packages/airflow/example_dags/tutorial_dag.py
[2024-10-01T00:32:12.130+0000] {processor.py:830} INFO - Processing file /home/airflow/.local/lib/python3.8/site-packages/airflow/example_dags/tutorial_dag.py for tasks to queue
[2024-10-01T00:32:12.134+0000] {logging_mixin.py:188} INFO - [2024-10-01T00:32:12.133+0000] {dagbag.py:538} INFO - Filling up the DagBag from /home/airflow/.local/lib/python3.8/site-packages/airflow/example_dags/tutorial_dag.py
[2024-10-01T00:32:12.148+0000] {processor.py:840} INFO - DAG(s) 'tutorial_dag' retrieved from /home/airflow/.local/lib/python3.8/site-packages/airflow/example_dags/tutorial_dag.py
[2024-10-01T00:32:12.200+0000] {logging_mixin.py:188} INFO - [2024-10-01T00:32:12.199+0000] {dag.py:3036} INFO - Sync 1 DAGs
[2024-10-01T00:32:12.233+0000] {logging_mixin.py:188} INFO - [2024-10-01T00:32:12.232+0000] {dag.py:3823} INFO - Setting next_dagrun for tutorial_dag to None, run_after=None
[2024-10-01T00:32:12.278+0000] {processor.py:183} INFO - Processing /home/airflow/.local/lib/python3.8/site-packages/airflow/example_dags/tutorial_dag.py took 0.161 seconds
[2024-10-01T00:32:43.095+0000] {processor.py:161} INFO - Started process (PID=4823) to work on /home/airflow/.local/lib/python3.8/site-packages/airflow/example_dags/tutorial_dag.py
[2024-10-01T00:32:43.103+0000] {processor.py:830} INFO - Processing file /home/airflow/.local/lib/python3.8/site-packages/airflow/example_dags/tutorial_dag.py for tasks to queue
[2024-10-01T00:32:43.112+0000] {logging_mixin.py:188} INFO - [2024-10-01T00:32:43.111+0000] {dagbag.py:538} INFO - Filling up the DagBag from /home/airflow/.local/lib/python3.8/site-packages/airflow/example_dags/tutorial_dag.py
[2024-10-01T00:32:43.136+0000] {processor.py:840} INFO - DAG(s) 'tutorial_dag' retrieved from /home/airflow/.local/lib/python3.8/site-packages/airflow/example_dags/tutorial_dag.py
[2024-10-01T00:32:43.224+0000] {logging_mixin.py:188} INFO - [2024-10-01T00:32:43.223+0000] {dag.py:3036} INFO - Sync 1 DAGs
[2024-10-01T00:32:43.277+0000] {logging_mixin.py:188} INFO - [2024-10-01T00:32:43.276+0000] {dag.py:3823} INFO - Setting next_dagrun for tutorial_dag to None, run_after=None
[2024-10-01T00:32:43.357+0000] {processor.py:183} INFO - Processing /home/airflow/.local/lib/python3.8/site-packages/airflow/example_dags/tutorial_dag.py took 0.278 seconds
[2024-10-01T00:33:13.746+0000] {processor.py:161} INFO - Started process (PID=4889) to work on /home/airflow/.local/lib/python3.8/site-packages/airflow/example_dags/tutorial_dag.py
[2024-10-01T00:33:13.749+0000] {processor.py:830} INFO - Processing file /home/airflow/.local/lib/python3.8/site-packages/airflow/example_dags/tutorial_dag.py for tasks to queue
[2024-10-01T00:33:13.754+0000] {logging_mixin.py:188} INFO - [2024-10-01T00:33:13.753+0000] {dagbag.py:538} INFO - Filling up the DagBag from /home/airflow/.local/lib/python3.8/site-packages/airflow/example_dags/tutorial_dag.py
[2024-10-01T00:33:13.771+0000] {processor.py:840} INFO - DAG(s) 'tutorial_dag' retrieved from /home/airflow/.local/lib/python3.8/site-packages/airflow/example_dags/tutorial_dag.py
[2024-10-01T00:33:13.825+0000] {logging_mixin.py:188} INFO - [2024-10-01T00:33:13.825+0000] {dag.py:3036} INFO - Sync 1 DAGs
[2024-10-01T00:33:13.862+0000] {logging_mixin.py:188} INFO - [2024-10-01T00:33:13.862+0000] {dag.py:3823} INFO - Setting next_dagrun for tutorial_dag to None, run_after=None
[2024-10-01T00:33:13.921+0000] {processor.py:183} INFO - Processing /home/airflow/.local/lib/python3.8/site-packages/airflow/example_dags/tutorial_dag.py took 0.185 seconds
[2024-10-01T00:33:44.654+0000] {processor.py:161} INFO - Started process (PID=4947) to work on /home/airflow/.local/lib/python3.8/site-packages/airflow/example_dags/tutorial_dag.py
[2024-10-01T00:33:44.659+0000] {processor.py:830} INFO - Processing file /home/airflow/.local/lib/python3.8/site-packages/airflow/example_dags/tutorial_dag.py for tasks to queue
[2024-10-01T00:33:44.670+0000] {logging_mixin.py:188} INFO - [2024-10-01T00:33:44.668+0000] {dagbag.py:538} INFO - Filling up the DagBag from /home/airflow/.local/lib/python3.8/site-packages/airflow/example_dags/tutorial_dag.py
[2024-10-01T00:33:44.711+0000] {processor.py:840} INFO - DAG(s) 'tutorial_dag' retrieved from /home/airflow/.local/lib/python3.8/site-packages/airflow/example_dags/tutorial_dag.py
[2024-10-01T00:33:44.874+0000] {logging_mixin.py:188} INFO - [2024-10-01T00:33:44.873+0000] {dag.py:3036} INFO - Sync 1 DAGs
[2024-10-01T00:33:44.954+0000] {logging_mixin.py:188} INFO - [2024-10-01T00:33:44.953+0000] {dag.py:3823} INFO - Setting next_dagrun for tutorial_dag to None, run_after=None
[2024-10-01T00:33:45.063+0000] {processor.py:183} INFO - Processing /home/airflow/.local/lib/python3.8/site-packages/airflow/example_dags/tutorial_dag.py took 0.431 seconds
[2024-10-01T00:34:15.233+0000] {processor.py:161} INFO - Started process (PID=5013) to work on /home/airflow/.local/lib/python3.8/site-packages/airflow/example_dags/tutorial_dag.py
[2024-10-01T00:34:15.237+0000] {processor.py:830} INFO - Processing file /home/airflow/.local/lib/python3.8/site-packages/airflow/example_dags/tutorial_dag.py for tasks to queue
[2024-10-01T00:34:15.242+0000] {logging_mixin.py:188} INFO - [2024-10-01T00:34:15.242+0000] {dagbag.py:538} INFO - Filling up the DagBag from /home/airflow/.local/lib/python3.8/site-packages/airflow/example_dags/tutorial_dag.py
[2024-10-01T00:34:15.262+0000] {processor.py:840} INFO - DAG(s) 'tutorial_dag' retrieved from /home/airflow/.local/lib/python3.8/site-packages/airflow/example_dags/tutorial_dag.py
[2024-10-01T00:34:15.339+0000] {logging_mixin.py:188} INFO - [2024-10-01T00:34:15.338+0000] {dag.py:3036} INFO - Sync 1 DAGs
[2024-10-01T00:34:15.391+0000] {logging_mixin.py:188} INFO - [2024-10-01T00:34:15.390+0000] {dag.py:3823} INFO - Setting next_dagrun for tutorial_dag to None, run_after=None
[2024-10-01T00:34:15.464+0000] {processor.py:183} INFO - Processing /home/airflow/.local/lib/python3.8/site-packages/airflow/example_dags/tutorial_dag.py took 0.242 seconds
[2024-10-01T00:34:45.580+0000] {processor.py:161} INFO - Started process (PID=5079) to work on /home/airflow/.local/lib/python3.8/site-packages/airflow/example_dags/tutorial_dag.py
[2024-10-01T00:34:45.584+0000] {processor.py:830} INFO - Processing file /home/airflow/.local/lib/python3.8/site-packages/airflow/example_dags/tutorial_dag.py for tasks to queue
[2024-10-01T00:34:45.590+0000] {logging_mixin.py:188} INFO - [2024-10-01T00:34:45.589+0000] {dagbag.py:538} INFO - Filling up the DagBag from /home/airflow/.local/lib/python3.8/site-packages/airflow/example_dags/tutorial_dag.py
[2024-10-01T00:34:45.609+0000] {processor.py:840} INFO - DAG(s) 'tutorial_dag' retrieved from /home/airflow/.local/lib/python3.8/site-packages/airflow/example_dags/tutorial_dag.py
[2024-10-01T00:34:45.681+0000] {logging_mixin.py:188} INFO - [2024-10-01T00:34:45.681+0000] {dag.py:3036} INFO - Sync 1 DAGs
[2024-10-01T00:34:45.741+0000] {logging_mixin.py:188} INFO - [2024-10-01T00:34:45.739+0000] {dag.py:3823} INFO - Setting next_dagrun for tutorial_dag to None, run_after=None
[2024-10-01T00:34:45.818+0000] {processor.py:183} INFO - Processing /home/airflow/.local/lib/python3.8/site-packages/airflow/example_dags/tutorial_dag.py took 0.250 seconds
