[2024-10-01T00:00:14.971+0000] {processor.py:161} INFO - Started process (PID=775) to work on /home/airflow/.local/lib/python3.8/site-packages/airflow/example_dags/tutorial_taskflow_api.py
[2024-10-01T00:00:14.976+0000] {processor.py:830} INFO - Processing file /home/airflow/.local/lib/python3.8/site-packages/airflow/example_dags/tutorial_taskflow_api.py for tasks to queue
[2024-10-01T00:00:14.988+0000] {logging_mixin.py:188} INFO - [2024-10-01T00:00:14.986+0000] {dagbag.py:538} INFO - Filling up the DagBag from /home/airflow/.local/lib/python3.8/site-packages/airflow/example_dags/tutorial_taskflow_api.py
[2024-10-01T00:00:15.035+0000] {processor.py:840} INFO - DAG(s) 'tutorial_taskflow_api' retrieved from /home/airflow/.local/lib/python3.8/site-packages/airflow/example_dags/tutorial_taskflow_api.py
[2024-10-01T00:00:15.219+0000] {logging_mixin.py:188} INFO - [2024-10-01T00:00:15.217+0000] {dag.py:3036} INFO - Sync 1 DAGs
[2024-10-01T00:00:15.400+0000] {logging_mixin.py:188} INFO - [2024-10-01T00:00:15.399+0000] {dag.py:3823} INFO - Setting next_dagrun for tutorial_taskflow_api to None, run_after=None
[2024-10-01T00:00:15.659+0000] {processor.py:183} INFO - Processing /home/airflow/.local/lib/python3.8/site-packages/airflow/example_dags/tutorial_taskflow_api.py took 0.709 seconds
[2024-10-01T00:00:46.054+0000] {processor.py:161} INFO - Started process (PID=841) to work on /home/airflow/.local/lib/python3.8/site-packages/airflow/example_dags/tutorial_taskflow_api.py
[2024-10-01T00:00:46.059+0000] {processor.py:830} INFO - Processing file /home/airflow/.local/lib/python3.8/site-packages/airflow/example_dags/tutorial_taskflow_api.py for tasks to queue
[2024-10-01T00:00:46.068+0000] {logging_mixin.py:188} INFO - [2024-10-01T00:00:46.066+0000] {dagbag.py:538} INFO - Filling up the DagBag from /home/airflow/.local/lib/python3.8/site-packages/airflow/example_dags/tutorial_taskflow_api.py
[2024-10-01T00:00:46.104+0000] {processor.py:840} INFO - DAG(s) 'tutorial_taskflow_api' retrieved from /home/airflow/.local/lib/python3.8/site-packages/airflow/example_dags/tutorial_taskflow_api.py
[2024-10-01T00:00:46.239+0000] {logging_mixin.py:188} INFO - [2024-10-01T00:00:46.238+0000] {dag.py:3036} INFO - Sync 1 DAGs
[2024-10-01T00:00:46.343+0000] {logging_mixin.py:188} INFO - [2024-10-01T00:00:46.341+0000] {dag.py:3823} INFO - Setting next_dagrun for tutorial_taskflow_api to None, run_after=None
[2024-10-01T00:00:46.538+0000] {processor.py:183} INFO - Processing /home/airflow/.local/lib/python3.8/site-packages/airflow/example_dags/tutorial_taskflow_api.py took 0.502 seconds
[2024-10-01T00:01:16.893+0000] {processor.py:161} INFO - Started process (PID=907) to work on /home/airflow/.local/lib/python3.8/site-packages/airflow/example_dags/tutorial_taskflow_api.py
[2024-10-01T00:01:16.900+0000] {processor.py:830} INFO - Processing file /home/airflow/.local/lib/python3.8/site-packages/airflow/example_dags/tutorial_taskflow_api.py for tasks to queue
[2024-10-01T00:01:16.909+0000] {logging_mixin.py:188} INFO - [2024-10-01T00:01:16.907+0000] {dagbag.py:538} INFO - Filling up the DagBag from /home/airflow/.local/lib/python3.8/site-packages/airflow/example_dags/tutorial_taskflow_api.py
[2024-10-01T00:01:16.954+0000] {processor.py:840} INFO - DAG(s) 'tutorial_taskflow_api' retrieved from /home/airflow/.local/lib/python3.8/site-packages/airflow/example_dags/tutorial_taskflow_api.py
[2024-10-01T00:01:17.073+0000] {logging_mixin.py:188} INFO - [2024-10-01T00:01:17.071+0000] {dag.py:3036} INFO - Sync 1 DAGs
[2024-10-01T00:01:17.188+0000] {logging_mixin.py:188} INFO - [2024-10-01T00:01:17.186+0000] {dag.py:3823} INFO - Setting next_dagrun for tutorial_taskflow_api to None, run_after=None
[2024-10-01T00:01:17.361+0000] {processor.py:183} INFO - Processing /home/airflow/.local/lib/python3.8/site-packages/airflow/example_dags/tutorial_taskflow_api.py took 0.486 seconds
[2024-10-01T00:01:47.928+0000] {processor.py:161} INFO - Started process (PID=965) to work on /home/airflow/.local/lib/python3.8/site-packages/airflow/example_dags/tutorial_taskflow_api.py
[2024-10-01T00:01:47.931+0000] {processor.py:830} INFO - Processing file /home/airflow/.local/lib/python3.8/site-packages/airflow/example_dags/tutorial_taskflow_api.py for tasks to queue
[2024-10-01T00:01:47.934+0000] {logging_mixin.py:188} INFO - [2024-10-01T00:01:47.933+0000] {dagbag.py:538} INFO - Filling up the DagBag from /home/airflow/.local/lib/python3.8/site-packages/airflow/example_dags/tutorial_taskflow_api.py
[2024-10-01T00:01:47.944+0000] {processor.py:840} INFO - DAG(s) 'tutorial_taskflow_api' retrieved from /home/airflow/.local/lib/python3.8/site-packages/airflow/example_dags/tutorial_taskflow_api.py
[2024-10-01T00:01:47.978+0000] {logging_mixin.py:188} INFO - [2024-10-01T00:01:47.977+0000] {dag.py:3036} INFO - Sync 1 DAGs
[2024-10-01T00:01:48.000+0000] {logging_mixin.py:188} INFO - [2024-10-01T00:01:48.000+0000] {dag.py:3823} INFO - Setting next_dagrun for tutorial_taskflow_api to None, run_after=None
[2024-10-01T00:01:48.031+0000] {processor.py:183} INFO - Processing /home/airflow/.local/lib/python3.8/site-packages/airflow/example_dags/tutorial_taskflow_api.py took 0.109 seconds
[2024-10-01T00:02:18.767+0000] {processor.py:161} INFO - Started process (PID=1031) to work on /home/airflow/.local/lib/python3.8/site-packages/airflow/example_dags/tutorial_taskflow_api.py
[2024-10-01T00:02:18.769+0000] {processor.py:830} INFO - Processing file /home/airflow/.local/lib/python3.8/site-packages/airflow/example_dags/tutorial_taskflow_api.py for tasks to queue
[2024-10-01T00:02:18.772+0000] {logging_mixin.py:188} INFO - [2024-10-01T00:02:18.772+0000] {dagbag.py:538} INFO - Filling up the DagBag from /home/airflow/.local/lib/python3.8/site-packages/airflow/example_dags/tutorial_taskflow_api.py
[2024-10-01T00:02:18.785+0000] {processor.py:840} INFO - DAG(s) 'tutorial_taskflow_api' retrieved from /home/airflow/.local/lib/python3.8/site-packages/airflow/example_dags/tutorial_taskflow_api.py
[2024-10-01T00:02:18.817+0000] {logging_mixin.py:188} INFO - [2024-10-01T00:02:18.817+0000] {dag.py:3036} INFO - Sync 1 DAGs
[2024-10-01T00:02:18.836+0000] {logging_mixin.py:188} INFO - [2024-10-01T00:02:18.836+0000] {dag.py:3823} INFO - Setting next_dagrun for tutorial_taskflow_api to None, run_after=None
[2024-10-01T00:02:18.867+0000] {processor.py:183} INFO - Processing /home/airflow/.local/lib/python3.8/site-packages/airflow/example_dags/tutorial_taskflow_api.py took 0.105 seconds
[2024-10-01T00:02:49.154+0000] {processor.py:161} INFO - Started process (PID=1097) to work on /home/airflow/.local/lib/python3.8/site-packages/airflow/example_dags/tutorial_taskflow_api.py
[2024-10-01T00:02:49.156+0000] {processor.py:830} INFO - Processing file /home/airflow/.local/lib/python3.8/site-packages/airflow/example_dags/tutorial_taskflow_api.py for tasks to queue
[2024-10-01T00:02:49.158+0000] {logging_mixin.py:188} INFO - [2024-10-01T00:02:49.158+0000] {dagbag.py:538} INFO - Filling up the DagBag from /home/airflow/.local/lib/python3.8/site-packages/airflow/example_dags/tutorial_taskflow_api.py
[2024-10-01T00:02:49.168+0000] {processor.py:840} INFO - DAG(s) 'tutorial_taskflow_api' retrieved from /home/airflow/.local/lib/python3.8/site-packages/airflow/example_dags/tutorial_taskflow_api.py
[2024-10-01T00:02:49.214+0000] {logging_mixin.py:188} INFO - [2024-10-01T00:02:49.213+0000] {dag.py:3036} INFO - Sync 1 DAGs
[2024-10-01T00:02:49.237+0000] {logging_mixin.py:188} INFO - [2024-10-01T00:02:49.237+0000] {dag.py:3823} INFO - Setting next_dagrun for tutorial_taskflow_api to None, run_after=None
[2024-10-01T00:02:49.276+0000] {processor.py:183} INFO - Processing /home/airflow/.local/lib/python3.8/site-packages/airflow/example_dags/tutorial_taskflow_api.py took 0.127 seconds
[2024-10-01T00:03:19.561+0000] {processor.py:161} INFO - Started process (PID=1163) to work on /home/airflow/.local/lib/python3.8/site-packages/airflow/example_dags/tutorial_taskflow_api.py
[2024-10-01T00:03:19.562+0000] {processor.py:830} INFO - Processing file /home/airflow/.local/lib/python3.8/site-packages/airflow/example_dags/tutorial_taskflow_api.py for tasks to queue
[2024-10-01T00:03:19.565+0000] {logging_mixin.py:188} INFO - [2024-10-01T00:03:19.564+0000] {dagbag.py:538} INFO - Filling up the DagBag from /home/airflow/.local/lib/python3.8/site-packages/airflow/example_dags/tutorial_taskflow_api.py
[2024-10-01T00:03:19.574+0000] {processor.py:840} INFO - DAG(s) 'tutorial_taskflow_api' retrieved from /home/airflow/.local/lib/python3.8/site-packages/airflow/example_dags/tutorial_taskflow_api.py
[2024-10-01T00:03:19.606+0000] {logging_mixin.py:188} INFO - [2024-10-01T00:03:19.606+0000] {dag.py:3036} INFO - Sync 1 DAGs
[2024-10-01T00:03:19.626+0000] {logging_mixin.py:188} INFO - [2024-10-01T00:03:19.626+0000] {dag.py:3823} INFO - Setting next_dagrun for tutorial_taskflow_api to None, run_after=None
[2024-10-01T00:03:19.658+0000] {processor.py:183} INFO - Processing /home/airflow/.local/lib/python3.8/site-packages/airflow/example_dags/tutorial_taskflow_api.py took 0.102 seconds
[2024-10-01T00:03:50.224+0000] {processor.py:161} INFO - Started process (PID=1229) to work on /home/airflow/.local/lib/python3.8/site-packages/airflow/example_dags/tutorial_taskflow_api.py
[2024-10-01T00:03:50.225+0000] {processor.py:830} INFO - Processing file /home/airflow/.local/lib/python3.8/site-packages/airflow/example_dags/tutorial_taskflow_api.py for tasks to queue
[2024-10-01T00:03:50.228+0000] {logging_mixin.py:188} INFO - [2024-10-01T00:03:50.227+0000] {dagbag.py:538} INFO - Filling up the DagBag from /home/airflow/.local/lib/python3.8/site-packages/airflow/example_dags/tutorial_taskflow_api.py
[2024-10-01T00:03:50.243+0000] {processor.py:840} INFO - DAG(s) 'tutorial_taskflow_api' retrieved from /home/airflow/.local/lib/python3.8/site-packages/airflow/example_dags/tutorial_taskflow_api.py
[2024-10-01T00:03:50.285+0000] {logging_mixin.py:188} INFO - [2024-10-01T00:03:50.284+0000] {dag.py:3036} INFO - Sync 1 DAGs
[2024-10-01T00:03:50.316+0000] {logging_mixin.py:188} INFO - [2024-10-01T00:03:50.315+0000] {dag.py:3823} INFO - Setting next_dagrun for tutorial_taskflow_api to None, run_after=None
[2024-10-01T00:03:50.348+0000] {processor.py:183} INFO - Processing /home/airflow/.local/lib/python3.8/site-packages/airflow/example_dags/tutorial_taskflow_api.py took 0.129 seconds
[2024-10-01T00:04:20.847+0000] {processor.py:161} INFO - Started process (PID=1295) to work on /home/airflow/.local/lib/python3.8/site-packages/airflow/example_dags/tutorial_taskflow_api.py
[2024-10-01T00:04:20.850+0000] {processor.py:830} INFO - Processing file /home/airflow/.local/lib/python3.8/site-packages/airflow/example_dags/tutorial_taskflow_api.py for tasks to queue
[2024-10-01T00:04:20.854+0000] {logging_mixin.py:188} INFO - [2024-10-01T00:04:20.853+0000] {dagbag.py:538} INFO - Filling up the DagBag from /home/airflow/.local/lib/python3.8/site-packages/airflow/example_dags/tutorial_taskflow_api.py
[2024-10-01T00:04:20.870+0000] {processor.py:840} INFO - DAG(s) 'tutorial_taskflow_api' retrieved from /home/airflow/.local/lib/python3.8/site-packages/airflow/example_dags/tutorial_taskflow_api.py
[2024-10-01T00:04:20.914+0000] {logging_mixin.py:188} INFO - [2024-10-01T00:04:20.913+0000] {dag.py:3036} INFO - Sync 1 DAGs
[2024-10-01T00:04:20.938+0000] {logging_mixin.py:188} INFO - [2024-10-01T00:04:20.937+0000] {dag.py:3823} INFO - Setting next_dagrun for tutorial_taskflow_api to None, run_after=None
[2024-10-01T00:04:20.972+0000] {processor.py:183} INFO - Processing /home/airflow/.local/lib/python3.8/site-packages/airflow/example_dags/tutorial_taskflow_api.py took 0.134 seconds
[2024-10-01T00:04:53.064+0000] {processor.py:161} INFO - Started process (PID=1361) to work on /home/airflow/.local/lib/python3.8/site-packages/airflow/example_dags/tutorial_taskflow_api.py
[2024-10-01T00:04:53.079+0000] {processor.py:830} INFO - Processing file /home/airflow/.local/lib/python3.8/site-packages/airflow/example_dags/tutorial_taskflow_api.py for tasks to queue
[2024-10-01T00:04:53.109+0000] {logging_mixin.py:188} INFO - [2024-10-01T00:04:53.104+0000] {dagbag.py:538} INFO - Filling up the DagBag from /home/airflow/.local/lib/python3.8/site-packages/airflow/example_dags/tutorial_taskflow_api.py
[2024-10-01T00:04:53.216+0000] {processor.py:840} INFO - DAG(s) 'tutorial_taskflow_api' retrieved from /home/airflow/.local/lib/python3.8/site-packages/airflow/example_dags/tutorial_taskflow_api.py
[2024-10-01T00:04:53.506+0000] {logging_mixin.py:188} INFO - [2024-10-01T00:04:53.502+0000] {dag.py:3036} INFO - Sync 1 DAGs
[2024-10-01T00:04:53.725+0000] {logging_mixin.py:188} INFO - [2024-10-01T00:04:53.723+0000] {dag.py:3823} INFO - Setting next_dagrun for tutorial_taskflow_api to None, run_after=None
[2024-10-01T00:04:53.994+0000] {processor.py:183} INFO - Processing /home/airflow/.local/lib/python3.8/site-packages/airflow/example_dags/tutorial_taskflow_api.py took 0.980 seconds
[2024-10-01T00:05:24.252+0000] {processor.py:161} INFO - Started process (PID=1427) to work on /home/airflow/.local/lib/python3.8/site-packages/airflow/example_dags/tutorial_taskflow_api.py
[2024-10-01T00:05:24.254+0000] {processor.py:830} INFO - Processing file /home/airflow/.local/lib/python3.8/site-packages/airflow/example_dags/tutorial_taskflow_api.py for tasks to queue
[2024-10-01T00:05:24.258+0000] {logging_mixin.py:188} INFO - [2024-10-01T00:05:24.257+0000] {dagbag.py:538} INFO - Filling up the DagBag from /home/airflow/.local/lib/python3.8/site-packages/airflow/example_dags/tutorial_taskflow_api.py
[2024-10-01T00:05:24.269+0000] {processor.py:840} INFO - DAG(s) 'tutorial_taskflow_api' retrieved from /home/airflow/.local/lib/python3.8/site-packages/airflow/example_dags/tutorial_taskflow_api.py
[2024-10-01T00:05:24.315+0000] {logging_mixin.py:188} INFO - [2024-10-01T00:05:24.314+0000] {dag.py:3036} INFO - Sync 1 DAGs
[2024-10-01T00:05:24.340+0000] {logging_mixin.py:188} INFO - [2024-10-01T00:05:24.340+0000] {dag.py:3823} INFO - Setting next_dagrun for tutorial_taskflow_api to None, run_after=None
[2024-10-01T00:05:24.382+0000] {processor.py:183} INFO - Processing /home/airflow/.local/lib/python3.8/site-packages/airflow/example_dags/tutorial_taskflow_api.py took 0.137 seconds
[2024-10-01T00:05:54.725+0000] {processor.py:161} INFO - Started process (PID=1493) to work on /home/airflow/.local/lib/python3.8/site-packages/airflow/example_dags/tutorial_taskflow_api.py
[2024-10-01T00:05:54.728+0000] {processor.py:830} INFO - Processing file /home/airflow/.local/lib/python3.8/site-packages/airflow/example_dags/tutorial_taskflow_api.py for tasks to queue
[2024-10-01T00:05:54.733+0000] {logging_mixin.py:188} INFO - [2024-10-01T00:05:54.732+0000] {dagbag.py:538} INFO - Filling up the DagBag from /home/airflow/.local/lib/python3.8/site-packages/airflow/example_dags/tutorial_taskflow_api.py
[2024-10-01T00:05:54.748+0000] {processor.py:840} INFO - DAG(s) 'tutorial_taskflow_api' retrieved from /home/airflow/.local/lib/python3.8/site-packages/airflow/example_dags/tutorial_taskflow_api.py
[2024-10-01T00:05:54.789+0000] {logging_mixin.py:188} INFO - [2024-10-01T00:05:54.788+0000] {dag.py:3036} INFO - Sync 1 DAGs
[2024-10-01T00:05:54.821+0000] {logging_mixin.py:188} INFO - [2024-10-01T00:05:54.821+0000] {dag.py:3823} INFO - Setting next_dagrun for tutorial_taskflow_api to None, run_after=None
[2024-10-01T00:05:54.863+0000] {processor.py:183} INFO - Processing /home/airflow/.local/lib/python3.8/site-packages/airflow/example_dags/tutorial_taskflow_api.py took 0.145 seconds
[2024-10-01T00:06:25.558+0000] {processor.py:161} INFO - Started process (PID=1559) to work on /home/airflow/.local/lib/python3.8/site-packages/airflow/example_dags/tutorial_taskflow_api.py
[2024-10-01T00:06:25.563+0000] {processor.py:830} INFO - Processing file /home/airflow/.local/lib/python3.8/site-packages/airflow/example_dags/tutorial_taskflow_api.py for tasks to queue
[2024-10-01T00:06:25.572+0000] {logging_mixin.py:188} INFO - [2024-10-01T00:06:25.570+0000] {dagbag.py:538} INFO - Filling up the DagBag from /home/airflow/.local/lib/python3.8/site-packages/airflow/example_dags/tutorial_taskflow_api.py
[2024-10-01T00:06:25.599+0000] {processor.py:840} INFO - DAG(s) 'tutorial_taskflow_api' retrieved from /home/airflow/.local/lib/python3.8/site-packages/airflow/example_dags/tutorial_taskflow_api.py
[2024-10-01T00:06:25.699+0000] {logging_mixin.py:188} INFO - [2024-10-01T00:06:25.698+0000] {dag.py:3036} INFO - Sync 1 DAGs
[2024-10-01T00:06:25.770+0000] {logging_mixin.py:188} INFO - [2024-10-01T00:06:25.769+0000] {dag.py:3823} INFO - Setting next_dagrun for tutorial_taskflow_api to None, run_after=None
[2024-10-01T00:06:25.868+0000] {processor.py:183} INFO - Processing /home/airflow/.local/lib/python3.8/site-packages/airflow/example_dags/tutorial_taskflow_api.py took 0.323 seconds
[2024-10-01T00:06:55.927+0000] {processor.py:161} INFO - Started process (PID=1624) to work on /home/airflow/.local/lib/python3.8/site-packages/airflow/example_dags/tutorial_taskflow_api.py
[2024-10-01T00:06:55.929+0000] {processor.py:830} INFO - Processing file /home/airflow/.local/lib/python3.8/site-packages/airflow/example_dags/tutorial_taskflow_api.py for tasks to queue
[2024-10-01T00:06:55.932+0000] {logging_mixin.py:188} INFO - [2024-10-01T00:06:55.932+0000] {dagbag.py:538} INFO - Filling up the DagBag from /home/airflow/.local/lib/python3.8/site-packages/airflow/example_dags/tutorial_taskflow_api.py
[2024-10-01T00:06:55.944+0000] {processor.py:840} INFO - DAG(s) 'tutorial_taskflow_api' retrieved from /home/airflow/.local/lib/python3.8/site-packages/airflow/example_dags/tutorial_taskflow_api.py
[2024-10-01T00:06:55.980+0000] {logging_mixin.py:188} INFO - [2024-10-01T00:06:55.980+0000] {dag.py:3036} INFO - Sync 1 DAGs
[2024-10-01T00:06:56.006+0000] {logging_mixin.py:188} INFO - [2024-10-01T00:06:56.005+0000] {dag.py:3823} INFO - Setting next_dagrun for tutorial_taskflow_api to None, run_after=None
[2024-10-01T00:06:56.045+0000] {processor.py:183} INFO - Processing /home/airflow/.local/lib/python3.8/site-packages/airflow/example_dags/tutorial_taskflow_api.py took 0.125 seconds
[2024-10-01T00:07:26.216+0000] {processor.py:161} INFO - Started process (PID=1691) to work on /home/airflow/.local/lib/python3.8/site-packages/airflow/example_dags/tutorial_taskflow_api.py
[2024-10-01T00:07:26.219+0000] {processor.py:830} INFO - Processing file /home/airflow/.local/lib/python3.8/site-packages/airflow/example_dags/tutorial_taskflow_api.py for tasks to queue
[2024-10-01T00:07:26.222+0000] {logging_mixin.py:188} INFO - [2024-10-01T00:07:26.222+0000] {dagbag.py:538} INFO - Filling up the DagBag from /home/airflow/.local/lib/python3.8/site-packages/airflow/example_dags/tutorial_taskflow_api.py
[2024-10-01T00:07:26.235+0000] {processor.py:840} INFO - DAG(s) 'tutorial_taskflow_api' retrieved from /home/airflow/.local/lib/python3.8/site-packages/airflow/example_dags/tutorial_taskflow_api.py
[2024-10-01T00:07:26.276+0000] {logging_mixin.py:188} INFO - [2024-10-01T00:07:26.275+0000] {dag.py:3036} INFO - Sync 1 DAGs
[2024-10-01T00:07:26.302+0000] {logging_mixin.py:188} INFO - [2024-10-01T00:07:26.301+0000] {dag.py:3823} INFO - Setting next_dagrun for tutorial_taskflow_api to None, run_after=None
[2024-10-01T00:07:26.339+0000] {processor.py:183} INFO - Processing /home/airflow/.local/lib/python3.8/site-packages/airflow/example_dags/tutorial_taskflow_api.py took 0.130 seconds
[2024-10-01T00:07:56.484+0000] {processor.py:161} INFO - Started process (PID=1749) to work on /home/airflow/.local/lib/python3.8/site-packages/airflow/example_dags/tutorial_taskflow_api.py
[2024-10-01T00:07:56.496+0000] {processor.py:830} INFO - Processing file /home/airflow/.local/lib/python3.8/site-packages/airflow/example_dags/tutorial_taskflow_api.py for tasks to queue
[2024-10-01T00:07:56.500+0000] {logging_mixin.py:188} INFO - [2024-10-01T00:07:56.499+0000] {dagbag.py:538} INFO - Filling up the DagBag from /home/airflow/.local/lib/python3.8/site-packages/airflow/example_dags/tutorial_taskflow_api.py
[2024-10-01T00:07:56.512+0000] {processor.py:840} INFO - DAG(s) 'tutorial_taskflow_api' retrieved from /home/airflow/.local/lib/python3.8/site-packages/airflow/example_dags/tutorial_taskflow_api.py
[2024-10-01T00:07:56.547+0000] {logging_mixin.py:188} INFO - [2024-10-01T00:07:56.547+0000] {dag.py:3036} INFO - Sync 1 DAGs
[2024-10-01T00:07:56.569+0000] {logging_mixin.py:188} INFO - [2024-10-01T00:07:56.568+0000] {dag.py:3823} INFO - Setting next_dagrun for tutorial_taskflow_api to None, run_after=None
[2024-10-01T00:07:56.599+0000] {processor.py:183} INFO - Processing /home/airflow/.local/lib/python3.8/site-packages/airflow/example_dags/tutorial_taskflow_api.py took 0.122 seconds
[2024-10-01T00:08:27.156+0000] {processor.py:161} INFO - Started process (PID=1816) to work on /home/airflow/.local/lib/python3.8/site-packages/airflow/example_dags/tutorial_taskflow_api.py
[2024-10-01T00:08:27.158+0000] {processor.py:830} INFO - Processing file /home/airflow/.local/lib/python3.8/site-packages/airflow/example_dags/tutorial_taskflow_api.py for tasks to queue
[2024-10-01T00:08:27.161+0000] {logging_mixin.py:188} INFO - [2024-10-01T00:08:27.160+0000] {dagbag.py:538} INFO - Filling up the DagBag from /home/airflow/.local/lib/python3.8/site-packages/airflow/example_dags/tutorial_taskflow_api.py
[2024-10-01T00:08:27.170+0000] {processor.py:840} INFO - DAG(s) 'tutorial_taskflow_api' retrieved from /home/airflow/.local/lib/python3.8/site-packages/airflow/example_dags/tutorial_taskflow_api.py
[2024-10-01T00:08:27.202+0000] {logging_mixin.py:188} INFO - [2024-10-01T00:08:27.201+0000] {dag.py:3036} INFO - Sync 1 DAGs
[2024-10-01T00:08:27.222+0000] {logging_mixin.py:188} INFO - [2024-10-01T00:08:27.222+0000] {dag.py:3823} INFO - Setting next_dagrun for tutorial_taskflow_api to None, run_after=None
[2024-10-01T00:08:27.256+0000] {processor.py:183} INFO - Processing /home/airflow/.local/lib/python3.8/site-packages/airflow/example_dags/tutorial_taskflow_api.py took 0.105 seconds
[2024-10-01T00:08:57.338+0000] {processor.py:161} INFO - Started process (PID=1888) to work on /home/airflow/.local/lib/python3.8/site-packages/airflow/example_dags/tutorial_taskflow_api.py
[2024-10-01T00:08:57.340+0000] {processor.py:830} INFO - Processing file /home/airflow/.local/lib/python3.8/site-packages/airflow/example_dags/tutorial_taskflow_api.py for tasks to queue
[2024-10-01T00:08:57.343+0000] {logging_mixin.py:188} INFO - [2024-10-01T00:08:57.342+0000] {dagbag.py:538} INFO - Filling up the DagBag from /home/airflow/.local/lib/python3.8/site-packages/airflow/example_dags/tutorial_taskflow_api.py
[2024-10-01T00:08:57.356+0000] {processor.py:840} INFO - DAG(s) 'tutorial_taskflow_api' retrieved from /home/airflow/.local/lib/python3.8/site-packages/airflow/example_dags/tutorial_taskflow_api.py
[2024-10-01T00:08:57.397+0000] {logging_mixin.py:188} INFO - [2024-10-01T00:08:57.396+0000] {dag.py:3036} INFO - Sync 1 DAGs
[2024-10-01T00:08:57.423+0000] {logging_mixin.py:188} INFO - [2024-10-01T00:08:57.422+0000] {dag.py:3823} INFO - Setting next_dagrun for tutorial_taskflow_api to None, run_after=None
[2024-10-01T00:08:57.467+0000] {processor.py:183} INFO - Processing /home/airflow/.local/lib/python3.8/site-packages/airflow/example_dags/tutorial_taskflow_api.py took 0.137 seconds
[2024-10-01T00:09:28.196+0000] {processor.py:161} INFO - Started process (PID=1946) to work on /home/airflow/.local/lib/python3.8/site-packages/airflow/example_dags/tutorial_taskflow_api.py
[2024-10-01T00:09:28.201+0000] {processor.py:830} INFO - Processing file /home/airflow/.local/lib/python3.8/site-packages/airflow/example_dags/tutorial_taskflow_api.py for tasks to queue
[2024-10-01T00:09:28.211+0000] {logging_mixin.py:188} INFO - [2024-10-01T00:09:28.209+0000] {dagbag.py:538} INFO - Filling up the DagBag from /home/airflow/.local/lib/python3.8/site-packages/airflow/example_dags/tutorial_taskflow_api.py
[2024-10-01T00:09:28.251+0000] {processor.py:840} INFO - DAG(s) 'tutorial_taskflow_api' retrieved from /home/airflow/.local/lib/python3.8/site-packages/airflow/example_dags/tutorial_taskflow_api.py
[2024-10-01T00:09:28.356+0000] {logging_mixin.py:188} INFO - [2024-10-01T00:09:28.355+0000] {dag.py:3036} INFO - Sync 1 DAGs
[2024-10-01T00:09:28.423+0000] {logging_mixin.py:188} INFO - [2024-10-01T00:09:28.422+0000] {dag.py:3823} INFO - Setting next_dagrun for tutorial_taskflow_api to None, run_after=None
[2024-10-01T00:09:28.526+0000] {processor.py:183} INFO - Processing /home/airflow/.local/lib/python3.8/site-packages/airflow/example_dags/tutorial_taskflow_api.py took 0.348 seconds
[2024-10-01T00:10:01.114+0000] {processor.py:161} INFO - Started process (PID=2011) to work on /home/airflow/.local/lib/python3.8/site-packages/airflow/example_dags/tutorial_taskflow_api.py
[2024-10-01T00:10:01.125+0000] {processor.py:830} INFO - Processing file /home/airflow/.local/lib/python3.8/site-packages/airflow/example_dags/tutorial_taskflow_api.py for tasks to queue
[2024-10-01T00:10:01.152+0000] {logging_mixin.py:188} INFO - [2024-10-01T00:10:01.146+0000] {dagbag.py:538} INFO - Filling up the DagBag from /home/airflow/.local/lib/python3.8/site-packages/airflow/example_dags/tutorial_taskflow_api.py
[2024-10-01T00:10:01.239+0000] {processor.py:840} INFO - DAG(s) 'tutorial_taskflow_api' retrieved from /home/airflow/.local/lib/python3.8/site-packages/airflow/example_dags/tutorial_taskflow_api.py
[2024-10-01T00:10:01.476+0000] {logging_mixin.py:188} INFO - [2024-10-01T00:10:01.474+0000] {dag.py:3036} INFO - Sync 1 DAGs
[2024-10-01T00:10:01.660+0000] {logging_mixin.py:188} INFO - [2024-10-01T00:10:01.658+0000] {dag.py:3823} INFO - Setting next_dagrun for tutorial_taskflow_api to None, run_after=None
[2024-10-01T00:10:01.878+0000] {processor.py:183} INFO - Processing /home/airflow/.local/lib/python3.8/site-packages/airflow/example_dags/tutorial_taskflow_api.py took 0.828 seconds
[2024-10-01T00:10:44.392+0000] {processor.py:161} INFO - Started process (PID=2071) to work on /home/airflow/.local/lib/python3.8/site-packages/airflow/example_dags/tutorial_taskflow_api.py
[2024-10-01T00:10:44.402+0000] {processor.py:830} INFO - Processing file /home/airflow/.local/lib/python3.8/site-packages/airflow/example_dags/tutorial_taskflow_api.py for tasks to queue
[2024-10-01T00:10:44.438+0000] {logging_mixin.py:188} INFO - [2024-10-01T00:10:44.434+0000] {dagbag.py:538} INFO - Filling up the DagBag from /home/airflow/.local/lib/python3.8/site-packages/airflow/example_dags/tutorial_taskflow_api.py
[2024-10-01T00:10:44.541+0000] {processor.py:840} INFO - DAG(s) 'tutorial_taskflow_api' retrieved from /home/airflow/.local/lib/python3.8/site-packages/airflow/example_dags/tutorial_taskflow_api.py
[2024-10-01T00:10:44.846+0000] {logging_mixin.py:188} INFO - [2024-10-01T00:10:44.843+0000] {dag.py:3036} INFO - Sync 1 DAGs
[2024-10-01T00:10:45.103+0000] {logging_mixin.py:188} INFO - [2024-10-01T00:10:45.098+0000] {dag.py:3823} INFO - Setting next_dagrun for tutorial_taskflow_api to None, run_after=None
[2024-10-01T00:10:45.374+0000] {processor.py:183} INFO - Processing /home/airflow/.local/lib/python3.8/site-packages/airflow/example_dags/tutorial_taskflow_api.py took 1.026 seconds
[2024-10-01T00:11:25.311+0000] {processor.py:161} INFO - Started process (PID=2133) to work on /home/airflow/.local/lib/python3.8/site-packages/airflow/example_dags/tutorial_taskflow_api.py
[2024-10-01T00:11:25.318+0000] {processor.py:830} INFO - Processing file /home/airflow/.local/lib/python3.8/site-packages/airflow/example_dags/tutorial_taskflow_api.py for tasks to queue
[2024-10-01T00:11:25.333+0000] {logging_mixin.py:188} INFO - [2024-10-01T00:11:25.330+0000] {dagbag.py:538} INFO - Filling up the DagBag from /home/airflow/.local/lib/python3.8/site-packages/airflow/example_dags/tutorial_taskflow_api.py
[2024-10-01T00:11:25.386+0000] {processor.py:840} INFO - DAG(s) 'tutorial_taskflow_api' retrieved from /home/airflow/.local/lib/python3.8/site-packages/airflow/example_dags/tutorial_taskflow_api.py
[2024-10-01T00:11:25.546+0000] {logging_mixin.py:188} INFO - [2024-10-01T00:11:25.545+0000] {dag.py:3036} INFO - Sync 1 DAGs
[2024-10-01T00:11:25.663+0000] {logging_mixin.py:188} INFO - [2024-10-01T00:11:25.661+0000] {dag.py:3823} INFO - Setting next_dagrun for tutorial_taskflow_api to None, run_after=None
[2024-10-01T00:11:25.831+0000] {processor.py:183} INFO - Processing /home/airflow/.local/lib/python3.8/site-packages/airflow/example_dags/tutorial_taskflow_api.py took 0.547 seconds
[2024-10-01T00:11:58.073+0000] {processor.py:161} INFO - Started process (PID=2192) to work on /home/airflow/.local/lib/python3.8/site-packages/airflow/example_dags/tutorial_taskflow_api.py
[2024-10-01T00:11:58.079+0000] {processor.py:830} INFO - Processing file /home/airflow/.local/lib/python3.8/site-packages/airflow/example_dags/tutorial_taskflow_api.py for tasks to queue
[2024-10-01T00:11:58.092+0000] {logging_mixin.py:188} INFO - [2024-10-01T00:11:58.090+0000] {dagbag.py:538} INFO - Filling up the DagBag from /home/airflow/.local/lib/python3.8/site-packages/airflow/example_dags/tutorial_taskflow_api.py
[2024-10-01T00:11:58.142+0000] {processor.py:840} INFO - DAG(s) 'tutorial_taskflow_api' retrieved from /home/airflow/.local/lib/python3.8/site-packages/airflow/example_dags/tutorial_taskflow_api.py
[2024-10-01T00:11:58.285+0000] {logging_mixin.py:188} INFO - [2024-10-01T00:11:58.284+0000] {dag.py:3036} INFO - Sync 1 DAGs
[2024-10-01T00:11:58.402+0000] {logging_mixin.py:188} INFO - [2024-10-01T00:11:58.401+0000] {dag.py:3823} INFO - Setting next_dagrun for tutorial_taskflow_api to None, run_after=None
[2024-10-01T00:11:58.535+0000] {processor.py:183} INFO - Processing /home/airflow/.local/lib/python3.8/site-packages/airflow/example_dags/tutorial_taskflow_api.py took 0.480 seconds
[2024-10-01T00:12:29.044+0000] {processor.py:161} INFO - Started process (PID=2258) to work on /home/airflow/.local/lib/python3.8/site-packages/airflow/example_dags/tutorial_taskflow_api.py
[2024-10-01T00:12:29.048+0000] {processor.py:830} INFO - Processing file /home/airflow/.local/lib/python3.8/site-packages/airflow/example_dags/tutorial_taskflow_api.py for tasks to queue
[2024-10-01T00:12:29.053+0000] {logging_mixin.py:188} INFO - [2024-10-01T00:12:29.052+0000] {dagbag.py:538} INFO - Filling up the DagBag from /home/airflow/.local/lib/python3.8/site-packages/airflow/example_dags/tutorial_taskflow_api.py
[2024-10-01T00:12:29.076+0000] {processor.py:840} INFO - DAG(s) 'tutorial_taskflow_api' retrieved from /home/airflow/.local/lib/python3.8/site-packages/airflow/example_dags/tutorial_taskflow_api.py
[2024-10-01T00:12:29.148+0000] {logging_mixin.py:188} INFO - [2024-10-01T00:12:29.147+0000] {dag.py:3036} INFO - Sync 1 DAGs
[2024-10-01T00:12:29.199+0000] {logging_mixin.py:188} INFO - [2024-10-01T00:12:29.198+0000] {dag.py:3823} INFO - Setting next_dagrun for tutorial_taskflow_api to None, run_after=None
[2024-10-01T00:12:29.258+0000] {processor.py:183} INFO - Processing /home/airflow/.local/lib/python3.8/site-packages/airflow/example_dags/tutorial_taskflow_api.py took 0.224 seconds
[2024-10-01T00:12:59.459+0000] {processor.py:161} INFO - Started process (PID=2316) to work on /home/airflow/.local/lib/python3.8/site-packages/airflow/example_dags/tutorial_taskflow_api.py
[2024-10-01T00:12:59.461+0000] {processor.py:830} INFO - Processing file /home/airflow/.local/lib/python3.8/site-packages/airflow/example_dags/tutorial_taskflow_api.py for tasks to queue
[2024-10-01T00:12:59.464+0000] {logging_mixin.py:188} INFO - [2024-10-01T00:12:59.463+0000] {dagbag.py:538} INFO - Filling up the DagBag from /home/airflow/.local/lib/python3.8/site-packages/airflow/example_dags/tutorial_taskflow_api.py
[2024-10-01T00:12:59.474+0000] {processor.py:840} INFO - DAG(s) 'tutorial_taskflow_api' retrieved from /home/airflow/.local/lib/python3.8/site-packages/airflow/example_dags/tutorial_taskflow_api.py
[2024-10-01T00:12:59.515+0000] {logging_mixin.py:188} INFO - [2024-10-01T00:12:59.514+0000] {dag.py:3036} INFO - Sync 1 DAGs
[2024-10-01T00:12:59.553+0000] {logging_mixin.py:188} INFO - [2024-10-01T00:12:59.553+0000] {dag.py:3823} INFO - Setting next_dagrun for tutorial_taskflow_api to None, run_after=None
[2024-10-01T00:12:59.609+0000] {processor.py:183} INFO - Processing /home/airflow/.local/lib/python3.8/site-packages/airflow/example_dags/tutorial_taskflow_api.py took 0.156 seconds
[2024-10-01T00:13:30.503+0000] {processor.py:161} INFO - Started process (PID=2382) to work on /home/airflow/.local/lib/python3.8/site-packages/airflow/example_dags/tutorial_taskflow_api.py
[2024-10-01T00:13:30.510+0000] {processor.py:830} INFO - Processing file /home/airflow/.local/lib/python3.8/site-packages/airflow/example_dags/tutorial_taskflow_api.py for tasks to queue
[2024-10-01T00:13:30.521+0000] {logging_mixin.py:188} INFO - [2024-10-01T00:13:30.519+0000] {dagbag.py:538} INFO - Filling up the DagBag from /home/airflow/.local/lib/python3.8/site-packages/airflow/example_dags/tutorial_taskflow_api.py
[2024-10-01T00:13:30.557+0000] {processor.py:840} INFO - DAG(s) 'tutorial_taskflow_api' retrieved from /home/airflow/.local/lib/python3.8/site-packages/airflow/example_dags/tutorial_taskflow_api.py
[2024-10-01T00:13:30.734+0000] {logging_mixin.py:188} INFO - [2024-10-01T00:13:30.731+0000] {dag.py:3036} INFO - Sync 1 DAGs
[2024-10-01T00:13:30.861+0000] {logging_mixin.py:188} INFO - [2024-10-01T00:13:30.859+0000] {dag.py:3823} INFO - Setting next_dagrun for tutorial_taskflow_api to None, run_after=None
[2024-10-01T00:13:30.997+0000] {processor.py:183} INFO - Processing /home/airflow/.local/lib/python3.8/site-packages/airflow/example_dags/tutorial_taskflow_api.py took 0.513 seconds
[2024-10-01T00:14:01.804+0000] {processor.py:161} INFO - Started process (PID=2448) to work on /home/airflow/.local/lib/python3.8/site-packages/airflow/example_dags/tutorial_taskflow_api.py
[2024-10-01T00:14:01.806+0000] {processor.py:830} INFO - Processing file /home/airflow/.local/lib/python3.8/site-packages/airflow/example_dags/tutorial_taskflow_api.py for tasks to queue
[2024-10-01T00:14:01.810+0000] {logging_mixin.py:188} INFO - [2024-10-01T00:14:01.809+0000] {dagbag.py:538} INFO - Filling up the DagBag from /home/airflow/.local/lib/python3.8/site-packages/airflow/example_dags/tutorial_taskflow_api.py
[2024-10-01T00:14:01.824+0000] {processor.py:840} INFO - DAG(s) 'tutorial_taskflow_api' retrieved from /home/airflow/.local/lib/python3.8/site-packages/airflow/example_dags/tutorial_taskflow_api.py
[2024-10-01T00:14:01.865+0000] {logging_mixin.py:188} INFO - [2024-10-01T00:14:01.865+0000] {dag.py:3036} INFO - Sync 1 DAGs
[2024-10-01T00:14:01.894+0000] {logging_mixin.py:188} INFO - [2024-10-01T00:14:01.893+0000] {dag.py:3823} INFO - Setting next_dagrun for tutorial_taskflow_api to None, run_after=None
[2024-10-01T00:14:01.936+0000] {processor.py:183} INFO - Processing /home/airflow/.local/lib/python3.8/site-packages/airflow/example_dags/tutorial_taskflow_api.py took 0.139 seconds
[2024-10-01T00:14:32.670+0000] {processor.py:161} INFO - Started process (PID=2514) to work on /home/airflow/.local/lib/python3.8/site-packages/airflow/example_dags/tutorial_taskflow_api.py
[2024-10-01T00:14:32.672+0000] {processor.py:830} INFO - Processing file /home/airflow/.local/lib/python3.8/site-packages/airflow/example_dags/tutorial_taskflow_api.py for tasks to queue
[2024-10-01T00:14:32.675+0000] {logging_mixin.py:188} INFO - [2024-10-01T00:14:32.674+0000] {dagbag.py:538} INFO - Filling up the DagBag from /home/airflow/.local/lib/python3.8/site-packages/airflow/example_dags/tutorial_taskflow_api.py
[2024-10-01T00:14:32.684+0000] {processor.py:840} INFO - DAG(s) 'tutorial_taskflow_api' retrieved from /home/airflow/.local/lib/python3.8/site-packages/airflow/example_dags/tutorial_taskflow_api.py
[2024-10-01T00:14:32.713+0000] {logging_mixin.py:188} INFO - [2024-10-01T00:14:32.712+0000] {dag.py:3036} INFO - Sync 1 DAGs
[2024-10-01T00:14:32.731+0000] {logging_mixin.py:188} INFO - [2024-10-01T00:14:32.731+0000] {dag.py:3823} INFO - Setting next_dagrun for tutorial_taskflow_api to None, run_after=None
[2024-10-01T00:14:32.761+0000] {processor.py:183} INFO - Processing /home/airflow/.local/lib/python3.8/site-packages/airflow/example_dags/tutorial_taskflow_api.py took 0.095 seconds
[2024-10-01T00:15:03.432+0000] {processor.py:161} INFO - Started process (PID=2581) to work on /home/airflow/.local/lib/python3.8/site-packages/airflow/example_dags/tutorial_taskflow_api.py
[2024-10-01T00:15:03.434+0000] {processor.py:830} INFO - Processing file /home/airflow/.local/lib/python3.8/site-packages/airflow/example_dags/tutorial_taskflow_api.py for tasks to queue
[2024-10-01T00:15:03.436+0000] {logging_mixin.py:188} INFO - [2024-10-01T00:15:03.436+0000] {dagbag.py:538} INFO - Filling up the DagBag from /home/airflow/.local/lib/python3.8/site-packages/airflow/example_dags/tutorial_taskflow_api.py
[2024-10-01T00:15:03.448+0000] {processor.py:840} INFO - DAG(s) 'tutorial_taskflow_api' retrieved from /home/airflow/.local/lib/python3.8/site-packages/airflow/example_dags/tutorial_taskflow_api.py
[2024-10-01T00:15:03.484+0000] {logging_mixin.py:188} INFO - [2024-10-01T00:15:03.484+0000] {dag.py:3036} INFO - Sync 1 DAGs
[2024-10-01T00:15:03.504+0000] {logging_mixin.py:188} INFO - [2024-10-01T00:15:03.504+0000] {dag.py:3823} INFO - Setting next_dagrun for tutorial_taskflow_api to None, run_after=None
[2024-10-01T00:15:03.538+0000] {processor.py:183} INFO - Processing /home/airflow/.local/lib/python3.8/site-packages/airflow/example_dags/tutorial_taskflow_api.py took 0.111 seconds
[2024-10-01T00:15:34.080+0000] {processor.py:161} INFO - Started process (PID=2654) to work on /home/airflow/.local/lib/python3.8/site-packages/airflow/example_dags/tutorial_taskflow_api.py
[2024-10-01T00:15:34.082+0000] {processor.py:830} INFO - Processing file /home/airflow/.local/lib/python3.8/site-packages/airflow/example_dags/tutorial_taskflow_api.py for tasks to queue
[2024-10-01T00:15:34.085+0000] {logging_mixin.py:188} INFO - [2024-10-01T00:15:34.085+0000] {dagbag.py:538} INFO - Filling up the DagBag from /home/airflow/.local/lib/python3.8/site-packages/airflow/example_dags/tutorial_taskflow_api.py
[2024-10-01T00:15:34.098+0000] {processor.py:840} INFO - DAG(s) 'tutorial_taskflow_api' retrieved from /home/airflow/.local/lib/python3.8/site-packages/airflow/example_dags/tutorial_taskflow_api.py
[2024-10-01T00:15:34.154+0000] {logging_mixin.py:188} INFO - [2024-10-01T00:15:34.154+0000] {dag.py:3036} INFO - Sync 1 DAGs
[2024-10-01T00:15:34.186+0000] {logging_mixin.py:188} INFO - [2024-10-01T00:15:34.185+0000] {dag.py:3823} INFO - Setting next_dagrun for tutorial_taskflow_api to None, run_after=None
[2024-10-01T00:15:34.449+0000] {processor.py:183} INFO - Processing /home/airflow/.local/lib/python3.8/site-packages/airflow/example_dags/tutorial_taskflow_api.py took 0.377 seconds
[2024-10-01T00:16:28.151+0000] {processor.py:161} INFO - Started process (PID=2720) to work on /home/airflow/.local/lib/python3.8/site-packages/airflow/example_dags/tutorial_taskflow_api.py
[2024-10-01T00:16:28.170+0000] {processor.py:830} INFO - Processing file /home/airflow/.local/lib/python3.8/site-packages/airflow/example_dags/tutorial_taskflow_api.py for tasks to queue
[2024-10-01T00:16:28.202+0000] {logging_mixin.py:188} INFO - [2024-10-01T00:16:28.198+0000] {dagbag.py:538} INFO - Filling up the DagBag from /home/airflow/.local/lib/python3.8/site-packages/airflow/example_dags/tutorial_taskflow_api.py
[2024-10-01T00:16:28.323+0000] {processor.py:840} INFO - DAG(s) 'tutorial_taskflow_api' retrieved from /home/airflow/.local/lib/python3.8/site-packages/airflow/example_dags/tutorial_taskflow_api.py
[2024-10-01T00:16:28.680+0000] {logging_mixin.py:188} INFO - [2024-10-01T00:16:28.677+0000] {dag.py:3036} INFO - Sync 1 DAGs
[2024-10-01T00:16:28.934+0000] {logging_mixin.py:188} INFO - [2024-10-01T00:16:28.930+0000] {dag.py:3823} INFO - Setting next_dagrun for tutorial_taskflow_api to None, run_after=None
[2024-10-01T00:16:30.136+0000] {processor.py:183} INFO - Processing /home/airflow/.local/lib/python3.8/site-packages/airflow/example_dags/tutorial_taskflow_api.py took 2.037 seconds
[2024-10-01T00:17:00.595+0000] {processor.py:161} INFO - Started process (PID=2786) to work on /home/airflow/.local/lib/python3.8/site-packages/airflow/example_dags/tutorial_taskflow_api.py
[2024-10-01T00:17:00.597+0000] {processor.py:830} INFO - Processing file /home/airflow/.local/lib/python3.8/site-packages/airflow/example_dags/tutorial_taskflow_api.py for tasks to queue
[2024-10-01T00:17:00.602+0000] {logging_mixin.py:188} INFO - [2024-10-01T00:17:00.602+0000] {dagbag.py:538} INFO - Filling up the DagBag from /home/airflow/.local/lib/python3.8/site-packages/airflow/example_dags/tutorial_taskflow_api.py
[2024-10-01T00:17:00.616+0000] {processor.py:840} INFO - DAG(s) 'tutorial_taskflow_api' retrieved from /home/airflow/.local/lib/python3.8/site-packages/airflow/example_dags/tutorial_taskflow_api.py
[2024-10-01T00:17:00.665+0000] {logging_mixin.py:188} INFO - [2024-10-01T00:17:00.665+0000] {dag.py:3036} INFO - Sync 1 DAGs
[2024-10-01T00:17:00.710+0000] {logging_mixin.py:188} INFO - [2024-10-01T00:17:00.709+0000] {dag.py:3823} INFO - Setting next_dagrun for tutorial_taskflow_api to None, run_after=None
[2024-10-01T00:17:00.767+0000] {processor.py:183} INFO - Processing /home/airflow/.local/lib/python3.8/site-packages/airflow/example_dags/tutorial_taskflow_api.py took 0.179 seconds
[2024-10-01T00:17:30.982+0000] {processor.py:161} INFO - Started process (PID=2852) to work on /home/airflow/.local/lib/python3.8/site-packages/airflow/example_dags/tutorial_taskflow_api.py
[2024-10-01T00:17:30.983+0000] {processor.py:830} INFO - Processing file /home/airflow/.local/lib/python3.8/site-packages/airflow/example_dags/tutorial_taskflow_api.py for tasks to queue
[2024-10-01T00:17:30.986+0000] {logging_mixin.py:188} INFO - [2024-10-01T00:17:30.985+0000] {dagbag.py:538} INFO - Filling up the DagBag from /home/airflow/.local/lib/python3.8/site-packages/airflow/example_dags/tutorial_taskflow_api.py
[2024-10-01T00:17:30.995+0000] {processor.py:840} INFO - DAG(s) 'tutorial_taskflow_api' retrieved from /home/airflow/.local/lib/python3.8/site-packages/airflow/example_dags/tutorial_taskflow_api.py
[2024-10-01T00:17:31.026+0000] {logging_mixin.py:188} INFO - [2024-10-01T00:17:31.026+0000] {dag.py:3036} INFO - Sync 1 DAGs
[2024-10-01T00:17:31.047+0000] {logging_mixin.py:188} INFO - [2024-10-01T00:17:31.047+0000] {dag.py:3823} INFO - Setting next_dagrun for tutorial_taskflow_api to None, run_after=None
[2024-10-01T00:17:31.077+0000] {processor.py:183} INFO - Processing /home/airflow/.local/lib/python3.8/site-packages/airflow/example_dags/tutorial_taskflow_api.py took 0.099 seconds
[2024-10-01T00:18:01.227+0000] {processor.py:161} INFO - Started process (PID=2926) to work on /home/airflow/.local/lib/python3.8/site-packages/airflow/example_dags/tutorial_taskflow_api.py
[2024-10-01T00:18:01.229+0000] {processor.py:830} INFO - Processing file /home/airflow/.local/lib/python3.8/site-packages/airflow/example_dags/tutorial_taskflow_api.py for tasks to queue
[2024-10-01T00:18:01.233+0000] {logging_mixin.py:188} INFO - [2024-10-01T00:18:01.233+0000] {dagbag.py:538} INFO - Filling up the DagBag from /home/airflow/.local/lib/python3.8/site-packages/airflow/example_dags/tutorial_taskflow_api.py
[2024-10-01T00:18:01.244+0000] {processor.py:840} INFO - DAG(s) 'tutorial_taskflow_api' retrieved from /home/airflow/.local/lib/python3.8/site-packages/airflow/example_dags/tutorial_taskflow_api.py
[2024-10-01T00:18:01.298+0000] {logging_mixin.py:188} INFO - [2024-10-01T00:18:01.297+0000] {dag.py:3036} INFO - Sync 1 DAGs
[2024-10-01T00:18:01.344+0000] {logging_mixin.py:188} INFO - [2024-10-01T00:18:01.343+0000] {dag.py:3823} INFO - Setting next_dagrun for tutorial_taskflow_api to None, run_after=None
[2024-10-01T00:18:01.403+0000] {processor.py:183} INFO - Processing /home/airflow/.local/lib/python3.8/site-packages/airflow/example_dags/tutorial_taskflow_api.py took 0.181 seconds
[2024-10-01T00:18:31.593+0000] {processor.py:161} INFO - Started process (PID=2992) to work on /home/airflow/.local/lib/python3.8/site-packages/airflow/example_dags/tutorial_taskflow_api.py
[2024-10-01T00:18:31.595+0000] {processor.py:830} INFO - Processing file /home/airflow/.local/lib/python3.8/site-packages/airflow/example_dags/tutorial_taskflow_api.py for tasks to queue
[2024-10-01T00:18:31.597+0000] {logging_mixin.py:188} INFO - [2024-10-01T00:18:31.597+0000] {dagbag.py:538} INFO - Filling up the DagBag from /home/airflow/.local/lib/python3.8/site-packages/airflow/example_dags/tutorial_taskflow_api.py
[2024-10-01T00:18:31.606+0000] {processor.py:840} INFO - DAG(s) 'tutorial_taskflow_api' retrieved from /home/airflow/.local/lib/python3.8/site-packages/airflow/example_dags/tutorial_taskflow_api.py
[2024-10-01T00:18:31.634+0000] {logging_mixin.py:188} INFO - [2024-10-01T00:18:31.634+0000] {dag.py:3036} INFO - Sync 1 DAGs
[2024-10-01T00:18:31.654+0000] {logging_mixin.py:188} INFO - [2024-10-01T00:18:31.654+0000] {dag.py:3823} INFO - Setting next_dagrun for tutorial_taskflow_api to None, run_after=None
[2024-10-01T00:18:31.686+0000] {processor.py:183} INFO - Processing /home/airflow/.local/lib/python3.8/site-packages/airflow/example_dags/tutorial_taskflow_api.py took 0.097 seconds
[2024-10-01T00:19:01.861+0000] {processor.py:161} INFO - Started process (PID=3059) to work on /home/airflow/.local/lib/python3.8/site-packages/airflow/example_dags/tutorial_taskflow_api.py
[2024-10-01T00:19:01.864+0000] {processor.py:830} INFO - Processing file /home/airflow/.local/lib/python3.8/site-packages/airflow/example_dags/tutorial_taskflow_api.py for tasks to queue
[2024-10-01T00:19:01.869+0000] {logging_mixin.py:188} INFO - [2024-10-01T00:19:01.868+0000] {dagbag.py:538} INFO - Filling up the DagBag from /home/airflow/.local/lib/python3.8/site-packages/airflow/example_dags/tutorial_taskflow_api.py
[2024-10-01T00:19:01.886+0000] {processor.py:840} INFO - DAG(s) 'tutorial_taskflow_api' retrieved from /home/airflow/.local/lib/python3.8/site-packages/airflow/example_dags/tutorial_taskflow_api.py
[2024-10-01T00:19:01.936+0000] {logging_mixin.py:188} INFO - [2024-10-01T00:19:01.935+0000] {dag.py:3036} INFO - Sync 1 DAGs
[2024-10-01T00:19:01.966+0000] {logging_mixin.py:188} INFO - [2024-10-01T00:19:01.965+0000] {dag.py:3823} INFO - Setting next_dagrun for tutorial_taskflow_api to None, run_after=None
[2024-10-01T00:19:02.006+0000] {processor.py:183} INFO - Processing /home/airflow/.local/lib/python3.8/site-packages/airflow/example_dags/tutorial_taskflow_api.py took 0.156 seconds
[2024-10-01T00:19:32.216+0000] {processor.py:161} INFO - Started process (PID=3125) to work on /home/airflow/.local/lib/python3.8/site-packages/airflow/example_dags/tutorial_taskflow_api.py
[2024-10-01T00:19:32.218+0000] {processor.py:830} INFO - Processing file /home/airflow/.local/lib/python3.8/site-packages/airflow/example_dags/tutorial_taskflow_api.py for tasks to queue
[2024-10-01T00:19:32.220+0000] {logging_mixin.py:188} INFO - [2024-10-01T00:19:32.220+0000] {dagbag.py:538} INFO - Filling up the DagBag from /home/airflow/.local/lib/python3.8/site-packages/airflow/example_dags/tutorial_taskflow_api.py
[2024-10-01T00:19:32.229+0000] {processor.py:840} INFO - DAG(s) 'tutorial_taskflow_api' retrieved from /home/airflow/.local/lib/python3.8/site-packages/airflow/example_dags/tutorial_taskflow_api.py
[2024-10-01T00:19:32.267+0000] {logging_mixin.py:188} INFO - [2024-10-01T00:19:32.267+0000] {dag.py:3036} INFO - Sync 1 DAGs
[2024-10-01T00:19:32.294+0000] {logging_mixin.py:188} INFO - [2024-10-01T00:19:32.293+0000] {dag.py:3823} INFO - Setting next_dagrun for tutorial_taskflow_api to None, run_after=None
[2024-10-01T00:19:32.332+0000] {processor.py:183} INFO - Processing /home/airflow/.local/lib/python3.8/site-packages/airflow/example_dags/tutorial_taskflow_api.py took 0.119 seconds
[2024-10-01T00:20:02.408+0000] {processor.py:161} INFO - Started process (PID=3192) to work on /home/airflow/.local/lib/python3.8/site-packages/airflow/example_dags/tutorial_taskflow_api.py
[2024-10-01T00:20:02.409+0000] {processor.py:830} INFO - Processing file /home/airflow/.local/lib/python3.8/site-packages/airflow/example_dags/tutorial_taskflow_api.py for tasks to queue
[2024-10-01T00:20:02.411+0000] {logging_mixin.py:188} INFO - [2024-10-01T00:20:02.411+0000] {dagbag.py:538} INFO - Filling up the DagBag from /home/airflow/.local/lib/python3.8/site-packages/airflow/example_dags/tutorial_taskflow_api.py
[2024-10-01T00:20:02.417+0000] {processor.py:840} INFO - DAG(s) 'tutorial_taskflow_api' retrieved from /home/airflow/.local/lib/python3.8/site-packages/airflow/example_dags/tutorial_taskflow_api.py
[2024-10-01T00:20:02.438+0000] {logging_mixin.py:188} INFO - [2024-10-01T00:20:02.438+0000] {dag.py:3036} INFO - Sync 1 DAGs
[2024-10-01T00:20:02.457+0000] {logging_mixin.py:188} INFO - [2024-10-01T00:20:02.456+0000] {dag.py:3823} INFO - Setting next_dagrun for tutorial_taskflow_api to None, run_after=None
[2024-10-01T00:20:02.493+0000] {processor.py:183} INFO - Processing /home/airflow/.local/lib/python3.8/site-packages/airflow/example_dags/tutorial_taskflow_api.py took 0.089 seconds
[2024-10-01T00:20:32.862+0000] {processor.py:161} INFO - Started process (PID=3258) to work on /home/airflow/.local/lib/python3.8/site-packages/airflow/example_dags/tutorial_taskflow_api.py
[2024-10-01T00:20:32.864+0000] {processor.py:830} INFO - Processing file /home/airflow/.local/lib/python3.8/site-packages/airflow/example_dags/tutorial_taskflow_api.py for tasks to queue
[2024-10-01T00:20:32.866+0000] {logging_mixin.py:188} INFO - [2024-10-01T00:20:32.866+0000] {dagbag.py:538} INFO - Filling up the DagBag from /home/airflow/.local/lib/python3.8/site-packages/airflow/example_dags/tutorial_taskflow_api.py
[2024-10-01T00:20:32.876+0000] {processor.py:840} INFO - DAG(s) 'tutorial_taskflow_api' retrieved from /home/airflow/.local/lib/python3.8/site-packages/airflow/example_dags/tutorial_taskflow_api.py
[2024-10-01T00:20:32.908+0000] {logging_mixin.py:188} INFO - [2024-10-01T00:20:32.908+0000] {dag.py:3036} INFO - Sync 1 DAGs
[2024-10-01T00:20:32.929+0000] {logging_mixin.py:188} INFO - [2024-10-01T00:20:32.929+0000] {dag.py:3823} INFO - Setting next_dagrun for tutorial_taskflow_api to None, run_after=None
[2024-10-01T00:20:32.963+0000] {processor.py:183} INFO - Processing /home/airflow/.local/lib/python3.8/site-packages/airflow/example_dags/tutorial_taskflow_api.py took 0.107 seconds
[2024-10-01T00:21:03.306+0000] {processor.py:161} INFO - Started process (PID=3331) to work on /home/airflow/.local/lib/python3.8/site-packages/airflow/example_dags/tutorial_taskflow_api.py
[2024-10-01T00:21:03.308+0000] {processor.py:830} INFO - Processing file /home/airflow/.local/lib/python3.8/site-packages/airflow/example_dags/tutorial_taskflow_api.py for tasks to queue
[2024-10-01T00:21:03.310+0000] {logging_mixin.py:188} INFO - [2024-10-01T00:21:03.310+0000] {dagbag.py:538} INFO - Filling up the DagBag from /home/airflow/.local/lib/python3.8/site-packages/airflow/example_dags/tutorial_taskflow_api.py
[2024-10-01T00:21:03.321+0000] {processor.py:840} INFO - DAG(s) 'tutorial_taskflow_api' retrieved from /home/airflow/.local/lib/python3.8/site-packages/airflow/example_dags/tutorial_taskflow_api.py
[2024-10-01T00:21:03.361+0000] {logging_mixin.py:188} INFO - [2024-10-01T00:21:03.360+0000] {dag.py:3036} INFO - Sync 1 DAGs
[2024-10-01T00:21:03.388+0000] {logging_mixin.py:188} INFO - [2024-10-01T00:21:03.388+0000] {dag.py:3823} INFO - Setting next_dagrun for tutorial_taskflow_api to None, run_after=None
[2024-10-01T00:21:03.420+0000] {processor.py:183} INFO - Processing /home/airflow/.local/lib/python3.8/site-packages/airflow/example_dags/tutorial_taskflow_api.py took 0.119 seconds
[2024-10-01T00:21:34.215+0000] {processor.py:161} INFO - Started process (PID=3396) to work on /home/airflow/.local/lib/python3.8/site-packages/airflow/example_dags/tutorial_taskflow_api.py
[2024-10-01T00:21:34.217+0000] {processor.py:830} INFO - Processing file /home/airflow/.local/lib/python3.8/site-packages/airflow/example_dags/tutorial_taskflow_api.py for tasks to queue
[2024-10-01T00:21:34.220+0000] {logging_mixin.py:188} INFO - [2024-10-01T00:21:34.219+0000] {dagbag.py:538} INFO - Filling up the DagBag from /home/airflow/.local/lib/python3.8/site-packages/airflow/example_dags/tutorial_taskflow_api.py
[2024-10-01T00:21:34.231+0000] {processor.py:840} INFO - DAG(s) 'tutorial_taskflow_api' retrieved from /home/airflow/.local/lib/python3.8/site-packages/airflow/example_dags/tutorial_taskflow_api.py
[2024-10-01T00:21:34.273+0000] {logging_mixin.py:188} INFO - [2024-10-01T00:21:34.272+0000] {dag.py:3036} INFO - Sync 1 DAGs
[2024-10-01T00:21:34.299+0000] {logging_mixin.py:188} INFO - [2024-10-01T00:21:34.299+0000] {dag.py:3823} INFO - Setting next_dagrun for tutorial_taskflow_api to None, run_after=None
[2024-10-01T00:21:34.337+0000] {processor.py:183} INFO - Processing /home/airflow/.local/lib/python3.8/site-packages/airflow/example_dags/tutorial_taskflow_api.py took 0.127 seconds
[2024-10-01T00:22:04.961+0000] {processor.py:161} INFO - Started process (PID=3462) to work on /home/airflow/.local/lib/python3.8/site-packages/airflow/example_dags/tutorial_taskflow_api.py
[2024-10-01T00:22:04.963+0000] {processor.py:830} INFO - Processing file /home/airflow/.local/lib/python3.8/site-packages/airflow/example_dags/tutorial_taskflow_api.py for tasks to queue
[2024-10-01T00:22:04.967+0000] {logging_mixin.py:188} INFO - [2024-10-01T00:22:04.967+0000] {dagbag.py:538} INFO - Filling up the DagBag from /home/airflow/.local/lib/python3.8/site-packages/airflow/example_dags/tutorial_taskflow_api.py
[2024-10-01T00:22:04.982+0000] {processor.py:840} INFO - DAG(s) 'tutorial_taskflow_api' retrieved from /home/airflow/.local/lib/python3.8/site-packages/airflow/example_dags/tutorial_taskflow_api.py
[2024-10-01T00:22:05.028+0000] {logging_mixin.py:188} INFO - [2024-10-01T00:22:05.027+0000] {dag.py:3036} INFO - Sync 1 DAGs
[2024-10-01T00:22:05.056+0000] {logging_mixin.py:188} INFO - [2024-10-01T00:22:05.055+0000] {dag.py:3823} INFO - Setting next_dagrun for tutorial_taskflow_api to None, run_after=None
[2024-10-01T00:22:05.097+0000] {processor.py:183} INFO - Processing /home/airflow/.local/lib/python3.8/site-packages/airflow/example_dags/tutorial_taskflow_api.py took 0.143 seconds
[2024-10-01T00:22:35.538+0000] {processor.py:161} INFO - Started process (PID=3529) to work on /home/airflow/.local/lib/python3.8/site-packages/airflow/example_dags/tutorial_taskflow_api.py
[2024-10-01T00:22:35.540+0000] {processor.py:830} INFO - Processing file /home/airflow/.local/lib/python3.8/site-packages/airflow/example_dags/tutorial_taskflow_api.py for tasks to queue
[2024-10-01T00:22:35.544+0000] {logging_mixin.py:188} INFO - [2024-10-01T00:22:35.543+0000] {dagbag.py:538} INFO - Filling up the DagBag from /home/airflow/.local/lib/python3.8/site-packages/airflow/example_dags/tutorial_taskflow_api.py
[2024-10-01T00:22:35.554+0000] {processor.py:840} INFO - DAG(s) 'tutorial_taskflow_api' retrieved from /home/airflow/.local/lib/python3.8/site-packages/airflow/example_dags/tutorial_taskflow_api.py
[2024-10-01T00:22:35.589+0000] {logging_mixin.py:188} INFO - [2024-10-01T00:22:35.589+0000] {dag.py:3036} INFO - Sync 1 DAGs
[2024-10-01T00:22:35.615+0000] {logging_mixin.py:188} INFO - [2024-10-01T00:22:35.614+0000] {dag.py:3823} INFO - Setting next_dagrun for tutorial_taskflow_api to None, run_after=None
[2024-10-01T00:22:35.666+0000] {processor.py:183} INFO - Processing /home/airflow/.local/lib/python3.8/site-packages/airflow/example_dags/tutorial_taskflow_api.py took 0.133 seconds
[2024-10-01T00:23:05.793+0000] {processor.py:161} INFO - Started process (PID=3596) to work on /home/airflow/.local/lib/python3.8/site-packages/airflow/example_dags/tutorial_taskflow_api.py
[2024-10-01T00:23:05.794+0000] {processor.py:830} INFO - Processing file /home/airflow/.local/lib/python3.8/site-packages/airflow/example_dags/tutorial_taskflow_api.py for tasks to queue
[2024-10-01T00:23:05.796+0000] {logging_mixin.py:188} INFO - [2024-10-01T00:23:05.796+0000] {dagbag.py:538} INFO - Filling up the DagBag from /home/airflow/.local/lib/python3.8/site-packages/airflow/example_dags/tutorial_taskflow_api.py
[2024-10-01T00:23:05.802+0000] {processor.py:840} INFO - DAG(s) 'tutorial_taskflow_api' retrieved from /home/airflow/.local/lib/python3.8/site-packages/airflow/example_dags/tutorial_taskflow_api.py
[2024-10-01T00:23:05.827+0000] {logging_mixin.py:188} INFO - [2024-10-01T00:23:05.827+0000] {dag.py:3036} INFO - Sync 1 DAGs
[2024-10-01T00:23:05.851+0000] {logging_mixin.py:188} INFO - [2024-10-01T00:23:05.851+0000] {dag.py:3823} INFO - Setting next_dagrun for tutorial_taskflow_api to None, run_after=None
[2024-10-01T00:23:05.898+0000] {processor.py:183} INFO - Processing /home/airflow/.local/lib/python3.8/site-packages/airflow/example_dags/tutorial_taskflow_api.py took 0.108 seconds
[2024-10-01T00:23:35.986+0000] {processor.py:161} INFO - Started process (PID=3662) to work on /home/airflow/.local/lib/python3.8/site-packages/airflow/example_dags/tutorial_taskflow_api.py
[2024-10-01T00:23:35.987+0000] {processor.py:830} INFO - Processing file /home/airflow/.local/lib/python3.8/site-packages/airflow/example_dags/tutorial_taskflow_api.py for tasks to queue
[2024-10-01T00:23:35.989+0000] {logging_mixin.py:188} INFO - [2024-10-01T00:23:35.989+0000] {dagbag.py:538} INFO - Filling up the DagBag from /home/airflow/.local/lib/python3.8/site-packages/airflow/example_dags/tutorial_taskflow_api.py
[2024-10-01T00:23:35.995+0000] {processor.py:840} INFO - DAG(s) 'tutorial_taskflow_api' retrieved from /home/airflow/.local/lib/python3.8/site-packages/airflow/example_dags/tutorial_taskflow_api.py
[2024-10-01T00:23:36.018+0000] {logging_mixin.py:188} INFO - [2024-10-01T00:23:36.017+0000] {dag.py:3036} INFO - Sync 1 DAGs
[2024-10-01T00:23:36.035+0000] {logging_mixin.py:188} INFO - [2024-10-01T00:23:36.035+0000] {dag.py:3823} INFO - Setting next_dagrun for tutorial_taskflow_api to None, run_after=None
[2024-10-01T00:23:36.065+0000] {processor.py:183} INFO - Processing /home/airflow/.local/lib/python3.8/site-packages/airflow/example_dags/tutorial_taskflow_api.py took 0.083 seconds
[2024-10-01T00:24:06.708+0000] {processor.py:161} INFO - Started process (PID=3728) to work on /home/airflow/.local/lib/python3.8/site-packages/airflow/example_dags/tutorial_taskflow_api.py
[2024-10-01T00:24:06.712+0000] {processor.py:830} INFO - Processing file /home/airflow/.local/lib/python3.8/site-packages/airflow/example_dags/tutorial_taskflow_api.py for tasks to queue
[2024-10-01T00:24:06.717+0000] {logging_mixin.py:188} INFO - [2024-10-01T00:24:06.716+0000] {dagbag.py:538} INFO - Filling up the DagBag from /home/airflow/.local/lib/python3.8/site-packages/airflow/example_dags/tutorial_taskflow_api.py
[2024-10-01T00:24:06.732+0000] {processor.py:840} INFO - DAG(s) 'tutorial_taskflow_api' retrieved from /home/airflow/.local/lib/python3.8/site-packages/airflow/example_dags/tutorial_taskflow_api.py
[2024-10-01T00:24:06.783+0000] {logging_mixin.py:188} INFO - [2024-10-01T00:24:06.782+0000] {dag.py:3036} INFO - Sync 1 DAGs
[2024-10-01T00:24:06.815+0000] {logging_mixin.py:188} INFO - [2024-10-01T00:24:06.814+0000] {dag.py:3823} INFO - Setting next_dagrun for tutorial_taskflow_api to None, run_after=None
[2024-10-01T00:24:06.869+0000] {processor.py:183} INFO - Processing /home/airflow/.local/lib/python3.8/site-packages/airflow/example_dags/tutorial_taskflow_api.py took 0.169 seconds
[2024-10-01T00:24:37.071+0000] {processor.py:161} INFO - Started process (PID=3794) to work on /home/airflow/.local/lib/python3.8/site-packages/airflow/example_dags/tutorial_taskflow_api.py
[2024-10-01T00:24:37.074+0000] {processor.py:830} INFO - Processing file /home/airflow/.local/lib/python3.8/site-packages/airflow/example_dags/tutorial_taskflow_api.py for tasks to queue
[2024-10-01T00:24:37.077+0000] {logging_mixin.py:188} INFO - [2024-10-01T00:24:37.077+0000] {dagbag.py:538} INFO - Filling up the DagBag from /home/airflow/.local/lib/python3.8/site-packages/airflow/example_dags/tutorial_taskflow_api.py
[2024-10-01T00:24:37.092+0000] {processor.py:840} INFO - DAG(s) 'tutorial_taskflow_api' retrieved from /home/airflow/.local/lib/python3.8/site-packages/airflow/example_dags/tutorial_taskflow_api.py
[2024-10-01T00:24:37.137+0000] {logging_mixin.py:188} INFO - [2024-10-01T00:24:37.136+0000] {dag.py:3036} INFO - Sync 1 DAGs
[2024-10-01T00:24:37.173+0000] {logging_mixin.py:188} INFO - [2024-10-01T00:24:37.173+0000] {dag.py:3823} INFO - Setting next_dagrun for tutorial_taskflow_api to None, run_after=None
[2024-10-01T00:24:37.216+0000] {processor.py:183} INFO - Processing /home/airflow/.local/lib/python3.8/site-packages/airflow/example_dags/tutorial_taskflow_api.py took 0.153 seconds
[2024-10-01T00:25:07.370+0000] {processor.py:161} INFO - Started process (PID=3860) to work on /home/airflow/.local/lib/python3.8/site-packages/airflow/example_dags/tutorial_taskflow_api.py
[2024-10-01T00:25:07.372+0000] {processor.py:830} INFO - Processing file /home/airflow/.local/lib/python3.8/site-packages/airflow/example_dags/tutorial_taskflow_api.py for tasks to queue
[2024-10-01T00:25:07.376+0000] {logging_mixin.py:188} INFO - [2024-10-01T00:25:07.375+0000] {dagbag.py:538} INFO - Filling up the DagBag from /home/airflow/.local/lib/python3.8/site-packages/airflow/example_dags/tutorial_taskflow_api.py
[2024-10-01T00:25:07.389+0000] {processor.py:840} INFO - DAG(s) 'tutorial_taskflow_api' retrieved from /home/airflow/.local/lib/python3.8/site-packages/airflow/example_dags/tutorial_taskflow_api.py
[2024-10-01T00:25:07.436+0000] {logging_mixin.py:188} INFO - [2024-10-01T00:25:07.436+0000] {dag.py:3036} INFO - Sync 1 DAGs
[2024-10-01T00:25:07.464+0000] {logging_mixin.py:188} INFO - [2024-10-01T00:25:07.463+0000] {dag.py:3823} INFO - Setting next_dagrun for tutorial_taskflow_api to None, run_after=None
[2024-10-01T00:25:07.508+0000] {processor.py:183} INFO - Processing /home/airflow/.local/lib/python3.8/site-packages/airflow/example_dags/tutorial_taskflow_api.py took 0.144 seconds
[2024-10-01T00:25:37.808+0000] {processor.py:161} INFO - Started process (PID=3926) to work on /home/airflow/.local/lib/python3.8/site-packages/airflow/example_dags/tutorial_taskflow_api.py
[2024-10-01T00:25:37.811+0000] {processor.py:830} INFO - Processing file /home/airflow/.local/lib/python3.8/site-packages/airflow/example_dags/tutorial_taskflow_api.py for tasks to queue
[2024-10-01T00:25:37.814+0000] {logging_mixin.py:188} INFO - [2024-10-01T00:25:37.814+0000] {dagbag.py:538} INFO - Filling up the DagBag from /home/airflow/.local/lib/python3.8/site-packages/airflow/example_dags/tutorial_taskflow_api.py
[2024-10-01T00:25:37.829+0000] {processor.py:840} INFO - DAG(s) 'tutorial_taskflow_api' retrieved from /home/airflow/.local/lib/python3.8/site-packages/airflow/example_dags/tutorial_taskflow_api.py
[2024-10-01T00:25:37.872+0000] {logging_mixin.py:188} INFO - [2024-10-01T00:25:37.871+0000] {dag.py:3036} INFO - Sync 1 DAGs
[2024-10-01T00:25:37.899+0000] {logging_mixin.py:188} INFO - [2024-10-01T00:25:37.899+0000] {dag.py:3823} INFO - Setting next_dagrun for tutorial_taskflow_api to None, run_after=None
[2024-10-01T00:25:37.942+0000] {processor.py:183} INFO - Processing /home/airflow/.local/lib/python3.8/site-packages/airflow/example_dags/tutorial_taskflow_api.py took 0.141 seconds
[2024-10-01T00:26:08.272+0000] {processor.py:161} INFO - Started process (PID=3992) to work on /home/airflow/.local/lib/python3.8/site-packages/airflow/example_dags/tutorial_taskflow_api.py
[2024-10-01T00:26:08.274+0000] {processor.py:830} INFO - Processing file /home/airflow/.local/lib/python3.8/site-packages/airflow/example_dags/tutorial_taskflow_api.py for tasks to queue
[2024-10-01T00:26:08.278+0000] {logging_mixin.py:188} INFO - [2024-10-01T00:26:08.277+0000] {dagbag.py:538} INFO - Filling up the DagBag from /home/airflow/.local/lib/python3.8/site-packages/airflow/example_dags/tutorial_taskflow_api.py
[2024-10-01T00:26:08.292+0000] {processor.py:840} INFO - DAG(s) 'tutorial_taskflow_api' retrieved from /home/airflow/.local/lib/python3.8/site-packages/airflow/example_dags/tutorial_taskflow_api.py
[2024-10-01T00:26:08.337+0000] {logging_mixin.py:188} INFO - [2024-10-01T00:26:08.337+0000] {dag.py:3036} INFO - Sync 1 DAGs
[2024-10-01T00:26:08.366+0000] {logging_mixin.py:188} INFO - [2024-10-01T00:26:08.365+0000] {dag.py:3823} INFO - Setting next_dagrun for tutorial_taskflow_api to None, run_after=None
[2024-10-01T00:26:08.407+0000] {processor.py:183} INFO - Processing /home/airflow/.local/lib/python3.8/site-packages/airflow/example_dags/tutorial_taskflow_api.py took 0.143 seconds
[2024-10-01T00:26:38.811+0000] {processor.py:161} INFO - Started process (PID=4050) to work on /home/airflow/.local/lib/python3.8/site-packages/airflow/example_dags/tutorial_taskflow_api.py
[2024-10-01T00:26:38.813+0000] {processor.py:830} INFO - Processing file /home/airflow/.local/lib/python3.8/site-packages/airflow/example_dags/tutorial_taskflow_api.py for tasks to queue
[2024-10-01T00:26:38.817+0000] {logging_mixin.py:188} INFO - [2024-10-01T00:26:38.816+0000] {dagbag.py:538} INFO - Filling up the DagBag from /home/airflow/.local/lib/python3.8/site-packages/airflow/example_dags/tutorial_taskflow_api.py
[2024-10-01T00:26:38.830+0000] {processor.py:840} INFO - DAG(s) 'tutorial_taskflow_api' retrieved from /home/airflow/.local/lib/python3.8/site-packages/airflow/example_dags/tutorial_taskflow_api.py
[2024-10-01T00:26:38.873+0000] {logging_mixin.py:188} INFO - [2024-10-01T00:26:38.873+0000] {dag.py:3036} INFO - Sync 1 DAGs
[2024-10-01T00:26:38.901+0000] {logging_mixin.py:188} INFO - [2024-10-01T00:26:38.900+0000] {dag.py:3823} INFO - Setting next_dagrun for tutorial_taskflow_api to None, run_after=None
[2024-10-01T00:26:38.941+0000] {processor.py:183} INFO - Processing /home/airflow/.local/lib/python3.8/site-packages/airflow/example_dags/tutorial_taskflow_api.py took 0.138 seconds
[2024-10-01T00:27:09.744+0000] {processor.py:161} INFO - Started process (PID=4116) to work on /home/airflow/.local/lib/python3.8/site-packages/airflow/example_dags/tutorial_taskflow_api.py
[2024-10-01T00:27:09.746+0000] {processor.py:830} INFO - Processing file /home/airflow/.local/lib/python3.8/site-packages/airflow/example_dags/tutorial_taskflow_api.py for tasks to queue
[2024-10-01T00:27:09.749+0000] {logging_mixin.py:188} INFO - [2024-10-01T00:27:09.749+0000] {dagbag.py:538} INFO - Filling up the DagBag from /home/airflow/.local/lib/python3.8/site-packages/airflow/example_dags/tutorial_taskflow_api.py
[2024-10-01T00:27:09.762+0000] {processor.py:840} INFO - DAG(s) 'tutorial_taskflow_api' retrieved from /home/airflow/.local/lib/python3.8/site-packages/airflow/example_dags/tutorial_taskflow_api.py
[2024-10-01T00:27:09.803+0000] {logging_mixin.py:188} INFO - [2024-10-01T00:27:09.803+0000] {dag.py:3036} INFO - Sync 1 DAGs
[2024-10-01T00:27:09.829+0000] {logging_mixin.py:188} INFO - [2024-10-01T00:27:09.828+0000] {dag.py:3823} INFO - Setting next_dagrun for tutorial_taskflow_api to None, run_after=None
[2024-10-01T00:27:09.866+0000] {processor.py:183} INFO - Processing /home/airflow/.local/lib/python3.8/site-packages/airflow/example_dags/tutorial_taskflow_api.py took 0.130 seconds
[2024-10-01T00:27:40.093+0000] {processor.py:161} INFO - Started process (PID=4182) to work on /home/airflow/.local/lib/python3.8/site-packages/airflow/example_dags/tutorial_taskflow_api.py
[2024-10-01T00:27:40.096+0000] {processor.py:830} INFO - Processing file /home/airflow/.local/lib/python3.8/site-packages/airflow/example_dags/tutorial_taskflow_api.py for tasks to queue
[2024-10-01T00:27:40.101+0000] {logging_mixin.py:188} INFO - [2024-10-01T00:27:40.100+0000] {dagbag.py:538} INFO - Filling up the DagBag from /home/airflow/.local/lib/python3.8/site-packages/airflow/example_dags/tutorial_taskflow_api.py
[2024-10-01T00:27:40.122+0000] {processor.py:840} INFO - DAG(s) 'tutorial_taskflow_api' retrieved from /home/airflow/.local/lib/python3.8/site-packages/airflow/example_dags/tutorial_taskflow_api.py
[2024-10-01T00:27:40.205+0000] {logging_mixin.py:188} INFO - [2024-10-01T00:27:40.204+0000] {dag.py:3036} INFO - Sync 1 DAGs
[2024-10-01T00:27:40.262+0000] {logging_mixin.py:188} INFO - [2024-10-01T00:27:40.261+0000] {dag.py:3823} INFO - Setting next_dagrun for tutorial_taskflow_api to None, run_after=None
[2024-10-01T00:27:40.368+0000] {processor.py:183} INFO - Processing /home/airflow/.local/lib/python3.8/site-packages/airflow/example_dags/tutorial_taskflow_api.py took 0.286 seconds
[2024-10-01T00:28:10.558+0000] {processor.py:161} INFO - Started process (PID=4248) to work on /home/airflow/.local/lib/python3.8/site-packages/airflow/example_dags/tutorial_taskflow_api.py
[2024-10-01T00:28:10.560+0000] {processor.py:830} INFO - Processing file /home/airflow/.local/lib/python3.8/site-packages/airflow/example_dags/tutorial_taskflow_api.py for tasks to queue
[2024-10-01T00:28:10.562+0000] {logging_mixin.py:188} INFO - [2024-10-01T00:28:10.562+0000] {dagbag.py:538} INFO - Filling up the DagBag from /home/airflow/.local/lib/python3.8/site-packages/airflow/example_dags/tutorial_taskflow_api.py
[2024-10-01T00:28:10.572+0000] {processor.py:840} INFO - DAG(s) 'tutorial_taskflow_api' retrieved from /home/airflow/.local/lib/python3.8/site-packages/airflow/example_dags/tutorial_taskflow_api.py
[2024-10-01T00:28:10.602+0000] {logging_mixin.py:188} INFO - [2024-10-01T00:28:10.602+0000] {dag.py:3036} INFO - Sync 1 DAGs
[2024-10-01T00:28:10.621+0000] {logging_mixin.py:188} INFO - [2024-10-01T00:28:10.621+0000] {dag.py:3823} INFO - Setting next_dagrun for tutorial_taskflow_api to None, run_after=None
[2024-10-01T00:28:10.653+0000] {processor.py:183} INFO - Processing /home/airflow/.local/lib/python3.8/site-packages/airflow/example_dags/tutorial_taskflow_api.py took 0.100 seconds
[2024-10-01T00:28:40.757+0000] {processor.py:161} INFO - Started process (PID=4314) to work on /home/airflow/.local/lib/python3.8/site-packages/airflow/example_dags/tutorial_taskflow_api.py
[2024-10-01T00:28:40.758+0000] {processor.py:830} INFO - Processing file /home/airflow/.local/lib/python3.8/site-packages/airflow/example_dags/tutorial_taskflow_api.py for tasks to queue
[2024-10-01T00:28:40.761+0000] {logging_mixin.py:188} INFO - [2024-10-01T00:28:40.761+0000] {dagbag.py:538} INFO - Filling up the DagBag from /home/airflow/.local/lib/python3.8/site-packages/airflow/example_dags/tutorial_taskflow_api.py
[2024-10-01T00:28:40.771+0000] {processor.py:840} INFO - DAG(s) 'tutorial_taskflow_api' retrieved from /home/airflow/.local/lib/python3.8/site-packages/airflow/example_dags/tutorial_taskflow_api.py
[2024-10-01T00:28:40.802+0000] {logging_mixin.py:188} INFO - [2024-10-01T00:28:40.802+0000] {dag.py:3036} INFO - Sync 1 DAGs
[2024-10-01T00:28:40.823+0000] {logging_mixin.py:188} INFO - [2024-10-01T00:28:40.822+0000] {dag.py:3823} INFO - Setting next_dagrun for tutorial_taskflow_api to None, run_after=None
[2024-10-01T00:28:40.855+0000] {processor.py:183} INFO - Processing /home/airflow/.local/lib/python3.8/site-packages/airflow/example_dags/tutorial_taskflow_api.py took 0.103 seconds
[2024-10-01T00:29:11.044+0000] {processor.py:161} INFO - Started process (PID=4380) to work on /home/airflow/.local/lib/python3.8/site-packages/airflow/example_dags/tutorial_taskflow_api.py
[2024-10-01T00:29:11.047+0000] {processor.py:830} INFO - Processing file /home/airflow/.local/lib/python3.8/site-packages/airflow/example_dags/tutorial_taskflow_api.py for tasks to queue
[2024-10-01T00:29:11.052+0000] {logging_mixin.py:188} INFO - [2024-10-01T00:29:11.051+0000] {dagbag.py:538} INFO - Filling up the DagBag from /home/airflow/.local/lib/python3.8/site-packages/airflow/example_dags/tutorial_taskflow_api.py
[2024-10-01T00:29:11.073+0000] {processor.py:840} INFO - DAG(s) 'tutorial_taskflow_api' retrieved from /home/airflow/.local/lib/python3.8/site-packages/airflow/example_dags/tutorial_taskflow_api.py
[2024-10-01T00:29:11.127+0000] {logging_mixin.py:188} INFO - [2024-10-01T00:29:11.127+0000] {dag.py:3036} INFO - Sync 1 DAGs
[2024-10-01T00:29:11.165+0000] {logging_mixin.py:188} INFO - [2024-10-01T00:29:11.164+0000] {dag.py:3823} INFO - Setting next_dagrun for tutorial_taskflow_api to None, run_after=None
[2024-10-01T00:29:11.241+0000] {processor.py:183} INFO - Processing /home/airflow/.local/lib/python3.8/site-packages/airflow/example_dags/tutorial_taskflow_api.py took 0.208 seconds
[2024-10-01T00:29:41.571+0000] {processor.py:161} INFO - Started process (PID=4438) to work on /home/airflow/.local/lib/python3.8/site-packages/airflow/example_dags/tutorial_taskflow_api.py
[2024-10-01T00:29:41.573+0000] {processor.py:830} INFO - Processing file /home/airflow/.local/lib/python3.8/site-packages/airflow/example_dags/tutorial_taskflow_api.py for tasks to queue
[2024-10-01T00:29:41.576+0000] {logging_mixin.py:188} INFO - [2024-10-01T00:29:41.575+0000] {dagbag.py:538} INFO - Filling up the DagBag from /home/airflow/.local/lib/python3.8/site-packages/airflow/example_dags/tutorial_taskflow_api.py
[2024-10-01T00:29:41.587+0000] {processor.py:840} INFO - DAG(s) 'tutorial_taskflow_api' retrieved from /home/airflow/.local/lib/python3.8/site-packages/airflow/example_dags/tutorial_taskflow_api.py
[2024-10-01T00:29:41.620+0000] {logging_mixin.py:188} INFO - [2024-10-01T00:29:41.619+0000] {dag.py:3036} INFO - Sync 1 DAGs
[2024-10-01T00:29:41.640+0000] {logging_mixin.py:188} INFO - [2024-10-01T00:29:41.639+0000] {dag.py:3823} INFO - Setting next_dagrun for tutorial_taskflow_api to None, run_after=None
[2024-10-01T00:29:41.674+0000] {processor.py:183} INFO - Processing /home/airflow/.local/lib/python3.8/site-packages/airflow/example_dags/tutorial_taskflow_api.py took 0.108 seconds
[2024-10-01T00:30:12.077+0000] {processor.py:161} INFO - Started process (PID=4504) to work on /home/airflow/.local/lib/python3.8/site-packages/airflow/example_dags/tutorial_taskflow_api.py
[2024-10-01T00:30:12.079+0000] {processor.py:830} INFO - Processing file /home/airflow/.local/lib/python3.8/site-packages/airflow/example_dags/tutorial_taskflow_api.py for tasks to queue
[2024-10-01T00:30:12.082+0000] {logging_mixin.py:188} INFO - [2024-10-01T00:30:12.081+0000] {dagbag.py:538} INFO - Filling up the DagBag from /home/airflow/.local/lib/python3.8/site-packages/airflow/example_dags/tutorial_taskflow_api.py
[2024-10-01T00:30:12.092+0000] {processor.py:840} INFO - DAG(s) 'tutorial_taskflow_api' retrieved from /home/airflow/.local/lib/python3.8/site-packages/airflow/example_dags/tutorial_taskflow_api.py
[2024-10-01T00:30:12.123+0000] {logging_mixin.py:188} INFO - [2024-10-01T00:30:12.123+0000] {dag.py:3036} INFO - Sync 1 DAGs
[2024-10-01T00:30:12.144+0000] {logging_mixin.py:188} INFO - [2024-10-01T00:30:12.143+0000] {dag.py:3823} INFO - Setting next_dagrun for tutorial_taskflow_api to None, run_after=None
[2024-10-01T00:30:12.176+0000] {processor.py:183} INFO - Processing /home/airflow/.local/lib/python3.8/site-packages/airflow/example_dags/tutorial_taskflow_api.py took 0.103 seconds
[2024-10-01T00:30:43.016+0000] {processor.py:161} INFO - Started process (PID=4570) to work on /home/airflow/.local/lib/python3.8/site-packages/airflow/example_dags/tutorial_taskflow_api.py
[2024-10-01T00:30:43.021+0000] {processor.py:830} INFO - Processing file /home/airflow/.local/lib/python3.8/site-packages/airflow/example_dags/tutorial_taskflow_api.py for tasks to queue
[2024-10-01T00:30:43.030+0000] {logging_mixin.py:188} INFO - [2024-10-01T00:30:43.028+0000] {dagbag.py:538} INFO - Filling up the DagBag from /home/airflow/.local/lib/python3.8/site-packages/airflow/example_dags/tutorial_taskflow_api.py
[2024-10-01T00:30:43.058+0000] {processor.py:840} INFO - DAG(s) 'tutorial_taskflow_api' retrieved from /home/airflow/.local/lib/python3.8/site-packages/airflow/example_dags/tutorial_taskflow_api.py
[2024-10-01T00:30:43.136+0000] {logging_mixin.py:188} INFO - [2024-10-01T00:30:43.135+0000] {dag.py:3036} INFO - Sync 1 DAGs
[2024-10-01T00:30:43.188+0000] {logging_mixin.py:188} INFO - [2024-10-01T00:30:43.187+0000] {dag.py:3823} INFO - Setting next_dagrun for tutorial_taskflow_api to None, run_after=None
[2024-10-01T00:30:43.276+0000] {processor.py:183} INFO - Processing /home/airflow/.local/lib/python3.8/site-packages/airflow/example_dags/tutorial_taskflow_api.py took 0.275 seconds
[2024-10-01T00:31:13.932+0000] {processor.py:161} INFO - Started process (PID=4636) to work on /home/airflow/.local/lib/python3.8/site-packages/airflow/example_dags/tutorial_taskflow_api.py
[2024-10-01T00:31:13.935+0000] {processor.py:830} INFO - Processing file /home/airflow/.local/lib/python3.8/site-packages/airflow/example_dags/tutorial_taskflow_api.py for tasks to queue
[2024-10-01T00:31:13.939+0000] {logging_mixin.py:188} INFO - [2024-10-01T00:31:13.938+0000] {dagbag.py:538} INFO - Filling up the DagBag from /home/airflow/.local/lib/python3.8/site-packages/airflow/example_dags/tutorial_taskflow_api.py
[2024-10-01T00:31:13.958+0000] {processor.py:840} INFO - DAG(s) 'tutorial_taskflow_api' retrieved from /home/airflow/.local/lib/python3.8/site-packages/airflow/example_dags/tutorial_taskflow_api.py
[2024-10-01T00:31:14.011+0000] {logging_mixin.py:188} INFO - [2024-10-01T00:31:14.011+0000] {dag.py:3036} INFO - Sync 1 DAGs
[2024-10-01T00:31:14.047+0000] {logging_mixin.py:188} INFO - [2024-10-01T00:31:14.046+0000] {dag.py:3823} INFO - Setting next_dagrun for tutorial_taskflow_api to None, run_after=None
[2024-10-01T00:31:14.100+0000] {processor.py:183} INFO - Processing /home/airflow/.local/lib/python3.8/site-packages/airflow/example_dags/tutorial_taskflow_api.py took 0.178 seconds
[2024-10-01T00:31:44.902+0000] {processor.py:161} INFO - Started process (PID=4702) to work on /home/airflow/.local/lib/python3.8/site-packages/airflow/example_dags/tutorial_taskflow_api.py
[2024-10-01T00:31:44.906+0000] {processor.py:830} INFO - Processing file /home/airflow/.local/lib/python3.8/site-packages/airflow/example_dags/tutorial_taskflow_api.py for tasks to queue
[2024-10-01T00:31:44.914+0000] {logging_mixin.py:188} INFO - [2024-10-01T00:31:44.913+0000] {dagbag.py:538} INFO - Filling up the DagBag from /home/airflow/.local/lib/python3.8/site-packages/airflow/example_dags/tutorial_taskflow_api.py
[2024-10-01T00:31:44.938+0000] {processor.py:840} INFO - DAG(s) 'tutorial_taskflow_api' retrieved from /home/airflow/.local/lib/python3.8/site-packages/airflow/example_dags/tutorial_taskflow_api.py
[2024-10-01T00:31:45.010+0000] {logging_mixin.py:188} INFO - [2024-10-01T00:31:45.009+0000] {dag.py:3036} INFO - Sync 1 DAGs
[2024-10-01T00:31:45.059+0000] {logging_mixin.py:188} INFO - [2024-10-01T00:31:45.058+0000] {dag.py:3823} INFO - Setting next_dagrun for tutorial_taskflow_api to None, run_after=None
[2024-10-01T00:31:45.135+0000] {processor.py:183} INFO - Processing /home/airflow/.local/lib/python3.8/site-packages/airflow/example_dags/tutorial_taskflow_api.py took 0.245 seconds
[2024-10-01T00:32:15.347+0000] {processor.py:161} INFO - Started process (PID=4760) to work on /home/airflow/.local/lib/python3.8/site-packages/airflow/example_dags/tutorial_taskflow_api.py
[2024-10-01T00:32:15.349+0000] {processor.py:830} INFO - Processing file /home/airflow/.local/lib/python3.8/site-packages/airflow/example_dags/tutorial_taskflow_api.py for tasks to queue
[2024-10-01T00:32:15.352+0000] {logging_mixin.py:188} INFO - [2024-10-01T00:32:15.351+0000] {dagbag.py:538} INFO - Filling up the DagBag from /home/airflow/.local/lib/python3.8/site-packages/airflow/example_dags/tutorial_taskflow_api.py
[2024-10-01T00:32:15.362+0000] {processor.py:840} INFO - DAG(s) 'tutorial_taskflow_api' retrieved from /home/airflow/.local/lib/python3.8/site-packages/airflow/example_dags/tutorial_taskflow_api.py
[2024-10-01T00:32:15.398+0000] {logging_mixin.py:188} INFO - [2024-10-01T00:32:15.397+0000] {dag.py:3036} INFO - Sync 1 DAGs
[2024-10-01T00:32:15.420+0000] {logging_mixin.py:188} INFO - [2024-10-01T00:32:15.420+0000] {dag.py:3823} INFO - Setting next_dagrun for tutorial_taskflow_api to None, run_after=None
[2024-10-01T00:32:15.456+0000] {processor.py:183} INFO - Processing /home/airflow/.local/lib/python3.8/site-packages/airflow/example_dags/tutorial_taskflow_api.py took 0.116 seconds
[2024-10-01T00:32:45.769+0000] {processor.py:161} INFO - Started process (PID=4826) to work on /home/airflow/.local/lib/python3.8/site-packages/airflow/example_dags/tutorial_taskflow_api.py
[2024-10-01T00:32:45.771+0000] {processor.py:830} INFO - Processing file /home/airflow/.local/lib/python3.8/site-packages/airflow/example_dags/tutorial_taskflow_api.py for tasks to queue
[2024-10-01T00:32:45.776+0000] {logging_mixin.py:188} INFO - [2024-10-01T00:32:45.775+0000] {dagbag.py:538} INFO - Filling up the DagBag from /home/airflow/.local/lib/python3.8/site-packages/airflow/example_dags/tutorial_taskflow_api.py
[2024-10-01T00:32:45.792+0000] {processor.py:840} INFO - DAG(s) 'tutorial_taskflow_api' retrieved from /home/airflow/.local/lib/python3.8/site-packages/airflow/example_dags/tutorial_taskflow_api.py
[2024-10-01T00:32:45.841+0000] {logging_mixin.py:188} INFO - [2024-10-01T00:32:45.841+0000] {dag.py:3036} INFO - Sync 1 DAGs
[2024-10-01T00:32:45.871+0000] {logging_mixin.py:188} INFO - [2024-10-01T00:32:45.871+0000] {dag.py:3823} INFO - Setting next_dagrun for tutorial_taskflow_api to None, run_after=None
[2024-10-01T00:32:45.919+0000] {processor.py:183} INFO - Processing /home/airflow/.local/lib/python3.8/site-packages/airflow/example_dags/tutorial_taskflow_api.py took 0.159 seconds
[2024-10-01T00:33:16.008+0000] {processor.py:161} INFO - Started process (PID=4891) to work on /home/airflow/.local/lib/python3.8/site-packages/airflow/example_dags/tutorial_taskflow_api.py
[2024-10-01T00:33:16.012+0000] {processor.py:830} INFO - Processing file /home/airflow/.local/lib/python3.8/site-packages/airflow/example_dags/tutorial_taskflow_api.py for tasks to queue
[2024-10-01T00:33:16.023+0000] {logging_mixin.py:188} INFO - [2024-10-01T00:33:16.022+0000] {dagbag.py:538} INFO - Filling up the DagBag from /home/airflow/.local/lib/python3.8/site-packages/airflow/example_dags/tutorial_taskflow_api.py
[2024-10-01T00:33:16.049+0000] {processor.py:840} INFO - DAG(s) 'tutorial_taskflow_api' retrieved from /home/airflow/.local/lib/python3.8/site-packages/airflow/example_dags/tutorial_taskflow_api.py
[2024-10-01T00:33:16.129+0000] {logging_mixin.py:188} INFO - [2024-10-01T00:33:16.128+0000] {dag.py:3036} INFO - Sync 1 DAGs
[2024-10-01T00:33:16.177+0000] {logging_mixin.py:188} INFO - [2024-10-01T00:33:16.176+0000] {dag.py:3823} INFO - Setting next_dagrun for tutorial_taskflow_api to None, run_after=None
[2024-10-01T00:33:16.261+0000] {processor.py:183} INFO - Processing /home/airflow/.local/lib/python3.8/site-packages/airflow/example_dags/tutorial_taskflow_api.py took 0.266 seconds
[2024-10-01T00:33:46.601+0000] {processor.py:161} INFO - Started process (PID=4950) to work on /home/airflow/.local/lib/python3.8/site-packages/airflow/example_dags/tutorial_taskflow_api.py
[2024-10-01T00:33:46.603+0000] {processor.py:830} INFO - Processing file /home/airflow/.local/lib/python3.8/site-packages/airflow/example_dags/tutorial_taskflow_api.py for tasks to queue
[2024-10-01T00:33:46.607+0000] {logging_mixin.py:188} INFO - [2024-10-01T00:33:46.607+0000] {dagbag.py:538} INFO - Filling up the DagBag from /home/airflow/.local/lib/python3.8/site-packages/airflow/example_dags/tutorial_taskflow_api.py
[2024-10-01T00:33:46.619+0000] {processor.py:840} INFO - DAG(s) 'tutorial_taskflow_api' retrieved from /home/airflow/.local/lib/python3.8/site-packages/airflow/example_dags/tutorial_taskflow_api.py
[2024-10-01T00:33:46.658+0000] {logging_mixin.py:188} INFO - [2024-10-01T00:33:46.658+0000] {dag.py:3036} INFO - Sync 1 DAGs
[2024-10-01T00:33:46.683+0000] {logging_mixin.py:188} INFO - [2024-10-01T00:33:46.682+0000] {dag.py:3823} INFO - Setting next_dagrun for tutorial_taskflow_api to None, run_after=None
[2024-10-01T00:33:46.720+0000] {processor.py:183} INFO - Processing /home/airflow/.local/lib/python3.8/site-packages/airflow/example_dags/tutorial_taskflow_api.py took 0.126 seconds
[2024-10-01T00:34:16.993+0000] {processor.py:161} INFO - Started process (PID=5016) to work on /home/airflow/.local/lib/python3.8/site-packages/airflow/example_dags/tutorial_taskflow_api.py
[2024-10-01T00:34:16.999+0000] {processor.py:830} INFO - Processing file /home/airflow/.local/lib/python3.8/site-packages/airflow/example_dags/tutorial_taskflow_api.py for tasks to queue
[2024-10-01T00:34:17.010+0000] {logging_mixin.py:188} INFO - [2024-10-01T00:34:17.009+0000] {dagbag.py:538} INFO - Filling up the DagBag from /home/airflow/.local/lib/python3.8/site-packages/airflow/example_dags/tutorial_taskflow_api.py
[2024-10-01T00:34:17.041+0000] {processor.py:840} INFO - DAG(s) 'tutorial_taskflow_api' retrieved from /home/airflow/.local/lib/python3.8/site-packages/airflow/example_dags/tutorial_taskflow_api.py
[2024-10-01T00:34:17.128+0000] {logging_mixin.py:188} INFO - [2024-10-01T00:34:17.127+0000] {dag.py:3036} INFO - Sync 1 DAGs
[2024-10-01T00:34:17.187+0000] {logging_mixin.py:188} INFO - [2024-10-01T00:34:17.186+0000] {dag.py:3823} INFO - Setting next_dagrun for tutorial_taskflow_api to None, run_after=None
[2024-10-01T00:34:17.276+0000] {processor.py:183} INFO - Processing /home/airflow/.local/lib/python3.8/site-packages/airflow/example_dags/tutorial_taskflow_api.py took 0.306 seconds
[2024-10-01T00:34:47.847+0000] {processor.py:161} INFO - Started process (PID=5082) to work on /home/airflow/.local/lib/python3.8/site-packages/airflow/example_dags/tutorial_taskflow_api.py
[2024-10-01T00:34:47.850+0000] {processor.py:830} INFO - Processing file /home/airflow/.local/lib/python3.8/site-packages/airflow/example_dags/tutorial_taskflow_api.py for tasks to queue
[2024-10-01T00:34:47.854+0000] {logging_mixin.py:188} INFO - [2024-10-01T00:34:47.854+0000] {dagbag.py:538} INFO - Filling up the DagBag from /home/airflow/.local/lib/python3.8/site-packages/airflow/example_dags/tutorial_taskflow_api.py
[2024-10-01T00:34:47.870+0000] {processor.py:840} INFO - DAG(s) 'tutorial_taskflow_api' retrieved from /home/airflow/.local/lib/python3.8/site-packages/airflow/example_dags/tutorial_taskflow_api.py
[2024-10-01T00:34:47.917+0000] {logging_mixin.py:188} INFO - [2024-10-01T00:34:47.916+0000] {dag.py:3036} INFO - Sync 1 DAGs
[2024-10-01T00:34:47.947+0000] {logging_mixin.py:188} INFO - [2024-10-01T00:34:47.947+0000] {dag.py:3823} INFO - Setting next_dagrun for tutorial_taskflow_api to None, run_after=None
[2024-10-01T00:34:47.989+0000] {processor.py:183} INFO - Processing /home/airflow/.local/lib/python3.8/site-packages/airflow/example_dags/tutorial_taskflow_api.py took 0.150 seconds
