[2024-10-01T00:00:25.539+0000] {processor.py:161} INFO - Started process (PID=800) to work on /home/airflow/.local/lib/python3.8/site-packages/airflow/example_dags/tutorial_objectstorage.py
[2024-10-01T00:00:25.541+0000] {processor.py:830} INFO - Processing file /home/airflow/.local/lib/python3.8/site-packages/airflow/example_dags/tutorial_objectstorage.py for tasks to queue
[2024-10-01T00:00:25.544+0000] {logging_mixin.py:188} INFO - [2024-10-01T00:00:25.544+0000] {dagbag.py:538} INFO - Filling up the DagBag from /home/airflow/.local/lib/python3.8/site-packages/airflow/example_dags/tutorial_objectstorage.py
[2024-10-01T00:00:25.560+0000] {processor.py:840} INFO - DAG(s) 'tutorial_objectstorage' retrieved from /home/airflow/.local/lib/python3.8/site-packages/airflow/example_dags/tutorial_objectstorage.py
[2024-10-01T00:00:25.610+0000] {logging_mixin.py:188} INFO - [2024-10-01T00:00:25.609+0000] {dag.py:3036} INFO - Sync 1 DAGs
[2024-10-01T00:00:25.641+0000] {logging_mixin.py:188} INFO - [2024-10-01T00:00:25.640+0000] {dag.py:3823} INFO - Setting next_dagrun for tutorial_objectstorage to None, run_after=None
[2024-10-01T00:00:25.692+0000] {processor.py:183} INFO - Processing /home/airflow/.local/lib/python3.8/site-packages/airflow/example_dags/tutorial_objectstorage.py took 0.160 seconds
[2024-10-01T00:00:56.360+0000] {processor.py:161} INFO - Started process (PID=865) to work on /home/airflow/.local/lib/python3.8/site-packages/airflow/example_dags/tutorial_objectstorage.py
[2024-10-01T00:00:56.362+0000] {processor.py:830} INFO - Processing file /home/airflow/.local/lib/python3.8/site-packages/airflow/example_dags/tutorial_objectstorage.py for tasks to queue
[2024-10-01T00:00:56.366+0000] {logging_mixin.py:188} INFO - [2024-10-01T00:00:56.366+0000] {dagbag.py:538} INFO - Filling up the DagBag from /home/airflow/.local/lib/python3.8/site-packages/airflow/example_dags/tutorial_objectstorage.py
[2024-10-01T00:00:56.379+0000] {processor.py:840} INFO - DAG(s) 'tutorial_objectstorage' retrieved from /home/airflow/.local/lib/python3.8/site-packages/airflow/example_dags/tutorial_objectstorage.py
[2024-10-01T00:00:56.411+0000] {logging_mixin.py:188} INFO - [2024-10-01T00:00:56.411+0000] {dag.py:3036} INFO - Sync 1 DAGs
[2024-10-01T00:00:56.433+0000] {logging_mixin.py:188} INFO - [2024-10-01T00:00:56.432+0000] {dag.py:3823} INFO - Setting next_dagrun for tutorial_objectstorage to None, run_after=None
[2024-10-01T00:00:56.463+0000] {processor.py:183} INFO - Processing /home/airflow/.local/lib/python3.8/site-packages/airflow/example_dags/tutorial_objectstorage.py took 0.112 seconds
[2024-10-01T00:01:27.003+0000] {processor.py:161} INFO - Started process (PID=924) to work on /home/airflow/.local/lib/python3.8/site-packages/airflow/example_dags/tutorial_objectstorage.py
[2024-10-01T00:01:27.005+0000] {processor.py:830} INFO - Processing file /home/airflow/.local/lib/python3.8/site-packages/airflow/example_dags/tutorial_objectstorage.py for tasks to queue
[2024-10-01T00:01:27.008+0000] {logging_mixin.py:188} INFO - [2024-10-01T00:01:27.008+0000] {dagbag.py:538} INFO - Filling up the DagBag from /home/airflow/.local/lib/python3.8/site-packages/airflow/example_dags/tutorial_objectstorage.py
[2024-10-01T00:01:27.022+0000] {processor.py:840} INFO - DAG(s) 'tutorial_objectstorage' retrieved from /home/airflow/.local/lib/python3.8/site-packages/airflow/example_dags/tutorial_objectstorage.py
[2024-10-01T00:01:27.061+0000] {logging_mixin.py:188} INFO - [2024-10-01T00:01:27.060+0000] {dag.py:3036} INFO - Sync 1 DAGs
[2024-10-01T00:01:27.087+0000] {logging_mixin.py:188} INFO - [2024-10-01T00:01:27.087+0000] {dag.py:3823} INFO - Setting next_dagrun for tutorial_objectstorage to None, run_after=None
[2024-10-01T00:01:27.127+0000] {processor.py:183} INFO - Processing /home/airflow/.local/lib/python3.8/site-packages/airflow/example_dags/tutorial_objectstorage.py took 0.131 seconds
[2024-10-01T00:01:57.911+0000] {processor.py:161} INFO - Started process (PID=990) to work on /home/airflow/.local/lib/python3.8/site-packages/airflow/example_dags/tutorial_objectstorage.py
[2024-10-01T00:01:57.913+0000] {processor.py:830} INFO - Processing file /home/airflow/.local/lib/python3.8/site-packages/airflow/example_dags/tutorial_objectstorage.py for tasks to queue
[2024-10-01T00:01:57.917+0000] {logging_mixin.py:188} INFO - [2024-10-01T00:01:57.917+0000] {dagbag.py:538} INFO - Filling up the DagBag from /home/airflow/.local/lib/python3.8/site-packages/airflow/example_dags/tutorial_objectstorage.py
[2024-10-01T00:01:57.934+0000] {processor.py:840} INFO - DAG(s) 'tutorial_objectstorage' retrieved from /home/airflow/.local/lib/python3.8/site-packages/airflow/example_dags/tutorial_objectstorage.py
[2024-10-01T00:01:57.978+0000] {logging_mixin.py:188} INFO - [2024-10-01T00:01:57.977+0000] {dag.py:3036} INFO - Sync 1 DAGs
[2024-10-01T00:01:58.009+0000] {logging_mixin.py:188} INFO - [2024-10-01T00:01:58.009+0000] {dag.py:3823} INFO - Setting next_dagrun for tutorial_objectstorage to None, run_after=None
[2024-10-01T00:01:58.055+0000] {processor.py:183} INFO - Processing /home/airflow/.local/lib/python3.8/site-packages/airflow/example_dags/tutorial_objectstorage.py took 0.153 seconds
[2024-10-01T00:02:28.382+0000] {processor.py:161} INFO - Started process (PID=1056) to work on /home/airflow/.local/lib/python3.8/site-packages/airflow/example_dags/tutorial_objectstorage.py
[2024-10-01T00:02:28.384+0000] {processor.py:830} INFO - Processing file /home/airflow/.local/lib/python3.8/site-packages/airflow/example_dags/tutorial_objectstorage.py for tasks to queue
[2024-10-01T00:02:28.388+0000] {logging_mixin.py:188} INFO - [2024-10-01T00:02:28.388+0000] {dagbag.py:538} INFO - Filling up the DagBag from /home/airflow/.local/lib/python3.8/site-packages/airflow/example_dags/tutorial_objectstorage.py
[2024-10-01T00:02:28.405+0000] {processor.py:840} INFO - DAG(s) 'tutorial_objectstorage' retrieved from /home/airflow/.local/lib/python3.8/site-packages/airflow/example_dags/tutorial_objectstorage.py
[2024-10-01T00:02:28.453+0000] {logging_mixin.py:188} INFO - [2024-10-01T00:02:28.452+0000] {dag.py:3036} INFO - Sync 1 DAGs
[2024-10-01T00:02:28.487+0000] {logging_mixin.py:188} INFO - [2024-10-01T00:02:28.486+0000] {dag.py:3823} INFO - Setting next_dagrun for tutorial_objectstorage to None, run_after=None
[2024-10-01T00:02:28.535+0000] {processor.py:183} INFO - Processing /home/airflow/.local/lib/python3.8/site-packages/airflow/example_dags/tutorial_objectstorage.py took 0.162 seconds
[2024-10-01T00:02:58.851+0000] {processor.py:161} INFO - Started process (PID=1122) to work on /home/airflow/.local/lib/python3.8/site-packages/airflow/example_dags/tutorial_objectstorage.py
[2024-10-01T00:02:58.854+0000] {processor.py:830} INFO - Processing file /home/airflow/.local/lib/python3.8/site-packages/airflow/example_dags/tutorial_objectstorage.py for tasks to queue
[2024-10-01T00:02:58.858+0000] {logging_mixin.py:188} INFO - [2024-10-01T00:02:58.857+0000] {dagbag.py:538} INFO - Filling up the DagBag from /home/airflow/.local/lib/python3.8/site-packages/airflow/example_dags/tutorial_objectstorage.py
[2024-10-01T00:02:58.874+0000] {processor.py:840} INFO - DAG(s) 'tutorial_objectstorage' retrieved from /home/airflow/.local/lib/python3.8/site-packages/airflow/example_dags/tutorial_objectstorage.py
[2024-10-01T00:02:58.920+0000] {logging_mixin.py:188} INFO - [2024-10-01T00:02:58.919+0000] {dag.py:3036} INFO - Sync 1 DAGs
[2024-10-01T00:02:58.951+0000] {logging_mixin.py:188} INFO - [2024-10-01T00:02:58.951+0000] {dag.py:3823} INFO - Setting next_dagrun for tutorial_objectstorage to None, run_after=None
[2024-10-01T00:02:58.999+0000] {processor.py:183} INFO - Processing /home/airflow/.local/lib/python3.8/site-packages/airflow/example_dags/tutorial_objectstorage.py took 0.157 seconds
[2024-10-01T00:03:29.148+0000] {processor.py:161} INFO - Started process (PID=1188) to work on /home/airflow/.local/lib/python3.8/site-packages/airflow/example_dags/tutorial_objectstorage.py
[2024-10-01T00:03:29.150+0000] {processor.py:830} INFO - Processing file /home/airflow/.local/lib/python3.8/site-packages/airflow/example_dags/tutorial_objectstorage.py for tasks to queue
[2024-10-01T00:03:29.154+0000] {logging_mixin.py:188} INFO - [2024-10-01T00:03:29.153+0000] {dagbag.py:538} INFO - Filling up the DagBag from /home/airflow/.local/lib/python3.8/site-packages/airflow/example_dags/tutorial_objectstorage.py
[2024-10-01T00:03:29.169+0000] {processor.py:840} INFO - DAG(s) 'tutorial_objectstorage' retrieved from /home/airflow/.local/lib/python3.8/site-packages/airflow/example_dags/tutorial_objectstorage.py
[2024-10-01T00:03:29.209+0000] {logging_mixin.py:188} INFO - [2024-10-01T00:03:29.209+0000] {dag.py:3036} INFO - Sync 1 DAGs
[2024-10-01T00:03:29.239+0000] {logging_mixin.py:188} INFO - [2024-10-01T00:03:29.238+0000] {dag.py:3823} INFO - Setting next_dagrun for tutorial_objectstorage to None, run_after=None
[2024-10-01T00:03:29.282+0000] {processor.py:183} INFO - Processing /home/airflow/.local/lib/python3.8/site-packages/airflow/example_dags/tutorial_objectstorage.py took 0.142 seconds
[2024-10-01T00:04:00.188+0000] {processor.py:161} INFO - Started process (PID=1254) to work on /home/airflow/.local/lib/python3.8/site-packages/airflow/example_dags/tutorial_objectstorage.py
[2024-10-01T00:04:00.191+0000] {processor.py:830} INFO - Processing file /home/airflow/.local/lib/python3.8/site-packages/airflow/example_dags/tutorial_objectstorage.py for tasks to queue
[2024-10-01T00:04:00.197+0000] {logging_mixin.py:188} INFO - [2024-10-01T00:04:00.196+0000] {dagbag.py:538} INFO - Filling up the DagBag from /home/airflow/.local/lib/python3.8/site-packages/airflow/example_dags/tutorial_objectstorage.py
[2024-10-01T00:04:00.219+0000] {processor.py:840} INFO - DAG(s) 'tutorial_objectstorage' retrieved from /home/airflow/.local/lib/python3.8/site-packages/airflow/example_dags/tutorial_objectstorage.py
[2024-10-01T00:04:00.283+0000] {logging_mixin.py:188} INFO - [2024-10-01T00:04:00.282+0000] {dag.py:3036} INFO - Sync 1 DAGs
[2024-10-01T00:04:00.335+0000] {logging_mixin.py:188} INFO - [2024-10-01T00:04:00.335+0000] {dag.py:3823} INFO - Setting next_dagrun for tutorial_objectstorage to None, run_after=None
[2024-10-01T00:04:00.404+0000] {processor.py:183} INFO - Processing /home/airflow/.local/lib/python3.8/site-packages/airflow/example_dags/tutorial_objectstorage.py took 0.227 seconds
[2024-10-01T00:04:30.591+0000] {processor.py:161} INFO - Started process (PID=1320) to work on /home/airflow/.local/lib/python3.8/site-packages/airflow/example_dags/tutorial_objectstorage.py
[2024-10-01T00:04:30.594+0000] {processor.py:830} INFO - Processing file /home/airflow/.local/lib/python3.8/site-packages/airflow/example_dags/tutorial_objectstorage.py for tasks to queue
[2024-10-01T00:04:30.599+0000] {logging_mixin.py:188} INFO - [2024-10-01T00:04:30.598+0000] {dagbag.py:538} INFO - Filling up the DagBag from /home/airflow/.local/lib/python3.8/site-packages/airflow/example_dags/tutorial_objectstorage.py
[2024-10-01T00:04:30.618+0000] {processor.py:840} INFO - DAG(s) 'tutorial_objectstorage' retrieved from /home/airflow/.local/lib/python3.8/site-packages/airflow/example_dags/tutorial_objectstorage.py
[2024-10-01T00:04:30.673+0000] {logging_mixin.py:188} INFO - [2024-10-01T00:04:30.672+0000] {dag.py:3036} INFO - Sync 1 DAGs
[2024-10-01T00:04:30.712+0000] {logging_mixin.py:188} INFO - [2024-10-01T00:04:30.712+0000] {dag.py:3823} INFO - Setting next_dagrun for tutorial_objectstorage to None, run_after=None
[2024-10-01T00:04:30.769+0000] {processor.py:183} INFO - Processing /home/airflow/.local/lib/python3.8/site-packages/airflow/example_dags/tutorial_objectstorage.py took 0.188 seconds
[2024-10-01T00:05:03.822+0000] {processor.py:161} INFO - Started process (PID=1385) to work on /home/airflow/.local/lib/python3.8/site-packages/airflow/example_dags/tutorial_objectstorage.py
[2024-10-01T00:05:03.829+0000] {processor.py:830} INFO - Processing file /home/airflow/.local/lib/python3.8/site-packages/airflow/example_dags/tutorial_objectstorage.py for tasks to queue
[2024-10-01T00:05:03.855+0000] {logging_mixin.py:188} INFO - [2024-10-01T00:05:03.852+0000] {dagbag.py:538} INFO - Filling up the DagBag from /home/airflow/.local/lib/python3.8/site-packages/airflow/example_dags/tutorial_objectstorage.py
[2024-10-01T00:05:03.918+0000] {processor.py:840} INFO - DAG(s) 'tutorial_objectstorage' retrieved from /home/airflow/.local/lib/python3.8/site-packages/airflow/example_dags/tutorial_objectstorage.py
[2024-10-01T00:05:04.070+0000] {logging_mixin.py:188} INFO - [2024-10-01T00:05:04.068+0000] {dag.py:3036} INFO - Sync 1 DAGs
[2024-10-01T00:05:04.235+0000] {logging_mixin.py:188} INFO - [2024-10-01T00:05:04.234+0000] {dag.py:3823} INFO - Setting next_dagrun for tutorial_objectstorage to None, run_after=None
[2024-10-01T00:05:04.391+0000] {processor.py:183} INFO - Processing /home/airflow/.local/lib/python3.8/site-packages/airflow/example_dags/tutorial_objectstorage.py took 0.598 seconds
[2024-10-01T00:05:34.507+0000] {processor.py:161} INFO - Started process (PID=1452) to work on /home/airflow/.local/lib/python3.8/site-packages/airflow/example_dags/tutorial_objectstorage.py
[2024-10-01T00:05:34.510+0000] {processor.py:830} INFO - Processing file /home/airflow/.local/lib/python3.8/site-packages/airflow/example_dags/tutorial_objectstorage.py for tasks to queue
[2024-10-01T00:05:34.514+0000] {logging_mixin.py:188} INFO - [2024-10-01T00:05:34.513+0000] {dagbag.py:538} INFO - Filling up the DagBag from /home/airflow/.local/lib/python3.8/site-packages/airflow/example_dags/tutorial_objectstorage.py
[2024-10-01T00:05:34.531+0000] {processor.py:840} INFO - DAG(s) 'tutorial_objectstorage' retrieved from /home/airflow/.local/lib/python3.8/site-packages/airflow/example_dags/tutorial_objectstorage.py
[2024-10-01T00:05:34.573+0000] {logging_mixin.py:188} INFO - [2024-10-01T00:05:34.573+0000] {dag.py:3036} INFO - Sync 1 DAGs
[2024-10-01T00:05:34.603+0000] {logging_mixin.py:188} INFO - [2024-10-01T00:05:34.603+0000] {dag.py:3823} INFO - Setting next_dagrun for tutorial_objectstorage to None, run_after=None
[2024-10-01T00:05:34.646+0000] {processor.py:183} INFO - Processing /home/airflow/.local/lib/python3.8/site-packages/airflow/example_dags/tutorial_objectstorage.py took 0.151 seconds
[2024-10-01T00:06:05.117+0000] {processor.py:161} INFO - Started process (PID=1518) to work on /home/airflow/.local/lib/python3.8/site-packages/airflow/example_dags/tutorial_objectstorage.py
[2024-10-01T00:06:05.120+0000] {processor.py:830} INFO - Processing file /home/airflow/.local/lib/python3.8/site-packages/airflow/example_dags/tutorial_objectstorage.py for tasks to queue
[2024-10-01T00:06:05.125+0000] {logging_mixin.py:188} INFO - [2024-10-01T00:06:05.124+0000] {dagbag.py:538} INFO - Filling up the DagBag from /home/airflow/.local/lib/python3.8/site-packages/airflow/example_dags/tutorial_objectstorage.py
[2024-10-01T00:06:05.149+0000] {processor.py:840} INFO - DAG(s) 'tutorial_objectstorage' retrieved from /home/airflow/.local/lib/python3.8/site-packages/airflow/example_dags/tutorial_objectstorage.py
[2024-10-01T00:06:05.204+0000] {logging_mixin.py:188} INFO - [2024-10-01T00:06:05.203+0000] {dag.py:3036} INFO - Sync 1 DAGs
[2024-10-01T00:06:05.249+0000] {logging_mixin.py:188} INFO - [2024-10-01T00:06:05.248+0000] {dag.py:3823} INFO - Setting next_dagrun for tutorial_objectstorage to None, run_after=None
[2024-10-01T00:06:05.295+0000] {processor.py:183} INFO - Processing /home/airflow/.local/lib/python3.8/site-packages/airflow/example_dags/tutorial_objectstorage.py took 0.187 seconds
[2024-10-01T00:06:36.012+0000] {processor.py:161} INFO - Started process (PID=1576) to work on /home/airflow/.local/lib/python3.8/site-packages/airflow/example_dags/tutorial_objectstorage.py
[2024-10-01T00:06:36.014+0000] {processor.py:830} INFO - Processing file /home/airflow/.local/lib/python3.8/site-packages/airflow/example_dags/tutorial_objectstorage.py for tasks to queue
[2024-10-01T00:06:36.017+0000] {logging_mixin.py:188} INFO - [2024-10-01T00:06:36.016+0000] {dagbag.py:538} INFO - Filling up the DagBag from /home/airflow/.local/lib/python3.8/site-packages/airflow/example_dags/tutorial_objectstorage.py
[2024-10-01T00:06:36.033+0000] {processor.py:840} INFO - DAG(s) 'tutorial_objectstorage' retrieved from /home/airflow/.local/lib/python3.8/site-packages/airflow/example_dags/tutorial_objectstorage.py
[2024-10-01T00:06:36.070+0000] {logging_mixin.py:188} INFO - [2024-10-01T00:06:36.070+0000] {dag.py:3036} INFO - Sync 1 DAGs
[2024-10-01T00:06:36.095+0000] {logging_mixin.py:188} INFO - [2024-10-01T00:06:36.094+0000] {dag.py:3823} INFO - Setting next_dagrun for tutorial_objectstorage to None, run_after=None
[2024-10-01T00:06:36.132+0000] {processor.py:183} INFO - Processing /home/airflow/.local/lib/python3.8/site-packages/airflow/example_dags/tutorial_objectstorage.py took 0.128 seconds
[2024-10-01T00:07:06.735+0000] {processor.py:161} INFO - Started process (PID=1642) to work on /home/airflow/.local/lib/python3.8/site-packages/airflow/example_dags/tutorial_objectstorage.py
[2024-10-01T00:07:06.738+0000] {processor.py:830} INFO - Processing file /home/airflow/.local/lib/python3.8/site-packages/airflow/example_dags/tutorial_objectstorage.py for tasks to queue
[2024-10-01T00:07:06.743+0000] {logging_mixin.py:188} INFO - [2024-10-01T00:07:06.742+0000] {dagbag.py:538} INFO - Filling up the DagBag from /home/airflow/.local/lib/python3.8/site-packages/airflow/example_dags/tutorial_objectstorage.py
[2024-10-01T00:07:06.758+0000] {processor.py:840} INFO - DAG(s) 'tutorial_objectstorage' retrieved from /home/airflow/.local/lib/python3.8/site-packages/airflow/example_dags/tutorial_objectstorage.py
[2024-10-01T00:07:06.795+0000] {logging_mixin.py:188} INFO - [2024-10-01T00:07:06.795+0000] {dag.py:3036} INFO - Sync 1 DAGs
[2024-10-01T00:07:06.821+0000] {logging_mixin.py:188} INFO - [2024-10-01T00:07:06.821+0000] {dag.py:3823} INFO - Setting next_dagrun for tutorial_objectstorage to None, run_after=None
[2024-10-01T00:07:06.858+0000] {processor.py:183} INFO - Processing /home/airflow/.local/lib/python3.8/site-packages/airflow/example_dags/tutorial_objectstorage.py took 0.131 seconds
[2024-10-01T00:07:37.286+0000] {processor.py:161} INFO - Started process (PID=1709) to work on /home/airflow/.local/lib/python3.8/site-packages/airflow/example_dags/tutorial_objectstorage.py
[2024-10-01T00:07:37.297+0000] {processor.py:830} INFO - Processing file /home/airflow/.local/lib/python3.8/site-packages/airflow/example_dags/tutorial_objectstorage.py for tasks to queue
[2024-10-01T00:07:37.304+0000] {logging_mixin.py:188} INFO - [2024-10-01T00:07:37.303+0000] {dagbag.py:538} INFO - Filling up the DagBag from /home/airflow/.local/lib/python3.8/site-packages/airflow/example_dags/tutorial_objectstorage.py
[2024-10-01T00:07:37.329+0000] {processor.py:840} INFO - DAG(s) 'tutorial_objectstorage' retrieved from /home/airflow/.local/lib/python3.8/site-packages/airflow/example_dags/tutorial_objectstorage.py
[2024-10-01T00:07:37.399+0000] {logging_mixin.py:188} INFO - [2024-10-01T00:07:37.398+0000] {dag.py:3036} INFO - Sync 1 DAGs
[2024-10-01T00:07:37.451+0000] {logging_mixin.py:188} INFO - [2024-10-01T00:07:37.450+0000] {dag.py:3823} INFO - Setting next_dagrun for tutorial_objectstorage to None, run_after=None
[2024-10-01T00:07:37.527+0000] {processor.py:183} INFO - Processing /home/airflow/.local/lib/python3.8/site-packages/airflow/example_dags/tutorial_objectstorage.py took 0.257 seconds
[2024-10-01T00:08:07.760+0000] {processor.py:161} INFO - Started process (PID=1775) to work on /home/airflow/.local/lib/python3.8/site-packages/airflow/example_dags/tutorial_objectstorage.py
[2024-10-01T00:08:07.763+0000] {processor.py:830} INFO - Processing file /home/airflow/.local/lib/python3.8/site-packages/airflow/example_dags/tutorial_objectstorage.py for tasks to queue
[2024-10-01T00:08:07.767+0000] {logging_mixin.py:188} INFO - [2024-10-01T00:08:07.766+0000] {dagbag.py:538} INFO - Filling up the DagBag from /home/airflow/.local/lib/python3.8/site-packages/airflow/example_dags/tutorial_objectstorage.py
[2024-10-01T00:08:07.784+0000] {processor.py:840} INFO - DAG(s) 'tutorial_objectstorage' retrieved from /home/airflow/.local/lib/python3.8/site-packages/airflow/example_dags/tutorial_objectstorage.py
[2024-10-01T00:08:07.830+0000] {logging_mixin.py:188} INFO - [2024-10-01T00:08:07.830+0000] {dag.py:3036} INFO - Sync 1 DAGs
[2024-10-01T00:08:07.863+0000] {logging_mixin.py:188} INFO - [2024-10-01T00:08:07.862+0000] {dag.py:3823} INFO - Setting next_dagrun for tutorial_objectstorage to None, run_after=None
[2024-10-01T00:08:07.911+0000] {processor.py:183} INFO - Processing /home/airflow/.local/lib/python3.8/site-packages/airflow/example_dags/tutorial_objectstorage.py took 0.159 seconds
[2024-10-01T00:08:38.092+0000] {processor.py:161} INFO - Started process (PID=1841) to work on /home/airflow/.local/lib/python3.8/site-packages/airflow/example_dags/tutorial_objectstorage.py
[2024-10-01T00:08:38.095+0000] {processor.py:830} INFO - Processing file /home/airflow/.local/lib/python3.8/site-packages/airflow/example_dags/tutorial_objectstorage.py for tasks to queue
[2024-10-01T00:08:38.098+0000] {logging_mixin.py:188} INFO - [2024-10-01T00:08:38.097+0000] {dagbag.py:538} INFO - Filling up the DagBag from /home/airflow/.local/lib/python3.8/site-packages/airflow/example_dags/tutorial_objectstorage.py
[2024-10-01T00:08:38.111+0000] {processor.py:840} INFO - DAG(s) 'tutorial_objectstorage' retrieved from /home/airflow/.local/lib/python3.8/site-packages/airflow/example_dags/tutorial_objectstorage.py
[2024-10-01T00:08:38.150+0000] {logging_mixin.py:188} INFO - [2024-10-01T00:08:38.150+0000] {dag.py:3036} INFO - Sync 1 DAGs
[2024-10-01T00:08:38.177+0000] {logging_mixin.py:188} INFO - [2024-10-01T00:08:38.176+0000] {dag.py:3823} INFO - Setting next_dagrun for tutorial_objectstorage to None, run_after=None
[2024-10-01T00:08:38.215+0000] {processor.py:183} INFO - Processing /home/airflow/.local/lib/python3.8/site-packages/airflow/example_dags/tutorial_objectstorage.py took 0.129 seconds
[2024-10-01T00:09:09.171+0000] {processor.py:161} INFO - Started process (PID=1907) to work on /home/airflow/.local/lib/python3.8/site-packages/airflow/example_dags/tutorial_objectstorage.py
[2024-10-01T00:09:09.179+0000] {processor.py:830} INFO - Processing file /home/airflow/.local/lib/python3.8/site-packages/airflow/example_dags/tutorial_objectstorage.py for tasks to queue
[2024-10-01T00:09:09.189+0000] {logging_mixin.py:188} INFO - [2024-10-01T00:09:09.188+0000] {dagbag.py:538} INFO - Filling up the DagBag from /home/airflow/.local/lib/python3.8/site-packages/airflow/example_dags/tutorial_objectstorage.py
[2024-10-01T00:09:09.244+0000] {processor.py:840} INFO - DAG(s) 'tutorial_objectstorage' retrieved from /home/airflow/.local/lib/python3.8/site-packages/airflow/example_dags/tutorial_objectstorage.py
[2024-10-01T00:09:09.451+0000] {logging_mixin.py:188} INFO - [2024-10-01T00:09:09.449+0000] {dag.py:3036} INFO - Sync 1 DAGs
[2024-10-01T00:09:09.564+0000] {logging_mixin.py:188} INFO - [2024-10-01T00:09:09.563+0000] {dag.py:3823} INFO - Setting next_dagrun for tutorial_objectstorage to None, run_after=None
[2024-10-01T00:09:09.700+0000] {processor.py:183} INFO - Processing /home/airflow/.local/lib/python3.8/site-packages/airflow/example_dags/tutorial_objectstorage.py took 0.566 seconds
[2024-10-01T00:09:40.576+0000] {processor.py:161} INFO - Started process (PID=1972) to work on /home/airflow/.local/lib/python3.8/site-packages/airflow/example_dags/tutorial_objectstorage.py
[2024-10-01T00:09:40.594+0000] {processor.py:830} INFO - Processing file /home/airflow/.local/lib/python3.8/site-packages/airflow/example_dags/tutorial_objectstorage.py for tasks to queue
[2024-10-01T00:09:40.617+0000] {logging_mixin.py:188} INFO - [2024-10-01T00:09:40.614+0000] {dagbag.py:538} INFO - Filling up the DagBag from /home/airflow/.local/lib/python3.8/site-packages/airflow/example_dags/tutorial_objectstorage.py
[2024-10-01T00:09:40.725+0000] {processor.py:840} INFO - DAG(s) 'tutorial_objectstorage' retrieved from /home/airflow/.local/lib/python3.8/site-packages/airflow/example_dags/tutorial_objectstorage.py
[2024-10-01T00:09:40.889+0000] {logging_mixin.py:188} INFO - [2024-10-01T00:09:40.886+0000] {dag.py:3036} INFO - Sync 1 DAGs
[2024-10-01T00:09:41.034+0000] {logging_mixin.py:188} INFO - [2024-10-01T00:09:41.033+0000] {dag.py:3823} INFO - Setting next_dagrun for tutorial_objectstorage to None, run_after=None
[2024-10-01T00:09:41.211+0000] {processor.py:183} INFO - Processing /home/airflow/.local/lib/python3.8/site-packages/airflow/example_dags/tutorial_objectstorage.py took 0.684 seconds
[2024-10-01T00:10:17.964+0000] {processor.py:161} INFO - Started process (PID=2030) to work on /home/airflow/.local/lib/python3.8/site-packages/airflow/example_dags/tutorial_objectstorage.py
[2024-10-01T00:10:17.979+0000] {processor.py:830} INFO - Processing file /home/airflow/.local/lib/python3.8/site-packages/airflow/example_dags/tutorial_objectstorage.py for tasks to queue
[2024-10-01T00:10:18.008+0000] {logging_mixin.py:188} INFO - [2024-10-01T00:10:18.001+0000] {dagbag.py:538} INFO - Filling up the DagBag from /home/airflow/.local/lib/python3.8/site-packages/airflow/example_dags/tutorial_objectstorage.py
[2024-10-01T00:10:18.141+0000] {processor.py:840} INFO - DAG(s) 'tutorial_objectstorage' retrieved from /home/airflow/.local/lib/python3.8/site-packages/airflow/example_dags/tutorial_objectstorage.py
[2024-10-01T00:10:18.466+0000] {logging_mixin.py:188} INFO - [2024-10-01T00:10:18.464+0000] {dag.py:3036} INFO - Sync 1 DAGs
[2024-10-01T00:10:18.684+0000] {logging_mixin.py:188} INFO - [2024-10-01T00:10:18.679+0000] {dag.py:3823} INFO - Setting next_dagrun for tutorial_objectstorage to None, run_after=None
[2024-10-01T00:10:19.025+0000] {processor.py:183} INFO - Processing /home/airflow/.local/lib/python3.8/site-packages/airflow/example_dags/tutorial_objectstorage.py took 1.118 seconds
[2024-10-01T00:11:09.495+0000] {processor.py:161} INFO - Started process (PID=2103) to work on /home/airflow/.local/lib/python3.8/site-packages/airflow/example_dags/tutorial_objectstorage.py
[2024-10-01T00:11:09.515+0000] {processor.py:830} INFO - Processing file /home/airflow/.local/lib/python3.8/site-packages/airflow/example_dags/tutorial_objectstorage.py for tasks to queue
[2024-10-01T00:11:09.540+0000] {logging_mixin.py:188} INFO - [2024-10-01T00:11:09.537+0000] {dagbag.py:538} INFO - Filling up the DagBag from /home/airflow/.local/lib/python3.8/site-packages/airflow/example_dags/tutorial_objectstorage.py
[2024-10-01T00:11:09.676+0000] {processor.py:840} INFO - DAG(s) 'tutorial_objectstorage' retrieved from /home/airflow/.local/lib/python3.8/site-packages/airflow/example_dags/tutorial_objectstorage.py
[2024-10-01T00:11:09.947+0000] {logging_mixin.py:188} INFO - [2024-10-01T00:11:09.944+0000] {dag.py:3036} INFO - Sync 1 DAGs
[2024-10-01T00:11:10.187+0000] {logging_mixin.py:188} INFO - [2024-10-01T00:11:10.185+0000] {dag.py:3823} INFO - Setting next_dagrun for tutorial_objectstorage to None, run_after=None
[2024-10-01T00:11:10.452+0000] {processor.py:183} INFO - Processing /home/airflow/.local/lib/python3.8/site-packages/airflow/example_dags/tutorial_objectstorage.py took 1.030 seconds
[2024-10-01T00:11:41.082+0000] {processor.py:161} INFO - Started process (PID=2160) to work on /home/airflow/.local/lib/python3.8/site-packages/airflow/example_dags/tutorial_objectstorage.py
[2024-10-01T00:11:41.088+0000] {processor.py:830} INFO - Processing file /home/airflow/.local/lib/python3.8/site-packages/airflow/example_dags/tutorial_objectstorage.py for tasks to queue
[2024-10-01T00:11:41.099+0000] {logging_mixin.py:188} INFO - [2024-10-01T00:11:41.097+0000] {dagbag.py:538} INFO - Filling up the DagBag from /home/airflow/.local/lib/python3.8/site-packages/airflow/example_dags/tutorial_objectstorage.py
[2024-10-01T00:11:41.152+0000] {processor.py:840} INFO - DAG(s) 'tutorial_objectstorage' retrieved from /home/airflow/.local/lib/python3.8/site-packages/airflow/example_dags/tutorial_objectstorage.py
[2024-10-01T00:11:41.269+0000] {logging_mixin.py:188} INFO - [2024-10-01T00:11:41.268+0000] {dag.py:3036} INFO - Sync 1 DAGs
[2024-10-01T00:11:41.353+0000] {logging_mixin.py:188} INFO - [2024-10-01T00:11:41.352+0000] {dag.py:3823} INFO - Setting next_dagrun for tutorial_objectstorage to None, run_after=None
[2024-10-01T00:11:41.459+0000] {processor.py:183} INFO - Processing /home/airflow/.local/lib/python3.8/site-packages/airflow/example_dags/tutorial_objectstorage.py took 0.397 seconds
[2024-10-01T00:12:12.168+0000] {processor.py:161} INFO - Started process (PID=2225) to work on /home/airflow/.local/lib/python3.8/site-packages/airflow/example_dags/tutorial_objectstorage.py
[2024-10-01T00:12:12.190+0000] {processor.py:830} INFO - Processing file /home/airflow/.local/lib/python3.8/site-packages/airflow/example_dags/tutorial_objectstorage.py for tasks to queue
[2024-10-01T00:12:12.221+0000] {logging_mixin.py:188} INFO - [2024-10-01T00:12:12.217+0000] {dagbag.py:538} INFO - Filling up the DagBag from /home/airflow/.local/lib/python3.8/site-packages/airflow/example_dags/tutorial_objectstorage.py
[2024-10-01T00:12:12.305+0000] {processor.py:840} INFO - DAG(s) 'tutorial_objectstorage' retrieved from /home/airflow/.local/lib/python3.8/site-packages/airflow/example_dags/tutorial_objectstorage.py
[2024-10-01T00:12:12.513+0000] {logging_mixin.py:188} INFO - [2024-10-01T00:12:12.506+0000] {dag.py:3036} INFO - Sync 1 DAGs
[2024-10-01T00:12:12.658+0000] {logging_mixin.py:188} INFO - [2024-10-01T00:12:12.656+0000] {dag.py:3823} INFO - Setting next_dagrun for tutorial_objectstorage to None, run_after=None
[2024-10-01T00:12:12.841+0000] {processor.py:183} INFO - Processing /home/airflow/.local/lib/python3.8/site-packages/airflow/example_dags/tutorial_objectstorage.py took 0.762 seconds
[2024-10-01T00:12:43.310+0000] {processor.py:161} INFO - Started process (PID=2283) to work on /home/airflow/.local/lib/python3.8/site-packages/airflow/example_dags/tutorial_objectstorage.py
[2024-10-01T00:12:43.312+0000] {processor.py:830} INFO - Processing file /home/airflow/.local/lib/python3.8/site-packages/airflow/example_dags/tutorial_objectstorage.py for tasks to queue
[2024-10-01T00:12:43.315+0000] {logging_mixin.py:188} INFO - [2024-10-01T00:12:43.314+0000] {dagbag.py:538} INFO - Filling up the DagBag from /home/airflow/.local/lib/python3.8/site-packages/airflow/example_dags/tutorial_objectstorage.py
[2024-10-01T00:12:43.326+0000] {processor.py:840} INFO - DAG(s) 'tutorial_objectstorage' retrieved from /home/airflow/.local/lib/python3.8/site-packages/airflow/example_dags/tutorial_objectstorage.py
[2024-10-01T00:12:43.358+0000] {logging_mixin.py:188} INFO - [2024-10-01T00:12:43.358+0000] {dag.py:3036} INFO - Sync 1 DAGs
[2024-10-01T00:12:43.380+0000] {logging_mixin.py:188} INFO - [2024-10-01T00:12:43.379+0000] {dag.py:3823} INFO - Setting next_dagrun for tutorial_objectstorage to None, run_after=None
[2024-10-01T00:12:43.412+0000] {processor.py:183} INFO - Processing /home/airflow/.local/lib/python3.8/site-packages/airflow/example_dags/tutorial_objectstorage.py took 0.108 seconds
[2024-10-01T00:13:13.764+0000] {processor.py:161} INFO - Started process (PID=2349) to work on /home/airflow/.local/lib/python3.8/site-packages/airflow/example_dags/tutorial_objectstorage.py
[2024-10-01T00:13:13.770+0000] {processor.py:830} INFO - Processing file /home/airflow/.local/lib/python3.8/site-packages/airflow/example_dags/tutorial_objectstorage.py for tasks to queue
[2024-10-01T00:13:13.776+0000] {logging_mixin.py:188} INFO - [2024-10-01T00:13:13.775+0000] {dagbag.py:538} INFO - Filling up the DagBag from /home/airflow/.local/lib/python3.8/site-packages/airflow/example_dags/tutorial_objectstorage.py
[2024-10-01T00:13:13.801+0000] {processor.py:840} INFO - DAG(s) 'tutorial_objectstorage' retrieved from /home/airflow/.local/lib/python3.8/site-packages/airflow/example_dags/tutorial_objectstorage.py
[2024-10-01T00:13:13.872+0000] {logging_mixin.py:188} INFO - [2024-10-01T00:13:13.872+0000] {dag.py:3036} INFO - Sync 1 DAGs
[2024-10-01T00:13:13.917+0000] {logging_mixin.py:188} INFO - [2024-10-01T00:13:13.916+0000] {dag.py:3823} INFO - Setting next_dagrun for tutorial_objectstorage to None, run_after=None
[2024-10-01T00:13:13.986+0000] {processor.py:183} INFO - Processing /home/airflow/.local/lib/python3.8/site-packages/airflow/example_dags/tutorial_objectstorage.py took 0.234 seconds
[2024-10-01T00:13:44.074+0000] {processor.py:161} INFO - Started process (PID=2415) to work on /home/airflow/.local/lib/python3.8/site-packages/airflow/example_dags/tutorial_objectstorage.py
[2024-10-01T00:13:44.078+0000] {processor.py:830} INFO - Processing file /home/airflow/.local/lib/python3.8/site-packages/airflow/example_dags/tutorial_objectstorage.py for tasks to queue
[2024-10-01T00:13:44.081+0000] {logging_mixin.py:188} INFO - [2024-10-01T00:13:44.080+0000] {dagbag.py:538} INFO - Filling up the DagBag from /home/airflow/.local/lib/python3.8/site-packages/airflow/example_dags/tutorial_objectstorage.py
[2024-10-01T00:13:44.093+0000] {processor.py:840} INFO - DAG(s) 'tutorial_objectstorage' retrieved from /home/airflow/.local/lib/python3.8/site-packages/airflow/example_dags/tutorial_objectstorage.py
[2024-10-01T00:13:44.129+0000] {logging_mixin.py:188} INFO - [2024-10-01T00:13:44.128+0000] {dag.py:3036} INFO - Sync 1 DAGs
[2024-10-01T00:13:44.152+0000] {logging_mixin.py:188} INFO - [2024-10-01T00:13:44.152+0000] {dag.py:3823} INFO - Setting next_dagrun for tutorial_objectstorage to None, run_after=None
[2024-10-01T00:13:44.186+0000] {processor.py:183} INFO - Processing /home/airflow/.local/lib/python3.8/site-packages/airflow/example_dags/tutorial_objectstorage.py took 0.119 seconds
[2024-10-01T00:14:14.747+0000] {processor.py:161} INFO - Started process (PID=2481) to work on /home/airflow/.local/lib/python3.8/site-packages/airflow/example_dags/tutorial_objectstorage.py
[2024-10-01T00:14:14.751+0000] {processor.py:830} INFO - Processing file /home/airflow/.local/lib/python3.8/site-packages/airflow/example_dags/tutorial_objectstorage.py for tasks to queue
[2024-10-01T00:14:14.755+0000] {logging_mixin.py:188} INFO - [2024-10-01T00:14:14.754+0000] {dagbag.py:538} INFO - Filling up the DagBag from /home/airflow/.local/lib/python3.8/site-packages/airflow/example_dags/tutorial_objectstorage.py
[2024-10-01T00:14:14.771+0000] {processor.py:840} INFO - DAG(s) 'tutorial_objectstorage' retrieved from /home/airflow/.local/lib/python3.8/site-packages/airflow/example_dags/tutorial_objectstorage.py
[2024-10-01T00:14:14.816+0000] {logging_mixin.py:188} INFO - [2024-10-01T00:14:14.815+0000] {dag.py:3036} INFO - Sync 1 DAGs
[2024-10-01T00:14:14.845+0000] {logging_mixin.py:188} INFO - [2024-10-01T00:14:14.845+0000] {dag.py:3823} INFO - Setting next_dagrun for tutorial_objectstorage to None, run_after=None
[2024-10-01T00:14:14.888+0000] {processor.py:183} INFO - Processing /home/airflow/.local/lib/python3.8/site-packages/airflow/example_dags/tutorial_objectstorage.py took 0.150 seconds
[2024-10-01T00:14:45.838+0000] {processor.py:161} INFO - Started process (PID=2548) to work on /home/airflow/.local/lib/python3.8/site-packages/airflow/example_dags/tutorial_objectstorage.py
[2024-10-01T00:14:45.840+0000] {processor.py:830} INFO - Processing file /home/airflow/.local/lib/python3.8/site-packages/airflow/example_dags/tutorial_objectstorage.py for tasks to queue
[2024-10-01T00:14:45.843+0000] {logging_mixin.py:188} INFO - [2024-10-01T00:14:45.842+0000] {dagbag.py:538} INFO - Filling up the DagBag from /home/airflow/.local/lib/python3.8/site-packages/airflow/example_dags/tutorial_objectstorage.py
[2024-10-01T00:14:45.854+0000] {processor.py:840} INFO - DAG(s) 'tutorial_objectstorage' retrieved from /home/airflow/.local/lib/python3.8/site-packages/airflow/example_dags/tutorial_objectstorage.py
[2024-10-01T00:14:45.888+0000] {logging_mixin.py:188} INFO - [2024-10-01T00:14:45.887+0000] {dag.py:3036} INFO - Sync 1 DAGs
[2024-10-01T00:14:45.910+0000] {logging_mixin.py:188} INFO - [2024-10-01T00:14:45.909+0000] {dag.py:3823} INFO - Setting next_dagrun for tutorial_objectstorage to None, run_after=None
[2024-10-01T00:14:45.945+0000] {processor.py:183} INFO - Processing /home/airflow/.local/lib/python3.8/site-packages/airflow/example_dags/tutorial_objectstorage.py took 0.113 seconds
[2024-10-01T00:15:16.065+0000] {processor.py:161} INFO - Started process (PID=2614) to work on /home/airflow/.local/lib/python3.8/site-packages/airflow/example_dags/tutorial_objectstorage.py
[2024-10-01T00:15:16.067+0000] {processor.py:830} INFO - Processing file /home/airflow/.local/lib/python3.8/site-packages/airflow/example_dags/tutorial_objectstorage.py for tasks to queue
[2024-10-01T00:15:16.070+0000] {logging_mixin.py:188} INFO - [2024-10-01T00:15:16.069+0000] {dagbag.py:538} INFO - Filling up the DagBag from /home/airflow/.local/lib/python3.8/site-packages/airflow/example_dags/tutorial_objectstorage.py
[2024-10-01T00:15:16.082+0000] {processor.py:840} INFO - DAG(s) 'tutorial_objectstorage' retrieved from /home/airflow/.local/lib/python3.8/site-packages/airflow/example_dags/tutorial_objectstorage.py
[2024-10-01T00:15:16.117+0000] {logging_mixin.py:188} INFO - [2024-10-01T00:15:16.117+0000] {dag.py:3036} INFO - Sync 1 DAGs
[2024-10-01T00:15:16.140+0000] {logging_mixin.py:188} INFO - [2024-10-01T00:15:16.139+0000] {dag.py:3823} INFO - Setting next_dagrun for tutorial_objectstorage to None, run_after=None
[2024-10-01T00:15:16.175+0000] {processor.py:183} INFO - Processing /home/airflow/.local/lib/python3.8/site-packages/airflow/example_dags/tutorial_objectstorage.py took 0.116 seconds
[2024-10-01T00:15:50.918+0000] {processor.py:161} INFO - Started process (PID=2677) to work on /home/airflow/.local/lib/python3.8/site-packages/airflow/example_dags/tutorial_objectstorage.py
[2024-10-01T00:15:50.928+0000] {processor.py:830} INFO - Processing file /home/airflow/.local/lib/python3.8/site-packages/airflow/example_dags/tutorial_objectstorage.py for tasks to queue
[2024-10-01T00:15:50.945+0000] {logging_mixin.py:188} INFO - [2024-10-01T00:15:50.942+0000] {dagbag.py:538} INFO - Filling up the DagBag from /home/airflow/.local/lib/python3.8/site-packages/airflow/example_dags/tutorial_objectstorage.py
[2024-10-01T00:15:51.004+0000] {processor.py:840} INFO - DAG(s) 'tutorial_objectstorage' retrieved from /home/airflow/.local/lib/python3.8/site-packages/airflow/example_dags/tutorial_objectstorage.py
[2024-10-01T00:15:51.170+0000] {logging_mixin.py:188} INFO - [2024-10-01T00:15:51.168+0000] {dag.py:3036} INFO - Sync 1 DAGs
[2024-10-01T00:15:51.308+0000] {logging_mixin.py:188} INFO - [2024-10-01T00:15:51.306+0000] {dag.py:3823} INFO - Setting next_dagrun for tutorial_objectstorage to None, run_after=None
[2024-10-01T00:15:51.493+0000] {processor.py:183} INFO - Processing /home/airflow/.local/lib/python3.8/site-packages/airflow/example_dags/tutorial_objectstorage.py took 0.615 seconds
[2024-10-01T00:16:37.029+0000] {processor.py:161} INFO - Started process (PID=2752) to work on /home/airflow/.local/lib/python3.8/site-packages/airflow/example_dags/tutorial_objectstorage.py
[2024-10-01T00:16:37.032+0000] {processor.py:830} INFO - Processing file /home/airflow/.local/lib/python3.8/site-packages/airflow/example_dags/tutorial_objectstorage.py for tasks to queue
[2024-10-01T00:16:37.035+0000] {logging_mixin.py:188} INFO - [2024-10-01T00:16:37.035+0000] {dagbag.py:538} INFO - Filling up the DagBag from /home/airflow/.local/lib/python3.8/site-packages/airflow/example_dags/tutorial_objectstorage.py
[2024-10-01T00:16:37.054+0000] {processor.py:840} INFO - DAG(s) 'tutorial_objectstorage' retrieved from /home/airflow/.local/lib/python3.8/site-packages/airflow/example_dags/tutorial_objectstorage.py
[2024-10-01T00:16:37.342+0000] {logging_mixin.py:188} INFO - [2024-10-01T00:16:37.341+0000] {dag.py:3036} INFO - Sync 1 DAGs
[2024-10-01T00:16:37.365+0000] {logging_mixin.py:188} INFO - [2024-10-01T00:16:37.364+0000] {dag.py:3823} INFO - Setting next_dagrun for tutorial_objectstorage to None, run_after=None
[2024-10-01T00:16:37.408+0000] {processor.py:183} INFO - Processing /home/airflow/.local/lib/python3.8/site-packages/airflow/example_dags/tutorial_objectstorage.py took 0.387 seconds
[2024-10-01T00:17:07.568+0000] {processor.py:161} INFO - Started process (PID=2818) to work on /home/airflow/.local/lib/python3.8/site-packages/airflow/example_dags/tutorial_objectstorage.py
[2024-10-01T00:17:07.571+0000] {processor.py:830} INFO - Processing file /home/airflow/.local/lib/python3.8/site-packages/airflow/example_dags/tutorial_objectstorage.py for tasks to queue
[2024-10-01T00:17:07.575+0000] {logging_mixin.py:188} INFO - [2024-10-01T00:17:07.575+0000] {dagbag.py:538} INFO - Filling up the DagBag from /home/airflow/.local/lib/python3.8/site-packages/airflow/example_dags/tutorial_objectstorage.py
[2024-10-01T00:17:07.592+0000] {processor.py:840} INFO - DAG(s) 'tutorial_objectstorage' retrieved from /home/airflow/.local/lib/python3.8/site-packages/airflow/example_dags/tutorial_objectstorage.py
[2024-10-01T00:17:07.631+0000] {logging_mixin.py:188} INFO - [2024-10-01T00:17:07.630+0000] {dag.py:3036} INFO - Sync 1 DAGs
[2024-10-01T00:17:07.666+0000] {logging_mixin.py:188} INFO - [2024-10-01T00:17:07.666+0000] {dag.py:3823} INFO - Setting next_dagrun for tutorial_objectstorage to None, run_after=None
[2024-10-01T00:17:07.707+0000] {processor.py:183} INFO - Processing /home/airflow/.local/lib/python3.8/site-packages/airflow/example_dags/tutorial_objectstorage.py took 0.145 seconds
[2024-10-01T00:17:38.077+0000] {processor.py:161} INFO - Started process (PID=2884) to work on /home/airflow/.local/lib/python3.8/site-packages/airflow/example_dags/tutorial_objectstorage.py
[2024-10-01T00:17:38.080+0000] {processor.py:830} INFO - Processing file /home/airflow/.local/lib/python3.8/site-packages/airflow/example_dags/tutorial_objectstorage.py for tasks to queue
[2024-10-01T00:17:38.083+0000] {logging_mixin.py:188} INFO - [2024-10-01T00:17:38.082+0000] {dagbag.py:538} INFO - Filling up the DagBag from /home/airflow/.local/lib/python3.8/site-packages/airflow/example_dags/tutorial_objectstorage.py
[2024-10-01T00:17:38.095+0000] {processor.py:840} INFO - DAG(s) 'tutorial_objectstorage' retrieved from /home/airflow/.local/lib/python3.8/site-packages/airflow/example_dags/tutorial_objectstorage.py
[2024-10-01T00:17:38.130+0000] {logging_mixin.py:188} INFO - [2024-10-01T00:17:38.130+0000] {dag.py:3036} INFO - Sync 1 DAGs
[2024-10-01T00:17:38.153+0000] {logging_mixin.py:188} INFO - [2024-10-01T00:17:38.153+0000] {dag.py:3823} INFO - Setting next_dagrun for tutorial_objectstorage to None, run_after=None
[2024-10-01T00:17:38.185+0000] {processor.py:183} INFO - Processing /home/airflow/.local/lib/python3.8/site-packages/airflow/example_dags/tutorial_objectstorage.py took 0.114 seconds
[2024-10-01T00:18:08.291+0000] {processor.py:161} INFO - Started process (PID=2950) to work on /home/airflow/.local/lib/python3.8/site-packages/airflow/example_dags/tutorial_objectstorage.py
[2024-10-01T00:18:08.293+0000] {processor.py:830} INFO - Processing file /home/airflow/.local/lib/python3.8/site-packages/airflow/example_dags/tutorial_objectstorage.py for tasks to queue
[2024-10-01T00:18:08.295+0000] {logging_mixin.py:188} INFO - [2024-10-01T00:18:08.294+0000] {dagbag.py:538} INFO - Filling up the DagBag from /home/airflow/.local/lib/python3.8/site-packages/airflow/example_dags/tutorial_objectstorage.py
[2024-10-01T00:18:08.304+0000] {processor.py:840} INFO - DAG(s) 'tutorial_objectstorage' retrieved from /home/airflow/.local/lib/python3.8/site-packages/airflow/example_dags/tutorial_objectstorage.py
[2024-10-01T00:18:08.331+0000] {logging_mixin.py:188} INFO - [2024-10-01T00:18:08.331+0000] {dag.py:3036} INFO - Sync 1 DAGs
[2024-10-01T00:18:08.350+0000] {logging_mixin.py:188} INFO - [2024-10-01T00:18:08.349+0000] {dag.py:3823} INFO - Setting next_dagrun for tutorial_objectstorage to None, run_after=None
[2024-10-01T00:18:08.372+0000] {processor.py:183} INFO - Processing /home/airflow/.local/lib/python3.8/site-packages/airflow/example_dags/tutorial_objectstorage.py took 0.086 seconds
[2024-10-01T00:18:38.594+0000] {processor.py:161} INFO - Started process (PID=3016) to work on /home/airflow/.local/lib/python3.8/site-packages/airflow/example_dags/tutorial_objectstorage.py
[2024-10-01T00:18:38.596+0000] {processor.py:830} INFO - Processing file /home/airflow/.local/lib/python3.8/site-packages/airflow/example_dags/tutorial_objectstorage.py for tasks to queue
[2024-10-01T00:18:38.598+0000] {logging_mixin.py:188} INFO - [2024-10-01T00:18:38.598+0000] {dagbag.py:538} INFO - Filling up the DagBag from /home/airflow/.local/lib/python3.8/site-packages/airflow/example_dags/tutorial_objectstorage.py
[2024-10-01T00:18:38.608+0000] {processor.py:840} INFO - DAG(s) 'tutorial_objectstorage' retrieved from /home/airflow/.local/lib/python3.8/site-packages/airflow/example_dags/tutorial_objectstorage.py
[2024-10-01T00:18:38.638+0000] {logging_mixin.py:188} INFO - [2024-10-01T00:18:38.637+0000] {dag.py:3036} INFO - Sync 1 DAGs
[2024-10-01T00:18:38.657+0000] {logging_mixin.py:188} INFO - [2024-10-01T00:18:38.657+0000] {dag.py:3823} INFO - Setting next_dagrun for tutorial_objectstorage to None, run_after=None
[2024-10-01T00:18:38.685+0000] {processor.py:183} INFO - Processing /home/airflow/.local/lib/python3.8/site-packages/airflow/example_dags/tutorial_objectstorage.py took 0.096 seconds
[2024-10-01T00:19:08.920+0000] {processor.py:161} INFO - Started process (PID=3091) to work on /home/airflow/.local/lib/python3.8/site-packages/airflow/example_dags/tutorial_objectstorage.py
[2024-10-01T00:19:08.922+0000] {processor.py:830} INFO - Processing file /home/airflow/.local/lib/python3.8/site-packages/airflow/example_dags/tutorial_objectstorage.py for tasks to queue
[2024-10-01T00:19:08.925+0000] {logging_mixin.py:188} INFO - [2024-10-01T00:19:08.925+0000] {dagbag.py:538} INFO - Filling up the DagBag from /home/airflow/.local/lib/python3.8/site-packages/airflow/example_dags/tutorial_objectstorage.py
[2024-10-01T00:19:08.936+0000] {processor.py:840} INFO - DAG(s) 'tutorial_objectstorage' retrieved from /home/airflow/.local/lib/python3.8/site-packages/airflow/example_dags/tutorial_objectstorage.py
[2024-10-01T00:19:08.968+0000] {logging_mixin.py:188} INFO - [2024-10-01T00:19:08.968+0000] {dag.py:3036} INFO - Sync 1 DAGs
[2024-10-01T00:19:08.989+0000] {logging_mixin.py:188} INFO - [2024-10-01T00:19:08.989+0000] {dag.py:3823} INFO - Setting next_dagrun for tutorial_objectstorage to None, run_after=None
[2024-10-01T00:19:09.021+0000] {processor.py:183} INFO - Processing /home/airflow/.local/lib/python3.8/site-packages/airflow/example_dags/tutorial_objectstorage.py took 0.106 seconds
[2024-10-01T00:19:39.435+0000] {processor.py:161} INFO - Started process (PID=3158) to work on /home/airflow/.local/lib/python3.8/site-packages/airflow/example_dags/tutorial_objectstorage.py
[2024-10-01T00:19:39.438+0000] {processor.py:830} INFO - Processing file /home/airflow/.local/lib/python3.8/site-packages/airflow/example_dags/tutorial_objectstorage.py for tasks to queue
[2024-10-01T00:19:39.442+0000] {logging_mixin.py:188} INFO - [2024-10-01T00:19:39.441+0000] {dagbag.py:538} INFO - Filling up the DagBag from /home/airflow/.local/lib/python3.8/site-packages/airflow/example_dags/tutorial_objectstorage.py
[2024-10-01T00:19:39.459+0000] {processor.py:840} INFO - DAG(s) 'tutorial_objectstorage' retrieved from /home/airflow/.local/lib/python3.8/site-packages/airflow/example_dags/tutorial_objectstorage.py
[2024-10-01T00:19:39.506+0000] {logging_mixin.py:188} INFO - [2024-10-01T00:19:39.506+0000] {dag.py:3036} INFO - Sync 1 DAGs
[2024-10-01T00:19:39.537+0000] {logging_mixin.py:188} INFO - [2024-10-01T00:19:39.536+0000] {dag.py:3823} INFO - Setting next_dagrun for tutorial_objectstorage to None, run_after=None
[2024-10-01T00:19:39.590+0000] {processor.py:183} INFO - Processing /home/airflow/.local/lib/python3.8/site-packages/airflow/example_dags/tutorial_objectstorage.py took 0.162 seconds
[2024-10-01T00:20:09.952+0000] {processor.py:161} INFO - Started process (PID=3224) to work on /home/airflow/.local/lib/python3.8/site-packages/airflow/example_dags/tutorial_objectstorage.py
[2024-10-01T00:20:09.955+0000] {processor.py:830} INFO - Processing file /home/airflow/.local/lib/python3.8/site-packages/airflow/example_dags/tutorial_objectstorage.py for tasks to queue
[2024-10-01T00:20:09.959+0000] {logging_mixin.py:188} INFO - [2024-10-01T00:20:09.958+0000] {dagbag.py:538} INFO - Filling up the DagBag from /home/airflow/.local/lib/python3.8/site-packages/airflow/example_dags/tutorial_objectstorage.py
[2024-10-01T00:20:09.974+0000] {processor.py:840} INFO - DAG(s) 'tutorial_objectstorage' retrieved from /home/airflow/.local/lib/python3.8/site-packages/airflow/example_dags/tutorial_objectstorage.py
[2024-10-01T00:20:10.016+0000] {logging_mixin.py:188} INFO - [2024-10-01T00:20:10.015+0000] {dag.py:3036} INFO - Sync 1 DAGs
[2024-10-01T00:20:10.041+0000] {logging_mixin.py:188} INFO - [2024-10-01T00:20:10.040+0000] {dag.py:3823} INFO - Setting next_dagrun for tutorial_objectstorage to None, run_after=None
[2024-10-01T00:20:10.076+0000] {processor.py:183} INFO - Processing /home/airflow/.local/lib/python3.8/site-packages/airflow/example_dags/tutorial_objectstorage.py took 0.132 seconds
[2024-10-01T00:20:40.736+0000] {processor.py:161} INFO - Started process (PID=3290) to work on /home/airflow/.local/lib/python3.8/site-packages/airflow/example_dags/tutorial_objectstorage.py
[2024-10-01T00:20:40.737+0000] {processor.py:830} INFO - Processing file /home/airflow/.local/lib/python3.8/site-packages/airflow/example_dags/tutorial_objectstorage.py for tasks to queue
[2024-10-01T00:20:40.740+0000] {logging_mixin.py:188} INFO - [2024-10-01T00:20:40.740+0000] {dagbag.py:538} INFO - Filling up the DagBag from /home/airflow/.local/lib/python3.8/site-packages/airflow/example_dags/tutorial_objectstorage.py
[2024-10-01T00:20:40.751+0000] {processor.py:840} INFO - DAG(s) 'tutorial_objectstorage' retrieved from /home/airflow/.local/lib/python3.8/site-packages/airflow/example_dags/tutorial_objectstorage.py
[2024-10-01T00:20:40.782+0000] {logging_mixin.py:188} INFO - [2024-10-01T00:20:40.781+0000] {dag.py:3036} INFO - Sync 1 DAGs
[2024-10-01T00:20:40.803+0000] {logging_mixin.py:188} INFO - [2024-10-01T00:20:40.803+0000] {dag.py:3823} INFO - Setting next_dagrun for tutorial_objectstorage to None, run_after=None
[2024-10-01T00:20:40.833+0000] {processor.py:183} INFO - Processing /home/airflow/.local/lib/python3.8/site-packages/airflow/example_dags/tutorial_objectstorage.py took 0.103 seconds
[2024-10-01T00:21:11.599+0000] {processor.py:161} INFO - Started process (PID=3356) to work on /home/airflow/.local/lib/python3.8/site-packages/airflow/example_dags/tutorial_objectstorage.py
[2024-10-01T00:21:11.602+0000] {processor.py:830} INFO - Processing file /home/airflow/.local/lib/python3.8/site-packages/airflow/example_dags/tutorial_objectstorage.py for tasks to queue
[2024-10-01T00:21:11.606+0000] {logging_mixin.py:188} INFO - [2024-10-01T00:21:11.605+0000] {dagbag.py:538} INFO - Filling up the DagBag from /home/airflow/.local/lib/python3.8/site-packages/airflow/example_dags/tutorial_objectstorage.py
[2024-10-01T00:21:11.620+0000] {processor.py:840} INFO - DAG(s) 'tutorial_objectstorage' retrieved from /home/airflow/.local/lib/python3.8/site-packages/airflow/example_dags/tutorial_objectstorage.py
[2024-10-01T00:21:11.654+0000] {logging_mixin.py:188} INFO - [2024-10-01T00:21:11.653+0000] {dag.py:3036} INFO - Sync 1 DAGs
[2024-10-01T00:21:11.678+0000] {logging_mixin.py:188} INFO - [2024-10-01T00:21:11.678+0000] {dag.py:3823} INFO - Setting next_dagrun for tutorial_objectstorage to None, run_after=None
[2024-10-01T00:21:11.709+0000] {processor.py:183} INFO - Processing /home/airflow/.local/lib/python3.8/site-packages/airflow/example_dags/tutorial_objectstorage.py took 0.119 seconds
[2024-10-01T00:21:42.251+0000] {processor.py:161} INFO - Started process (PID=3422) to work on /home/airflow/.local/lib/python3.8/site-packages/airflow/example_dags/tutorial_objectstorage.py
[2024-10-01T00:21:42.253+0000] {processor.py:830} INFO - Processing file /home/airflow/.local/lib/python3.8/site-packages/airflow/example_dags/tutorial_objectstorage.py for tasks to queue
[2024-10-01T00:21:42.256+0000] {logging_mixin.py:188} INFO - [2024-10-01T00:21:42.255+0000] {dagbag.py:538} INFO - Filling up the DagBag from /home/airflow/.local/lib/python3.8/site-packages/airflow/example_dags/tutorial_objectstorage.py
[2024-10-01T00:21:42.266+0000] {processor.py:840} INFO - DAG(s) 'tutorial_objectstorage' retrieved from /home/airflow/.local/lib/python3.8/site-packages/airflow/example_dags/tutorial_objectstorage.py
[2024-10-01T00:21:42.298+0000] {logging_mixin.py:188} INFO - [2024-10-01T00:21:42.298+0000] {dag.py:3036} INFO - Sync 1 DAGs
[2024-10-01T00:21:42.325+0000] {logging_mixin.py:188} INFO - [2024-10-01T00:21:42.325+0000] {dag.py:3823} INFO - Setting next_dagrun for tutorial_objectstorage to None, run_after=None
[2024-10-01T00:21:42.359+0000] {processor.py:183} INFO - Processing /home/airflow/.local/lib/python3.8/site-packages/airflow/example_dags/tutorial_objectstorage.py took 0.114 seconds
[2024-10-01T00:22:12.869+0000] {processor.py:161} INFO - Started process (PID=3488) to work on /home/airflow/.local/lib/python3.8/site-packages/airflow/example_dags/tutorial_objectstorage.py
[2024-10-01T00:22:12.871+0000] {processor.py:830} INFO - Processing file /home/airflow/.local/lib/python3.8/site-packages/airflow/example_dags/tutorial_objectstorage.py for tasks to queue
[2024-10-01T00:22:12.875+0000] {logging_mixin.py:188} INFO - [2024-10-01T00:22:12.874+0000] {dagbag.py:538} INFO - Filling up the DagBag from /home/airflow/.local/lib/python3.8/site-packages/airflow/example_dags/tutorial_objectstorage.py
[2024-10-01T00:22:12.889+0000] {processor.py:840} INFO - DAG(s) 'tutorial_objectstorage' retrieved from /home/airflow/.local/lib/python3.8/site-packages/airflow/example_dags/tutorial_objectstorage.py
[2024-10-01T00:22:12.929+0000] {logging_mixin.py:188} INFO - [2024-10-01T00:22:12.929+0000] {dag.py:3036} INFO - Sync 1 DAGs
[2024-10-01T00:22:12.952+0000] {logging_mixin.py:188} INFO - [2024-10-01T00:22:12.952+0000] {dag.py:3823} INFO - Setting next_dagrun for tutorial_objectstorage to None, run_after=None
[2024-10-01T00:22:12.979+0000] {processor.py:183} INFO - Processing /home/airflow/.local/lib/python3.8/site-packages/airflow/example_dags/tutorial_objectstorage.py took 0.117 seconds
[2024-10-01T00:22:43.536+0000] {processor.py:161} INFO - Started process (PID=3555) to work on /home/airflow/.local/lib/python3.8/site-packages/airflow/example_dags/tutorial_objectstorage.py
[2024-10-01T00:22:43.540+0000] {processor.py:830} INFO - Processing file /home/airflow/.local/lib/python3.8/site-packages/airflow/example_dags/tutorial_objectstorage.py for tasks to queue
[2024-10-01T00:22:43.544+0000] {logging_mixin.py:188} INFO - [2024-10-01T00:22:43.543+0000] {dagbag.py:538} INFO - Filling up the DagBag from /home/airflow/.local/lib/python3.8/site-packages/airflow/example_dags/tutorial_objectstorage.py
[2024-10-01T00:22:43.568+0000] {processor.py:840} INFO - DAG(s) 'tutorial_objectstorage' retrieved from /home/airflow/.local/lib/python3.8/site-packages/airflow/example_dags/tutorial_objectstorage.py
[2024-10-01T00:22:43.618+0000] {logging_mixin.py:188} INFO - [2024-10-01T00:22:43.618+0000] {dag.py:3036} INFO - Sync 1 DAGs
[2024-10-01T00:22:43.645+0000] {logging_mixin.py:188} INFO - [2024-10-01T00:22:43.644+0000] {dag.py:3823} INFO - Setting next_dagrun for tutorial_objectstorage to None, run_after=None
[2024-10-01T00:22:43.679+0000] {processor.py:183} INFO - Processing /home/airflow/.local/lib/python3.8/site-packages/airflow/example_dags/tutorial_objectstorage.py took 0.155 seconds
[2024-10-01T00:23:14.212+0000] {processor.py:161} INFO - Started process (PID=3622) to work on /home/airflow/.local/lib/python3.8/site-packages/airflow/example_dags/tutorial_objectstorage.py
[2024-10-01T00:23:14.214+0000] {processor.py:830} INFO - Processing file /home/airflow/.local/lib/python3.8/site-packages/airflow/example_dags/tutorial_objectstorage.py for tasks to queue
[2024-10-01T00:23:14.218+0000] {logging_mixin.py:188} INFO - [2024-10-01T00:23:14.217+0000] {dagbag.py:538} INFO - Filling up the DagBag from /home/airflow/.local/lib/python3.8/site-packages/airflow/example_dags/tutorial_objectstorage.py
[2024-10-01T00:23:14.230+0000] {processor.py:840} INFO - DAG(s) 'tutorial_objectstorage' retrieved from /home/airflow/.local/lib/python3.8/site-packages/airflow/example_dags/tutorial_objectstorage.py
[2024-10-01T00:23:14.268+0000] {logging_mixin.py:188} INFO - [2024-10-01T00:23:14.267+0000] {dag.py:3036} INFO - Sync 1 DAGs
[2024-10-01T00:23:14.295+0000] {logging_mixin.py:188} INFO - [2024-10-01T00:23:14.294+0000] {dag.py:3823} INFO - Setting next_dagrun for tutorial_objectstorage to None, run_after=None
[2024-10-01T00:23:14.331+0000] {processor.py:183} INFO - Processing /home/airflow/.local/lib/python3.8/site-packages/airflow/example_dags/tutorial_objectstorage.py took 0.127 seconds
[2024-10-01T00:23:44.666+0000] {processor.py:161} INFO - Started process (PID=3696) to work on /home/airflow/.local/lib/python3.8/site-packages/airflow/example_dags/tutorial_objectstorage.py
[2024-10-01T00:23:44.669+0000] {processor.py:830} INFO - Processing file /home/airflow/.local/lib/python3.8/site-packages/airflow/example_dags/tutorial_objectstorage.py for tasks to queue
[2024-10-01T00:23:44.676+0000] {logging_mixin.py:188} INFO - [2024-10-01T00:23:44.675+0000] {dagbag.py:538} INFO - Filling up the DagBag from /home/airflow/.local/lib/python3.8/site-packages/airflow/example_dags/tutorial_objectstorage.py
[2024-10-01T00:23:44.700+0000] {processor.py:840} INFO - DAG(s) 'tutorial_objectstorage' retrieved from /home/airflow/.local/lib/python3.8/site-packages/airflow/example_dags/tutorial_objectstorage.py
[2024-10-01T00:23:44.760+0000] {logging_mixin.py:188} INFO - [2024-10-01T00:23:44.760+0000] {dag.py:3036} INFO - Sync 1 DAGs
[2024-10-01T00:23:44.850+0000] {logging_mixin.py:188} INFO - [2024-10-01T00:23:44.849+0000] {dag.py:3823} INFO - Setting next_dagrun for tutorial_objectstorage to None, run_after=None
[2024-10-01T00:23:44.945+0000] {processor.py:183} INFO - Processing /home/airflow/.local/lib/python3.8/site-packages/airflow/example_dags/tutorial_objectstorage.py took 0.289 seconds
[2024-10-01T00:24:15.601+0000] {processor.py:161} INFO - Started process (PID=3754) to work on /home/airflow/.local/lib/python3.8/site-packages/airflow/example_dags/tutorial_objectstorage.py
[2024-10-01T00:24:15.605+0000] {processor.py:830} INFO - Processing file /home/airflow/.local/lib/python3.8/site-packages/airflow/example_dags/tutorial_objectstorage.py for tasks to queue
[2024-10-01T00:24:15.611+0000] {logging_mixin.py:188} INFO - [2024-10-01T00:24:15.609+0000] {dagbag.py:538} INFO - Filling up the DagBag from /home/airflow/.local/lib/python3.8/site-packages/airflow/example_dags/tutorial_objectstorage.py
[2024-10-01T00:24:15.635+0000] {processor.py:840} INFO - DAG(s) 'tutorial_objectstorage' retrieved from /home/airflow/.local/lib/python3.8/site-packages/airflow/example_dags/tutorial_objectstorage.py
[2024-10-01T00:24:15.706+0000] {logging_mixin.py:188} INFO - [2024-10-01T00:24:15.705+0000] {dag.py:3036} INFO - Sync 1 DAGs
[2024-10-01T00:24:15.747+0000] {logging_mixin.py:188} INFO - [2024-10-01T00:24:15.746+0000] {dag.py:3823} INFO - Setting next_dagrun for tutorial_objectstorage to None, run_after=None
[2024-10-01T00:24:15.806+0000] {processor.py:183} INFO - Processing /home/airflow/.local/lib/python3.8/site-packages/airflow/example_dags/tutorial_objectstorage.py took 0.217 seconds
[2024-10-01T00:24:46.172+0000] {processor.py:161} INFO - Started process (PID=3820) to work on /home/airflow/.local/lib/python3.8/site-packages/airflow/example_dags/tutorial_objectstorage.py
[2024-10-01T00:24:46.176+0000] {processor.py:830} INFO - Processing file /home/airflow/.local/lib/python3.8/site-packages/airflow/example_dags/tutorial_objectstorage.py for tasks to queue
[2024-10-01T00:24:46.181+0000] {logging_mixin.py:188} INFO - [2024-10-01T00:24:46.180+0000] {dagbag.py:538} INFO - Filling up the DagBag from /home/airflow/.local/lib/python3.8/site-packages/airflow/example_dags/tutorial_objectstorage.py
[2024-10-01T00:24:46.202+0000] {processor.py:840} INFO - DAG(s) 'tutorial_objectstorage' retrieved from /home/airflow/.local/lib/python3.8/site-packages/airflow/example_dags/tutorial_objectstorage.py
[2024-10-01T00:24:46.278+0000] {logging_mixin.py:188} INFO - [2024-10-01T00:24:46.277+0000] {dag.py:3036} INFO - Sync 1 DAGs
[2024-10-01T00:24:46.336+0000] {logging_mixin.py:188} INFO - [2024-10-01T00:24:46.335+0000] {dag.py:3823} INFO - Setting next_dagrun for tutorial_objectstorage to None, run_after=None
[2024-10-01T00:24:46.400+0000] {processor.py:183} INFO - Processing /home/airflow/.local/lib/python3.8/site-packages/airflow/example_dags/tutorial_objectstorage.py took 0.239 seconds
[2024-10-01T00:25:16.874+0000] {processor.py:161} INFO - Started process (PID=3886) to work on /home/airflow/.local/lib/python3.8/site-packages/airflow/example_dags/tutorial_objectstorage.py
[2024-10-01T00:25:16.877+0000] {processor.py:830} INFO - Processing file /home/airflow/.local/lib/python3.8/site-packages/airflow/example_dags/tutorial_objectstorage.py for tasks to queue
[2024-10-01T00:25:16.883+0000] {logging_mixin.py:188} INFO - [2024-10-01T00:25:16.882+0000] {dagbag.py:538} INFO - Filling up the DagBag from /home/airflow/.local/lib/python3.8/site-packages/airflow/example_dags/tutorial_objectstorage.py
[2024-10-01T00:25:16.905+0000] {processor.py:840} INFO - DAG(s) 'tutorial_objectstorage' retrieved from /home/airflow/.local/lib/python3.8/site-packages/airflow/example_dags/tutorial_objectstorage.py
[2024-10-01T00:25:16.965+0000] {logging_mixin.py:188} INFO - [2024-10-01T00:25:16.964+0000] {dag.py:3036} INFO - Sync 1 DAGs
[2024-10-01T00:25:17.004+0000] {logging_mixin.py:188} INFO - [2024-10-01T00:25:17.003+0000] {dag.py:3823} INFO - Setting next_dagrun for tutorial_objectstorage to None, run_after=None
[2024-10-01T00:25:17.065+0000] {processor.py:183} INFO - Processing /home/airflow/.local/lib/python3.8/site-packages/airflow/example_dags/tutorial_objectstorage.py took 0.202 seconds
[2024-10-01T00:25:47.252+0000] {processor.py:161} INFO - Started process (PID=3952) to work on /home/airflow/.local/lib/python3.8/site-packages/airflow/example_dags/tutorial_objectstorage.py
[2024-10-01T00:25:47.256+0000] {processor.py:830} INFO - Processing file /home/airflow/.local/lib/python3.8/site-packages/airflow/example_dags/tutorial_objectstorage.py for tasks to queue
[2024-10-01T00:25:47.262+0000] {logging_mixin.py:188} INFO - [2024-10-01T00:25:47.261+0000] {dagbag.py:538} INFO - Filling up the DagBag from /home/airflow/.local/lib/python3.8/site-packages/airflow/example_dags/tutorial_objectstorage.py
[2024-10-01T00:25:47.292+0000] {processor.py:840} INFO - DAG(s) 'tutorial_objectstorage' retrieved from /home/airflow/.local/lib/python3.8/site-packages/airflow/example_dags/tutorial_objectstorage.py
[2024-10-01T00:25:47.357+0000] {logging_mixin.py:188} INFO - [2024-10-01T00:25:47.357+0000] {dag.py:3036} INFO - Sync 1 DAGs
[2024-10-01T00:25:47.403+0000] {logging_mixin.py:188} INFO - [2024-10-01T00:25:47.403+0000] {dag.py:3823} INFO - Setting next_dagrun for tutorial_objectstorage to None, run_after=None
[2024-10-01T00:25:47.468+0000] {processor.py:183} INFO - Processing /home/airflow/.local/lib/python3.8/site-packages/airflow/example_dags/tutorial_objectstorage.py took 0.226 seconds
[2024-10-01T00:26:17.528+0000] {processor.py:161} INFO - Started process (PID=4018) to work on /home/airflow/.local/lib/python3.8/site-packages/airflow/example_dags/tutorial_objectstorage.py
[2024-10-01T00:26:17.531+0000] {processor.py:830} INFO - Processing file /home/airflow/.local/lib/python3.8/site-packages/airflow/example_dags/tutorial_objectstorage.py for tasks to queue
[2024-10-01T00:26:17.534+0000] {logging_mixin.py:188} INFO - [2024-10-01T00:26:17.533+0000] {dagbag.py:538} INFO - Filling up the DagBag from /home/airflow/.local/lib/python3.8/site-packages/airflow/example_dags/tutorial_objectstorage.py
[2024-10-01T00:26:17.547+0000] {processor.py:840} INFO - DAG(s) 'tutorial_objectstorage' retrieved from /home/airflow/.local/lib/python3.8/site-packages/airflow/example_dags/tutorial_objectstorage.py
[2024-10-01T00:26:17.584+0000] {logging_mixin.py:188} INFO - [2024-10-01T00:26:17.584+0000] {dag.py:3036} INFO - Sync 1 DAGs
[2024-10-01T00:26:17.610+0000] {logging_mixin.py:188} INFO - [2024-10-01T00:26:17.609+0000] {dag.py:3823} INFO - Setting next_dagrun for tutorial_objectstorage to None, run_after=None
[2024-10-01T00:26:17.647+0000] {processor.py:183} INFO - Processing /home/airflow/.local/lib/python3.8/site-packages/airflow/example_dags/tutorial_objectstorage.py took 0.125 seconds
[2024-10-01T00:26:48.709+0000] {processor.py:161} INFO - Started process (PID=4084) to work on /home/airflow/.local/lib/python3.8/site-packages/airflow/example_dags/tutorial_objectstorage.py
[2024-10-01T00:26:48.712+0000] {processor.py:830} INFO - Processing file /home/airflow/.local/lib/python3.8/site-packages/airflow/example_dags/tutorial_objectstorage.py for tasks to queue
[2024-10-01T00:26:48.716+0000] {logging_mixin.py:188} INFO - [2024-10-01T00:26:48.715+0000] {dagbag.py:538} INFO - Filling up the DagBag from /home/airflow/.local/lib/python3.8/site-packages/airflow/example_dags/tutorial_objectstorage.py
[2024-10-01T00:26:48.733+0000] {processor.py:840} INFO - DAG(s) 'tutorial_objectstorage' retrieved from /home/airflow/.local/lib/python3.8/site-packages/airflow/example_dags/tutorial_objectstorage.py
[2024-10-01T00:26:48.784+0000] {logging_mixin.py:188} INFO - [2024-10-01T00:26:48.783+0000] {dag.py:3036} INFO - Sync 1 DAGs
[2024-10-01T00:26:48.821+0000] {logging_mixin.py:188} INFO - [2024-10-01T00:26:48.821+0000] {dag.py:3823} INFO - Setting next_dagrun for tutorial_objectstorage to None, run_after=None
[2024-10-01T00:26:48.873+0000] {processor.py:183} INFO - Processing /home/airflow/.local/lib/python3.8/site-packages/airflow/example_dags/tutorial_objectstorage.py took 0.173 seconds
[2024-10-01T00:27:19.582+0000] {processor.py:161} INFO - Started process (PID=4148) to work on /home/airflow/.local/lib/python3.8/site-packages/airflow/example_dags/tutorial_objectstorage.py
[2024-10-01T00:27:19.585+0000] {processor.py:830} INFO - Processing file /home/airflow/.local/lib/python3.8/site-packages/airflow/example_dags/tutorial_objectstorage.py for tasks to queue
[2024-10-01T00:27:19.590+0000] {logging_mixin.py:188} INFO - [2024-10-01T00:27:19.589+0000] {dagbag.py:538} INFO - Filling up the DagBag from /home/airflow/.local/lib/python3.8/site-packages/airflow/example_dags/tutorial_objectstorage.py
[2024-10-01T00:27:19.610+0000] {processor.py:840} INFO - DAG(s) 'tutorial_objectstorage' retrieved from /home/airflow/.local/lib/python3.8/site-packages/airflow/example_dags/tutorial_objectstorage.py
[2024-10-01T00:27:19.667+0000] {logging_mixin.py:188} INFO - [2024-10-01T00:27:19.666+0000] {dag.py:3036} INFO - Sync 1 DAGs
[2024-10-01T00:27:19.699+0000] {logging_mixin.py:188} INFO - [2024-10-01T00:27:19.699+0000] {dag.py:3823} INFO - Setting next_dagrun for tutorial_objectstorage to None, run_after=None
[2024-10-01T00:27:19.746+0000] {processor.py:183} INFO - Processing /home/airflow/.local/lib/python3.8/site-packages/airflow/example_dags/tutorial_objectstorage.py took 0.172 seconds
[2024-10-01T00:27:50.866+0000] {processor.py:161} INFO - Started process (PID=4213) to work on /home/airflow/.local/lib/python3.8/site-packages/airflow/example_dags/tutorial_objectstorage.py
[2024-10-01T00:27:50.871+0000] {processor.py:830} INFO - Processing file /home/airflow/.local/lib/python3.8/site-packages/airflow/example_dags/tutorial_objectstorage.py for tasks to queue
[2024-10-01T00:27:50.877+0000] {logging_mixin.py:188} INFO - [2024-10-01T00:27:50.876+0000] {dagbag.py:538} INFO - Filling up the DagBag from /home/airflow/.local/lib/python3.8/site-packages/airflow/example_dags/tutorial_objectstorage.py
[2024-10-01T00:27:50.904+0000] {processor.py:840} INFO - DAG(s) 'tutorial_objectstorage' retrieved from /home/airflow/.local/lib/python3.8/site-packages/airflow/example_dags/tutorial_objectstorage.py
[2024-10-01T00:27:50.977+0000] {logging_mixin.py:188} INFO - [2024-10-01T00:27:50.976+0000] {dag.py:3036} INFO - Sync 1 DAGs
[2024-10-01T00:27:51.028+0000] {logging_mixin.py:188} INFO - [2024-10-01T00:27:51.027+0000] {dag.py:3823} INFO - Setting next_dagrun for tutorial_objectstorage to None, run_after=None
[2024-10-01T00:27:51.099+0000] {processor.py:183} INFO - Processing /home/airflow/.local/lib/python3.8/site-packages/airflow/example_dags/tutorial_objectstorage.py took 0.246 seconds
[2024-10-01T00:28:21.839+0000] {processor.py:161} INFO - Started process (PID=4280) to work on /home/airflow/.local/lib/python3.8/site-packages/airflow/example_dags/tutorial_objectstorage.py
[2024-10-01T00:28:21.842+0000] {processor.py:830} INFO - Processing file /home/airflow/.local/lib/python3.8/site-packages/airflow/example_dags/tutorial_objectstorage.py for tasks to queue
[2024-10-01T00:28:21.845+0000] {logging_mixin.py:188} INFO - [2024-10-01T00:28:21.845+0000] {dagbag.py:538} INFO - Filling up the DagBag from /home/airflow/.local/lib/python3.8/site-packages/airflow/example_dags/tutorial_objectstorage.py
[2024-10-01T00:28:21.861+0000] {processor.py:840} INFO - DAG(s) 'tutorial_objectstorage' retrieved from /home/airflow/.local/lib/python3.8/site-packages/airflow/example_dags/tutorial_objectstorage.py
[2024-10-01T00:28:21.908+0000] {logging_mixin.py:188} INFO - [2024-10-01T00:28:21.908+0000] {dag.py:3036} INFO - Sync 1 DAGs
[2024-10-01T00:28:21.942+0000] {logging_mixin.py:188} INFO - [2024-10-01T00:28:21.942+0000] {dag.py:3823} INFO - Setting next_dagrun for tutorial_objectstorage to None, run_after=None
[2024-10-01T00:28:21.992+0000] {processor.py:183} INFO - Processing /home/airflow/.local/lib/python3.8/site-packages/airflow/example_dags/tutorial_objectstorage.py took 0.160 seconds
[2024-10-01T00:28:52.532+0000] {processor.py:161} INFO - Started process (PID=4346) to work on /home/airflow/.local/lib/python3.8/site-packages/airflow/example_dags/tutorial_objectstorage.py
[2024-10-01T00:28:52.535+0000] {processor.py:830} INFO - Processing file /home/airflow/.local/lib/python3.8/site-packages/airflow/example_dags/tutorial_objectstorage.py for tasks to queue
[2024-10-01T00:28:52.539+0000] {logging_mixin.py:188} INFO - [2024-10-01T00:28:52.539+0000] {dagbag.py:538} INFO - Filling up the DagBag from /home/airflow/.local/lib/python3.8/site-packages/airflow/example_dags/tutorial_objectstorage.py
[2024-10-01T00:28:52.558+0000] {processor.py:840} INFO - DAG(s) 'tutorial_objectstorage' retrieved from /home/airflow/.local/lib/python3.8/site-packages/airflow/example_dags/tutorial_objectstorage.py
[2024-10-01T00:28:52.617+0000] {logging_mixin.py:188} INFO - [2024-10-01T00:28:52.617+0000] {dag.py:3036} INFO - Sync 1 DAGs
[2024-10-01T00:28:52.659+0000] {logging_mixin.py:188} INFO - [2024-10-01T00:28:52.658+0000] {dag.py:3823} INFO - Setting next_dagrun for tutorial_objectstorage to None, run_after=None
[2024-10-01T00:28:52.719+0000] {processor.py:183} INFO - Processing /home/airflow/.local/lib/python3.8/site-packages/airflow/example_dags/tutorial_objectstorage.py took 0.196 seconds
[2024-10-01T00:29:23.196+0000] {processor.py:161} INFO - Started process (PID=4404) to work on /home/airflow/.local/lib/python3.8/site-packages/airflow/example_dags/tutorial_objectstorage.py
[2024-10-01T00:29:23.200+0000] {processor.py:830} INFO - Processing file /home/airflow/.local/lib/python3.8/site-packages/airflow/example_dags/tutorial_objectstorage.py for tasks to queue
[2024-10-01T00:29:23.205+0000] {logging_mixin.py:188} INFO - [2024-10-01T00:29:23.204+0000] {dagbag.py:538} INFO - Filling up the DagBag from /home/airflow/.local/lib/python3.8/site-packages/airflow/example_dags/tutorial_objectstorage.py
[2024-10-01T00:29:23.224+0000] {processor.py:840} INFO - DAG(s) 'tutorial_objectstorage' retrieved from /home/airflow/.local/lib/python3.8/site-packages/airflow/example_dags/tutorial_objectstorage.py
[2024-10-01T00:29:23.282+0000] {logging_mixin.py:188} INFO - [2024-10-01T00:29:23.282+0000] {dag.py:3036} INFO - Sync 1 DAGs
[2024-10-01T00:29:23.319+0000] {logging_mixin.py:188} INFO - [2024-10-01T00:29:23.319+0000] {dag.py:3823} INFO - Setting next_dagrun for tutorial_objectstorage to None, run_after=None
[2024-10-01T00:29:23.380+0000] {processor.py:183} INFO - Processing /home/airflow/.local/lib/python3.8/site-packages/airflow/example_dags/tutorial_objectstorage.py took 0.194 seconds
[2024-10-01T00:29:54.089+0000] {processor.py:161} INFO - Started process (PID=4470) to work on /home/airflow/.local/lib/python3.8/site-packages/airflow/example_dags/tutorial_objectstorage.py
[2024-10-01T00:29:54.092+0000] {processor.py:830} INFO - Processing file /home/airflow/.local/lib/python3.8/site-packages/airflow/example_dags/tutorial_objectstorage.py for tasks to queue
[2024-10-01T00:29:54.097+0000] {logging_mixin.py:188} INFO - [2024-10-01T00:29:54.096+0000] {dagbag.py:538} INFO - Filling up the DagBag from /home/airflow/.local/lib/python3.8/site-packages/airflow/example_dags/tutorial_objectstorage.py
[2024-10-01T00:29:54.117+0000] {processor.py:840} INFO - DAG(s) 'tutorial_objectstorage' retrieved from /home/airflow/.local/lib/python3.8/site-packages/airflow/example_dags/tutorial_objectstorage.py
[2024-10-01T00:29:54.166+0000] {logging_mixin.py:188} INFO - [2024-10-01T00:29:54.166+0000] {dag.py:3036} INFO - Sync 1 DAGs
[2024-10-01T00:29:54.202+0000] {logging_mixin.py:188} INFO - [2024-10-01T00:29:54.201+0000] {dag.py:3823} INFO - Setting next_dagrun for tutorial_objectstorage to None, run_after=None
[2024-10-01T00:29:54.252+0000] {processor.py:183} INFO - Processing /home/airflow/.local/lib/python3.8/site-packages/airflow/example_dags/tutorial_objectstorage.py took 0.173 seconds
[2024-10-01T00:30:24.728+0000] {processor.py:161} INFO - Started process (PID=4536) to work on /home/airflow/.local/lib/python3.8/site-packages/airflow/example_dags/tutorial_objectstorage.py
[2024-10-01T00:30:24.730+0000] {processor.py:830} INFO - Processing file /home/airflow/.local/lib/python3.8/site-packages/airflow/example_dags/tutorial_objectstorage.py for tasks to queue
[2024-10-01T00:30:24.733+0000] {logging_mixin.py:188} INFO - [2024-10-01T00:30:24.733+0000] {dagbag.py:538} INFO - Filling up the DagBag from /home/airflow/.local/lib/python3.8/site-packages/airflow/example_dags/tutorial_objectstorage.py
[2024-10-01T00:30:24.745+0000] {processor.py:840} INFO - DAG(s) 'tutorial_objectstorage' retrieved from /home/airflow/.local/lib/python3.8/site-packages/airflow/example_dags/tutorial_objectstorage.py
[2024-10-01T00:30:24.781+0000] {logging_mixin.py:188} INFO - [2024-10-01T00:30:24.781+0000] {dag.py:3036} INFO - Sync 1 DAGs
[2024-10-01T00:30:24.806+0000] {logging_mixin.py:188} INFO - [2024-10-01T00:30:24.805+0000] {dag.py:3823} INFO - Setting next_dagrun for tutorial_objectstorage to None, run_after=None
[2024-10-01T00:30:24.841+0000] {processor.py:183} INFO - Processing /home/airflow/.local/lib/python3.8/site-packages/airflow/example_dags/tutorial_objectstorage.py took 0.119 seconds
[2024-10-01T00:30:55.746+0000] {processor.py:161} INFO - Started process (PID=4602) to work on /home/airflow/.local/lib/python3.8/site-packages/airflow/example_dags/tutorial_objectstorage.py
[2024-10-01T00:30:55.748+0000] {processor.py:830} INFO - Processing file /home/airflow/.local/lib/python3.8/site-packages/airflow/example_dags/tutorial_objectstorage.py for tasks to queue
[2024-10-01T00:30:55.752+0000] {logging_mixin.py:188} INFO - [2024-10-01T00:30:55.751+0000] {dagbag.py:538} INFO - Filling up the DagBag from /home/airflow/.local/lib/python3.8/site-packages/airflow/example_dags/tutorial_objectstorage.py
[2024-10-01T00:30:55.765+0000] {processor.py:840} INFO - DAG(s) 'tutorial_objectstorage' retrieved from /home/airflow/.local/lib/python3.8/site-packages/airflow/example_dags/tutorial_objectstorage.py
[2024-10-01T00:30:55.804+0000] {logging_mixin.py:188} INFO - [2024-10-01T00:30:55.804+0000] {dag.py:3036} INFO - Sync 1 DAGs
[2024-10-01T00:30:55.833+0000] {logging_mixin.py:188} INFO - [2024-10-01T00:30:55.833+0000] {dag.py:3823} INFO - Setting next_dagrun for tutorial_objectstorage to None, run_after=None
[2024-10-01T00:30:55.876+0000] {processor.py:183} INFO - Processing /home/airflow/.local/lib/python3.8/site-packages/airflow/example_dags/tutorial_objectstorage.py took 0.137 seconds
[2024-10-01T00:31:26.905+0000] {processor.py:161} INFO - Started process (PID=4668) to work on /home/airflow/.local/lib/python3.8/site-packages/airflow/example_dags/tutorial_objectstorage.py
[2024-10-01T00:31:26.910+0000] {processor.py:830} INFO - Processing file /home/airflow/.local/lib/python3.8/site-packages/airflow/example_dags/tutorial_objectstorage.py for tasks to queue
[2024-10-01T00:31:26.927+0000] {logging_mixin.py:188} INFO - [2024-10-01T00:31:26.926+0000] {dagbag.py:538} INFO - Filling up the DagBag from /home/airflow/.local/lib/python3.8/site-packages/airflow/example_dags/tutorial_objectstorage.py
[2024-10-01T00:31:26.965+0000] {processor.py:840} INFO - DAG(s) 'tutorial_objectstorage' retrieved from /home/airflow/.local/lib/python3.8/site-packages/airflow/example_dags/tutorial_objectstorage.py
[2024-10-01T00:31:27.040+0000] {logging_mixin.py:188} INFO - [2024-10-01T00:31:27.039+0000] {dag.py:3036} INFO - Sync 1 DAGs
[2024-10-01T00:31:27.101+0000] {logging_mixin.py:188} INFO - [2024-10-01T00:31:27.100+0000] {dag.py:3823} INFO - Setting next_dagrun for tutorial_objectstorage to None, run_after=None
[2024-10-01T00:31:27.172+0000] {processor.py:183} INFO - Processing /home/airflow/.local/lib/python3.8/site-packages/airflow/example_dags/tutorial_objectstorage.py took 0.308 seconds
[2024-10-01T00:31:59.001+0000] {processor.py:161} INFO - Started process (PID=4733) to work on /home/airflow/.local/lib/python3.8/site-packages/airflow/example_dags/tutorial_objectstorage.py
[2024-10-01T00:31:59.008+0000] {processor.py:830} INFO - Processing file /home/airflow/.local/lib/python3.8/site-packages/airflow/example_dags/tutorial_objectstorage.py for tasks to queue
[2024-10-01T00:31:59.019+0000] {logging_mixin.py:188} INFO - [2024-10-01T00:31:59.017+0000] {dagbag.py:538} INFO - Filling up the DagBag from /home/airflow/.local/lib/python3.8/site-packages/airflow/example_dags/tutorial_objectstorage.py
[2024-10-01T00:31:59.068+0000] {processor.py:840} INFO - DAG(s) 'tutorial_objectstorage' retrieved from /home/airflow/.local/lib/python3.8/site-packages/airflow/example_dags/tutorial_objectstorage.py
[2024-10-01T00:31:59.183+0000] {logging_mixin.py:188} INFO - [2024-10-01T00:31:59.181+0000] {dag.py:3036} INFO - Sync 1 DAGs
[2024-10-01T00:31:59.272+0000] {logging_mixin.py:188} INFO - [2024-10-01T00:31:59.271+0000] {dag.py:3823} INFO - Setting next_dagrun for tutorial_objectstorage to None, run_after=None
[2024-10-01T00:31:59.408+0000] {processor.py:183} INFO - Processing /home/airflow/.local/lib/python3.8/site-packages/airflow/example_dags/tutorial_objectstorage.py took 0.437 seconds
[2024-10-01T00:32:30.019+0000] {processor.py:161} INFO - Started process (PID=4792) to work on /home/airflow/.local/lib/python3.8/site-packages/airflow/example_dags/tutorial_objectstorage.py
[2024-10-01T00:32:30.021+0000] {processor.py:830} INFO - Processing file /home/airflow/.local/lib/python3.8/site-packages/airflow/example_dags/tutorial_objectstorage.py for tasks to queue
[2024-10-01T00:32:30.025+0000] {logging_mixin.py:188} INFO - [2024-10-01T00:32:30.024+0000] {dagbag.py:538} INFO - Filling up the DagBag from /home/airflow/.local/lib/python3.8/site-packages/airflow/example_dags/tutorial_objectstorage.py
[2024-10-01T00:32:30.038+0000] {processor.py:840} INFO - DAG(s) 'tutorial_objectstorage' retrieved from /home/airflow/.local/lib/python3.8/site-packages/airflow/example_dags/tutorial_objectstorage.py
[2024-10-01T00:32:30.077+0000] {logging_mixin.py:188} INFO - [2024-10-01T00:32:30.077+0000] {dag.py:3036} INFO - Sync 1 DAGs
[2024-10-01T00:32:30.104+0000] {logging_mixin.py:188} INFO - [2024-10-01T00:32:30.104+0000] {dag.py:3823} INFO - Setting next_dagrun for tutorial_objectstorage to None, run_after=None
[2024-10-01T00:32:30.147+0000] {processor.py:183} INFO - Processing /home/airflow/.local/lib/python3.8/site-packages/airflow/example_dags/tutorial_objectstorage.py took 0.136 seconds
[2024-10-01T00:33:00.842+0000] {processor.py:161} INFO - Started process (PID=4858) to work on /home/airflow/.local/lib/python3.8/site-packages/airflow/example_dags/tutorial_objectstorage.py
[2024-10-01T00:33:00.849+0000] {processor.py:830} INFO - Processing file /home/airflow/.local/lib/python3.8/site-packages/airflow/example_dags/tutorial_objectstorage.py for tasks to queue
[2024-10-01T00:33:00.859+0000] {logging_mixin.py:188} INFO - [2024-10-01T00:33:00.857+0000] {dagbag.py:538} INFO - Filling up the DagBag from /home/airflow/.local/lib/python3.8/site-packages/airflow/example_dags/tutorial_objectstorage.py
[2024-10-01T00:33:00.902+0000] {processor.py:840} INFO - DAG(s) 'tutorial_objectstorage' retrieved from /home/airflow/.local/lib/python3.8/site-packages/airflow/example_dags/tutorial_objectstorage.py
[2024-10-01T00:33:01.028+0000] {logging_mixin.py:188} INFO - [2024-10-01T00:33:01.026+0000] {dag.py:3036} INFO - Sync 1 DAGs
[2024-10-01T00:33:01.126+0000] {logging_mixin.py:188} INFO - [2024-10-01T00:33:01.124+0000] {dag.py:3823} INFO - Setting next_dagrun for tutorial_objectstorage to None, run_after=None
[2024-10-01T00:33:01.246+0000] {processor.py:183} INFO - Processing /home/airflow/.local/lib/python3.8/site-packages/airflow/example_dags/tutorial_objectstorage.py took 0.425 seconds
[2024-10-01T00:33:32.080+0000] {processor.py:161} INFO - Started process (PID=4924) to work on /home/airflow/.local/lib/python3.8/site-packages/airflow/example_dags/tutorial_objectstorage.py
[2024-10-01T00:33:32.090+0000] {processor.py:830} INFO - Processing file /home/airflow/.local/lib/python3.8/site-packages/airflow/example_dags/tutorial_objectstorage.py for tasks to queue
[2024-10-01T00:33:32.105+0000] {logging_mixin.py:188} INFO - [2024-10-01T00:33:32.103+0000] {dagbag.py:538} INFO - Filling up the DagBag from /home/airflow/.local/lib/python3.8/site-packages/airflow/example_dags/tutorial_objectstorage.py
[2024-10-01T00:33:32.147+0000] {processor.py:840} INFO - DAG(s) 'tutorial_objectstorage' retrieved from /home/airflow/.local/lib/python3.8/site-packages/airflow/example_dags/tutorial_objectstorage.py
[2024-10-01T00:33:32.352+0000] {logging_mixin.py:188} INFO - [2024-10-01T00:33:32.350+0000] {dag.py:3036} INFO - Sync 1 DAGs
[2024-10-01T00:33:32.525+0000] {logging_mixin.py:188} INFO - [2024-10-01T00:33:32.523+0000] {dag.py:3823} INFO - Setting next_dagrun for tutorial_objectstorage to None, run_after=None
[2024-10-01T00:33:32.767+0000] {processor.py:183} INFO - Processing /home/airflow/.local/lib/python3.8/site-packages/airflow/example_dags/tutorial_objectstorage.py took 0.728 seconds
[2024-10-01T00:34:03.209+0000] {processor.py:161} INFO - Started process (PID=4982) to work on /home/airflow/.local/lib/python3.8/site-packages/airflow/example_dags/tutorial_objectstorage.py
[2024-10-01T00:34:03.226+0000] {processor.py:830} INFO - Processing file /home/airflow/.local/lib/python3.8/site-packages/airflow/example_dags/tutorial_objectstorage.py for tasks to queue
[2024-10-01T00:34:03.249+0000] {logging_mixin.py:188} INFO - [2024-10-01T00:34:03.246+0000] {dagbag.py:538} INFO - Filling up the DagBag from /home/airflow/.local/lib/python3.8/site-packages/airflow/example_dags/tutorial_objectstorage.py
[2024-10-01T00:34:03.327+0000] {processor.py:840} INFO - DAG(s) 'tutorial_objectstorage' retrieved from /home/airflow/.local/lib/python3.8/site-packages/airflow/example_dags/tutorial_objectstorage.py
[2024-10-01T00:34:03.470+0000] {logging_mixin.py:188} INFO - [2024-10-01T00:34:03.469+0000] {dag.py:3036} INFO - Sync 1 DAGs
[2024-10-01T00:34:03.569+0000] {logging_mixin.py:188} INFO - [2024-10-01T00:34:03.568+0000] {dag.py:3823} INFO - Setting next_dagrun for tutorial_objectstorage to None, run_after=None
[2024-10-01T00:34:03.692+0000] {processor.py:183} INFO - Processing /home/airflow/.local/lib/python3.8/site-packages/airflow/example_dags/tutorial_objectstorage.py took 0.524 seconds
[2024-10-01T00:34:33.979+0000] {processor.py:161} INFO - Started process (PID=5048) to work on /home/airflow/.local/lib/python3.8/site-packages/airflow/example_dags/tutorial_objectstorage.py
[2024-10-01T00:34:33.982+0000] {processor.py:830} INFO - Processing file /home/airflow/.local/lib/python3.8/site-packages/airflow/example_dags/tutorial_objectstorage.py for tasks to queue
[2024-10-01T00:34:33.986+0000] {logging_mixin.py:188} INFO - [2024-10-01T00:34:33.986+0000] {dagbag.py:538} INFO - Filling up the DagBag from /home/airflow/.local/lib/python3.8/site-packages/airflow/example_dags/tutorial_objectstorage.py
[2024-10-01T00:34:34.003+0000] {processor.py:840} INFO - DAG(s) 'tutorial_objectstorage' retrieved from /home/airflow/.local/lib/python3.8/site-packages/airflow/example_dags/tutorial_objectstorage.py
[2024-10-01T00:34:34.050+0000] {logging_mixin.py:188} INFO - [2024-10-01T00:34:34.049+0000] {dag.py:3036} INFO - Sync 1 DAGs
[2024-10-01T00:34:34.083+0000] {logging_mixin.py:188} INFO - [2024-10-01T00:34:34.083+0000] {dag.py:3823} INFO - Setting next_dagrun for tutorial_objectstorage to None, run_after=None
[2024-10-01T00:34:34.134+0000] {processor.py:183} INFO - Processing /home/airflow/.local/lib/python3.8/site-packages/airflow/example_dags/tutorial_objectstorage.py took 0.163 seconds
