[2024-10-01T00:00:18.371+0000] {processor.py:161} INFO - Started process (PID=782) to work on /home/airflow/.local/lib/python3.8/site-packages/airflow/example_dags/tutorial.py
[2024-10-01T00:00:18.373+0000] {processor.py:830} INFO - Processing file /home/airflow/.local/lib/python3.8/site-packages/airflow/example_dags/tutorial.py for tasks to queue
[2024-10-01T00:00:18.377+0000] {logging_mixin.py:188} INFO - [2024-10-01T00:00:18.377+0000] {dagbag.py:538} INFO - Filling up the DagBag from /home/airflow/.local/lib/python3.8/site-packages/airflow/example_dags/tutorial.py
[2024-10-01T00:00:18.393+0000] {processor.py:840} INFO - DAG(s) 'tutorial' retrieved from /home/airflow/.local/lib/python3.8/site-packages/airflow/example_dags/tutorial.py
[2024-10-01T00:00:18.449+0000] {logging_mixin.py:188} INFO - [2024-10-01T00:00:18.448+0000] {dag.py:3036} INFO - Sync 1 DAGs
[2024-10-01T00:00:18.511+0000] {logging_mixin.py:188} INFO - [2024-10-01T00:00:18.510+0000] {dag.py:3823} INFO - Setting next_dagrun for tutorial to 2024-09-30 00:00:00+00:00, run_after=2024-10-01 00:00:00+00:00
[2024-10-01T00:00:18.561+0000] {processor.py:183} INFO - Processing /home/airflow/.local/lib/python3.8/site-packages/airflow/example_dags/tutorial.py took 0.200 seconds
[2024-10-01T00:00:48.668+0000] {processor.py:161} INFO - Started process (PID=848) to work on /home/airflow/.local/lib/python3.8/site-packages/airflow/example_dags/tutorial.py
[2024-10-01T00:00:48.672+0000] {processor.py:830} INFO - Processing file /home/airflow/.local/lib/python3.8/site-packages/airflow/example_dags/tutorial.py for tasks to queue
[2024-10-01T00:00:48.678+0000] {logging_mixin.py:188} INFO - [2024-10-01T00:00:48.677+0000] {dagbag.py:538} INFO - Filling up the DagBag from /home/airflow/.local/lib/python3.8/site-packages/airflow/example_dags/tutorial.py
[2024-10-01T00:00:48.699+0000] {processor.py:840} INFO - DAG(s) 'tutorial' retrieved from /home/airflow/.local/lib/python3.8/site-packages/airflow/example_dags/tutorial.py
[2024-10-01T00:00:48.771+0000] {logging_mixin.py:188} INFO - [2024-10-01T00:00:48.770+0000] {dag.py:3036} INFO - Sync 1 DAGs
[2024-10-01T00:00:48.853+0000] {logging_mixin.py:188} INFO - [2024-10-01T00:00:48.853+0000] {dag.py:3823} INFO - Setting next_dagrun for tutorial to 2024-09-30 00:00:00+00:00, run_after=2024-10-01 00:00:00+00:00
[2024-10-01T00:00:48.917+0000] {processor.py:183} INFO - Processing /home/airflow/.local/lib/python3.8/site-packages/airflow/example_dags/tutorial.py took 0.261 seconds
[2024-10-01T00:01:19.797+0000] {processor.py:161} INFO - Started process (PID=914) to work on /home/airflow/.local/lib/python3.8/site-packages/airflow/example_dags/tutorial.py
[2024-10-01T00:01:19.813+0000] {processor.py:830} INFO - Processing file /home/airflow/.local/lib/python3.8/site-packages/airflow/example_dags/tutorial.py for tasks to queue
[2024-10-01T00:01:19.825+0000] {logging_mixin.py:188} INFO - [2024-10-01T00:01:19.823+0000] {dagbag.py:538} INFO - Filling up the DagBag from /home/airflow/.local/lib/python3.8/site-packages/airflow/example_dags/tutorial.py
[2024-10-01T00:01:19.860+0000] {processor.py:840} INFO - DAG(s) 'tutorial' retrieved from /home/airflow/.local/lib/python3.8/site-packages/airflow/example_dags/tutorial.py
[2024-10-01T00:01:19.963+0000] {logging_mixin.py:188} INFO - [2024-10-01T00:01:19.962+0000] {dag.py:3036} INFO - Sync 1 DAGs
[2024-10-01T00:01:20.087+0000] {logging_mixin.py:188} INFO - [2024-10-01T00:01:20.086+0000] {dag.py:3823} INFO - Setting next_dagrun for tutorial to 2024-09-30 00:00:00+00:00, run_after=2024-10-01 00:00:00+00:00
[2024-10-01T00:01:20.219+0000] {processor.py:183} INFO - Processing /home/airflow/.local/lib/python3.8/site-packages/airflow/example_dags/tutorial.py took 0.440 seconds
[2024-10-01T00:01:50.608+0000] {processor.py:161} INFO - Started process (PID=980) to work on /home/airflow/.local/lib/python3.8/site-packages/airflow/example_dags/tutorial.py
[2024-10-01T00:01:50.611+0000] {processor.py:830} INFO - Processing file /home/airflow/.local/lib/python3.8/site-packages/airflow/example_dags/tutorial.py for tasks to queue
[2024-10-01T00:01:50.615+0000] {logging_mixin.py:188} INFO - [2024-10-01T00:01:50.614+0000] {dagbag.py:538} INFO - Filling up the DagBag from /home/airflow/.local/lib/python3.8/site-packages/airflow/example_dags/tutorial.py
[2024-10-01T00:01:50.627+0000] {processor.py:840} INFO - DAG(s) 'tutorial' retrieved from /home/airflow/.local/lib/python3.8/site-packages/airflow/example_dags/tutorial.py
[2024-10-01T00:01:50.675+0000] {logging_mixin.py:188} INFO - [2024-10-01T00:01:50.674+0000] {dag.py:3036} INFO - Sync 1 DAGs
[2024-10-01T00:01:50.728+0000] {logging_mixin.py:188} INFO - [2024-10-01T00:01:50.727+0000] {dag.py:3823} INFO - Setting next_dagrun for tutorial to 2024-09-30 00:00:00+00:00, run_after=2024-10-01 00:00:00+00:00
[2024-10-01T00:01:50.774+0000] {processor.py:183} INFO - Processing /home/airflow/.local/lib/python3.8/site-packages/airflow/example_dags/tutorial.py took 0.173 seconds
[2024-10-01T00:02:21.313+0000] {processor.py:161} INFO - Started process (PID=1045) to work on /home/airflow/.local/lib/python3.8/site-packages/airflow/example_dags/tutorial.py
[2024-10-01T00:02:21.316+0000] {processor.py:830} INFO - Processing file /home/airflow/.local/lib/python3.8/site-packages/airflow/example_dags/tutorial.py for tasks to queue
[2024-10-01T00:02:21.319+0000] {logging_mixin.py:188} INFO - [2024-10-01T00:02:21.319+0000] {dagbag.py:538} INFO - Filling up the DagBag from /home/airflow/.local/lib/python3.8/site-packages/airflow/example_dags/tutorial.py
[2024-10-01T00:02:21.331+0000] {processor.py:840} INFO - DAG(s) 'tutorial' retrieved from /home/airflow/.local/lib/python3.8/site-packages/airflow/example_dags/tutorial.py
[2024-10-01T00:02:21.371+0000] {logging_mixin.py:188} INFO - [2024-10-01T00:02:21.370+0000] {dag.py:3036} INFO - Sync 1 DAGs
[2024-10-01T00:02:21.415+0000] {logging_mixin.py:188} INFO - [2024-10-01T00:02:21.414+0000] {dag.py:3823} INFO - Setting next_dagrun for tutorial to 2024-09-30 00:00:00+00:00, run_after=2024-10-01 00:00:00+00:00
[2024-10-01T00:02:21.452+0000] {processor.py:183} INFO - Processing /home/airflow/.local/lib/python3.8/site-packages/airflow/example_dags/tutorial.py took 0.148 seconds
[2024-10-01T00:02:51.698+0000] {processor.py:161} INFO - Started process (PID=1111) to work on /home/airflow/.local/lib/python3.8/site-packages/airflow/example_dags/tutorial.py
[2024-10-01T00:02:51.700+0000] {processor.py:830} INFO - Processing file /home/airflow/.local/lib/python3.8/site-packages/airflow/example_dags/tutorial.py for tasks to queue
[2024-10-01T00:02:51.703+0000] {logging_mixin.py:188} INFO - [2024-10-01T00:02:51.703+0000] {dagbag.py:538} INFO - Filling up the DagBag from /home/airflow/.local/lib/python3.8/site-packages/airflow/example_dags/tutorial.py
[2024-10-01T00:02:51.716+0000] {processor.py:840} INFO - DAG(s) 'tutorial' retrieved from /home/airflow/.local/lib/python3.8/site-packages/airflow/example_dags/tutorial.py
[2024-10-01T00:02:51.759+0000] {logging_mixin.py:188} INFO - [2024-10-01T00:02:51.759+0000] {dag.py:3036} INFO - Sync 1 DAGs
[2024-10-01T00:02:51.809+0000] {logging_mixin.py:188} INFO - [2024-10-01T00:02:51.809+0000] {dag.py:3823} INFO - Setting next_dagrun for tutorial to 2024-09-30 00:00:00+00:00, run_after=2024-10-01 00:00:00+00:00
[2024-10-01T00:02:51.850+0000] {processor.py:183} INFO - Processing /home/airflow/.local/lib/python3.8/site-packages/airflow/example_dags/tutorial.py took 0.160 seconds
[2024-10-01T00:03:22.087+0000] {processor.py:161} INFO - Started process (PID=1178) to work on /home/airflow/.local/lib/python3.8/site-packages/airflow/example_dags/tutorial.py
[2024-10-01T00:03:22.089+0000] {processor.py:830} INFO - Processing file /home/airflow/.local/lib/python3.8/site-packages/airflow/example_dags/tutorial.py for tasks to queue
[2024-10-01T00:03:22.093+0000] {logging_mixin.py:188} INFO - [2024-10-01T00:03:22.092+0000] {dagbag.py:538} INFO - Filling up the DagBag from /home/airflow/.local/lib/python3.8/site-packages/airflow/example_dags/tutorial.py
[2024-10-01T00:03:22.105+0000] {processor.py:840} INFO - DAG(s) 'tutorial' retrieved from /home/airflow/.local/lib/python3.8/site-packages/airflow/example_dags/tutorial.py
[2024-10-01T00:03:22.148+0000] {logging_mixin.py:188} INFO - [2024-10-01T00:03:22.148+0000] {dag.py:3036} INFO - Sync 1 DAGs
[2024-10-01T00:03:22.200+0000] {logging_mixin.py:188} INFO - [2024-10-01T00:03:22.199+0000] {dag.py:3823} INFO - Setting next_dagrun for tutorial to 2024-09-30 00:00:00+00:00, run_after=2024-10-01 00:00:00+00:00
[2024-10-01T00:03:22.243+0000] {processor.py:183} INFO - Processing /home/airflow/.local/lib/python3.8/site-packages/airflow/example_dags/tutorial.py took 0.163 seconds
[2024-10-01T00:03:52.982+0000] {processor.py:161} INFO - Started process (PID=1244) to work on /home/airflow/.local/lib/python3.8/site-packages/airflow/example_dags/tutorial.py
[2024-10-01T00:03:52.985+0000] {processor.py:830} INFO - Processing file /home/airflow/.local/lib/python3.8/site-packages/airflow/example_dags/tutorial.py for tasks to queue
[2024-10-01T00:03:52.990+0000] {logging_mixin.py:188} INFO - [2024-10-01T00:03:52.989+0000] {dagbag.py:538} INFO - Filling up the DagBag from /home/airflow/.local/lib/python3.8/site-packages/airflow/example_dags/tutorial.py
[2024-10-01T00:03:53.007+0000] {processor.py:840} INFO - DAG(s) 'tutorial' retrieved from /home/airflow/.local/lib/python3.8/site-packages/airflow/example_dags/tutorial.py
[2024-10-01T00:03:53.064+0000] {logging_mixin.py:188} INFO - [2024-10-01T00:03:53.063+0000] {dag.py:3036} INFO - Sync 1 DAGs
[2024-10-01T00:03:53.138+0000] {logging_mixin.py:188} INFO - [2024-10-01T00:03:53.137+0000] {dag.py:3823} INFO - Setting next_dagrun for tutorial to 2024-09-30 00:00:00+00:00, run_after=2024-10-01 00:00:00+00:00
[2024-10-01T00:03:53.193+0000] {processor.py:183} INFO - Processing /home/airflow/.local/lib/python3.8/site-packages/airflow/example_dags/tutorial.py took 0.220 seconds
[2024-10-01T00:04:23.421+0000] {processor.py:161} INFO - Started process (PID=1310) to work on /home/airflow/.local/lib/python3.8/site-packages/airflow/example_dags/tutorial.py
[2024-10-01T00:04:23.425+0000] {processor.py:830} INFO - Processing file /home/airflow/.local/lib/python3.8/site-packages/airflow/example_dags/tutorial.py for tasks to queue
[2024-10-01T00:04:23.430+0000] {logging_mixin.py:188} INFO - [2024-10-01T00:04:23.429+0000] {dagbag.py:538} INFO - Filling up the DagBag from /home/airflow/.local/lib/python3.8/site-packages/airflow/example_dags/tutorial.py
[2024-10-01T00:04:23.451+0000] {processor.py:840} INFO - DAG(s) 'tutorial' retrieved from /home/airflow/.local/lib/python3.8/site-packages/airflow/example_dags/tutorial.py
[2024-10-01T00:04:23.511+0000] {logging_mixin.py:188} INFO - [2024-10-01T00:04:23.510+0000] {dag.py:3036} INFO - Sync 1 DAGs
[2024-10-01T00:04:23.570+0000] {logging_mixin.py:188} INFO - [2024-10-01T00:04:23.569+0000] {dag.py:3823} INFO - Setting next_dagrun for tutorial to 2024-09-30 00:00:00+00:00, run_after=2024-10-01 00:00:00+00:00
[2024-10-01T00:04:23.616+0000] {processor.py:183} INFO - Processing /home/airflow/.local/lib/python3.8/site-packages/airflow/example_dags/tutorial.py took 0.206 seconds
[2024-10-01T00:04:56.837+0000] {processor.py:161} INFO - Started process (PID=1368) to work on /home/airflow/.local/lib/python3.8/site-packages/airflow/example_dags/tutorial.py
[2024-10-01T00:04:56.845+0000] {processor.py:830} INFO - Processing file /home/airflow/.local/lib/python3.8/site-packages/airflow/example_dags/tutorial.py for tasks to queue
[2024-10-01T00:04:56.861+0000] {logging_mixin.py:188} INFO - [2024-10-01T00:04:56.859+0000] {dagbag.py:538} INFO - Filling up the DagBag from /home/airflow/.local/lib/python3.8/site-packages/airflow/example_dags/tutorial.py
[2024-10-01T00:04:56.920+0000] {processor.py:840} INFO - DAG(s) 'tutorial' retrieved from /home/airflow/.local/lib/python3.8/site-packages/airflow/example_dags/tutorial.py
[2024-10-01T00:04:57.231+0000] {logging_mixin.py:188} INFO - [2024-10-01T00:04:57.229+0000] {dag.py:3036} INFO - Sync 1 DAGs
[2024-10-01T00:04:57.624+0000] {logging_mixin.py:188} INFO - [2024-10-01T00:04:57.619+0000] {dag.py:3823} INFO - Setting next_dagrun for tutorial to 2024-09-30 00:00:00+00:00, run_after=2024-10-01 00:00:00+00:00
[2024-10-01T00:04:57.898+0000] {processor.py:183} INFO - Processing /home/airflow/.local/lib/python3.8/site-packages/airflow/example_dags/tutorial.py took 1.094 seconds
[2024-10-01T00:05:28.688+0000] {processor.py:161} INFO - Started process (PID=1434) to work on /home/airflow/.local/lib/python3.8/site-packages/airflow/example_dags/tutorial.py
[2024-10-01T00:05:28.694+0000] {processor.py:830} INFO - Processing file /home/airflow/.local/lib/python3.8/site-packages/airflow/example_dags/tutorial.py for tasks to queue
[2024-10-01T00:05:28.697+0000] {logging_mixin.py:188} INFO - [2024-10-01T00:05:28.697+0000] {dagbag.py:538} INFO - Filling up the DagBag from /home/airflow/.local/lib/python3.8/site-packages/airflow/example_dags/tutorial.py
[2024-10-01T00:05:28.709+0000] {processor.py:840} INFO - DAG(s) 'tutorial' retrieved from /home/airflow/.local/lib/python3.8/site-packages/airflow/example_dags/tutorial.py
[2024-10-01T00:05:28.769+0000] {logging_mixin.py:188} INFO - [2024-10-01T00:05:28.769+0000] {dag.py:3036} INFO - Sync 1 DAGs
[2024-10-01T00:05:28.845+0000] {logging_mixin.py:188} INFO - [2024-10-01T00:05:28.845+0000] {dag.py:3823} INFO - Setting next_dagrun for tutorial to 2024-09-30 00:00:00+00:00, run_after=2024-10-01 00:00:00+00:00
[2024-10-01T00:05:28.901+0000] {processor.py:183} INFO - Processing /home/airflow/.local/lib/python3.8/site-packages/airflow/example_dags/tutorial.py took 0.220 seconds
[2024-10-01T00:05:59.144+0000] {processor.py:161} INFO - Started process (PID=1500) to work on /home/airflow/.local/lib/python3.8/site-packages/airflow/example_dags/tutorial.py
[2024-10-01T00:05:59.146+0000] {processor.py:830} INFO - Processing file /home/airflow/.local/lib/python3.8/site-packages/airflow/example_dags/tutorial.py for tasks to queue
[2024-10-01T00:05:59.150+0000] {logging_mixin.py:188} INFO - [2024-10-01T00:05:59.150+0000] {dagbag.py:538} INFO - Filling up the DagBag from /home/airflow/.local/lib/python3.8/site-packages/airflow/example_dags/tutorial.py
[2024-10-01T00:05:59.163+0000] {processor.py:840} INFO - DAG(s) 'tutorial' retrieved from /home/airflow/.local/lib/python3.8/site-packages/airflow/example_dags/tutorial.py
[2024-10-01T00:05:59.211+0000] {logging_mixin.py:188} INFO - [2024-10-01T00:05:59.211+0000] {dag.py:3036} INFO - Sync 1 DAGs
[2024-10-01T00:05:59.272+0000] {logging_mixin.py:188} INFO - [2024-10-01T00:05:59.271+0000] {dag.py:3823} INFO - Setting next_dagrun for tutorial to 2024-09-30 00:00:00+00:00, run_after=2024-10-01 00:00:00+00:00
[2024-10-01T00:05:59.321+0000] {processor.py:183} INFO - Processing /home/airflow/.local/lib/python3.8/site-packages/airflow/example_dags/tutorial.py took 0.185 seconds
[2024-10-01T00:06:29.813+0000] {processor.py:161} INFO - Started process (PID=1566) to work on /home/airflow/.local/lib/python3.8/site-packages/airflow/example_dags/tutorial.py
[2024-10-01T00:06:29.817+0000] {processor.py:830} INFO - Processing file /home/airflow/.local/lib/python3.8/site-packages/airflow/example_dags/tutorial.py for tasks to queue
[2024-10-01T00:06:29.824+0000] {logging_mixin.py:188} INFO - [2024-10-01T00:06:29.823+0000] {dagbag.py:538} INFO - Filling up the DagBag from /home/airflow/.local/lib/python3.8/site-packages/airflow/example_dags/tutorial.py
[2024-10-01T00:06:29.849+0000] {processor.py:840} INFO - DAG(s) 'tutorial' retrieved from /home/airflow/.local/lib/python3.8/site-packages/airflow/example_dags/tutorial.py
[2024-10-01T00:06:29.935+0000] {logging_mixin.py:188} INFO - [2024-10-01T00:06:29.934+0000] {dag.py:3036} INFO - Sync 1 DAGs
[2024-10-01T00:06:30.045+0000] {logging_mixin.py:188} INFO - [2024-10-01T00:06:30.044+0000] {dag.py:3823} INFO - Setting next_dagrun for tutorial to 2024-09-30 00:00:00+00:00, run_after=2024-10-01 00:00:00+00:00
[2024-10-01T00:06:30.122+0000] {processor.py:183} INFO - Processing /home/airflow/.local/lib/python3.8/site-packages/airflow/example_dags/tutorial.py took 0.325 seconds
[2024-10-01T00:07:00.843+0000] {processor.py:161} INFO - Started process (PID=1632) to work on /home/airflow/.local/lib/python3.8/site-packages/airflow/example_dags/tutorial.py
[2024-10-01T00:07:00.846+0000] {processor.py:830} INFO - Processing file /home/airflow/.local/lib/python3.8/site-packages/airflow/example_dags/tutorial.py for tasks to queue
[2024-10-01T00:07:00.850+0000] {logging_mixin.py:188} INFO - [2024-10-01T00:07:00.849+0000] {dagbag.py:538} INFO - Filling up the DagBag from /home/airflow/.local/lib/python3.8/site-packages/airflow/example_dags/tutorial.py
[2024-10-01T00:07:00.865+0000] {processor.py:840} INFO - DAG(s) 'tutorial' retrieved from /home/airflow/.local/lib/python3.8/site-packages/airflow/example_dags/tutorial.py
[2024-10-01T00:07:00.919+0000] {logging_mixin.py:188} INFO - [2024-10-01T00:07:00.918+0000] {dag.py:3036} INFO - Sync 1 DAGs
[2024-10-01T00:07:00.982+0000] {logging_mixin.py:188} INFO - [2024-10-01T00:07:00.981+0000] {dag.py:3823} INFO - Setting next_dagrun for tutorial to 2024-09-30 00:00:00+00:00, run_after=2024-10-01 00:00:00+00:00
[2024-10-01T00:07:01.032+0000] {processor.py:183} INFO - Processing /home/airflow/.local/lib/python3.8/site-packages/airflow/example_dags/tutorial.py took 0.199 seconds
[2024-10-01T00:07:31.134+0000] {processor.py:161} INFO - Started process (PID=1699) to work on /home/airflow/.local/lib/python3.8/site-packages/airflow/example_dags/tutorial.py
[2024-10-01T00:07:31.137+0000] {processor.py:830} INFO - Processing file /home/airflow/.local/lib/python3.8/site-packages/airflow/example_dags/tutorial.py for tasks to queue
[2024-10-01T00:07:31.142+0000] {logging_mixin.py:188} INFO - [2024-10-01T00:07:31.141+0000] {dagbag.py:538} INFO - Filling up the DagBag from /home/airflow/.local/lib/python3.8/site-packages/airflow/example_dags/tutorial.py
[2024-10-01T00:07:31.156+0000] {processor.py:840} INFO - DAG(s) 'tutorial' retrieved from /home/airflow/.local/lib/python3.8/site-packages/airflow/example_dags/tutorial.py
[2024-10-01T00:07:31.207+0000] {logging_mixin.py:188} INFO - [2024-10-01T00:07:31.207+0000] {dag.py:3036} INFO - Sync 1 DAGs
[2024-10-01T00:07:31.266+0000] {logging_mixin.py:188} INFO - [2024-10-01T00:07:31.266+0000] {dag.py:3823} INFO - Setting next_dagrun for tutorial to 2024-09-30 00:00:00+00:00, run_after=2024-10-01 00:00:00+00:00
[2024-10-01T00:07:31.315+0000] {processor.py:183} INFO - Processing /home/airflow/.local/lib/python3.8/site-packages/airflow/example_dags/tutorial.py took 0.189 seconds
[2024-10-01T00:08:01.416+0000] {processor.py:161} INFO - Started process (PID=1765) to work on /home/airflow/.local/lib/python3.8/site-packages/airflow/example_dags/tutorial.py
[2024-10-01T00:08:01.419+0000] {processor.py:830} INFO - Processing file /home/airflow/.local/lib/python3.8/site-packages/airflow/example_dags/tutorial.py for tasks to queue
[2024-10-01T00:08:01.424+0000] {logging_mixin.py:188} INFO - [2024-10-01T00:08:01.423+0000] {dagbag.py:538} INFO - Filling up the DagBag from /home/airflow/.local/lib/python3.8/site-packages/airflow/example_dags/tutorial.py
[2024-10-01T00:08:01.440+0000] {processor.py:840} INFO - DAG(s) 'tutorial' retrieved from /home/airflow/.local/lib/python3.8/site-packages/airflow/example_dags/tutorial.py
[2024-10-01T00:08:01.499+0000] {logging_mixin.py:188} INFO - [2024-10-01T00:08:01.499+0000] {dag.py:3036} INFO - Sync 1 DAGs
[2024-10-01T00:08:01.578+0000] {logging_mixin.py:188} INFO - [2024-10-01T00:08:01.577+0000] {dag.py:3823} INFO - Setting next_dagrun for tutorial to 2024-09-30 00:00:00+00:00, run_after=2024-10-01 00:00:00+00:00
[2024-10-01T00:08:01.635+0000] {processor.py:183} INFO - Processing /home/airflow/.local/lib/python3.8/site-packages/airflow/example_dags/tutorial.py took 0.229 seconds
[2024-10-01T00:08:31.782+0000] {processor.py:161} INFO - Started process (PID=1831) to work on /home/airflow/.local/lib/python3.8/site-packages/airflow/example_dags/tutorial.py
[2024-10-01T00:08:31.784+0000] {processor.py:830} INFO - Processing file /home/airflow/.local/lib/python3.8/site-packages/airflow/example_dags/tutorial.py for tasks to queue
[2024-10-01T00:08:31.788+0000] {logging_mixin.py:188} INFO - [2024-10-01T00:08:31.788+0000] {dagbag.py:538} INFO - Filling up the DagBag from /home/airflow/.local/lib/python3.8/site-packages/airflow/example_dags/tutorial.py
[2024-10-01T00:08:31.801+0000] {processor.py:840} INFO - DAG(s) 'tutorial' retrieved from /home/airflow/.local/lib/python3.8/site-packages/airflow/example_dags/tutorial.py
[2024-10-01T00:08:31.852+0000] {logging_mixin.py:188} INFO - [2024-10-01T00:08:31.852+0000] {dag.py:3036} INFO - Sync 1 DAGs
[2024-10-01T00:08:31.917+0000] {logging_mixin.py:188} INFO - [2024-10-01T00:08:31.916+0000] {dag.py:3823} INFO - Setting next_dagrun for tutorial to 2024-09-30 00:00:00+00:00, run_after=2024-10-01 00:00:00+00:00
[2024-10-01T00:08:31.972+0000] {processor.py:183} INFO - Processing /home/airflow/.local/lib/python3.8/site-packages/airflow/example_dags/tutorial.py took 0.199 seconds
[2024-10-01T00:09:02.239+0000] {processor.py:161} INFO - Started process (PID=1897) to work on /home/airflow/.local/lib/python3.8/site-packages/airflow/example_dags/tutorial.py
[2024-10-01T00:09:02.249+0000] {processor.py:830} INFO - Processing file /home/airflow/.local/lib/python3.8/site-packages/airflow/example_dags/tutorial.py for tasks to queue
[2024-10-01T00:09:02.267+0000] {logging_mixin.py:188} INFO - [2024-10-01T00:09:02.264+0000] {dagbag.py:538} INFO - Filling up the DagBag from /home/airflow/.local/lib/python3.8/site-packages/airflow/example_dags/tutorial.py
[2024-10-01T00:09:02.343+0000] {processor.py:840} INFO - DAG(s) 'tutorial' retrieved from /home/airflow/.local/lib/python3.8/site-packages/airflow/example_dags/tutorial.py
[2024-10-01T00:09:02.603+0000] {logging_mixin.py:188} INFO - [2024-10-01T00:09:02.601+0000] {dag.py:3036} INFO - Sync 1 DAGs
[2024-10-01T00:09:02.839+0000] {logging_mixin.py:188} INFO - [2024-10-01T00:09:02.836+0000] {dag.py:3823} INFO - Setting next_dagrun for tutorial to 2024-09-30 00:00:00+00:00, run_after=2024-10-01 00:00:00+00:00
[2024-10-01T00:09:03.082+0000] {processor.py:183} INFO - Processing /home/airflow/.local/lib/python3.8/site-packages/airflow/example_dags/tutorial.py took 0.881 seconds
[2024-10-01T00:09:33.715+0000] {processor.py:161} INFO - Started process (PID=1954) to work on /home/airflow/.local/lib/python3.8/site-packages/airflow/example_dags/tutorial.py
[2024-10-01T00:09:33.717+0000] {processor.py:830} INFO - Processing file /home/airflow/.local/lib/python3.8/site-packages/airflow/example_dags/tutorial.py for tasks to queue
[2024-10-01T00:09:33.720+0000] {logging_mixin.py:188} INFO - [2024-10-01T00:09:33.719+0000] {dagbag.py:538} INFO - Filling up the DagBag from /home/airflow/.local/lib/python3.8/site-packages/airflow/example_dags/tutorial.py
[2024-10-01T00:09:33.731+0000] {processor.py:840} INFO - DAG(s) 'tutorial' retrieved from /home/airflow/.local/lib/python3.8/site-packages/airflow/example_dags/tutorial.py
[2024-10-01T00:09:33.774+0000] {logging_mixin.py:188} INFO - [2024-10-01T00:09:33.773+0000] {dag.py:3036} INFO - Sync 1 DAGs
[2024-10-01T00:09:33.819+0000] {logging_mixin.py:188} INFO - [2024-10-01T00:09:33.818+0000] {dag.py:3823} INFO - Setting next_dagrun for tutorial to 2024-09-30 00:00:00+00:00, run_after=2024-10-01 00:00:00+00:00
[2024-10-01T00:09:33.855+0000] {processor.py:183} INFO - Processing /home/airflow/.local/lib/python3.8/site-packages/airflow/example_dags/tutorial.py took 0.146 seconds
[2024-10-01T00:10:09.891+0000] {processor.py:161} INFO - Started process (PID=2020) to work on /home/airflow/.local/lib/python3.8/site-packages/airflow/example_dags/tutorial.py
[2024-10-01T00:10:09.902+0000] {processor.py:830} INFO - Processing file /home/airflow/.local/lib/python3.8/site-packages/airflow/example_dags/tutorial.py for tasks to queue
[2024-10-01T00:10:09.921+0000] {logging_mixin.py:188} INFO - [2024-10-01T00:10:09.919+0000] {dagbag.py:538} INFO - Filling up the DagBag from /home/airflow/.local/lib/python3.8/site-packages/airflow/example_dags/tutorial.py
[2024-10-01T00:10:09.986+0000] {processor.py:840} INFO - DAG(s) 'tutorial' retrieved from /home/airflow/.local/lib/python3.8/site-packages/airflow/example_dags/tutorial.py
[2024-10-01T00:10:10.238+0000] {logging_mixin.py:188} INFO - [2024-10-01T00:10:10.236+0000] {dag.py:3036} INFO - Sync 1 DAGs
[2024-10-01T00:10:10.456+0000] {logging_mixin.py:188} INFO - [2024-10-01T00:10:10.454+0000] {dag.py:3823} INFO - Setting next_dagrun for tutorial to 2024-09-30 00:00:00+00:00, run_after=2024-10-01 00:00:00+00:00
[2024-10-01T00:10:10.615+0000] {processor.py:183} INFO - Processing /home/airflow/.local/lib/python3.8/site-packages/airflow/example_dags/tutorial.py took 0.760 seconds
[2024-10-01T00:10:51.836+0000] {processor.py:161} INFO - Started process (PID=2083) to work on /home/airflow/.local/lib/python3.8/site-packages/airflow/example_dags/tutorial.py
[2024-10-01T00:10:51.850+0000] {processor.py:830} INFO - Processing file /home/airflow/.local/lib/python3.8/site-packages/airflow/example_dags/tutorial.py for tasks to queue
[2024-10-01T00:10:51.870+0000] {logging_mixin.py:188} INFO - [2024-10-01T00:10:51.866+0000] {dagbag.py:538} INFO - Filling up the DagBag from /home/airflow/.local/lib/python3.8/site-packages/airflow/example_dags/tutorial.py
[2024-10-01T00:10:51.921+0000] {processor.py:840} INFO - DAG(s) 'tutorial' retrieved from /home/airflow/.local/lib/python3.8/site-packages/airflow/example_dags/tutorial.py
[2024-10-01T00:10:52.124+0000] {logging_mixin.py:188} INFO - [2024-10-01T00:10:52.122+0000] {dag.py:3036} INFO - Sync 1 DAGs
[2024-10-01T00:10:52.354+0000] {logging_mixin.py:188} INFO - [2024-10-01T00:10:52.352+0000] {dag.py:3823} INFO - Setting next_dagrun for tutorial to 2024-09-30 00:00:00+00:00, run_after=2024-10-01 00:00:00+00:00
[2024-10-01T00:10:52.556+0000] {processor.py:183} INFO - Processing /home/airflow/.local/lib/python3.8/site-packages/airflow/example_dags/tutorial.py took 0.778 seconds
[2024-10-01T00:11:30.867+0000] {processor.py:161} INFO - Started process (PID=2146) to work on /home/airflow/.local/lib/python3.8/site-packages/airflow/example_dags/tutorial.py
[2024-10-01T00:11:30.873+0000] {processor.py:830} INFO - Processing file /home/airflow/.local/lib/python3.8/site-packages/airflow/example_dags/tutorial.py for tasks to queue
[2024-10-01T00:11:30.887+0000] {logging_mixin.py:188} INFO - [2024-10-01T00:11:30.885+0000] {dagbag.py:538} INFO - Filling up the DagBag from /home/airflow/.local/lib/python3.8/site-packages/airflow/example_dags/tutorial.py
[2024-10-01T00:11:30.934+0000] {processor.py:840} INFO - DAG(s) 'tutorial' retrieved from /home/airflow/.local/lib/python3.8/site-packages/airflow/example_dags/tutorial.py
[2024-10-01T00:11:31.128+0000] {logging_mixin.py:188} INFO - [2024-10-01T00:11:31.127+0000] {dag.py:3036} INFO - Sync 1 DAGs
[2024-10-01T00:11:31.430+0000] {logging_mixin.py:188} INFO - [2024-10-01T00:11:31.427+0000] {dag.py:3823} INFO - Setting next_dagrun for tutorial to 2024-09-30 00:00:00+00:00, run_after=2024-10-01 00:00:00+00:00
[2024-10-01T00:11:31.709+0000] {processor.py:183} INFO - Processing /home/airflow/.local/lib/python3.8/site-packages/airflow/example_dags/tutorial.py took 0.870 seconds
[2024-10-01T00:12:03.787+0000] {processor.py:161} INFO - Started process (PID=2204) to work on /home/airflow/.local/lib/python3.8/site-packages/airflow/example_dags/tutorial.py
[2024-10-01T00:12:03.807+0000] {processor.py:830} INFO - Processing file /home/airflow/.local/lib/python3.8/site-packages/airflow/example_dags/tutorial.py for tasks to queue
[2024-10-01T00:12:03.854+0000] {logging_mixin.py:188} INFO - [2024-10-01T00:12:03.851+0000] {dagbag.py:538} INFO - Filling up the DagBag from /home/airflow/.local/lib/python3.8/site-packages/airflow/example_dags/tutorial.py
[2024-10-01T00:12:03.992+0000] {processor.py:840} INFO - DAG(s) 'tutorial' retrieved from /home/airflow/.local/lib/python3.8/site-packages/airflow/example_dags/tutorial.py
[2024-10-01T00:12:04.384+0000] {logging_mixin.py:188} INFO - [2024-10-01T00:12:04.382+0000] {dag.py:3036} INFO - Sync 1 DAGs
[2024-10-01T00:12:04.754+0000] {logging_mixin.py:188} INFO - [2024-10-01T00:12:04.751+0000] {dag.py:3823} INFO - Setting next_dagrun for tutorial to 2024-09-30 00:00:00+00:00, run_after=2024-10-01 00:00:00+00:00
[2024-10-01T00:12:05.054+0000] {processor.py:183} INFO - Processing /home/airflow/.local/lib/python3.8/site-packages/airflow/example_dags/tutorial.py took 1.348 seconds
[2024-10-01T00:12:35.219+0000] {processor.py:161} INFO - Started process (PID=2270) to work on /home/airflow/.local/lib/python3.8/site-packages/airflow/example_dags/tutorial.py
[2024-10-01T00:12:35.225+0000] {processor.py:830} INFO - Processing file /home/airflow/.local/lib/python3.8/site-packages/airflow/example_dags/tutorial.py for tasks to queue
[2024-10-01T00:12:35.234+0000] {logging_mixin.py:188} INFO - [2024-10-01T00:12:35.233+0000] {dagbag.py:538} INFO - Filling up the DagBag from /home/airflow/.local/lib/python3.8/site-packages/airflow/example_dags/tutorial.py
[2024-10-01T00:12:35.262+0000] {processor.py:840} INFO - DAG(s) 'tutorial' retrieved from /home/airflow/.local/lib/python3.8/site-packages/airflow/example_dags/tutorial.py
[2024-10-01T00:12:35.356+0000] {logging_mixin.py:188} INFO - [2024-10-01T00:12:35.355+0000] {dag.py:3036} INFO - Sync 1 DAGs
[2024-10-01T00:12:35.451+0000] {logging_mixin.py:188} INFO - [2024-10-01T00:12:35.450+0000] {dag.py:3823} INFO - Setting next_dagrun for tutorial to 2024-09-30 00:00:00+00:00, run_after=2024-10-01 00:00:00+00:00
[2024-10-01T00:12:35.531+0000] {processor.py:183} INFO - Processing /home/airflow/.local/lib/python3.8/site-packages/airflow/example_dags/tutorial.py took 0.329 seconds
[2024-10-01T00:13:05.841+0000] {processor.py:161} INFO - Started process (PID=2336) to work on /home/airflow/.local/lib/python3.8/site-packages/airflow/example_dags/tutorial.py
[2024-10-01T00:13:05.844+0000] {processor.py:830} INFO - Processing file /home/airflow/.local/lib/python3.8/site-packages/airflow/example_dags/tutorial.py for tasks to queue
[2024-10-01T00:13:05.849+0000] {logging_mixin.py:188} INFO - [2024-10-01T00:13:05.848+0000] {dagbag.py:538} INFO - Filling up the DagBag from /home/airflow/.local/lib/python3.8/site-packages/airflow/example_dags/tutorial.py
[2024-10-01T00:13:05.865+0000] {processor.py:840} INFO - DAG(s) 'tutorial' retrieved from /home/airflow/.local/lib/python3.8/site-packages/airflow/example_dags/tutorial.py
[2024-10-01T00:13:05.922+0000] {logging_mixin.py:188} INFO - [2024-10-01T00:13:05.921+0000] {dag.py:3036} INFO - Sync 1 DAGs
[2024-10-01T00:13:05.990+0000] {logging_mixin.py:188} INFO - [2024-10-01T00:13:05.989+0000] {dag.py:3823} INFO - Setting next_dagrun for tutorial to 2024-09-30 00:00:00+00:00, run_after=2024-10-01 00:00:00+00:00
[2024-10-01T00:13:06.046+0000] {processor.py:183} INFO - Processing /home/airflow/.local/lib/python3.8/site-packages/airflow/example_dags/tutorial.py took 0.214 seconds
[2024-10-01T00:13:36.767+0000] {processor.py:161} INFO - Started process (PID=2394) to work on /home/airflow/.local/lib/python3.8/site-packages/airflow/example_dags/tutorial.py
[2024-10-01T00:13:36.779+0000] {processor.py:830} INFO - Processing file /home/airflow/.local/lib/python3.8/site-packages/airflow/example_dags/tutorial.py for tasks to queue
[2024-10-01T00:13:36.783+0000] {logging_mixin.py:188} INFO - [2024-10-01T00:13:36.782+0000] {dagbag.py:538} INFO - Filling up the DagBag from /home/airflow/.local/lib/python3.8/site-packages/airflow/example_dags/tutorial.py
[2024-10-01T00:13:36.793+0000] {processor.py:840} INFO - DAG(s) 'tutorial' retrieved from /home/airflow/.local/lib/python3.8/site-packages/airflow/example_dags/tutorial.py
[2024-10-01T00:13:36.830+0000] {logging_mixin.py:188} INFO - [2024-10-01T00:13:36.830+0000] {dag.py:3036} INFO - Sync 1 DAGs
[2024-10-01T00:13:36.866+0000] {logging_mixin.py:188} INFO - [2024-10-01T00:13:36.865+0000] {dag.py:3823} INFO - Setting next_dagrun for tutorial to 2024-09-30 00:00:00+00:00, run_after=2024-10-01 00:00:00+00:00
[2024-10-01T00:13:36.897+0000] {processor.py:183} INFO - Processing /home/airflow/.local/lib/python3.8/site-packages/airflow/example_dags/tutorial.py took 0.135 seconds
[2024-10-01T00:14:07.408+0000] {processor.py:161} INFO - Started process (PID=2468) to work on /home/airflow/.local/lib/python3.8/site-packages/airflow/example_dags/tutorial.py
[2024-10-01T00:14:07.411+0000] {processor.py:830} INFO - Processing file /home/airflow/.local/lib/python3.8/site-packages/airflow/example_dags/tutorial.py for tasks to queue
[2024-10-01T00:14:07.415+0000] {logging_mixin.py:188} INFO - [2024-10-01T00:14:07.414+0000] {dagbag.py:538} INFO - Filling up the DagBag from /home/airflow/.local/lib/python3.8/site-packages/airflow/example_dags/tutorial.py
[2024-10-01T00:14:07.426+0000] {processor.py:840} INFO - DAG(s) 'tutorial' retrieved from /home/airflow/.local/lib/python3.8/site-packages/airflow/example_dags/tutorial.py
[2024-10-01T00:14:07.481+0000] {logging_mixin.py:188} INFO - [2024-10-01T00:14:07.481+0000] {dag.py:3036} INFO - Sync 1 DAGs
[2024-10-01T00:14:07.836+0000] {logging_mixin.py:188} INFO - [2024-10-01T00:14:07.835+0000] {dag.py:3823} INFO - Setting next_dagrun for tutorial to 2024-09-30 00:00:00+00:00, run_after=2024-10-01 00:00:00+00:00
[2024-10-01T00:14:07.884+0000] {processor.py:183} INFO - Processing /home/airflow/.local/lib/python3.8/site-packages/airflow/example_dags/tutorial.py took 0.482 seconds
[2024-10-01T00:14:38.582+0000] {processor.py:161} INFO - Started process (PID=2535) to work on /home/airflow/.local/lib/python3.8/site-packages/airflow/example_dags/tutorial.py
[2024-10-01T00:14:38.586+0000] {processor.py:830} INFO - Processing file /home/airflow/.local/lib/python3.8/site-packages/airflow/example_dags/tutorial.py for tasks to queue
[2024-10-01T00:14:38.590+0000] {logging_mixin.py:188} INFO - [2024-10-01T00:14:38.589+0000] {dagbag.py:538} INFO - Filling up the DagBag from /home/airflow/.local/lib/python3.8/site-packages/airflow/example_dags/tutorial.py
[2024-10-01T00:14:38.600+0000] {processor.py:840} INFO - DAG(s) 'tutorial' retrieved from /home/airflow/.local/lib/python3.8/site-packages/airflow/example_dags/tutorial.py
[2024-10-01T00:14:38.641+0000] {logging_mixin.py:188} INFO - [2024-10-01T00:14:38.640+0000] {dag.py:3036} INFO - Sync 1 DAGs
[2024-10-01T00:14:38.686+0000] {logging_mixin.py:188} INFO - [2024-10-01T00:14:38.686+0000] {dag.py:3823} INFO - Setting next_dagrun for tutorial to 2024-09-30 00:00:00+00:00, run_after=2024-10-01 00:00:00+00:00
[2024-10-01T00:14:38.729+0000] {processor.py:183} INFO - Processing /home/airflow/.local/lib/python3.8/site-packages/airflow/example_dags/tutorial.py took 0.153 seconds
[2024-10-01T00:15:08.985+0000] {processor.py:161} INFO - Started process (PID=2601) to work on /home/airflow/.local/lib/python3.8/site-packages/airflow/example_dags/tutorial.py
[2024-10-01T00:15:08.988+0000] {processor.py:830} INFO - Processing file /home/airflow/.local/lib/python3.8/site-packages/airflow/example_dags/tutorial.py for tasks to queue
[2024-10-01T00:15:08.992+0000] {logging_mixin.py:188} INFO - [2024-10-01T00:15:08.991+0000] {dagbag.py:538} INFO - Filling up the DagBag from /home/airflow/.local/lib/python3.8/site-packages/airflow/example_dags/tutorial.py
[2024-10-01T00:15:09.006+0000] {processor.py:840} INFO - DAG(s) 'tutorial' retrieved from /home/airflow/.local/lib/python3.8/site-packages/airflow/example_dags/tutorial.py
[2024-10-01T00:15:09.056+0000] {logging_mixin.py:188} INFO - [2024-10-01T00:15:09.055+0000] {dag.py:3036} INFO - Sync 1 DAGs
[2024-10-01T00:15:09.115+0000] {logging_mixin.py:188} INFO - [2024-10-01T00:15:09.115+0000] {dag.py:3823} INFO - Setting next_dagrun for tutorial to 2024-09-30 00:00:00+00:00, run_after=2024-10-01 00:00:00+00:00
[2024-10-01T00:15:09.162+0000] {processor.py:183} INFO - Processing /home/airflow/.local/lib/python3.8/site-packages/airflow/example_dags/tutorial.py took 0.186 seconds
[2024-10-01T00:15:42.094+0000] {processor.py:161} INFO - Started process (PID=2667) to work on /home/airflow/.local/lib/python3.8/site-packages/airflow/example_dags/tutorial.py
[2024-10-01T00:15:42.111+0000] {processor.py:830} INFO - Processing file /home/airflow/.local/lib/python3.8/site-packages/airflow/example_dags/tutorial.py for tasks to queue
[2024-10-01T00:15:42.138+0000] {logging_mixin.py:188} INFO - [2024-10-01T00:15:42.133+0000] {dagbag.py:538} INFO - Filling up the DagBag from /home/airflow/.local/lib/python3.8/site-packages/airflow/example_dags/tutorial.py
[2024-10-01T00:15:42.220+0000] {processor.py:840} INFO - DAG(s) 'tutorial' retrieved from /home/airflow/.local/lib/python3.8/site-packages/airflow/example_dags/tutorial.py
[2024-10-01T00:15:42.480+0000] {logging_mixin.py:188} INFO - [2024-10-01T00:15:42.478+0000] {dag.py:3036} INFO - Sync 1 DAGs
[2024-10-01T00:15:44.175+0000] {logging_mixin.py:188} INFO - [2024-10-01T00:15:44.167+0000] {dag.py:3823} INFO - Setting next_dagrun for tutorial to 2024-09-30 00:00:00+00:00, run_after=2024-10-01 00:00:00+00:00
[2024-10-01T00:15:44.436+0000] {processor.py:183} INFO - Processing /home/airflow/.local/lib/python3.8/site-packages/airflow/example_dags/tutorial.py took 2.400 seconds
[2024-10-01T00:16:34.216+0000] {processor.py:161} INFO - Started process (PID=2734) to work on /home/airflow/.local/lib/python3.8/site-packages/airflow/example_dags/tutorial.py
[2024-10-01T00:16:34.218+0000] {processor.py:830} INFO - Processing file /home/airflow/.local/lib/python3.8/site-packages/airflow/example_dags/tutorial.py for tasks to queue
[2024-10-01T00:16:34.222+0000] {logging_mixin.py:188} INFO - [2024-10-01T00:16:34.222+0000] {dagbag.py:538} INFO - Filling up the DagBag from /home/airflow/.local/lib/python3.8/site-packages/airflow/example_dags/tutorial.py
[2024-10-01T00:16:34.237+0000] {processor.py:840} INFO - DAG(s) 'tutorial' retrieved from /home/airflow/.local/lib/python3.8/site-packages/airflow/example_dags/tutorial.py
[2024-10-01T00:16:34.505+0000] {logging_mixin.py:188} INFO - [2024-10-01T00:16:34.505+0000] {dag.py:3036} INFO - Sync 1 DAGs
[2024-10-01T00:16:34.553+0000] {logging_mixin.py:188} INFO - [2024-10-01T00:16:34.553+0000] {dag.py:3823} INFO - Setting next_dagrun for tutorial to 2024-09-30 00:00:00+00:00, run_after=2024-10-01 00:00:00+00:00
[2024-10-01T00:16:34.597+0000] {processor.py:183} INFO - Processing /home/airflow/.local/lib/python3.8/site-packages/airflow/example_dags/tutorial.py took 0.393 seconds
[2024-10-01T00:17:04.783+0000] {processor.py:161} INFO - Started process (PID=2800) to work on /home/airflow/.local/lib/python3.8/site-packages/airflow/example_dags/tutorial.py
[2024-10-01T00:17:04.785+0000] {processor.py:830} INFO - Processing file /home/airflow/.local/lib/python3.8/site-packages/airflow/example_dags/tutorial.py for tasks to queue
[2024-10-01T00:17:04.787+0000] {logging_mixin.py:188} INFO - [2024-10-01T00:17:04.787+0000] {dagbag.py:538} INFO - Filling up the DagBag from /home/airflow/.local/lib/python3.8/site-packages/airflow/example_dags/tutorial.py
[2024-10-01T00:17:04.795+0000] {processor.py:840} INFO - DAG(s) 'tutorial' retrieved from /home/airflow/.local/lib/python3.8/site-packages/airflow/example_dags/tutorial.py
[2024-10-01T00:17:04.822+0000] {logging_mixin.py:188} INFO - [2024-10-01T00:17:04.822+0000] {dag.py:3036} INFO - Sync 1 DAGs
[2024-10-01T00:17:04.850+0000] {logging_mixin.py:188} INFO - [2024-10-01T00:17:04.850+0000] {dag.py:3823} INFO - Setting next_dagrun for tutorial to 2024-09-30 00:00:00+00:00, run_after=2024-10-01 00:00:00+00:00
[2024-10-01T00:17:04.872+0000] {processor.py:183} INFO - Processing /home/airflow/.local/lib/python3.8/site-packages/airflow/example_dags/tutorial.py took 0.093 seconds
[2024-10-01T00:17:35.064+0000] {processor.py:161} INFO - Started process (PID=2874) to work on /home/airflow/.local/lib/python3.8/site-packages/airflow/example_dags/tutorial.py
[2024-10-01T00:17:35.066+0000] {processor.py:830} INFO - Processing file /home/airflow/.local/lib/python3.8/site-packages/airflow/example_dags/tutorial.py for tasks to queue
[2024-10-01T00:17:35.069+0000] {logging_mixin.py:188} INFO - [2024-10-01T00:17:35.069+0000] {dagbag.py:538} INFO - Filling up the DagBag from /home/airflow/.local/lib/python3.8/site-packages/airflow/example_dags/tutorial.py
[2024-10-01T00:17:35.080+0000] {processor.py:840} INFO - DAG(s) 'tutorial' retrieved from /home/airflow/.local/lib/python3.8/site-packages/airflow/example_dags/tutorial.py
[2024-10-01T00:17:35.113+0000] {logging_mixin.py:188} INFO - [2024-10-01T00:17:35.113+0000] {dag.py:3036} INFO - Sync 1 DAGs
[2024-10-01T00:17:35.155+0000] {logging_mixin.py:188} INFO - [2024-10-01T00:17:35.155+0000] {dag.py:3823} INFO - Setting next_dagrun for tutorial to 2024-09-30 00:00:00+00:00, run_after=2024-10-01 00:00:00+00:00
[2024-10-01T00:17:35.192+0000] {processor.py:183} INFO - Processing /home/airflow/.local/lib/python3.8/site-packages/airflow/example_dags/tutorial.py took 0.133 seconds
[2024-10-01T00:18:05.577+0000] {processor.py:161} INFO - Started process (PID=2940) to work on /home/airflow/.local/lib/python3.8/site-packages/airflow/example_dags/tutorial.py
[2024-10-01T00:18:05.578+0000] {processor.py:830} INFO - Processing file /home/airflow/.local/lib/python3.8/site-packages/airflow/example_dags/tutorial.py for tasks to queue
[2024-10-01T00:18:05.582+0000] {logging_mixin.py:188} INFO - [2024-10-01T00:18:05.581+0000] {dagbag.py:538} INFO - Filling up the DagBag from /home/airflow/.local/lib/python3.8/site-packages/airflow/example_dags/tutorial.py
[2024-10-01T00:18:05.592+0000] {processor.py:840} INFO - DAG(s) 'tutorial' retrieved from /home/airflow/.local/lib/python3.8/site-packages/airflow/example_dags/tutorial.py
[2024-10-01T00:18:05.633+0000] {logging_mixin.py:188} INFO - [2024-10-01T00:18:05.633+0000] {dag.py:3036} INFO - Sync 1 DAGs
[2024-10-01T00:18:05.682+0000] {logging_mixin.py:188} INFO - [2024-10-01T00:18:05.681+0000] {dag.py:3823} INFO - Setting next_dagrun for tutorial to 2024-09-30 00:00:00+00:00, run_after=2024-10-01 00:00:00+00:00
[2024-10-01T00:18:05.737+0000] {processor.py:183} INFO - Processing /home/airflow/.local/lib/python3.8/site-packages/airflow/example_dags/tutorial.py took 0.165 seconds
[2024-10-01T00:18:35.883+0000] {processor.py:161} INFO - Started process (PID=3006) to work on /home/airflow/.local/lib/python3.8/site-packages/airflow/example_dags/tutorial.py
[2024-10-01T00:18:35.885+0000] {processor.py:830} INFO - Processing file /home/airflow/.local/lib/python3.8/site-packages/airflow/example_dags/tutorial.py for tasks to queue
[2024-10-01T00:18:35.887+0000] {logging_mixin.py:188} INFO - [2024-10-01T00:18:35.887+0000] {dagbag.py:538} INFO - Filling up the DagBag from /home/airflow/.local/lib/python3.8/site-packages/airflow/example_dags/tutorial.py
[2024-10-01T00:18:35.895+0000] {processor.py:840} INFO - DAG(s) 'tutorial' retrieved from /home/airflow/.local/lib/python3.8/site-packages/airflow/example_dags/tutorial.py
[2024-10-01T00:18:35.927+0000] {logging_mixin.py:188} INFO - [2024-10-01T00:18:35.926+0000] {dag.py:3036} INFO - Sync 1 DAGs
[2024-10-01T00:18:35.967+0000] {logging_mixin.py:188} INFO - [2024-10-01T00:18:35.966+0000] {dag.py:3823} INFO - Setting next_dagrun for tutorial to 2024-09-30 00:00:00+00:00, run_after=2024-10-01 00:00:00+00:00
[2024-10-01T00:18:36.005+0000] {processor.py:183} INFO - Processing /home/airflow/.local/lib/python3.8/site-packages/airflow/example_dags/tutorial.py took 0.126 seconds
[2024-10-01T00:19:06.171+0000] {processor.py:161} INFO - Started process (PID=3073) to work on /home/airflow/.local/lib/python3.8/site-packages/airflow/example_dags/tutorial.py
[2024-10-01T00:19:06.173+0000] {processor.py:830} INFO - Processing file /home/airflow/.local/lib/python3.8/site-packages/airflow/example_dags/tutorial.py for tasks to queue
[2024-10-01T00:19:06.176+0000] {logging_mixin.py:188} INFO - [2024-10-01T00:19:06.175+0000] {dagbag.py:538} INFO - Filling up the DagBag from /home/airflow/.local/lib/python3.8/site-packages/airflow/example_dags/tutorial.py
[2024-10-01T00:19:06.186+0000] {processor.py:840} INFO - DAG(s) 'tutorial' retrieved from /home/airflow/.local/lib/python3.8/site-packages/airflow/example_dags/tutorial.py
[2024-10-01T00:19:06.224+0000] {logging_mixin.py:188} INFO - [2024-10-01T00:19:06.223+0000] {dag.py:3036} INFO - Sync 1 DAGs
[2024-10-01T00:19:06.279+0000] {logging_mixin.py:188} INFO - [2024-10-01T00:19:06.278+0000] {dag.py:3823} INFO - Setting next_dagrun for tutorial to 2024-09-30 00:00:00+00:00, run_after=2024-10-01 00:00:00+00:00
[2024-10-01T00:19:06.317+0000] {processor.py:183} INFO - Processing /home/airflow/.local/lib/python3.8/site-packages/airflow/example_dags/tutorial.py took 0.151 seconds
[2024-10-01T00:19:36.398+0000] {processor.py:161} INFO - Started process (PID=3147) to work on /home/airflow/.local/lib/python3.8/site-packages/airflow/example_dags/tutorial.py
[2024-10-01T00:19:36.400+0000] {processor.py:830} INFO - Processing file /home/airflow/.local/lib/python3.8/site-packages/airflow/example_dags/tutorial.py for tasks to queue
[2024-10-01T00:19:36.402+0000] {logging_mixin.py:188} INFO - [2024-10-01T00:19:36.402+0000] {dagbag.py:538} INFO - Filling up the DagBag from /home/airflow/.local/lib/python3.8/site-packages/airflow/example_dags/tutorial.py
[2024-10-01T00:19:36.413+0000] {processor.py:840} INFO - DAG(s) 'tutorial' retrieved from /home/airflow/.local/lib/python3.8/site-packages/airflow/example_dags/tutorial.py
[2024-10-01T00:19:36.443+0000] {logging_mixin.py:188} INFO - [2024-10-01T00:19:36.442+0000] {dag.py:3036} INFO - Sync 1 DAGs
[2024-10-01T00:19:36.480+0000] {logging_mixin.py:188} INFO - [2024-10-01T00:19:36.480+0000] {dag.py:3823} INFO - Setting next_dagrun for tutorial to 2024-09-30 00:00:00+00:00, run_after=2024-10-01 00:00:00+00:00
[2024-10-01T00:19:36.519+0000] {processor.py:183} INFO - Processing /home/airflow/.local/lib/python3.8/site-packages/airflow/example_dags/tutorial.py took 0.126 seconds
[2024-10-01T00:20:07.392+0000] {processor.py:161} INFO - Started process (PID=3211) to work on /home/airflow/.local/lib/python3.8/site-packages/airflow/example_dags/tutorial.py
[2024-10-01T00:20:07.394+0000] {processor.py:830} INFO - Processing file /home/airflow/.local/lib/python3.8/site-packages/airflow/example_dags/tutorial.py for tasks to queue
[2024-10-01T00:20:07.398+0000] {logging_mixin.py:188} INFO - [2024-10-01T00:20:07.397+0000] {dagbag.py:538} INFO - Filling up the DagBag from /home/airflow/.local/lib/python3.8/site-packages/airflow/example_dags/tutorial.py
[2024-10-01T00:20:07.411+0000] {processor.py:840} INFO - DAG(s) 'tutorial' retrieved from /home/airflow/.local/lib/python3.8/site-packages/airflow/example_dags/tutorial.py
[2024-10-01T00:20:07.457+0000] {logging_mixin.py:188} INFO - [2024-10-01T00:20:07.457+0000] {dag.py:3036} INFO - Sync 1 DAGs
[2024-10-01T00:20:07.509+0000] {logging_mixin.py:188} INFO - [2024-10-01T00:20:07.508+0000] {dag.py:3823} INFO - Setting next_dagrun for tutorial to 2024-09-30 00:00:00+00:00, run_after=2024-10-01 00:00:00+00:00
[2024-10-01T00:20:07.555+0000] {processor.py:183} INFO - Processing /home/airflow/.local/lib/python3.8/site-packages/airflow/example_dags/tutorial.py took 0.171 seconds
[2024-10-01T00:20:38.324+0000] {processor.py:161} INFO - Started process (PID=3277) to work on /home/airflow/.local/lib/python3.8/site-packages/airflow/example_dags/tutorial.py
[2024-10-01T00:20:38.326+0000] {processor.py:830} INFO - Processing file /home/airflow/.local/lib/python3.8/site-packages/airflow/example_dags/tutorial.py for tasks to queue
[2024-10-01T00:20:38.331+0000] {logging_mixin.py:188} INFO - [2024-10-01T00:20:38.330+0000] {dagbag.py:538} INFO - Filling up the DagBag from /home/airflow/.local/lib/python3.8/site-packages/airflow/example_dags/tutorial.py
[2024-10-01T00:20:38.345+0000] {processor.py:840} INFO - DAG(s) 'tutorial' retrieved from /home/airflow/.local/lib/python3.8/site-packages/airflow/example_dags/tutorial.py
[2024-10-01T00:20:38.396+0000] {logging_mixin.py:188} INFO - [2024-10-01T00:20:38.395+0000] {dag.py:3036} INFO - Sync 1 DAGs
[2024-10-01T00:20:38.453+0000] {logging_mixin.py:188} INFO - [2024-10-01T00:20:38.453+0000] {dag.py:3823} INFO - Setting next_dagrun for tutorial to 2024-09-30 00:00:00+00:00, run_after=2024-10-01 00:00:00+00:00
[2024-10-01T00:20:38.495+0000] {processor.py:183} INFO - Processing /home/airflow/.local/lib/python3.8/site-packages/airflow/example_dags/tutorial.py took 0.180 seconds
[2024-10-01T00:21:09.366+0000] {processor.py:161} INFO - Started process (PID=3343) to work on /home/airflow/.local/lib/python3.8/site-packages/airflow/example_dags/tutorial.py
[2024-10-01T00:21:09.367+0000] {processor.py:830} INFO - Processing file /home/airflow/.local/lib/python3.8/site-packages/airflow/example_dags/tutorial.py for tasks to queue
[2024-10-01T00:21:09.370+0000] {logging_mixin.py:188} INFO - [2024-10-01T00:21:09.369+0000] {dagbag.py:538} INFO - Filling up the DagBag from /home/airflow/.local/lib/python3.8/site-packages/airflow/example_dags/tutorial.py
[2024-10-01T00:21:09.379+0000] {processor.py:840} INFO - DAG(s) 'tutorial' retrieved from /home/airflow/.local/lib/python3.8/site-packages/airflow/example_dags/tutorial.py
[2024-10-01T00:21:09.416+0000] {logging_mixin.py:188} INFO - [2024-10-01T00:21:09.416+0000] {dag.py:3036} INFO - Sync 1 DAGs
[2024-10-01T00:21:09.461+0000] {logging_mixin.py:188} INFO - [2024-10-01T00:21:09.461+0000] {dag.py:3823} INFO - Setting next_dagrun for tutorial to 2024-09-30 00:00:00+00:00, run_after=2024-10-01 00:00:00+00:00
[2024-10-01T00:21:09.501+0000] {processor.py:183} INFO - Processing /home/airflow/.local/lib/python3.8/site-packages/airflow/example_dags/tutorial.py took 0.141 seconds
[2024-10-01T00:21:40.112+0000] {processor.py:161} INFO - Started process (PID=3409) to work on /home/airflow/.local/lib/python3.8/site-packages/airflow/example_dags/tutorial.py
[2024-10-01T00:21:40.115+0000] {processor.py:830} INFO - Processing file /home/airflow/.local/lib/python3.8/site-packages/airflow/example_dags/tutorial.py for tasks to queue
[2024-10-01T00:21:40.120+0000] {logging_mixin.py:188} INFO - [2024-10-01T00:21:40.119+0000] {dagbag.py:538} INFO - Filling up the DagBag from /home/airflow/.local/lib/python3.8/site-packages/airflow/example_dags/tutorial.py
[2024-10-01T00:21:40.135+0000] {processor.py:840} INFO - DAG(s) 'tutorial' retrieved from /home/airflow/.local/lib/python3.8/site-packages/airflow/example_dags/tutorial.py
[2024-10-01T00:21:40.187+0000] {logging_mixin.py:188} INFO - [2024-10-01T00:21:40.186+0000] {dag.py:3036} INFO - Sync 1 DAGs
[2024-10-01T00:21:40.244+0000] {logging_mixin.py:188} INFO - [2024-10-01T00:21:40.244+0000] {dag.py:3823} INFO - Setting next_dagrun for tutorial to 2024-09-30 00:00:00+00:00, run_after=2024-10-01 00:00:00+00:00
[2024-10-01T00:21:40.282+0000] {processor.py:183} INFO - Processing /home/airflow/.local/lib/python3.8/site-packages/airflow/example_dags/tutorial.py took 0.179 seconds
[2024-10-01T00:22:10.774+0000] {processor.py:161} INFO - Started process (PID=3475) to work on /home/airflow/.local/lib/python3.8/site-packages/airflow/example_dags/tutorial.py
[2024-10-01T00:22:10.776+0000] {processor.py:830} INFO - Processing file /home/airflow/.local/lib/python3.8/site-packages/airflow/example_dags/tutorial.py for tasks to queue
[2024-10-01T00:22:10.778+0000] {logging_mixin.py:188} INFO - [2024-10-01T00:22:10.778+0000] {dagbag.py:538} INFO - Filling up the DagBag from /home/airflow/.local/lib/python3.8/site-packages/airflow/example_dags/tutorial.py
[2024-10-01T00:22:10.784+0000] {processor.py:840} INFO - DAG(s) 'tutorial' retrieved from /home/airflow/.local/lib/python3.8/site-packages/airflow/example_dags/tutorial.py
[2024-10-01T00:22:10.805+0000] {logging_mixin.py:188} INFO - [2024-10-01T00:22:10.805+0000] {dag.py:3036} INFO - Sync 1 DAGs
[2024-10-01T00:22:10.836+0000] {logging_mixin.py:188} INFO - [2024-10-01T00:22:10.835+0000] {dag.py:3823} INFO - Setting next_dagrun for tutorial to 2024-09-30 00:00:00+00:00, run_after=2024-10-01 00:00:00+00:00
[2024-10-01T00:22:10.869+0000] {processor.py:183} INFO - Processing /home/airflow/.local/lib/python3.8/site-packages/airflow/example_dags/tutorial.py took 0.098 seconds
[2024-10-01T00:22:41.393+0000] {processor.py:161} INFO - Started process (PID=3542) to work on /home/airflow/.local/lib/python3.8/site-packages/airflow/example_dags/tutorial.py
[2024-10-01T00:22:41.395+0000] {processor.py:830} INFO - Processing file /home/airflow/.local/lib/python3.8/site-packages/airflow/example_dags/tutorial.py for tasks to queue
[2024-10-01T00:22:41.397+0000] {logging_mixin.py:188} INFO - [2024-10-01T00:22:41.397+0000] {dagbag.py:538} INFO - Filling up the DagBag from /home/airflow/.local/lib/python3.8/site-packages/airflow/example_dags/tutorial.py
[2024-10-01T00:22:41.405+0000] {processor.py:840} INFO - DAG(s) 'tutorial' retrieved from /home/airflow/.local/lib/python3.8/site-packages/airflow/example_dags/tutorial.py
[2024-10-01T00:22:41.444+0000] {logging_mixin.py:188} INFO - [2024-10-01T00:22:41.444+0000] {dag.py:3036} INFO - Sync 1 DAGs
[2024-10-01T00:22:41.500+0000] {logging_mixin.py:188} INFO - [2024-10-01T00:22:41.500+0000] {dag.py:3823} INFO - Setting next_dagrun for tutorial to 2024-09-30 00:00:00+00:00, run_after=2024-10-01 00:00:00+00:00
[2024-10-01T00:22:41.537+0000] {processor.py:183} INFO - Processing /home/airflow/.local/lib/python3.8/site-packages/airflow/example_dags/tutorial.py took 0.148 seconds
[2024-10-01T00:23:11.835+0000] {processor.py:161} INFO - Started process (PID=3609) to work on /home/airflow/.local/lib/python3.8/site-packages/airflow/example_dags/tutorial.py
[2024-10-01T00:23:11.837+0000] {processor.py:830} INFO - Processing file /home/airflow/.local/lib/python3.8/site-packages/airflow/example_dags/tutorial.py for tasks to queue
[2024-10-01T00:23:11.839+0000] {logging_mixin.py:188} INFO - [2024-10-01T00:23:11.839+0000] {dagbag.py:538} INFO - Filling up the DagBag from /home/airflow/.local/lib/python3.8/site-packages/airflow/example_dags/tutorial.py
[2024-10-01T00:23:11.849+0000] {processor.py:840} INFO - DAG(s) 'tutorial' retrieved from /home/airflow/.local/lib/python3.8/site-packages/airflow/example_dags/tutorial.py
[2024-10-01T00:23:11.893+0000] {logging_mixin.py:188} INFO - [2024-10-01T00:23:11.893+0000] {dag.py:3036} INFO - Sync 1 DAGs
[2024-10-01T00:23:11.942+0000] {logging_mixin.py:188} INFO - [2024-10-01T00:23:11.941+0000] {dag.py:3823} INFO - Setting next_dagrun for tutorial to 2024-09-30 00:00:00+00:00, run_after=2024-10-01 00:00:00+00:00
[2024-10-01T00:23:11.977+0000] {processor.py:183} INFO - Processing /home/airflow/.local/lib/python3.8/site-packages/airflow/example_dags/tutorial.py took 0.147 seconds
[2024-10-01T00:23:42.024+0000] {processor.py:161} INFO - Started process (PID=3675) to work on /home/airflow/.local/lib/python3.8/site-packages/airflow/example_dags/tutorial.py
[2024-10-01T00:23:42.025+0000] {processor.py:830} INFO - Processing file /home/airflow/.local/lib/python3.8/site-packages/airflow/example_dags/tutorial.py for tasks to queue
[2024-10-01T00:23:42.028+0000] {logging_mixin.py:188} INFO - [2024-10-01T00:23:42.027+0000] {dagbag.py:538} INFO - Filling up the DagBag from /home/airflow/.local/lib/python3.8/site-packages/airflow/example_dags/tutorial.py
[2024-10-01T00:23:42.036+0000] {processor.py:840} INFO - DAG(s) 'tutorial' retrieved from /home/airflow/.local/lib/python3.8/site-packages/airflow/example_dags/tutorial.py
[2024-10-01T00:23:42.069+0000] {logging_mixin.py:188} INFO - [2024-10-01T00:23:42.069+0000] {dag.py:3036} INFO - Sync 1 DAGs
[2024-10-01T00:23:42.110+0000] {logging_mixin.py:188} INFO - [2024-10-01T00:23:42.109+0000] {dag.py:3823} INFO - Setting next_dagrun for tutorial to 2024-09-30 00:00:00+00:00, run_after=2024-10-01 00:00:00+00:00
[2024-10-01T00:23:42.149+0000] {processor.py:183} INFO - Processing /home/airflow/.local/lib/python3.8/site-packages/airflow/example_dags/tutorial.py took 0.130 seconds
[2024-10-01T00:24:12.656+0000] {processor.py:161} INFO - Started process (PID=3741) to work on /home/airflow/.local/lib/python3.8/site-packages/airflow/example_dags/tutorial.py
[2024-10-01T00:24:12.658+0000] {processor.py:830} INFO - Processing file /home/airflow/.local/lib/python3.8/site-packages/airflow/example_dags/tutorial.py for tasks to queue
[2024-10-01T00:24:12.662+0000] {logging_mixin.py:188} INFO - [2024-10-01T00:24:12.662+0000] {dagbag.py:538} INFO - Filling up the DagBag from /home/airflow/.local/lib/python3.8/site-packages/airflow/example_dags/tutorial.py
[2024-10-01T00:24:12.679+0000] {processor.py:840} INFO - DAG(s) 'tutorial' retrieved from /home/airflow/.local/lib/python3.8/site-packages/airflow/example_dags/tutorial.py
[2024-10-01T00:24:12.731+0000] {logging_mixin.py:188} INFO - [2024-10-01T00:24:12.731+0000] {dag.py:3036} INFO - Sync 1 DAGs
[2024-10-01T00:24:12.796+0000] {logging_mixin.py:188} INFO - [2024-10-01T00:24:12.796+0000] {dag.py:3823} INFO - Setting next_dagrun for tutorial to 2024-09-30 00:00:00+00:00, run_after=2024-10-01 00:00:00+00:00
[2024-10-01T00:24:12.857+0000] {processor.py:183} INFO - Processing /home/airflow/.local/lib/python3.8/site-packages/airflow/example_dags/tutorial.py took 0.210 seconds
[2024-10-01T00:24:43.295+0000] {processor.py:161} INFO - Started process (PID=3807) to work on /home/airflow/.local/lib/python3.8/site-packages/airflow/example_dags/tutorial.py
[2024-10-01T00:24:43.297+0000] {processor.py:830} INFO - Processing file /home/airflow/.local/lib/python3.8/site-packages/airflow/example_dags/tutorial.py for tasks to queue
[2024-10-01T00:24:43.301+0000] {logging_mixin.py:188} INFO - [2024-10-01T00:24:43.300+0000] {dagbag.py:538} INFO - Filling up the DagBag from /home/airflow/.local/lib/python3.8/site-packages/airflow/example_dags/tutorial.py
[2024-10-01T00:24:43.315+0000] {processor.py:840} INFO - DAG(s) 'tutorial' retrieved from /home/airflow/.local/lib/python3.8/site-packages/airflow/example_dags/tutorial.py
[2024-10-01T00:24:43.365+0000] {logging_mixin.py:188} INFO - [2024-10-01T00:24:43.365+0000] {dag.py:3036} INFO - Sync 1 DAGs
[2024-10-01T00:24:43.425+0000] {logging_mixin.py:188} INFO - [2024-10-01T00:24:43.425+0000] {dag.py:3823} INFO - Setting next_dagrun for tutorial to 2024-09-30 00:00:00+00:00, run_after=2024-10-01 00:00:00+00:00
[2024-10-01T00:24:43.472+0000] {processor.py:183} INFO - Processing /home/airflow/.local/lib/python3.8/site-packages/airflow/example_dags/tutorial.py took 0.186 seconds
[2024-10-01T00:25:13.720+0000] {processor.py:161} INFO - Started process (PID=3873) to work on /home/airflow/.local/lib/python3.8/site-packages/airflow/example_dags/tutorial.py
[2024-10-01T00:25:13.723+0000] {processor.py:830} INFO - Processing file /home/airflow/.local/lib/python3.8/site-packages/airflow/example_dags/tutorial.py for tasks to queue
[2024-10-01T00:25:13.729+0000] {logging_mixin.py:188} INFO - [2024-10-01T00:25:13.728+0000] {dagbag.py:538} INFO - Filling up the DagBag from /home/airflow/.local/lib/python3.8/site-packages/airflow/example_dags/tutorial.py
[2024-10-01T00:25:13.746+0000] {processor.py:840} INFO - DAG(s) 'tutorial' retrieved from /home/airflow/.local/lib/python3.8/site-packages/airflow/example_dags/tutorial.py
[2024-10-01T00:25:13.809+0000] {logging_mixin.py:188} INFO - [2024-10-01T00:25:13.808+0000] {dag.py:3036} INFO - Sync 1 DAGs
[2024-10-01T00:25:13.881+0000] {logging_mixin.py:188} INFO - [2024-10-01T00:25:13.880+0000] {dag.py:3823} INFO - Setting next_dagrun for tutorial to 2024-09-30 00:00:00+00:00, run_after=2024-10-01 00:00:00+00:00
[2024-10-01T00:25:13.941+0000] {processor.py:183} INFO - Processing /home/airflow/.local/lib/python3.8/site-packages/airflow/example_dags/tutorial.py took 0.233 seconds
[2024-10-01T00:25:44.403+0000] {processor.py:161} INFO - Started process (PID=3939) to work on /home/airflow/.local/lib/python3.8/site-packages/airflow/example_dags/tutorial.py
[2024-10-01T00:25:44.407+0000] {processor.py:830} INFO - Processing file /home/airflow/.local/lib/python3.8/site-packages/airflow/example_dags/tutorial.py for tasks to queue
[2024-10-01T00:25:44.414+0000] {logging_mixin.py:188} INFO - [2024-10-01T00:25:44.413+0000] {dagbag.py:538} INFO - Filling up the DagBag from /home/airflow/.local/lib/python3.8/site-packages/airflow/example_dags/tutorial.py
[2024-10-01T00:25:44.434+0000] {processor.py:840} INFO - DAG(s) 'tutorial' retrieved from /home/airflow/.local/lib/python3.8/site-packages/airflow/example_dags/tutorial.py
[2024-10-01T00:25:44.503+0000] {logging_mixin.py:188} INFO - [2024-10-01T00:25:44.502+0000] {dag.py:3036} INFO - Sync 1 DAGs
[2024-10-01T00:25:44.585+0000] {logging_mixin.py:188} INFO - [2024-10-01T00:25:44.584+0000] {dag.py:3823} INFO - Setting next_dagrun for tutorial to 2024-09-30 00:00:00+00:00, run_after=2024-10-01 00:00:00+00:00
[2024-10-01T00:25:44.649+0000] {processor.py:183} INFO - Processing /home/airflow/.local/lib/python3.8/site-packages/airflow/example_dags/tutorial.py took 0.258 seconds
[2024-10-01T00:26:15.249+0000] {processor.py:161} INFO - Started process (PID=4003) to work on /home/airflow/.local/lib/python3.8/site-packages/airflow/example_dags/tutorial.py
[2024-10-01T00:26:15.251+0000] {processor.py:830} INFO - Processing file /home/airflow/.local/lib/python3.8/site-packages/airflow/example_dags/tutorial.py for tasks to queue
[2024-10-01T00:26:15.253+0000] {logging_mixin.py:188} INFO - [2024-10-01T00:26:15.253+0000] {dagbag.py:538} INFO - Filling up the DagBag from /home/airflow/.local/lib/python3.8/site-packages/airflow/example_dags/tutorial.py
[2024-10-01T00:26:15.261+0000] {processor.py:840} INFO - DAG(s) 'tutorial' retrieved from /home/airflow/.local/lib/python3.8/site-packages/airflow/example_dags/tutorial.py
[2024-10-01T00:26:15.286+0000] {logging_mixin.py:188} INFO - [2024-10-01T00:26:15.286+0000] {dag.py:3036} INFO - Sync 1 DAGs
[2024-10-01T00:26:15.317+0000] {logging_mixin.py:188} INFO - [2024-10-01T00:26:15.317+0000] {dag.py:3823} INFO - Setting next_dagrun for tutorial to 2024-09-30 00:00:00+00:00, run_after=2024-10-01 00:00:00+00:00
[2024-10-01T00:26:15.341+0000] {processor.py:183} INFO - Processing /home/airflow/.local/lib/python3.8/site-packages/airflow/example_dags/tutorial.py took 0.096 seconds
[2024-10-01T00:26:46.066+0000] {processor.py:161} INFO - Started process (PID=4069) to work on /home/airflow/.local/lib/python3.8/site-packages/airflow/example_dags/tutorial.py
[2024-10-01T00:26:46.070+0000] {processor.py:830} INFO - Processing file /home/airflow/.local/lib/python3.8/site-packages/airflow/example_dags/tutorial.py for tasks to queue
[2024-10-01T00:26:46.075+0000] {logging_mixin.py:188} INFO - [2024-10-01T00:26:46.074+0000] {dagbag.py:538} INFO - Filling up the DagBag from /home/airflow/.local/lib/python3.8/site-packages/airflow/example_dags/tutorial.py
[2024-10-01T00:26:46.095+0000] {processor.py:840} INFO - DAG(s) 'tutorial' retrieved from /home/airflow/.local/lib/python3.8/site-packages/airflow/example_dags/tutorial.py
[2024-10-01T00:26:46.168+0000] {logging_mixin.py:188} INFO - [2024-10-01T00:26:46.167+0000] {dag.py:3036} INFO - Sync 1 DAGs
[2024-10-01T00:26:46.246+0000] {logging_mixin.py:188} INFO - [2024-10-01T00:26:46.245+0000] {dag.py:3823} INFO - Setting next_dagrun for tutorial to 2024-09-30 00:00:00+00:00, run_after=2024-10-01 00:00:00+00:00
[2024-10-01T00:26:46.312+0000] {processor.py:183} INFO - Processing /home/airflow/.local/lib/python3.8/site-packages/airflow/example_dags/tutorial.py took 0.260 seconds
[2024-10-01T00:27:16.689+0000] {processor.py:161} INFO - Started process (PID=4135) to work on /home/airflow/.local/lib/python3.8/site-packages/airflow/example_dags/tutorial.py
[2024-10-01T00:27:16.692+0000] {processor.py:830} INFO - Processing file /home/airflow/.local/lib/python3.8/site-packages/airflow/example_dags/tutorial.py for tasks to queue
[2024-10-01T00:27:16.695+0000] {logging_mixin.py:188} INFO - [2024-10-01T00:27:16.695+0000] {dagbag.py:538} INFO - Filling up the DagBag from /home/airflow/.local/lib/python3.8/site-packages/airflow/example_dags/tutorial.py
[2024-10-01T00:27:16.706+0000] {processor.py:840} INFO - DAG(s) 'tutorial' retrieved from /home/airflow/.local/lib/python3.8/site-packages/airflow/example_dags/tutorial.py
[2024-10-01T00:27:16.753+0000] {logging_mixin.py:188} INFO - [2024-10-01T00:27:16.752+0000] {dag.py:3036} INFO - Sync 1 DAGs
[2024-10-01T00:27:16.812+0000] {logging_mixin.py:188} INFO - [2024-10-01T00:27:16.812+0000] {dag.py:3823} INFO - Setting next_dagrun for tutorial to 2024-09-30 00:00:00+00:00, run_after=2024-10-01 00:00:00+00:00
[2024-10-01T00:27:16.848+0000] {processor.py:183} INFO - Processing /home/airflow/.local/lib/python3.8/site-packages/airflow/example_dags/tutorial.py took 0.166 seconds
[2024-10-01T00:27:46.928+0000] {processor.py:161} INFO - Started process (PID=4201) to work on /home/airflow/.local/lib/python3.8/site-packages/airflow/example_dags/tutorial.py
[2024-10-01T00:27:46.932+0000] {processor.py:830} INFO - Processing file /home/airflow/.local/lib/python3.8/site-packages/airflow/example_dags/tutorial.py for tasks to queue
[2024-10-01T00:27:46.937+0000] {logging_mixin.py:188} INFO - [2024-10-01T00:27:46.936+0000] {dagbag.py:538} INFO - Filling up the DagBag from /home/airflow/.local/lib/python3.8/site-packages/airflow/example_dags/tutorial.py
[2024-10-01T00:27:46.963+0000] {processor.py:840} INFO - DAG(s) 'tutorial' retrieved from /home/airflow/.local/lib/python3.8/site-packages/airflow/example_dags/tutorial.py
[2024-10-01T00:27:47.046+0000] {logging_mixin.py:188} INFO - [2024-10-01T00:27:47.045+0000] {dag.py:3036} INFO - Sync 1 DAGs
[2024-10-01T00:27:47.144+0000] {logging_mixin.py:188} INFO - [2024-10-01T00:27:47.143+0000] {dag.py:3823} INFO - Setting next_dagrun for tutorial to 2024-09-30 00:00:00+00:00, run_after=2024-10-01 00:00:00+00:00
[2024-10-01T00:27:47.234+0000] {processor.py:183} INFO - Processing /home/airflow/.local/lib/python3.8/site-packages/airflow/example_dags/tutorial.py took 0.322 seconds
[2024-10-01T00:28:17.545+0000] {processor.py:161} INFO - Started process (PID=4259) to work on /home/airflow/.local/lib/python3.8/site-packages/airflow/example_dags/tutorial.py
[2024-10-01T00:28:17.548+0000] {processor.py:830} INFO - Processing file /home/airflow/.local/lib/python3.8/site-packages/airflow/example_dags/tutorial.py for tasks to queue
[2024-10-01T00:28:17.554+0000] {logging_mixin.py:188} INFO - [2024-10-01T00:28:17.553+0000] {dagbag.py:538} INFO - Filling up the DagBag from /home/airflow/.local/lib/python3.8/site-packages/airflow/example_dags/tutorial.py
[2024-10-01T00:28:17.572+0000] {processor.py:840} INFO - DAG(s) 'tutorial' retrieved from /home/airflow/.local/lib/python3.8/site-packages/airflow/example_dags/tutorial.py
[2024-10-01T00:28:17.635+0000] {logging_mixin.py:188} INFO - [2024-10-01T00:28:17.635+0000] {dag.py:3036} INFO - Sync 1 DAGs
[2024-10-01T00:28:17.706+0000] {logging_mixin.py:188} INFO - [2024-10-01T00:28:17.705+0000] {dag.py:3823} INFO - Setting next_dagrun for tutorial to 2024-09-30 00:00:00+00:00, run_after=2024-10-01 00:00:00+00:00
[2024-10-01T00:28:17.764+0000] {processor.py:183} INFO - Processing /home/airflow/.local/lib/python3.8/site-packages/airflow/example_dags/tutorial.py took 0.230 seconds
[2024-10-01T00:28:48.098+0000] {processor.py:161} INFO - Started process (PID=4325) to work on /home/airflow/.local/lib/python3.8/site-packages/airflow/example_dags/tutorial.py
[2024-10-01T00:28:48.102+0000] {processor.py:830} INFO - Processing file /home/airflow/.local/lib/python3.8/site-packages/airflow/example_dags/tutorial.py for tasks to queue
[2024-10-01T00:28:48.108+0000] {logging_mixin.py:188} INFO - [2024-10-01T00:28:48.107+0000] {dagbag.py:538} INFO - Filling up the DagBag from /home/airflow/.local/lib/python3.8/site-packages/airflow/example_dags/tutorial.py
[2024-10-01T00:28:48.128+0000] {processor.py:840} INFO - DAG(s) 'tutorial' retrieved from /home/airflow/.local/lib/python3.8/site-packages/airflow/example_dags/tutorial.py
[2024-10-01T00:28:48.203+0000] {logging_mixin.py:188} INFO - [2024-10-01T00:28:48.203+0000] {dag.py:3036} INFO - Sync 1 DAGs
[2024-10-01T00:28:48.299+0000] {logging_mixin.py:188} INFO - [2024-10-01T00:28:48.298+0000] {dag.py:3823} INFO - Setting next_dagrun for tutorial to 2024-09-30 00:00:00+00:00, run_after=2024-10-01 00:00:00+00:00
[2024-10-01T00:28:48.383+0000] {processor.py:183} INFO - Processing /home/airflow/.local/lib/python3.8/site-packages/airflow/example_dags/tutorial.py took 0.297 seconds
[2024-10-01T00:29:18.614+0000] {processor.py:161} INFO - Started process (PID=4391) to work on /home/airflow/.local/lib/python3.8/site-packages/airflow/example_dags/tutorial.py
[2024-10-01T00:29:18.617+0000] {processor.py:830} INFO - Processing file /home/airflow/.local/lib/python3.8/site-packages/airflow/example_dags/tutorial.py for tasks to queue
[2024-10-01T00:29:18.622+0000] {logging_mixin.py:188} INFO - [2024-10-01T00:29:18.621+0000] {dagbag.py:538} INFO - Filling up the DagBag from /home/airflow/.local/lib/python3.8/site-packages/airflow/example_dags/tutorial.py
[2024-10-01T00:29:18.639+0000] {processor.py:840} INFO - DAG(s) 'tutorial' retrieved from /home/airflow/.local/lib/python3.8/site-packages/airflow/example_dags/tutorial.py
[2024-10-01T00:29:18.696+0000] {logging_mixin.py:188} INFO - [2024-10-01T00:29:18.696+0000] {dag.py:3036} INFO - Sync 1 DAGs
[2024-10-01T00:29:18.759+0000] {logging_mixin.py:188} INFO - [2024-10-01T00:29:18.758+0000] {dag.py:3823} INFO - Setting next_dagrun for tutorial to 2024-09-30 00:00:00+00:00, run_after=2024-10-01 00:00:00+00:00
[2024-10-01T00:29:18.815+0000] {processor.py:183} INFO - Processing /home/airflow/.local/lib/python3.8/site-packages/airflow/example_dags/tutorial.py took 0.211 seconds
[2024-10-01T00:29:48.996+0000] {processor.py:161} INFO - Started process (PID=4457) to work on /home/airflow/.local/lib/python3.8/site-packages/airflow/example_dags/tutorial.py
[2024-10-01T00:29:48.999+0000] {processor.py:830} INFO - Processing file /home/airflow/.local/lib/python3.8/site-packages/airflow/example_dags/tutorial.py for tasks to queue
[2024-10-01T00:29:49.004+0000] {logging_mixin.py:188} INFO - [2024-10-01T00:29:49.003+0000] {dagbag.py:538} INFO - Filling up the DagBag from /home/airflow/.local/lib/python3.8/site-packages/airflow/example_dags/tutorial.py
[2024-10-01T00:29:49.023+0000] {processor.py:840} INFO - DAG(s) 'tutorial' retrieved from /home/airflow/.local/lib/python3.8/site-packages/airflow/example_dags/tutorial.py
[2024-10-01T00:29:49.102+0000] {logging_mixin.py:188} INFO - [2024-10-01T00:29:49.101+0000] {dag.py:3036} INFO - Sync 1 DAGs
[2024-10-01T00:29:49.194+0000] {logging_mixin.py:188} INFO - [2024-10-01T00:29:49.193+0000] {dag.py:3823} INFO - Setting next_dagrun for tutorial to 2024-09-30 00:00:00+00:00, run_after=2024-10-01 00:00:00+00:00
[2024-10-01T00:29:49.268+0000] {processor.py:183} INFO - Processing /home/airflow/.local/lib/python3.8/site-packages/airflow/example_dags/tutorial.py took 0.285 seconds
[2024-10-01T00:30:19.336+0000] {processor.py:161} INFO - Started process (PID=4523) to work on /home/airflow/.local/lib/python3.8/site-packages/airflow/example_dags/tutorial.py
[2024-10-01T00:30:19.339+0000] {processor.py:830} INFO - Processing file /home/airflow/.local/lib/python3.8/site-packages/airflow/example_dags/tutorial.py for tasks to queue
[2024-10-01T00:30:19.342+0000] {logging_mixin.py:188} INFO - [2024-10-01T00:30:19.342+0000] {dagbag.py:538} INFO - Filling up the DagBag from /home/airflow/.local/lib/python3.8/site-packages/airflow/example_dags/tutorial.py
[2024-10-01T00:30:19.354+0000] {processor.py:840} INFO - DAG(s) 'tutorial' retrieved from /home/airflow/.local/lib/python3.8/site-packages/airflow/example_dags/tutorial.py
[2024-10-01T00:30:19.393+0000] {logging_mixin.py:188} INFO - [2024-10-01T00:30:19.392+0000] {dag.py:3036} INFO - Sync 1 DAGs
[2024-10-01T00:30:19.436+0000] {logging_mixin.py:188} INFO - [2024-10-01T00:30:19.435+0000] {dag.py:3823} INFO - Setting next_dagrun for tutorial to 2024-09-30 00:00:00+00:00, run_after=2024-10-01 00:00:00+00:00
[2024-10-01T00:30:19.472+0000] {processor.py:183} INFO - Processing /home/airflow/.local/lib/python3.8/site-packages/airflow/example_dags/tutorial.py took 0.142 seconds
[2024-10-01T00:30:50.053+0000] {processor.py:161} INFO - Started process (PID=4589) to work on /home/airflow/.local/lib/python3.8/site-packages/airflow/example_dags/tutorial.py
[2024-10-01T00:30:50.062+0000] {processor.py:830} INFO - Processing file /home/airflow/.local/lib/python3.8/site-packages/airflow/example_dags/tutorial.py for tasks to queue
[2024-10-01T00:30:50.068+0000] {logging_mixin.py:188} INFO - [2024-10-01T00:30:50.067+0000] {dagbag.py:538} INFO - Filling up the DagBag from /home/airflow/.local/lib/python3.8/site-packages/airflow/example_dags/tutorial.py
[2024-10-01T00:30:50.089+0000] {processor.py:840} INFO - DAG(s) 'tutorial' retrieved from /home/airflow/.local/lib/python3.8/site-packages/airflow/example_dags/tutorial.py
[2024-10-01T00:30:50.151+0000] {logging_mixin.py:188} INFO - [2024-10-01T00:30:50.150+0000] {dag.py:3036} INFO - Sync 1 DAGs
[2024-10-01T00:30:50.215+0000] {logging_mixin.py:188} INFO - [2024-10-01T00:30:50.214+0000] {dag.py:3823} INFO - Setting next_dagrun for tutorial to 2024-09-30 00:00:00+00:00, run_after=2024-10-01 00:00:00+00:00
[2024-10-01T00:30:50.267+0000] {processor.py:183} INFO - Processing /home/airflow/.local/lib/python3.8/site-packages/airflow/example_dags/tutorial.py took 0.224 seconds
[2024-10-01T00:31:20.787+0000] {processor.py:161} INFO - Started process (PID=4655) to work on /home/airflow/.local/lib/python3.8/site-packages/airflow/example_dags/tutorial.py
[2024-10-01T00:31:20.791+0000] {processor.py:830} INFO - Processing file /home/airflow/.local/lib/python3.8/site-packages/airflow/example_dags/tutorial.py for tasks to queue
[2024-10-01T00:31:20.796+0000] {logging_mixin.py:188} INFO - [2024-10-01T00:31:20.796+0000] {dagbag.py:538} INFO - Filling up the DagBag from /home/airflow/.local/lib/python3.8/site-packages/airflow/example_dags/tutorial.py
[2024-10-01T00:31:20.813+0000] {processor.py:840} INFO - DAG(s) 'tutorial' retrieved from /home/airflow/.local/lib/python3.8/site-packages/airflow/example_dags/tutorial.py
[2024-10-01T00:31:20.876+0000] {logging_mixin.py:188} INFO - [2024-10-01T00:31:20.875+0000] {dag.py:3036} INFO - Sync 1 DAGs
[2024-10-01T00:31:20.952+0000] {logging_mixin.py:188} INFO - [2024-10-01T00:31:20.951+0000] {dag.py:3823} INFO - Setting next_dagrun for tutorial to 2024-09-30 00:00:00+00:00, run_after=2024-10-01 00:00:00+00:00
[2024-10-01T00:31:21.010+0000] {processor.py:183} INFO - Processing /home/airflow/.local/lib/python3.8/site-packages/airflow/example_dags/tutorial.py took 0.233 seconds
[2024-10-01T00:31:51.084+0000] {processor.py:161} INFO - Started process (PID=4712) to work on /home/airflow/.local/lib/python3.8/site-packages/airflow/example_dags/tutorial.py
[2024-10-01T00:31:51.088+0000] {processor.py:830} INFO - Processing file /home/airflow/.local/lib/python3.8/site-packages/airflow/example_dags/tutorial.py for tasks to queue
[2024-10-01T00:31:51.096+0000] {logging_mixin.py:188} INFO - [2024-10-01T00:31:51.095+0000] {dagbag.py:538} INFO - Filling up the DagBag from /home/airflow/.local/lib/python3.8/site-packages/airflow/example_dags/tutorial.py
[2024-10-01T00:31:51.119+0000] {processor.py:840} INFO - DAG(s) 'tutorial' retrieved from /home/airflow/.local/lib/python3.8/site-packages/airflow/example_dags/tutorial.py
[2024-10-01T00:31:51.192+0000] {logging_mixin.py:188} INFO - [2024-10-01T00:31:51.192+0000] {dag.py:3036} INFO - Sync 1 DAGs
[2024-10-01T00:31:51.274+0000] {logging_mixin.py:188} INFO - [2024-10-01T00:31:51.273+0000] {dag.py:3823} INFO - Setting next_dagrun for tutorial to 2024-09-30 00:00:00+00:00, run_after=2024-10-01 00:00:00+00:00
[2024-10-01T00:31:51.351+0000] {processor.py:183} INFO - Processing /home/airflow/.local/lib/python3.8/site-packages/airflow/example_dags/tutorial.py took 0.279 seconds
[2024-10-01T00:32:21.962+0000] {processor.py:161} INFO - Started process (PID=4778) to work on /home/airflow/.local/lib/python3.8/site-packages/airflow/example_dags/tutorial.py
[2024-10-01T00:32:21.967+0000] {processor.py:830} INFO - Processing file /home/airflow/.local/lib/python3.8/site-packages/airflow/example_dags/tutorial.py for tasks to queue
[2024-10-01T00:32:21.976+0000] {logging_mixin.py:188} INFO - [2024-10-01T00:32:21.974+0000] {dagbag.py:538} INFO - Filling up the DagBag from /home/airflow/.local/lib/python3.8/site-packages/airflow/example_dags/tutorial.py
[2024-10-01T00:32:22.004+0000] {processor.py:840} INFO - DAG(s) 'tutorial' retrieved from /home/airflow/.local/lib/python3.8/site-packages/airflow/example_dags/tutorial.py
[2024-10-01T00:32:22.118+0000] {logging_mixin.py:188} INFO - [2024-10-01T00:32:22.117+0000] {dag.py:3036} INFO - Sync 1 DAGs
[2024-10-01T00:32:22.255+0000] {logging_mixin.py:188} INFO - [2024-10-01T00:32:22.254+0000] {dag.py:3823} INFO - Setting next_dagrun for tutorial to 2024-09-30 00:00:00+00:00, run_after=2024-10-01 00:00:00+00:00
[2024-10-01T00:32:22.342+0000] {processor.py:183} INFO - Processing /home/airflow/.local/lib/python3.8/site-packages/airflow/example_dags/tutorial.py took 0.395 seconds
[2024-10-01T00:32:52.911+0000] {processor.py:161} INFO - Started process (PID=4844) to work on /home/airflow/.local/lib/python3.8/site-packages/airflow/example_dags/tutorial.py
[2024-10-01T00:32:52.915+0000] {processor.py:830} INFO - Processing file /home/airflow/.local/lib/python3.8/site-packages/airflow/example_dags/tutorial.py for tasks to queue
[2024-10-01T00:32:52.922+0000] {logging_mixin.py:188} INFO - [2024-10-01T00:32:52.921+0000] {dagbag.py:538} INFO - Filling up the DagBag from /home/airflow/.local/lib/python3.8/site-packages/airflow/example_dags/tutorial.py
[2024-10-01T00:32:52.939+0000] {processor.py:840} INFO - DAG(s) 'tutorial' retrieved from /home/airflow/.local/lib/python3.8/site-packages/airflow/example_dags/tutorial.py
[2024-10-01T00:32:52.997+0000] {logging_mixin.py:188} INFO - [2024-10-01T00:32:52.997+0000] {dag.py:3036} INFO - Sync 1 DAGs
[2024-10-01T00:32:53.085+0000] {logging_mixin.py:188} INFO - [2024-10-01T00:32:53.084+0000] {dag.py:3823} INFO - Setting next_dagrun for tutorial to 2024-09-30 00:00:00+00:00, run_after=2024-10-01 00:00:00+00:00
[2024-10-01T00:32:53.148+0000] {processor.py:183} INFO - Processing /home/airflow/.local/lib/python3.8/site-packages/airflow/example_dags/tutorial.py took 0.248 seconds
[2024-10-01T00:33:23.261+0000] {processor.py:161} INFO - Started process (PID=4902) to work on /home/airflow/.local/lib/python3.8/site-packages/airflow/example_dags/tutorial.py
[2024-10-01T00:33:23.263+0000] {processor.py:830} INFO - Processing file /home/airflow/.local/lib/python3.8/site-packages/airflow/example_dags/tutorial.py for tasks to queue
[2024-10-01T00:33:23.266+0000] {logging_mixin.py:188} INFO - [2024-10-01T00:33:23.265+0000] {dagbag.py:538} INFO - Filling up the DagBag from /home/airflow/.local/lib/python3.8/site-packages/airflow/example_dags/tutorial.py
[2024-10-01T00:33:23.275+0000] {processor.py:840} INFO - DAG(s) 'tutorial' retrieved from /home/airflow/.local/lib/python3.8/site-packages/airflow/example_dags/tutorial.py
[2024-10-01T00:33:23.307+0000] {logging_mixin.py:188} INFO - [2024-10-01T00:33:23.306+0000] {dag.py:3036} INFO - Sync 1 DAGs
[2024-10-01T00:33:23.342+0000] {logging_mixin.py:188} INFO - [2024-10-01T00:33:23.342+0000] {dag.py:3823} INFO - Setting next_dagrun for tutorial to 2024-09-30 00:00:00+00:00, run_after=2024-10-01 00:00:00+00:00
[2024-10-01T00:33:23.373+0000] {processor.py:183} INFO - Processing /home/airflow/.local/lib/python3.8/site-packages/airflow/example_dags/tutorial.py took 0.117 seconds
[2024-10-01T00:33:55.922+0000] {processor.py:161} INFO - Started process (PID=4968) to work on /home/airflow/.local/lib/python3.8/site-packages/airflow/example_dags/tutorial.py
[2024-10-01T00:33:55.931+0000] {processor.py:830} INFO - Processing file /home/airflow/.local/lib/python3.8/site-packages/airflow/example_dags/tutorial.py for tasks to queue
[2024-10-01T00:33:55.947+0000] {logging_mixin.py:188} INFO - [2024-10-01T00:33:55.944+0000] {dagbag.py:538} INFO - Filling up the DagBag from /home/airflow/.local/lib/python3.8/site-packages/airflow/example_dags/tutorial.py
[2024-10-01T00:33:55.996+0000] {processor.py:840} INFO - DAG(s) 'tutorial' retrieved from /home/airflow/.local/lib/python3.8/site-packages/airflow/example_dags/tutorial.py
[2024-10-01T00:33:56.157+0000] {logging_mixin.py:188} INFO - [2024-10-01T00:33:56.155+0000] {dag.py:3036} INFO - Sync 1 DAGs
[2024-10-01T00:33:56.413+0000] {logging_mixin.py:188} INFO - [2024-10-01T00:33:56.411+0000] {dag.py:3823} INFO - Setting next_dagrun for tutorial to 2024-09-30 00:00:00+00:00, run_after=2024-10-01 00:00:00+00:00
[2024-10-01T00:33:56.575+0000] {processor.py:183} INFO - Processing /home/airflow/.local/lib/python3.8/site-packages/airflow/example_dags/tutorial.py took 0.680 seconds
[2024-10-01T00:34:26.961+0000] {processor.py:161} INFO - Started process (PID=5034) to work on /home/airflow/.local/lib/python3.8/site-packages/airflow/example_dags/tutorial.py
[2024-10-01T00:34:26.966+0000] {processor.py:830} INFO - Processing file /home/airflow/.local/lib/python3.8/site-packages/airflow/example_dags/tutorial.py for tasks to queue
[2024-10-01T00:34:26.974+0000] {logging_mixin.py:188} INFO - [2024-10-01T00:34:26.972+0000] {dagbag.py:538} INFO - Filling up the DagBag from /home/airflow/.local/lib/python3.8/site-packages/airflow/example_dags/tutorial.py
[2024-10-01T00:34:26.997+0000] {processor.py:840} INFO - DAG(s) 'tutorial' retrieved from /home/airflow/.local/lib/python3.8/site-packages/airflow/example_dags/tutorial.py
[2024-10-01T00:34:27.089+0000] {logging_mixin.py:188} INFO - [2024-10-01T00:34:27.088+0000] {dag.py:3036} INFO - Sync 1 DAGs
[2024-10-01T00:34:27.202+0000] {logging_mixin.py:188} INFO - [2024-10-01T00:34:27.201+0000] {dag.py:3823} INFO - Setting next_dagrun for tutorial to 2024-09-30 00:00:00+00:00, run_after=2024-10-01 00:00:00+00:00
[2024-10-01T00:34:27.298+0000] {processor.py:183} INFO - Processing /home/airflow/.local/lib/python3.8/site-packages/airflow/example_dags/tutorial.py took 0.355 seconds
