[2024-10-01T00:00:03.278+0000] {processor.py:161} INFO - Started process (PID=757) to work on /opt/airflow/dags/supply_chain_dag.py
[2024-10-01T00:00:03.281+0000] {processor.py:830} INFO - Processing file /opt/airflow/dags/supply_chain_dag.py for tasks to queue
[2024-10-01T00:00:03.286+0000] {logging_mixin.py:188} INFO - [2024-10-01T00:00:03.285+0000] {dagbag.py:538} INFO - Filling up the DagBag from /opt/airflow/dags/supply_chain_dag.py
[2024-10-01T00:00:03.317+0000] {processor.py:840} INFO - DAG(s) 'supply_app_dag' retrieved from /opt/airflow/dags/supply_chain_dag.py
[2024-10-01T00:00:03.390+0000] {logging_mixin.py:188} INFO - [2024-10-01T00:00:03.390+0000] {dag.py:3036} INFO - Sync 1 DAGs
[2024-10-01T00:00:03.484+0000] {logging_mixin.py:188} INFO - [2024-10-01T00:00:03.483+0000] {dag.py:3823} INFO - Setting next_dagrun for supply_app_dag to 2024-10-01 00:00:00+00:00, run_after=2024-10-02 00:00:00+00:00
[2024-10-01T00:00:03.548+0000] {processor.py:183} INFO - Processing /opt/airflow/dags/supply_chain_dag.py took 0.282 seconds
[2024-10-01T00:00:33.599+0000] {processor.py:161} INFO - Started process (PID=816) to work on /opt/airflow/dags/supply_chain_dag.py
[2024-10-01T00:00:33.603+0000] {processor.py:830} INFO - Processing file /opt/airflow/dags/supply_chain_dag.py for tasks to queue
[2024-10-01T00:00:33.607+0000] {logging_mixin.py:188} INFO - [2024-10-01T00:00:33.607+0000] {dagbag.py:538} INFO - Filling up the DagBag from /opt/airflow/dags/supply_chain_dag.py
[2024-10-01T00:00:33.627+0000] {processor.py:840} INFO - DAG(s) 'supply_app_dag' retrieved from /opt/airflow/dags/supply_chain_dag.py
[2024-10-01T00:00:33.675+0000] {logging_mixin.py:188} INFO - [2024-10-01T00:00:33.675+0000] {dag.py:3036} INFO - Sync 1 DAGs
[2024-10-01T00:00:33.730+0000] {logging_mixin.py:188} INFO - [2024-10-01T00:00:33.729+0000] {dag.py:3823} INFO - Setting next_dagrun for supply_app_dag to 2024-10-01 00:00:00+00:00, run_after=2024-10-02 00:00:00+00:00
[2024-10-01T00:00:33.774+0000] {processor.py:183} INFO - Processing /opt/airflow/dags/supply_chain_dag.py took 0.182 seconds
[2024-10-01T00:01:04.292+0000] {processor.py:161} INFO - Started process (PID=882) to work on /opt/airflow/dags/supply_chain_dag.py
[2024-10-01T00:01:04.296+0000] {processor.py:830} INFO - Processing file /opt/airflow/dags/supply_chain_dag.py for tasks to queue
[2024-10-01T00:01:04.302+0000] {logging_mixin.py:188} INFO - [2024-10-01T00:01:04.301+0000] {dagbag.py:538} INFO - Filling up the DagBag from /opt/airflow/dags/supply_chain_dag.py
[2024-10-01T00:01:04.327+0000] {processor.py:840} INFO - DAG(s) 'supply_app_dag' retrieved from /opt/airflow/dags/supply_chain_dag.py
[2024-10-01T00:01:04.388+0000] {logging_mixin.py:188} INFO - [2024-10-01T00:01:04.387+0000] {dag.py:3036} INFO - Sync 1 DAGs
[2024-10-01T00:01:04.459+0000] {logging_mixin.py:188} INFO - [2024-10-01T00:01:04.458+0000] {dag.py:3823} INFO - Setting next_dagrun for supply_app_dag to 2024-10-01 00:00:00+00:00, run_after=2024-10-02 00:00:00+00:00
[2024-10-01T00:01:04.509+0000] {processor.py:183} INFO - Processing /opt/airflow/dags/supply_chain_dag.py took 0.228 seconds
[2024-10-01T00:01:34.709+0000] {processor.py:161} INFO - Started process (PID=947) to work on /opt/airflow/dags/supply_chain_dag.py
[2024-10-01T00:01:34.711+0000] {processor.py:830} INFO - Processing file /opt/airflow/dags/supply_chain_dag.py for tasks to queue
[2024-10-01T00:01:34.714+0000] {logging_mixin.py:188} INFO - [2024-10-01T00:01:34.713+0000] {dagbag.py:538} INFO - Filling up the DagBag from /opt/airflow/dags/supply_chain_dag.py
[2024-10-01T00:01:34.729+0000] {processor.py:840} INFO - DAG(s) 'supply_app_dag' retrieved from /opt/airflow/dags/supply_chain_dag.py
[2024-10-01T00:01:34.765+0000] {logging_mixin.py:188} INFO - [2024-10-01T00:01:34.765+0000] {dag.py:3036} INFO - Sync 1 DAGs
[2024-10-01T00:01:34.812+0000] {logging_mixin.py:188} INFO - [2024-10-01T00:01:34.812+0000] {dag.py:3823} INFO - Setting next_dagrun for supply_app_dag to 2024-10-01 00:00:00+00:00, run_after=2024-10-02 00:00:00+00:00
[2024-10-01T00:01:34.846+0000] {processor.py:183} INFO - Processing /opt/airflow/dags/supply_chain_dag.py took 0.144 seconds
[2024-10-01T00:02:05.236+0000] {processor.py:161} INFO - Started process (PID=1006) to work on /opt/airflow/dags/supply_chain_dag.py
[2024-10-01T00:02:05.241+0000] {processor.py:830} INFO - Processing file /opt/airflow/dags/supply_chain_dag.py for tasks to queue
[2024-10-01T00:02:05.244+0000] {logging_mixin.py:188} INFO - [2024-10-01T00:02:05.244+0000] {dagbag.py:538} INFO - Filling up the DagBag from /opt/airflow/dags/supply_chain_dag.py
[2024-10-01T00:02:05.256+0000] {processor.py:840} INFO - DAG(s) 'supply_app_dag' retrieved from /opt/airflow/dags/supply_chain_dag.py
[2024-10-01T00:02:05.286+0000] {logging_mixin.py:188} INFO - [2024-10-01T00:02:05.286+0000] {dag.py:3036} INFO - Sync 1 DAGs
[2024-10-01T00:02:05.325+0000] {logging_mixin.py:188} INFO - [2024-10-01T00:02:05.325+0000] {dag.py:3823} INFO - Setting next_dagrun for supply_app_dag to 2024-10-01 00:00:00+00:00, run_after=2024-10-02 00:00:00+00:00
[2024-10-01T00:02:05.354+0000] {processor.py:183} INFO - Processing /opt/airflow/dags/supply_chain_dag.py took 0.123 seconds
[2024-10-01T00:02:35.565+0000] {processor.py:161} INFO - Started process (PID=1072) to work on /opt/airflow/dags/supply_chain_dag.py
[2024-10-01T00:02:35.571+0000] {processor.py:830} INFO - Processing file /opt/airflow/dags/supply_chain_dag.py for tasks to queue
[2024-10-01T00:02:35.574+0000] {logging_mixin.py:188} INFO - [2024-10-01T00:02:35.573+0000] {dagbag.py:538} INFO - Filling up the DagBag from /opt/airflow/dags/supply_chain_dag.py
[2024-10-01T00:02:35.588+0000] {processor.py:840} INFO - DAG(s) 'supply_app_dag' retrieved from /opt/airflow/dags/supply_chain_dag.py
[2024-10-01T00:02:35.621+0000] {logging_mixin.py:188} INFO - [2024-10-01T00:02:35.620+0000] {dag.py:3036} INFO - Sync 1 DAGs
[2024-10-01T00:02:35.661+0000] {logging_mixin.py:188} INFO - [2024-10-01T00:02:35.660+0000] {dag.py:3823} INFO - Setting next_dagrun for supply_app_dag to 2024-10-01 00:00:00+00:00, run_after=2024-10-02 00:00:00+00:00
[2024-10-01T00:02:35.691+0000] {processor.py:183} INFO - Processing /opt/airflow/dags/supply_chain_dag.py took 0.131 seconds
[2024-10-01T00:03:06.367+0000] {processor.py:161} INFO - Started process (PID=1138) to work on /opt/airflow/dags/supply_chain_dag.py
[2024-10-01T00:03:06.369+0000] {processor.py:830} INFO - Processing file /opt/airflow/dags/supply_chain_dag.py for tasks to queue
[2024-10-01T00:03:06.372+0000] {logging_mixin.py:188} INFO - [2024-10-01T00:03:06.371+0000] {dagbag.py:538} INFO - Filling up the DagBag from /opt/airflow/dags/supply_chain_dag.py
[2024-10-01T00:03:06.385+0000] {processor.py:840} INFO - DAG(s) 'supply_app_dag' retrieved from /opt/airflow/dags/supply_chain_dag.py
[2024-10-01T00:03:06.425+0000] {logging_mixin.py:188} INFO - [2024-10-01T00:03:06.424+0000] {dag.py:3036} INFO - Sync 1 DAGs
[2024-10-01T00:03:06.470+0000] {logging_mixin.py:188} INFO - [2024-10-01T00:03:06.469+0000] {dag.py:3823} INFO - Setting next_dagrun for supply_app_dag to 2024-10-01 00:00:00+00:00, run_after=2024-10-02 00:00:00+00:00
[2024-10-01T00:03:06.502+0000] {processor.py:183} INFO - Processing /opt/airflow/dags/supply_chain_dag.py took 0.142 seconds
[2024-10-01T00:03:36.705+0000] {processor.py:161} INFO - Started process (PID=1211) to work on /opt/airflow/dags/supply_chain_dag.py
[2024-10-01T00:03:36.708+0000] {processor.py:830} INFO - Processing file /opt/airflow/dags/supply_chain_dag.py for tasks to queue
[2024-10-01T00:03:36.711+0000] {logging_mixin.py:188} INFO - [2024-10-01T00:03:36.711+0000] {dagbag.py:538} INFO - Filling up the DagBag from /opt/airflow/dags/supply_chain_dag.py
[2024-10-01T00:03:36.729+0000] {processor.py:840} INFO - DAG(s) 'supply_app_dag' retrieved from /opt/airflow/dags/supply_chain_dag.py
[2024-10-01T00:03:36.772+0000] {logging_mixin.py:188} INFO - [2024-10-01T00:03:36.771+0000] {dag.py:3036} INFO - Sync 1 DAGs
[2024-10-01T00:03:36.824+0000] {logging_mixin.py:188} INFO - [2024-10-01T00:03:36.823+0000] {dag.py:3823} INFO - Setting next_dagrun for supply_app_dag to 2024-10-01 00:00:00+00:00, run_after=2024-10-02 00:00:00+00:00
[2024-10-01T00:03:36.865+0000] {processor.py:183} INFO - Processing /opt/airflow/dags/supply_chain_dag.py took 0.168 seconds
[2024-10-01T00:04:07.759+0000] {processor.py:161} INFO - Started process (PID=1278) to work on /opt/airflow/dags/supply_chain_dag.py
[2024-10-01T00:04:07.765+0000] {processor.py:830} INFO - Processing file /opt/airflow/dags/supply_chain_dag.py for tasks to queue
[2024-10-01T00:04:07.769+0000] {logging_mixin.py:188} INFO - [2024-10-01T00:04:07.768+0000] {dagbag.py:538} INFO - Filling up the DagBag from /opt/airflow/dags/supply_chain_dag.py
[2024-10-01T00:04:07.792+0000] {processor.py:840} INFO - DAG(s) 'supply_app_dag' retrieved from /opt/airflow/dags/supply_chain_dag.py
[2024-10-01T00:04:07.846+0000] {logging_mixin.py:188} INFO - [2024-10-01T00:04:07.845+0000] {dag.py:3036} INFO - Sync 1 DAGs
[2024-10-01T00:04:07.922+0000] {logging_mixin.py:188} INFO - [2024-10-01T00:04:07.921+0000] {dag.py:3823} INFO - Setting next_dagrun for supply_app_dag to 2024-10-01 00:00:00+00:00, run_after=2024-10-02 00:00:00+00:00
[2024-10-01T00:04:07.979+0000] {processor.py:183} INFO - Processing /opt/airflow/dags/supply_chain_dag.py took 0.230 seconds
[2024-10-01T00:04:38.252+0000] {processor.py:161} INFO - Started process (PID=1342) to work on /opt/airflow/dags/supply_chain_dag.py
[2024-10-01T00:04:38.259+0000] {processor.py:830} INFO - Processing file /opt/airflow/dags/supply_chain_dag.py for tasks to queue
[2024-10-01T00:04:38.269+0000] {logging_mixin.py:188} INFO - [2024-10-01T00:04:38.267+0000] {dagbag.py:538} INFO - Filling up the DagBag from /opt/airflow/dags/supply_chain_dag.py
[2024-10-01T00:04:38.329+0000] {processor.py:840} INFO - DAG(s) 'supply_app_dag' retrieved from /opt/airflow/dags/supply_chain_dag.py
[2024-10-01T00:04:38.459+0000] {logging_mixin.py:188} INFO - [2024-10-01T00:04:38.458+0000] {dag.py:3036} INFO - Sync 1 DAGs
[2024-10-01T00:04:38.635+0000] {logging_mixin.py:188} INFO - [2024-10-01T00:04:38.634+0000] {dag.py:3823} INFO - Setting next_dagrun for supply_app_dag to 2024-10-01 00:00:00+00:00, run_after=2024-10-02 00:00:00+00:00
[2024-10-01T00:04:38.742+0000] {processor.py:183} INFO - Processing /opt/airflow/dags/supply_chain_dag.py took 0.518 seconds
[2024-10-01T00:05:09.412+0000] {processor.py:161} INFO - Started process (PID=1400) to work on /opt/airflow/dags/supply_chain_dag.py
[2024-10-01T00:05:09.422+0000] {processor.py:830} INFO - Processing file /opt/airflow/dags/supply_chain_dag.py for tasks to queue
[2024-10-01T00:05:09.433+0000] {logging_mixin.py:188} INFO - [2024-10-01T00:05:09.431+0000] {dagbag.py:538} INFO - Filling up the DagBag from /opt/airflow/dags/supply_chain_dag.py
[2024-10-01T00:05:09.502+0000] {processor.py:840} INFO - DAG(s) 'supply_app_dag' retrieved from /opt/airflow/dags/supply_chain_dag.py
[2024-10-01T00:05:09.658+0000] {logging_mixin.py:188} INFO - [2024-10-01T00:05:09.656+0000] {dag.py:3036} INFO - Sync 1 DAGs
[2024-10-01T00:05:09.867+0000] {logging_mixin.py:188} INFO - [2024-10-01T00:05:09.865+0000] {dag.py:3823} INFO - Setting next_dagrun for supply_app_dag to 2024-10-01 00:00:00+00:00, run_after=2024-10-02 00:00:00+00:00
[2024-10-01T00:05:10.011+0000] {processor.py:183} INFO - Processing /opt/airflow/dags/supply_chain_dag.py took 0.624 seconds
[2024-10-01T00:05:41.033+0000] {processor.py:161} INFO - Started process (PID=1466) to work on /opt/airflow/dags/supply_chain_dag.py
[2024-10-01T00:05:41.037+0000] {processor.py:830} INFO - Processing file /opt/airflow/dags/supply_chain_dag.py for tasks to queue
[2024-10-01T00:05:41.042+0000] {logging_mixin.py:188} INFO - [2024-10-01T00:05:41.041+0000] {dagbag.py:538} INFO - Filling up the DagBag from /opt/airflow/dags/supply_chain_dag.py
[2024-10-01T00:05:41.061+0000] {processor.py:840} INFO - DAG(s) 'supply_app_dag' retrieved from /opt/airflow/dags/supply_chain_dag.py
[2024-10-01T00:05:41.109+0000] {logging_mixin.py:188} INFO - [2024-10-01T00:05:41.109+0000] {dag.py:3036} INFO - Sync 1 DAGs
[2024-10-01T00:05:41.158+0000] {logging_mixin.py:188} INFO - [2024-10-01T00:05:41.157+0000] {dag.py:3823} INFO - Setting next_dagrun for supply_app_dag to 2024-10-01 00:00:00+00:00, run_after=2024-10-02 00:00:00+00:00
[2024-10-01T00:05:41.203+0000] {processor.py:183} INFO - Processing /opt/airflow/dags/supply_chain_dag.py took 0.179 seconds
[2024-10-01T00:06:11.738+0000] {processor.py:161} INFO - Started process (PID=1532) to work on /opt/airflow/dags/supply_chain_dag.py
[2024-10-01T00:06:11.744+0000] {processor.py:830} INFO - Processing file /opt/airflow/dags/supply_chain_dag.py for tasks to queue
[2024-10-01T00:06:11.747+0000] {logging_mixin.py:188} INFO - [2024-10-01T00:06:11.747+0000] {dagbag.py:538} INFO - Filling up the DagBag from /opt/airflow/dags/supply_chain_dag.py
[2024-10-01T00:06:11.762+0000] {processor.py:840} INFO - DAG(s) 'supply_app_dag' retrieved from /opt/airflow/dags/supply_chain_dag.py
[2024-10-01T00:06:11.797+0000] {logging_mixin.py:188} INFO - [2024-10-01T00:06:11.796+0000] {dag.py:3036} INFO - Sync 1 DAGs
[2024-10-01T00:06:11.838+0000] {logging_mixin.py:188} INFO - [2024-10-01T00:06:11.837+0000] {dag.py:3823} INFO - Setting next_dagrun for supply_app_dag to 2024-10-01 00:00:00+00:00, run_after=2024-10-02 00:00:00+00:00
[2024-10-01T00:06:11.866+0000] {processor.py:183} INFO - Processing /opt/airflow/dags/supply_chain_dag.py took 0.133 seconds
[2024-10-01T00:06:42.119+0000] {processor.py:161} INFO - Started process (PID=1598) to work on /opt/airflow/dags/supply_chain_dag.py
[2024-10-01T00:06:42.122+0000] {processor.py:830} INFO - Processing file /opt/airflow/dags/supply_chain_dag.py for tasks to queue
[2024-10-01T00:06:42.126+0000] {logging_mixin.py:188} INFO - [2024-10-01T00:06:42.126+0000] {dagbag.py:538} INFO - Filling up the DagBag from /opt/airflow/dags/supply_chain_dag.py
[2024-10-01T00:06:42.148+0000] {processor.py:840} INFO - DAG(s) 'supply_app_dag' retrieved from /opt/airflow/dags/supply_chain_dag.py
[2024-10-01T00:06:42.200+0000] {logging_mixin.py:188} INFO - [2024-10-01T00:06:42.200+0000] {dag.py:3036} INFO - Sync 1 DAGs
[2024-10-01T00:06:42.264+0000] {logging_mixin.py:188} INFO - [2024-10-01T00:06:42.263+0000] {dag.py:3823} INFO - Setting next_dagrun for supply_app_dag to 2024-10-01 00:00:00+00:00, run_after=2024-10-02 00:00:00+00:00
[2024-10-01T00:06:42.315+0000] {processor.py:183} INFO - Processing /opt/airflow/dags/supply_chain_dag.py took 0.204 seconds
[2024-10-01T00:07:12.839+0000] {processor.py:161} INFO - Started process (PID=1665) to work on /opt/airflow/dags/supply_chain_dag.py
[2024-10-01T00:07:12.842+0000] {processor.py:830} INFO - Processing file /opt/airflow/dags/supply_chain_dag.py for tasks to queue
[2024-10-01T00:07:12.847+0000] {logging_mixin.py:188} INFO - [2024-10-01T00:07:12.846+0000] {dagbag.py:538} INFO - Filling up the DagBag from /opt/airflow/dags/supply_chain_dag.py
[2024-10-01T00:07:12.869+0000] {processor.py:840} INFO - DAG(s) 'supply_app_dag' retrieved from /opt/airflow/dags/supply_chain_dag.py
[2024-10-01T00:07:12.919+0000] {logging_mixin.py:188} INFO - [2024-10-01T00:07:12.919+0000] {dag.py:3036} INFO - Sync 1 DAGs
[2024-10-01T00:07:12.980+0000] {logging_mixin.py:188} INFO - [2024-10-01T00:07:12.980+0000] {dag.py:3823} INFO - Setting next_dagrun for supply_app_dag to 2024-10-01 00:00:00+00:00, run_after=2024-10-02 00:00:00+00:00
[2024-10-01T00:07:13.027+0000] {processor.py:183} INFO - Processing /opt/airflow/dags/supply_chain_dag.py took 0.197 seconds
[2024-10-01T00:07:43.656+0000] {processor.py:161} INFO - Started process (PID=1731) to work on /opt/airflow/dags/supply_chain_dag.py
[2024-10-01T00:07:43.659+0000] {processor.py:830} INFO - Processing file /opt/airflow/dags/supply_chain_dag.py for tasks to queue
[2024-10-01T00:07:43.665+0000] {logging_mixin.py:188} INFO - [2024-10-01T00:07:43.664+0000] {dagbag.py:538} INFO - Filling up the DagBag from /opt/airflow/dags/supply_chain_dag.py
[2024-10-01T00:07:43.687+0000] {processor.py:840} INFO - DAG(s) 'supply_app_dag' retrieved from /opt/airflow/dags/supply_chain_dag.py
[2024-10-01T00:07:43.750+0000] {logging_mixin.py:188} INFO - [2024-10-01T00:07:43.749+0000] {dag.py:3036} INFO - Sync 1 DAGs
[2024-10-01T00:07:43.825+0000] {logging_mixin.py:188} INFO - [2024-10-01T00:07:43.825+0000] {dag.py:3823} INFO - Setting next_dagrun for supply_app_dag to 2024-10-01 00:00:00+00:00, run_after=2024-10-02 00:00:00+00:00
[2024-10-01T00:07:43.883+0000] {processor.py:183} INFO - Processing /opt/airflow/dags/supply_chain_dag.py took 0.238 seconds
[2024-10-01T00:08:14.139+0000] {processor.py:161} INFO - Started process (PID=1797) to work on /opt/airflow/dags/supply_chain_dag.py
[2024-10-01T00:08:14.152+0000] {processor.py:830} INFO - Processing file /opt/airflow/dags/supply_chain_dag.py for tasks to queue
[2024-10-01T00:08:14.157+0000] {logging_mixin.py:188} INFO - [2024-10-01T00:08:14.157+0000] {dagbag.py:538} INFO - Filling up the DagBag from /opt/airflow/dags/supply_chain_dag.py
[2024-10-01T00:08:14.175+0000] {processor.py:840} INFO - DAG(s) 'supply_app_dag' retrieved from /opt/airflow/dags/supply_chain_dag.py
[2024-10-01T00:08:14.222+0000] {logging_mixin.py:188} INFO - [2024-10-01T00:08:14.221+0000] {dag.py:3036} INFO - Sync 1 DAGs
[2024-10-01T00:08:14.283+0000] {logging_mixin.py:188} INFO - [2024-10-01T00:08:14.282+0000] {dag.py:3823} INFO - Setting next_dagrun for supply_app_dag to 2024-10-01 00:00:00+00:00, run_after=2024-10-02 00:00:00+00:00
[2024-10-01T00:08:14.328+0000] {processor.py:183} INFO - Processing /opt/airflow/dags/supply_chain_dag.py took 0.196 seconds
[2024-10-01T00:08:44.433+0000] {processor.py:161} INFO - Started process (PID=1863) to work on /opt/airflow/dags/supply_chain_dag.py
[2024-10-01T00:08:44.436+0000] {processor.py:830} INFO - Processing file /opt/airflow/dags/supply_chain_dag.py for tasks to queue
[2024-10-01T00:08:44.443+0000] {logging_mixin.py:188} INFO - [2024-10-01T00:08:44.442+0000] {dagbag.py:538} INFO - Filling up the DagBag from /opt/airflow/dags/supply_chain_dag.py
[2024-10-01T00:08:44.469+0000] {processor.py:840} INFO - DAG(s) 'supply_app_dag' retrieved from /opt/airflow/dags/supply_chain_dag.py
[2024-10-01T00:08:44.520+0000] {logging_mixin.py:188} INFO - [2024-10-01T00:08:44.519+0000] {dag.py:3036} INFO - Sync 1 DAGs
[2024-10-01T00:08:44.586+0000] {logging_mixin.py:188} INFO - [2024-10-01T00:08:44.586+0000] {dag.py:3823} INFO - Setting next_dagrun for supply_app_dag to 2024-10-01 00:00:00+00:00, run_after=2024-10-02 00:00:00+00:00
[2024-10-01T00:08:44.634+0000] {processor.py:183} INFO - Processing /opt/airflow/dags/supply_chain_dag.py took 0.209 seconds
[2024-10-01T00:09:15.272+0000] {processor.py:161} INFO - Started process (PID=1921) to work on /opt/airflow/dags/supply_chain_dag.py
[2024-10-01T00:09:15.285+0000] {processor.py:830} INFO - Processing file /opt/airflow/dags/supply_chain_dag.py for tasks to queue
[2024-10-01T00:09:15.345+0000] {logging_mixin.py:188} INFO - [2024-10-01T00:09:15.335+0000] {dagbag.py:538} INFO - Filling up the DagBag from /opt/airflow/dags/supply_chain_dag.py
[2024-10-01T00:09:15.548+0000] {processor.py:840} INFO - DAG(s) 'supply_app_dag' retrieved from /opt/airflow/dags/supply_chain_dag.py
[2024-10-01T00:09:15.883+0000] {logging_mixin.py:188} INFO - [2024-10-01T00:09:15.879+0000] {dag.py:3036} INFO - Sync 1 DAGs
[2024-10-01T00:09:16.273+0000] {logging_mixin.py:188} INFO - [2024-10-01T00:09:16.271+0000] {dag.py:3823} INFO - Setting next_dagrun for supply_app_dag to 2024-10-01 00:00:00+00:00, run_after=2024-10-02 00:00:00+00:00
[2024-10-01T00:09:16.521+0000] {processor.py:183} INFO - Processing /opt/airflow/dags/supply_chain_dag.py took 1.292 seconds
[2024-10-01T00:09:46.709+0000] {processor.py:161} INFO - Started process (PID=1986) to work on /opt/airflow/dags/supply_chain_dag.py
[2024-10-01T00:09:46.715+0000] {processor.py:830} INFO - Processing file /opt/airflow/dags/supply_chain_dag.py for tasks to queue
[2024-10-01T00:09:46.728+0000] {logging_mixin.py:188} INFO - [2024-10-01T00:09:46.726+0000] {dagbag.py:538} INFO - Filling up the DagBag from /opt/airflow/dags/supply_chain_dag.py
[2024-10-01T00:09:46.772+0000] {processor.py:840} INFO - DAG(s) 'supply_app_dag' retrieved from /opt/airflow/dags/supply_chain_dag.py
[2024-10-01T00:09:46.881+0000] {logging_mixin.py:188} INFO - [2024-10-01T00:09:46.880+0000] {dag.py:3036} INFO - Sync 1 DAGs
[2024-10-01T00:09:47.020+0000] {logging_mixin.py:188} INFO - [2024-10-01T00:09:47.019+0000] {dag.py:3823} INFO - Setting next_dagrun for supply_app_dag to 2024-10-01 00:00:00+00:00, run_after=2024-10-02 00:00:00+00:00
[2024-10-01T00:09:47.097+0000] {processor.py:183} INFO - Processing /opt/airflow/dags/supply_chain_dag.py took 0.405 seconds
[2024-10-01T00:10:33.452+0000] {processor.py:161} INFO - Started process (PID=2052) to work on /opt/airflow/dags/supply_chain_dag.py
[2024-10-01T00:10:33.487+0000] {processor.py:830} INFO - Processing file /opt/airflow/dags/supply_chain_dag.py for tasks to queue
[2024-10-01T00:10:33.573+0000] {logging_mixin.py:188} INFO - [2024-10-01T00:10:33.566+0000] {dagbag.py:538} INFO - Filling up the DagBag from /opt/airflow/dags/supply_chain_dag.py
[2024-10-01T00:10:33.820+0000] {processor.py:840} INFO - DAG(s) 'supply_app_dag' retrieved from /opt/airflow/dags/supply_chain_dag.py
[2024-10-01T00:10:34.646+0000] {logging_mixin.py:188} INFO - [2024-10-01T00:10:34.642+0000] {dag.py:3036} INFO - Sync 1 DAGs
[2024-10-01T00:10:35.305+0000] {logging_mixin.py:188} INFO - [2024-10-01T00:10:35.302+0000] {dag.py:3823} INFO - Setting next_dagrun for supply_app_dag to 2024-10-01 00:00:00+00:00, run_after=2024-10-02 00:00:00+00:00
[2024-10-01T00:10:35.604+0000] {processor.py:183} INFO - Processing /opt/airflow/dags/supply_chain_dag.py took 2.206 seconds
[2024-10-01T00:11:17.212+0000] {processor.py:161} INFO - Started process (PID=2114) to work on /opt/airflow/dags/supply_chain_dag.py
[2024-10-01T00:11:17.220+0000] {processor.py:830} INFO - Processing file /opt/airflow/dags/supply_chain_dag.py for tasks to queue
[2024-10-01T00:11:17.242+0000] {logging_mixin.py:188} INFO - [2024-10-01T00:11:17.240+0000] {dagbag.py:538} INFO - Filling up the DagBag from /opt/airflow/dags/supply_chain_dag.py
[2024-10-01T00:11:17.339+0000] {processor.py:840} INFO - DAG(s) 'supply_app_dag' retrieved from /opt/airflow/dags/supply_chain_dag.py
[2024-10-01T00:11:17.583+0000] {logging_mixin.py:188} INFO - [2024-10-01T00:11:17.581+0000] {dag.py:3036} INFO - Sync 1 DAGs
[2024-10-01T00:11:17.880+0000] {logging_mixin.py:188} INFO - [2024-10-01T00:11:17.878+0000] {dag.py:3823} INFO - Setting next_dagrun for supply_app_dag to 2024-10-01 00:00:00+00:00, run_after=2024-10-02 00:00:00+00:00
[2024-10-01T00:11:18.102+0000] {processor.py:183} INFO - Processing /opt/airflow/dags/supply_chain_dag.py took 0.920 seconds
[2024-10-01T00:11:49.916+0000] {processor.py:161} INFO - Started process (PID=2179) to work on /opt/airflow/dags/supply_chain_dag.py
[2024-10-01T00:11:49.927+0000] {processor.py:830} INFO - Processing file /opt/airflow/dags/supply_chain_dag.py for tasks to queue
[2024-10-01T00:11:49.946+0000] {logging_mixin.py:188} INFO - [2024-10-01T00:11:49.943+0000] {dagbag.py:538} INFO - Filling up the DagBag from /opt/airflow/dags/supply_chain_dag.py
[2024-10-01T00:11:50.071+0000] {processor.py:840} INFO - DAG(s) 'supply_app_dag' retrieved from /opt/airflow/dags/supply_chain_dag.py
[2024-10-01T00:11:50.335+0000] {logging_mixin.py:188} INFO - [2024-10-01T00:11:50.333+0000] {dag.py:3036} INFO - Sync 1 DAGs
[2024-10-01T00:11:50.660+0000] {logging_mixin.py:188} INFO - [2024-10-01T00:11:50.658+0000] {dag.py:3823} INFO - Setting next_dagrun for supply_app_dag to 2024-10-01 00:00:00+00:00, run_after=2024-10-02 00:00:00+00:00
[2024-10-01T00:11:50.862+0000] {processor.py:183} INFO - Processing /opt/airflow/dags/supply_chain_dag.py took 0.984 seconds
[2024-10-01T00:12:21.368+0000] {processor.py:161} INFO - Started process (PID=2237) to work on /opt/airflow/dags/supply_chain_dag.py
[2024-10-01T00:12:21.372+0000] {processor.py:830} INFO - Processing file /opt/airflow/dags/supply_chain_dag.py for tasks to queue
[2024-10-01T00:12:21.378+0000] {logging_mixin.py:188} INFO - [2024-10-01T00:12:21.377+0000] {dagbag.py:538} INFO - Filling up the DagBag from /opt/airflow/dags/supply_chain_dag.py
[2024-10-01T00:12:21.409+0000] {processor.py:840} INFO - DAG(s) 'supply_app_dag' retrieved from /opt/airflow/dags/supply_chain_dag.py
[2024-10-01T00:12:21.494+0000] {logging_mixin.py:188} INFO - [2024-10-01T00:12:21.494+0000] {dag.py:3036} INFO - Sync 1 DAGs
[2024-10-01T00:12:21.592+0000] {logging_mixin.py:188} INFO - [2024-10-01T00:12:21.591+0000] {dag.py:3823} INFO - Setting next_dagrun for supply_app_dag to 2024-10-01 00:00:00+00:00, run_after=2024-10-02 00:00:00+00:00
[2024-10-01T00:12:21.667+0000] {processor.py:183} INFO - Processing /opt/airflow/dags/supply_chain_dag.py took 0.310 seconds
[2024-10-01T00:12:52.069+0000] {processor.py:161} INFO - Started process (PID=2303) to work on /opt/airflow/dags/supply_chain_dag.py
[2024-10-01T00:12:52.076+0000] {processor.py:830} INFO - Processing file /opt/airflow/dags/supply_chain_dag.py for tasks to queue
[2024-10-01T00:12:52.082+0000] {logging_mixin.py:188} INFO - [2024-10-01T00:12:52.081+0000] {dagbag.py:538} INFO - Filling up the DagBag from /opt/airflow/dags/supply_chain_dag.py
[2024-10-01T00:12:52.110+0000] {processor.py:840} INFO - DAG(s) 'supply_app_dag' retrieved from /opt/airflow/dags/supply_chain_dag.py
[2024-10-01T00:12:52.176+0000] {logging_mixin.py:188} INFO - [2024-10-01T00:12:52.175+0000] {dag.py:3036} INFO - Sync 1 DAGs
[2024-10-01T00:12:52.259+0000] {logging_mixin.py:188} INFO - [2024-10-01T00:12:52.259+0000] {dag.py:3823} INFO - Setting next_dagrun for supply_app_dag to 2024-10-01 00:00:00+00:00, run_after=2024-10-02 00:00:00+00:00
[2024-10-01T00:12:52.323+0000] {processor.py:183} INFO - Processing /opt/airflow/dags/supply_chain_dag.py took 0.264 seconds
[2024-10-01T00:13:22.411+0000] {processor.py:161} INFO - Started process (PID=2369) to work on /opt/airflow/dags/supply_chain_dag.py
[2024-10-01T00:13:22.415+0000] {processor.py:830} INFO - Processing file /opt/airflow/dags/supply_chain_dag.py for tasks to queue
[2024-10-01T00:13:22.423+0000] {logging_mixin.py:188} INFO - [2024-10-01T00:13:22.422+0000] {dagbag.py:538} INFO - Filling up the DagBag from /opt/airflow/dags/supply_chain_dag.py
[2024-10-01T00:13:22.464+0000] {processor.py:840} INFO - DAG(s) 'supply_app_dag' retrieved from /opt/airflow/dags/supply_chain_dag.py
[2024-10-01T00:13:22.564+0000] {logging_mixin.py:188} INFO - [2024-10-01T00:13:22.563+0000] {dag.py:3036} INFO - Sync 1 DAGs
[2024-10-01T00:13:22.694+0000] {logging_mixin.py:188} INFO - [2024-10-01T00:13:22.692+0000] {dag.py:3823} INFO - Setting next_dagrun for supply_app_dag to 2024-10-01 00:00:00+00:00, run_after=2024-10-02 00:00:00+00:00
[2024-10-01T00:13:23.235+0000] {processor.py:183} INFO - Processing /opt/airflow/dags/supply_chain_dag.py took 0.841 seconds
[2024-10-01T00:13:53.840+0000] {processor.py:161} INFO - Started process (PID=2435) to work on /opt/airflow/dags/supply_chain_dag.py
[2024-10-01T00:13:53.843+0000] {processor.py:830} INFO - Processing file /opt/airflow/dags/supply_chain_dag.py for tasks to queue
[2024-10-01T00:13:53.846+0000] {logging_mixin.py:188} INFO - [2024-10-01T00:13:53.846+0000] {dagbag.py:538} INFO - Filling up the DagBag from /opt/airflow/dags/supply_chain_dag.py
[2024-10-01T00:13:53.861+0000] {processor.py:840} INFO - DAG(s) 'supply_app_dag' retrieved from /opt/airflow/dags/supply_chain_dag.py
[2024-10-01T00:13:53.898+0000] {logging_mixin.py:188} INFO - [2024-10-01T00:13:53.898+0000] {dag.py:3036} INFO - Sync 1 DAGs
[2024-10-01T00:13:53.944+0000] {logging_mixin.py:188} INFO - [2024-10-01T00:13:53.943+0000] {dag.py:3823} INFO - Setting next_dagrun for supply_app_dag to 2024-10-01 00:00:00+00:00, run_after=2024-10-02 00:00:00+00:00
[2024-10-01T00:13:53.978+0000] {processor.py:183} INFO - Processing /opt/airflow/dags/supply_chain_dag.py took 0.143 seconds
[2024-10-01T00:14:24.631+0000] {processor.py:161} INFO - Started process (PID=2501) to work on /opt/airflow/dags/supply_chain_dag.py
[2024-10-01T00:14:24.635+0000] {processor.py:830} INFO - Processing file /opt/airflow/dags/supply_chain_dag.py for tasks to queue
[2024-10-01T00:14:24.639+0000] {logging_mixin.py:188} INFO - [2024-10-01T00:14:24.639+0000] {dagbag.py:538} INFO - Filling up the DagBag from /opt/airflow/dags/supply_chain_dag.py
[2024-10-01T00:14:24.659+0000] {processor.py:840} INFO - DAG(s) 'supply_app_dag' retrieved from /opt/airflow/dags/supply_chain_dag.py
[2024-10-01T00:14:24.704+0000] {logging_mixin.py:188} INFO - [2024-10-01T00:14:24.704+0000] {dag.py:3036} INFO - Sync 1 DAGs
[2024-10-01T00:14:24.762+0000] {logging_mixin.py:188} INFO - [2024-10-01T00:14:24.761+0000] {dag.py:3823} INFO - Setting next_dagrun for supply_app_dag to 2024-10-01 00:00:00+00:00, run_after=2024-10-02 00:00:00+00:00
[2024-10-01T00:14:24.803+0000] {processor.py:183} INFO - Processing /opt/airflow/dags/supply_chain_dag.py took 0.180 seconds
[2024-10-01T00:14:55.235+0000] {processor.py:161} INFO - Started process (PID=2566) to work on /opt/airflow/dags/supply_chain_dag.py
[2024-10-01T00:14:55.237+0000] {processor.py:830} INFO - Processing file /opt/airflow/dags/supply_chain_dag.py for tasks to queue
[2024-10-01T00:14:55.240+0000] {logging_mixin.py:188} INFO - [2024-10-01T00:14:55.240+0000] {dagbag.py:538} INFO - Filling up the DagBag from /opt/airflow/dags/supply_chain_dag.py
[2024-10-01T00:14:55.256+0000] {processor.py:840} INFO - DAG(s) 'supply_app_dag' retrieved from /opt/airflow/dags/supply_chain_dag.py
[2024-10-01T00:14:55.295+0000] {logging_mixin.py:188} INFO - [2024-10-01T00:14:55.295+0000] {dag.py:3036} INFO - Sync 1 DAGs
[2024-10-01T00:14:55.575+0000] {logging_mixin.py:188} INFO - [2024-10-01T00:14:55.574+0000] {dag.py:3823} INFO - Setting next_dagrun for supply_app_dag to 2024-10-01 00:00:00+00:00, run_after=2024-10-02 00:00:00+00:00
[2024-10-01T00:14:55.618+0000] {processor.py:183} INFO - Processing /opt/airflow/dags/supply_chain_dag.py took 0.390 seconds
[2024-10-01T00:15:25.663+0000] {processor.py:161} INFO - Started process (PID=2632) to work on /opt/airflow/dags/supply_chain_dag.py
[2024-10-01T00:15:25.665+0000] {processor.py:830} INFO - Processing file /opt/airflow/dags/supply_chain_dag.py for tasks to queue
[2024-10-01T00:15:25.668+0000] {logging_mixin.py:188} INFO - [2024-10-01T00:15:25.668+0000] {dagbag.py:538} INFO - Filling up the DagBag from /opt/airflow/dags/supply_chain_dag.py
[2024-10-01T00:15:25.683+0000] {processor.py:840} INFO - DAG(s) 'supply_app_dag' retrieved from /opt/airflow/dags/supply_chain_dag.py
[2024-10-01T00:15:25.718+0000] {logging_mixin.py:188} INFO - [2024-10-01T00:15:25.717+0000] {dag.py:3036} INFO - Sync 1 DAGs
[2024-10-01T00:15:25.761+0000] {logging_mixin.py:188} INFO - [2024-10-01T00:15:25.760+0000] {dag.py:3823} INFO - Setting next_dagrun for supply_app_dag to 2024-10-01 00:00:00+00:00, run_after=2024-10-02 00:00:00+00:00
[2024-10-01T00:15:25.793+0000] {processor.py:183} INFO - Processing /opt/airflow/dags/supply_chain_dag.py took 0.136 seconds
[2024-10-01T00:15:58.876+0000] {processor.py:161} INFO - Started process (PID=2697) to work on /opt/airflow/dags/supply_chain_dag.py
[2024-10-01T00:15:58.910+0000] {processor.py:830} INFO - Processing file /opt/airflow/dags/supply_chain_dag.py for tasks to queue
[2024-10-01T00:15:58.958+0000] {logging_mixin.py:188} INFO - [2024-10-01T00:15:58.948+0000] {dagbag.py:538} INFO - Filling up the DagBag from /opt/airflow/dags/supply_chain_dag.py
[2024-10-01T00:15:59.147+0000] {processor.py:840} INFO - DAG(s) 'supply_app_dag' retrieved from /opt/airflow/dags/supply_chain_dag.py
[2024-10-01T00:15:59.656+0000] {logging_mixin.py:188} INFO - [2024-10-01T00:15:59.652+0000] {dag.py:3036} INFO - Sync 1 DAGs
[2024-10-01T00:16:00.324+0000] {logging_mixin.py:188} INFO - [2024-10-01T00:16:00.321+0000] {dag.py:3823} INFO - Setting next_dagrun for supply_app_dag to 2024-10-01 00:00:00+00:00, run_after=2024-10-02 00:00:00+00:00
[2024-10-01T00:16:00.651+0000] {processor.py:183} INFO - Processing /opt/airflow/dags/supply_chain_dag.py took 1.885 seconds
[2024-10-01T00:16:33.103+0000] {processor.py:161} INFO - Started process (PID=2730) to work on /opt/airflow/dags/supply_chain_dag.py
[2024-10-01T00:16:33.106+0000] {processor.py:830} INFO - Processing file /opt/airflow/dags/supply_chain_dag.py for tasks to queue
[2024-10-01T00:16:33.113+0000] {logging_mixin.py:188} INFO - [2024-10-01T00:16:33.112+0000] {dagbag.py:538} INFO - Filling up the DagBag from /opt/airflow/dags/supply_chain_dag.py
[2024-10-01T00:16:33.137+0000] {processor.py:840} INFO - DAG(s) 'supply_app_dag' retrieved from /opt/airflow/dags/supply_chain_dag.py
[2024-10-01T00:16:33.187+0000] {logging_mixin.py:188} INFO - [2024-10-01T00:16:33.186+0000] {dag.py:3036} INFO - Sync 1 DAGs
[2024-10-01T00:16:33.551+0000] {logging_mixin.py:188} INFO - [2024-10-01T00:16:33.550+0000] {dag.py:3823} INFO - Setting next_dagrun for supply_app_dag to 2024-10-01 00:00:00+00:00, run_after=2024-10-02 00:00:00+00:00
[2024-10-01T00:16:33.611+0000] {processor.py:183} INFO - Processing /opt/airflow/dags/supply_chain_dag.py took 0.519 seconds
[2024-10-01T00:17:04.424+0000] {processor.py:161} INFO - Started process (PID=2796) to work on /opt/airflow/dags/supply_chain_dag.py
[2024-10-01T00:17:04.426+0000] {processor.py:830} INFO - Processing file /opt/airflow/dags/supply_chain_dag.py for tasks to queue
[2024-10-01T00:17:04.428+0000] {logging_mixin.py:188} INFO - [2024-10-01T00:17:04.427+0000] {dagbag.py:538} INFO - Filling up the DagBag from /opt/airflow/dags/supply_chain_dag.py
[2024-10-01T00:17:04.437+0000] {processor.py:840} INFO - DAG(s) 'supply_app_dag' retrieved from /opt/airflow/dags/supply_chain_dag.py
[2024-10-01T00:17:04.462+0000] {logging_mixin.py:188} INFO - [2024-10-01T00:17:04.462+0000] {dag.py:3036} INFO - Sync 1 DAGs
[2024-10-01T00:17:04.500+0000] {logging_mixin.py:188} INFO - [2024-10-01T00:17:04.499+0000] {dag.py:3823} INFO - Setting next_dagrun for supply_app_dag to 2024-10-01 00:00:00+00:00, run_after=2024-10-02 00:00:00+00:00
[2024-10-01T00:17:04.529+0000] {processor.py:183} INFO - Processing /opt/airflow/dags/supply_chain_dag.py took 0.107 seconds
[2024-10-01T00:17:34.725+0000] {processor.py:161} INFO - Started process (PID=2870) to work on /opt/airflow/dags/supply_chain_dag.py
[2024-10-01T00:17:34.727+0000] {processor.py:830} INFO - Processing file /opt/airflow/dags/supply_chain_dag.py for tasks to queue
[2024-10-01T00:17:34.729+0000] {logging_mixin.py:188} INFO - [2024-10-01T00:17:34.729+0000] {dagbag.py:538} INFO - Filling up the DagBag from /opt/airflow/dags/supply_chain_dag.py
[2024-10-01T00:17:34.741+0000] {processor.py:840} INFO - DAG(s) 'supply_app_dag' retrieved from /opt/airflow/dags/supply_chain_dag.py
[2024-10-01T00:17:34.777+0000] {logging_mixin.py:188} INFO - [2024-10-01T00:17:34.776+0000] {dag.py:3036} INFO - Sync 1 DAGs
[2024-10-01T00:17:34.826+0000] {logging_mixin.py:188} INFO - [2024-10-01T00:17:34.826+0000] {dag.py:3823} INFO - Setting next_dagrun for supply_app_dag to 2024-10-01 00:00:00+00:00, run_after=2024-10-02 00:00:00+00:00
[2024-10-01T00:17:34.856+0000] {processor.py:183} INFO - Processing /opt/airflow/dags/supply_chain_dag.py took 0.136 seconds
[2024-10-01T00:18:05.269+0000] {processor.py:161} INFO - Started process (PID=2936) to work on /opt/airflow/dags/supply_chain_dag.py
[2024-10-01T00:18:05.276+0000] {processor.py:830} INFO - Processing file /opt/airflow/dags/supply_chain_dag.py for tasks to queue
[2024-10-01T00:18:05.279+0000] {logging_mixin.py:188} INFO - [2024-10-01T00:18:05.278+0000] {dagbag.py:538} INFO - Filling up the DagBag from /opt/airflow/dags/supply_chain_dag.py
[2024-10-01T00:18:05.291+0000] {processor.py:840} INFO - DAG(s) 'supply_app_dag' retrieved from /opt/airflow/dags/supply_chain_dag.py
[2024-10-01T00:18:05.318+0000] {logging_mixin.py:188} INFO - [2024-10-01T00:18:05.318+0000] {dag.py:3036} INFO - Sync 1 DAGs
[2024-10-01T00:18:05.357+0000] {logging_mixin.py:188} INFO - [2024-10-01T00:18:05.356+0000] {dag.py:3823} INFO - Setting next_dagrun for supply_app_dag to 2024-10-01 00:00:00+00:00, run_after=2024-10-02 00:00:00+00:00
[2024-10-01T00:18:05.385+0000] {processor.py:183} INFO - Processing /opt/airflow/dags/supply_chain_dag.py took 0.121 seconds
[2024-10-01T00:18:35.424+0000] {processor.py:161} INFO - Started process (PID=3002) to work on /opt/airflow/dags/supply_chain_dag.py
[2024-10-01T00:18:35.426+0000] {processor.py:830} INFO - Processing file /opt/airflow/dags/supply_chain_dag.py for tasks to queue
[2024-10-01T00:18:35.429+0000] {logging_mixin.py:188} INFO - [2024-10-01T00:18:35.428+0000] {dagbag.py:538} INFO - Filling up the DagBag from /opt/airflow/dags/supply_chain_dag.py
[2024-10-01T00:18:35.443+0000] {processor.py:840} INFO - DAG(s) 'supply_app_dag' retrieved from /opt/airflow/dags/supply_chain_dag.py
[2024-10-01T00:18:35.477+0000] {logging_mixin.py:188} INFO - [2024-10-01T00:18:35.477+0000] {dag.py:3036} INFO - Sync 1 DAGs
[2024-10-01T00:18:35.519+0000] {logging_mixin.py:188} INFO - [2024-10-01T00:18:35.519+0000] {dag.py:3823} INFO - Setting next_dagrun for supply_app_dag to 2024-10-01 00:00:00+00:00, run_after=2024-10-02 00:00:00+00:00
[2024-10-01T00:18:35.554+0000] {processor.py:183} INFO - Processing /opt/airflow/dags/supply_chain_dag.py took 0.136 seconds
[2024-10-01T00:19:05.735+0000] {processor.py:161} INFO - Started process (PID=3069) to work on /opt/airflow/dags/supply_chain_dag.py
[2024-10-01T00:19:05.737+0000] {processor.py:830} INFO - Processing file /opt/airflow/dags/supply_chain_dag.py for tasks to queue
[2024-10-01T00:19:05.739+0000] {logging_mixin.py:188} INFO - [2024-10-01T00:19:05.739+0000] {dagbag.py:538} INFO - Filling up the DagBag from /opt/airflow/dags/supply_chain_dag.py
[2024-10-01T00:19:05.752+0000] {processor.py:840} INFO - DAG(s) 'supply_app_dag' retrieved from /opt/airflow/dags/supply_chain_dag.py
[2024-10-01T00:19:05.785+0000] {logging_mixin.py:188} INFO - [2024-10-01T00:19:05.784+0000] {dag.py:3036} INFO - Sync 1 DAGs
[2024-10-01T00:19:05.825+0000] {logging_mixin.py:188} INFO - [2024-10-01T00:19:05.824+0000] {dag.py:3823} INFO - Setting next_dagrun for supply_app_dag to 2024-10-01 00:00:00+00:00, run_after=2024-10-02 00:00:00+00:00
[2024-10-01T00:19:05.858+0000] {processor.py:183} INFO - Processing /opt/airflow/dags/supply_chain_dag.py took 0.128 seconds
[2024-10-01T00:19:36.054+0000] {processor.py:161} INFO - Started process (PID=3143) to work on /opt/airflow/dags/supply_chain_dag.py
[2024-10-01T00:19:36.056+0000] {processor.py:830} INFO - Processing file /opt/airflow/dags/supply_chain_dag.py for tasks to queue
[2024-10-01T00:19:36.059+0000] {logging_mixin.py:188} INFO - [2024-10-01T00:19:36.059+0000] {dagbag.py:538} INFO - Filling up the DagBag from /opt/airflow/dags/supply_chain_dag.py
[2024-10-01T00:19:36.081+0000] {processor.py:840} INFO - DAG(s) 'supply_app_dag' retrieved from /opt/airflow/dags/supply_chain_dag.py
[2024-10-01T00:19:36.117+0000] {logging_mixin.py:188} INFO - [2024-10-01T00:19:36.117+0000] {dag.py:3036} INFO - Sync 1 DAGs
[2024-10-01T00:19:36.166+0000] {logging_mixin.py:188} INFO - [2024-10-01T00:19:36.166+0000] {dag.py:3823} INFO - Setting next_dagrun for supply_app_dag to 2024-10-01 00:00:00+00:00, run_after=2024-10-02 00:00:00+00:00
[2024-10-01T00:19:36.196+0000] {processor.py:183} INFO - Processing /opt/airflow/dags/supply_chain_dag.py took 0.148 seconds
[2024-10-01T00:20:06.927+0000] {processor.py:161} INFO - Started process (PID=3207) to work on /opt/airflow/dags/supply_chain_dag.py
[2024-10-01T00:20:06.930+0000] {processor.py:830} INFO - Processing file /opt/airflow/dags/supply_chain_dag.py for tasks to queue
[2024-10-01T00:20:06.937+0000] {logging_mixin.py:188} INFO - [2024-10-01T00:20:06.936+0000] {dagbag.py:538} INFO - Filling up the DagBag from /opt/airflow/dags/supply_chain_dag.py
[2024-10-01T00:20:06.964+0000] {processor.py:840} INFO - DAG(s) 'supply_app_dag' retrieved from /opt/airflow/dags/supply_chain_dag.py
[2024-10-01T00:20:07.018+0000] {logging_mixin.py:188} INFO - [2024-10-01T00:20:07.017+0000] {dag.py:3036} INFO - Sync 1 DAGs
[2024-10-01T00:20:07.077+0000] {logging_mixin.py:188} INFO - [2024-10-01T00:20:07.077+0000] {dag.py:3823} INFO - Setting next_dagrun for supply_app_dag to 2024-10-01 00:00:00+00:00, run_after=2024-10-02 00:00:00+00:00
[2024-10-01T00:20:07.120+0000] {processor.py:183} INFO - Processing /opt/airflow/dags/supply_chain_dag.py took 0.202 seconds
[2024-10-01T00:20:37.782+0000] {processor.py:161} INFO - Started process (PID=3273) to work on /opt/airflow/dags/supply_chain_dag.py
[2024-10-01T00:20:37.812+0000] {processor.py:830} INFO - Processing file /opt/airflow/dags/supply_chain_dag.py for tasks to queue
[2024-10-01T00:20:37.818+0000] {logging_mixin.py:188} INFO - [2024-10-01T00:20:37.817+0000] {dagbag.py:538} INFO - Filling up the DagBag from /opt/airflow/dags/supply_chain_dag.py
[2024-10-01T00:20:37.845+0000] {processor.py:840} INFO - DAG(s) 'supply_app_dag' retrieved from /opt/airflow/dags/supply_chain_dag.py
[2024-10-01T00:20:37.899+0000] {logging_mixin.py:188} INFO - [2024-10-01T00:20:37.898+0000] {dag.py:3036} INFO - Sync 1 DAGs
[2024-10-01T00:20:37.968+0000] {logging_mixin.py:188} INFO - [2024-10-01T00:20:37.968+0000] {dag.py:3823} INFO - Setting next_dagrun for supply_app_dag to 2024-10-01 00:00:00+00:00, run_after=2024-10-02 00:00:00+00:00
[2024-10-01T00:20:38.028+0000] {processor.py:183} INFO - Processing /opt/airflow/dags/supply_chain_dag.py took 0.256 seconds
[2024-10-01T00:21:08.187+0000] {processor.py:161} INFO - Started process (PID=3339) to work on /opt/airflow/dags/supply_chain_dag.py
[2024-10-01T00:21:08.188+0000] {processor.py:830} INFO - Processing file /opt/airflow/dags/supply_chain_dag.py for tasks to queue
[2024-10-01T00:21:08.190+0000] {logging_mixin.py:188} INFO - [2024-10-01T00:21:08.190+0000] {dagbag.py:538} INFO - Filling up the DagBag from /opt/airflow/dags/supply_chain_dag.py
[2024-10-01T00:21:08.200+0000] {processor.py:840} INFO - DAG(s) 'supply_app_dag' retrieved from /opt/airflow/dags/supply_chain_dag.py
[2024-10-01T00:21:08.231+0000] {logging_mixin.py:188} INFO - [2024-10-01T00:21:08.231+0000] {dag.py:3036} INFO - Sync 1 DAGs
[2024-10-01T00:21:08.276+0000] {logging_mixin.py:188} INFO - [2024-10-01T00:21:08.275+0000] {dag.py:3823} INFO - Setting next_dagrun for supply_app_dag to 2024-10-01 00:00:00+00:00, run_after=2024-10-02 00:00:00+00:00
[2024-10-01T00:21:08.309+0000] {processor.py:183} INFO - Processing /opt/airflow/dags/supply_chain_dag.py took 0.126 seconds
[2024-10-01T00:21:38.948+0000] {processor.py:161} INFO - Started process (PID=3405) to work on /opt/airflow/dags/supply_chain_dag.py
[2024-10-01T00:21:38.950+0000] {processor.py:830} INFO - Processing file /opt/airflow/dags/supply_chain_dag.py for tasks to queue
[2024-10-01T00:21:38.952+0000] {logging_mixin.py:188} INFO - [2024-10-01T00:21:38.952+0000] {dagbag.py:538} INFO - Filling up the DagBag from /opt/airflow/dags/supply_chain_dag.py
[2024-10-01T00:21:38.961+0000] {processor.py:840} INFO - DAG(s) 'supply_app_dag' retrieved from /opt/airflow/dags/supply_chain_dag.py
[2024-10-01T00:21:38.983+0000] {logging_mixin.py:188} INFO - [2024-10-01T00:21:38.982+0000] {dag.py:3036} INFO - Sync 1 DAGs
[2024-10-01T00:21:39.013+0000] {logging_mixin.py:188} INFO - [2024-10-01T00:21:39.012+0000] {dag.py:3823} INFO - Setting next_dagrun for supply_app_dag to 2024-10-01 00:00:00+00:00, run_after=2024-10-02 00:00:00+00:00
[2024-10-01T00:21:39.039+0000] {processor.py:183} INFO - Processing /opt/airflow/dags/supply_chain_dag.py took 0.093 seconds
[2024-10-01T00:22:09.598+0000] {processor.py:161} INFO - Started process (PID=3471) to work on /opt/airflow/dags/supply_chain_dag.py
[2024-10-01T00:22:09.599+0000] {processor.py:830} INFO - Processing file /opt/airflow/dags/supply_chain_dag.py for tasks to queue
[2024-10-01T00:22:09.602+0000] {logging_mixin.py:188} INFO - [2024-10-01T00:22:09.601+0000] {dagbag.py:538} INFO - Filling up the DagBag from /opt/airflow/dags/supply_chain_dag.py
[2024-10-01T00:22:09.614+0000] {processor.py:840} INFO - DAG(s) 'supply_app_dag' retrieved from /opt/airflow/dags/supply_chain_dag.py
[2024-10-01T00:22:09.651+0000] {logging_mixin.py:188} INFO - [2024-10-01T00:22:09.651+0000] {dag.py:3036} INFO - Sync 1 DAGs
[2024-10-01T00:22:09.697+0000] {logging_mixin.py:188} INFO - [2024-10-01T00:22:09.697+0000] {dag.py:3823} INFO - Setting next_dagrun for supply_app_dag to 2024-10-01 00:00:00+00:00, run_after=2024-10-02 00:00:00+00:00
[2024-10-01T00:22:09.728+0000] {processor.py:183} INFO - Processing /opt/airflow/dags/supply_chain_dag.py took 0.134 seconds
[2024-10-01T00:22:40.196+0000] {processor.py:161} INFO - Started process (PID=3538) to work on /opt/airflow/dags/supply_chain_dag.py
[2024-10-01T00:22:40.200+0000] {processor.py:830} INFO - Processing file /opt/airflow/dags/supply_chain_dag.py for tasks to queue
[2024-10-01T00:22:40.203+0000] {logging_mixin.py:188} INFO - [2024-10-01T00:22:40.202+0000] {dagbag.py:538} INFO - Filling up the DagBag from /opt/airflow/dags/supply_chain_dag.py
[2024-10-01T00:22:40.217+0000] {processor.py:840} INFO - DAG(s) 'supply_app_dag' retrieved from /opt/airflow/dags/supply_chain_dag.py
[2024-10-01T00:22:40.257+0000] {logging_mixin.py:188} INFO - [2024-10-01T00:22:40.257+0000] {dag.py:3036} INFO - Sync 1 DAGs
[2024-10-01T00:22:40.307+0000] {logging_mixin.py:188} INFO - [2024-10-01T00:22:40.306+0000] {dag.py:3823} INFO - Setting next_dagrun for supply_app_dag to 2024-10-01 00:00:00+00:00, run_after=2024-10-02 00:00:00+00:00
[2024-10-01T00:22:40.345+0000] {processor.py:183} INFO - Processing /opt/airflow/dags/supply_chain_dag.py took 0.153 seconds
[2024-10-01T00:23:10.611+0000] {processor.py:161} INFO - Started process (PID=3605) to work on /opt/airflow/dags/supply_chain_dag.py
[2024-10-01T00:23:10.616+0000] {processor.py:830} INFO - Processing file /opt/airflow/dags/supply_chain_dag.py for tasks to queue
[2024-10-01T00:23:10.619+0000] {logging_mixin.py:188} INFO - [2024-10-01T00:23:10.618+0000] {dagbag.py:538} INFO - Filling up the DagBag from /opt/airflow/dags/supply_chain_dag.py
[2024-10-01T00:23:10.635+0000] {processor.py:840} INFO - DAG(s) 'supply_app_dag' retrieved from /opt/airflow/dags/supply_chain_dag.py
[2024-10-01T00:23:10.693+0000] {logging_mixin.py:188} INFO - [2024-10-01T00:23:10.692+0000] {dag.py:3036} INFO - Sync 1 DAGs
[2024-10-01T00:23:10.751+0000] {logging_mixin.py:188} INFO - [2024-10-01T00:23:10.751+0000] {dag.py:3823} INFO - Setting next_dagrun for supply_app_dag to 2024-10-01 00:00:00+00:00, run_after=2024-10-02 00:00:00+00:00
[2024-10-01T00:23:10.786+0000] {processor.py:183} INFO - Processing /opt/airflow/dags/supply_chain_dag.py took 0.179 seconds
[2024-10-01T00:23:40.835+0000] {processor.py:161} INFO - Started process (PID=3671) to work on /opt/airflow/dags/supply_chain_dag.py
[2024-10-01T00:23:40.839+0000] {processor.py:830} INFO - Processing file /opt/airflow/dags/supply_chain_dag.py for tasks to queue
[2024-10-01T00:23:40.841+0000] {logging_mixin.py:188} INFO - [2024-10-01T00:23:40.841+0000] {dagbag.py:538} INFO - Filling up the DagBag from /opt/airflow/dags/supply_chain_dag.py
[2024-10-01T00:23:40.852+0000] {processor.py:840} INFO - DAG(s) 'supply_app_dag' retrieved from /opt/airflow/dags/supply_chain_dag.py
[2024-10-01T00:23:40.883+0000] {logging_mixin.py:188} INFO - [2024-10-01T00:23:40.883+0000] {dag.py:3036} INFO - Sync 1 DAGs
[2024-10-01T00:23:40.934+0000] {logging_mixin.py:188} INFO - [2024-10-01T00:23:40.934+0000] {dag.py:3823} INFO - Setting next_dagrun for supply_app_dag to 2024-10-01 00:00:00+00:00, run_after=2024-10-02 00:00:00+00:00
[2024-10-01T00:23:40.964+0000] {processor.py:183} INFO - Processing /opt/airflow/dags/supply_chain_dag.py took 0.133 seconds
[2024-10-01T00:24:11.411+0000] {processor.py:161} INFO - Started process (PID=3737) to work on /opt/airflow/dags/supply_chain_dag.py
[2024-10-01T00:24:11.418+0000] {processor.py:830} INFO - Processing file /opt/airflow/dags/supply_chain_dag.py for tasks to queue
[2024-10-01T00:24:11.421+0000] {logging_mixin.py:188} INFO - [2024-10-01T00:24:11.421+0000] {dagbag.py:538} INFO - Filling up the DagBag from /opt/airflow/dags/supply_chain_dag.py
[2024-10-01T00:24:11.440+0000] {processor.py:840} INFO - DAG(s) 'supply_app_dag' retrieved from /opt/airflow/dags/supply_chain_dag.py
[2024-10-01T00:24:11.484+0000] {logging_mixin.py:188} INFO - [2024-10-01T00:24:11.483+0000] {dag.py:3036} INFO - Sync 1 DAGs
[2024-10-01T00:24:11.537+0000] {logging_mixin.py:188} INFO - [2024-10-01T00:24:11.537+0000] {dag.py:3823} INFO - Setting next_dagrun for supply_app_dag to 2024-10-01 00:00:00+00:00, run_after=2024-10-02 00:00:00+00:00
[2024-10-01T00:24:11.576+0000] {processor.py:183} INFO - Processing /opt/airflow/dags/supply_chain_dag.py took 0.173 seconds
[2024-10-01T00:24:41.784+0000] {processor.py:161} INFO - Started process (PID=3803) to work on /opt/airflow/dags/supply_chain_dag.py
[2024-10-01T00:24:41.791+0000] {processor.py:830} INFO - Processing file /opt/airflow/dags/supply_chain_dag.py for tasks to queue
[2024-10-01T00:24:41.796+0000] {logging_mixin.py:188} INFO - [2024-10-01T00:24:41.795+0000] {dagbag.py:538} INFO - Filling up the DagBag from /opt/airflow/dags/supply_chain_dag.py
[2024-10-01T00:24:41.826+0000] {processor.py:840} INFO - DAG(s) 'supply_app_dag' retrieved from /opt/airflow/dags/supply_chain_dag.py
[2024-10-01T00:24:41.892+0000] {logging_mixin.py:188} INFO - [2024-10-01T00:24:41.891+0000] {dag.py:3036} INFO - Sync 1 DAGs
[2024-10-01T00:24:41.973+0000] {logging_mixin.py:188} INFO - [2024-10-01T00:24:41.972+0000] {dag.py:3823} INFO - Setting next_dagrun for supply_app_dag to 2024-10-01 00:00:00+00:00, run_after=2024-10-02 00:00:00+00:00
[2024-10-01T00:24:42.034+0000] {processor.py:183} INFO - Processing /opt/airflow/dags/supply_chain_dag.py took 0.260 seconds
[2024-10-01T00:25:12.375+0000] {processor.py:161} INFO - Started process (PID=3867) to work on /opt/airflow/dags/supply_chain_dag.py
[2024-10-01T00:25:12.377+0000] {processor.py:830} INFO - Processing file /opt/airflow/dags/supply_chain_dag.py for tasks to queue
[2024-10-01T00:25:12.381+0000] {logging_mixin.py:188} INFO - [2024-10-01T00:25:12.380+0000] {dagbag.py:538} INFO - Filling up the DagBag from /opt/airflow/dags/supply_chain_dag.py
[2024-10-01T00:25:12.398+0000] {processor.py:840} INFO - DAG(s) 'supply_app_dag' retrieved from /opt/airflow/dags/supply_chain_dag.py
[2024-10-01T00:25:12.444+0000] {logging_mixin.py:188} INFO - [2024-10-01T00:25:12.444+0000] {dag.py:3036} INFO - Sync 1 DAGs
[2024-10-01T00:25:12.507+0000] {logging_mixin.py:188} INFO - [2024-10-01T00:25:12.507+0000] {dag.py:3823} INFO - Setting next_dagrun for supply_app_dag to 2024-10-01 00:00:00+00:00, run_after=2024-10-02 00:00:00+00:00
[2024-10-01T00:25:12.548+0000] {processor.py:183} INFO - Processing /opt/airflow/dags/supply_chain_dag.py took 0.179 seconds
[2024-10-01T00:25:42.681+0000] {processor.py:161} INFO - Started process (PID=3933) to work on /opt/airflow/dags/supply_chain_dag.py
[2024-10-01T00:25:42.684+0000] {processor.py:830} INFO - Processing file /opt/airflow/dags/supply_chain_dag.py for tasks to queue
[2024-10-01T00:25:42.689+0000] {logging_mixin.py:188} INFO - [2024-10-01T00:25:42.688+0000] {dagbag.py:538} INFO - Filling up the DagBag from /opt/airflow/dags/supply_chain_dag.py
[2024-10-01T00:25:42.713+0000] {processor.py:840} INFO - DAG(s) 'supply_app_dag' retrieved from /opt/airflow/dags/supply_chain_dag.py
[2024-10-01T00:25:42.771+0000] {logging_mixin.py:188} INFO - [2024-10-01T00:25:42.770+0000] {dag.py:3036} INFO - Sync 1 DAGs
[2024-10-01T00:25:42.842+0000] {logging_mixin.py:188} INFO - [2024-10-01T00:25:42.841+0000] {dag.py:3823} INFO - Setting next_dagrun for supply_app_dag to 2024-10-01 00:00:00+00:00, run_after=2024-10-02 00:00:00+00:00
[2024-10-01T00:25:42.892+0000] {processor.py:183} INFO - Processing /opt/airflow/dags/supply_chain_dag.py took 0.220 seconds
[2024-10-01T00:26:13.084+0000] {processor.py:161} INFO - Started process (PID=3999) to work on /opt/airflow/dags/supply_chain_dag.py
[2024-10-01T00:26:13.086+0000] {processor.py:830} INFO - Processing file /opt/airflow/dags/supply_chain_dag.py for tasks to queue
[2024-10-01T00:26:13.088+0000] {logging_mixin.py:188} INFO - [2024-10-01T00:26:13.088+0000] {dagbag.py:538} INFO - Filling up the DagBag from /opt/airflow/dags/supply_chain_dag.py
[2024-10-01T00:26:13.101+0000] {processor.py:840} INFO - DAG(s) 'supply_app_dag' retrieved from /opt/airflow/dags/supply_chain_dag.py
[2024-10-01T00:26:13.133+0000] {logging_mixin.py:188} INFO - [2024-10-01T00:26:13.132+0000] {dag.py:3036} INFO - Sync 1 DAGs
[2024-10-01T00:26:13.172+0000] {logging_mixin.py:188} INFO - [2024-10-01T00:26:13.171+0000] {dag.py:3823} INFO - Setting next_dagrun for supply_app_dag to 2024-10-01 00:00:00+00:00, run_after=2024-10-02 00:00:00+00:00
[2024-10-01T00:26:13.202+0000] {processor.py:183} INFO - Processing /opt/airflow/dags/supply_chain_dag.py took 0.123 seconds
[2024-10-01T00:26:43.822+0000] {processor.py:161} INFO - Started process (PID=4065) to work on /opt/airflow/dags/supply_chain_dag.py
[2024-10-01T00:26:43.825+0000] {processor.py:830} INFO - Processing file /opt/airflow/dags/supply_chain_dag.py for tasks to queue
[2024-10-01T00:26:43.828+0000] {logging_mixin.py:188} INFO - [2024-10-01T00:26:43.827+0000] {dagbag.py:538} INFO - Filling up the DagBag from /opt/airflow/dags/supply_chain_dag.py
[2024-10-01T00:26:43.846+0000] {processor.py:840} INFO - DAG(s) 'supply_app_dag' retrieved from /opt/airflow/dags/supply_chain_dag.py
[2024-10-01T00:26:43.887+0000] {logging_mixin.py:188} INFO - [2024-10-01T00:26:43.887+0000] {dag.py:3036} INFO - Sync 1 DAGs
[2024-10-01T00:26:43.942+0000] {logging_mixin.py:188} INFO - [2024-10-01T00:26:43.941+0000] {dag.py:3823} INFO - Setting next_dagrun for supply_app_dag to 2024-10-01 00:00:00+00:00, run_after=2024-10-02 00:00:00+00:00
[2024-10-01T00:26:43.979+0000] {processor.py:183} INFO - Processing /opt/airflow/dags/supply_chain_dag.py took 0.165 seconds
[2024-10-01T00:27:14.461+0000] {processor.py:161} INFO - Started process (PID=4131) to work on /opt/airflow/dags/supply_chain_dag.py
[2024-10-01T00:27:14.464+0000] {processor.py:830} INFO - Processing file /opt/airflow/dags/supply_chain_dag.py for tasks to queue
[2024-10-01T00:27:14.468+0000] {logging_mixin.py:188} INFO - [2024-10-01T00:27:14.467+0000] {dagbag.py:538} INFO - Filling up the DagBag from /opt/airflow/dags/supply_chain_dag.py
[2024-10-01T00:27:14.486+0000] {processor.py:840} INFO - DAG(s) 'supply_app_dag' retrieved from /opt/airflow/dags/supply_chain_dag.py
[2024-10-01T00:27:14.531+0000] {logging_mixin.py:188} INFO - [2024-10-01T00:27:14.531+0000] {dag.py:3036} INFO - Sync 1 DAGs
[2024-10-01T00:27:14.586+0000] {logging_mixin.py:188} INFO - [2024-10-01T00:27:14.586+0000] {dag.py:3823} INFO - Setting next_dagrun for supply_app_dag to 2024-10-01 00:00:00+00:00, run_after=2024-10-02 00:00:00+00:00
[2024-10-01T00:27:14.625+0000] {processor.py:183} INFO - Processing /opt/airflow/dags/supply_chain_dag.py took 0.172 seconds
[2024-10-01T00:27:44.799+0000] {processor.py:161} INFO - Started process (PID=4197) to work on /opt/airflow/dags/supply_chain_dag.py
[2024-10-01T00:27:44.815+0000] {processor.py:830} INFO - Processing file /opt/airflow/dags/supply_chain_dag.py for tasks to queue
[2024-10-01T00:27:44.842+0000] {logging_mixin.py:188} INFO - [2024-10-01T00:27:44.836+0000] {dagbag.py:538} INFO - Filling up the DagBag from /opt/airflow/dags/supply_chain_dag.py
[2024-10-01T00:27:44.943+0000] {processor.py:840} INFO - DAG(s) 'supply_app_dag' retrieved from /opt/airflow/dags/supply_chain_dag.py
[2024-10-01T00:27:45.122+0000] {logging_mixin.py:188} INFO - [2024-10-01T00:27:45.119+0000] {dag.py:3036} INFO - Sync 1 DAGs
[2024-10-01T00:27:45.346+0000] {logging_mixin.py:188} INFO - [2024-10-01T00:27:45.345+0000] {dag.py:3823} INFO - Setting next_dagrun for supply_app_dag to 2024-10-01 00:00:00+00:00, run_after=2024-10-02 00:00:00+00:00
[2024-10-01T00:27:45.495+0000] {processor.py:183} INFO - Processing /opt/airflow/dags/supply_chain_dag.py took 0.745 seconds
[2024-10-01T00:28:16.045+0000] {processor.py:161} INFO - Started process (PID=4255) to work on /opt/airflow/dags/supply_chain_dag.py
[2024-10-01T00:28:16.050+0000] {processor.py:830} INFO - Processing file /opt/airflow/dags/supply_chain_dag.py for tasks to queue
[2024-10-01T00:28:16.057+0000] {logging_mixin.py:188} INFO - [2024-10-01T00:28:16.056+0000] {dagbag.py:538} INFO - Filling up the DagBag from /opt/airflow/dags/supply_chain_dag.py
[2024-10-01T00:28:16.097+0000] {processor.py:840} INFO - DAG(s) 'supply_app_dag' retrieved from /opt/airflow/dags/supply_chain_dag.py
[2024-10-01T00:28:16.212+0000] {logging_mixin.py:188} INFO - [2024-10-01T00:28:16.210+0000] {dag.py:3036} INFO - Sync 1 DAGs
[2024-10-01T00:28:16.347+0000] {logging_mixin.py:188} INFO - [2024-10-01T00:28:16.346+0000] {dag.py:3823} INFO - Setting next_dagrun for supply_app_dag to 2024-10-01 00:00:00+00:00, run_after=2024-10-02 00:00:00+00:00
[2024-10-01T00:28:16.423+0000] {processor.py:183} INFO - Processing /opt/airflow/dags/supply_chain_dag.py took 0.392 seconds
[2024-10-01T00:28:46.998+0000] {processor.py:161} INFO - Started process (PID=4321) to work on /opt/airflow/dags/supply_chain_dag.py
[2024-10-01T00:28:47.005+0000] {processor.py:830} INFO - Processing file /opt/airflow/dags/supply_chain_dag.py for tasks to queue
[2024-10-01T00:28:47.017+0000] {logging_mixin.py:188} INFO - [2024-10-01T00:28:47.015+0000] {dagbag.py:538} INFO - Filling up the DagBag from /opt/airflow/dags/supply_chain_dag.py
[2024-10-01T00:28:47.062+0000] {processor.py:840} INFO - DAG(s) 'supply_app_dag' retrieved from /opt/airflow/dags/supply_chain_dag.py
[2024-10-01T00:28:47.152+0000] {logging_mixin.py:188} INFO - [2024-10-01T00:28:47.151+0000] {dag.py:3036} INFO - Sync 1 DAGs
[2024-10-01T00:28:47.261+0000] {logging_mixin.py:188} INFO - [2024-10-01T00:28:47.260+0000] {dag.py:3823} INFO - Setting next_dagrun for supply_app_dag to 2024-10-01 00:00:00+00:00, run_after=2024-10-02 00:00:00+00:00
[2024-10-01T00:28:47.329+0000] {processor.py:183} INFO - Processing /opt/airflow/dags/supply_chain_dag.py took 0.353 seconds
[2024-10-01T00:29:17.634+0000] {processor.py:161} INFO - Started process (PID=4385) to work on /opt/airflow/dags/supply_chain_dag.py
[2024-10-01T00:29:17.636+0000] {processor.py:830} INFO - Processing file /opt/airflow/dags/supply_chain_dag.py for tasks to queue
[2024-10-01T00:29:17.640+0000] {logging_mixin.py:188} INFO - [2024-10-01T00:29:17.639+0000] {dagbag.py:538} INFO - Filling up the DagBag from /opt/airflow/dags/supply_chain_dag.py
[2024-10-01T00:29:17.658+0000] {processor.py:840} INFO - DAG(s) 'supply_app_dag' retrieved from /opt/airflow/dags/supply_chain_dag.py
[2024-10-01T00:29:17.703+0000] {logging_mixin.py:188} INFO - [2024-10-01T00:29:17.703+0000] {dag.py:3036} INFO - Sync 1 DAGs
[2024-10-01T00:29:17.756+0000] {logging_mixin.py:188} INFO - [2024-10-01T00:29:17.755+0000] {dag.py:3823} INFO - Setting next_dagrun for supply_app_dag to 2024-10-01 00:00:00+00:00, run_after=2024-10-02 00:00:00+00:00
[2024-10-01T00:29:17.800+0000] {processor.py:183} INFO - Processing /opt/airflow/dags/supply_chain_dag.py took 0.173 seconds
[2024-10-01T00:29:48.089+0000] {processor.py:161} INFO - Started process (PID=4451) to work on /opt/airflow/dags/supply_chain_dag.py
[2024-10-01T00:29:48.091+0000] {processor.py:830} INFO - Processing file /opt/airflow/dags/supply_chain_dag.py for tasks to queue
[2024-10-01T00:29:48.095+0000] {logging_mixin.py:188} INFO - [2024-10-01T00:29:48.094+0000] {dagbag.py:538} INFO - Filling up the DagBag from /opt/airflow/dags/supply_chain_dag.py
[2024-10-01T00:29:48.114+0000] {processor.py:840} INFO - DAG(s) 'supply_app_dag' retrieved from /opt/airflow/dags/supply_chain_dag.py
[2024-10-01T00:29:48.157+0000] {logging_mixin.py:188} INFO - [2024-10-01T00:29:48.156+0000] {dag.py:3036} INFO - Sync 1 DAGs
[2024-10-01T00:29:48.210+0000] {logging_mixin.py:188} INFO - [2024-10-01T00:29:48.210+0000] {dag.py:3823} INFO - Setting next_dagrun for supply_app_dag to 2024-10-01 00:00:00+00:00, run_after=2024-10-02 00:00:00+00:00
[2024-10-01T00:29:48.249+0000] {processor.py:183} INFO - Processing /opt/airflow/dags/supply_chain_dag.py took 0.167 seconds
[2024-10-01T00:30:18.554+0000] {processor.py:161} INFO - Started process (PID=4517) to work on /opt/airflow/dags/supply_chain_dag.py
[2024-10-01T00:30:18.556+0000] {processor.py:830} INFO - Processing file /opt/airflow/dags/supply_chain_dag.py for tasks to queue
[2024-10-01T00:30:18.560+0000] {logging_mixin.py:188} INFO - [2024-10-01T00:30:18.559+0000] {dagbag.py:538} INFO - Filling up the DagBag from /opt/airflow/dags/supply_chain_dag.py
[2024-10-01T00:30:18.577+0000] {processor.py:840} INFO - DAG(s) 'supply_app_dag' retrieved from /opt/airflow/dags/supply_chain_dag.py
[2024-10-01T00:30:18.621+0000] {logging_mixin.py:188} INFO - [2024-10-01T00:30:18.621+0000] {dag.py:3036} INFO - Sync 1 DAGs
[2024-10-01T00:30:18.670+0000] {logging_mixin.py:188} INFO - [2024-10-01T00:30:18.669+0000] {dag.py:3823} INFO - Setting next_dagrun for supply_app_dag to 2024-10-01 00:00:00+00:00, run_after=2024-10-02 00:00:00+00:00
[2024-10-01T00:30:18.709+0000] {processor.py:183} INFO - Processing /opt/airflow/dags/supply_chain_dag.py took 0.161 seconds
[2024-10-01T00:30:48.934+0000] {processor.py:161} INFO - Started process (PID=4583) to work on /opt/airflow/dags/supply_chain_dag.py
[2024-10-01T00:30:48.938+0000] {processor.py:830} INFO - Processing file /opt/airflow/dags/supply_chain_dag.py for tasks to queue
[2024-10-01T00:30:48.943+0000] {logging_mixin.py:188} INFO - [2024-10-01T00:30:48.942+0000] {dagbag.py:538} INFO - Filling up the DagBag from /opt/airflow/dags/supply_chain_dag.py
[2024-10-01T00:30:48.974+0000] {processor.py:840} INFO - DAG(s) 'supply_app_dag' retrieved from /opt/airflow/dags/supply_chain_dag.py
[2024-10-01T00:30:49.041+0000] {logging_mixin.py:188} INFO - [2024-10-01T00:30:49.041+0000] {dag.py:3036} INFO - Sync 1 DAGs
[2024-10-01T00:30:49.122+0000] {logging_mixin.py:188} INFO - [2024-10-01T00:30:49.121+0000] {dag.py:3823} INFO - Setting next_dagrun for supply_app_dag to 2024-10-01 00:00:00+00:00, run_after=2024-10-02 00:00:00+00:00
[2024-10-01T00:30:49.190+0000] {processor.py:183} INFO - Processing /opt/airflow/dags/supply_chain_dag.py took 0.266 seconds
[2024-10-01T00:31:19.416+0000] {processor.py:161} INFO - Started process (PID=4648) to work on /opt/airflow/dags/supply_chain_dag.py
[2024-10-01T00:31:19.422+0000] {processor.py:830} INFO - Processing file /opt/airflow/dags/supply_chain_dag.py for tasks to queue
[2024-10-01T00:31:19.428+0000] {logging_mixin.py:188} INFO - [2024-10-01T00:31:19.427+0000] {dagbag.py:538} INFO - Filling up the DagBag from /opt/airflow/dags/supply_chain_dag.py
[2024-10-01T00:31:19.458+0000] {processor.py:840} INFO - DAG(s) 'supply_app_dag' retrieved from /opt/airflow/dags/supply_chain_dag.py
[2024-10-01T00:31:19.531+0000] {logging_mixin.py:188} INFO - [2024-10-01T00:31:19.531+0000] {dag.py:3036} INFO - Sync 1 DAGs
[2024-10-01T00:31:19.629+0000] {logging_mixin.py:188} INFO - [2024-10-01T00:31:19.628+0000] {dag.py:3823} INFO - Setting next_dagrun for supply_app_dag to 2024-10-01 00:00:00+00:00, run_after=2024-10-02 00:00:00+00:00
[2024-10-01T00:31:19.696+0000] {processor.py:183} INFO - Processing /opt/airflow/dags/supply_chain_dag.py took 0.293 seconds
[2024-10-01T00:31:50.066+0000] {processor.py:161} INFO - Started process (PID=4707) to work on /opt/airflow/dags/supply_chain_dag.py
[2024-10-01T00:31:50.069+0000] {processor.py:830} INFO - Processing file /opt/airflow/dags/supply_chain_dag.py for tasks to queue
[2024-10-01T00:31:50.076+0000] {logging_mixin.py:188} INFO - [2024-10-01T00:31:50.075+0000] {dagbag.py:538} INFO - Filling up the DagBag from /opt/airflow/dags/supply_chain_dag.py
[2024-10-01T00:31:50.105+0000] {processor.py:840} INFO - DAG(s) 'supply_app_dag' retrieved from /opt/airflow/dags/supply_chain_dag.py
[2024-10-01T00:31:50.171+0000] {logging_mixin.py:188} INFO - [2024-10-01T00:31:50.170+0000] {dag.py:3036} INFO - Sync 1 DAGs
[2024-10-01T00:31:50.268+0000] {logging_mixin.py:188} INFO - [2024-10-01T00:31:50.267+0000] {dag.py:3823} INFO - Setting next_dagrun for supply_app_dag to 2024-10-01 00:00:00+00:00, run_after=2024-10-02 00:00:00+00:00
[2024-10-01T00:31:50.336+0000] {processor.py:183} INFO - Processing /opt/airflow/dags/supply_chain_dag.py took 0.282 seconds
[2024-10-01T00:32:20.682+0000] {processor.py:161} INFO - Started process (PID=4773) to work on /opt/airflow/dags/supply_chain_dag.py
[2024-10-01T00:32:20.687+0000] {processor.py:830} INFO - Processing file /opt/airflow/dags/supply_chain_dag.py for tasks to queue
[2024-10-01T00:32:20.694+0000] {logging_mixin.py:188} INFO - [2024-10-01T00:32:20.692+0000] {dagbag.py:538} INFO - Filling up the DagBag from /opt/airflow/dags/supply_chain_dag.py
[2024-10-01T00:32:20.734+0000] {processor.py:840} INFO - DAG(s) 'supply_app_dag' retrieved from /opt/airflow/dags/supply_chain_dag.py
[2024-10-01T00:32:20.842+0000] {logging_mixin.py:188} INFO - [2024-10-01T00:32:20.841+0000] {dag.py:3036} INFO - Sync 1 DAGs
[2024-10-01T00:32:20.979+0000] {logging_mixin.py:188} INFO - [2024-10-01T00:32:20.978+0000] {dag.py:3823} INFO - Setting next_dagrun for supply_app_dag to 2024-10-01 00:00:00+00:00, run_after=2024-10-02 00:00:00+00:00
[2024-10-01T00:32:21.068+0000] {processor.py:183} INFO - Processing /opt/airflow/dags/supply_chain_dag.py took 0.405 seconds
[2024-10-01T00:32:51.264+0000] {processor.py:161} INFO - Started process (PID=4831) to work on /opt/airflow/dags/supply_chain_dag.py
[2024-10-01T00:32:51.267+0000] {processor.py:830} INFO - Processing file /opt/airflow/dags/supply_chain_dag.py for tasks to queue
[2024-10-01T00:32:51.271+0000] {logging_mixin.py:188} INFO - [2024-10-01T00:32:51.270+0000] {dagbag.py:538} INFO - Filling up the DagBag from /opt/airflow/dags/supply_chain_dag.py
[2024-10-01T00:32:51.294+0000] {processor.py:840} INFO - DAG(s) 'supply_app_dag' retrieved from /opt/airflow/dags/supply_chain_dag.py
[2024-10-01T00:32:51.358+0000] {logging_mixin.py:188} INFO - [2024-10-01T00:32:51.357+0000] {dag.py:3036} INFO - Sync 1 DAGs
[2024-10-01T00:32:51.438+0000] {logging_mixin.py:188} INFO - [2024-10-01T00:32:51.437+0000] {dag.py:3823} INFO - Setting next_dagrun for supply_app_dag to 2024-10-01 00:00:00+00:00, run_after=2024-10-02 00:00:00+00:00
[2024-10-01T00:32:51.501+0000] {processor.py:183} INFO - Processing /opt/airflow/dags/supply_chain_dag.py took 0.246 seconds
[2024-10-01T00:33:21.542+0000] {processor.py:161} INFO - Started process (PID=4895) to work on /opt/airflow/dags/supply_chain_dag.py
[2024-10-01T00:33:21.544+0000] {processor.py:830} INFO - Processing file /opt/airflow/dags/supply_chain_dag.py for tasks to queue
[2024-10-01T00:33:21.547+0000] {logging_mixin.py:188} INFO - [2024-10-01T00:33:21.547+0000] {dagbag.py:538} INFO - Filling up the DagBag from /opt/airflow/dags/supply_chain_dag.py
[2024-10-01T00:33:21.563+0000] {processor.py:840} INFO - DAG(s) 'supply_app_dag' retrieved from /opt/airflow/dags/supply_chain_dag.py
[2024-10-01T00:33:21.603+0000] {logging_mixin.py:188} INFO - [2024-10-01T00:33:21.603+0000] {dag.py:3036} INFO - Sync 1 DAGs
[2024-10-01T00:33:21.651+0000] {logging_mixin.py:188} INFO - [2024-10-01T00:33:21.651+0000] {dag.py:3823} INFO - Setting next_dagrun for supply_app_dag to 2024-10-01 00:00:00+00:00, run_after=2024-10-02 00:00:00+00:00
[2024-10-01T00:33:21.686+0000] {processor.py:183} INFO - Processing /opt/airflow/dags/supply_chain_dag.py took 0.151 seconds
[2024-10-01T00:33:52.574+0000] {processor.py:161} INFO - Started process (PID=4961) to work on /opt/airflow/dags/supply_chain_dag.py
[2024-10-01T00:33:52.581+0000] {processor.py:830} INFO - Processing file /opt/airflow/dags/supply_chain_dag.py for tasks to queue
[2024-10-01T00:33:52.598+0000] {logging_mixin.py:188} INFO - [2024-10-01T00:33:52.595+0000] {dagbag.py:538} INFO - Filling up the DagBag from /opt/airflow/dags/supply_chain_dag.py
[2024-10-01T00:33:52.668+0000] {processor.py:840} INFO - DAG(s) 'supply_app_dag' retrieved from /opt/airflow/dags/supply_chain_dag.py
[2024-10-01T00:33:52.818+0000] {logging_mixin.py:188} INFO - [2024-10-01T00:33:52.816+0000] {dag.py:3036} INFO - Sync 1 DAGs
[2024-10-01T00:33:53.057+0000] {logging_mixin.py:188} INFO - [2024-10-01T00:33:53.055+0000] {dag.py:3823} INFO - Setting next_dagrun for supply_app_dag to 2024-10-01 00:00:00+00:00, run_after=2024-10-02 00:00:00+00:00
[2024-10-01T00:33:53.220+0000] {processor.py:183} INFO - Processing /opt/airflow/dags/supply_chain_dag.py took 0.679 seconds
[2024-10-01T00:34:23.546+0000] {processor.py:161} INFO - Started process (PID=5026) to work on /opt/airflow/dags/supply_chain_dag.py
[2024-10-01T00:34:23.549+0000] {processor.py:830} INFO - Processing file /opt/airflow/dags/supply_chain_dag.py for tasks to queue
[2024-10-01T00:34:23.553+0000] {logging_mixin.py:188} INFO - [2024-10-01T00:34:23.552+0000] {dagbag.py:538} INFO - Filling up the DagBag from /opt/airflow/dags/supply_chain_dag.py
[2024-10-01T00:34:23.573+0000] {processor.py:840} INFO - DAG(s) 'supply_app_dag' retrieved from /opt/airflow/dags/supply_chain_dag.py
[2024-10-01T00:34:23.621+0000] {logging_mixin.py:188} INFO - [2024-10-01T00:34:23.620+0000] {dag.py:3036} INFO - Sync 1 DAGs
[2024-10-01T00:34:23.689+0000] {logging_mixin.py:188} INFO - [2024-10-01T00:34:23.689+0000] {dag.py:3823} INFO - Setting next_dagrun for supply_app_dag to 2024-10-01 00:00:00+00:00, run_after=2024-10-02 00:00:00+00:00
[2024-10-01T00:34:23.743+0000] {processor.py:183} INFO - Processing /opt/airflow/dags/supply_chain_dag.py took 0.205 seconds
